Info Session started: Fri Sep 20 16:32:26 2019

Info ------------- ENVIRONMENT -------------
Info LM_LICENSE_FILE                          = 2727@lnx254.impinternal.com:2727@lnx30.impinternal.com
Info --------------------------------------
Info -------- FLAGS (from /home/moore/Imperas/fixedPlatform/riscvOVPsim/bin/Linux64/riscvOVPsim.exe)
Info --customcontrol
Info --override  riscvOVPsim/cpu/simulateexceptions=T
Info --override  riscvOVPsim/cpu/defaultsemihost=F
Info --override  riscvOVPsim/cpu/user_version=2.3
Info --override  riscvOVPsim/cpu/priv_version=1.11
Info --override  riscvOVPsim/cpu/add_Extensions=B
Info --variant  RV32GC
Info --program  extB/object/autoasm/test.32.elf
Info --logfile  extB/object/autoasm/test.32.log.trc
Info --trace
Info --tracechange
Info --finishafter  10000
Info -o  logfile.txt
Info --------------------------------------
Imperas riscvOVPsim

CpuManagerFixedPlatform (64-Bit) v99999999 Open Virtual Platform simulator from www.IMPERAS.com.
Copyright (c) 2005-2019 Imperas Software Ltd.  Contains Imperas Proprietary Information.
Licensed Software, All Rights Reserved.
Visit www.IMPERAS.com for multicore debug, verification and analysis solutions.

CpuManagerFixedPlatform started: Fri Sep 20 16:32:26 2019


Info (OR_OF) Target 'riscvOVPsim/cpu' has object file read from 'extB/object/autoasm/test.32.elf'
Info (OR_PH) Program Headers:
Info (OR_PH) Type           Offset     VirtAddr   PhysAddr   FileSiz    MemSiz     Flags Align
Info (OR_PD) LOAD           0x00001000 0x80000000 0x80000000 0x002511c9 0x002511c9 R-E   1000
Info (Bit Manipulation) extB Version(0.91) August 29 2019
Info (Bit Manipulation) These RISC-V Bitmanip instructions are a work in progress
Info (Bit Manipulation) These instructions and their specification may change before being accepted as
Info (Bit Manipulation) a standard by the RISC-V Foundation and so it is highly likely that implementations
Info (Bit Manipulation) made using this draft specification will not conform to the future standard.
Info 'riscvOVPsim/cpu', 0x0000000080000000(_start): 0780106f j       80001078
Info 'riscvOVPsim/cpu', 0x0000000080001078(START_TEST): 00250117 auipc   sp,0x250
Info   sp 00000000 -> 80251078
Info 'riscvOVPsim/cpu', 0x000000008000107c(START_TEST+4): b8810113 addi    sp,sp,-1144
Info   sp 80251078 -> 80250c00
Info 'riscvOVPsim/cpu', 0x0000000080001080(START_TEST+8): 00000093 mv      ra,zero
Info 'riscvOVPsim/cpu', 0x0000000080001084(START_TEST+c): 00112023 sw      ra,0(sp)
Info 'riscvOVPsim/cpu', 0x0000000080001088(.l_andn_1_Start): 74b0e337 lui     t1,0x74b0e
Info   t1 00000000 -> 74b0e000
Info 'riscvOVPsim/cpu', 0x000000008000108c(.l_andn_1_Start+4): c5130313 addi    t1,t1,-943
Info   t1 74b0e000 -> 74b0dc51
Info 'riscvOVPsim/cpu', 0x0000000080001090(.l_andn_1_Start+8): 194964b7 lui     s1,0x19496
Info   s1 00000000 -> 19496000
Info 'riscvOVPsim/cpu', 0x0000000080001094(.l_andn_1_Start+c): cff48493 addi    s1,s1,-769
Info   s1 19496000 -> 19495cff
Info 'riscvOVPsim/cpu', 0x0000000080001098(.l_andn_1_Start+10): 409373b3 andn    t2,t1,s1
Info   t2 00000000 -> 64b08000
Info 'riscvOVPsim/cpu', 0x000000008000109c(.l_andn_1_Start+14): 64b08437 lui     s0,0x64b08
Info   s0 00000000 -> 64b08000
Info 'riscvOVPsim/cpu', 0x00000000800010a0(.l_andn_1_Start+18): 00838a63 beq     t2,s0,800010b4
Info 'riscvOVPsim/cpu', 0x00000000800010b4(.l_orn_2_Start): 3d1b6637 lui     a2,0x3d1b6
Info   a2 00000000 -> 3d1b6000
Info 'riscvOVPsim/cpu', 0x00000000800010b8(.l_orn_2_Start+4): 8ba60613 addi    a2,a2,-1862
Info   a2 3d1b6000 -> 3d1b58ba
Info 'riscvOVPsim/cpu', 0x00000000800010bc(.l_orn_2_Start+8): 507ed4b7 lui     s1,0x507ed
Info   s1 19495cff -> 507ed000
Info 'riscvOVPsim/cpu', 0x00000000800010c0(.l_orn_2_Start+c): 7ab48493 addi    s1,s1,1963
Info   s1 507ed000 -> 507ed7ab
Info 'riscvOVPsim/cpu', 0x00000000800010c4(.l_orn_2_Start+10): 40966533 orn     a0,a2,s1
Info   a0 00000000 -> bf9b78fe
Info 'riscvOVPsim/cpu', 0x00000000800010c8(.l_orn_2_Start+14): bf9b8bb7 lui     s7,0xbf9b8
Info   s7 00000000 -> bf9b8000
Info 'riscvOVPsim/cpu', 0x00000000800010cc(.l_orn_2_Start+18): 8feb8b93 addi    s7,s7,-1794
Info   s7 bf9b8000 -> bf9b78fe
Info 'riscvOVPsim/cpu', 0x00000000800010d0(.l_orn_2_Start+1c): 01750a63 beq     a0,s7,800010e4
Info 'riscvOVPsim/cpu', 0x00000000800010e4(.l_xnor_3_Start): 515f0db7 lui     s11,0x515f0
Info   s11 00000000 -> 515f0000
Info 'riscvOVPsim/cpu', 0x00000000800010e8(.l_xnor_3_Start+4): 07cd8d93 addi    s11,s11,124
Info   s11 515f0000 -> 515f007c
Info 'riscvOVPsim/cpu', 0x00000000800010ec(.l_xnor_3_Start+8): 5bd061b7 lui     gp,0x5bd06
Info   gp 00000000 -> 5bd06000
Info 'riscvOVPsim/cpu', 0x00000000800010f0(.l_xnor_3_Start+c): 2c218193 addi    gp,gp,706
Info   gp 5bd06000 -> 5bd062c2
Info 'riscvOVPsim/cpu', 0x00000000800010f4(.l_xnor_3_Start+10): 403dc933 xnor    s2,s11,gp
Info   s2 00000000 -> f5709d41
Info 'riscvOVPsim/cpu', 0x00000000800010f8(.l_xnor_3_Start+14): f570a337 lui     t1,0xf570a
Info   t1 74b0dc51 -> f570a000
Info 'riscvOVPsim/cpu', 0x00000000800010fc(.l_xnor_3_Start+18): d4130313 addi    t1,t1,-703
Info   t1 f570a000 -> f5709d41
Info 'riscvOVPsim/cpu', 0x0000000080001100(.l_xnor_3_Start+1c): 00690a63 beq     s2,t1,80001114
Info 'riscvOVPsim/cpu', 0x0000000080001114(.l_slo_4_Start): 1190dc37 lui     s8,0x1190d
Info   s8 00000000 -> 1190d000
Info 'riscvOVPsim/cpu', 0x0000000080001118(.l_slo_4_Start+4): de7c0c13 addi    s8,s8,-537
Info   s8 1190d000 -> 1190cde7
Info 'riscvOVPsim/cpu', 0x000000008000111c(.l_slo_4_Start+8): 66ef4db7 lui     s11,0x66ef4
Info   s11 515f007c -> 66ef4000
Info 'riscvOVPsim/cpu', 0x0000000080001120(.l_slo_4_Start+c): 38dd8d93 addi    s11,s11,909
Info   s11 66ef4000 -> 66ef438d
Info 'riscvOVPsim/cpu', 0x0000000080001124(.l_slo_4_Start+10): 21bc1a33 slo     s4,s8,s11
Info   s4 00000000 -> 19bcffff
Info 'riscvOVPsim/cpu', 0x0000000080001128(.l_slo_4_Start+14): 19bd0137 lui     sp,0x19bd0
Info   sp 80250c00 -> 19bd0000
Info 'riscvOVPsim/cpu', 0x000000008000112c(.l_slo_4_Start+18): fff10113 addi    sp,sp,-1
Info   sp 19bd0000 -> 19bcffff
Info 'riscvOVPsim/cpu', 0x0000000080001130(.l_slo_4_Start+1c): 002a0a63 beq     s4,sp,80001144
Info 'riscvOVPsim/cpu', 0x0000000080001144(.l_sro_5_Start): 7fdccd37 lui     s10,0x7fdcc
Info   s10 00000000 -> 7fdcc000
Info 'riscvOVPsim/cpu', 0x0000000080001148(.l_sro_5_Start+4): 233d0d13 addi    s10,s10,563
Info   s10 7fdcc000 -> 7fdcc233
Info 'riscvOVPsim/cpu', 0x000000008000114c(.l_sro_5_Start+8): 1befd737 lui     a4,0x1befd
Info   a4 00000000 -> 1befd000
Info 'riscvOVPsim/cpu', 0x0000000080001150(.l_sro_5_Start+c): 79f70713 addi    a4,a4,1951
Info   a4 1befd000 -> 1befd79f
Info 'riscvOVPsim/cpu', 0x0000000080001154(.l_sro_5_Start+10): 20ed5b33 sro     s6,s10,a4
Info   s6 00000000 -> fffffffe
Info 'riscvOVPsim/cpu', 0x0000000080001158(.l_sro_5_Start+14): ffe00a13 addi    s4,zero,-2
Info   s4 19bcffff -> fffffffe
Info 'riscvOVPsim/cpu', 0x000000008000115c(.l_sro_5_Start+18): 014b0a63 beq     s6,s4,80001170
Info 'riscvOVPsim/cpu', 0x0000000080001170(.l_rol_6_Start): 519b5d37 lui     s10,0x519b5
Info   s10 7fdcc233 -> 519b5000
Info 'riscvOVPsim/cpu', 0x0000000080001174(.l_rol_6_Start+4): 00dd0d13 addi    s10,s10,13
Info   s10 519b5000 -> 519b500d
Info 'riscvOVPsim/cpu', 0x0000000080001178(.l_rol_6_Start+8): 431bd337 lui     t1,0x431bd
Info   t1 f5709d41 -> 431bd000
Info 'riscvOVPsim/cpu', 0x000000008000117c(.l_rol_6_Start+c): 7b730313 addi    t1,t1,1975
Info   t1 431bd000 -> 431bd7b7
Info 'riscvOVPsim/cpu', 0x0000000080001180(.l_rol_6_Start+10): 606d14b3 rol     s1,s10,t1
Info   s1 507ed7ab -> 06a8cda8
Info 'riscvOVPsim/cpu', 0x0000000080001184(.l_rol_6_Start+14): 06a8d737 lui     a4,0x6a8d
Info   a4 1befd79f -> 06a8d000
Info 'riscvOVPsim/cpu', 0x0000000080001188(.l_rol_6_Start+18): da870713 addi    a4,a4,-600
Info   a4 06a8d000 -> 06a8cda8
Info 'riscvOVPsim/cpu', 0x000000008000118c(.l_rol_6_Start+1c): 00e48a63 beq     s1,a4,800011a0
Info 'riscvOVPsim/cpu', 0x00000000800011a0(.l_ror_7_Start): 436c6c37 lui     s8,0x436c6
Info   s8 1190cde7 -> 436c6000
Info 'riscvOVPsim/cpu', 0x00000000800011a4(.l_ror_7_Start+4): 125c0c13 addi    s8,s8,293
Info   s8 436c6000 -> 436c6125
Info 'riscvOVPsim/cpu', 0x00000000800011a8(.l_ror_7_Start+8): 628c91b7 lui     gp,0x628c9
Info   gp 5bd062c2 -> 628c9000
Info 'riscvOVPsim/cpu', 0x00000000800011ac(.l_ror_7_Start+c): 95d18193 addi    gp,gp,-1699
Info   gp 628c9000 -> 628c895d
Info 'riscvOVPsim/cpu', 0x00000000800011b0(.l_ror_7_Start+10): 603c58b3 ror     a7,s8,gp
Info   a7 00000000 -> 1b63092a
Info 'riscvOVPsim/cpu', 0x00000000800011b4(.l_ror_7_Start+14): 1b631937 lui     s2,0x1b631
Info   s2 f5709d41 -> 1b631000
Info 'riscvOVPsim/cpu', 0x00000000800011b8(.l_ror_7_Start+18): 92a90913 addi    s2,s2,-1750
Info   s2 1b631000 -> 1b63092a
Info 'riscvOVPsim/cpu', 0x00000000800011bc(.l_ror_7_Start+1c): 01288a63 beq     a7,s2,800011d0
Info 'riscvOVPsim/cpu', 0x00000000800011d0(.l_sbclr_8_Start): 67638bb7 lui     s7,0x67638
Info   s7 bf9b78fe -> 67638000
Info 'riscvOVPsim/cpu', 0x00000000800011d4(.l_sbclr_8_Start+4): 45eb8b93 addi    s7,s7,1118
Info   s7 67638000 -> 6763845e
Info 'riscvOVPsim/cpu', 0x00000000800011d8(.l_sbclr_8_Start+8): 75a2bc37 lui     s8,0x75a2b
Info   s8 436c6125 -> 75a2b000
Info 'riscvOVPsim/cpu', 0x00000000800011dc(.l_sbclr_8_Start+c): 8d4c0c13 addi    s8,s8,-1836
Info   s8 75a2b000 -> 75a2a8d4
Info 'riscvOVPsim/cpu', 0x00000000800011e0(.l_sbclr_8_Start+10): 498b92b3 sbclr   t0,s7,s8
Info   t0 00000000 -> 6763845e
Info 'riscvOVPsim/cpu', 0x00000000800011e4(.l_sbclr_8_Start+14): 67638db7 lui     s11,0x67638
Info   s11 66ef438d -> 67638000
Info 'riscvOVPsim/cpu', 0x00000000800011e8(.l_sbclr_8_Start+18): 45ed8d93 addi    s11,s11,1118
Info   s11 67638000 -> 6763845e
Info 'riscvOVPsim/cpu', 0x00000000800011ec(.l_sbclr_8_Start+1c): 01b28a63 beq     t0,s11,80001200
Info 'riscvOVPsim/cpu', 0x0000000080001200(.l_sbset_9_Start): 189a7937 lui     s2,0x189a7
Info   s2 1b63092a -> 189a7000
Info 'riscvOVPsim/cpu', 0x0000000080001204(.l_sbset_9_Start+4): 69b90913 addi    s2,s2,1691
Info   s2 189a7000 -> 189a769b
Info 'riscvOVPsim/cpu', 0x0000000080001208(.l_sbset_9_Start+8): 54e4a6b7 lui     a3,0x54e4a
Info   a3 00000000 -> 54e4a000
Info 'riscvOVPsim/cpu', 0x000000008000120c(.l_sbset_9_Start+c): eb468693 addi    a3,a3,-332
Info   a3 54e4a000 -> 54e49eb4
Info 'riscvOVPsim/cpu', 0x0000000080001210(.l_sbset_9_Start+10): 28d915b3 sbset   a1,s2,a3
Info   a1 00000000 -> 189a769b
Info 'riscvOVPsim/cpu', 0x0000000080001214(.l_sbset_9_Start+14): 189a71b7 lui     gp,0x189a7
Info   gp 628c895d -> 189a7000
Info 'riscvOVPsim/cpu', 0x0000000080001218(.l_sbset_9_Start+18): 69b18193 addi    gp,gp,1691
Info   gp 189a7000 -> 189a769b
Info 'riscvOVPsim/cpu', 0x000000008000121c(.l_sbset_9_Start+1c): 00358a63 beq     a1,gp,80001230
Info 'riscvOVPsim/cpu', 0x0000000080001230(.l_sbinv_10_Start): 3a9608b7 lui     a7,0x3a960
Info   a7 1b63092a -> 3a960000
Info 'riscvOVPsim/cpu', 0x0000000080001234(.l_sbinv_10_Start+4): 87488893 addi    a7,a7,-1932
Info   a7 3a960000 -> 3a95f874
Info 'riscvOVPsim/cpu', 0x0000000080001238(.l_sbinv_10_Start+8): 08138737 lui     a4,0x8138
Info   a4 06a8cda8 -> 08138000
Info 'riscvOVPsim/cpu', 0x000000008000123c(.l_sbinv_10_Start+c): 64170713 addi    a4,a4,1601
Info   a4 08138000 -> 08138641
Info 'riscvOVPsim/cpu', 0x0000000080001240(.l_sbinv_10_Start+10): 68e89a33 sbinv   s4,a7,a4
Info   s4 fffffffe -> 3a95f876
Info 'riscvOVPsim/cpu', 0x0000000080001244(.l_sbinv_10_Start+14): 3a9600b7 lui     ra,0x3a960
Info   ra 00000000 -> 3a960000
Info 'riscvOVPsim/cpu', 0x0000000080001248(.l_sbinv_10_Start+18): 87608093 addi    ra,ra,-1930
Info   ra 3a960000 -> 3a95f876
Info 'riscvOVPsim/cpu', 0x000000008000124c(.l_sbinv_10_Start+1c): 001a0a63 beq     s4,ra,80001260
Info 'riscvOVPsim/cpu', 0x0000000080001260(.l_sbext_11_Start): 22222eb7 lui     t4,0x22222
Info   t4 00000000 -> 22222000
Info 'riscvOVPsim/cpu', 0x0000000080001264(.l_sbext_11_Start+4): a70e8e93 addi    t4,t4,-1424
Info   t4 22222000 -> 22221a70
Info 'riscvOVPsim/cpu', 0x0000000080001268(.l_sbext_11_Start+8): 4516ee37 lui     t3,0x4516e
Info   t3 00000000 -> 4516e000
Info 'riscvOVPsim/cpu', 0x000000008000126c(.l_sbext_11_Start+c): de9e0e13 addi    t3,t3,-535
Info   t3 4516e000 -> 4516dde9
Info 'riscvOVPsim/cpu', 0x0000000080001270(.l_sbext_11_Start+10): 49ced0b3 sbext   ra,t4,t3
Info   ra 3a95f876 -> 00000001
Info 'riscvOVPsim/cpu', 0x0000000080001274(.l_sbext_11_Start+14): 00100293 addi    t0,zero,1
Info   t0 6763845e -> 00000001
Info 'riscvOVPsim/cpu', 0x0000000080001278(.l_sbext_11_Start+18): 00508a63 beq     ra,t0,8000128c
Info 'riscvOVPsim/cpu', 0x000000008000128c(.l_grev_12_Start): 440bb0b7 lui     ra,0x440bb
Info   ra 00000001 -> 440bb000
Info 'riscvOVPsim/cpu', 0x0000000080001290(.l_grev_12_Start+4): dfc08093 addi    ra,ra,-516
Info   ra 440bb000 -> 440badfc
Info 'riscvOVPsim/cpu', 0x0000000080001294(.l_grev_12_Start+8): 440bb0b7 lui     ra,0x440bb
Info   ra 440badfc -> 440bb000
Info 'riscvOVPsim/cpu', 0x0000000080001298(.l_grev_12_Start+c): dfc08093 addi    ra,ra,-516
Info   ra 440bb000 -> 440badfc
Info 'riscvOVPsim/cpu', 0x000000008000129c(.l_grev_12_Start+10): 6810df33 grev    t5,ra,ra
Info   t5 00000000 -> cfdab044
Info 'riscvOVPsim/cpu', 0x00000000800012a0(.l_grev_12_Start+14): cfdabd37 lui     s10,0xcfdab
Info   s10 519b500d -> cfdab000
Info 'riscvOVPsim/cpu', 0x00000000800012a4(.l_grev_12_Start+18): 044d0d13 addi    s10,s10,68
Info   s10 cfdab000 -> cfdab044
Info 'riscvOVPsim/cpu', 0x00000000800012a8(.l_grev_12_Start+1c): 01af0a63 beq     t5,s10,800012bc
Info 'riscvOVPsim/cpu', 0x00000000800012bc(.l_sloi_13_Start): 2463c0b7 lui     ra,0x2463c
Info   ra 440badfc -> 2463c000
Info 'riscvOVPsim/cpu', 0x00000000800012c0(.l_sloi_13_Start+4): 9ea08093 addi    ra,ra,-1558
Info   ra 2463c000 -> 2463b9ea
Info 'riscvOVPsim/cpu', 0x00000000800012c4(.l_sloi_13_Start+8): 23e09f13 sloi    t5,ra,62
Info   t5 cfdab044 -> bfffffff
Info 'riscvOVPsim/cpu', 0x00000000800012c8(.l_sloi_13_Start+c): c0000db7 lui     s11,0xc0000
Info   s11 6763845e -> c0000000
Info 'riscvOVPsim/cpu', 0x00000000800012cc(.l_sloi_13_Start+10): fffd8d93 addi    s11,s11,-1
Info   s11 c0000000 -> bfffffff
Info 'riscvOVPsim/cpu', 0x00000000800012d0(.l_sloi_13_Start+14): 01bf0a63 beq     t5,s11,800012e4
Info 'riscvOVPsim/cpu', 0x00000000800012e4(.l_sroi_14_Start): 153ea5b7 lui     a1,0x153ea
Info   a1 189a769b -> 153ea000
Info 'riscvOVPsim/cpu', 0x00000000800012e8(.l_sroi_14_Start+4): 43858593 addi    a1,a1,1080
Info   a1 153ea000 -> 153ea438
Info 'riscvOVPsim/cpu', 0x00000000800012ec(.l_sroi_14_Start+8): 2165de13 sroi    t3,a1,22
Info   t3 4516dde9 -> fffffc54
Info 'riscvOVPsim/cpu', 0x00000000800012f0(.l_sroi_14_Start+c): c5400413 addi    s0,zero,-940
Info   s0 64b08000 -> fffffc54
Info 'riscvOVPsim/cpu', 0x00000000800012f4(.l_sroi_14_Start+10): 008e0a63 beq     t3,s0,80001308
Info 'riscvOVPsim/cpu', 0x0000000080001308(.l_rori_15_Start): 1d4ed537 lui     a0,0x1d4ed
Info   a0 bf9b78fe -> 1d4ed000
Info 'riscvOVPsim/cpu', 0x000000008000130c(.l_rori_15_Start+4): 43b50513 addi    a0,a0,1083
Info   a0 1d4ed000 -> 1d4ed43b
Info 'riscvOVPsim/cpu', 0x0000000080001310(.l_rori_15_Start+8): 62c55e13 rori    t3,a0,44
Info   t3 fffffc54 -> 43b1d4ed
Info 'riscvOVPsim/cpu', 0x0000000080001314(.l_rori_15_Start+c): 43b1d0b7 lui     ra,0x43b1d
Info   ra 2463b9ea -> 43b1d000
Info 'riscvOVPsim/cpu', 0x0000000080001318(.l_rori_15_Start+10): 4ed08093 addi    ra,ra,1261
Info   ra 43b1d000 -> 43b1d4ed
Info 'riscvOVPsim/cpu', 0x000000008000131c(.l_rori_15_Start+14): 001e0a63 beq     t3,ra,80001330
Info 'riscvOVPsim/cpu', 0x0000000080001330(.l_sbclri_16_Start): 4b589937 lui     s2,0x4b589
Info   s2 189a769b -> 4b589000
Info 'riscvOVPsim/cpu', 0x0000000080001334(.l_sbclri_16_Start+4): f5490913 addi    s2,s2,-172
Info   s2 4b589000 -> 4b588f54
Info 'riscvOVPsim/cpu', 0x0000000080001338(.l_sbclri_16_Start+8): 4af91d93 sbclri  s11,s2,47
Info   s11 bfffffff -> 4b580f54
Info 'riscvOVPsim/cpu', 0x000000008000133c(.l_sbclri_16_Start+c): 4b5815b7 lui     a1,0x4b581
Info   a1 153ea438 -> 4b581000
Info 'riscvOVPsim/cpu', 0x0000000080001340(.l_sbclri_16_Start+10): f5458593 addi    a1,a1,-172
Info   a1 4b581000 -> 4b580f54
Info 'riscvOVPsim/cpu', 0x0000000080001344(.l_sbclri_16_Start+14): 00bd8a63 beq     s11,a1,80001358
Info 'riscvOVPsim/cpu', 0x0000000080001358(.l_sbseti_17_Start): 33000c37 lui     s8,0x33000
Info   s8 75a2a8d4 -> 33000000
Info 'riscvOVPsim/cpu', 0x000000008000135c(.l_sbseti_17_Start+4): 902c0c13 addi    s8,s8,-1790
Info   s8 33000000 -> 32fff902
Info 'riscvOVPsim/cpu', 0x0000000080001360(.l_sbseti_17_Start+8): 29bc1613 sbseti  a2,s8,27
Info   a2 3d1b58ba -> 3afff902
Info 'riscvOVPsim/cpu', 0x0000000080001364(.l_sbseti_17_Start+c): 3b0009b7 lui     s3,0x3b000
Info   s3 00000000 -> 3b000000
Info 'riscvOVPsim/cpu', 0x0000000080001368(.l_sbseti_17_Start+10): 90298993 addi    s3,s3,-1790
Info   s3 3b000000 -> 3afff902
Info 'riscvOVPsim/cpu', 0x000000008000136c(.l_sbseti_17_Start+14): 01360a63 beq     a2,s3,80001380
Info 'riscvOVPsim/cpu', 0x0000000080001380(.l_sbinvi_18_Start): 1ba02f37 lui     t5,0x1ba02
Info   t5 bfffffff -> 1ba02000
Info 'riscvOVPsim/cpu', 0x0000000080001384(.l_sbinvi_18_Start+4): 6faf0f13 addi    t5,t5,1786
Info   t5 1ba02000 -> 1ba026fa
Info 'riscvOVPsim/cpu', 0x0000000080001388(.l_sbinvi_18_Start+8): 683f1d13 sbinvi  s10,t5,3
Info   s10 cfdab044 -> 1ba026f2
Info 'riscvOVPsim/cpu', 0x000000008000138c(.l_sbinvi_18_Start+c): 1ba02a37 lui     s4,0x1ba02
Info   s4 3a95f876 -> 1ba02000
Info 'riscvOVPsim/cpu', 0x0000000080001390(.l_sbinvi_18_Start+10): 6f2a0a13 addi    s4,s4,1778
Info   s4 1ba02000 -> 1ba026f2
Info 'riscvOVPsim/cpu', 0x0000000080001394(.l_sbinvi_18_Start+14): 014d0a63 beq     s10,s4,800013a8
Info 'riscvOVPsim/cpu', 0x00000000800013a8(.l_sbexti_19_Start): 520efd37 lui     s10,0x520ef
Info   s10 1ba026f2 -> 520ef000
Info 'riscvOVPsim/cpu', 0x00000000800013ac(.l_sbexti_19_Start+4): dd1d0d13 addi    s10,s10,-559
Info   s10 520ef000 -> 520eedd1
Info 'riscvOVPsim/cpu', 0x00000000800013b0(.l_sbexti_19_Start+8): 4bbd5513 sbexti  a0,s10,59
Info   a0 1d4ed43b -> 00000000
Info 'riscvOVPsim/cpu', 0x00000000800013b4(.l_sbexti_19_Start+c): 00000813 mv      a6,zero
Info 'riscvOVPsim/cpu', 0x00000000800013b8(.l_sbexti_19_Start+10): 01050a63 beq     a0,a6,800013cc
Info 'riscvOVPsim/cpu', 0x00000000800013cc(.l_grevi_20_Start): 275ac2b7 lui     t0,0x275ac
Info   t0 00000001 -> 275ac000
Info 'riscvOVPsim/cpu', 0x00000000800013d0(.l_grevi_20_Start+4): 79428293 addi    t0,t0,1940
Info   t0 275ac000 -> 275ac794
Info 'riscvOVPsim/cpu', 0x00000000800013d4(.l_grevi_20_Start+8): 6bc2d313 grevi   t1,t0,60
Info   t1 431bd7b7 -> 497ca572
Info 'riscvOVPsim/cpu', 0x00000000800013d8(.l_grevi_20_Start+c): 497cadb7 lui     s11,0x497ca
Info   s11 4b580f54 -> 497ca000
Info 'riscvOVPsim/cpu', 0x00000000800013dc(.l_grevi_20_Start+10): 572d8d93 addi    s11,s11,1394
Info   s11 497ca000 -> 497ca572
Info 'riscvOVPsim/cpu', 0x00000000800013e0(.l_grevi_20_Start+14): 01b30a63 beq     t1,s11,800013f4
Info 'riscvOVPsim/cpu', 0x00000000800013f4(.l_cmix_21_Start): 354ffc37 lui     s8,0x354ff
Info   s8 32fff902 -> 354ff000
Info 'riscvOVPsim/cpu', 0x00000000800013f8(.l_cmix_21_Start+4): 9f9c0c13 addi    s8,s8,-1543
Info   s8 354ff000 -> 354fe9f9
Info 'riscvOVPsim/cpu', 0x00000000800013fc(.l_cmix_21_Start+8): 15b5bf37 lui     t5,0x15b5b
Info   t5 1ba026fa -> 15b5b000
Info 'riscvOVPsim/cpu', 0x0000000080001400(.l_cmix_21_Start+c): f5cf0f13 addi    t5,t5,-164
Info   t5 15b5b000 -> 15b5af5c
Info 'riscvOVPsim/cpu', 0x0000000080001404(.l_cmix_21_Start+10): 741220b7 lui     ra,0x74122
Info   ra 43b1d4ed -> 74122000
Info 'riscvOVPsim/cpu', 0x0000000080001408(.l_cmix_21_Start+14): 6bb08093 addi    ra,ra,1723
Info   ra 74122000 -> 741226bb
Info 'riscvOVPsim/cpu', 0x000000008000140c(.l_cmix_21_Start+18): fec1ab3 cmix    s5,s8,t5,ra
Info   s5 00000000 -> 7507a9fb
Info 'riscvOVPsim/cpu', 0x0000000080001410(.l_cmix_21_Start+1c): 7507be37 lui     t3,0x7507b
Info   t3 43b1d4ed -> 7507b000
Info 'riscvOVPsim/cpu', 0x0000000080001414(.l_cmix_21_Start+20): 9fbe0e13 addi    t3,t3,-1541
Info   t3 7507b000 -> 7507a9fb
Info 'riscvOVPsim/cpu', 0x0000000080001418(.l_cmix_21_Start+24): 01ca8a63 beq     s5,t3,8000142c
Info 'riscvOVPsim/cpu', 0x000000008000142c(.l_cmov_22_Start): 77ae3cb7 lui     s9,0x77ae3
Info   s9 00000000 -> 77ae3000
Info 'riscvOVPsim/cpu', 0x0000000080001430(.l_cmov_22_Start+4): 5ebc8c93 addi    s9,s9,1515
Info   s9 77ae3000 -> 77ae35eb
Info 'riscvOVPsim/cpu', 0x0000000080001434(.l_cmov_22_Start+8): 579be7b7 lui     a5,0x579be
Info   a5 00000000 -> 579be000
Info 'riscvOVPsim/cpu', 0x0000000080001438(.l_cmov_22_Start+c): 4f178793 addi    a5,a5,1265
Info   a5 579be000 -> 579be4f1
Info 'riscvOVPsim/cpu', 0x000000008000143c(.l_cmov_22_Start+10): 310c5ab7 lui     s5,0x310c5
Info   s5 7507a9fb -> 310c5000
Info 'riscvOVPsim/cpu', 0x0000000080001440(.l_cmov_22_Start+14): 0b3a8a93 addi    s5,s5,179
Info   s5 310c5000 -> 310c50b3
Info 'riscvOVPsim/cpu', 0x0000000080001444(.l_cmov_22_Start+18): aefcd433 cmov    s0,s9,a5,s5
Info   s0 fffffc54 -> 77ae35eb
Info 'riscvOVPsim/cpu', 0x0000000080001448(.l_cmov_22_Start+1c): 77ae3fb7 lui     t6,0x77ae3
Info   t6 00000000 -> 77ae3000
Info 'riscvOVPsim/cpu', 0x000000008000144c(.l_cmov_22_Start+20): 5ebf8f93 addi    t6,t6,1515
Info   t6 77ae3000 -> 77ae35eb
Info 'riscvOVPsim/cpu', 0x0000000080001450(.l_cmov_22_Start+24): 01f40a63 beq     s0,t6,80001464
Info 'riscvOVPsim/cpu', 0x0000000080001464(.l_fsl_23_Start): 1f48f7b7 lui     a5,0x1f48f
Info   a5 579be4f1 -> 1f48f000
Info 'riscvOVPsim/cpu', 0x0000000080001468(.l_fsl_23_Start+4): aa178793 addi    a5,a5,-1375
Info   a5 1f48f000 -> 1f48eaa1
Info 'riscvOVPsim/cpu', 0x000000008000146c(.l_fsl_23_Start+8): 13818bb7 lui     s7,0x13818
Info   s7 6763845e -> 13818000
Info 'riscvOVPsim/cpu', 0x0000000080001470(.l_fsl_23_Start+c): 23ab8b93 addi    s7,s7,570
Info   s7 13818000 -> 1381823a
Info 'riscvOVPsim/cpu', 0x0000000080001474(.l_fsl_23_Start+10): 00000013 nop
Info 'riscvOVPsim/cpu', 0x0000000080001478(.l_fsl_23_Start+14): 57792b3 fsl     t0,a5,s7,zero
Info   t0 275ac794 -> 007d23aa
Info 'riscvOVPsim/cpu', 0x000000008000147c(.l_fsl_23_Start+18): 007d23b7 lui     t2,0x7d2
Info   t2 64b08000 -> 007d2000
Info 'riscvOVPsim/cpu', 0x0000000080001480(.l_fsl_23_Start+1c): 3aa38393 addi    t2,t2,938
Info   t2 007d2000 -> 007d23aa
Info 'riscvOVPsim/cpu', 0x0000000080001484(.l_fsl_23_Start+20): 00728a63 beq     t0,t2,80001498
Info 'riscvOVPsim/cpu', 0x0000000080001498(.l_fsr_24_Start): 098a3537 lui     a0,0x98a3
Info   a0 00000000 -> 098a3000
Info 'riscvOVPsim/cpu', 0x000000008000149c(.l_fsr_24_Start+4): 14850513 addi    a0,a0,328
Info   a0 098a3000 -> 098a3148
Info 'riscvOVPsim/cpu', 0x00000000800014a0(.l_fsr_24_Start+8): 06b945b7 lui     a1,0x6b94
Info   a1 4b580f54 -> 06b94000
Info 'riscvOVPsim/cpu', 0x00000000800014a4(.l_fsr_24_Start+c): 76458593 addi    a1,a1,1892
Info   a1 06b94000 -> 06b94764
Info 'riscvOVPsim/cpu', 0x00000000800014a8(.l_fsr_24_Start+10): 06b945b7 lui     a1,0x6b94
Info   a1 06b94764 -> 06b94000
Info 'riscvOVPsim/cpu', 0x00000000800014ac(.l_fsr_24_Start+14): 76458593 addi    a1,a1,1892
Info   a1 06b94000 -> 06b94764
Info 'riscvOVPsim/cpu', 0x00000000800014b0(.l_fsr_24_Start+18): 5cb552b3 fsr     t0,a0,a1,a1
Info   t0 007d23aa -> 806b9476
Info 'riscvOVPsim/cpu', 0x00000000800014b4(.l_fsr_24_Start+1c): 806b99b7 lui     s3,0x806b9
Info   s3 3afff902 -> 806b9000
Info 'riscvOVPsim/cpu', 0x00000000800014b8(.l_fsr_24_Start+20): 47698993 addi    s3,s3,1142
Info   s3 806b9000 -> 806b9476
Info 'riscvOVPsim/cpu', 0x00000000800014bc(.l_fsr_24_Start+24): 01328a63 beq     t0,s3,800014d0
Info 'riscvOVPsim/cpu', 0x00000000800014d0(.l_fsri_25_Start): 540a4fb7 lui     t6,0x540a4
Info   t6 77ae35eb -> 540a4000
Info 'riscvOVPsim/cpu', 0x00000000800014d4(.l_fsri_25_Start+4): 71cf8f93 addi    t6,t6,1820
Info   t6 540a4000 -> 540a471c
Info 'riscvOVPsim/cpu', 0x00000000800014d8(.l_fsri_25_Start+8): 7bd3f1b7 lui     gp,0x7bd3f
Info   gp 189a769b -> 7bd3f000
Info 'riscvOVPsim/cpu', 0x00000000800014dc(.l_fsri_25_Start+c): e7b18193 addi    gp,gp,-389
Info   gp 7bd3f000 -> 7bd3ee7b
Info 'riscvOVPsim/cpu', 0x00000000800014e0(.l_fsri_25_Start+10): 1defde93 fsri    t4,t6,gp,30
Info   t4 22221a70 -> ef4fb9ed
Info 'riscvOVPsim/cpu', 0x00000000800014e4(.l_fsri_25_Start+14): ef4fc137 lui     sp,0xef4fc
Info   sp 19bcffff -> ef4fc000
Info 'riscvOVPsim/cpu', 0x00000000800014e8(.l_fsri_25_Start+18): 9ed10113 addi    sp,sp,-1555
Info   sp ef4fc000 -> ef4fb9ed
Info 'riscvOVPsim/cpu', 0x00000000800014ec(.l_fsri_25_Start+1c): 002e8a63 beq     t4,sp,80001500
Info 'riscvOVPsim/cpu', 0x0000000080001500(.l_clz_26_Start): 114482b7 lui     t0,0x11448
Info   t0 806b9476 -> 11448000
Info 'riscvOVPsim/cpu', 0x0000000080001504(.l_clz_26_Start+4): b7328293 addi    t0,t0,-1165
Info   t0 11448000 -> 11447b73
Info 'riscvOVPsim/cpu', 0x0000000080001508(.l_clz_26_Start+8): 60029213 clz     tp,t0
Info   tp 00000000 -> 00000003
Info 'riscvOVPsim/cpu', 0x000000008000150c(.l_clz_26_Start+c): 00300613 addi    a2,zero,3
Info   a2 3afff902 -> 00000003
Info 'riscvOVPsim/cpu', 0x0000000080001510(.l_clz_26_Start+10): 00c20a63 beq     tp,a2,80001524
Info 'riscvOVPsim/cpu', 0x0000000080001524(.l_ctz_27_Start): 1a3222b7 lui     t0,0x1a322
Info   t0 11447b73 -> 1a322000
Info 'riscvOVPsim/cpu', 0x0000000080001528(.l_ctz_27_Start+4): 34b28293 addi    t0,t0,843
Info   t0 1a322000 -> 1a32234b
Info 'riscvOVPsim/cpu', 0x000000008000152c(.l_ctz_27_Start+8): 60129d13 ctz     s10,t0
Info   s10 520eedd1 -> 00000000
Info 'riscvOVPsim/cpu', 0x0000000080001530(.l_ctz_27_Start+c): 00000793 mv      a5,zero
Info   a5 1f48eaa1 -> 00000000
Info 'riscvOVPsim/cpu', 0x0000000080001534(.l_ctz_27_Start+10): 00fd0a63 beq     s10,a5,80001548
Info 'riscvOVPsim/cpu', 0x0000000080001548(.l_pcnt_28_Start): 60b6e1b7 lui     gp,0x60b6e
Info   gp 7bd3ee7b -> 60b6e000
Info 'riscvOVPsim/cpu', 0x000000008000154c(.l_pcnt_28_Start+4): f7018193 addi    gp,gp,-144
Info   gp 60b6e000 -> 60b6df70
Info 'riscvOVPsim/cpu', 0x0000000080001550(.l_pcnt_28_Start+8): 60219c93 pcnt    s9,gp
Info   s9 77ae35eb -> 00000011
Info 'riscvOVPsim/cpu', 0x0000000080001554(.l_pcnt_28_Start+c): 01100393 addi    t2,zero,17
Info   t2 007d23aa -> 00000011
Info 'riscvOVPsim/cpu', 0x0000000080001558(.l_pcnt_28_Start+10): 007c8a63 beq     s9,t2,8000156c
Info 'riscvOVPsim/cpu', 0x000000008000156c(.l_crc32_b_29_Start): 1a277237 lui     tp,0x1a277
Info   tp 00000003 -> 1a277000
Info 'riscvOVPsim/cpu', 0x0000000080001570(.l_crc32_b_29_Start+4): 09e20213 addi    tp,tp,158
Info   tp 1a277000 -> 1a27709e
Info 'riscvOVPsim/cpu', 0x0000000080001574(.l_crc32_b_29_Start+8): 61021213 crc32.b tp,tp
Info   tp 1a27709e -> 17ad9933
Info 'riscvOVPsim/cpu', 0x0000000080001578(.l_crc32_b_29_Start+c): 17adab37 lui     s6,0x17ada
Info   s6 fffffffe -> 17ada000
Info 'riscvOVPsim/cpu', 0x000000008000157c(.l_crc32_b_29_Start+10): 933b0b13 addi    s6,s6,-1741
Info   s6 17ada000 -> 17ad9933
Info 'riscvOVPsim/cpu', 0x0000000080001580(.l_crc32_b_29_Start+14): 01620a63 beq     tp,s6,80001594
Info 'riscvOVPsim/cpu', 0x0000000080001594(.l_crc32_h_30_Start): 06eb6e37 lui     t3,0x6eb6
Info   t3 7507a9fb -> 06eb6000
Info 'riscvOVPsim/cpu', 0x0000000080001598(.l_crc32_h_30_Start+4): bd4e0e13 addi    t3,t3,-1068
Info   t3 06eb6000 -> 06eb5bd4
Info 'riscvOVPsim/cpu', 0x000000008000159c(.l_crc32_h_30_Start+8): 611e1493 crc32.h s1,t3
Info   s1 06a8cda8 -> 19ed8e8c
Info 'riscvOVPsim/cpu', 0x00000000800015a0(.l_crc32_h_30_Start+c): 19ed9ab7 lui     s5,0x19ed9
Info   s5 310c50b3 -> 19ed9000
Info 'riscvOVPsim/cpu', 0x00000000800015a4(.l_crc32_h_30_Start+10): e8ca8a93 addi    s5,s5,-372
Info   s5 19ed9000 -> 19ed8e8c
Info 'riscvOVPsim/cpu', 0x00000000800015a8(.l_crc32_h_30_Start+14): 01548a63 beq     s1,s5,800015bc
Info 'riscvOVPsim/cpu', 0x00000000800015bc(.l_crc32_w_31_Start): 76272937 lui     s2,0x76272
Info   s2 4b588f54 -> 76272000
Info 'riscvOVPsim/cpu', 0x00000000800015c0(.l_crc32_w_31_Start+4): 11090913 addi    s2,s2,272
Info   s2 76272000 -> 76272110
Info 'riscvOVPsim/cpu', 0x00000000800015c4(.l_crc32_w_31_Start+8): 61291613 crc32.w a2,s2
Info   a2 00000003 -> 0a351d24
Info 'riscvOVPsim/cpu', 0x00000000800015c8(.l_crc32_w_31_Start+c): 0a352eb7 lui     t4,0xa352
Info   t4 ef4fb9ed -> 0a352000
Info 'riscvOVPsim/cpu', 0x00000000800015cc(.l_crc32_w_31_Start+10): d24e8e93 addi    t4,t4,-732
Info   t4 0a352000 -> 0a351d24
Info 'riscvOVPsim/cpu', 0x00000000800015d0(.l_crc32_w_31_Start+14): 01d60a63 beq     a2,t4,800015e4
Info 'riscvOVPsim/cpu', 0x00000000800015e4(.l_crc32c_b_32_Start): 3222edb7 lui     s11,0x3222e
Info   s11 497ca572 -> 3222e000
Info 'riscvOVPsim/cpu', 0x00000000800015e8(.l_crc32c_b_32_Start+4): 7cdd8d93 addi    s11,s11,1997
Info   s11 3222e000 -> 3222e7cd
Info 'riscvOVPsim/cpu', 0x00000000800015ec(.l_crc32c_b_32_Start+8): 618d9793 crc32c.b a5,s11
Info   a5 00000000 -> 7c9748f0
Info 'riscvOVPsim/cpu', 0x00000000800015f0(.l_crc32c_b_32_Start+c): 7c9750b7 lui     ra,0x7c975
Info   ra 741226bb -> 7c975000
Info 'riscvOVPsim/cpu', 0x00000000800015f4(.l_crc32c_b_32_Start+10): 8f008093 addi    ra,ra,-1808
Info   ra 7c975000 -> 7c9748f0
Info 'riscvOVPsim/cpu', 0x00000000800015f8(.l_crc32c_b_32_Start+14): 00178a63 beq     a5,ra,8000160c
Info 'riscvOVPsim/cpu', 0x000000008000160c(.l_crc32c_h_33_Start): 46b7d837 lui     a6,0x46b7d
Info   a6 00000000 -> 46b7d000
Info 'riscvOVPsim/cpu', 0x0000000080001610(.l_crc32c_h_33_Start+4): 44780813 addi    a6,a6,1095
Info   a6 46b7d000 -> 46b7d447
Info 'riscvOVPsim/cpu', 0x0000000080001614(.l_crc32c_h_33_Start+8): 61981193 crc32c.h gp,a6
Info   gp 60b6df70 -> 91333f42
Info 'riscvOVPsim/cpu', 0x0000000080001618(.l_crc32c_h_33_Start+c): 91334ab7 lui     s5,0x91334
Info   s5 19ed8e8c -> 91334000
Info 'riscvOVPsim/cpu', 0x000000008000161c(.l_crc32c_h_33_Start+10): f42a8a93 addi    s5,s5,-190
Info   s5 91334000 -> 91333f42
Info 'riscvOVPsim/cpu', 0x0000000080001620(.l_crc32c_h_33_Start+14): 01518a63 beq     gp,s5,80001634
Info 'riscvOVPsim/cpu', 0x0000000080001634(.l_crc32c_w_34_Start): 0cc10e37 lui     t3,0xcc10
Info   t3 06eb5bd4 -> 0cc10000
Info 'riscvOVPsim/cpu', 0x0000000080001638(.l_crc32c_w_34_Start+4): 16fe0e13 addi    t3,t3,367
Info   t3 0cc10000 -> 0cc1016f
Info 'riscvOVPsim/cpu', 0x000000008000163c(.l_crc32c_w_34_Start+8): 61ae1a93 crc32c.w s5,t3
Info   s5 91333f42 -> 6cb36964
Info 'riscvOVPsim/cpu', 0x0000000080001640(.l_crc32c_w_34_Start+c): 6cb379b7 lui     s3,0x6cb37
Info   s3 806b9476 -> 6cb37000
Info 'riscvOVPsim/cpu', 0x0000000080001644(.l_crc32c_w_34_Start+10): 96498993 addi    s3,s3,-1692
Info   s3 6cb37000 -> 6cb36964
Info 'riscvOVPsim/cpu', 0x0000000080001648(.l_crc32c_w_34_Start+14): 013a8a63 beq     s5,s3,8000165c
Info 'riscvOVPsim/cpu', 0x000000008000165c(.l_clmul_35_Start): 49da3cb7 lui     s9,0x49da3
Info   s9 00000011 -> 49da3000
Info 'riscvOVPsim/cpu', 0x0000000080001660(.l_clmul_35_Start+4): 07dc8c93 addi    s9,s9,125
Info   s9 49da3000 -> 49da307d
Info 'riscvOVPsim/cpu', 0x0000000080001664(.l_clmul_35_Start+8): 7055ad37 lui     s10,0x7055a
Info   s10 00000000 -> 7055a000
Info 'riscvOVPsim/cpu', 0x0000000080001668(.l_clmul_35_Start+c): 5f5d0d13 addi    s10,s10,1525
Info   s10 7055a000 -> 7055a5f5
Info 'riscvOVPsim/cpu', 0x000000008000166c(.l_clmul_35_Start+10): bac9133 clmul   sp,s9,s10
Info   sp ef4fb9ed -> 661a7139
Info 'riscvOVPsim/cpu', 0x0000000080001670(.l_clmul_35_Start+14): 661a71b7 lui     gp,0x661a7
Info   gp 91333f42 -> 661a7000
Info 'riscvOVPsim/cpu', 0x0000000080001674(.l_clmul_35_Start+18): 13918193 addi    gp,gp,313
Info   gp 661a7000 -> 661a7139
Info 'riscvOVPsim/cpu', 0x0000000080001678(.l_clmul_35_Start+1c): 00310a63 beq     sp,gp,8000168c
Info 'riscvOVPsim/cpu', 0x000000008000168c(.l_clmulr_36_Start): 6aa790b7 lui     ra,0x6aa79
Info   ra 7c9748f0 -> 6aa79000
Info 'riscvOVPsim/cpu', 0x0000000080001690(.l_clmulr_36_Start+4): f7f08093 addi    ra,ra,-129
Info   ra 6aa79000 -> 6aa78f7f
Info 'riscvOVPsim/cpu', 0x0000000080001694(.l_clmulr_36_Start+8): 7672cd37 lui     s10,0x7672c
Info   s10 7055a5f5 -> 7672c000
Info 'riscvOVPsim/cpu', 0x0000000080001698(.l_clmulr_36_Start+c): d23d0d13 addi    s10,s10,-733
Info   s10 7672c000 -> 7672bd23
Info 'riscvOVPsim/cpu', 0x000000008000169c(.l_clmulr_36_Start+10): bac9133 clmul   sp,s9,s10
Info   a1 06b94764 -> 20720be9
Info 'riscvOVPsim/cpu', 0x00000000800016a0(.l_clmulr_36_Start+14): 207211b7 lui     gp,0x20721
Info   gp 661a7139 -> 20721000
Info 'riscvOVPsim/cpu', 0x00000000800016a4(.l_clmulr_36_Start+18): be918193 addi    gp,gp,-1047
Info   gp 20721000 -> 20720be9
Info 'riscvOVPsim/cpu', 0x00000000800016a8(.l_clmulr_36_Start+1c): 00358a63 beq     a1,gp,800016bc
Info 'riscvOVPsim/cpu', 0x00000000800016bc(.l_clmulh_37_Start): 73a184b7 lui     s1,0x73a18
Info   s1 19ed8e8c -> 73a18000
Info 'riscvOVPsim/cpu', 0x00000000800016c0(.l_clmulh_37_Start+4): 21b48493 addi    s1,s1,539
Info   s1 73a18000 -> 73a1821b
Info 'riscvOVPsim/cpu', 0x00000000800016c4(.l_clmulh_37_Start+8): 7de67c37 lui     s8,0x7de67
Info   s8 354fe9f9 -> 7de67000
Info 'riscvOVPsim/cpu', 0x00000000800016c8(.l_clmulh_37_Start+c): 713c0c13 addi    s8,s8,1811
Info   s8 7de67000 -> 7de67713
Info 'riscvOVPsim/cpu', 0x00000000800016cc(.l_clmulh_37_Start+10): b84bc33 clmulh  s8,s1,s8
Info   s8 7de67713 -> 17ac12d1
Info 'riscvOVPsim/cpu', 0x00000000800016d0(.l_clmulh_37_Start+14): 17ac1337 lui     t1,0x17ac1
Info   t1 497ca572 -> 17ac1000
Info 'riscvOVPsim/cpu', 0x00000000800016d4(.l_clmulh_37_Start+18): 2d130313 addi    t1,t1,721
Info   t1 17ac1000 -> 17ac12d1
Info 'riscvOVPsim/cpu', 0x00000000800016d8(.l_clmulh_37_Start+1c): 006c0a63 beq     s8,t1,800016ec
Info 'riscvOVPsim/cpu', 0x00000000800016ec(.l_min_38_Start): 71c91537 lui     a0,0x71c91
Info   a0 098a3148 -> 71c91000
Info 'riscvOVPsim/cpu', 0x00000000800016f0(.l_min_38_Start+4): 29850513 addi    a0,a0,664
Info   a0 71c91000 -> 71c91298
Info 'riscvOVPsim/cpu', 0x00000000800016f4(.l_min_38_Start+8): 09daf737 lui     a4,0x9daf
Info   a4 08138641 -> 09daf000
Info 'riscvOVPsim/cpu', 0x00000000800016f8(.l_min_38_Start+c): 63270713 addi    a4,a4,1586
Info   a4 09daf000 -> 09daf632
Info 'riscvOVPsim/cpu', 0x00000000800016fc(.l_min_38_Start+10): ae54ab3 min     s5,a0,a4
Info   s5 6cb36964 -> 09daf632
Info 'riscvOVPsim/cpu', 0x0000000080001700(.l_min_38_Start+14): 09daf9b7 lui     s3,0x9daf
Info   s3 6cb36964 -> 09daf000
Info 'riscvOVPsim/cpu', 0x0000000080001704(.l_min_38_Start+18): 63298993 addi    s3,s3,1586
Info   s3 09daf000 -> 09daf632
Info 'riscvOVPsim/cpu', 0x0000000080001708(.l_min_38_Start+1c): 013a8a63 beq     s5,s3,8000171c
Info 'riscvOVPsim/cpu', 0x000000008000171c(.l_max_39_Start): 00000013 nop
Info 'riscvOVPsim/cpu', 0x0000000080001720(.l_max_39_Start+4): 59adfcb7 lui     s9,0x59adf
Info   s9 49da307d -> 59adf000
Info 'riscvOVPsim/cpu', 0x0000000080001724(.l_max_39_Start+8): a3dc8c93 addi    s9,s9,-1475
Info   s9 59adf000 -> 59adea3d
Info 'riscvOVPsim/cpu', 0x0000000080001728(.l_max_39_Start+c): b905c33 max     s8,zero,s9
Info   s8 17ac12d1 -> 59adea3d
Info 'riscvOVPsim/cpu', 0x000000008000172c(.l_max_39_Start+10): 59adfa37 lui     s4,0x59adf
Info   s4 1ba026f2 -> 59adf000
Info 'riscvOVPsim/cpu', 0x0000000080001730(.l_max_39_Start+14): a3da0a13 addi    s4,s4,-1475
Info   s4 59adf000 -> 59adea3d
Info 'riscvOVPsim/cpu', 0x0000000080001734(.l_max_39_Start+18): 014c0a63 beq     s8,s4,80001748
Info 'riscvOVPsim/cpu', 0x0000000080001748(.l_minu_40_Start): 51088e37 lui     t3,0x51088
Info   t3 0cc1016f -> 51088000
Info 'riscvOVPsim/cpu', 0x000000008000174c(.l_minu_40_Start+4): 277e0e13 addi    t3,t3,631
Info   t3 51088000 -> 51088277
Info 'riscvOVPsim/cpu', 0x0000000080001750(.l_minu_40_Start+8): 1ca0cfb7 lui     t6,0x1ca0c
Info   t6 540a471c -> 1ca0c000
Info 'riscvOVPsim/cpu', 0x0000000080001754(.l_minu_40_Start+c): 5faf8f93 addi    t6,t6,1530
Info   t6 1ca0c000 -> 1ca0c5fa
Info 'riscvOVPsim/cpu', 0x0000000080001758(.l_minu_40_Start+10): bfe6a33 minu    s4,t3,t6
Info   s4 59adea3d -> 1ca0c5fa
Info 'riscvOVPsim/cpu', 0x000000008000175c(.l_minu_40_Start+14): 1ca0c4b7 lui     s1,0x1ca0c
Info   s1 73a1821b -> 1ca0c000
Info 'riscvOVPsim/cpu', 0x0000000080001760(.l_minu_40_Start+18): 5fa48493 addi    s1,s1,1530
Info   s1 1ca0c000 -> 1ca0c5fa
Info 'riscvOVPsim/cpu', 0x0000000080001764(.l_minu_40_Start+1c): 009a0a63 beq     s4,s1,80001778
Info 'riscvOVPsim/cpu', 0x0000000080001778(.l_maxu_41_Start): 45e6d637 lui     a2,0x45e6d
Info   a2 0a351d24 -> 45e6d000
Info 'riscvOVPsim/cpu', 0x000000008000177c(.l_maxu_41_Start+4): 48660613 addi    a2,a2,1158
Info   a2 45e6d000 -> 45e6d486
Info 'riscvOVPsim/cpu', 0x0000000080001780(.l_maxu_41_Start+8): 5c1102b7 lui     t0,0x5c110
Info   t0 1a32234b -> 5c110000
Info 'riscvOVPsim/cpu', 0x0000000080001784(.l_maxu_41_Start+c): e2128293 addi    t0,t0,-479
Info   t0 5c110000 -> 5c10fe21
Info 'riscvOVPsim/cpu', 0x0000000080001788(.l_maxu_41_Start+10): a5675b3 maxu    a1,a2,t0
Info   a1 20720be9 -> 5c10fe21
Info 'riscvOVPsim/cpu', 0x000000008000178c(.l_maxu_41_Start+14): 5c110eb7 lui     t4,0x5c110
Info   t4 0a351d24 -> 5c110000
Info 'riscvOVPsim/cpu', 0x0000000080001790(.l_maxu_41_Start+18): e21e8e93 addi    t4,t4,-479
Info   t4 5c110000 -> 5c10fe21
Info 'riscvOVPsim/cpu', 0x0000000080001794(.l_maxu_41_Start+1c): 01d58a63 beq     a1,t4,800017a8
Info 'riscvOVPsim/cpu', 0x00000000800017a8(.l_shfl_42_Start): 39b7b537 lui     a0,0x39b7b
Info   a0 71c91298 -> 39b7b000
Info 'riscvOVPsim/cpu', 0x00000000800017ac(.l_shfl_42_Start+4): aa250513 addi    a0,a0,-1374
Info   a0 39b7b000 -> 39b7aaa2
Info 'riscvOVPsim/cpu', 0x00000000800017b0(.l_shfl_42_Start+8): 2b0d9d37 lui     s10,0x2b0d9
Info   s10 7672bd23 -> 2b0d9000
Info 'riscvOVPsim/cpu', 0x00000000800017b4(.l_shfl_42_Start+c): dbed0d13 addi    s10,s10,-578
Info   s10 2b0d9000 -> 2b0d8dbe
Info 'riscvOVPsim/cpu', 0x00000000800017b8(.l_shfl_42_Start+10): 9a515b3 shfl    a1,a0,s10
Info   a1 5c10fe21 -> 2ea6ae4e
Info 'riscvOVPsim/cpu', 0x00000000800017bc(.l_shfl_42_Start+14): 2ea6b737 lui     a4,0x2ea6b
Info   a4 09daf632 -> 2ea6b000
Info 'riscvOVPsim/cpu', 0x00000000800017c0(.l_shfl_42_Start+18): e4e70713 addi    a4,a4,-434
Info   a4 2ea6b000 -> 2ea6ae4e
Info 'riscvOVPsim/cpu', 0x00000000800017c4(.l_shfl_42_Start+1c): 00e58a63 beq     a1,a4,800017d8
Info 'riscvOVPsim/cpu', 0x00000000800017d8(.l_unshfl_43_Start): 4c9b1ab7 lui     s5,0x4c9b1
Info   s5 09daf632 -> 4c9b1000
Info 'riscvOVPsim/cpu', 0x00000000800017dc(.l_unshfl_43_Start+4): 904a8a93 addi    s5,s5,-1788
Info   s5 4c9b1000 -> 4c9b0904
Info 'riscvOVPsim/cpu', 0x00000000800017e0(.l_unshfl_43_Start+8): 6aa7b9b7 lui     s3,0x6aa7b
Info   s3 09daf632 -> 6aa7b000
Info 'riscvOVPsim/cpu', 0x00000000800017e4(.l_unshfl_43_Start+c): 75c98993 addi    s3,s3,1884
Info   s3 6aa7b000 -> 6aa7b75c
Info 'riscvOVPsim/cpu', 0x00000000800017e8(.l_unshfl_43_Start+10): 93ad833 unshfl  a6,s5,s3
Info   a6 46b7d447 -> 4900cb94
Info 'riscvOVPsim/cpu', 0x00000000800017ec(.l_unshfl_43_Start+14): 4900d1b7 lui     gp,0x4900d
Info   gp 20720be9 -> 4900d000
Info 'riscvOVPsim/cpu', 0x00000000800017f0(.l_unshfl_43_Start+18): b9418193 addi    gp,gp,-1132
Info   gp 4900d000 -> 4900cb94
Info 'riscvOVPsim/cpu', 0x00000000800017f4(.l_unshfl_43_Start+1c): 00380a63 beq     a6,gp,80001808
Info 'riscvOVPsim/cpu', 0x0000000080001808(.l_bdep_44_Start): 2708db37 lui     s6,0x2708d
Info   s6 17ad9933 -> 2708d000
Info 'riscvOVPsim/cpu', 0x000000008000180c(.l_bdep_44_Start+4): 9afb0b13 addi    s6,s6,-1617
Info   s6 2708d000 -> 2708c9af
Info 'riscvOVPsim/cpu', 0x0000000080001810(.l_bdep_44_Start+8): 5b25ba37 lui     s4,0x5b25b
Info   s4 1ca0c5fa -> 5b25b000
Info 'riscvOVPsim/cpu', 0x0000000080001814(.l_bdep_44_Start+c): ce2a0a13 addi    s4,s4,-798
Info   s4 5b25b000 -> 5b25ace2
Info 'riscvOVPsim/cpu', 0x0000000080001818(.l_bdep_44_Start+10): 94b29b3 bdep    s3,s6,s4
Info   s3 6aa7b75c -> 510188e2
Info 'riscvOVPsim/cpu', 0x000000008000181c(.l_bdep_44_Start+14): 510194b7 lui     s1,0x51019
Info   s1 1ca0c5fa -> 51019000
Info 'riscvOVPsim/cpu', 0x0000000080001820(.l_bdep_44_Start+18): 8e248493 addi    s1,s1,-1822
Info   s1 51019000 -> 510188e2
Info 'riscvOVPsim/cpu', 0x0000000080001824(.l_bdep_44_Start+1c): 00998a63 beq     s3,s1,80001838
Info 'riscvOVPsim/cpu', 0x0000000080001838(.l_bext_45_Start): 59160237 lui     tp,0x59160
Info   tp 17ad9933 -> 59160000
Info 'riscvOVPsim/cpu', 0x000000008000183c(.l_bext_45_Start+4): f3220213 addi    tp,tp,-206
Info   tp 59160000 -> 5915ff32
Info 'riscvOVPsim/cpu', 0x0000000080001840(.l_bext_45_Start+8): 56439f37 lui     t5,0x56439
Info   t5 15b5af5c -> 56439000
Info 'riscvOVPsim/cpu', 0x0000000080001844(.l_bext_45_Start+c): d15f0f13 addi    t5,t5,-747
Info   t5 56439000 -> 56438d15
Info 'riscvOVPsim/cpu', 0x0000000080001848(.l_bext_45_Start+10): 9e26833 bext    a6,tp,t5
Info   a6 4900cb94 -> 000030fc
Info 'riscvOVPsim/cpu', 0x000000008000184c(.l_bext_45_Start+14): 000035b7 lui     a1,0x3
Info   a1 2ea6ae4e -> 00003000
Info 'riscvOVPsim/cpu', 0x0000000080001850(.l_bext_45_Start+18): 0fc58593 addi    a1,a1,252
Info   a1 00003000 -> 000030fc
Info 'riscvOVPsim/cpu', 0x0000000080001854(.l_bext_45_Start+1c): 00b80a63 beq     a6,a1,80001868
Info 'riscvOVPsim/cpu', 0x0000000080001868(.l_pack_46_Start): 5046beb7 lui     t4,0x5046b
Info   t4 5c10fe21 -> 5046b000
Info 'riscvOVPsim/cpu', 0x000000008000186c(.l_pack_46_Start+4): 5a9e8e93 addi    t4,t4,1449
Info   t4 5046b000 -> 5046b5a9
Info 'riscvOVPsim/cpu', 0x0000000080001870(.l_pack_46_Start+8): 5d889137 lui     sp,0x5d889
Info   sp 661a7139 -> 5d889000
Info 'riscvOVPsim/cpu', 0x0000000080001874(.l_pack_46_Start+c): a0810113 addi    sp,sp,-1528
Info   sp 5d889000 -> 5d888a08
Info 'riscvOVPsim/cpu', 0x0000000080001878(.l_pack_46_Start+10): 082ec4b3 undef
Info   s1 510188e2 -> 8a08b5a9
Info 'riscvOVPsim/cpu', 0x000000008000187c(.l_pack_46_Start+14): 8a08b1b7 lui     gp,0x8a08b
Info   gp 4900cb94 -> 8a08b000
Info 'riscvOVPsim/cpu', 0x0000000080001880(.l_pack_46_Start+18): 5a918193 addi    gp,gp,1449
Info   gp 8a08b000 -> 8a08b5a9
Info 'riscvOVPsim/cpu', 0x0000000080001884(.l_pack_46_Start+1c): 00348a63 beq     s1,gp,80001898
Info 'riscvOVPsim/cpu', 0x0000000080001898(.l_bfp_47_Start): 5399ca37 lui     s4,0x5399c
Info   s4 5b25ace2 -> 5399c000
Info 'riscvOVPsim/cpu', 0x000000008000189c(.l_bfp_47_Start+4): 654a0a13 addi    s4,s4,1620
Info   s4 5399c000 -> 5399c654
Info 'riscvOVPsim/cpu', 0x00000000800018a0(.l_bfp_47_Start+8): 20ee1937 lui     s2,0x20ee1
Info   s2 76272110 -> 20ee1000
Info 'riscvOVPsim/cpu', 0x00000000800018a4(.l_bfp_47_Start+c): 34890913 addi    s2,s2,840
Info   s2 20ee1000 -> 20ee1348
Info 'riscvOVPsim/cpu', 0x00000000800018a8(.l_bfp_47_Start+10): 92a7833 bfp     a6,s4,s2
Info   a6 000030fc -> 44d20654
Info 'riscvOVPsim/cpu', 0x00000000800018ac(.l_bfp_47_Start+14): 44d20ab7 lui     s5,0x44d20
Info   s5 4c9b0904 -> 44d20000
Info 'riscvOVPsim/cpu', 0x00000000800018b0(.l_bfp_47_Start+18): 654a8a93 addi    s5,s5,1620
Info   s5 44d20000 -> 44d20654
Info 'riscvOVPsim/cpu', 0x00000000800018b4(.l_bfp_47_Start+1c): 01580a63 beq     a6,s5,800018c8
Info 'riscvOVPsim/cpu', 0x00000000800018c8(.l_shfli_48_Start): 57d2f537 lui     a0,0x57d2f
Info   a0 39b7aaa2 -> 57d2f000
Info 'riscvOVPsim/cpu', 0x00000000800018cc(.l_shfli_48_Start+4): 10e50513 addi    a0,a0,270
Info   a0 57d2f000 -> 57d2f10e
Info 'riscvOVPsim/cpu', 0x00000000800018d0(.l_shfli_48_Start+8): bc51d13 shfli   s10,a0,60
Info   s10 2b0d8dbe -> 5f71d02e
Info 'riscvOVPsim/cpu', 0x00000000800018d4(.l_shfli_48_Start+c): 5f71d3b7 lui     t2,0x5f71d
Info   t2 00000011 -> 5f71d000
Info 'riscvOVPsim/cpu', 0x00000000800018d8(.l_shfli_48_Start+10): 02e38393 addi    t2,t2,46
Info   t2 5f71d000 -> 5f71d02e
Info 'riscvOVPsim/cpu', 0x00000000800018dc(.l_shfli_48_Start+14): 007d0a63 beq     s10,t2,800018f0
Info 'riscvOVPsim/cpu', 0x00000000800018f0(.l_unshfli_49_Start): 4bee6437 lui     s0,0x4bee6
Info   s0 77ae35eb -> 4bee6000
Info 'riscvOVPsim/cpu', 0x00000000800018f4(.l_unshfli_49_Start+4): a5b40413 addi    s0,s0,-1445
Info   s0 4bee6000 -> 4bee5a5b
Info 'riscvOVPsim/cpu', 0x00000000800018f8(.l_unshfli_49_Start+8): 8445c13 unshfli s8,s0,4
Info   s8 59adea3d -> 4ebe55ab
Info 'riscvOVPsim/cpu', 0x00000000800018fc(.l_unshfli_49_Start+c): 4ebe53b7 lui     t2,0x4ebe5
Info   t2 5f71d02e -> 4ebe5000
Info 'riscvOVPsim/cpu', 0x0000000080001900(.l_unshfli_49_Start+10): 5ab38393 addi    t2,t2,1451
Info   t2 4ebe5000 -> 4ebe55ab
Info 'riscvOVPsim/cpu', 0x0000000080001904(.l_unshfli_49_Start+14): 007c0a63 beq     s8,t2,80001918
Info 'riscvOVPsim/cpu', 0x0000000080001918(.l_andn_50_Start): 2a31b737 lui     a4,0x2a31b
Info   a4 2ea6ae4e -> 2a31b000
Info 'riscvOVPsim/cpu', 0x000000008000191c(.l_andn_50_Start+4): 62d70713 addi    a4,a4,1581
Info   a4 2a31b000 -> 2a31b62d
Info 'riscvOVPsim/cpu', 0x0000000080001920(.l_andn_50_Start+8): 1849c637 lui     a2,0x1849c
Info   a2 45e6d486 -> 1849c000
Info 'riscvOVPsim/cpu', 0x0000000080001924(.l_andn_50_Start+c): 29b60613 addi    a2,a2,667
Info   a2 1849c000 -> 1849c29b
Info 'riscvOVPsim/cpu', 0x0000000080001928(.l_andn_50_Start+10): 40c779b3 andn    s3,a4,a2
Info   s3 510188e2 -> 22303424
Info 'riscvOVPsim/cpu', 0x000000008000192c(.l_andn_50_Start+14): 223031b7 lui     gp,0x22303
Info   gp 8a08b5a9 -> 22303000
Info 'riscvOVPsim/cpu', 0x0000000080001930(.l_andn_50_Start+18): 42418193 addi    gp,gp,1060
Info   gp 22303000 -> 22303424
Info 'riscvOVPsim/cpu', 0x0000000080001934(.l_andn_50_Start+1c): 00398a63 beq     s3,gp,80001948
Info 'riscvOVPsim/cpu', 0x0000000080001948(.l_orn_51_Start): 18170137 lui     sp,0x18170
Info   sp 5d888a08 -> 18170000
Info 'riscvOVPsim/cpu', 0x000000008000194c(.l_orn_51_Start+4): 8c410113 addi    sp,sp,-1852
Info   sp 18170000 -> 1816f8c4
Info 'riscvOVPsim/cpu', 0x0000000080001950(.l_orn_51_Start+8): 37df22b7 lui     t0,0x37df2
Info   t0 5c10fe21 -> 37df2000
Info 'riscvOVPsim/cpu', 0x0000000080001954(.l_orn_51_Start+c): 23328293 addi    t0,t0,563
Info   t0 37df2000 -> 37df2233
Info 'riscvOVPsim/cpu', 0x0000000080001958(.l_orn_51_Start+10): 405164b3 orn     s1,sp,t0
Info   s1 8a08b5a9 -> d836fdcc
Info 'riscvOVPsim/cpu', 0x000000008000195c(.l_orn_51_Start+14): d8370cb7 lui     s9,0xd8370
Info   s9 59adea3d -> d8370000
Info 'riscvOVPsim/cpu', 0x0000000080001960(.l_orn_51_Start+18): dccc8c93 addi    s9,s9,-564
Info   s9 d8370000 -> d836fdcc
Info 'riscvOVPsim/cpu', 0x0000000080001964(.l_orn_51_Start+1c): 01948a63 beq     s1,s9,80001978
Info 'riscvOVPsim/cpu', 0x0000000080001978(.l_xnor_52_Start): 0f81a6b7 lui     a3,0xf81a
Info   a3 54e49eb4 -> 0f81a000
Info 'riscvOVPsim/cpu', 0x000000008000197c(.l_xnor_52_Start+4): e7f68693 addi    a3,a3,-385
Info   a3 0f81a000 -> 0f819e7f
Info 'riscvOVPsim/cpu', 0x0000000080001980(.l_xnor_52_Start+8): 57c7d1b7 lui     gp,0x57c7d
Info   gp 22303424 -> 57c7d000
Info 'riscvOVPsim/cpu', 0x0000000080001984(.l_xnor_52_Start+c): 42d18193 addi    gp,gp,1069
Info   gp 57c7d000 -> 57c7d42d
Info 'riscvOVPsim/cpu', 0x0000000080001988(.l_xnor_52_Start+10): 4036c7b3 xnor    a5,a3,gp
Info   a5 7c9748f0 -> a7b9b5ad
Info 'riscvOVPsim/cpu', 0x000000008000198c(.l_xnor_52_Start+14): a7b9b0b7 lui     ra,0xa7b9b
Info   ra 6aa78f7f -> a7b9b000
Info 'riscvOVPsim/cpu', 0x0000000080001990(.l_xnor_52_Start+18): 5ad08093 addi    ra,ra,1453
Info   ra a7b9b000 -> a7b9b5ad
Info 'riscvOVPsim/cpu', 0x0000000080001994(.l_xnor_52_Start+1c): 00178a63 beq     a5,ra,800019a8
Info 'riscvOVPsim/cpu', 0x00000000800019a8(.l_slo_53_Start): 6e535a37 lui     s4,0x6e535
Info   s4 5399c654 -> 6e535000
Info 'riscvOVPsim/cpu', 0x00000000800019ac(.l_slo_53_Start+4): cdea0a13 addi    s4,s4,-802
Info   s4 6e535000 -> 6e534cde
Info 'riscvOVPsim/cpu', 0x00000000800019b0(.l_slo_53_Start+8): 1a0deb37 lui     s6,0x1a0de
Info   s6 2708c9af -> 1a0de000
Info 'riscvOVPsim/cpu', 0x00000000800019b4(.l_slo_53_Start+c): e32b0b13 addi    s6,s6,-462
Info   s6 1a0de000 -> 1a0dde32
Info 'riscvOVPsim/cpu', 0x00000000800019b8(.l_slo_53_Start+10): 216a16b3 slo     a3,s4,s6
Info   a3 0f819e7f -> 337bffff
Info 'riscvOVPsim/cpu', 0x00000000800019bc(.l_slo_53_Start+14): 337c0bb7 lui     s7,0x337c0
Info   s7 1381823a -> 337c0000
Info 'riscvOVPsim/cpu', 0x00000000800019c0(.l_slo_53_Start+18): fffb8b93 addi    s7,s7,-1
Info   s7 337c0000 -> 337bffff
Info 'riscvOVPsim/cpu', 0x00000000800019c4(.l_slo_53_Start+1c): 01768a63 beq     a3,s7,800019d8
Info 'riscvOVPsim/cpu', 0x00000000800019d8(.l_sro_54_Start): 746f3637 lui     a2,0x746f3
Info   a2 1849c29b -> 746f3000
Info 'riscvOVPsim/cpu', 0x00000000800019dc(.l_sro_54_Start+4): e3060613 addi    a2,a2,-464
Info   a2 746f3000 -> 746f2e30
Info 'riscvOVPsim/cpu', 0x00000000800019e0(.l_sro_54_Start+8): 6fde9537 lui     a0,0x6fde9
Info   a0 57d2f10e -> 6fde9000
Info 'riscvOVPsim/cpu', 0x00000000800019e4(.l_sro_54_Start+c): af650513 addi    a0,a0,-1290
Info   a0 6fde9000 -> 6fde8af6
Info 'riscvOVPsim/cpu', 0x00000000800019e8(.l_sro_54_Start+10): 20a65e33 sro     t3,a2,a0
Info   t3 51088277 -> fffffdd1
Info 'riscvOVPsim/cpu', 0x00000000800019ec(.l_sro_54_Start+14): dd100d13 addi    s10,zero,-559
Info   s10 5f71d02e -> fffffdd1
Info 'riscvOVPsim/cpu', 0x00000000800019f0(.l_sro_54_Start+18): 01ae0a63 beq     t3,s10,80001a04
Info 'riscvOVPsim/cpu', 0x0000000080001a04(.l_rol_55_Start): 6eaa81b7 lui     gp,0x6eaa8
Info   gp 57c7d42d -> 6eaa8000
Info 'riscvOVPsim/cpu', 0x0000000080001a08(.l_rol_55_Start+4): 5fb18193 addi    gp,gp,1531
Info   gp 6eaa8000 -> 6eaa85fb
Info 'riscvOVPsim/cpu', 0x0000000080001a0c(.l_rol_55_Start+8): 3f06f2b7 lui     t0,0x3f06f
Info   t0 37df2233 -> 3f06f000
Info 'riscvOVPsim/cpu', 0x0000000080001a10(.l_rol_55_Start+c): cb228293 addi    t0,t0,-846
Info   t0 3f06f000 -> 3f06ecb2
Info 'riscvOVPsim/cpu', 0x0000000080001a14(.l_rol_55_Start+10): 60519033 rol     zero,gp,t0
Info 'riscvOVPsim/cpu', 0x0000000080001a18(.l_rol_55_Start+14): 00000d93 mv      s11,zero
Info   s11 3222e7cd -> 00000000
Info 'riscvOVPsim/cpu', 0x0000000080001a1c(.l_rol_55_Start+18): 01b00a63 beq     zero,s11,80001a30
Info 'riscvOVPsim/cpu', 0x0000000080001a30(.l_ror_56_Start): 17181237 lui     tp,0x17181
Info   tp 5915ff32 -> 17181000
Info 'riscvOVPsim/cpu', 0x0000000080001a34(.l_ror_56_Start+4): b0b20213 addi    tp,tp,-1269
Info   tp 17181000 -> 17180b0b
Info 'riscvOVPsim/cpu', 0x0000000080001a38(.l_ror_56_Start+8): 57933a37 lui     s4,0x57933
Info   s4 6e534cde -> 57933000
Info 'riscvOVPsim/cpu', 0x0000000080001a3c(.l_ror_56_Start+c): 8b9a0a13 addi    s4,s4,-1863
Info   s4 57933000 -> 579328b9
Info 'riscvOVPsim/cpu', 0x0000000080001a40(.l_ror_56_Start+10): 614253b3 ror     t2,tp,s4
Info   t2 4ebe55ab -> 8c05858b
Info 'riscvOVPsim/cpu', 0x0000000080001a44(.l_ror_56_Start+14): 8c0582b7 lui     t0,0x8c058
Info   t0 3f06ecb2 -> 8c058000
Info 'riscvOVPsim/cpu', 0x0000000080001a48(.l_ror_56_Start+18): 58b28293 addi    t0,t0,1419
Info   t0 8c058000 -> 8c05858b
Info 'riscvOVPsim/cpu', 0x0000000080001a4c(.l_ror_56_Start+1c): 00538a63 beq     t2,t0,80001a60
Info 'riscvOVPsim/cpu', 0x0000000080001a60(.l_sbclr_57_Start): 6b47fd37 lui     s10,0x6b47f
Info   s10 fffffdd1 -> 6b47f000
Info 'riscvOVPsim/cpu', 0x0000000080001a64(.l_sbclr_57_Start+4): 63ed0d13 addi    s10,s10,1598
Info   s10 6b47f000 -> 6b47f63e
Info 'riscvOVPsim/cpu', 0x0000000080001a68(.l_sbclr_57_Start+8): 5cb45337 lui     t1,0x5cb45
Info   t1 17ac12d1 -> 5cb45000
Info 'riscvOVPsim/cpu', 0x0000000080001a6c(.l_sbclr_57_Start+c): a0530313 addi    t1,t1,-1531
Info   t1 5cb45000 -> 5cb44a05
Info 'riscvOVPsim/cpu', 0x0000000080001a70(.l_sbclr_57_Start+10): 486d1033 sbclr   zero,s10,t1
Info 'riscvOVPsim/cpu', 0x0000000080001a74(.l_sbclr_57_Start+14): 00000a93 mv      s5,zero
Info   s5 44d20654 -> 00000000
Info 'riscvOVPsim/cpu', 0x0000000080001a78(.l_sbclr_57_Start+18): 01500a63 beq     zero,s5,80001a8c
Info 'riscvOVPsim/cpu', 0x0000000080001a8c(.l_sbset_58_Start): 11b1d637 lui     a2,0x11b1d
Info   a2 746f2e30 -> 11b1d000
Info 'riscvOVPsim/cpu', 0x0000000080001a90(.l_sbset_58_Start+4): c3360613 addi    a2,a2,-973
Info   a2 11b1d000 -> 11b1cc33
Info 'riscvOVPsim/cpu', 0x0000000080001a94(.l_sbset_58_Start+8): 2e230cb7 lui     s9,0x2e230
Info   s9 d836fdcc -> 2e230000
Info 'riscvOVPsim/cpu', 0x0000000080001a98(.l_sbset_58_Start+c): bb7c8c93 addi    s9,s9,-1097
Info   s9 2e230000 -> 2e22fbb7
Info 'riscvOVPsim/cpu', 0x0000000080001a9c(.l_sbset_58_Start+10): 299618b3 sbset   a7,a2,s9
Info   a7 3a95f874 -> 11b1cc33
Info 'riscvOVPsim/cpu', 0x0000000080001aa0(.l_sbset_58_Start+14): 11b1d837 lui     a6,0x11b1d
Info   a6 44d20654 -> 11b1d000
Info 'riscvOVPsim/cpu', 0x0000000080001aa4(.l_sbset_58_Start+18): c3380813 addi    a6,a6,-973
Info   a6 11b1d000 -> 11b1cc33
Info 'riscvOVPsim/cpu', 0x0000000080001aa8(.l_sbset_58_Start+1c): 01088a63 beq     a7,a6,80001abc
Info 'riscvOVPsim/cpu', 0x0000000080001abc(.l_sbinv_59_Start): 6b1d3837 lui     a6,0x6b1d3
Info   a6 11b1cc33 -> 6b1d3000
Info 'riscvOVPsim/cpu', 0x0000000080001ac0(.l_sbinv_59_Start+4): c1480813 addi    a6,a6,-1004
Info   a6 6b1d3000 -> 6b1d2c14
Info 'riscvOVPsim/cpu', 0x0000000080001ac4(.l_sbinv_59_Start+8): 68b861b7 lui     gp,0x68b86
Info   gp 6eaa85fb -> 68b86000
Info 'riscvOVPsim/cpu', 0x0000000080001ac8(.l_sbinv_59_Start+c): 7d318193 addi    gp,gp,2003
Info   gp 68b86000 -> 68b867d3
Info 'riscvOVPsim/cpu', 0x0000000080001acc(.l_sbinv_59_Start+10): 68381cb3 sbinv   s9,a6,gp
Info   s9 2e22fbb7 -> 6b152c14
Info 'riscvOVPsim/cpu', 0x0000000080001ad0(.l_sbinv_59_Start+14): 6b153a37 lui     s4,0x6b153
Info   s4 579328b9 -> 6b153000
Info 'riscvOVPsim/cpu', 0x0000000080001ad4(.l_sbinv_59_Start+18): c14a0a13 addi    s4,s4,-1004
Info   s4 6b153000 -> 6b152c14
Info 'riscvOVPsim/cpu', 0x0000000080001ad8(.l_sbinv_59_Start+1c): 014c8a63 beq     s9,s4,80001aec
Info 'riscvOVPsim/cpu', 0x0000000080001aec(.l_sbext_60_Start): 4defea37 lui     s4,0x4defe
Info   s4 6b152c14 -> 4defe000
Info 'riscvOVPsim/cpu', 0x0000000080001af0(.l_sbext_60_Start+4): fa0a0a13 addi    s4,s4,-96
Info   s4 4defe000 -> 4defdfa0
Info 'riscvOVPsim/cpu', 0x0000000080001af4(.l_sbext_60_Start+8): 2123dbb7 lui     s7,0x2123d
Info   s7 337bffff -> 2123d000
Info 'riscvOVPsim/cpu', 0x0000000080001af8(.l_sbext_60_Start+c): 5f2b8b93 addi    s7,s7,1522
Info   s7 2123d000 -> 2123d5f2
Info 'riscvOVPsim/cpu', 0x0000000080001afc(.l_sbext_60_Start+10): 497a5cb3 sbext   s9,s4,s7
Info   s9 6b152c14 -> 00000001
Info 'riscvOVPsim/cpu', 0x0000000080001b00(.l_sbext_60_Start+14): 00100093 addi    ra,zero,1
Info   ra a7b9b5ad -> 00000001
Info 'riscvOVPsim/cpu', 0x0000000080001b04(.l_sbext_60_Start+18): 001c8a63 beq     s9,ra,80001b18
Info 'riscvOVPsim/cpu', 0x0000000080001b18(.l_grev_61_Start): 2e8a6437 lui     s0,0x2e8a6
Info   s0 4bee5a5b -> 2e8a6000
Info 'riscvOVPsim/cpu', 0x0000000080001b1c(.l_grev_61_Start+4): 39440413 addi    s0,s0,916
Info   s0 2e8a6000 -> 2e8a6394
Info 'riscvOVPsim/cpu', 0x0000000080001b20(.l_grev_61_Start+8): 24e60b37 lui     s6,0x24e60
Info   s6 1a0dde32 -> 24e60000
Info 'riscvOVPsim/cpu', 0x0000000080001b24(.l_grev_61_Start+c): 401b0b13 addi    s6,s6,1025
Info   s6 24e60000 -> 24e60401
Info 'riscvOVPsim/cpu', 0x0000000080001b28(.l_grev_61_Start+10): 69645833 grev    a6,s0,s6
Info   a6 6b1d2c14 -> 1d459368
Info 'riscvOVPsim/cpu', 0x0000000080001b2c(.l_grev_61_Start+14): 1d459137 lui     sp,0x1d459
Info   sp 1816f8c4 -> 1d459000
Info 'riscvOVPsim/cpu', 0x0000000080001b30(.l_grev_61_Start+18): 36810113 addi    sp,sp,872
Info   sp 1d459000 -> 1d459368
Info 'riscvOVPsim/cpu', 0x0000000080001b34(.l_grev_61_Start+1c): 00280a63 beq     a6,sp,80001b48
Info 'riscvOVPsim/cpu', 0x0000000080001b48(.l_sloi_62_Start): 4ab27a37 lui     s4,0x4ab27
Info   s4 4defdfa0 -> 4ab27000
Info 'riscvOVPsim/cpu', 0x0000000080001b4c(.l_sloi_62_Start+4): e78a0a13 addi    s4,s4,-392
Info   s4 4ab27000 -> 4ab26e78
Info 'riscvOVPsim/cpu', 0x0000000080001b50(.l_sloi_62_Start+8): 23ca1f13 sloi    t5,s4,60
Info   t5 56438d15 -> 8fffffff
Info 'riscvOVPsim/cpu', 0x0000000080001b54(.l_sloi_62_Start+c): 900001b7 lui     gp,0x90000
Info   gp 68b867d3 -> 90000000
Info 'riscvOVPsim/cpu', 0x0000000080001b58(.l_sloi_62_Start+10): fff18193 addi    gp,gp,-1
Info   gp 90000000 -> 8fffffff
Info 'riscvOVPsim/cpu', 0x0000000080001b5c(.l_sloi_62_Start+14): 003f0a63 beq     t5,gp,80001b70
Info 'riscvOVPsim/cpu', 0x0000000080001b70(.l_sroi_63_Start): 142184b7 lui     s1,0x14218
Info   s1 d836fdcc -> 14218000
Info 'riscvOVPsim/cpu', 0x0000000080001b74(.l_sroi_63_Start+4): e2348493 addi    s1,s1,-477
Info   s1 14218000 -> 14217e23
Info 'riscvOVPsim/cpu', 0x0000000080001b78(.l_sroi_63_Start+8): 2294dd13 sroi    s10,s1,41
Info   s10 6b47f63e -> ff8a10bf
Info 'riscvOVPsim/cpu', 0x0000000080001b7c(.l_sroi_63_Start+c): ff8a1e37 lui     t3,0xff8a1
Info   t3 fffffdd1 -> ff8a1000
Info 'riscvOVPsim/cpu', 0x0000000080001b80(.l_sroi_63_Start+10): 0bfe0e13 addi    t3,t3,191
Info   t3 ff8a1000 -> ff8a10bf
Info 'riscvOVPsim/cpu', 0x0000000080001b84(.l_sroi_63_Start+14): 01cd0a63 beq     s10,t3,80001b98
Info 'riscvOVPsim/cpu', 0x0000000080001b98(.l_rori_64_Start): 475e2d37 lui     s10,0x475e2
Info   s10 ff8a10bf -> 475e2000
Info 'riscvOVPsim/cpu', 0x0000000080001b9c(.l_rori_64_Start+4): 56ad0d13 addi    s10,s10,1386
Info   s10 475e2000 -> 475e256a
Info 'riscvOVPsim/cpu', 0x0000000080001ba0(.l_rori_64_Start+8): 61ad5813 rori    a6,s10,26
Info   a6 1d459368 -> d7895a91
Info 'riscvOVPsim/cpu', 0x0000000080001ba4(.l_rori_64_Start+c): d78968b7 lui     a7,0xd7896
Info   a7 11b1cc33 -> d7896000
Info 'riscvOVPsim/cpu', 0x0000000080001ba8(.l_rori_64_Start+10): a9188893 addi    a7,a7,-1391
Info   a7 d7896000 -> d7895a91
Info 'riscvOVPsim/cpu', 0x0000000080001bac(.l_rori_64_Start+14): 01180a63 beq     a6,a7,80001bc0
Info 'riscvOVPsim/cpu', 0x0000000080001bc0(.l_sbclri_65_Start): 29bad637 lui     a2,0x29bad
Info   a2 11b1cc33 -> 29bad000
Info 'riscvOVPsim/cpu', 0x0000000080001bc4(.l_sbclri_65_Start+4): f2560613 addi    a2,a2,-219
Info   a2 29bad000 -> 29bacf25
Info 'riscvOVPsim/cpu', 0x0000000080001bc8(.l_sbclri_65_Start+8): 4be61f13 sbclri  t5,a2,62
Info   t5 8fffffff -> 29bacf25
Info 'riscvOVPsim/cpu', 0x0000000080001bcc(.l_sbclri_65_Start+c): 29bad237 lui     tp,0x29bad
Info   tp 17180b0b -> 29bad000
Info 'riscvOVPsim/cpu', 0x0000000080001bd0(.l_sbclri_65_Start+10): f2520213 addi    tp,tp,-219
Info   tp 29bad000 -> 29bacf25
Info 'riscvOVPsim/cpu', 0x0000000080001bd4(.l_sbclri_65_Start+14): 004f0a63 beq     t5,tp,80001be8
Info 'riscvOVPsim/cpu', 0x0000000080001be8(.l_sbseti_66_Start): 116ae437 lui     s0,0x116ae
Info   s0 2e8a6394 -> 116ae000
Info 'riscvOVPsim/cpu', 0x0000000080001bec(.l_sbseti_66_Start+4): 49440413 addi    s0,s0,1172
Info   s0 116ae000 -> 116ae494
Info 'riscvOVPsim/cpu', 0x0000000080001bf0(.l_sbseti_66_Start+8): 28441993 sbseti  s3,s0,4
Info   s3 22303424 -> 116ae494
Info 'riscvOVPsim/cpu', 0x0000000080001bf4(.l_sbseti_66_Start+c): 116ae2b7 lui     t0,0x116ae
Info   t0 8c05858b -> 116ae000
Info 'riscvOVPsim/cpu', 0x0000000080001bf8(.l_sbseti_66_Start+10): 49428293 addi    t0,t0,1172
Info   t0 116ae000 -> 116ae494
Info 'riscvOVPsim/cpu', 0x0000000080001bfc(.l_sbseti_66_Start+14): 00598a63 beq     s3,t0,80001c10
Info 'riscvOVPsim/cpu', 0x0000000080001c10(.l_sbinvi_67_Start): 259748b7 lui     a7,0x25974
Info   a7 d7895a91 -> 25974000
Info 'riscvOVPsim/cpu', 0x0000000080001c14(.l_sbinvi_67_Start+4): e3288893 addi    a7,a7,-462
Info   a7 25974000 -> 25973e32
Info 'riscvOVPsim/cpu', 0x0000000080001c18(.l_sbinvi_67_Start+8): 69989d93 sbinvi  s11,a7,25
Info   s11 00000000 -> 27973e32
Info 'riscvOVPsim/cpu', 0x0000000080001c1c(.l_sbinvi_67_Start+c): 27974737 lui     a4,0x27974
Info   a4 2a31b62d -> 27974000
Info 'riscvOVPsim/cpu', 0x0000000080001c20(.l_sbinvi_67_Start+10): e3270713 addi    a4,a4,-462
Info   a4 27974000 -> 27973e32
Info 'riscvOVPsim/cpu', 0x0000000080001c24(.l_sbinvi_67_Start+14): 00ed8a63 beq     s11,a4,80001c38
Info 'riscvOVPsim/cpu', 0x0000000080001c38(.l_sbexti_68_Start): 397c4237 lui     tp,0x397c4
Info   tp 29bacf25 -> 397c4000
Info 'riscvOVPsim/cpu', 0x0000000080001c3c(.l_sbexti_68_Start+4): 6bc20213 addi    tp,tp,1724
Info   tp 397c4000 -> 397c46bc
Info 'riscvOVPsim/cpu', 0x0000000080001c40(.l_sbexti_68_Start+8): 4ae25b93 sbexti  s7,tp,46
Info   s7 2123d5f2 -> 00000001
Info 'riscvOVPsim/cpu', 0x0000000080001c44(.l_sbexti_68_Start+c): 00100d93 addi    s11,zero,1
Info   s11 27973e32 -> 00000001
Info 'riscvOVPsim/cpu', 0x0000000080001c48(.l_sbexti_68_Start+10): 01bb8a63 beq     s7,s11,80001c5c
Info 'riscvOVPsim/cpu', 0x0000000080001c5c(.l_grevi_69_Start): 0c0592b7 lui     t0,0xc059
Info   t0 116ae494 -> 0c059000
Info 'riscvOVPsim/cpu', 0x0000000080001c60(.l_grevi_69_Start+4): df528293 addi    t0,t0,-523
Info   t0 0c059000 -> 0c058df5
Info 'riscvOVPsim/cpu', 0x0000000080001c64(.l_grevi_69_Start+8): 6a52d493 grevi   s1,t0,37
Info   s1 14217e23 -> c0a0e4af
Info 'riscvOVPsim/cpu', 0x0000000080001c68(.l_grevi_69_Start+c): c0a0e5b7 lui     a1,0xc0a0e
Info   a1 000030fc -> c0a0e000
Info 'riscvOVPsim/cpu', 0x0000000080001c6c(.l_grevi_69_Start+10): 4af58593 addi    a1,a1,1199
Info   a1 c0a0e000 -> c0a0e4af
Info 'riscvOVPsim/cpu', 0x0000000080001c70(.l_grevi_69_Start+14): 00b48a63 beq     s1,a1,80001c84
Info 'riscvOVPsim/cpu', 0x0000000080001c84(.l_cmix_70_Start): 10dba137 lui     sp,0x10dba
Info   sp 1d459368 -> 10dba000
Info 'riscvOVPsim/cpu', 0x0000000080001c88(.l_cmix_70_Start+4): daa10113 addi    sp,sp,-598
Info   sp 10dba000 -> 10db9daa
Info 'riscvOVPsim/cpu', 0x0000000080001c8c(.l_cmix_70_Start+8): 0697df37 lui     t5,0x697d
Info   t5 29bacf25 -> 0697d000
Info 'riscvOVPsim/cpu', 0x0000000080001c90(.l_cmix_70_Start+c): 2d2f0f13 addi    t5,t5,722
Info   t5 0697d000 -> 0697d2d2
Info 'riscvOVPsim/cpu', 0x0000000080001c94(.l_cmix_70_Start+10): 06d699b7 lui     s3,0x6d69
Info   s3 116ae494 -> 06d69000
Info 'riscvOVPsim/cpu', 0x0000000080001c98(.l_cmix_70_Start+14): ab298993 addi    s3,s3,-1358
Info   s3 06d69000 -> 06d68ab2
Info 'riscvOVPsim/cpu', 0x0000000080001c9c(.l_cmix_70_Start+18): 9fe114b3 cmix    s1,sp,t5,s3
Info   s1 c0a0e4af -> 00d398a2
Info 'riscvOVPsim/cpu', 0x0000000080001ca0(.l_cmix_70_Start+1c): 00d3a3b7 lui     t2,0xd3a
Info   t2 8c05858b -> 00d3a000
Info 'riscvOVPsim/cpu', 0x0000000080001ca4(.l_cmix_70_Start+20): 8a238393 addi    t2,t2,-1886
Info   t2 00d3a000 -> 00d398a2
Info 'riscvOVPsim/cpu', 0x0000000080001ca8(.l_cmix_70_Start+24): 00748a63 beq     s1,t2,80001cbc
Info 'riscvOVPsim/cpu', 0x0000000080001cbc(.l_cmov_71_Start): 4b7932b7 lui     t0,0x4b793
Info   t0 0c058df5 -> 4b793000
Info 'riscvOVPsim/cpu', 0x0000000080001cc0(.l_cmov_71_Start+4): 73528293 addi    t0,t0,1845
Info   t0 4b793000 -> 4b793735
Info 'riscvOVPsim/cpu', 0x0000000080001cc4(.l_cmov_71_Start+8): 4a10bd37 lui     s10,0x4a10b
Info   s10 475e256a -> 4a10b000
Info 'riscvOVPsim/cpu', 0x0000000080001cc8(.l_cmov_71_Start+c): 4e8d0d13 addi    s10,s10,1256
Info   s10 4a10b000 -> 4a10b4e8
Info 'riscvOVPsim/cpu', 0x0000000080001ccc(.l_cmov_71_Start+10): 43d3ca37 lui     s4,0x43d3c
Info   s4 4ab26e78 -> 43d3c000
Info 'riscvOVPsim/cpu', 0x0000000080001cd0(.l_cmov_71_Start+14): cd4a0a13 addi    s4,s4,-812
Info   s4 43d3c000 -> 43d3bcd4
Info 'riscvOVPsim/cpu', 0x0000000080001cd4(.l_cmov_71_Start+18): a7a2d833 cmov    a6,t0,s10,s4
Info   a6 d7895a91 -> 4b793735
Info 'riscvOVPsim/cpu', 0x0000000080001cd8(.l_cmov_71_Start+1c): 4b793237 lui     tp,0x4b793
Info   tp 397c46bc -> 4b793000
Info 'riscvOVPsim/cpu', 0x0000000080001cdc(.l_cmov_71_Start+20): 73520213 addi    tp,tp,1845
Info   tp 4b793000 -> 4b793735
Info 'riscvOVPsim/cpu', 0x0000000080001ce0(.l_cmov_71_Start+24): 00480a63 beq     a6,tp,80001cf4
Info 'riscvOVPsim/cpu', 0x0000000080001cf4(.l_fsl_72_Start): 15bcb137 lui     sp,0x15bcb
Info   sp 10db9daa -> 15bcb000
Info 'riscvOVPsim/cpu', 0x0000000080001cf8(.l_fsl_72_Start+4): ba810113 addi    sp,sp,-1112
Info   sp 15bcb000 -> 15bcaba8
Info 'riscvOVPsim/cpu', 0x0000000080001cfc(.l_fsl_72_Start+8): 4e0ba237 lui     tp,0x4e0ba
Info   tp 4b793735 -> 4e0ba000
Info 'riscvOVPsim/cpu', 0x0000000080001d00(.l_fsl_72_Start+c): a8720213 addi    tp,tp,-1401
Info   tp 4e0ba000 -> 4e0b9a87
Info 'riscvOVPsim/cpu', 0x0000000080001d04(.l_fsl_72_Start+10): 434bbc37 lui     s8,0x434bb
Info   s8 4ebe55ab -> 434bb000
Info 'riscvOVPsim/cpu', 0x0000000080001d08(.l_fsl_72_Start+14): e75c0c13 addi    s8,s8,-395
Info   s8 434bb000 -> 434bae75
Info 'riscvOVPsim/cpu', 0x0000000080001d0c(.l_fsl_72_Start+18): c4411333 fsl     t1,sp,tp,s8
Info   t1 5cb44a05 -> de55d421
Info 'riscvOVPsim/cpu', 0x0000000080001d10(.l_fsl_72_Start+1c): de55d437 lui     s0,0xde55d
Info   s0 116ae494 -> de55d000
Info 'riscvOVPsim/cpu', 0x0000000080001d14(.l_fsl_72_Start+20): 42140413 addi    s0,s0,1057
Info   s0 de55d000 -> de55d421
Info 'riscvOVPsim/cpu', 0x0000000080001d18(.l_fsl_72_Start+24): 00830a63 beq     t1,s0,80001d2c
Info 'riscvOVPsim/cpu', 0x0000000080001d2c(.l_fsr_73_Start): 0ca6b837 lui     a6,0xca6b
Info   a6 4b793735 -> 0ca6b000
Info 'riscvOVPsim/cpu', 0x0000000080001d30(.l_fsr_73_Start+4): 46280813 addi    a6,a6,1122
Info   a6 0ca6b000 -> 0ca6b462
Info 'riscvOVPsim/cpu', 0x0000000080001d34(.l_fsr_73_Start+8): 763cbd37 lui     s10,0x763cb
Info   s10 4a10b4e8 -> 763cb000
Info 'riscvOVPsim/cpu', 0x0000000080001d38(.l_fsr_73_Start+c): 680d0d13 addi    s10,s10,1664
Info   s10 763cb000 -> 763cb680
Info 'riscvOVPsim/cpu', 0x0000000080001d3c(.l_fsr_73_Start+10): 15b71537 lui     a0,0x15b71
Info   a0 6fde8af6 -> 15b71000
Info 'riscvOVPsim/cpu', 0x0000000080001d40(.l_fsr_73_Start+14): 32950513 addi    a0,a0,809
Info   a0 15b71000 -> 15b71329
Info 'riscvOVPsim/cpu', 0x0000000080001d44(.l_fsr_73_Start+18): 55a852b3 fsr     t0,a6,s10,a0
Info   t0 4b793735 -> 0ca6b462
Info 'riscvOVPsim/cpu', 0x0000000080001d48(.l_fsr_73_Start+1c): 0ca6b6b7 lui     a3,0xca6b
Info   a3 337bffff -> 0ca6b000
Info 'riscvOVPsim/cpu', 0x0000000080001d4c(.l_fsr_73_Start+20): 46268693 addi    a3,a3,1122
Info   a3 0ca6b000 -> 0ca6b462
Info 'riscvOVPsim/cpu', 0x0000000080001d50(.l_fsr_73_Start+24): 00d28a63 beq     t0,a3,80001d64
Info 'riscvOVPsim/cpu', 0x0000000080001d64(.l_fsri_74_Start): 706b6f37 lui     t5,0x706b6
Info   t5 0697d2d2 -> 706b6000
Info 'riscvOVPsim/cpu', 0x0000000080001d68(.l_fsri_74_Start+4): 74ef0f13 addi    t5,t5,1870
Info   t5 706b6000 -> 706b674e
Info 'riscvOVPsim/cpu', 0x0000000080001d6c(.l_fsri_74_Start+8): 2c107e37 lui     t3,0x2c107
Info   t3 ff8a10bf -> 2c107000
Info 'riscvOVPsim/cpu', 0x0000000080001d70(.l_fsri_74_Start+c): a57e0e13 addi    t3,t3,-1449
Info   t3 2c107000 -> 2c106a57
Info 'riscvOVPsim/cpu', 0x0000000080001d74(.l_fsri_74_Start+10): e45f5213 fsri    tp,t5,t3,5
Info   tp 4e0b9a87 -> bb835b3a
Info 'riscvOVPsim/cpu', 0x0000000080001d78(.l_fsri_74_Start+14): bb836937 lui     s2,0xbb836
Info   s2 20ee1348 -> bb836000
Info 'riscvOVPsim/cpu', 0x0000000080001d7c(.l_fsri_74_Start+18): b3a90913 addi    s2,s2,-1222
Info   s2 bb836000 -> bb835b3a
Info 'riscvOVPsim/cpu', 0x0000000080001d80(.l_fsri_74_Start+1c): 01220a63 beq     tp,s2,80001d94
Info 'riscvOVPsim/cpu', 0x0000000080001d94(.l_clz_75_Start): 20f4c9b7 lui     s3,0x20f4c
Info   s3 06d68ab2 -> 20f4c000
Info 'riscvOVPsim/cpu', 0x0000000080001d98(.l_clz_75_Start+4): dad98993 addi    s3,s3,-595
Info   s3 20f4c000 -> 20f4bdad
Info 'riscvOVPsim/cpu', 0x0000000080001d9c(.l_clz_75_Start+8): 60099c93 clz     s9,s3
Info   s9 00000001 -> 00000002
Info 'riscvOVPsim/cpu', 0x0000000080001da0(.l_clz_75_Start+c): 00200313 addi    t1,zero,2
Info   t1 de55d421 -> 00000002
Info 'riscvOVPsim/cpu', 0x0000000080001da4(.l_clz_75_Start+10): 006c8a63 beq     s9,t1,80001db8
Info 'riscvOVPsim/cpu', 0x0000000080001db8(.l_ctz_76_Start): 2771b337 lui     t1,0x2771b
Info   t1 00000002 -> 2771b000
Info 'riscvOVPsim/cpu', 0x0000000080001dbc(.l_ctz_76_Start+4): c8030313 addi    t1,t1,-896
Info   t1 2771b000 -> 2771ac80
Info 'riscvOVPsim/cpu', 0x0000000080001dc0(.l_ctz_76_Start+8): 60131613 ctz     a2,t1
Info   a2 29bacf25 -> 00000007
Info 'riscvOVPsim/cpu', 0x0000000080001dc4(.l_ctz_76_Start+c): 00700c93 addi    s9,zero,7
Info   s9 00000002 -> 00000007
Info 'riscvOVPsim/cpu', 0x0000000080001dc8(.l_ctz_76_Start+10): 01960a63 beq     a2,s9,80001ddc
Info 'riscvOVPsim/cpu', 0x0000000080001ddc(.l_pcnt_77_Start): 0e0bcbb7 lui     s7,0xe0bc
Info   s7 00000001 -> 0e0bc000
Info 'riscvOVPsim/cpu', 0x0000000080001de0(.l_pcnt_77_Start+4): 885b8b93 addi    s7,s7,-1915
Info   s7 0e0bc000 -> 0e0bb885
Info 'riscvOVPsim/cpu', 0x0000000080001de4(.l_pcnt_77_Start+8): 602b9613 pcnt    a2,s7
Info   a2 00000007 -> 0000000d
Info 'riscvOVPsim/cpu', 0x0000000080001de8(.l_pcnt_77_Start+c): 00d00d93 addi    s11,zero,13
Info   s11 00000001 -> 0000000d
Info 'riscvOVPsim/cpu', 0x0000000080001dec(.l_pcnt_77_Start+10): 01b60a63 beq     a2,s11,80001e00
Info 'riscvOVPsim/cpu', 0x0000000080001e00(.l_crc32_b_78_Start): 19a52637 lui     a2,0x19a52
Info   a2 0000000d -> 19a52000
Info 'riscvOVPsim/cpu', 0x0000000080001e04(.l_crc32_b_78_Start+4): 56660613 addi    a2,a2,1382
Info   a2 19a52000 -> 19a52566
Info 'riscvOVPsim/cpu', 0x0000000080001e08(.l_crc32_b_78_Start+8): 61061893 crc32.b a7,a2
Info   a7 25973e32 -> a4c86148
Info 'riscvOVPsim/cpu', 0x0000000080001e0c(.l_crc32_b_78_Start+c): a4c86cb7 lui     s9,0xa4c86
Info   s9 00000007 -> a4c86000
Info 'riscvOVPsim/cpu', 0x0000000080001e10(.l_crc32_b_78_Start+10): 148c8c93 addi    s9,s9,328
Info   s9 a4c86000 -> a4c86148
Info 'riscvOVPsim/cpu', 0x0000000080001e14(.l_crc32_b_78_Start+14): 01988a63 beq     a7,s9,80001e28
Info 'riscvOVPsim/cpu', 0x0000000080001e28(.l_crc32_h_79_Start): 1d914e37 lui     t3,0x1d914
Info   t3 2c106a57 -> 1d914000
Info 'riscvOVPsim/cpu', 0x0000000080001e2c(.l_crc32_h_79_Start+4): 67ce0e13 addi    t3,t3,1660
Info   t3 1d914000 -> 1d91467c
Info 'riscvOVPsim/cpu', 0x0000000080001e30(.l_crc32_h_79_Start+8): 611e1893 crc32.h a7,t3
Info   a7 a4c86148 -> 1c35cfce
Info 'riscvOVPsim/cpu', 0x0000000080001e34(.l_crc32_h_79_Start+c): 1c35dab7 lui     s5,0x1c35d
Info   s5 00000000 -> 1c35d000
Info 'riscvOVPsim/cpu', 0x0000000080001e38(.l_crc32_h_79_Start+10): fcea8a93 addi    s5,s5,-50
Info   s5 1c35d000 -> 1c35cfce
Info 'riscvOVPsim/cpu', 0x0000000080001e3c(.l_crc32_h_79_Start+14): 01588a63 beq     a7,s5,80001e50
Info 'riscvOVPsim/cpu', 0x0000000080001e50(.l_crc32_w_80_Start): 47174137 lui     sp,0x47174
Info   sp 15bcaba8 -> 47174000
Info 'riscvOVPsim/cpu', 0x0000000080001e54(.l_crc32_w_80_Start+4): 5e410113 addi    sp,sp,1508
Info   sp 47174000 -> 471745e4
Info 'riscvOVPsim/cpu', 0x0000000080001e58(.l_crc32_w_80_Start+8): 61211d93 crc32.w s11,sp
Info   s11 0000000d -> c277c9e1
Info 'riscvOVPsim/cpu', 0x0000000080001e5c(.l_crc32_w_80_Start+c): c277d3b7 lui     t2,0xc277d
Info   t2 00d398a2 -> c277d000
Info 'riscvOVPsim/cpu', 0x0000000080001e60(.l_crc32_w_80_Start+10): 9e138393 addi    t2,t2,-1567
Info   t2 c277d000 -> c277c9e1
Info 'riscvOVPsim/cpu', 0x0000000080001e64(.l_crc32_w_80_Start+14): 007d8a63 beq     s11,t2,80001e78
Info 'riscvOVPsim/cpu', 0x0000000080001e78(.l_crc32c_b_81_Start): 2717ad37 lui     s10,0x2717a
Info   s10 763cb680 -> 2717a000
Info 'riscvOVPsim/cpu', 0x0000000080001e7c(.l_crc32c_b_81_Start+4): c0bd0d13 addi    s10,s10,-1013
Info   s10 2717a000 -> 27179c0b
Info 'riscvOVPsim/cpu', 0x0000000080001e80(.l_crc32c_b_81_Start+8): 618d1313 crc32c.b t1,s10
Info   t1 2771ac80 -> 99aebca7
Info 'riscvOVPsim/cpu', 0x0000000080001e84(.l_crc32c_b_81_Start+c): 99aec4b7 lui     s1,0x99aec
Info   s1 00d398a2 -> 99aec000
Info 'riscvOVPsim/cpu', 0x0000000080001e88(.l_crc32c_b_81_Start+10): ca748493 addi    s1,s1,-857
Info   s1 99aec000 -> 99aebca7
Info 'riscvOVPsim/cpu', 0x0000000080001e8c(.l_crc32c_b_81_Start+14): 00930a63 beq     t1,s1,80001ea0
Info 'riscvOVPsim/cpu', 0x0000000080001ea0(.l_crc32c_h_82_Start): 46b257b7 lui     a5,0x46b25
Info   a5 a7b9b5ad -> 46b25000
Info 'riscvOVPsim/cpu', 0x0000000080001ea4(.l_crc32c_h_82_Start+4): dbc78793 addi    a5,a5,-580
Info   a5 46b25000 -> 46b24dbc
Info 'riscvOVPsim/cpu', 0x0000000080001ea8(.l_crc32c_h_82_Start+8): 61979193 crc32c.h gp,a5
Info   gp 8fffffff -> 96405dc3
Info 'riscvOVPsim/cpu', 0x0000000080001eac(.l_crc32c_h_82_Start+c): 964062b7 lui     t0,0x96406
Info   t0 0ca6b462 -> 96406000
Info 'riscvOVPsim/cpu', 0x0000000080001eb0(.l_crc32c_h_82_Start+10): dc328293 addi    t0,t0,-573
Info   t0 96406000 -> 96405dc3
Info 'riscvOVPsim/cpu', 0x0000000080001eb4(.l_crc32c_h_82_Start+14): 00518a63 beq     gp,t0,80001ec8
Info 'riscvOVPsim/cpu', 0x0000000080001ec8(.l_crc32c_w_83_Start): 59531a37 lui     s4,0x59531
Info   s4 43d3bcd4 -> 59531000
Info 'riscvOVPsim/cpu', 0x0000000080001ecc(.l_crc32c_w_83_Start+4): 72fa0a13 addi    s4,s4,1839
Info   s4 59531000 -> 5953172f
Info 'riscvOVPsim/cpu', 0x0000000080001ed0(.l_crc32c_w_83_Start+8): 61aa1193 crc32c.w gp,s4
Info   gp 96405dc3 -> e1914847
Info 'riscvOVPsim/cpu', 0x0000000080001ed4(.l_crc32c_w_83_Start+c): e1915337 lui     t1,0xe1915
Info   t1 99aebca7 -> e1915000
Info 'riscvOVPsim/cpu', 0x0000000080001ed8(.l_crc32c_w_83_Start+10): 84730313 addi    t1,t1,-1977
Info   t1 e1915000 -> e1914847
Info 'riscvOVPsim/cpu', 0x0000000080001edc(.l_crc32c_w_83_Start+14): 00618a63 beq     gp,t1,80001ef0
Info 'riscvOVPsim/cpu', 0x0000000080001ef0(.l_clmul_84_Start): 6c054fb7 lui     t6,0x6c054
Info   t6 1ca0c5fa -> 6c054000
Info 'riscvOVPsim/cpu', 0x0000000080001ef4(.l_clmul_84_Start+4): b16f8f93 addi    t6,t6,-1258
Info   t6 6c054000 -> 6c053b16
Info 'riscvOVPsim/cpu', 0x0000000080001ef8(.l_clmul_84_Start+8): 4f2947b7 lui     a5,0x4f294
Info   a5 46b24dbc -> 4f294000
Info 'riscvOVPsim/cpu', 0x0000000080001efc(.l_clmul_84_Start+c): 39378793 addi    a5,a5,915
Info   a5 4f294000 -> 4f294393
Info 'riscvOVPsim/cpu', 0x0000000080001f00(.l_clmul_84_Start+10): aff9d33 clmul   s10,t6,a5
Info   s10 27179c0b -> e42fcd5a
Info 'riscvOVPsim/cpu', 0x0000000080001f04(.l_clmul_84_Start+14): e42fdcb7 lui     s9,0xe42fd
Info   s9 a4c86148 -> e42fd000
Info 'riscvOVPsim/cpu', 0x0000000080001f08(.l_clmul_84_Start+18): d5ac8c93 addi    s9,s9,-678
Info   s9 e42fd000 -> e42fcd5a
Info 'riscvOVPsim/cpu', 0x0000000080001f0c(.l_clmul_84_Start+1c): 019d0a63 beq     s10,s9,80001f20
Info 'riscvOVPsim/cpu', 0x0000000080001f20(.l_clmulr_85_Start): 66a493b7 lui     t2,0x66a49
Info   t2 c277c9e1 -> 66a49000
Info 'riscvOVPsim/cpu', 0x0000000080001f24(.l_clmulr_85_Start+4): d1138393 addi    t2,t2,-751
Info   t2 66a49000 -> 66a48d11
Info 'riscvOVPsim/cpu', 0x0000000080001f28(.l_clmulr_85_Start+8): 56c29fb7 lui     t6,0x56c29
Info   t6 6c053b16 -> 56c29000
Info 'riscvOVPsim/cpu', 0x0000000080001f2c(.l_clmulr_85_Start+c): e34f8f93 addi    t6,t6,-460
Info   t6 56c29000 -> 56c28e34
Info 'riscvOVPsim/cpu', 0x0000000080001f30(.l_clmulr_85_Start+10): aff9d33 clmul   s10,t6,a5
Info   a2 19a52566 -> 3d7d6f58
Info 'riscvOVPsim/cpu', 0x0000000080001f34(.l_clmulr_85_Start+14): 3d7d7b37 lui     s6,0x3d7d7
Info   s6 24e60401 -> 3d7d7000
Info 'riscvOVPsim/cpu', 0x0000000080001f38(.l_clmulr_85_Start+18): f58b0b13 addi    s6,s6,-168
Info   s6 3d7d7000 -> 3d7d6f58
Info 'riscvOVPsim/cpu', 0x0000000080001f3c(.l_clmulr_85_Start+1c): 01660a63 beq     a2,s6,80001f50
Info 'riscvOVPsim/cpu', 0x0000000080001f50(.l_clmulh_86_Start): 1803d6b7 lui     a3,0x1803d
Info   a3 0ca6b462 -> 1803d000
Info 'riscvOVPsim/cpu', 0x0000000080001f54(.l_clmulh_86_Start+4): 08968693 addi    a3,a3,137
Info   a3 1803d000 -> 1803d089
Info 'riscvOVPsim/cpu', 0x0000000080001f58(.l_clmulh_86_Start+8): 4f3a07b7 lui     a5,0x4f3a0
Info   a5 4f294393 -> 4f3a0000
Info 'riscvOVPsim/cpu', 0x0000000080001f5c(.l_clmulh_86_Start+c): 6d478793 addi    a5,a5,1748
Info   a5 4f3a0000 -> 4f3a06d4
Info 'riscvOVPsim/cpu', 0x0000000080001f60(.l_clmulh_86_Start+10): af6b6b3 clmulh  a3,a3,a5
Info   a3 1803d089 -> 068a9190
Info 'riscvOVPsim/cpu', 0x0000000080001f64(.l_clmulh_86_Start+14): 068a9737 lui     a4,0x68a9
Info   a4 27973e32 -> 068a9000
Info 'riscvOVPsim/cpu', 0x0000000080001f68(.l_clmulh_86_Start+18): 19070713 addi    a4,a4,400
Info   a4 068a9000 -> 068a9190
Info 'riscvOVPsim/cpu', 0x0000000080001f6c(.l_clmulh_86_Start+1c): 00e68a63 beq     a3,a4,80001f80
Info 'riscvOVPsim/cpu', 0x0000000080001f80(.l_min_87_Start): 271211b7 lui     gp,0x27121
Info   gp e1914847 -> 27121000
Info 'riscvOVPsim/cpu', 0x0000000080001f84(.l_min_87_Start+4): 0c718193 addi    gp,gp,199
Info   gp 27121000 -> 271210c7
Info 'riscvOVPsim/cpu', 0x0000000080001f88(.l_min_87_Start+8): 217b2ab7 lui     s5,0x217b2
Info   s5 1c35cfce -> 217b2000
Info 'riscvOVPsim/cpu', 0x0000000080001f8c(.l_min_87_Start+c): 2e4a8a93 addi    s5,s5,740
Info   s5 217b2000 -> 217b22e4
Info 'riscvOVPsim/cpu', 0x0000000080001f90(.l_min_87_Start+10): b51cb33 min     s6,gp,s5
Info   s6 3d7d6f58 -> 217b22e4
Info 'riscvOVPsim/cpu', 0x0000000080001f94(.l_min_87_Start+14): 217b23b7 lui     t2,0x217b2
Info   t2 66a48d11 -> 217b2000
Info 'riscvOVPsim/cpu', 0x0000000080001f98(.l_min_87_Start+18): 2e438393 addi    t2,t2,740
Info   t2 217b2000 -> 217b22e4
Info 'riscvOVPsim/cpu', 0x0000000080001f9c(.l_min_87_Start+1c): 007b0a63 beq     s6,t2,80001fb0
Info 'riscvOVPsim/cpu', 0x0000000080001fb0(.l_max_88_Start): 556b71b7 lui     gp,0x556b7
Info   gp 271210c7 -> 556b7000
Info 'riscvOVPsim/cpu', 0x0000000080001fb4(.l_max_88_Start+4): 9ed18193 addi    gp,gp,-1555
Info   gp 556b7000 -> 556b69ed
Info 'riscvOVPsim/cpu', 0x0000000080001fb8(.l_max_88_Start+8): 708363b7 lui     t2,0x70836
Info   t2 217b22e4 -> 70836000
Info 'riscvOVPsim/cpu', 0x0000000080001fbc(.l_max_88_Start+c): 19638393 addi    t2,t2,406
Info   t2 70836000 -> 70836196
Info 'riscvOVPsim/cpu', 0x0000000080001fc0(.l_max_88_Start+10): a71d233 max     tp,gp,t2
Info   tp bb835b3a -> 70836196
Info 'riscvOVPsim/cpu', 0x0000000080001fc4(.l_max_88_Start+14): 70836a37 lui     s4,0x70836
Info   s4 5953172f -> 70836000
Info 'riscvOVPsim/cpu', 0x0000000080001fc8(.l_max_88_Start+18): 196a0a13 addi    s4,s4,406
Info   s4 70836000 -> 70836196
Info 'riscvOVPsim/cpu', 0x0000000080001fcc(.l_max_88_Start+1c): 01420a63 beq     tp,s4,80001fe0
Info 'riscvOVPsim/cpu', 0x0000000080001fe0(.l_minu_89_Start): 141d2637 lui     a2,0x141d2
Info   a2 3d7d6f58 -> 141d2000
Info 'riscvOVPsim/cpu', 0x0000000080001fe4(.l_minu_89_Start+4): 30260613 addi    a2,a2,770
Info   a2 141d2000 -> 141d2302
Info 'riscvOVPsim/cpu', 0x0000000080001fe8(.l_minu_89_Start+8): 407172b7 lui     t0,0x40717
Info   t0 96405dc3 -> 40717000
Info 'riscvOVPsim/cpu', 0x0000000080001fec(.l_minu_89_Start+c): 8d828293 addi    t0,t0,-1832
Info   t0 40717000 -> 407168d8
Info 'riscvOVPsim/cpu', 0x0000000080001ff0(.l_minu_89_Start+10): a566933 minu    s2,a2,t0
Info   s2 bb835b3a -> 141d2302
Info 'riscvOVPsim/cpu', 0x0000000080001ff4(.l_minu_89_Start+14): 141d2337 lui     t1,0x141d2
Info   t1 e1914847 -> 141d2000
Info 'riscvOVPsim/cpu', 0x0000000080001ff8(.l_minu_89_Start+18): 30230313 addi    t1,t1,770
Info   t1 141d2000 -> 141d2302
Info 'riscvOVPsim/cpu', 0x0000000080001ffc(.l_minu_89_Start+1c): 00690a63 beq     s2,t1,80002010
Info 'riscvOVPsim/cpu', 0x0000000080002010(.l_maxu_90_Start): 327fb537 lui     a0,0x327fb
Info   a0 15b71329 -> 327fb000
Info 'riscvOVPsim/cpu', 0x0000000080002014(.l_maxu_90_Start+4): c7750513 addi    a0,a0,-905
Info   a0 327fb000 -> 327fac77
Info 'riscvOVPsim/cpu', 0x0000000080002018(.l_maxu_90_Start+8): 5a606c37 lui     s8,0x5a606
Info   s8 434bae75 -> 5a606000
Info 'riscvOVPsim/cpu', 0x000000008000201c(.l_maxu_90_Start+c): 509c0c13 addi    s8,s8,1289
Info   s8 5a606000 -> 5a606509
Info 'riscvOVPsim/cpu', 0x0000000080002020(.l_maxu_90_Start+10): b8572b3 maxu    t0,a0,s8
Info   t0 407168d8 -> 5a606509
Info 'riscvOVPsim/cpu', 0x0000000080002024(.l_maxu_90_Start+14): 5a606cb7 lui     s9,0x5a606
Info   s9 e42fcd5a -> 5a606000
Info 'riscvOVPsim/cpu', 0x0000000080002028(.l_maxu_90_Start+18): 509c8c93 addi    s9,s9,1289
Info   s9 5a606000 -> 5a606509
Info 'riscvOVPsim/cpu', 0x000000008000202c(.l_maxu_90_Start+1c): 01928a63 beq     t0,s9,80002040
Info 'riscvOVPsim/cpu', 0x0000000080002040(.l_shfl_91_Start): 1dd6d2b7 lui     t0,0x1dd6d
Info   t0 5a606509 -> 1dd6d000
Info 'riscvOVPsim/cpu', 0x0000000080002044(.l_shfl_91_Start+4): 6f428293 addi    t0,t0,1780
Info   t0 1dd6d000 -> 1dd6d6f4
Info 'riscvOVPsim/cpu', 0x0000000080002048(.l_shfl_91_Start+8): 769a1b37 lui     s6,0x769a1
Info   s6 217b22e4 -> 769a1000
Info 'riscvOVPsim/cpu', 0x000000008000204c(.l_shfl_91_Start+c): 91fb0b13 addi    s6,s6,-1761
Info   s6 769a1000 -> 769a091f
Info 'riscvOVPsim/cpu', 0x0000000080002050(.l_shfl_91_Start+10): 96298b3 shfl    a7,t0,s6
Info   a7 1c35cfce -> 53b6f738
Info 'riscvOVPsim/cpu', 0x0000000080002054(.l_shfl_91_Start+14): 53b6fa37 lui     s4,0x53b6f
Info   s4 70836196 -> 53b6f000
Info 'riscvOVPsim/cpu', 0x0000000080002058(.l_shfl_91_Start+18): 738a0a13 addi    s4,s4,1848
Info   s4 53b6f000 -> 53b6f738
Info 'riscvOVPsim/cpu', 0x000000008000205c(.l_shfl_91_Start+1c): 01488a63 beq     a7,s4,80002070
Info 'riscvOVPsim/cpu', 0x0000000080002070(.l_unshfl_92_Start): 78356537 lui     a0,0x78356
Info   a0 327fac77 -> 78356000
Info 'riscvOVPsim/cpu', 0x0000000080002074(.l_unshfl_92_Start+4): 26c50513 addi    a0,a0,620
Info   a0 78356000 -> 7835626c
Info 'riscvOVPsim/cpu', 0x0000000080002078(.l_unshfl_92_Start+8): 665ad137 lui     sp,0x665ad
Info   sp 471745e4 -> 665ad000
Info 'riscvOVPsim/cpu', 0x000000008000207c(.l_unshfl_92_Start+c): a4910113 addi    sp,sp,-1463
Info   sp 665ad000 -> 665aca49
Info 'riscvOVPsim/cpu', 0x0000000080002080(.l_unshfl_92_Start+10): 8255ab3 unshfl  s5,a0,sp
Info   s5 217b22e4 -> 7864536a
Info 'riscvOVPsim/cpu', 0x0000000080002084(.l_unshfl_92_Start+14): 78645937 lui     s2,0x78645
Info   s2 141d2302 -> 78645000
Info 'riscvOVPsim/cpu', 0x0000000080002088(.l_unshfl_92_Start+18): 36a90913 addi    s2,s2,874
Info   s2 78645000 -> 7864536a
Info 'riscvOVPsim/cpu', 0x000000008000208c(.l_unshfl_92_Start+1c): 012a8a63 beq     s5,s2,800020a0
Info 'riscvOVPsim/cpu', 0x00000000800020a0(.l_bdep_93_Start): 77ca0837 lui     a6,0x77ca0
Info   a6 0ca6b462 -> 77ca0000
Info 'riscvOVPsim/cpu', 0x00000000800020a4(.l_bdep_93_Start+4): d6880813 addi    a6,a6,-664
Info   a6 77ca0000 -> 77c9fd68
Info 'riscvOVPsim/cpu', 0x00000000800020a8(.l_bdep_93_Start+8): 298a96b7 lui     a3,0x298a9
Info   a3 068a9190 -> 298a9000
Info 'riscvOVPsim/cpu', 0x00000000800020ac(.l_bdep_93_Start+c): 2ba68693 addi    a3,a3,698
Info   a3 298a9000 -> 298a92ba
Info 'riscvOVPsim/cpu', 0x00000000800020b0(.l_bdep_93_Start+10): 8d82733 bdep    a4,a6,a3
Info   a4 068a9190 -> 29821220
Info 'riscvOVPsim/cpu', 0x00000000800020b4(.l_bdep_93_Start+14): 298211b7 lui     gp,0x29821
Info   gp 556b69ed -> 29821000
Info 'riscvOVPsim/cpu', 0x00000000800020b8(.l_bdep_93_Start+18): 22018193 addi    gp,gp,544
Info   gp 29821000 -> 29821220
Info 'riscvOVPsim/cpu', 0x00000000800020bc(.l_bdep_93_Start+1c): 00370a63 beq     a4,gp,800020d0
Info 'riscvOVPsim/cpu', 0x00000000800020d0(.l_bext_94_Start): 63410d37 lui     s10,0x63410
Info   s10 e42fcd5a -> 63410000
Info 'riscvOVPsim/cpu', 0x00000000800020d4(.l_bext_94_Start+4): 2b4d0d13 addi    s10,s10,692
Info   s10 63410000 -> 634102b4
Info 'riscvOVPsim/cpu', 0x00000000800020d8(.l_bext_94_Start+8): 65bfa337 lui     t1,0x65bfa
Info   t1 141d2302 -> 65bfa000
Info 'riscvOVPsim/cpu', 0x00000000800020dc(.l_bext_94_Start+c): da830313 addi    t1,t1,-600
Info   t1 65bfa000 -> 65bf9da8
Info 'riscvOVPsim/cpu', 0x00000000800020e0(.l_bext_94_Start+10): 86d6633 bext    a2,s10,t1
Info   a2 141d2302 -> 00068106
Info 'riscvOVPsim/cpu', 0x00000000800020e4(.l_bext_94_Start+14): 00068db7 lui     s11,0x68
Info   s11 c277c9e1 -> 00068000
Info 'riscvOVPsim/cpu', 0x00000000800020e8(.l_bext_94_Start+18): 106d8d93 addi    s11,s11,262
Info   s11 00068000 -> 00068106
Info 'riscvOVPsim/cpu', 0x00000000800020ec(.l_bext_94_Start+1c): 01b60a63 beq     a2,s11,80002100
Info 'riscvOVPsim/cpu', 0x0000000080002100(.l_pack_95_Start): 65d2acb7 lui     s9,0x65d2a
Info   s9 5a606509 -> 65d2a000
Info 'riscvOVPsim/cpu', 0x0000000080002104(.l_pack_95_Start+4): 137c8c93 addi    s9,s9,311
Info   s9 65d2a000 -> 65d2a137
Info 'riscvOVPsim/cpu', 0x0000000080002108(.l_pack_95_Start+8): 6ebb2937 lui     s2,0x6ebb2
Info   s2 7864536a -> 6ebb2000
Info 'riscvOVPsim/cpu', 0x000000008000210c(.l_pack_95_Start+c): f2a90913 addi    s2,s2,-214
Info   s2 6ebb2000 -> 6ebb1f2a
Info 'riscvOVPsim/cpu', 0x0000000080002110(.l_pack_95_Start+10): 092cc533 undef
Info   a0 7835626c -> 1f2aa137
Info 'riscvOVPsim/cpu', 0x0000000080002114(.l_pack_95_Start+14): 1f2aac37 lui     s8,0x1f2aa
Info   s8 5a606509 -> 1f2aa000
Info 'riscvOVPsim/cpu', 0x0000000080002118(.l_pack_95_Start+18): 137c0c13 addi    s8,s8,311
Info   s8 1f2aa000 -> 1f2aa137
Info 'riscvOVPsim/cpu', 0x000000008000211c(.l_pack_95_Start+1c): 01850a63 beq     a0,s8,80002130
Info 'riscvOVPsim/cpu', 0x0000000080002130(.l_bfp_96_Start): 4c673437 lui     s0,0x4c673
Info   s0 de55d421 -> 4c673000
Info 'riscvOVPsim/cpu', 0x0000000080002134(.l_bfp_96_Start+4): fc940413 addi    s0,s0,-55
Info   s0 4c673000 -> 4c672fc9
Info 'riscvOVPsim/cpu', 0x0000000080002138(.l_bfp_96_Start+8): 52a317b7 lui     a5,0x52a31
Info   a5 4f3a06d4 -> 52a31000
Info 'riscvOVPsim/cpu', 0x000000008000213c(.l_bfp_96_Start+c): 1c378793 addi    a5,a5,451
Info   a5 52a31000 -> 52a311c3
Info 'riscvOVPsim/cpu', 0x0000000080002140(.l_bfp_96_Start+10): 8f475b3 bfp     a1,s0,a5
Info   a1 c0a0e4af -> 4c672fd9
Info 'riscvOVPsim/cpu', 0x0000000080002144(.l_bfp_96_Start+14): 4c673337 lui     t1,0x4c673
Info   t1 65bf9da8 -> 4c673000
Info 'riscvOVPsim/cpu', 0x0000000080002148(.l_bfp_96_Start+18): fd930313 addi    t1,t1,-39
Info   t1 4c673000 -> 4c672fd9
Info 'riscvOVPsim/cpu', 0x000000008000214c(.l_bfp_96_Start+1c): 00658a63 beq     a1,t1,80002160
Info 'riscvOVPsim/cpu', 0x0000000080002160(.l_shfli_97_Start): 59b77f37 lui     t5,0x59b77
Info   t5 706b674e -> 59b77000
Info 'riscvOVPsim/cpu', 0x0000000080002164(.l_shfli_97_Start+4): e28f0f13 addi    t5,t5,-472
Info   t5 59b77000 -> 59b76e28
Info 'riscvOVPsim/cpu', 0x0000000080002168(.l_shfli_97_Start+8): aef1013 shfli   zero,t5,46
Info 'riscvOVPsim/cpu', 0x000000008000216c(.l_shfli_97_Start+c): 00000593 mv      a1,zero
Info   a1 4c672fd9 -> 00000000
Info 'riscvOVPsim/cpu', 0x0000000080002170(.l_shfli_97_Start+10): 00b00a63 beq     zero,a1,80002184
Info 'riscvOVPsim/cpu', 0x0000000080002184(.l_unshfli_98_Start): 41532637 lui     a2,0x41532
Info   a2 00068106 -> 41532000
Info 'riscvOVPsim/cpu', 0x0000000080002188(.l_unshfli_98_Start+4): ded60613 addi    a2,a2,-531
Info   a2 41532000 -> 41531ded
Info 'riscvOVPsim/cpu', 0x000000008000218c(.l_unshfli_98_Start+8): 9765d13 unshfli s10,a2,23
Info   s10 634102b4 -> 019d2e7b
Info 'riscvOVPsim/cpu', 0x0000000080002190(.l_unshfli_98_Start+c): 019d3837 lui     a6,0x19d3
Info   a6 77c9fd68 -> 019d3000
Info 'riscvOVPsim/cpu', 0x0000000080002194(.l_unshfli_98_Start+10): e7b80813 addi    a6,a6,-389
Info   a6 019d3000 -> 019d2e7b
Info 'riscvOVPsim/cpu', 0x0000000080002198(.l_unshfli_98_Start+14): 010d0a63 beq     s10,a6,800021ac
Info 'riscvOVPsim/cpu', 0x00000000800021ac(.l_andn_99_Start): 39df29b7 lui     s3,0x39df2
Info   s3 20f4bdad -> 39df2000
Info 'riscvOVPsim/cpu', 0x00000000800021b0(.l_andn_99_Start+4): 57998993 addi    s3,s3,1401
Info   s3 39df2000 -> 39df2579
Info 'riscvOVPsim/cpu', 0x00000000800021b4(.l_andn_99_Start+8): 126e0cb7 lui     s9,0x126e0
Info   s9 65d2a137 -> 126e0000
Info 'riscvOVPsim/cpu', 0x00000000800021b8(.l_andn_99_Start+c): 08bc8c93 addi    s9,s9,139
Info   s9 126e0000 -> 126e008b
Info 'riscvOVPsim/cpu', 0x00000000800021bc(.l_andn_99_Start+10): 4199f933 andn    s2,s3,s9
Info   s2 6ebb1f2a -> 29912570
Info 'riscvOVPsim/cpu', 0x00000000800021c0(.l_andn_99_Start+14): 299123b7 lui     t2,0x29912
Info   t2 70836196 -> 29912000
Info 'riscvOVPsim/cpu', 0x00000000800021c4(.l_andn_99_Start+18): 57038393 addi    t2,t2,1392
Info   t2 29912000 -> 29912570
Info 'riscvOVPsim/cpu', 0x00000000800021c8(.l_andn_99_Start+1c): 00790a63 beq     s2,t2,800021dc
Info 'riscvOVPsim/cpu', 0x00000000800021dc(.l_orn_100_Start): 5bda3137 lui     sp,0x5bda3
Info   sp 665aca49 -> 5bda3000
Info 'riscvOVPsim/cpu', 0x00000000800021e0(.l_orn_100_Start+4): 5d410113 addi    sp,sp,1492
Info   sp 5bda3000 -> 5bda35d4
Info 'riscvOVPsim/cpu', 0x00000000800021e4(.l_orn_100_Start+8): 496fbb37 lui     s6,0x496fb
Info   s6 769a091f -> 496fb000
Info 'riscvOVPsim/cpu', 0x00000000800021e8(.l_orn_100_Start+c): 218b0b13 addi    s6,s6,536
Info   s6 496fb000 -> 496fb218
Info 'riscvOVPsim/cpu', 0x00000000800021ec(.l_orn_100_Start+10): 41616033 orn     zero,sp,s6
Info 'riscvOVPsim/cpu', 0x00000000800021f0(.l_orn_100_Start+14): 00000e93 mv      t4,zero
Info   t4 5046b5a9 -> 00000000
Info 'riscvOVPsim/cpu', 0x00000000800021f4(.l_orn_100_Start+18): 01d00a63 beq     zero,t4,80002208
Info 'riscvOVPsim/cpu', 0x0000000080002208(.l_xnor_101_Start): 7f619f37 lui     t5,0x7f619
Info   t5 59b76e28 -> 7f619000
Info 'riscvOVPsim/cpu', 0x000000008000220c(.l_xnor_101_Start+4): fcdf0f13 addi    t5,t5,-51
Info   t5 7f619000 -> 7f618fcd
Info 'riscvOVPsim/cpu', 0x0000000080002210(.l_xnor_101_Start+8): 07844237 lui     tp,0x7844
Info   tp 70836196 -> 07844000
Info 'riscvOVPsim/cpu', 0x0000000080002214(.l_xnor_101_Start+c): e4520213 addi    tp,tp,-443
Info   tp 07844000 -> 07843e45
Info 'riscvOVPsim/cpu', 0x0000000080002218(.l_xnor_101_Start+10): 404f48b3 xnor    a7,t5,tp
Info   a7 53b6f738 -> 871a4e77
Info 'riscvOVPsim/cpu', 0x000000008000221c(.l_xnor_101_Start+14): 871a5cb7 lui     s9,0x871a5
Info   s9 126e008b -> 871a5000
Info 'riscvOVPsim/cpu', 0x0000000080002220(.l_xnor_101_Start+18): e77c8c93 addi    s9,s9,-393
Info   s9 871a5000 -> 871a4e77
Info 'riscvOVPsim/cpu', 0x0000000080002224(.l_xnor_101_Start+1c): 01988a63 beq     a7,s9,80002238
Info 'riscvOVPsim/cpu', 0x0000000080002238(.l_slo_102_Start): 1c2208b7 lui     a7,0x1c220
Info   a7 871a4e77 -> 1c220000
Info 'riscvOVPsim/cpu', 0x000000008000223c(.l_slo_102_Start+4): 1ff88893 addi    a7,a7,511
Info   a7 1c220000 -> 1c2201ff
Info 'riscvOVPsim/cpu', 0x0000000080002240(.l_slo_102_Start+8): 50abd337 lui     t1,0x50abd
Info   t1 4c672fd9 -> 50abd000
Info 'riscvOVPsim/cpu', 0x0000000080002244(.l_slo_102_Start+c): ec930313 addi    t1,t1,-311
Info   t1 50abd000 -> 50abcec9
Info 'riscvOVPsim/cpu', 0x0000000080002248(.l_slo_102_Start+10): 206891b3 slo     gp,a7,t1
Info   gp 29821220 -> 4403ffff
Info 'riscvOVPsim/cpu', 0x000000008000224c(.l_slo_102_Start+14): 44040237 lui     tp,0x44040
Info   tp 07843e45 -> 44040000
Info 'riscvOVPsim/cpu', 0x0000000080002250(.l_slo_102_Start+18): fff20213 addi    tp,tp,-1
Info   tp 44040000 -> 4403ffff
Info 'riscvOVPsim/cpu', 0x0000000080002254(.l_slo_102_Start+1c): 00418a63 beq     gp,tp,80002268
Info 'riscvOVPsim/cpu', 0x0000000080002268(.l_sro_103_Start): 6ce00cb7 lui     s9,0x6ce00
Info   s9 871a4e77 -> 6ce00000
Info 'riscvOVPsim/cpu', 0x000000008000226c(.l_sro_103_Start+4): 443c8c93 addi    s9,s9,1091
Info   s9 6ce00000 -> 6ce00443
Info 'riscvOVPsim/cpu', 0x0000000080002270(.l_sro_103_Start+8): 79f0dab7 lui     s5,0x79f0d
Info   s5 7864536a -> 79f0d000
Info 'riscvOVPsim/cpu', 0x0000000080002274(.l_sro_103_Start+c): 62fa8a93 addi    s5,s5,1583
Info   s5 79f0d000 -> 79f0d62f
Info 'riscvOVPsim/cpu', 0x0000000080002278(.l_sro_103_Start+10): 215cd533 sro     a0,s9,s5
Info   a0 1f2aa137 -> fffed9c0
Info 'riscvOVPsim/cpu', 0x000000008000227c(.l_sro_103_Start+14): fffee8b7 lui     a7,0xfffee
Info   a7 1c2201ff -> fffee000
Info 'riscvOVPsim/cpu', 0x0000000080002280(.l_sro_103_Start+18): 9c088893 addi    a7,a7,-1600
Info   a7 fffee000 -> fffed9c0
Info 'riscvOVPsim/cpu', 0x0000000080002284(.l_sro_103_Start+1c): 01150a63 beq     a0,a7,80002298
Info 'riscvOVPsim/cpu', 0x0000000080002298(.l_rol_104_Start): 44b40ab7 lui     s5,0x44b40
Info   s5 79f0d62f -> 44b40000
Info 'riscvOVPsim/cpu', 0x000000008000229c(.l_rol_104_Start+4): a61a8a93 addi    s5,s5,-1439
Info   s5 44b40000 -> 44b3fa61
Info 'riscvOVPsim/cpu', 0x00000000800022a0(.l_rol_104_Start+8): 1c0ca137 lui     sp,0x1c0ca
Info   sp 5bda35d4 -> 1c0ca000
Info 'riscvOVPsim/cpu', 0x00000000800022a4(.l_rol_104_Start+c): 67c10113 addi    sp,sp,1660
Info   sp 1c0ca000 -> 1c0ca67c
Info 'riscvOVPsim/cpu', 0x00000000800022a8(.l_rol_104_Start+10): 602a9733 rol     a4,s5,sp
Info   a4 29821220 -> 144b3fa6
Info 'riscvOVPsim/cpu', 0x00000000800022ac(.l_rol_104_Start+14): 144b49b7 lui     s3,0x144b4
Info   s3 39df2579 -> 144b4000
Info 'riscvOVPsim/cpu', 0x00000000800022b0(.l_rol_104_Start+18): fa698993 addi    s3,s3,-90
Info   s3 144b4000 -> 144b3fa6
Info 'riscvOVPsim/cpu', 0x00000000800022b4(.l_rol_104_Start+1c): 01370a63 beq     a4,s3,800022c8
Info 'riscvOVPsim/cpu', 0x00000000800022c8(.l_ror_105_Start): 7bcfc137 lui     sp,0x7bcfc
Info   sp 1c0ca67c -> 7bcfc000
Info 'riscvOVPsim/cpu', 0x00000000800022cc(.l_ror_105_Start+4): afc10113 addi    sp,sp,-1284
Info   sp 7bcfc000 -> 7bcfbafc
Info 'riscvOVPsim/cpu', 0x00000000800022d0(.l_ror_105_Start+8): 1785af37 lui     t5,0x1785a
Info   t5 7f618fcd -> 1785a000
Info 'riscvOVPsim/cpu', 0x00000000800022d4(.l_ror_105_Start+c): f72f0f13 addi    t5,t5,-142
Info   t5 1785a000 -> 17859f72
Info 'riscvOVPsim/cpu', 0x00000000800022d8(.l_ror_105_Start+10): 61e159b3 ror     s3,sp,t5
Info   s3 144b3fa6 -> eebf1ef3
Info 'riscvOVPsim/cpu', 0x00000000800022dc(.l_ror_105_Start+14): eebf2537 lui     a0,0xeebf2
Info   a0 fffed9c0 -> eebf2000
Info 'riscvOVPsim/cpu', 0x00000000800022e0(.l_ror_105_Start+18): ef350513 addi    a0,a0,-269
Info   a0 eebf2000 -> eebf1ef3
Info 'riscvOVPsim/cpu', 0x00000000800022e4(.l_ror_105_Start+1c): 00a98a63 beq     s3,a0,800022f8
Info 'riscvOVPsim/cpu', 0x00000000800022f8(.l_sbclr_106_Start): 20f896b7 lui     a3,0x20f89
Info   a3 298a92ba -> 20f89000
Info 'riscvOVPsim/cpu', 0x00000000800022fc(.l_sbclr_106_Start+4): ea668693 addi    a3,a3,-346
Info   a3 20f89000 -> 20f88ea6
Info 'riscvOVPsim/cpu', 0x0000000080002300(.l_sbclr_106_Start+8): 617c88b7 lui     a7,0x617c8
Info   a7 fffed9c0 -> 617c8000
Info 'riscvOVPsim/cpu', 0x0000000080002304(.l_sbclr_106_Start+c): 43e88893 addi    a7,a7,1086
Info   a7 617c8000 -> 617c843e
Info 'riscvOVPsim/cpu', 0x0000000080002308(.l_sbclr_106_Start+10): 491690b3 sbclr   ra,a3,a7
Info   ra 00000001 -> 20f88ea6
Info 'riscvOVPsim/cpu', 0x000000008000230c(.l_sbclr_106_Start+14): 20f89137 lui     sp,0x20f89
Info   sp 7bcfbafc -> 20f89000
Info 'riscvOVPsim/cpu', 0x0000000080002310(.l_sbclr_106_Start+18): ea610113 addi    sp,sp,-346
Info   sp 20f89000 -> 20f88ea6
Info 'riscvOVPsim/cpu', 0x0000000080002314(.l_sbclr_106_Start+1c): 00208a63 beq     ra,sp,80002328
Info 'riscvOVPsim/cpu', 0x0000000080002328(.l_sbset_107_Start): 46f834b7 lui     s1,0x46f83
Info   s1 99aebca7 -> 46f83000
Info 'riscvOVPsim/cpu', 0x000000008000232c(.l_sbset_107_Start+4): 84b48493 addi    s1,s1,-1973
Info   s1 46f83000 -> 46f8284b
Info 'riscvOVPsim/cpu', 0x0000000080002330(.l_sbset_107_Start+8): 4fa327b7 lui     a5,0x4fa32
Info   a5 52a311c3 -> 4fa32000
Info 'riscvOVPsim/cpu', 0x0000000080002334(.l_sbset_107_Start+c): 7ce78793 addi    a5,a5,1998
Info   a5 4fa32000 -> 4fa327ce
Info 'riscvOVPsim/cpu', 0x0000000080002338(.l_sbset_107_Start+10): 28f495b3 sbset   a1,s1,a5
Info   a1 00000000 -> 46f8684b
Info 'riscvOVPsim/cpu', 0x000000008000233c(.l_sbset_107_Start+14): 46f870b7 lui     ra,0x46f87
Info   ra 20f88ea6 -> 46f87000
Info 'riscvOVPsim/cpu', 0x0000000080002340(.l_sbset_107_Start+18): 84b08093 addi    ra,ra,-1973
Info   ra 46f87000 -> 46f8684b
Info 'riscvOVPsim/cpu', 0x0000000080002344(.l_sbset_107_Start+1c): 00158a63 beq     a1,ra,80002358
Info 'riscvOVPsim/cpu', 0x0000000080002358(.l_sbinv_108_Start): 7550aab7 lui     s5,0x7550a
Info   s5 44b3fa61 -> 7550a000
Info 'riscvOVPsim/cpu', 0x000000008000235c(.l_sbinv_108_Start+4): d76a8a93 addi    s5,s5,-650
Info   s5 7550a000 -> 75509d76
Info 'riscvOVPsim/cpu', 0x0000000080002360(.l_sbinv_108_Start+8): 1af7f3b7 lui     t2,0x1af7f
Info   t2 29912570 -> 1af7f000
Info 'riscvOVPsim/cpu', 0x0000000080002364(.l_sbinv_108_Start+c): 0ea38393 addi    t2,t2,234
Info   t2 1af7f000 -> 1af7f0ea
Info 'riscvOVPsim/cpu', 0x0000000080002368(.l_sbinv_108_Start+10): 687a9d33 sbinv   s10,s5,t2
Info   s10 019d2e7b -> 75509976
Info 'riscvOVPsim/cpu', 0x000000008000236c(.l_sbinv_108_Start+14): 7550a1b7 lui     gp,0x7550a
Info   gp 4403ffff -> 7550a000
Info 'riscvOVPsim/cpu', 0x0000000080002370(.l_sbinv_108_Start+18): 97618193 addi    gp,gp,-1674
Info   gp 7550a000 -> 75509976
Info 'riscvOVPsim/cpu', 0x0000000080002374(.l_sbinv_108_Start+1c): 003d0a63 beq     s10,gp,80002388
Info 'riscvOVPsim/cpu', 0x0000000080002388(.l_sbext_109_Start): 1978f237 lui     tp,0x1978f
Info   tp 4403ffff -> 1978f000
Info 'riscvOVPsim/cpu', 0x000000008000238c(.l_sbext_109_Start+4): beb20213 addi    tp,tp,-1045
Info   tp 1978f000 -> 1978ebeb
Info 'riscvOVPsim/cpu', 0x0000000080002390(.l_sbext_109_Start+8): 52c13fb7 lui     t6,0x52c13
Info   t6 56c28e34 -> 52c13000
Info 'riscvOVPsim/cpu', 0x0000000080002394(.l_sbext_109_Start+c): c61f8f93 addi    t6,t6,-927
Info   t6 52c13000 -> 52c12c61
Info 'riscvOVPsim/cpu', 0x0000000080002398(.l_sbext_109_Start+10): 49f25f33 sbext   t5,tp,t6
Info   t5 17859f72 -> 00000001
Info 'riscvOVPsim/cpu', 0x000000008000239c(.l_sbext_109_Start+14): 00100813 addi    a6,zero,1
Info   a6 019d2e7b -> 00000001
Info 'riscvOVPsim/cpu', 0x00000000800023a0(.l_sbext_109_Start+18): 010f0a63 beq     t5,a6,800023b4
Info 'riscvOVPsim/cpu', 0x00000000800023b4(.l_grev_110_Start): 47caaf37 lui     t5,0x47caa
Info   t5 00000001 -> 47caa000
Info 'riscvOVPsim/cpu', 0x00000000800023b8(.l_grev_110_Start+4): 567f0f13 addi    t5,t5,1383
Info   t5 47caa000 -> 47caa567
Info 'riscvOVPsim/cpu', 0x00000000800023bc(.l_grev_110_Start+8): 4824a1b7 lui     gp,0x4824a
Info   gp 75509976 -> 4824a000
Info 'riscvOVPsim/cpu', 0x00000000800023c0(.l_grev_110_Start+c): dbf18193 addi    gp,gp,-577
Info   gp 4824a000 -> 48249dbf
Info 'riscvOVPsim/cpu', 0x00000000800023c4(.l_grev_110_Start+10): 683f5eb3 grev    t4,t5,gp
Info   t4 00000000 -> e6a553e2
Info 'riscvOVPsim/cpu', 0x00000000800023c8(.l_grev_110_Start+14): e6a55337 lui     t1,0xe6a55
Info   t1 50abcec9 -> e6a55000
Info 'riscvOVPsim/cpu', 0x00000000800023cc(.l_grev_110_Start+18): 3e230313 addi    t1,t1,994
Info   t1 e6a55000 -> e6a553e2
Info 'riscvOVPsim/cpu', 0x00000000800023d0(.l_grev_110_Start+1c): 006e8a63 beq     t4,t1,800023e4
Info 'riscvOVPsim/cpu', 0x00000000800023e4(.l_sloi_111_Start): 763b94b7 lui     s1,0x763b9
Info   s1 46f8284b -> 763b9000
Info 'riscvOVPsim/cpu', 0x00000000800023e8(.l_sloi_111_Start+4): c4e48493 addi    s1,s1,-946
Info   s1 763b9000 -> 763b8c4e
Info 'riscvOVPsim/cpu', 0x00000000800023ec(.l_sloi_111_Start+8): 20c49693 sloi    a3,s1,12
Info   a3 20f88ea6 -> b8c4efff
Info 'riscvOVPsim/cpu', 0x00000000800023f0(.l_sloi_111_Start+c): b8c4f2b7 lui     t0,0xb8c4f
Info   t0 1dd6d6f4 -> b8c4f000
Info 'riscvOVPsim/cpu', 0x00000000800023f4(.l_sloi_111_Start+10): fff28293 addi    t0,t0,-1
Info   t0 b8c4f000 -> b8c4efff
Info 'riscvOVPsim/cpu', 0x00000000800023f8(.l_sloi_111_Start+14): 00568a63 beq     a3,t0,8000240c
Info 'riscvOVPsim/cpu', 0x000000008000240c(.l_sroi_112_Start): 16270eb7 lui     t4,0x16270
Info   t4 e6a553e2 -> 16270000
Info 'riscvOVPsim/cpu', 0x0000000080002410(.l_sroi_112_Start+4): b8ce8e93 addi    t4,t4,-1140
Info   t4 16270000 -> 1626fb8c
Info 'riscvOVPsim/cpu', 0x0000000080002414(.l_sroi_112_Start+8): 239ed913 sroi    s2,t4,57
Info   s2 29912570 -> ffffff8b
Info 'riscvOVPsim/cpu', 0x0000000080002418(.l_sroi_112_Start+c): f8b00393 addi    t2,zero,-117
Info   t2 1af7f0ea -> ffffff8b
Info 'riscvOVPsim/cpu', 0x000000008000241c(.l_sroi_112_Start+10): 00790a63 beq     s2,t2,80002430
Info 'riscvOVPsim/cpu', 0x0000000080002430(.l_rori_113_Start): 7b9b73b7 lui     t2,0x7b9b7
Info   t2 ffffff8b -> 7b9b7000
Info 'riscvOVPsim/cpu', 0x0000000080002434(.l_rori_113_Start+4): 43c38393 addi    t2,t2,1084
Info   t2 7b9b7000 -> 7b9b743c
Info 'riscvOVPsim/cpu', 0x0000000080002438(.l_rori_113_Start+8): 61b3d513 rori    a0,t2,27
Info   a0 eebf1ef3 -> 736e878f
Info 'riscvOVPsim/cpu', 0x000000008000243c(.l_rori_113_Start+c): 736e8937 lui     s2,0x736e8
Info   s2 ffffff8b -> 736e8000
Info 'riscvOVPsim/cpu', 0x0000000080002440(.l_rori_113_Start+10): 78f90913 addi    s2,s2,1935
Info   s2 736e8000 -> 736e878f
Info 'riscvOVPsim/cpu', 0x0000000080002444(.l_rori_113_Start+14): 01250a63 beq     a0,s2,80002458
Info 'riscvOVPsim/cpu', 0x0000000080002458(.l_sbclri_114_Start): 73209a37 lui     s4,0x73209
Info   s4 53b6f738 -> 73209000
Info 'riscvOVPsim/cpu', 0x000000008000245c(.l_sbclri_114_Start+4): 072a0a13 addi    s4,s4,114
Info   s4 73209000 -> 73209072
Info 'riscvOVPsim/cpu', 0x0000000080002460(.l_sbclri_114_Start+8): 4b2a1113 sbclri  sp,s4,50
Info   sp 20f88ea6 -> 73209072
Info 'riscvOVPsim/cpu', 0x0000000080002464(.l_sbclri_114_Start+c): 732097b7 lui     a5,0x73209
Info   a5 4fa327ce -> 73209000
Info 'riscvOVPsim/cpu', 0x0000000080002468(.l_sbclri_114_Start+10): 07278793 addi    a5,a5,114
Info   a5 73209000 -> 73209072
Info 'riscvOVPsim/cpu', 0x000000008000246c(.l_sbclri_114_Start+14): 00f10a63 beq     sp,a5,80002480
Info 'riscvOVPsim/cpu', 0x0000000080002480(.l_sbseti_115_Start): 0fa86637 lui     a2,0xfa86
Info   a2 41531ded -> 0fa86000
Info 'riscvOVPsim/cpu', 0x0000000080002484(.l_sbseti_115_Start+4): f4d60613 addi    a2,a2,-179
Info   a2 0fa86000 -> 0fa85f4d
Info 'riscvOVPsim/cpu', 0x0000000080002488(.l_sbseti_115_Start+8): 2b361b13 sbseti  s6,a2,51
Info   s6 496fb218 -> 0fa85f4d
Info 'riscvOVPsim/cpu', 0x000000008000248c(.l_sbseti_115_Start+c): 0fa865b7 lui     a1,0xfa86
Info   a1 46f8684b -> 0fa86000
Info 'riscvOVPsim/cpu', 0x0000000080002490(.l_sbseti_115_Start+10): f4d58593 addi    a1,a1,-179
Info   a1 0fa86000 -> 0fa85f4d
Info 'riscvOVPsim/cpu', 0x0000000080002494(.l_sbseti_115_Start+14): 00bb0a63 beq     s6,a1,800024a8
Info 'riscvOVPsim/cpu', 0x00000000800024a8(.l_sbinvi_116_Start): 00000013 nop
Info 'riscvOVPsim/cpu', 0x00000000800024ac(.l_sbinvi_116_Start+4): 69001813 sbinvi  a6,zero,16
Info   a6 00000001 -> 00010000
Info 'riscvOVPsim/cpu', 0x00000000800024b0(.l_sbinvi_116_Start+8): 000106b7 lui     a3,0x10
Info   a3 b8c4efff -> 00010000
Info 'riscvOVPsim/cpu', 0x00000000800024b4(.l_sbinvi_116_Start+c): 00d80a63 beq     a6,a3,800024c8
Info 'riscvOVPsim/cpu', 0x00000000800024c8(.l_sbexti_117_Start): 5024e7b7 lui     a5,0x5024e
Info   a5 73209072 -> 5024e000
Info 'riscvOVPsim/cpu', 0x00000000800024cc(.l_sbexti_117_Start+4): e5b78793 addi    a5,a5,-421
Info   a5 5024e000 -> 5024de5b
Info 'riscvOVPsim/cpu', 0x00000000800024d0(.l_sbexti_117_Start+8): 4997d393 sbexti  t2,a5,25
Info   t2 7b9b743c -> 00000000
Info 'riscvOVPsim/cpu', 0x00000000800024d4(.l_sbexti_117_Start+c): 00000813 mv      a6,zero
Info   a6 00010000 -> 00000000
Info 'riscvOVPsim/cpu', 0x00000000800024d8(.l_sbexti_117_Start+10): 01038a63 beq     t2,a6,800024ec
Info 'riscvOVPsim/cpu', 0x00000000800024ec(.l_grevi_118_Start): 01c66fb7 lui     t6,0x1c66
Info   t6 52c12c61 -> 01c66000
Info 'riscvOVPsim/cpu', 0x00000000800024f0(.l_grevi_118_Start+4): e98f8f93 addi    t6,t6,-360
Info   t6 01c66000 -> 01c65e98
Info 'riscvOVPsim/cpu', 0x00000000800024f4(.l_grevi_118_Start+8): 68efdb93 grevi   s7,t6,14
Info   s7 0e0bb885 -> 934026b5
Info 'riscvOVPsim/cpu', 0x00000000800024f8(.l_grevi_118_Start+c): 93402237 lui     tp,0x93402
Info   tp 1978ebeb -> 93402000
Info 'riscvOVPsim/cpu', 0x00000000800024fc(.l_grevi_118_Start+10): 6b520213 addi    tp,tp,1717
Info   tp 93402000 -> 934026b5
Info 'riscvOVPsim/cpu', 0x0000000080002500(.l_grevi_118_Start+14): 004b8a63 beq     s7,tp,80002514
Info 'riscvOVPsim/cpu', 0x0000000080002514(.l_cmix_119_Start): 4e9f00b7 lui     ra,0x4e9f0
Info   ra 46f8684b -> 4e9f0000
Info 'riscvOVPsim/cpu', 0x0000000080002518(.l_cmix_119_Start+4): b0d08093 addi    ra,ra,-1267
Info   ra 4e9f0000 -> 4e9efb0d
Info 'riscvOVPsim/cpu', 0x000000008000251c(.l_cmix_119_Start+8): 090801b7 lui     gp,0x9080
Info   gp 48249dbf -> 09080000
Info 'riscvOVPsim/cpu', 0x0000000080002520(.l_cmix_119_Start+c): 2be18193 addi    gp,gp,702
Info   gp 09080000 -> 090802be
Info 'riscvOVPsim/cpu', 0x0000000080002524(.l_cmix_119_Start+10): 326648b7 lui     a7,0x32664
Info   a7 617c843e -> 32664000
Info 'riscvOVPsim/cpu', 0x0000000080002528(.l_cmix_119_Start+14): 59b88893 addi    a7,a7,1435
Info   a7 32664000 -> 3266459b
Info 'riscvOVPsim/cpu', 0x000000008000252c(.l_cmix_119_Start+18): 8e309533 cmix    a0,ra,gp,a7
Info   a0 736e878f -> 3a6e470d
Info 'riscvOVPsim/cpu', 0x0000000080002530(.l_cmix_119_Start+1c): 3a6e4a37 lui     s4,0x3a6e4
Info   s4 73209072 -> 3a6e4000
Info 'riscvOVPsim/cpu', 0x0000000080002534(.l_cmix_119_Start+20): 70da0a13 addi    s4,s4,1805
Info   s4 3a6e4000 -> 3a6e470d
Info 'riscvOVPsim/cpu', 0x0000000080002538(.l_cmix_119_Start+24): 01450a63 beq     a0,s4,8000254c
Info 'riscvOVPsim/cpu', 0x000000008000254c(.l_cmov_120_Start): 487815b7 lui     a1,0x48781
Info   a1 0fa85f4d -> 48781000
Info 'riscvOVPsim/cpu', 0x0000000080002550(.l_cmov_120_Start+4): 40158593 addi    a1,a1,1025
Info   a1 48781000 -> 48781401
Info 'riscvOVPsim/cpu', 0x0000000080002554(.l_cmov_120_Start+8): 18693737 lui     a4,0x18693
Info   a4 144b3fa6 -> 18693000
Info 'riscvOVPsim/cpu', 0x0000000080002558(.l_cmov_120_Start+c): 8d670713 addi    a4,a4,-1834
Info   a4 18693000 -> 186928d6
Info 'riscvOVPsim/cpu', 0x000000008000255c(.l_cmov_120_Start+10): 04719ab7 lui     s5,0x4719
Info   s5 75509d76 -> 04719000
Info 'riscvOVPsim/cpu', 0x0000000080002560(.l_cmov_120_Start+14): 5e5a8a93 addi    s5,s5,1509
Info   s5 04719000 -> 047195e5
Info 'riscvOVPsim/cpu', 0x0000000080002564(.l_cmov_120_Start+18): aee5dfb3 cmov    t6,a1,a4,s5
Info   t6 01c65e98 -> 48781401
Info 'riscvOVPsim/cpu', 0x0000000080002568(.l_cmov_120_Start+1c): 48781b37 lui     s6,0x48781
Info   s6 0fa85f4d -> 48781000
Info 'riscvOVPsim/cpu', 0x000000008000256c(.l_cmov_120_Start+20): 401b0b13 addi    s6,s6,1025
Info   s6 48781000 -> 48781401
Info 'riscvOVPsim/cpu', 0x0000000080002570(.l_cmov_120_Start+24): 016f8a63 beq     t6,s6,80002584
Info 'riscvOVPsim/cpu', 0x0000000080002584(.l_fsl_121_Start): 0490bb37 lui     s6,0x490b
Info   s6 48781401 -> 0490b000
Info 'riscvOVPsim/cpu', 0x0000000080002588(.l_fsl_121_Start+4): 7c5b0b13 addi    s6,s6,1989
Info   s6 0490b000 -> 0490b7c5
Info 'riscvOVPsim/cpu', 0x000000008000258c(.l_fsl_121_Start+8): 0490bb37 lui     s6,0x490b
Info   s6 0490b7c5 -> 0490b000
Info 'riscvOVPsim/cpu', 0x0000000080002590(.l_fsl_121_Start+c): 7c5b0b13 addi    s6,s6,1989
Info   s6 0490b000 -> 0490b7c5
Info 'riscvOVPsim/cpu', 0x0000000080002594(.l_fsl_121_Start+10): 19b8aeb7 lui     t4,0x19b8a
Info   t4 1626fb8c -> 19b8a000
Info 'riscvOVPsim/cpu', 0x0000000080002598(.l_fsl_121_Start+14): 08ee8e93 addi    t4,t4,142
Info   t4 19b8a000 -> 19b8a08e
Info 'riscvOVPsim/cpu', 0x000000008000259c(.l_fsl_121_Start+18): ed6b1933 fsl     s2,s6,s6,t4
Info   s2 736e878f -> 9216f8a3
Info 'riscvOVPsim/cpu', 0x00000000800025a0(.l_fsl_121_Start+1c): 92170437 lui     s0,0x92170
Info   s0 4c672fc9 -> 92170000
Info 'riscvOVPsim/cpu', 0x00000000800025a4(.l_fsl_121_Start+20): 8a340413 addi    s0,s0,-1885
Info   s0 92170000 -> 9216f8a3
Info 'riscvOVPsim/cpu', 0x00000000800025a8(.l_fsl_121_Start+24): 00890a63 beq     s2,s0,800025bc
Info 'riscvOVPsim/cpu', 0x00000000800025bc(.l_fsr_122_Start): 2bb5b737 lui     a4,0x2bb5b
Info   a4 186928d6 -> 2bb5b000
Info 'riscvOVPsim/cpu', 0x00000000800025c0(.l_fsr_122_Start+4): 1c670713 addi    a4,a4,454
Info   a4 2bb5b000 -> 2bb5b1c6
Info 'riscvOVPsim/cpu', 0x00000000800025c4(.l_fsr_122_Start+8): 066be6b7 lui     a3,0x66be
Info   a3 00010000 -> 066be000
Info 'riscvOVPsim/cpu', 0x00000000800025c8(.l_fsr_122_Start+c): 6b968693 addi    a3,a3,1721
Info   a3 066be000 -> 066be6b9
Info 'riscvOVPsim/cpu', 0x00000000800025cc(.l_fsr_122_Start+10): 622347b7 lui     a5,0x62234
Info   a5 5024de5b -> 62234000
Info 'riscvOVPsim/cpu', 0x00000000800025d0(.l_fsr_122_Start+14): 36378793 addi    a5,a5,867
Info   a5 62234000 -> 62234363
Info 'riscvOVPsim/cpu', 0x00000000800025d4(.l_fsr_122_Start+18): 7cd750b3 fsr     ra,a4,a3,a5
Info   ra 4e9efb0d -> dad8e331
Info 'riscvOVPsim/cpu', 0x00000000800025d8(.l_fsr_122_Start+1c): dad8e337 lui     t1,0xdad8e
Info   t1 e6a553e2 -> dad8e000
Info 'riscvOVPsim/cpu', 0x00000000800025dc(.l_fsr_122_Start+20): 33130313 addi    t1,t1,817
Info   t1 dad8e000 -> dad8e331
Info 'riscvOVPsim/cpu', 0x00000000800025e0(.l_fsr_122_Start+24): 00608a63 beq     ra,t1,800025f4
Info 'riscvOVPsim/cpu', 0x00000000800025f4(.l_fsri_123_Start): 2622b537 lui     a0,0x2622b
Info   a0 3a6e470d -> 2622b000
Info 'riscvOVPsim/cpu', 0x00000000800025f8(.l_fsri_123_Start+4): d0c50513 addi    a0,a0,-756
Info   a0 2622b000 -> 2622ad0c
Info 'riscvOVPsim/cpu', 0x00000000800025fc(.l_fsri_123_Start+8): 67997fb7 lui     t6,0x67997
Info   t6 48781401 -> 67997000
Info 'riscvOVPsim/cpu', 0x0000000080002600(.l_fsri_123_Start+c): 556f8f93 addi    t6,t6,1366
Info   t6 67997000 -> 67997556
Info 'riscvOVPsim/cpu', 0x0000000080002604(.l_fsri_123_Start+10): fd055493 fsri    s1,a0,t6,16
Info   s1 763b8c4e -> 75562622
Info 'riscvOVPsim/cpu', 0x0000000080002608(.l_fsri_123_Start+14): 755626b7 lui     a3,0x75562
Info   a3 066be6b9 -> 75562000
Info 'riscvOVPsim/cpu', 0x000000008000260c(.l_fsri_123_Start+18): 62268693 addi    a3,a3,1570
Info   a3 75562000 -> 75562622
Info 'riscvOVPsim/cpu', 0x0000000080002610(.l_fsri_123_Start+1c): 00d48a63 beq     s1,a3,80002624
Info 'riscvOVPsim/cpu', 0x0000000080002624(.l_clz_124_Start): 0cfc7d37 lui     s10,0xcfc7
Info   s10 75509976 -> 0cfc7000
Info 'riscvOVPsim/cpu', 0x0000000080002628(.l_clz_124_Start+4): 321d0d13 addi    s10,s10,801
Info   s10 0cfc7000 -> 0cfc7321
Info 'riscvOVPsim/cpu', 0x000000008000262c(.l_clz_124_Start+8): 600d1493 clz     s1,s10
Info   s1 75562622 -> 00000004
Info 'riscvOVPsim/cpu', 0x0000000080002630(.l_clz_124_Start+c): 00400193 addi    gp,zero,4
Info   gp 090802be -> 00000004
Info 'riscvOVPsim/cpu', 0x0000000080002634(.l_clz_124_Start+10): 00348a63 beq     s1,gp,80002648
Info 'riscvOVPsim/cpu', 0x0000000080002648(.l_ctz_125_Start): 4b6840b7 lui     ra,0x4b684
Info   ra dad8e331 -> 4b684000
Info 'riscvOVPsim/cpu', 0x000000008000264c(.l_ctz_125_Start+4): d0d08093 addi    ra,ra,-755
Info   ra 4b684000 -> 4b683d0d
Info 'riscvOVPsim/cpu', 0x0000000080002650(.l_ctz_125_Start+8): 60109d93 ctz     s11,ra
Info   s11 00068106 -> 00000000
Info 'riscvOVPsim/cpu', 0x0000000080002654(.l_ctz_125_Start+c): 00000713 mv      a4,zero
Info   a4 2bb5b1c6 -> 00000000
Info 'riscvOVPsim/cpu', 0x0000000080002658(.l_ctz_125_Start+10): 00ed8a63 beq     s11,a4,8000266c
Info 'riscvOVPsim/cpu', 0x000000008000266c(.l_pcnt_126_Start): 072bceb7 lui     t4,0x72bc
Info   t4 19b8a08e -> 072bc000
Info 'riscvOVPsim/cpu', 0x0000000080002670(.l_pcnt_126_Start+4): c16e8e93 addi    t4,t4,-1002
Info   t4 072bc000 -> 072bbc16
Info 'riscvOVPsim/cpu', 0x0000000080002674(.l_pcnt_126_Start+8): 602e9c13 pcnt    s8,t4
Info   s8 1f2aa137 -> 0000000f
Info 'riscvOVPsim/cpu', 0x0000000080002678(.l_pcnt_126_Start+c): 00f00413 addi    s0,zero,15
Info   s0 9216f8a3 -> 0000000f
Info 'riscvOVPsim/cpu', 0x000000008000267c(.l_pcnt_126_Start+10): 008c0a63 beq     s8,s0,80002690
Info 'riscvOVPsim/cpu', 0x0000000080002690(.l_crc32_b_127_Start): 4b2330b7 lui     ra,0x4b233
Info   ra 4b683d0d -> 4b233000
Info 'riscvOVPsim/cpu', 0x0000000080002694(.l_crc32_b_127_Start+4): ee308093 addi    ra,ra,-285
Info   ra 4b233000 -> 4b232ee3
Info 'riscvOVPsim/cpu', 0x0000000080002698(.l_crc32_b_127_Start+8): 61009113 crc32.b sp,ra
Info   sp 73209072 -> 394890ec
Info 'riscvOVPsim/cpu', 0x000000008000269c(.l_crc32_b_127_Start+c): 394894b7 lui     s1,0x39489
Info   s1 00000004 -> 39489000
Info 'riscvOVPsim/cpu', 0x00000000800026a0(.l_crc32_b_127_Start+10): 0ec48493 addi    s1,s1,236
Info   s1 39489000 -> 394890ec
Info 'riscvOVPsim/cpu', 0x00000000800026a4(.l_crc32_b_127_Start+14): 00910a63 beq     sp,s1,800026b8
Info 'riscvOVPsim/cpu', 0x00000000800026b8(.l_crc32_h_128_Start): 6863f937 lui     s2,0x6863f
Info   s2 9216f8a3 -> 6863f000
Info 'riscvOVPsim/cpu', 0x00000000800026bc(.l_crc32_h_128_Start+4): 8d290913 addi    s2,s2,-1838
Info   s2 6863f000 -> 6863e8d2
Info 'riscvOVPsim/cpu', 0x00000000800026c0(.l_crc32_h_128_Start+8): 61191793 crc32.h a5,s2
Info   a5 62234363 -> 1ddfa5b4
Info 'riscvOVPsim/cpu', 0x00000000800026c4(.l_crc32_h_128_Start+c): 1ddfa2b7 lui     t0,0x1ddfa
Info   t0 b8c4efff -> 1ddfa000
Info 'riscvOVPsim/cpu', 0x00000000800026c8(.l_crc32_h_128_Start+10): 5b428293 addi    t0,t0,1460
Info   t0 1ddfa000 -> 1ddfa5b4
Info 'riscvOVPsim/cpu', 0x00000000800026cc(.l_crc32_h_128_Start+14): 00578a63 beq     a5,t0,800026e0
Info 'riscvOVPsim/cpu', 0x00000000800026e0(.l_crc32_w_129_Start): 5d5ce5b7 lui     a1,0x5d5ce
Info   a1 48781401 -> 5d5ce000
Info 'riscvOVPsim/cpu', 0x00000000800026e4(.l_crc32_w_129_Start+4): 76158593 addi    a1,a1,1889
Info   a1 5d5ce000 -> 5d5ce761
Info 'riscvOVPsim/cpu', 0x00000000800026e8(.l_crc32_w_129_Start+8): 61259c13 crc32.w s8,a1
Info   s8 0000000f -> 2ce36952
Info 'riscvOVPsim/cpu', 0x00000000800026ec(.l_crc32_w_129_Start+c): 2ce37fb7 lui     t6,0x2ce37
Info   t6 67997556 -> 2ce37000
Info 'riscvOVPsim/cpu', 0x00000000800026f0(.l_crc32_w_129_Start+10): 952f8f93 addi    t6,t6,-1710
Info   t6 2ce37000 -> 2ce36952
Info 'riscvOVPsim/cpu', 0x00000000800026f4(.l_crc32_w_129_Start+14): 01fc0a63 beq     s8,t6,80002708
Info 'riscvOVPsim/cpu', 0x0000000080002708(.l_crc32c_b_130_Start): 44e2fab7 lui     s5,0x44e2f
Info   s5 047195e5 -> 44e2f000
Info 'riscvOVPsim/cpu', 0x000000008000270c(.l_crc32c_b_130_Start+4): d6ca8a93 addi    s5,s5,-660
Info   s5 44e2f000 -> 44e2ed6c
Info 'riscvOVPsim/cpu', 0x0000000080002710(.l_crc32c_b_130_Start+8): 618a9a93 crc32c.b s5,s5
Info   s5 44e2ed6c -> 2cc1be5f
Info 'riscvOVPsim/cpu', 0x0000000080002714(.l_crc32c_b_130_Start+c): 2cc1c537 lui     a0,0x2cc1c
Info   a0 2622ad0c -> 2cc1c000
Info 'riscvOVPsim/cpu', 0x0000000080002718(.l_crc32c_b_130_Start+10): e5f50513 addi    a0,a0,-417
Info   a0 2cc1c000 -> 2cc1be5f
Info 'riscvOVPsim/cpu', 0x000000008000271c(.l_crc32c_b_130_Start+14): 00aa8a63 beq     s5,a0,80002730
Info 'riscvOVPsim/cpu', 0x0000000080002730(.l_crc32c_h_131_Start): 1a54deb7 lui     t4,0x1a54d
Info   t4 072bbc16 -> 1a54d000
Info 'riscvOVPsim/cpu', 0x0000000080002734(.l_crc32c_h_131_Start+4): 7bce8e93 addi    t4,t4,1980
Info   t4 1a54d000 -> 1a54d7bc
Info 'riscvOVPsim/cpu', 0x0000000080002738(.l_crc32c_h_131_Start+8): 619e9993 crc32c.h s3,t4
Info   s3 eebf1ef3 -> 6f0ad50a
Info 'riscvOVPsim/cpu', 0x000000008000273c(.l_crc32c_h_131_Start+c): 6f0ad4b7 lui     s1,0x6f0ad
Info   s1 394890ec -> 6f0ad000
Info 'riscvOVPsim/cpu', 0x0000000080002740(.l_crc32c_h_131_Start+10): 50a48493 addi    s1,s1,1290
Info   s1 6f0ad000 -> 6f0ad50a
Info 'riscvOVPsim/cpu', 0x0000000080002744(.l_crc32c_h_131_Start+14): 00998a63 beq     s3,s1,80002758
Info 'riscvOVPsim/cpu', 0x0000000080002758(.l_crc32c_w_132_Start): 570716b7 lui     a3,0x57071
Info   a3 75562622 -> 57071000
Info 'riscvOVPsim/cpu', 0x000000008000275c(.l_crc32c_w_132_Start+4): 61368693 addi    a3,a3,1555
Info   a3 57071000 -> 57071613
Info 'riscvOVPsim/cpu', 0x0000000080002760(.l_crc32c_w_132_Start+8): 61a69b93 crc32c.w s7,a3
Info   s7 934026b5 -> d5d7c4e4
Info 'riscvOVPsim/cpu', 0x0000000080002764(.l_crc32c_w_132_Start+c): d5d7ca37 lui     s4,0xd5d7c
Info   s4 3a6e470d -> d5d7c000
Info 'riscvOVPsim/cpu', 0x0000000080002768(.l_crc32c_w_132_Start+10): 4e4a0a13 addi    s4,s4,1252
Info   s4 d5d7c000 -> d5d7c4e4
Info 'riscvOVPsim/cpu', 0x000000008000276c(.l_crc32c_w_132_Start+14): 014b8a63 beq     s7,s4,80002780
Info 'riscvOVPsim/cpu', 0x0000000080002780(.l_clmul_133_Start): 2a9c32b7 lui     t0,0x2a9c3
Info   t0 1ddfa5b4 -> 2a9c3000
Info 'riscvOVPsim/cpu', 0x0000000080002784(.l_clmul_133_Start+4): 4e228293 addi    t0,t0,1250
Info   t0 2a9c3000 -> 2a9c34e2
Info 'riscvOVPsim/cpu', 0x0000000080002788(.l_clmul_133_Start+8): 00000013 nop
Info 'riscvOVPsim/cpu', 0x000000008000278c(.l_clmul_133_Start+c): a0297b3 clmul   a5,t0,zero
Info   a5 1ddfa5b4 -> 00000000
Info 'riscvOVPsim/cpu', 0x0000000080002790(.l_clmul_133_Start+10): 00000493 mv      s1,zero
Info   s1 6f0ad50a -> 00000000
Info 'riscvOVPsim/cpu', 0x0000000080002794(.l_clmul_133_Start+14): 00978a63 beq     a5,s1,800027a8
Info 'riscvOVPsim/cpu', 0x00000000800027a8(.l_clmulr_134_Start): 02122eb7 lui     t4,0x2122
Info   t4 1a54d7bc -> 02122000
Info 'riscvOVPsim/cpu', 0x00000000800027ac(.l_clmulr_134_Start+4): a81e8e93 addi    t4,t4,-1407
Info   t4 02122000 -> 02121a81
Info 'riscvOVPsim/cpu', 0x00000000800027b0(.l_clmulr_134_Start+8): 6c2d0237 lui     tp,0x6c2d0
Info   tp 934026b5 -> 6c2d0000
Info 'riscvOVPsim/cpu', 0x00000000800027b4(.l_clmulr_134_Start+c): c8820213 addi    tp,tp,-888
Info   tp 6c2d0000 -> 6c2cfc88
Info 'riscvOVPsim/cpu', 0x00000000800027b8(.l_clmulr_134_Start+10): a0297b3 clmul   a5,t0,zero
Info   a1 5d5ce761 -> 01bc8c45
Info 'riscvOVPsim/cpu', 0x00000000800027bc(.l_clmulr_134_Start+14): 01bc9d37 lui     s10,0x1bc9
Info   s10 0cfc7321 -> 01bc9000
Info 'riscvOVPsim/cpu', 0x00000000800027c0(.l_clmulr_134_Start+18): c45d0d13 addi    s10,s10,-955
Info   s10 01bc9000 -> 01bc8c45
Info 'riscvOVPsim/cpu', 0x00000000800027c4(.l_clmulr_134_Start+1c): 01a58a63 beq     a1,s10,800027d8
Info 'riscvOVPsim/cpu', 0x00000000800027d8(.l_clmulh_135_Start): 436f39b7 lui     s3,0x436f3
Info   s3 6f0ad50a -> 436f3000
Info 'riscvOVPsim/cpu', 0x00000000800027dc(.l_clmulh_135_Start+4): beb98993 addi    s3,s3,-1045
Info   s3 436f3000 -> 436f2beb
Info 'riscvOVPsim/cpu', 0x00000000800027e0(.l_clmulh_135_Start+8): 6c8b4d37 lui     s10,0x6c8b4
Info   s10 01bc8c45 -> 6c8b4000
Info 'riscvOVPsim/cpu', 0x00000000800027e4(.l_clmulh_135_Start+c): 466d0d13 addi    s10,s10,1126
Info   s10 6c8b4000 -> 6c8b4466
Info 'riscvOVPsim/cpu', 0x00000000800027e8(.l_clmulh_135_Start+10): ba9be33 clmulh  t3,s3,s10
Info   t3 1d91467c -> 1b8392e5
Info 'riscvOVPsim/cpu', 0x00000000800027ec(.l_clmulh_135_Start+14): 1b839fb7 lui     t6,0x1b839
Info   t6 2ce36952 -> 1b839000
Info 'riscvOVPsim/cpu', 0x00000000800027f0(.l_clmulh_135_Start+18): 2e5f8f93 addi    t6,t6,741
Info   t6 1b839000 -> 1b8392e5
Info 'riscvOVPsim/cpu', 0x00000000800027f4(.l_clmulh_135_Start+1c): 01fe0a63 beq     t3,t6,80002808
Info 'riscvOVPsim/cpu', 0x0000000080002808(.l_min_136_Start): 71e56637 lui     a2,0x71e56
Info   a2 0fa85f4d -> 71e56000
Info 'riscvOVPsim/cpu', 0x000000008000280c(.l_min_136_Start+4): 21e60613 addi    a2,a2,542
Info   a2 71e56000 -> 71e5621e
Info 'riscvOVPsim/cpu', 0x0000000080002810(.l_min_136_Start+8): 4e42bdb7 lui     s11,0x4e42b
Info   s11 00000000 -> 4e42b000
Info 'riscvOVPsim/cpu', 0x0000000080002814(.l_min_136_Start+c): 6a8d8d93 addi    s11,s11,1704
Info   s11 4e42b000 -> 4e42b6a8
Info 'riscvOVPsim/cpu', 0x0000000080002818(.l_min_136_Start+10): bb64233 min     tp,a2,s11
Info   tp 6c2cfc88 -> 4e42b6a8
Info 'riscvOVPsim/cpu', 0x000000008000281c(.l_min_136_Start+14): 4e42b6b7 lui     a3,0x4e42b
Info   a3 57071613 -> 4e42b000
Info 'riscvOVPsim/cpu', 0x0000000080002820(.l_min_136_Start+18): 6a868693 addi    a3,a3,1704
Info   a3 4e42b000 -> 4e42b6a8
Info 'riscvOVPsim/cpu', 0x0000000080002824(.l_min_136_Start+1c): 00d20a63 beq     tp,a3,80002838
Info 'riscvOVPsim/cpu', 0x0000000080002838(.l_max_137_Start): 2c06edb7 lui     s11,0x2c06e
Info   s11 4e42b6a8 -> 2c06e000
Info 'riscvOVPsim/cpu', 0x000000008000283c(.l_max_137_Start+4): cf3d8d93 addi    s11,s11,-781
Info   s11 2c06e000 -> 2c06dcf3
Info 'riscvOVPsim/cpu', 0x0000000080002840(.l_max_137_Start+8): 2e129537 lui     a0,0x2e129
Info   a0 2cc1be5f -> 2e129000
Info 'riscvOVPsim/cpu', 0x0000000080002844(.l_max_137_Start+c): 65850513 addi    a0,a0,1624
Info   a0 2e129000 -> 2e129658
Info 'riscvOVPsim/cpu', 0x0000000080002848(.l_max_137_Start+10): aadd633 max     a2,s11,a0
Info   a2 71e5621e -> 2e129658
Info 'riscvOVPsim/cpu', 0x000000008000284c(.l_max_137_Start+14): 2e1299b7 lui     s3,0x2e129
Info   s3 436f2beb -> 2e129000
Info 'riscvOVPsim/cpu', 0x0000000080002850(.l_max_137_Start+18): 65898993 addi    s3,s3,1624
Info   s3 2e129000 -> 2e129658
Info 'riscvOVPsim/cpu', 0x0000000080002854(.l_max_137_Start+1c): 01360a63 beq     a2,s3,80002868
Info 'riscvOVPsim/cpu', 0x0000000080002868(.l_minu_138_Start): 5aa86337 lui     t1,0x5aa86
Info   t1 dad8e331 -> 5aa86000
Info 'riscvOVPsim/cpu', 0x000000008000286c(.l_minu_138_Start+4): 80e30313 addi    t1,t1,-2034
Info   t1 5aa86000 -> 5aa8580e
Info 'riscvOVPsim/cpu', 0x0000000080002870(.l_minu_138_Start+8): 68fa93b7 lui     t2,0x68fa9
Info   t2 00000000 -> 68fa9000
Info 'riscvOVPsim/cpu', 0x0000000080002874(.l_minu_138_Start+c): d0d38393 addi    t2,t2,-755
Info   t2 68fa9000 -> 68fa8d0d
Info 'riscvOVPsim/cpu', 0x0000000080002878(.l_minu_138_Start+10): a736333 minu    t1,t1,t2
Info 'riscvOVPsim/cpu', 0x000000008000287c(.l_minu_138_Start+14): 5aa867b7 lui     a5,0x5aa86
Info   a5 00000000 -> 5aa86000
Info 'riscvOVPsim/cpu', 0x0000000080002880(.l_minu_138_Start+18): 80e78793 addi    a5,a5,-2034
Info   a5 5aa86000 -> 5aa8580e
Info 'riscvOVPsim/cpu', 0x0000000080002884(.l_minu_138_Start+1c): 00f30a63 beq     t1,a5,80002898
Info 'riscvOVPsim/cpu', 0x0000000080002898(.l_maxu_139_Start): 058df5b7 lui     a1,0x58df
Info   a1 01bc8c45 -> 058df000
Info 'riscvOVPsim/cpu', 0x000000008000289c(.l_maxu_139_Start+4): 53b58593 addi    a1,a1,1339
Info   a1 058df000 -> 058df53b
Info 'riscvOVPsim/cpu', 0x00000000800028a0(.l_maxu_139_Start+8): 0ace0937 lui     s2,0xace0
Info   s2 6863e8d2 -> 0ace0000
Info 'riscvOVPsim/cpu', 0x00000000800028a4(.l_maxu_139_Start+c): ac090913 addi    s2,s2,-1344
Info   s2 0ace0000 -> 0acdfac0
Info 'riscvOVPsim/cpu', 0x00000000800028a8(.l_maxu_139_Start+10): b25f933 maxu    s2,a1,s2
Info 'riscvOVPsim/cpu', 0x00000000800028ac(.l_maxu_139_Start+14): 0ace06b7 lui     a3,0xace0
Info   a3 4e42b6a8 -> 0ace0000
Info 'riscvOVPsim/cpu', 0x00000000800028b0(.l_maxu_139_Start+18): ac068693 addi    a3,a3,-1344
Info   a3 0ace0000 -> 0acdfac0
Info 'riscvOVPsim/cpu', 0x00000000800028b4(.l_maxu_139_Start+1c): 00d90a63 beq     s2,a3,800028c8
Info 'riscvOVPsim/cpu', 0x00000000800028c8(.l_shfl_140_Start): 7b149537 lui     a0,0x7b149
Info   a0 2e129658 -> 7b149000
Info 'riscvOVPsim/cpu', 0x00000000800028cc(.l_shfl_140_Start+4): 14e50513 addi    a0,a0,334
Info   a0 7b149000 -> 7b14914e
Info 'riscvOVPsim/cpu', 0x00000000800028d0(.l_shfl_140_Start+8): 6f0945b7 lui     a1,0x6f094
Info   a1 058df53b -> 6f094000
Info 'riscvOVPsim/cpu', 0x00000000800028d4(.l_shfl_140_Start+c): 9f858593 addi    a1,a1,-1544
Info   a1 6f094000 -> 6f0939f8
Info 'riscvOVPsim/cpu', 0x00000000800028d8(.l_shfl_140_Start+10): 8b51a33 shfl    s4,a0,a1
Info   s4 d5d7c4e4 -> 7b91144e
Info 'riscvOVPsim/cpu', 0x00000000800028dc(.l_shfl_140_Start+14): 7b911e37 lui     t3,0x7b911
Info   t3 1b8392e5 -> 7b911000
Info 'riscvOVPsim/cpu', 0x00000000800028e0(.l_shfl_140_Start+18): 44ee0e13 addi    t3,t3,1102
Info   t3 7b911000 -> 7b91144e
Info 'riscvOVPsim/cpu', 0x00000000800028e4(.l_shfl_140_Start+1c): 01ca0a63 beq     s4,t3,800028f8
Info 'riscvOVPsim/cpu', 0x00000000800028f8(.l_unshfl_141_Start): 00e4c3b7 lui     t2,0xe4c
Info   t2 68fa8d0d -> 00e4c000
Info 'riscvOVPsim/cpu', 0x00000000800028fc(.l_unshfl_141_Start+4): 97338393 addi    t2,t2,-1677
Info   t2 00e4c000 -> 00e4b973
Info 'riscvOVPsim/cpu', 0x0000000080002900(.l_unshfl_141_Start+8): 4a100b37 lui     s6,0x4a100
Info   s6 0490b7c5 -> 4a100000
Info 'riscvOVPsim/cpu', 0x0000000080002904(.l_unshfl_141_Start+c): a11b0b13 addi    s6,s6,-1519
Info   s6 4a100000 -> 4a0ffa11
Info 'riscvOVPsim/cpu', 0x0000000080002908(.l_unshfl_141_Start+10): 963db33 unshfl  s6,t2,s6
Info   s6 4a0ffa11 -> 00e2d975
Info 'riscvOVPsim/cpu', 0x000000008000290c(.l_unshfl_141_Start+14): 00e2e637 lui     a2,0xe2e
Info   a2 2e129658 -> 00e2e000
Info 'riscvOVPsim/cpu', 0x0000000080002910(.l_unshfl_141_Start+18): 97560613 addi    a2,a2,-1675
Info   a2 00e2e000 -> 00e2d975
Info 'riscvOVPsim/cpu', 0x0000000080002914(.l_unshfl_141_Start+1c): 00cb0a63 beq     s6,a2,80002928
Info 'riscvOVPsim/cpu', 0x0000000080002928(.l_bdep_142_Start): 7924ddb7 lui     s11,0x7924d
Info   s11 2c06dcf3 -> 7924d000
Info 'riscvOVPsim/cpu', 0x000000008000292c(.l_bdep_142_Start+4): a0ad8d93 addi    s11,s11,-1526
Info   s11 7924d000 -> 7924ca0a
Info 'riscvOVPsim/cpu', 0x0000000080002930(.l_bdep_142_Start+8): 0cfd5237 lui     tp,0xcfd5
Info   tp 4e42b6a8 -> 0cfd5000
Info 'riscvOVPsim/cpu', 0x0000000080002934(.l_bdep_142_Start+c): ea720213 addi    tp,tp,-345
Info   tp 0cfd5000 -> 0cfd4ea7
Info 'riscvOVPsim/cpu', 0x0000000080002938(.l_bdep_142_Start+10): 84da433 bdep    s0,s11,tp
Info   s0 0000000f -> 00c90022
Info 'riscvOVPsim/cpu', 0x000000008000293c(.l_bdep_142_Start+14): 00c90eb7 lui     t4,0xc90
Info   t4 02121a81 -> 00c90000
Info 'riscvOVPsim/cpu', 0x0000000080002940(.l_bdep_142_Start+18): 022e8e93 addi    t4,t4,34
Info   t4 00c90000 -> 00c90022
Info 'riscvOVPsim/cpu', 0x0000000080002944(.l_bdep_142_Start+1c): 01d40a63 beq     s0,t4,80002958
Info 'riscvOVPsim/cpu', 0x0000000080002958(.l_bext_143_Start): 5f94e8b7 lui     a7,0x5f94e
Info   a7 3266459b -> 5f94e000
Info 'riscvOVPsim/cpu', 0x000000008000295c(.l_bext_143_Start+4): c0388893 addi    a7,a7,-1021
Info   a7 5f94e000 -> 5f94dc03
Info 'riscvOVPsim/cpu', 0x0000000080002960(.l_bext_143_Start+8): 237bcab7 lui     s5,0x237bc
Info   s5 2cc1be5f -> 237bc000
Info 'riscvOVPsim/cpu', 0x0000000080002964(.l_bext_143_Start+c): ca0a8a93 addi    s5,s5,-864
Info   s5 237bc000 -> 237bbca0
Info 'riscvOVPsim/cpu', 0x0000000080002968(.l_bext_143_Start+10): 958e6b3 bext    a3,a7,s5
Info   a3 0acdfac0 -> 0000645c
Info 'riscvOVPsim/cpu', 0x000000008000296c(.l_bext_143_Start+14): 000069b7 lui     s3,0x6
Info   s3 2e129658 -> 00006000
Info 'riscvOVPsim/cpu', 0x0000000080002970(.l_bext_143_Start+18): 45c98993 addi    s3,s3,1116
Info   s3 00006000 -> 0000645c
Info 'riscvOVPsim/cpu', 0x0000000080002974(.l_bext_143_Start+1c): 01368a63 beq     a3,s3,80002988
Info 'riscvOVPsim/cpu', 0x0000000080002988(.l_pack_144_Start): 7d94f137 lui     sp,0x7d94f
Info   sp 394890ec -> 7d94f000
Info 'riscvOVPsim/cpu', 0x000000008000298c(.l_pack_144_Start+4): 75d10113 addi    sp,sp,1885
Info   sp 7d94f000 -> 7d94f75d
Info 'riscvOVPsim/cpu', 0x0000000080002990(.l_pack_144_Start+8): 6c31e6b7 lui     a3,0x6c31e
Info   a3 0000645c -> 6c31e000
Info 'riscvOVPsim/cpu', 0x0000000080002994(.l_pack_144_Start+c): 7cd68693 addi    a3,a3,1997
Info   a3 6c31e000 -> 6c31e7cd
Info 'riscvOVPsim/cpu', 0x0000000080002998(.l_pack_144_Start+10): 08d146b3 undef
Info   a3 6c31e7cd -> e7cdf75d
Info 'riscvOVPsim/cpu', 0x000000008000299c(.l_pack_144_Start+14): e7cdf537 lui     a0,0xe7cdf
Info   a0 7b14914e -> e7cdf000
Info 'riscvOVPsim/cpu', 0x00000000800029a0(.l_pack_144_Start+18): 75d50513 addi    a0,a0,1885
Info   a0 e7cdf000 -> e7cdf75d
Info 'riscvOVPsim/cpu', 0x00000000800029a4(.l_pack_144_Start+1c): 00a68a63 beq     a3,a0,800029b8
Info 'riscvOVPsim/cpu', 0x00000000800029b8(.l_bfp_145_Start): 53b733b7 lui     t2,0x53b73
Info   t2 00e4b973 -> 53b73000
Info 'riscvOVPsim/cpu', 0x00000000800029bc(.l_bfp_145_Start+4): 5d538393 addi    t2,t2,1493
Info   t2 53b73000 -> 53b735d5
Info 'riscvOVPsim/cpu', 0x00000000800029c0(.l_bfp_145_Start+8): 29785c37 lui     s8,0x29785
Info   s8 2ce36952 -> 29785000
Info 'riscvOVPsim/cpu', 0x00000000800029c4(.l_bfp_145_Start+c): 870c0c13 addi    s8,s8,-1936
Info   s8 29785000 -> 29784870
Info 'riscvOVPsim/cpu', 0x00000000800029c8(.l_bfp_145_Start+10): 983fdb3 bfp     s11,t2,s8
Info   s11 7924ca0a -> 70b735d4
Info 'riscvOVPsim/cpu', 0x00000000800029cc(.l_bfp_145_Start+14): 70b739b7 lui     s3,0x70b73
Info   s3 0000645c -> 70b73000
Info 'riscvOVPsim/cpu', 0x00000000800029d0(.l_bfp_145_Start+18): 5d498993 addi    s3,s3,1492
Info   s3 70b73000 -> 70b735d4
Info 'riscvOVPsim/cpu', 0x00000000800029d4(.l_bfp_145_Start+1c): 013d8a63 beq     s11,s3,800029e8
Info 'riscvOVPsim/cpu', 0x00000000800029e8(.l_shfli_146_Start): 1187ce37 lui     t3,0x1187c
Info   t3 7b91144e -> 1187c000
Info 'riscvOVPsim/cpu', 0x00000000800029ec(.l_shfli_146_Start+4): 70fe0e13 addi    t3,t3,1807
Info   t3 1187c000 -> 1187c70f
Info 'riscvOVPsim/cpu', 0x00000000800029f0(.l_shfli_146_Start+8): 86e1613 shfli   a2,t3,6
Info   a2 00e2d975 -> 2417c07f
Info 'riscvOVPsim/cpu', 0x00000000800029f4(.l_shfli_146_Start+c): 2417c5b7 lui     a1,0x2417c
Info   a1 6f0939f8 -> 2417c000
Info 'riscvOVPsim/cpu', 0x00000000800029f8(.l_shfli_146_Start+10): 07f58593 addi    a1,a1,127
Info   a1 2417c000 -> 2417c07f
Info 'riscvOVPsim/cpu', 0x00000000800029fc(.l_shfli_146_Start+14): 00b60a63 beq     a2,a1,80002a10
Info 'riscvOVPsim/cpu', 0x0000000080002a10(.l_unshfli_147_Start): 1afd9937 lui     s2,0x1afd9
Info   s2 0acdfac0 -> 1afd9000
Info 'riscvOVPsim/cpu', 0x0000000080002a14(.l_unshfli_147_Start+4): 05390913 addi    s2,s2,83
Info   s2 1afd9000 -> 1afd9053
Info 'riscvOVPsim/cpu', 0x0000000080002a18(.l_unshfli_147_Start+8): ab95c13 unshfli s8,s2,43
Info   s8 29784870 -> 3484ef1d
Info 'riscvOVPsim/cpu', 0x0000000080002a1c(.l_unshfli_147_Start+c): 3484f137 lui     sp,0x3484f
Info   sp 7d94f75d -> 3484f000
Info 'riscvOVPsim/cpu', 0x0000000080002a20(.l_unshfli_147_Start+10): f1d10113 addi    sp,sp,-227
Info   sp 3484f000 -> 3484ef1d
Info 'riscvOVPsim/cpu', 0x0000000080002a24(.l_unshfli_147_Start+14): 002c0a63 beq     s8,sp,80002a38
Info 'riscvOVPsim/cpu', 0x0000000080002a38(.l_andn_148_Start): 625493b7 lui     t2,0x62549
Info   t2 53b735d5 -> 62549000
Info 'riscvOVPsim/cpu', 0x0000000080002a3c(.l_andn_148_Start+4): fd838393 addi    t2,t2,-40
Info   t2 62549000 -> 62548fd8
Info 'riscvOVPsim/cpu', 0x0000000080002a40(.l_andn_148_Start+8): 0fa08d37 lui     s10,0xfa08
Info   s10 6c8b4466 -> 0fa08000
Info 'riscvOVPsim/cpu', 0x0000000080002a44(.l_andn_148_Start+c): 5b0d0d13 addi    s10,s10,1456
Info   s10 0fa08000 -> 0fa085b0
Info 'riscvOVPsim/cpu', 0x0000000080002a48(.l_andn_148_Start+10): 41a3f6b3 andn    a3,t2,s10
Info   a3 e7cdf75d -> 60540a48
Info 'riscvOVPsim/cpu', 0x0000000080002a4c(.l_andn_148_Start+14): 60541f37 lui     t5,0x60541
Info   t5 47caa567 -> 60541000
Info 'riscvOVPsim/cpu', 0x0000000080002a50(.l_andn_148_Start+18): a48f0f13 addi    t5,t5,-1464
Info   t5 60541000 -> 60540a48
Info 'riscvOVPsim/cpu', 0x0000000080002a54(.l_andn_148_Start+1c): 01e68a63 beq     a3,t5,80002a68
Info 'riscvOVPsim/cpu', 0x0000000080002a68(.l_orn_149_Start): 39f07db7 lui     s11,0x39f07
Info   s11 70b735d4 -> 39f07000
Info 'riscvOVPsim/cpu', 0x0000000080002a6c(.l_orn_149_Start+4): dfdd8d93 addi    s11,s11,-515
Info   s11 39f07000 -> 39f06dfd
Info 'riscvOVPsim/cpu', 0x0000000080002a70(.l_orn_149_Start+8): 14803837 lui     a6,0x14803
Info   a6 00000000 -> 14803000
Info 'riscvOVPsim/cpu', 0x0000000080002a74(.l_orn_149_Start+c): f5d80813 addi    a6,a6,-163
Info   a6 14803000 -> 14802f5d
Info 'riscvOVPsim/cpu', 0x0000000080002a78(.l_orn_149_Start+10): 410deab3 orn     s5,s11,a6
Info   s5 237bbca0 -> fbfffdff
Info 'riscvOVPsim/cpu', 0x0000000080002a7c(.l_orn_149_Start+14): fc000737 lui     a4,0xfc000
Info   a4 00000000 -> fc000000
Info 'riscvOVPsim/cpu', 0x0000000080002a80(.l_orn_149_Start+18): dff70713 addi    a4,a4,-513
Info   a4 fc000000 -> fbfffdff
Info 'riscvOVPsim/cpu', 0x0000000080002a84(.l_orn_149_Start+1c): 00ea8a63 beq     s5,a4,80002a98
Info 'riscvOVPsim/cpu', 0x0000000080002a98(.l_xnor_150_Start): 10281d37 lui     s10,0x10281
Info   s10 0fa085b0 -> 10281000
Info 'riscvOVPsim/cpu', 0x0000000080002a9c(.l_xnor_150_Start+4): 9e2d0d13 addi    s10,s10,-1566
Info   s10 10281000 -> 102809e2
Info 'riscvOVPsim/cpu', 0x0000000080002aa0(.l_xnor_150_Start+8): 3b212537 lui     a0,0x3b212
Info   a0 e7cdf75d -> 3b212000
Info 'riscvOVPsim/cpu', 0x0000000080002aa4(.l_xnor_150_Start+c): 5a350513 addi    a0,a0,1443
Info   a0 3b212000 -> 3b2125a3
Info 'riscvOVPsim/cpu', 0x0000000080002aa8(.l_xnor_150_Start+10): 40ad44b3 xnor    s1,s10,a0
Info   s1 00000000 -> d4f6d3be
Info 'riscvOVPsim/cpu', 0x0000000080002aac(.l_xnor_150_Start+14): d4f6d737 lui     a4,0xd4f6d
Info   a4 fbfffdff -> d4f6d000
Info 'riscvOVPsim/cpu', 0x0000000080002ab0(.l_xnor_150_Start+18): 3be70713 addi    a4,a4,958
Info   a4 d4f6d000 -> d4f6d3be
Info 'riscvOVPsim/cpu', 0x0000000080002ab4(.l_xnor_150_Start+1c): 00e48a63 beq     s1,a4,80002ac8
Info 'riscvOVPsim/cpu', 0x0000000080002ac8(.l_slo_151_Start): 74825bb7 lui     s7,0x74825
Info   s7 d5d7c4e4 -> 74825000
Info 'riscvOVPsim/cpu', 0x0000000080002acc(.l_slo_151_Start+4): d54b8b93 addi    s7,s7,-684
Info   s7 74825000 -> 74824d54
Info 'riscvOVPsim/cpu', 0x0000000080002ad0(.l_slo_151_Start+8): 6f0059b7 lui     s3,0x6f005
Info   s3 70b735d4 -> 6f005000
Info 'riscvOVPsim/cpu', 0x0000000080002ad4(.l_slo_151_Start+c): 29a98993 addi    s3,s3,666
Info   s3 6f005000 -> 6f00529a
Info 'riscvOVPsim/cpu', 0x0000000080002ad8(.l_slo_151_Start+10): 213b9db3 slo     s11,s7,s3
Info   s11 39f06dfd -> 53ffffff
Info 'riscvOVPsim/cpu', 0x0000000080002adc(.l_slo_151_Start+14): 54000fb7 lui     t6,0x54000
Info   t6 1b8392e5 -> 54000000
Info 'riscvOVPsim/cpu', 0x0000000080002ae0(.l_slo_151_Start+18): ffff8f93 addi    t6,t6,-1
Info   t6 54000000 -> 53ffffff
Info 'riscvOVPsim/cpu', 0x0000000080002ae4(.l_slo_151_Start+1c): 01fd8a63 beq     s11,t6,80002af8
Info 'riscvOVPsim/cpu', 0x0000000080002af8(.l_sro_152_Start): 76c451b7 lui     gp,0x76c45
Info   gp 00000004 -> 76c45000
Info 'riscvOVPsim/cpu', 0x0000000080002afc(.l_sro_152_Start+4): e4e18193 addi    gp,gp,-434
Info   gp 76c45000 -> 76c44e4e
Info 'riscvOVPsim/cpu', 0x0000000080002b00(.l_sro_152_Start+8): 0e04e937 lui     s2,0xe04e
Info   s2 1afd9053 -> 0e04e000
Info 'riscvOVPsim/cpu', 0x0000000080002b04(.l_sro_152_Start+c): 6ce90913 addi    s2,s2,1742
Info   s2 0e04e000 -> 0e04e6ce
Info 'riscvOVPsim/cpu', 0x0000000080002b08(.l_sro_152_Start+10): 2121d8b3 sro     a7,gp,s2
Info   a7 5f94dc03 -> fffddb11
Info 'riscvOVPsim/cpu', 0x0000000080002b0c(.l_sro_152_Start+14): fffdef37 lui     t5,0xfffde
Info   t5 60540a48 -> fffde000
Info 'riscvOVPsim/cpu', 0x0000000080002b10(.l_sro_152_Start+18): b11f0f13 addi    t5,t5,-1263
Info   t5 fffde000 -> fffddb11
Info 'riscvOVPsim/cpu', 0x0000000080002b14(.l_sro_152_Start+1c): 01e88a63 beq     a7,t5,80002b28
Info 'riscvOVPsim/cpu', 0x0000000080002b28(.l_rol_153_Start): 450b8db7 lui     s11,0x450b8
Info   s11 53ffffff -> 450b8000
Info 'riscvOVPsim/cpu', 0x0000000080002b2c(.l_rol_153_Start+4): fb6d8d93 addi    s11,s11,-74
Info   s11 450b8000 -> 450b7fb6
Info 'riscvOVPsim/cpu', 0x0000000080002b30(.l_rol_153_Start+8): 340bfab7 lui     s5,0x340bf
Info   s5 fbfffdff -> 340bf000
Info 'riscvOVPsim/cpu', 0x0000000080002b34(.l_rol_153_Start+c): 64da8a93 addi    s5,s5,1613
Info   s5 340bf000 -> 340bf64d
Info 'riscvOVPsim/cpu', 0x0000000080002b38(.l_rol_153_Start+10): 615d9b33 rol     s6,s11,s5
Info   s6 00e2d975 -> 6ff6c8a1
Info 'riscvOVPsim/cpu', 0x0000000080002b3c(.l_rol_153_Start+14): 6ff6d337 lui     t1,0x6ff6d
Info   t1 5aa8580e -> 6ff6d000
Info 'riscvOVPsim/cpu', 0x0000000080002b40(.l_rol_153_Start+18): 8a130313 addi    t1,t1,-1887
Info   t1 6ff6d000 -> 6ff6c8a1
Info 'riscvOVPsim/cpu', 0x0000000080002b44(.l_rol_153_Start+1c): 006b0a63 beq     s6,t1,80002b58
Info 'riscvOVPsim/cpu', 0x0000000080002b58(.l_ror_154_Start): 6505f5b7 lui     a1,0x6505f
Info   a1 2417c07f -> 6505f000
Info 'riscvOVPsim/cpu', 0x0000000080002b5c(.l_ror_154_Start+4): 02e58593 addi    a1,a1,46
Info   a1 6505f000 -> 6505f02e
Info 'riscvOVPsim/cpu', 0x0000000080002b60(.l_ror_154_Start+8): 2fe5d437 lui     s0,0x2fe5d
Info   s0 00c90022 -> 2fe5d000
Info 'riscvOVPsim/cpu', 0x0000000080002b64(.l_ror_154_Start+c): 02540413 addi    s0,s0,37
Info   s0 2fe5d000 -> 2fe5d025
Info 'riscvOVPsim/cpu', 0x0000000080002b68(.l_ror_154_Start+10): 6085d0b3 ror     ra,a1,s0
Info   ra 4b232ee3 -> 73282f81
Info 'riscvOVPsim/cpu', 0x0000000080002b6c(.l_ror_154_Start+14): 73283eb7 lui     t4,0x73283
Info   t4 00c90022 -> 73283000
Info 'riscvOVPsim/cpu', 0x0000000080002b70(.l_ror_154_Start+18): f81e8e93 addi    t4,t4,-127
Info   t4 73283000 -> 73282f81
Info 'riscvOVPsim/cpu', 0x0000000080002b74(.l_ror_154_Start+1c): 01d08a63 beq     ra,t4,80002b88
Info 'riscvOVPsim/cpu', 0x0000000080002b88(.l_sbclr_155_Start): 5fa6cbb7 lui     s7,0x5fa6c
Info   s7 74824d54 -> 5fa6c000
Info 'riscvOVPsim/cpu', 0x0000000080002b8c(.l_sbclr_155_Start+4): 6dcb8b93 addi    s7,s7,1756
Info   s7 5fa6c000 -> 5fa6c6dc
Info 'riscvOVPsim/cpu', 0x0000000080002b90(.l_sbclr_155_Start+8): 00000013 nop
Info 'riscvOVPsim/cpu', 0x0000000080002b94(.l_sbclr_155_Start+c): 480b97b3 sbclr   a5,s7,zero
Info   a5 5aa8580e -> 5fa6c6dc
Info 'riscvOVPsim/cpu', 0x0000000080002b98(.l_sbclr_155_Start+10): 5fa6c737 lui     a4,0x5fa6c
Info   a4 d4f6d3be -> 5fa6c000
Info 'riscvOVPsim/cpu', 0x0000000080002b9c(.l_sbclr_155_Start+14): 6dc70713 addi    a4,a4,1756
Info   a4 5fa6c000 -> 5fa6c6dc
Info 'riscvOVPsim/cpu', 0x0000000080002ba0(.l_sbclr_155_Start+18): 00e78a63 beq     a5,a4,80002bb4
Info 'riscvOVPsim/cpu', 0x0000000080002bb4(.l_sbset_156_Start): 514e6e37 lui     t3,0x514e6
Info   t3 1187c70f -> 514e6000
Info 'riscvOVPsim/cpu', 0x0000000080002bb8(.l_sbset_156_Start+4): cb0e0e13 addi    t3,t3,-848
Info   t3 514e6000 -> 514e5cb0
Info 'riscvOVPsim/cpu', 0x0000000080002bbc(.l_sbset_156_Start+8): 4210dbb7 lui     s7,0x4210d
Info   s7 5fa6c6dc -> 4210d000
Info 'riscvOVPsim/cpu', 0x0000000080002bc0(.l_sbset_156_Start+c): 41eb8b93 addi    s7,s7,1054
Info   s7 4210d000 -> 4210d41e
Info 'riscvOVPsim/cpu', 0x0000000080002bc4(.l_sbset_156_Start+10): 297e1133 sbset   sp,t3,s7
Info   sp 3484ef1d -> 514e5cb0
Info 'riscvOVPsim/cpu', 0x0000000080002bc8(.l_sbset_156_Start+14): 514e6eb7 lui     t4,0x514e6
Info   t4 73282f81 -> 514e6000
Info 'riscvOVPsim/cpu', 0x0000000080002bcc(.l_sbset_156_Start+18): cb0e8e93 addi    t4,t4,-848
Info   t4 514e6000 -> 514e5cb0
Info 'riscvOVPsim/cpu', 0x0000000080002bd0(.l_sbset_156_Start+1c): 01d10a63 beq     sp,t4,80002be4
Info 'riscvOVPsim/cpu', 0x0000000080002be4(.l_sbinv_157_Start): 03c5e537 lui     a0,0x3c5e
Info   a0 3b2125a3 -> 03c5e000
Info 'riscvOVPsim/cpu', 0x0000000080002be8(.l_sbinv_157_Start+4): 07c50513 addi    a0,a0,124
Info   a0 03c5e000 -> 03c5e07c
Info 'riscvOVPsim/cpu', 0x0000000080002bec(.l_sbinv_157_Start+8): 60c2d7b7 lui     a5,0x60c2d
Info   a5 5fa6c6dc -> 60c2d000
Info 'riscvOVPsim/cpu', 0x0000000080002bf0(.l_sbinv_157_Start+c): 27378793 addi    a5,a5,627
Info   a5 60c2d000 -> 60c2d273
Info 'riscvOVPsim/cpu', 0x0000000080002bf4(.l_sbinv_157_Start+10): 68f516b3 sbinv   a3,a0,a5
Info   a3 60540a48 -> 03cde07c
Info 'riscvOVPsim/cpu', 0x0000000080002bf8(.l_sbinv_157_Start+14): 03cded37 lui     s10,0x3cde
Info   s10 102809e2 -> 03cde000
Info 'riscvOVPsim/cpu', 0x0000000080002bfc(.l_sbinv_157_Start+18): 07cd0d13 addi    s10,s10,124
Info   s10 03cde000 -> 03cde07c
Info 'riscvOVPsim/cpu', 0x0000000080002c00(.l_sbinv_157_Start+1c): 01a68a63 beq     a3,s10,80002c14
Info 'riscvOVPsim/cpu', 0x0000000080002c14(.l_sbext_158_Start): 5e1eb537 lui     a0,0x5e1eb
Info   a0 03c5e07c -> 5e1eb000
Info 'riscvOVPsim/cpu', 0x0000000080002c18(.l_sbext_158_Start+4): e3150513 addi    a0,a0,-463
Info   a0 5e1eb000 -> 5e1eae31
Info 'riscvOVPsim/cpu', 0x0000000080002c1c(.l_sbext_158_Start+8): 178e24b7 lui     s1,0x178e2
Info   s1 d4f6d3be -> 178e2000
Info 'riscvOVPsim/cpu', 0x0000000080002c20(.l_sbext_158_Start+c): 40d48493 addi    s1,s1,1037
Info   s1 178e2000 -> 178e240d
Info 'riscvOVPsim/cpu', 0x0000000080002c24(.l_sbext_158_Start+10): 48955fb3 sbext   t6,a0,s1
Info   t6 53ffffff -> 00000001
Info 'riscvOVPsim/cpu', 0x0000000080002c28(.l_sbext_158_Start+14): 00100993 addi    s3,zero,1
Info   s3 6f00529a -> 00000001
Info 'riscvOVPsim/cpu', 0x0000000080002c2c(.l_sbext_158_Start+18): 013f8a63 beq     t6,s3,80002c40
Info 'riscvOVPsim/cpu', 0x0000000080002c40(.l_grev_159_Start): 3d695e37 lui     t3,0x3d695
Info   t3 514e5cb0 -> 3d695000
Info 'riscvOVPsim/cpu', 0x0000000080002c44(.l_grev_159_Start+4): 65be0e13 addi    t3,t3,1627
Info   t3 3d695000 -> 3d69565b
Info 'riscvOVPsim/cpu', 0x0000000080002c48(.l_grev_159_Start+8): 2299eb37 lui     s6,0x2299e
Info   s6 6ff6c8a1 -> 2299e000
Info 'riscvOVPsim/cpu', 0x0000000080002c4c(.l_grev_159_Start+c): cbcb0b13 addi    s6,s6,-836
Info   s6 2299e000 -> 2299dcbc
Info 'riscvOVPsim/cpu', 0x0000000080002c50(.l_grev_159_Start+10): 696e5db3 grev    s11,t3,s6
Info   s11 450b7fb6 -> b56596d3
Info 'riscvOVPsim/cpu', 0x0000000080002c54(.l_grev_159_Start+14): b5659237 lui     tp,0xb5659
Info   tp 0cfd4ea7 -> b5659000
Info 'riscvOVPsim/cpu', 0x0000000080002c58(.l_grev_159_Start+18): 6d320213 addi    tp,tp,1747
Info   tp b5659000 -> b56596d3
Info 'riscvOVPsim/cpu', 0x0000000080002c5c(.l_grev_159_Start+1c): 004d8a63 beq     s11,tp,80002c70
Info 'riscvOVPsim/cpu', 0x0000000080002c70(.l_sloi_160_Start): 1c67ddb7 lui     s11,0x1c67d
Info   s11 b56596d3 -> 1c67d000
Info 'riscvOVPsim/cpu', 0x0000000080002c74(.l_sloi_160_Start+4): b3dd8d93 addi    s11,s11,-1219
Info   s11 1c67d000 -> 1c67cb3d
Info 'riscvOVPsim/cpu', 0x0000000080002c78(.l_sloi_160_Start+8): 235d9113 sloi    sp,s11,53
Info   sp 514e5cb0 -> 67bfffff
Info 'riscvOVPsim/cpu', 0x0000000080002c7c(.l_sloi_160_Start+c): 67c009b7 lui     s3,0x67c00
Info   s3 00000001 -> 67c00000
Info 'riscvOVPsim/cpu', 0x0000000080002c80(.l_sloi_160_Start+10): fff98993 addi    s3,s3,-1
Info   s3 67c00000 -> 67bfffff
Info 'riscvOVPsim/cpu', 0x0000000080002c84(.l_sloi_160_Start+14): 01310a63 beq     sp,s3,80002c98
Info 'riscvOVPsim/cpu', 0x0000000080002c98(.l_sroi_161_Start): 25b58b37 lui     s6,0x25b58
Info   s6 2299dcbc -> 25b58000
Info 'riscvOVPsim/cpu', 0x0000000080002c9c(.l_sroi_161_Start+4): ed4b0b13 addi    s6,s6,-300
Info   s6 25b58000 -> 25b57ed4
Info 'riscvOVPsim/cpu', 0x0000000080002ca0(.l_sroi_161_Start+8): 217b5913 sroi    s2,s6,23
Info   s2 0e04e6ce -> fffffe4b
Info 'riscvOVPsim/cpu', 0x0000000080002ca4(.l_sroi_161_Start+c): e4b00a93 addi    s5,zero,-437
Info   s5 340bf64d -> fffffe4b
Info 'riscvOVPsim/cpu', 0x0000000080002ca8(.l_sroi_161_Start+10): 01590a63 beq     s2,s5,80002cbc
Info 'riscvOVPsim/cpu', 0x0000000080002cbc(.l_rori_162_Start): 56458637 lui     a2,0x56458
Info   a2 2417c07f -> 56458000
Info 'riscvOVPsim/cpu', 0x0000000080002cc0(.l_rori_162_Start+4): 0c860613 addi    a2,a2,200
Info   a2 56458000 -> 564580c8
Info 'riscvOVPsim/cpu', 0x0000000080002cc4(.l_rori_162_Start+8): 62465213 rori    tp,a2,36
Info   tp b56596d3 -> 8564580c
Info 'riscvOVPsim/cpu', 0x0000000080002cc8(.l_rori_162_Start+c): 85646c37 lui     s8,0x85646
Info   s8 3484ef1d -> 85646000
Info 'riscvOVPsim/cpu', 0x0000000080002ccc(.l_rori_162_Start+10): 80cc0c13 addi    s8,s8,-2036
Info   s8 85646000 -> 8564580c
Info 'riscvOVPsim/cpu', 0x0000000080002cd0(.l_rori_162_Start+14): 01820a63 beq     tp,s8,80002ce4
Info 'riscvOVPsim/cpu', 0x0000000080002ce4(.l_sbclri_163_Start): 03a45ab7 lui     s5,0x3a45
Info   s5 fffffe4b -> 03a45000
Info 'riscvOVPsim/cpu', 0x0000000080002ce8(.l_sbclri_163_Start+4): 530a8a93 addi    s5,s5,1328
Info   s5 03a45000 -> 03a45530
Info 'riscvOVPsim/cpu', 0x0000000080002cec(.l_sbclri_163_Start+8): 492a9b93 sbclri  s7,s5,18
Info   s7 4210d41e -> 03a05530
Info 'riscvOVPsim/cpu', 0x0000000080002cf0(.l_sbclri_163_Start+c): 03a05837 lui     a6,0x3a05
Info   a6 14802f5d -> 03a05000
Info 'riscvOVPsim/cpu', 0x0000000080002cf4(.l_sbclri_163_Start+10): 53080813 addi    a6,a6,1328
Info   a6 03a05000 -> 03a05530
Info 'riscvOVPsim/cpu', 0x0000000080002cf8(.l_sbclri_163_Start+14): 010b8a63 beq     s7,a6,80002d0c
Info 'riscvOVPsim/cpu', 0x0000000080002d0c(.l_sbseti_164_Start): 24639db7 lui     s11,0x24639
Info   s11 1c67cb3d -> 24639000
Info 'riscvOVPsim/cpu', 0x0000000080002d10(.l_sbseti_164_Start+4): 756d8d93 addi    s11,s11,1878
Info   s11 24639000 -> 24639756
Info 'riscvOVPsim/cpu', 0x0000000080002d14(.l_sbseti_164_Start+8): 2a1d9913 sbseti  s2,s11,33
Info   s2 fffffe4b -> 24639756
Info 'riscvOVPsim/cpu', 0x0000000080002d18(.l_sbseti_164_Start+c): 24639e37 lui     t3,0x24639
Info   t3 3d69565b -> 24639000
Info 'riscvOVPsim/cpu', 0x0000000080002d1c(.l_sbseti_164_Start+10): 756e0e13 addi    t3,t3,1878
Info   t3 24639000 -> 24639756
Info 'riscvOVPsim/cpu', 0x0000000080002d20(.l_sbseti_164_Start+14): 01c90a63 beq     s2,t3,80002d34
Info 'riscvOVPsim/cpu', 0x0000000080002d34(.l_sbinvi_165_Start): 30799b37 lui     s6,0x30799
Info   s6 25b57ed4 -> 30799000
Info 'riscvOVPsim/cpu', 0x0000000080002d38(.l_sbinvi_165_Start+4): 5cab0b13 addi    s6,s6,1482
Info   s6 30799000 -> 307995ca
Info 'riscvOVPsim/cpu', 0x0000000080002d3c(.l_sbinvi_165_Start+8): 683b1e93 sbinvi  t4,s6,3
Info   t4 514e5cb0 -> 307995c2
Info 'riscvOVPsim/cpu', 0x0000000080002d40(.l_sbinvi_165_Start+c): 307999b7 lui     s3,0x30799
Info   s3 67bfffff -> 30799000
Info 'riscvOVPsim/cpu', 0x0000000080002d44(.l_sbinvi_165_Start+10): 5c298993 addi    s3,s3,1474
Info   s3 30799000 -> 307995c2
Info 'riscvOVPsim/cpu', 0x0000000080002d48(.l_sbinvi_165_Start+14): 013e8a63 beq     t4,s3,80002d5c
Info 'riscvOVPsim/cpu', 0x0000000080002d5c(.l_sbexti_166_Start): 4dc5eab7 lui     s5,0x4dc5e
Info   s5 03a45530 -> 4dc5e000
Info 'riscvOVPsim/cpu', 0x0000000080002d60(.l_sbexti_166_Start+4): 907a8a93 addi    s5,s5,-1785
Info   s5 4dc5e000 -> 4dc5d907
Info 'riscvOVPsim/cpu', 0x0000000080002d64(.l_sbexti_166_Start+8): 4a8ad693 sbexti  a3,s5,40
Info   a3 03cde07c -> 00000001
Info 'riscvOVPsim/cpu', 0x0000000080002d68(.l_sbexti_166_Start+c): 00100613 addi    a2,zero,1
Info   a2 564580c8 -> 00000001
Info 'riscvOVPsim/cpu', 0x0000000080002d6c(.l_sbexti_166_Start+10): 00c68a63 beq     a3,a2,80002d80
Info 'riscvOVPsim/cpu', 0x0000000080002d80(.l_grevi_167_Start): 2ef330b7 lui     ra,0x2ef33
Info   ra 73282f81 -> 2ef33000
Info 'riscvOVPsim/cpu', 0x0000000080002d84(.l_grevi_167_Start+4): ea608093 addi    ra,ra,-346
Info   ra 2ef33000 -> 2ef32ea6
Info 'riscvOVPsim/cpu', 0x0000000080002d88(.l_grevi_167_Start+8): 6890df13 grevi   t5,ra,9
Info   t5 fffddb11 -> f31d591d
Info 'riscvOVPsim/cpu', 0x0000000080002d8c(.l_grevi_167_Start+c): f31d69b7 lui     s3,0xf31d6
Info   s3 307995c2 -> f31d6000
Info 'riscvOVPsim/cpu', 0x0000000080002d90(.l_grevi_167_Start+10): 91d98993 addi    s3,s3,-1763
Info   s3 f31d6000 -> f31d591d
Info 'riscvOVPsim/cpu', 0x0000000080002d94(.l_grevi_167_Start+14): 013f0a63 beq     t5,s3,80002da8
Info 'riscvOVPsim/cpu', 0x0000000080002da8(.l_cmix_168_Start): 37525bb7 lui     s7,0x37525
Info   s7 03a05530 -> 37525000
Info 'riscvOVPsim/cpu', 0x0000000080002dac(.l_cmix_168_Start+4): cf0b8b93 addi    s7,s7,-784
Info   s7 37525000 -> 37524cf0
Info 'riscvOVPsim/cpu', 0x0000000080002db0(.l_cmix_168_Start+8): 70cc3db7 lui     s11,0x70cc3
Info   s11 24639756 -> 70cc3000
Info 'riscvOVPsim/cpu', 0x0000000080002db4(.l_cmix_168_Start+c): 32fd8d93 addi    s11,s11,815
Info   s11 70cc3000 -> 70cc332f
Info 'riscvOVPsim/cpu', 0x0000000080002db8(.l_cmix_168_Start+10): 56618eb7 lui     t4,0x56618
Info   t4 307995c2 -> 56618000
Info 'riscvOVPsim/cpu', 0x0000000080002dbc(.l_cmix_168_Start+14): 86ee8e93 addi    t4,t4,-1938
Info   t4 56618000 -> 5661786e
Info 'riscvOVPsim/cpu', 0x0000000080002dc0(.l_cmix_168_Start+18): efbb9ab3 cmix    s5,s7,s11,t4
Info   s5 4dc5d907 -> 36614860
Info 'riscvOVPsim/cpu', 0x0000000080002dc4(.l_cmix_168_Start+1c): 36615c37 lui     s8,0x36615
Info   s8 8564580c -> 36615000
Info 'riscvOVPsim/cpu', 0x0000000080002dc8(.l_cmix_168_Start+20): 860c0c13 addi    s8,s8,-1952
Info   s8 36615000 -> 36614860
Info 'riscvOVPsim/cpu', 0x0000000080002dcc(.l_cmix_168_Start+24): 018a8a63 beq     s5,s8,80002de0
Info 'riscvOVPsim/cpu', 0x0000000080002de0(.l_cmov_169_Start): 49d20137 lui     sp,0x49d20
Info   sp 67bfffff -> 49d20000
Info 'riscvOVPsim/cpu', 0x0000000080002de4(.l_cmov_169_Start+4): ea010113 addi    sp,sp,-352
Info   sp 49d20000 -> 49d1fea0
Info 'riscvOVPsim/cpu', 0x0000000080002de8(.l_cmov_169_Start+8): 268cb4b7 lui     s1,0x268cb
Info   s1 178e240d -> 268cb000
Info 'riscvOVPsim/cpu', 0x0000000080002dec(.l_cmov_169_Start+c): 37f48493 addi    s1,s1,895
Info   s1 268cb000 -> 268cb37f
Info 'riscvOVPsim/cpu', 0x0000000080002df0(.l_cmov_169_Start+10): 102360b7 lui     ra,0x10236
Info   ra 2ef32ea6 -> 10236000
Info 'riscvOVPsim/cpu', 0x0000000080002df4(.l_cmov_169_Start+14): 2f808093 addi    ra,ra,760
Info   ra 10236000 -> 102362f8
Info 'riscvOVPsim/cpu', 0x0000000080002df8(.l_cmov_169_Start+18): e915033 cmov    zero,sp,s1,ra
Info 'riscvOVPsim/cpu', 0x0000000080002dfc(.l_cmov_169_Start+1c): 00000893 mv      a7,zero
Info   a7 fffddb11 -> 00000000
Info 'riscvOVPsim/cpu', 0x0000000080002e00(.l_cmov_169_Start+20): 01100a63 beq     zero,a7,80002e14
Info 'riscvOVPsim/cpu', 0x0000000080002e14(.l_fsl_170_Start): 1112e3b7 lui     t2,0x1112e
Info   t2 62548fd8 -> 1112e000
Info 'riscvOVPsim/cpu', 0x0000000080002e18(.l_fsl_170_Start+4): bb638393 addi    t2,t2,-1098
Info   t2 1112e000 -> 1112dbb6
Info 'riscvOVPsim/cpu', 0x0000000080002e1c(.l_fsl_170_Start+8): 2586a4b7 lui     s1,0x2586a
Info   s1 268cb37f -> 2586a000
Info 'riscvOVPsim/cpu', 0x0000000080002e20(.l_fsl_170_Start+c): 49848493 addi    s1,s1,1176
Info   s1 2586a000 -> 2586a498
Info 'riscvOVPsim/cpu', 0x0000000080002e24(.l_fsl_170_Start+10): 17a041b7 lui     gp,0x17a04
Info   gp 76c44e4e -> 17a04000
Info 'riscvOVPsim/cpu', 0x0000000080002e28(.l_fsl_170_Start+14): bb918193 addi    gp,gp,-1095
Info   gp 17a04000 -> 17a03bb9
Info 'riscvOVPsim/cpu', 0x0000000080002e2c(.l_fsl_170_Start+18): 1c9391b3 fsl     gp,t2,s1,gp
Info   gp 17a03bb9 -> b617a03b
Info 'riscvOVPsim/cpu', 0x0000000080002e30(.l_fsl_170_Start+1c): b617a6b7 lui     a3,0xb617a
Info   a3 00000001 -> b617a000
Info 'riscvOVPsim/cpu', 0x0000000080002e34(.l_fsl_170_Start+20): 03b68693 addi    a3,a3,59
Info   a3 b617a000 -> b617a03b
Info 'riscvOVPsim/cpu', 0x0000000080002e38(.l_fsl_170_Start+24): 00d18a63 beq     gp,a3,80002e4c
Info 'riscvOVPsim/cpu', 0x0000000080002e4c(.l_fsr_171_Start): 5800efb7 lui     t6,0x5800e
Info   t6 00000001 -> 5800e000
Info 'riscvOVPsim/cpu', 0x0000000080002e50(.l_fsr_171_Start+4): 34bf8f93 addi    t6,t6,843
Info   t6 5800e000 -> 5800e34b
Info 'riscvOVPsim/cpu', 0x0000000080002e54(.l_fsr_171_Start+8): 1673fc37 lui     s8,0x1673f
Info   s8 36614860 -> 1673f000
Info 'riscvOVPsim/cpu', 0x0000000080002e58(.l_fsr_171_Start+c): fc8c0c13 addi    s8,s8,-56
Info   s8 1673f000 -> 1673efc8
Info 'riscvOVPsim/cpu', 0x0000000080002e5c(.l_fsr_171_Start+10): 05b9b137 lui     sp,0x5b9b
Info   sp 49d1fea0 -> 05b9b000
Info 'riscvOVPsim/cpu', 0x0000000080002e60(.l_fsr_171_Start+14): 1fd10113 addi    sp,sp,509
Info   sp 05b9b000 -> 05b9b1fd
Info 'riscvOVPsim/cpu', 0x0000000080002e64(.l_fsr_171_Start+18): 158fd0b3 fsr     ra,t6,s8,sp
Info   ra 102362f8 -> fd5800e3
Info 'riscvOVPsim/cpu', 0x0000000080002e68(.l_fsr_171_Start+1c): fd580eb7 lui     t4,0xfd580
Info   t4 5661786e -> fd580000
Info 'riscvOVPsim/cpu', 0x0000000080002e6c(.l_fsr_171_Start+20): 0e3e8e93 addi    t4,t4,227
Info   t4 fd580000 -> fd5800e3
Info 'riscvOVPsim/cpu', 0x0000000080002e70(.l_fsr_171_Start+24): 01d08a63 beq     ra,t4,80002e84
Info 'riscvOVPsim/cpu', 0x0000000080002e84(.l_fsri_172_Start): 7f41d237 lui     tp,0x7f41d
Info   tp 8564580c -> 7f41d000
Info 'riscvOVPsim/cpu', 0x0000000080002e88(.l_fsri_172_Start+4): 04920213 addi    tp,tp,73
Info   tp 7f41d000 -> 7f41d049
Info 'riscvOVPsim/cpu', 0x0000000080002e8c(.l_fsri_172_Start+8): 449f6d37 lui     s10,0x449f6
Info   s10 03cde07c -> 449f6000
Info 'riscvOVPsim/cpu', 0x0000000080002e90(.l_fsri_172_Start+c): 6fed0d13 addi    s10,s10,1790
Info   s10 449f6000 -> 449f66fe
Info 'riscvOVPsim/cpu', 0x0000000080002e94(.l_fsri_172_Start+10): d5025113 fsri    sp,tp,s10,16
Info   sp 05b9b1fd -> 66fe7f41
Info 'riscvOVPsim/cpu', 0x0000000080002e98(.l_fsri_172_Start+14): 66fe8537 lui     a0,0x66fe8
Info   a0 5e1eae31 -> 66fe8000
Info 'riscvOVPsim/cpu', 0x0000000080002e9c(.l_fsri_172_Start+18): f4150513 addi    a0,a0,-191
Info   a0 66fe8000 -> 66fe7f41
Info 'riscvOVPsim/cpu', 0x0000000080002ea0(.l_fsri_172_Start+1c): 00a10a63 beq     sp,a0,80002eb4
Info 'riscvOVPsim/cpu', 0x0000000080002eb4(.l_clz_173_Start): 7237b5b7 lui     a1,0x7237b
Info   a1 6505f02e -> 7237b000
Info 'riscvOVPsim/cpu', 0x0000000080002eb8(.l_clz_173_Start+4): a9658593 addi    a1,a1,-1386
Info   a1 7237b000 -> 7237aa96
Info 'riscvOVPsim/cpu', 0x0000000080002ebc(.l_clz_173_Start+8): 60059a93 clz     s5,a1
Info   s5 36614860 -> 00000001
Info 'riscvOVPsim/cpu', 0x0000000080002ec0(.l_clz_173_Start+c): 00100113 addi    sp,zero,1
Info   sp 66fe7f41 -> 00000001
Info 'riscvOVPsim/cpu', 0x0000000080002ec4(.l_clz_173_Start+10): 002a8a63 beq     s5,sp,80002ed8
Info 'riscvOVPsim/cpu', 0x0000000080002ed8(.l_ctz_174_Start): 6b432437 lui     s0,0x6b432
Info   s0 2fe5d025 -> 6b432000
Info 'riscvOVPsim/cpu', 0x0000000080002edc(.l_ctz_174_Start+4): f2540413 addi    s0,s0,-219
Info   s0 6b432000 -> 6b431f25
Info 'riscvOVPsim/cpu', 0x0000000080002ee0(.l_ctz_174_Start+8): 60141693 ctz     a3,s0
Info   a3 b617a03b -> 00000000
Info 'riscvOVPsim/cpu', 0x0000000080002ee4(.l_ctz_174_Start+c): 00000f93 mv      t6,zero
Info   t6 5800e34b -> 00000000
Info 'riscvOVPsim/cpu', 0x0000000080002ee8(.l_ctz_174_Start+10): 01f68a63 beq     a3,t6,80002efc
Info 'riscvOVPsim/cpu', 0x0000000080002efc(.l_pcnt_175_Start): 2c70fe37 lui     t3,0x2c70f
Info   t3 24639756 -> 2c70f000
Info 'riscvOVPsim/cpu', 0x0000000080002f00(.l_pcnt_175_Start+4): daee0e13 addi    t3,t3,-594
Info   t3 2c70f000 -> 2c70edae
Info 'riscvOVPsim/cpu', 0x0000000080002f04(.l_pcnt_175_Start+8): 602e1593 pcnt    a1,t3
Info   a1 7237aa96 -> 00000011
Info 'riscvOVPsim/cpu', 0x0000000080002f08(.l_pcnt_175_Start+c): 01100393 addi    t2,zero,17
Info   t2 1112dbb6 -> 00000011
Info 'riscvOVPsim/cpu', 0x0000000080002f0c(.l_pcnt_175_Start+10): 00758a63 beq     a1,t2,80002f20
Info 'riscvOVPsim/cpu', 0x0000000080002f20(.l_crc32_b_176_Start): 5bc9b2b7 lui     t0,0x5bc9b
Info   t0 2a9c34e2 -> 5bc9b000
Info 'riscvOVPsim/cpu', 0x0000000080002f24(.l_crc32_b_176_Start+4): 82728293 addi    t0,t0,-2009
Info   t0 5bc9b000 -> 5bc9a827
Info 'riscvOVPsim/cpu', 0x0000000080002f28(.l_crc32_b_176_Start+8): 61029693 crc32.b a3,t0
Info   a3 00000000 -> a5517cc3
Info 'riscvOVPsim/cpu', 0x0000000080002f2c(.l_crc32_b_176_Start+c): a5518b37 lui     s6,0xa5518
Info   s6 307995ca -> a5518000
Info 'riscvOVPsim/cpu', 0x0000000080002f30(.l_crc32_b_176_Start+10): cc3b0b13 addi    s6,s6,-829
Info   s6 a5518000 -> a5517cc3
Info 'riscvOVPsim/cpu', 0x0000000080002f34(.l_crc32_b_176_Start+14): 01668a63 beq     a3,s6,80002f48
Info 'riscvOVPsim/cpu', 0x0000000080002f48(.l_crc32_h_177_Start): 226442b7 lui     t0,0x22644
Info   t0 5bc9a827 -> 22644000
Info 'riscvOVPsim/cpu', 0x0000000080002f4c(.l_crc32_h_177_Start+4): ea928293 addi    t0,t0,-343
Info   t0 22644000 -> 22643ea9
Info 'riscvOVPsim/cpu', 0x0000000080002f50(.l_crc32_h_177_Start+8): 61129313 crc32.h t1,t0
Info   t1 6ff6c8a1 -> bea4386f
Info 'riscvOVPsim/cpu', 0x0000000080002f54(.l_crc32_h_177_Start+c): bea445b7 lui     a1,0xbea44
Info   a1 00000011 -> bea44000
Info 'riscvOVPsim/cpu', 0x0000000080002f58(.l_crc32_h_177_Start+10): 86f58593 addi    a1,a1,-1937
Info   a1 bea44000 -> bea4386f
Info 'riscvOVPsim/cpu', 0x0000000080002f5c(.l_crc32_h_177_Start+14): 00b30a63 beq     t1,a1,80002f70
Info 'riscvOVPsim/cpu', 0x0000000080002f70(.l_crc32_w_178_Start): 1e411537 lui     a0,0x1e411
Info   a0 66fe7f41 -> 1e411000
Info 'riscvOVPsim/cpu', 0x0000000080002f74(.l_crc32_w_178_Start+4): 98a50513 addi    a0,a0,-1654
Info   a0 1e411000 -> 1e41098a
Info 'riscvOVPsim/cpu', 0x0000000080002f78(.l_crc32_w_178_Start+8): 61251693 crc32.w a3,a0
Info   a3 a5517cc3 -> 9e582ef7
Info 'riscvOVPsim/cpu', 0x0000000080002f7c(.l_crc32_w_178_Start+c): 9e583637 lui     a2,0x9e583
Info   a2 00000001 -> 9e583000
Info 'riscvOVPsim/cpu', 0x0000000080002f80(.l_crc32_w_178_Start+10): ef760613 addi    a2,a2,-265
Info   a2 9e583000 -> 9e582ef7
Info 'riscvOVPsim/cpu', 0x0000000080002f84(.l_crc32_w_178_Start+14): 00c68a63 beq     a3,a2,80002f98
Info 'riscvOVPsim/cpu', 0x0000000080002f98(.l_crc32c_b_179_Start): 41d64ab7 lui     s5,0x41d64
Info   s5 00000001 -> 41d64000
Info 'riscvOVPsim/cpu', 0x0000000080002f9c(.l_crc32c_b_179_Start+4): 6bca8a93 addi    s5,s5,1724
Info   s5 41d64000 -> 41d646bc
Info 'riscvOVPsim/cpu', 0x0000000080002fa0(.l_crc32c_b_179_Start+8): 618a9613 crc32c.b a2,s5
Info   a2 9e582ef7 -> ff176b5f
Info 'riscvOVPsim/cpu', 0x0000000080002fa4(.l_crc32c_b_179_Start+c): ff1779b7 lui     s3,0xff177
Info   s3 f31d591d -> ff177000
Info 'riscvOVPsim/cpu', 0x0000000080002fa8(.l_crc32c_b_179_Start+10): b5f98993 addi    s3,s3,-1185
Info   s3 ff177000 -> ff176b5f
Info 'riscvOVPsim/cpu', 0x0000000080002fac(.l_crc32c_b_179_Start+14): 01360a63 beq     a2,s3,80002fc0
Info 'riscvOVPsim/cpu', 0x0000000080002fc0(.l_crc32c_h_180_Start): 6798f737 lui     a4,0x6798f
Info   a4 5fa6c6dc -> 6798f000
Info 'riscvOVPsim/cpu', 0x0000000080002fc4(.l_crc32c_h_180_Start+4): 03970713 addi    a4,a4,57
Info   a4 6798f000 -> 6798f039
Info 'riscvOVPsim/cpu', 0x0000000080002fc8(.l_crc32c_h_180_Start+8): 61971513 crc32c.h a0,a4
Info   a0 1e41098a -> 3d9641a1
Info 'riscvOVPsim/cpu', 0x0000000080002fcc(.l_crc32c_h_180_Start+c): 3d964db7 lui     s11,0x3d964
Info   s11 70cc332f -> 3d964000
Info 'riscvOVPsim/cpu', 0x0000000080002fd0(.l_crc32c_h_180_Start+10): 1a1d8d93 addi    s11,s11,417
Info   s11 3d964000 -> 3d9641a1
Info 'riscvOVPsim/cpu', 0x0000000080002fd4(.l_crc32c_h_180_Start+14): 01b50a63 beq     a0,s11,80002fe8
Info 'riscvOVPsim/cpu', 0x0000000080002fe8(.l_crc32c_w_181_Start): 170ebab7 lui     s5,0x170eb
Info   s5 41d646bc -> 170eb000
Info 'riscvOVPsim/cpu', 0x0000000080002fec(.l_crc32c_w_181_Start+4): 52ba8a93 addi    s5,s5,1323
Info   s5 170eb000 -> 170eb52b
Info 'riscvOVPsim/cpu', 0x0000000080002ff0(.l_crc32c_w_181_Start+8): 61aa9113 crc32c.w sp,s5
Info   sp 00000001 -> 525208e3
Info 'riscvOVPsim/cpu', 0x0000000080002ff4(.l_crc32c_w_181_Start+c): 52521237 lui     tp,0x52521
Info   tp 7f41d049 -> 52521000
Info 'riscvOVPsim/cpu', 0x0000000080002ff8(.l_crc32c_w_181_Start+10): 8e320213 addi    tp,tp,-1821
Info   tp 52521000 -> 525208e3
Info 'riscvOVPsim/cpu', 0x0000000080002ffc(.l_crc32c_w_181_Start+14): 00410a63 beq     sp,tp,80003010
Info 'riscvOVPsim/cpu', 0x0000000080003010(.l_clmul_182_Start): 64a1cb37 lui     s6,0x64a1c
Info   s6 a5517cc3 -> 64a1c000
Info 'riscvOVPsim/cpu', 0x0000000080003014(.l_clmul_182_Start+4): 464b0b13 addi    s6,s6,1124
Info   s6 64a1c000 -> 64a1c464
Info 'riscvOVPsim/cpu', 0x0000000080003018(.l_clmul_182_Start+8): 317243b7 lui     t2,0x31724
Info   t2 00000011 -> 31724000
Info 'riscvOVPsim/cpu', 0x000000008000301c(.l_clmul_182_Start+c): bf538393 addi    t2,t2,-1035
Info   t2 31724000 -> 31723bf5
Info 'riscvOVPsim/cpu', 0x0000000080003020(.l_clmul_182_Start+10): a7b1633 clmul   a2,s6,t2
Info   a2 ff176b5f -> 673c7834
Info 'riscvOVPsim/cpu', 0x0000000080003024(.l_clmul_182_Start+14): 673c88b7 lui     a7,0x673c8
Info   a7 00000000 -> 673c8000
Info 'riscvOVPsim/cpu', 0x0000000080003028(.l_clmul_182_Start+18): 83488893 addi    a7,a7,-1996
Info   a7 673c8000 -> 673c7834
Info 'riscvOVPsim/cpu', 0x000000008000302c(.l_clmul_182_Start+1c): 01160a63 beq     a2,a7,80003040
Info 'riscvOVPsim/cpu', 0x0000000080003040(.l_clmulr_183_Start): 7bdd65b7 lui     a1,0x7bdd6
Info   a1 bea4386f -> 7bdd6000
Info 'riscvOVPsim/cpu', 0x0000000080003044(.l_clmulr_183_Start+4): 69058593 addi    a1,a1,1680
Info   a1 7bdd6000 -> 7bdd6690
Info 'riscvOVPsim/cpu', 0x0000000080003048(.l_clmulr_183_Start+8): 0dfb6e37 lui     t3,0xdfb6
Info   t3 2c70edae -> 0dfb6000
Info 'riscvOVPsim/cpu', 0x000000008000304c(.l_clmulr_183_Start+c): c5be0e13 addi    t3,t3,-933
Info   t3 0dfb6000 -> 0dfb5c5b
Info 'riscvOVPsim/cpu', 0x0000000080003050(.l_clmulr_183_Start+10): a7b1633 clmul   a2,s6,t2
Info   ra fd5800e3 -> 04c5ab6b
Info 'riscvOVPsim/cpu', 0x0000000080003054(.l_clmulr_183_Start+14): 04c5b337 lui     t1,0x4c5b
Info   t1 bea4386f -> 04c5b000
Info 'riscvOVPsim/cpu', 0x0000000080003058(.l_clmulr_183_Start+18): b6b30313 addi    t1,t1,-1173
Info   t1 04c5b000 -> 04c5ab6b
Info 'riscvOVPsim/cpu', 0x000000008000305c(.l_clmulr_183_Start+1c): 00608a63 beq     ra,t1,80003070
Info 'riscvOVPsim/cpu', 0x0000000080003070(.l_clmulh_184_Start): 3a541f37 lui     t5,0x3a541
Info   t5 f31d591d -> 3a541000
Info 'riscvOVPsim/cpu', 0x0000000080003074(.l_clmulh_184_Start+4): 011f0f13 addi    t5,t5,17
Info   t5 3a541000 -> 3a541011
Info 'riscvOVPsim/cpu', 0x0000000080003078(.l_clmulh_184_Start+8): 4423c2b7 lui     t0,0x4423c
Info   t0 22643ea9 -> 4423c000
Info 'riscvOVPsim/cpu', 0x000000008000307c(.l_clmulh_184_Start+c): 77728293 addi    t0,t0,1911
Info   t0 4423c000 -> 4423c777
Info 'riscvOVPsim/cpu', 0x0000000080003080(.l_clmulh_184_Start+10): a5f3833 clmulh  a6,t5,t0
Info   a6 03a05530 -> 0e7b4328
Info 'riscvOVPsim/cpu', 0x0000000080003084(.l_clmulh_184_Start+14): 0e7b4437 lui     s0,0xe7b4
Info   s0 6b431f25 -> 0e7b4000
Info 'riscvOVPsim/cpu', 0x0000000080003088(.l_clmulh_184_Start+18): 32840413 addi    s0,s0,808
Info   s0 0e7b4000 -> 0e7b4328
Info 'riscvOVPsim/cpu', 0x000000008000308c(.l_clmulh_184_Start+1c): 00880a63 beq     a6,s0,800030a0
Info 'riscvOVPsim/cpu', 0x00000000800030a0(.l_min_185_Start): 02a006b7 lui     a3,0x2a00
Info   a3 9e582ef7 -> 02a00000
Info 'riscvOVPsim/cpu', 0x00000000800030a4(.l_min_185_Start+4): 48768693 addi    a3,a3,1159
Info   a3 02a00000 -> 02a00487
Info 'riscvOVPsim/cpu', 0x00000000800030a8(.l_min_185_Start+8): 06cb20b7 lui     ra,0x6cb2
Info   ra 04c5ab6b -> 06cb2000
Info 'riscvOVPsim/cpu', 0x00000000800030ac(.l_min_185_Start+c): b6008093 addi    ra,ra,-1184
Info   ra 06cb2000 -> 06cb1b60
Info 'riscvOVPsim/cpu', 0x00000000800030b0(.l_min_185_Start+10): a16c6b3 min     a3,a3,ra
Info 'riscvOVPsim/cpu', 0x00000000800030b4(.l_min_185_Start+14): 02a00237 lui     tp,0x2a00
Info   tp 525208e3 -> 02a00000
Info 'riscvOVPsim/cpu', 0x00000000800030b8(.l_min_185_Start+18): 48720213 addi    tp,tp,1159
Info   tp 02a00000 -> 02a00487
Info 'riscvOVPsim/cpu', 0x00000000800030bc(.l_min_185_Start+1c): 00468a63 beq     a3,tp,800030d0
Info 'riscvOVPsim/cpu', 0x00000000800030d0(.l_max_186_Start): 1786d537 lui     a0,0x1786d
Info   a0 3d9641a1 -> 1786d000
Info 'riscvOVPsim/cpu', 0x00000000800030d4(.l_max_186_Start+4): 97450513 addi    a0,a0,-1676
Info   a0 1786d000 -> 1786c974
Info 'riscvOVPsim/cpu', 0x00000000800030d8(.l_max_186_Start+8): 1c242b37 lui     s6,0x1c242
Info   s6 64a1c464 -> 1c242000
Info 'riscvOVPsim/cpu', 0x00000000800030dc(.l_max_186_Start+c): 7a1b0b13 addi    s6,s6,1953
Info   s6 1c242000 -> 1c2427a1
Info 'riscvOVPsim/cpu', 0x00000000800030e0(.l_max_186_Start+10): b655a33 max     s4,a0,s6
Info   s4 7b91144e -> 1c2427a1
Info 'riscvOVPsim/cpu', 0x00000000800030e4(.l_max_186_Start+14): 1c242737 lui     a4,0x1c242
Info   a4 6798f039 -> 1c242000
Info 'riscvOVPsim/cpu', 0x00000000800030e8(.l_max_186_Start+18): 7a170713 addi    a4,a4,1953
Info   a4 1c242000 -> 1c2427a1
Info 'riscvOVPsim/cpu', 0x00000000800030ec(.l_max_186_Start+1c): 00ea0a63 beq     s4,a4,80003100
Info 'riscvOVPsim/cpu', 0x0000000080003100(.l_minu_187_Start): 3adf3537 lui     a0,0x3adf3
Info   a0 1786c974 -> 3adf3000
Info 'riscvOVPsim/cpu', 0x0000000080003104(.l_minu_187_Start+4): 31d50513 addi    a0,a0,797
Info   a0 3adf3000 -> 3adf331d
Info 'riscvOVPsim/cpu', 0x0000000080003108(.l_minu_187_Start+8): 4d08b437 lui     s0,0x4d08b
Info   s0 0e7b4328 -> 4d08b000
Info 'riscvOVPsim/cpu', 0x000000008000310c(.l_minu_187_Start+c): 9e440413 addi    s0,s0,-1564
Info   s0 4d08b000 -> 4d08a9e4
Info 'riscvOVPsim/cpu', 0x0000000080003110(.l_minu_187_Start+10): a856433 minu    s0,a0,s0
Info   s0 4d08a9e4 -> 3adf331d
Info 'riscvOVPsim/cpu', 0x0000000080003114(.l_minu_187_Start+14): 3adf30b7 lui     ra,0x3adf3
Info   ra 06cb1b60 -> 3adf3000
Info 'riscvOVPsim/cpu', 0x0000000080003118(.l_minu_187_Start+18): 31d08093 addi    ra,ra,797
Info   ra 3adf3000 -> 3adf331d
Info 'riscvOVPsim/cpu', 0x000000008000311c(.l_minu_187_Start+1c): 00140a63 beq     s0,ra,80003130
Info 'riscvOVPsim/cpu', 0x0000000080003130(.l_maxu_188_Start): 56167cb7 lui     s9,0x56167
Info   s9 6ce00443 -> 56167000
Info 'riscvOVPsim/cpu', 0x0000000080003134(.l_maxu_188_Start+4): 394c8c93 addi    s9,s9,916
Info   s9 56167000 -> 56167394
Info 'riscvOVPsim/cpu', 0x0000000080003138(.l_maxu_188_Start+8): 09211637 lui     a2,0x9211
Info   a2 673c7834 -> 09211000
Info 'riscvOVPsim/cpu', 0x000000008000313c(.l_maxu_188_Start+c): 45c60613 addi    a2,a2,1116
Info   a2 09211000 -> 0921145c
Info 'riscvOVPsim/cpu', 0x0000000080003140(.l_maxu_188_Start+10): accfd33 maxu    s10,s9,a2
Info   s10 449f66fe -> 56167394
Info 'riscvOVPsim/cpu', 0x0000000080003144(.l_maxu_188_Start+14): 56167237 lui     tp,0x56167
Info   tp 02a00487 -> 56167000
Info 'riscvOVPsim/cpu', 0x0000000080003148(.l_maxu_188_Start+18): 39420213 addi    tp,tp,916
Info   tp 56167000 -> 56167394
Info 'riscvOVPsim/cpu', 0x000000008000314c(.l_maxu_188_Start+1c): 004d0a63 beq     s10,tp,80003160
Info 'riscvOVPsim/cpu', 0x0000000080003160(.l_shfl_189_Start): 77264cb7 lui     s9,0x77264
Info   s9 56167394 -> 77264000
Info 'riscvOVPsim/cpu', 0x0000000080003164(.l_shfl_189_Start+4): b8ac8c93 addi    s9,s9,-1142
Info   s9 77264000 -> 77263b8a
Info 'riscvOVPsim/cpu', 0x0000000080003168(.l_shfl_189_Start+8): 755b6f37 lui     t5,0x755b6
Info   t5 3a541011 -> 755b6000
Info 'riscvOVPsim/cpu', 0x000000008000316c(.l_shfl_189_Start+c): ed6f0f13 addi    t5,t5,-298
Info   t5 755b6000 -> 755b5ed6
Info 'riscvOVPsim/cpu', 0x0000000080003170(.l_shfl_189_Start+10): 9ec9433 shfl    s0,s9,t5
Info   s0 3adf331d -> 4e5e2cae
Info 'riscvOVPsim/cpu', 0x0000000080003174(.l_shfl_189_Start+14): 4e5e31b7 lui     gp,0x4e5e3
Info   gp b617a03b -> 4e5e3000
Info 'riscvOVPsim/cpu', 0x0000000080003178(.l_shfl_189_Start+18): cae18193 addi    gp,gp,-850
Info   gp 4e5e3000 -> 4e5e2cae
Info 'riscvOVPsim/cpu', 0x000000008000317c(.l_shfl_189_Start+1c): 00340a63 beq     s0,gp,80003190
Info 'riscvOVPsim/cpu', 0x0000000080003190(.l_unshfl_190_Start): 76defbb7 lui     s7,0x76def
Info   s7 37524cf0 -> 76def000
Info 'riscvOVPsim/cpu', 0x0000000080003194(.l_unshfl_190_Start+4): 918b8b93 addi    s7,s7,-1768
Info   s7 76def000 -> 76dee918
Info 'riscvOVPsim/cpu', 0x0000000080003198(.l_unshfl_190_Start+8): 76defbb7 lui     s7,0x76def
Info   s7 76dee918 -> 76def000
Info 'riscvOVPsim/cpu', 0x000000008000319c(.l_unshfl_190_Start+c): 918b8b93 addi    s7,s7,-1768
Info   s7 76def000 -> 76dee918
Info 'riscvOVPsim/cpu', 0x00000000800031a0(.l_unshfl_190_Start+10): 97bdf33 unshfl  t5,s7,s7
Info   t5 755b5ed6 -> 76e9de18
Info 'riscvOVPsim/cpu', 0x00000000800031a4(.l_unshfl_190_Start+14): 76e9ecb7 lui     s9,0x76e9e
Info   s9 77263b8a -> 76e9e000
Info 'riscvOVPsim/cpu', 0x00000000800031a8(.l_unshfl_190_Start+18): e18c8c93 addi    s9,s9,-488
Info   s9 76e9e000 -> 76e9de18
Info 'riscvOVPsim/cpu', 0x00000000800031ac(.l_unshfl_190_Start+1c): 019f0a63 beq     t5,s9,800031c0
Info 'riscvOVPsim/cpu', 0x00000000800031c0(.l_bdep_191_Start): 18188737 lui     a4,0x18188
Info   a4 1c2427a1 -> 18188000
Info 'riscvOVPsim/cpu', 0x00000000800031c4(.l_bdep_191_Start+4): 32f70713 addi    a4,a4,815
Info   a4 18188000 -> 1818832f
Info 'riscvOVPsim/cpu', 0x00000000800031c8(.l_bdep_191_Start+8): 24c2a4b7 lui     s1,0x24c2a
Info   s1 2586a498 -> 24c2a000
Info 'riscvOVPsim/cpu', 0x00000000800031cc(.l_bdep_191_Start+c): fd148493 addi    s1,s1,-47
Info   s1 24c2a000 -> 24c29fd1
Info 'riscvOVPsim/cpu', 0x00000000800031d0(.l_bdep_191_Start+10): 89724b3 bdep    s1,a4,s1
Info   s1 24c29fd1 -> 000092d1
Info 'riscvOVPsim/cpu', 0x00000000800031d4(.l_bdep_191_Start+14): 00009e37 lui     t3,0x9
Info   t3 0dfb5c5b -> 00009000
Info 'riscvOVPsim/cpu', 0x00000000800031d8(.l_bdep_191_Start+18): 2d1e0e13 addi    t3,t3,721
Info   t3 00009000 -> 000092d1
Info 'riscvOVPsim/cpu', 0x00000000800031dc(.l_bdep_191_Start+1c): 01c48a63 beq     s1,t3,800031f0
Info 'riscvOVPsim/cpu', 0x00000000800031f0(.l_bext_192_Start): 5c64bbb7 lui     s7,0x5c64b
Info   s7 76dee918 -> 5c64b000
Info 'riscvOVPsim/cpu', 0x00000000800031f4(.l_bext_192_Start+4): d75b8b93 addi    s7,s7,-651
Info   s7 5c64b000 -> 5c64ad75
Info 'riscvOVPsim/cpu', 0x00000000800031f8(.l_bext_192_Start+8): 2cdd6a37 lui     s4,0x2cdd6
Info   s4 1c2427a1 -> 2cdd6000
Info 'riscvOVPsim/cpu', 0x00000000800031fc(.l_bext_192_Start+c): b39a0a13 addi    s4,s4,-1223
Info   s4 2cdd6000 -> 2cdd5b39
Info 'riscvOVPsim/cpu', 0x0000000080003200(.l_bext_192_Start+10): 94be433 bext    s0,s7,s4
Info   s0 4e5e2cae -> 0001a45d
Info 'riscvOVPsim/cpu', 0x0000000080003204(.l_bext_192_Start+14): 0001a1b7 lui     gp,0x1a
Info   gp 4e5e2cae -> 0001a000
Info 'riscvOVPsim/cpu', 0x0000000080003208(.l_bext_192_Start+18): 45d18193 addi    gp,gp,1117
Info   gp 0001a000 -> 0001a45d
Info 'riscvOVPsim/cpu', 0x000000008000320c(.l_bext_192_Start+1c): 00340a63 beq     s0,gp,80003220
Info 'riscvOVPsim/cpu', 0x0000000080003220(.l_pack_193_Start): 7a964737 lui     a4,0x7a964
Info   a4 1818832f -> 7a964000
Info 'riscvOVPsim/cpu', 0x0000000080003224(.l_pack_193_Start+4): 84370713 addi    a4,a4,-1981
Info   a4 7a964000 -> 7a963843
Info 'riscvOVPsim/cpu', 0x0000000080003228(.l_pack_193_Start+8): 4fe132b7 lui     t0,0x4fe13
Info   t0 4423c777 -> 4fe13000
Info 'riscvOVPsim/cpu', 0x000000008000322c(.l_pack_193_Start+c): f6128293 addi    t0,t0,-159
Info   t0 4fe13000 -> 4fe12f61
Info 'riscvOVPsim/cpu', 0x0000000080003230(.l_pack_193_Start+10): 085748b3 undef
Info   a7 673c7834 -> 2f613843
Info 'riscvOVPsim/cpu', 0x0000000080003234(.l_pack_193_Start+14): 2f614937 lui     s2,0x2f614
Info   s2 24639756 -> 2f614000
Info 'riscvOVPsim/cpu', 0x0000000080003238(.l_pack_193_Start+18): 84390913 addi    s2,s2,-1981
Info   s2 2f614000 -> 2f613843
Info 'riscvOVPsim/cpu', 0x000000008000323c(.l_pack_193_Start+1c): 01288a63 beq     a7,s2,80003250
Info 'riscvOVPsim/cpu', 0x0000000080003250(.l_bfp_194_Start): 2e8eae37 lui     t3,0x2e8ea
Info   t3 000092d1 -> 2e8ea000
Info 'riscvOVPsim/cpu', 0x0000000080003254(.l_bfp_194_Start+4): f47e0e13 addi    t3,t3,-185
Info   t3 2e8ea000 -> 2e8e9f47
Info 'riscvOVPsim/cpu', 0x0000000080003258(.l_bfp_194_Start+8): 00000013 nop
Info 'riscvOVPsim/cpu', 0x000000008000325c(.l_bfp_194_Start+c): 80e7233 bfp     tp,t3,zero
Info   tp 56167394 -> 2e8e0000
Info 'riscvOVPsim/cpu', 0x0000000080003260(.l_bfp_194_Start+10): 2e8e07b7 lui     a5,0x2e8e0
Info   a5 60c2d273 -> 2e8e0000
Info 'riscvOVPsim/cpu', 0x0000000080003264(.l_bfp_194_Start+14): 00f20a63 beq     tp,a5,80003278
Info 'riscvOVPsim/cpu', 0x0000000080003278(.l_shfli_195_Start): 254169b7 lui     s3,0x25416
Info   s3 ff176b5f -> 25416000
Info 'riscvOVPsim/cpu', 0x000000008000327c(.l_shfli_195_Start+4): b0c98993 addi    s3,s3,-1268
Info   s3 25416000 -> 25415b0c
Info 'riscvOVPsim/cpu', 0x0000000080003280(.l_shfli_195_Start+8): 9e99b13 shfli   s6,s3,30
Info   s6 1c2427a1 -> 19674034
Info 'riscvOVPsim/cpu', 0x0000000080003284(.l_shfli_195_Start+c): 19674937 lui     s2,0x19674
Info   s2 2f613843 -> 19674000
Info 'riscvOVPsim/cpu', 0x0000000080003288(.l_shfli_195_Start+10): 03490913 addi    s2,s2,52
Info   s2 19674000 -> 19674034
Info 'riscvOVPsim/cpu', 0x000000008000328c(.l_shfli_195_Start+14): 012b0a63 beq     s6,s2,800032a0
Info 'riscvOVPsim/cpu', 0x00000000800032a0(.l_unshfli_196_Start): 595b32b7 lui     t0,0x595b3
Info   t0 4fe12f61 -> 595b3000
Info 'riscvOVPsim/cpu', 0x00000000800032a4(.l_unshfli_196_Start+4): 7f328293 addi    t0,t0,2035
Info   t0 595b3000 -> 595b37f3
Info 'riscvOVPsim/cpu', 0x00000000800032a8(.l_unshfli_196_Start+8): 992de93 unshfli t4,t0,25
Info   t4 fd5800e3 -> 39573df5
Info 'riscvOVPsim/cpu', 0x00000000800032ac(.l_unshfli_196_Start+c): 39574a37 lui     s4,0x39574
Info   s4 2cdd5b39 -> 39574000
Info 'riscvOVPsim/cpu', 0x00000000800032b0(.l_unshfli_196_Start+10): df5a0a13 addi    s4,s4,-523
Info   s4 39574000 -> 39573df5
Info 'riscvOVPsim/cpu', 0x00000000800032b4(.l_unshfli_196_Start+14): 014e8a63 beq     t4,s4,800032c8
Info 'riscvOVPsim/cpu', 0x00000000800032c8(.l_andn_197_Start): 51d14237 lui     tp,0x51d14
Info   tp 2e8e0000 -> 51d14000
Info 'riscvOVPsim/cpu', 0x00000000800032cc(.l_andn_197_Start+4): 1cc20213 addi    tp,tp,460
Info   tp 51d14000 -> 51d141cc
Info 'riscvOVPsim/cpu', 0x00000000800032d0(.l_andn_197_Start+8): 12f93137 lui     sp,0x12f93
Info   sp 525208e3 -> 12f93000
Info 'riscvOVPsim/cpu', 0x00000000800032d4(.l_andn_197_Start+c): 57a10113 addi    sp,sp,1402
Info   sp 12f93000 -> 12f9357a
Info 'riscvOVPsim/cpu', 0x00000000800032d8(.l_andn_197_Start+10): 40227133 andn    sp,tp,sp
Info   sp 12f9357a -> 41004084
Info 'riscvOVPsim/cpu', 0x00000000800032dc(.l_andn_197_Start+14): 41004db7 lui     s11,0x41004
Info   s11 3d9641a1 -> 41004000
Info 'riscvOVPsim/cpu', 0x00000000800032e0(.l_andn_197_Start+18): 084d8d93 addi    s11,s11,132
Info   s11 41004000 -> 41004084
Info 'riscvOVPsim/cpu', 0x00000000800032e4(.l_andn_197_Start+1c): 01b10a63 beq     sp,s11,800032f8
Info 'riscvOVPsim/cpu', 0x00000000800032f8(.l_orn_198_Start): 461bd1b7 lui     gp,0x461bd
Info   gp 0001a45d -> 461bd000
Info 'riscvOVPsim/cpu', 0x00000000800032fc(.l_orn_198_Start+4): 83418193 addi    gp,gp,-1996
Info   gp 461bd000 -> 461bc834
Info 'riscvOVPsim/cpu', 0x0000000080003300(.l_orn_198_Start+8): 13dda7b7 lui     a5,0x13dda
Info   a5 2e8e0000 -> 13dda000
Info 'riscvOVPsim/cpu', 0x0000000080003304(.l_orn_198_Start+c): 79d78793 addi    a5,a5,1949
Info   a5 13dda000 -> 13dda79d
Info 'riscvOVPsim/cpu', 0x0000000080003308(.l_orn_198_Start+10): 40f1e433 orn     s0,gp,a5
Info   s0 0001a45d -> ee3bd876
Info 'riscvOVPsim/cpu', 0x000000008000330c(.l_orn_198_Start+14): ee3be3b7 lui     t2,0xee3be
Info   t2 31723bf5 -> ee3be000
Info 'riscvOVPsim/cpu', 0x0000000080003310(.l_orn_198_Start+18): 87638393 addi    t2,t2,-1930
Info   t2 ee3be000 -> ee3bd876
Info 'riscvOVPsim/cpu', 0x0000000080003314(.l_orn_198_Start+1c): 00740a63 beq     s0,t2,80003328
Info 'riscvOVPsim/cpu', 0x0000000080003328(.l_xnor_199_Start): 6e2e37b7 lui     a5,0x6e2e3
Info   a5 13dda79d -> 6e2e3000
Info 'riscvOVPsim/cpu', 0x000000008000332c(.l_xnor_199_Start+4): d5378793 addi    a5,a5,-685
Info   a5 6e2e3000 -> 6e2e2d53
Info 'riscvOVPsim/cpu', 0x0000000080003330(.l_xnor_199_Start+8): 00000013 nop
Info 'riscvOVPsim/cpu', 0x0000000080003334(.l_xnor_199_Start+c): 4007c333 xnor    t1,a5,zero
Info   t1 04c5ab6b -> 91d1d2ac
Info 'riscvOVPsim/cpu', 0x0000000080003338(.l_xnor_199_Start+10): 91d1d5b7 lui     a1,0x91d1d
Info   a1 7bdd6690 -> 91d1d000
Info 'riscvOVPsim/cpu', 0x000000008000333c(.l_xnor_199_Start+14): 2ac58593 addi    a1,a1,684
Info   a1 91d1d000 -> 91d1d2ac
Info 'riscvOVPsim/cpu', 0x0000000080003340(.l_xnor_199_Start+18): 00b30a63 beq     t1,a1,80003354
Info 'riscvOVPsim/cpu', 0x0000000080003354(.l_slo_200_Start): 317e63b7 lui     t2,0x317e6
Info   t2 ee3bd876 -> 317e6000
Info 'riscvOVPsim/cpu', 0x0000000080003358(.l_slo_200_Start+4): 11d38393 addi    t2,t2,285
Info   t2 317e6000 -> 317e611d
Info 'riscvOVPsim/cpu', 0x000000008000335c(.l_slo_200_Start+8): 7a61d437 lui     s0,0x7a61d
Info   s0 ee3bd876 -> 7a61d000
Info 'riscvOVPsim/cpu', 0x0000000080003360(.l_slo_200_Start+c): 75b40413 addi    s0,s0,1883
Info   s0 7a61d000 -> 7a61d75b
Info 'riscvOVPsim/cpu', 0x0000000080003364(.l_slo_200_Start+10): 20839eb3 slo     t4,t2,s0
Info   t4 39573df5 -> efffffff
Info 'riscvOVPsim/cpu', 0x0000000080003368(.l_slo_200_Start+14): f00006b7 lui     a3,0xf0000
Info   a3 02a00487 -> f0000000
Info 'riscvOVPsim/cpu', 0x000000008000336c(.l_slo_200_Start+18): fff68693 addi    a3,a3,-1
Info   a3 f0000000 -> efffffff
Info 'riscvOVPsim/cpu', 0x0000000080003370(.l_slo_200_Start+1c): 00de8a63 beq     t4,a3,80003384
Info 'riscvOVPsim/cpu', 0x0000000080003384(.l_sro_201_Start): 756d35b7 lui     a1,0x756d3
Info   a1 91d1d2ac -> 756d3000
Info 'riscvOVPsim/cpu', 0x0000000080003388(.l_sro_201_Start+4): 0d058593 addi    a1,a1,208
Info   a1 756d3000 -> 756d30d0
Info 'riscvOVPsim/cpu', 0x000000008000338c(.l_sro_201_Start+8): 505e63b7 lui     t2,0x505e6
Info   t2 317e611d -> 505e6000
Info 'riscvOVPsim/cpu', 0x0000000080003390(.l_sro_201_Start+c): e0138393 addi    t2,t2,-511
Info   t2 505e6000 -> 505e5e01
Info 'riscvOVPsim/cpu', 0x0000000080003394(.l_sro_201_Start+10): 2075d133 sro     sp,a1,t2
Info   sp 41004084 -> bab69868
Info 'riscvOVPsim/cpu', 0x0000000080003398(.l_sro_201_Start+14): bab6a6b7 lui     a3,0xbab6a
Info   a3 efffffff -> bab6a000
Info 'riscvOVPsim/cpu', 0x000000008000339c(.l_sro_201_Start+18): 86868693 addi    a3,a3,-1944
Info   a3 bab6a000 -> bab69868
Info 'riscvOVPsim/cpu', 0x00000000800033a0(.l_sro_201_Start+1c): 00d10a63 beq     sp,a3,800033b4
Info 'riscvOVPsim/cpu', 0x00000000800033b4(.l_rol_202_Start): 403c2237 lui     tp,0x403c2
Info   tp 51d141cc -> 403c2000
Info 'riscvOVPsim/cpu', 0x00000000800033b8(.l_rol_202_Start+4): 3e620213 addi    tp,tp,998
Info   tp 403c2000 -> 403c23e6
Info 'riscvOVPsim/cpu', 0x00000000800033bc(.l_rol_202_Start+8): 58d801b7 lui     gp,0x58d80
Info   gp 461bc834 -> 58d80000
Info 'riscvOVPsim/cpu', 0x00000000800033c0(.l_rol_202_Start+c): 9d718193 addi    gp,gp,-1577
Info   gp 58d80000 -> 58d7f9d7
Info 'riscvOVPsim/cpu', 0x00000000800033c4(.l_rol_202_Start+10): 60321333 rol     t1,tp,gp
Info   t1 91d1d2ac -> f3201e11
Info 'riscvOVPsim/cpu', 0x00000000800033c8(.l_rol_202_Start+14): f32028b7 lui     a7,0xf3202
Info   a7 2f613843 -> f3202000
Info 'riscvOVPsim/cpu', 0x00000000800033cc(.l_rol_202_Start+18): e1188893 addi    a7,a7,-495
Info   a7 f3202000 -> f3201e11
Info 'riscvOVPsim/cpu', 0x00000000800033d0(.l_rol_202_Start+1c): 01130a63 beq     t1,a7,800033e4
Info 'riscvOVPsim/cpu', 0x00000000800033e4(.l_ror_203_Start): 00000013 nop
Info 'riscvOVPsim/cpu', 0x00000000800033e8(.l_ror_203_Start+4): 42934fb7 lui     t6,0x42934
Info   t6 00000000 -> 42934000
Info 'riscvOVPsim/cpu', 0x00000000800033ec(.l_ror_203_Start+8): c4ff8f93 addi    t6,t6,-945
Info   t6 42934000 -> 42933c4f
Info 'riscvOVPsim/cpu', 0x00000000800033f0(.l_ror_203_Start+c): 61f05b33 ror     s6,zero,t6
Info   s6 19674034 -> 00000000
Info 'riscvOVPsim/cpu', 0x00000000800033f4(.l_ror_203_Start+10): 00000d13 mv      s10,zero
Info   s10 56167394 -> 00000000
Info 'riscvOVPsim/cpu', 0x00000000800033f8(.l_ror_203_Start+14): 01ab0a63 beq     s6,s10,8000340c
Info 'riscvOVPsim/cpu', 0x000000008000340c(.l_sbclr_204_Start): 3b7146b7 lui     a3,0x3b714
Info   a3 bab69868 -> 3b714000
Info 'riscvOVPsim/cpu', 0x0000000080003410(.l_sbclr_204_Start+4): 9dd68693 addi    a3,a3,-1571
Info   a3 3b714000 -> 3b7139dd
Info 'riscvOVPsim/cpu', 0x0000000080003414(.l_sbclr_204_Start+8): 3b7146b7 lui     a3,0x3b714
Info   a3 3b7139dd -> 3b714000
Info 'riscvOVPsim/cpu', 0x0000000080003418(.l_sbclr_204_Start+c): 9dd68693 addi    a3,a3,-1571
Info   a3 3b714000 -> 3b7139dd
Info 'riscvOVPsim/cpu', 0x000000008000341c(.l_sbclr_204_Start+10): 48d69033 sbclr   zero,a3,a3
Info 'riscvOVPsim/cpu', 0x0000000080003420(.l_sbclr_204_Start+14): 00000613 mv      a2,zero
Info   a2 0921145c -> 00000000
Info 'riscvOVPsim/cpu', 0x0000000080003424(.l_sbclr_204_Start+18): 00c00a63 beq     zero,a2,80003438
Info 'riscvOVPsim/cpu', 0x0000000080003438(.l_sbset_205_Start): 174be837 lui     a6,0x174be
Info   a6 0e7b4328 -> 174be000
Info 'riscvOVPsim/cpu', 0x000000008000343c(.l_sbset_205_Start+4): e9980813 addi    a6,a6,-359
Info   a6 174be000 -> 174bde99
Info 'riscvOVPsim/cpu', 0x0000000080003440(.l_sbset_205_Start+8): 1f2bf537 lui     a0,0x1f2bf
Info   a0 3adf331d -> 1f2bf000
Info 'riscvOVPsim/cpu', 0x0000000080003444(.l_sbset_205_Start+c): a4e50513 addi    a0,a0,-1458
Info   a0 1f2bf000 -> 1f2bea4e
Info 'riscvOVPsim/cpu', 0x0000000080003448(.l_sbset_205_Start+10): 28a816b3 sbset   a3,a6,a0
Info   a3 3b7139dd -> 174bde99
Info 'riscvOVPsim/cpu', 0x000000008000344c(.l_sbset_205_Start+14): 174be5b7 lui     a1,0x174be
Info   a1 756d30d0 -> 174be000
Info 'riscvOVPsim/cpu', 0x0000000080003450(.l_sbset_205_Start+18): e9958593 addi    a1,a1,-359
Info   a1 174be000 -> 174bde99
Info 'riscvOVPsim/cpu', 0x0000000080003454(.l_sbset_205_Start+1c): 00b68a63 beq     a3,a1,80003468
Info 'riscvOVPsim/cpu', 0x0000000080003468(.l_sbinv_206_Start): 638fea37 lui     s4,0x638fe
Info   s4 39573df5 -> 638fe000
Info 'riscvOVPsim/cpu', 0x000000008000346c(.l_sbinv_206_Start+4): bd1a0a13 addi    s4,s4,-1071
Info   s4 638fe000 -> 638fdbd1
Info 'riscvOVPsim/cpu', 0x0000000080003470(.l_sbinv_206_Start+8): 1098d8b7 lui     a7,0x1098d
Info   a7 f3201e11 -> 1098d000
Info 'riscvOVPsim/cpu', 0x0000000080003474(.l_sbinv_206_Start+c): f6e88893 addi    a7,a7,-146
Info   a7 1098d000 -> 1098cf6e
Info 'riscvOVPsim/cpu', 0x0000000080003478(.l_sbinv_206_Start+10): 691a1933 sbinv   s2,s4,a7
Info   s2 19674034 -> 638f9bd1
Info 'riscvOVPsim/cpu', 0x000000008000347c(.l_sbinv_206_Start+14): 638fa537 lui     a0,0x638fa
Info   a0 1f2bea4e -> 638fa000
Info 'riscvOVPsim/cpu', 0x0000000080003480(.l_sbinv_206_Start+18): bd150513 addi    a0,a0,-1071
Info   a0 638fa000 -> 638f9bd1
Info 'riscvOVPsim/cpu', 0x0000000080003484(.l_sbinv_206_Start+1c): 00a90a63 beq     s2,a0,80003498
Info 'riscvOVPsim/cpu', 0x0000000080003498(.l_sbext_207_Start): 430a1bb7 lui     s7,0x430a1
Info   s7 5c64ad75 -> 430a1000
Info 'riscvOVPsim/cpu', 0x000000008000349c(.l_sbext_207_Start+4): 662b8b93 addi    s7,s7,1634
Info   s7 430a1000 -> 430a1662
Info 'riscvOVPsim/cpu', 0x00000000800034a0(.l_sbext_207_Start+8): 1f9d6937 lui     s2,0x1f9d6
Info   s2 638f9bd1 -> 1f9d6000
Info 'riscvOVPsim/cpu', 0x00000000800034a4(.l_sbext_207_Start+c): c1890913 addi    s2,s2,-1000
Info   s2 1f9d6000 -> 1f9d5c18
Info 'riscvOVPsim/cpu', 0x00000000800034a8(.l_sbext_207_Start+10): 492bdeb3 sbext   t4,s7,s2
Info   t4 efffffff -> 00000001
Info 'riscvOVPsim/cpu', 0x00000000800034ac(.l_sbext_207_Start+14): 00100813 addi    a6,zero,1
Info   a6 174bde99 -> 00000001
Info 'riscvOVPsim/cpu', 0x00000000800034b0(.l_sbext_207_Start+18): 010e8a63 beq     t4,a6,800034c4
Info 'riscvOVPsim/cpu', 0x00000000800034c4(.l_grev_208_Start): 1e22cc37 lui     s8,0x1e22c
Info   s8 1673efc8 -> 1e22c000
Info 'riscvOVPsim/cpu', 0x00000000800034c8(.l_grev_208_Start+4): cb2c0c13 addi    s8,s8,-846
Info   s8 1e22c000 -> 1e22bcb2
Info 'riscvOVPsim/cpu', 0x00000000800034cc(.l_grev_208_Start+8): 3565fcb7 lui     s9,0x3565f
Info   s9 76e9de18 -> 3565f000
Info 'riscvOVPsim/cpu', 0x00000000800034d0(.l_grev_208_Start+c): 1c8c8c93 addi    s9,s9,456
Info   s9 3565f000 -> 3565f1c8
Info 'riscvOVPsim/cpu', 0x00000000800034d4(.l_grev_208_Start+10): 699c5bb3 grev    s7,s8,s9
Info   s7 430a1662 -> 221eb2bc
Info 'riscvOVPsim/cpu', 0x00000000800034d8(.l_grev_208_Start+14): 221eb537 lui     a0,0x221eb
Info   a0 638f9bd1 -> 221eb000
Info 'riscvOVPsim/cpu', 0x00000000800034dc(.l_grev_208_Start+18): 2bc50513 addi    a0,a0,700
Info   a0 221eb000 -> 221eb2bc
Info 'riscvOVPsim/cpu', 0x00000000800034e0(.l_grev_208_Start+1c): 00ab8a63 beq     s7,a0,800034f4
Info 'riscvOVPsim/cpu', 0x00000000800034f4(.l_sloi_209_Start): 787aafb7 lui     t6,0x787aa
Info   t6 42933c4f -> 787aa000
Info 'riscvOVPsim/cpu', 0x00000000800034f8(.l_sloi_209_Start+4): 59cf8f93 addi    t6,t6,1436
Info   t6 787aa000 -> 787aa59c
Info 'riscvOVPsim/cpu', 0x00000000800034fc(.l_sloi_209_Start+8): 235f9b13 sloi    s6,t6,53
Info   s6 00000000 -> b39fffff
Info 'riscvOVPsim/cpu', 0x0000000080003500(.l_sloi_209_Start+c): b3a00237 lui     tp,0xb3a00
Info   tp 403c23e6 -> b3a00000
Info 'riscvOVPsim/cpu', 0x0000000080003504(.l_sloi_209_Start+10): fff20213 addi    tp,tp,-1
Info   tp b3a00000 -> b39fffff
Info 'riscvOVPsim/cpu', 0x0000000080003508(.l_sloi_209_Start+14): 004b0a63 beq     s6,tp,8000351c
Info 'riscvOVPsim/cpu', 0x000000008000351c(.l_sroi_210_Start): 2395a537 lui     a0,0x2395a
Info   a0 221eb2bc -> 2395a000
Info 'riscvOVPsim/cpu', 0x0000000080003520(.l_sroi_210_Start+4): 7ff50513 addi    a0,a0,2047
Info   a0 2395a000 -> 2395a7ff
Info 'riscvOVPsim/cpu', 0x0000000080003524(.l_sroi_210_Start+8): 20d55193 sroi    gp,a0,13
Info   gp 58d7f9d7 -> fff91cad
Info 'riscvOVPsim/cpu', 0x0000000080003528(.l_sroi_210_Start+c): fff92e37 lui     t3,0xfff92
Info   t3 2e8e9f47 -> fff92000
Info 'riscvOVPsim/cpu', 0x000000008000352c(.l_sroi_210_Start+10): cade0e13 addi    t3,t3,-851
Info   t3 fff92000 -> fff91cad
Info 'riscvOVPsim/cpu', 0x0000000080003530(.l_sroi_210_Start+14): 01c18a63 beq     gp,t3,80003544
Info 'riscvOVPsim/cpu', 0x0000000080003544(.l_rori_211_Start): 701e9e37 lui     t3,0x701e9
Info   t3 fff91cad -> 701e9000
Info 'riscvOVPsim/cpu', 0x0000000080003548(.l_rori_211_Start+4): a0de0e13 addi    t3,t3,-1523
Info   t3 701e9000 -> 701e8a0d
Info 'riscvOVPsim/cpu', 0x000000008000354c(.l_rori_211_Start+8): 631e5313 rori    t1,t3,49
Info   t1 f3201e11 -> 4506b80f
Info 'riscvOVPsim/cpu', 0x0000000080003550(.l_rori_211_Start+c): 4506c6b7 lui     a3,0x4506c
Info   a3 174bde99 -> 4506c000
Info 'riscvOVPsim/cpu', 0x0000000080003554(.l_rori_211_Start+10): 80f68693 addi    a3,a3,-2033
Info   a3 4506c000 -> 4506b80f
Info 'riscvOVPsim/cpu', 0x0000000080003558(.l_rori_211_Start+14): 00d30a63 beq     t1,a3,8000356c
Info 'riscvOVPsim/cpu', 0x000000008000356c(.l_sbclri_212_Start): 7e13db37 lui     s6,0x7e13d
Info   s6 b39fffff -> 7e13d000
Info 'riscvOVPsim/cpu', 0x0000000080003570(.l_sbclri_212_Start+4): 013b0b13 addi    s6,s6,19
Info   s6 7e13d000 -> 7e13d013
Info 'riscvOVPsim/cpu', 0x0000000080003574(.l_sbclri_212_Start+8): 49eb1793 sbclri  a5,s6,30
Info   a5 6e2e2d53 -> 3e13d013
Info 'riscvOVPsim/cpu', 0x0000000080003578(.l_sbclri_212_Start+c): 3e13d4b7 lui     s1,0x3e13d
Info   s1 000092d1 -> 3e13d000
Info 'riscvOVPsim/cpu', 0x000000008000357c(.l_sbclri_212_Start+10): 01348493 addi    s1,s1,19
Info   s1 3e13d000 -> 3e13d013
Info 'riscvOVPsim/cpu', 0x0000000080003580(.l_sbclri_212_Start+14): 00978a63 beq     a5,s1,80003594
Info 'riscvOVPsim/cpu', 0x0000000080003594(.l_sbseti_213_Start): 517df7b7 lui     a5,0x517df
Info   a5 3e13d013 -> 517df000
Info 'riscvOVPsim/cpu', 0x0000000080003598(.l_sbseti_213_Start+4): 48778793 addi    a5,a5,1159
Info   a5 517df000 -> 517df487
Info 'riscvOVPsim/cpu', 0x000000008000359c(.l_sbseti_213_Start+8): 2b479a93 sbseti  s5,a5,52
Info   s5 170eb52b -> 517df487
Info 'riscvOVPsim/cpu', 0x00000000800035a0(.l_sbseti_213_Start+c): 517dfd37 lui     s10,0x517df
Info   s10 00000000 -> 517df000
Info 'riscvOVPsim/cpu', 0x00000000800035a4(.l_sbseti_213_Start+10): 487d0d13 addi    s10,s10,1159
Info   s10 517df000 -> 517df487
Info 'riscvOVPsim/cpu', 0x00000000800035a8(.l_sbseti_213_Start+14): 01aa8a63 beq     s5,s10,800035bc
Info 'riscvOVPsim/cpu', 0x00000000800035bc(.l_sbinvi_214_Start): 0cc0a837 lui     a6,0xcc0a
Info   a6 00000001 -> 0cc0a000
Info 'riscvOVPsim/cpu', 0x00000000800035c0(.l_sbinvi_214_Start+4): 78280813 addi    a6,a6,1922
Info   a6 0cc0a000 -> 0cc0a782
Info 'riscvOVPsim/cpu', 0x00000000800035c4(.l_sbinvi_214_Start+8): 68081593 sbinvi  a1,a6,0
Info   a1 174bde99 -> 0cc0a783
Info 'riscvOVPsim/cpu', 0x00000000800035c8(.l_sbinvi_214_Start+c): 0cc0a337 lui     t1,0xcc0a
Info   t1 4506b80f -> 0cc0a000
Info 'riscvOVPsim/cpu', 0x00000000800035cc(.l_sbinvi_214_Start+10): 78330313 addi    t1,t1,1923
Info   t1 0cc0a000 -> 0cc0a783
Info 'riscvOVPsim/cpu', 0x00000000800035d0(.l_sbinvi_214_Start+14): 00658a63 beq     a1,t1,800035e4
Info 'riscvOVPsim/cpu', 0x00000000800035e4(.l_sbexti_215_Start): 64c2ec37 lui     s8,0x64c2e
Info   s8 1e22bcb2 -> 64c2e000
Info 'riscvOVPsim/cpu', 0x00000000800035e8(.l_sbexti_215_Start+4): dd5c0c13 addi    s8,s8,-555
Info   s8 64c2e000 -> 64c2ddd5
Info 'riscvOVPsim/cpu', 0x00000000800035ec(.l_sbexti_215_Start+8): 481c5493 sbexti  s1,s8,1
Info   s1 3e13d013 -> 00000000
Info 'riscvOVPsim/cpu', 0x00000000800035f0(.l_sbexti_215_Start+c): 00000e93 mv      t4,zero
Info   t4 00000001 -> 00000000
Info 'riscvOVPsim/cpu', 0x00000000800035f4(.l_sbexti_215_Start+10): 01d48a63 beq     s1,t4,80003608
Info 'riscvOVPsim/cpu', 0x0000000080003608(.l_grevi_216_Start): 11c5b0b7 lui     ra,0x11c5b
Info   ra 3adf331d -> 11c5b000
Info 'riscvOVPsim/cpu', 0x000000008000360c(.l_grevi_216_Start+4): bef08093 addi    ra,ra,-1041
Info   ra 11c5b000 -> 11c5abef
Info 'riscvOVPsim/cpu', 0x0000000080003610(.l_grevi_216_Start+8): 6bf0df13 grevi   t5,ra,63
Info   t5 76e9de18 -> f7d5a388
Info 'riscvOVPsim/cpu', 0x0000000080003614(.l_grevi_216_Start+c): f7d5a137 lui     sp,0xf7d5a
Info   sp bab69868 -> f7d5a000
Info 'riscvOVPsim/cpu', 0x0000000080003618(.l_grevi_216_Start+10): 38810113 addi    sp,sp,904
Info   sp f7d5a000 -> f7d5a388
Info 'riscvOVPsim/cpu', 0x000000008000361c(.l_grevi_216_Start+14): 002f0a63 beq     t5,sp,80003630
Info 'riscvOVPsim/cpu', 0x0000000080003630(.l_cmix_217_Start): 3c8cc8b7 lui     a7,0x3c8cc
Info   a7 1098cf6e -> 3c8cc000
Info 'riscvOVPsim/cpu', 0x0000000080003634(.l_cmix_217_Start+4): 13888893 addi    a7,a7,312
Info   a7 3c8cc000 -> 3c8cc138
Info 'riscvOVPsim/cpu', 0x0000000080003638(.l_cmix_217_Start+8): 42e8c5b7 lui     a1,0x42e8c
Info   a1 0cc0a783 -> 42e8c000
Info 'riscvOVPsim/cpu', 0x000000008000363c(.l_cmix_217_Start+c): 7be58593 addi    a1,a1,1982
Info   a1 42e8c000 -> 42e8c7be
Info 'riscvOVPsim/cpu', 0x0000000080003640(.l_cmix_217_Start+10): 653ce7b7 lui     a5,0x653ce
Info   a5 517df487 -> 653ce000
Info 'riscvOVPsim/cpu', 0x0000000080003644(.l_cmix_217_Start+14): c2278793 addi    a5,a5,-990
Info   a5 653ce000 -> 653cdc22
Info 'riscvOVPsim/cpu', 0x0000000080003648(.l_cmix_217_Start+18): 7eb89f33 cmix    t5,a7,a1,a5
Info   t5 f7d5a388 -> 259cd938
Info 'riscvOVPsim/cpu', 0x000000008000364c(.l_cmix_217_Start+1c): 259ce437 lui     s0,0x259ce
Info   s0 7a61d75b -> 259ce000
Info 'riscvOVPsim/cpu', 0x0000000080003650(.l_cmix_217_Start+20): 93840413 addi    s0,s0,-1736
Info   s0 259ce000 -> 259cd938
Info 'riscvOVPsim/cpu', 0x0000000080003654(.l_cmix_217_Start+24): 008f0a63 beq     t5,s0,80003668
Info 'riscvOVPsim/cpu', 0x0000000080003668(.l_cmov_218_Start): 254dadb7 lui     s11,0x254da
Info   s11 41004084 -> 254da000
Info 'riscvOVPsim/cpu', 0x000000008000366c(.l_cmov_218_Start+4): ea9d8d93 addi    s11,s11,-343
Info   s11 254da000 -> 254d9ea9
Info 'riscvOVPsim/cpu', 0x0000000080003670(.l_cmov_218_Start+8): 1fbd4ab7 lui     s5,0x1fbd4
Info   s5 517df487 -> 1fbd4000
Info 'riscvOVPsim/cpu', 0x0000000080003674(.l_cmov_218_Start+c): aa3a8a93 addi    s5,s5,-1373
Info   s5 1fbd4000 -> 1fbd3aa3
Info 'riscvOVPsim/cpu', 0x0000000080003678(.l_cmov_218_Start+10): 18c6b5b7 lui     a1,0x18c6b
Info   a1 42e8c7be -> 18c6b000
Info 'riscvOVPsim/cpu', 0x000000008000367c(.l_cmov_218_Start+14): 4f258593 addi    a1,a1,1266
Info   a1 18c6b000 -> 18c6b4f2
Info 'riscvOVPsim/cpu', 0x0000000080003680(.l_cmov_218_Start+18): 5f5ddb33 cmov    s6,s11,s5,a1
Info   s6 7e13d013 -> 254d9ea9
Info 'riscvOVPsim/cpu', 0x0000000080003684(.l_cmov_218_Start+1c): 254da4b7 lui     s1,0x254da
Info   s1 00000000 -> 254da000
Info 'riscvOVPsim/cpu', 0x0000000080003688(.l_cmov_218_Start+20): ea948493 addi    s1,s1,-343
Info   s1 254da000 -> 254d9ea9
Info 'riscvOVPsim/cpu', 0x000000008000368c(.l_cmov_218_Start+24): 009b0a63 beq     s6,s1,800036a0
Info 'riscvOVPsim/cpu', 0x00000000800036a0(.l_fsl_219_Start): 56ce09b7 lui     s3,0x56ce0
Info   s3 25415b0c -> 56ce0000
Info 'riscvOVPsim/cpu', 0x00000000800036a4(.l_fsl_219_Start+4): abb98993 addi    s3,s3,-1349
Info   s3 56ce0000 -> 56cdfabb
Info 'riscvOVPsim/cpu', 0x00000000800036a8(.l_fsl_219_Start+8): 78467937 lui     s2,0x78467
Info   s2 1f9d5c18 -> 78467000
Info 'riscvOVPsim/cpu', 0x00000000800036ac(.l_fsl_219_Start+c): daf90913 addi    s2,s2,-593
Info   s2 78467000 -> 78466daf
Info 'riscvOVPsim/cpu', 0x00000000800036b0(.l_fsl_219_Start+10): 64e5ebb7 lui     s7,0x64e5e
Info   s7 221eb2bc -> 64e5e000
Info 'riscvOVPsim/cpu', 0x00000000800036b4(.l_fsl_219_Start+14): 036b8b93 addi    s7,s7,54
Info   s7 64e5e000 -> 64e5e036
Info 'riscvOVPsim/cpu', 0x00000000800036b8(.l_fsl_219_Start+18): bd299ab3 fsl     s5,s3,s2,s7
Info   s5 1fbd3aa3 -> f01b2b66
Info 'riscvOVPsim/cpu', 0x00000000800036bc(.l_fsl_219_Start+1c): f01b3437 lui     s0,0xf01b3
Info   s0 259cd938 -> f01b3000
Info 'riscvOVPsim/cpu', 0x00000000800036c0(.l_fsl_219_Start+20): b6640413 addi    s0,s0,-1178
Info   s0 f01b3000 -> f01b2b66
Info 'riscvOVPsim/cpu', 0x00000000800036c4(.l_fsl_219_Start+24): 008a8a63 beq     s5,s0,800036d8
Info 'riscvOVPsim/cpu', 0x00000000800036d8(.l_fsr_220_Start): 646a2237 lui     tp,0x646a2
Info   tp b39fffff -> 646a2000
Info 'riscvOVPsim/cpu', 0x00000000800036dc(.l_fsr_220_Start+4): 32a20213 addi    tp,tp,810
Info   tp 646a2000 -> 646a232a
Info 'riscvOVPsim/cpu', 0x00000000800036e0(.l_fsr_220_Start+8): 6e023a37 lui     s4,0x6e023
Info   s4 638fdbd1 -> 6e023000
Info 'riscvOVPsim/cpu', 0x00000000800036e4(.l_fsr_220_Start+c): d01a0a13 addi    s4,s4,-767
Info   s4 6e023000 -> 6e022d01
Info 'riscvOVPsim/cpu', 0x00000000800036e8(.l_fsr_220_Start+10): 294e1db7 lui     s11,0x294e1
Info   s11 254d9ea9 -> 294e1000
Info 'riscvOVPsim/cpu', 0x00000000800036ec(.l_fsr_220_Start+14): fd0d8d93 addi    s11,s11,-48
Info   s11 294e1000 -> 294e0fd0
Info 'riscvOVPsim/cpu', 0x00000000800036f0(.l_fsr_220_Start+18): dd425d33 fsr     s10,tp,s4,s11
Info   s10 517df487 -> 32351195
Info 'riscvOVPsim/cpu', 0x00000000800036f4(.l_fsr_220_Start+1c): 32351f37 lui     t5,0x32351
Info   t5 259cd938 -> 32351000
Info 'riscvOVPsim/cpu', 0x00000000800036f8(.l_fsr_220_Start+20): 195f0f13 addi    t5,t5,405
Info   t5 32351000 -> 32351195
Info 'riscvOVPsim/cpu', 0x00000000800036fc(.l_fsr_220_Start+24): 01ed0a63 beq     s10,t5,80003710
Info 'riscvOVPsim/cpu', 0x0000000080003710(.l_fsri_221_Start): 776348b7 lui     a7,0x77634
Info   a7 3c8cc138 -> 77634000
Info 'riscvOVPsim/cpu', 0x0000000080003714(.l_fsri_221_Start+4): e5e88893 addi    a7,a7,-418
Info   a7 77634000 -> 77633e5e
Info 'riscvOVPsim/cpu', 0x0000000080003718(.l_fsri_221_Start+8): 7da04e37 lui     t3,0x7da04
Info   t3 701e8a0d -> 7da04000
Info 'riscvOVPsim/cpu', 0x000000008000371c(.l_fsri_221_Start+c): 2a3e0e13 addi    t3,t3,675
Info   t3 7da04000 -> 7da042a3
Info 'riscvOVPsim/cpu', 0x0000000080003720(.l_fsri_221_Start+10): e4d8da93 fsri    s5,a7,t3,13
Info   s5 f01b2b66 -> 151bbb19
Info 'riscvOVPsim/cpu', 0x0000000080003724(.l_fsri_221_Start+14): 151bc5b7 lui     a1,0x151bc
Info   a1 18c6b4f2 -> 151bc000
Info 'riscvOVPsim/cpu', 0x0000000080003728(.l_fsri_221_Start+18): b1958593 addi    a1,a1,-1255
Info   a1 151bc000 -> 151bbb19
Info 'riscvOVPsim/cpu', 0x000000008000372c(.l_fsri_221_Start+1c): 00ba8a63 beq     s5,a1,80003740
Info 'riscvOVPsim/cpu', 0x0000000080003740(.l_clz_222_Start): 0e9e19b7 lui     s3,0xe9e1
Info   s3 56cdfabb -> 0e9e1000
Info 'riscvOVPsim/cpu', 0x0000000080003744(.l_clz_222_Start+4): 41598993 addi    s3,s3,1045
Info   s3 0e9e1000 -> 0e9e1415
Info 'riscvOVPsim/cpu', 0x0000000080003748(.l_clz_222_Start+8): 60099593 clz     a1,s3
Info   a1 151bbb19 -> 00000004
Info 'riscvOVPsim/cpu', 0x000000008000374c(.l_clz_222_Start+c): 00400c13 addi    s8,zero,4
Info   s8 64c2ddd5 -> 00000004
Info 'riscvOVPsim/cpu', 0x0000000080003750(.l_clz_222_Start+10): 01858a63 beq     a1,s8,80003764
Info 'riscvOVPsim/cpu', 0x0000000080003764(.l_ctz_223_Start): 040d3937 lui     s2,0x40d3
Info   s2 78466daf -> 040d3000
Info 'riscvOVPsim/cpu', 0x0000000080003768(.l_ctz_223_Start+4): 69290913 addi    s2,s2,1682
Info   s2 040d3000 -> 040d3692
Info 'riscvOVPsim/cpu', 0x000000008000376c(.l_ctz_223_Start+8): 60191e93 ctz     t4,s2
Info   t4 00000000 -> 00000001
Info 'riscvOVPsim/cpu', 0x0000000080003770(.l_ctz_223_Start+c): 00100b13 addi    s6,zero,1
Info   s6 254d9ea9 -> 00000001
Info 'riscvOVPsim/cpu', 0x0000000080003774(.l_ctz_223_Start+10): 016e8a63 beq     t4,s6,80003788
Info 'riscvOVPsim/cpu', 0x0000000080003788(.l_pcnt_224_Start): 3d4b9d37 lui     s10,0x3d4b9
Info   s10 32351195 -> 3d4b9000
Info 'riscvOVPsim/cpu', 0x000000008000378c(.l_pcnt_224_Start+4): 55ad0d13 addi    s10,s10,1370
Info   s10 3d4b9000 -> 3d4b955a
Info 'riscvOVPsim/cpu', 0x0000000080003790(.l_pcnt_224_Start+8): 602d1293 pcnt    t0,s10
Info   t0 595b37f3 -> 00000011
Info 'riscvOVPsim/cpu', 0x0000000080003794(.l_pcnt_224_Start+c): 01100e13 addi    t3,zero,17
Info   t3 7da042a3 -> 00000011
Info 'riscvOVPsim/cpu', 0x0000000080003798(.l_pcnt_224_Start+10): 01c28a63 beq     t0,t3,800037ac
Info 'riscvOVPsim/cpu', 0x00000000800037ac(.l_crc32_b_225_Start): 37a59c37 lui     s8,0x37a59
Info   s8 00000004 -> 37a59000
Info 'riscvOVPsim/cpu', 0x00000000800037b0(.l_crc32_b_225_Start+4): eefc0c13 addi    s8,s8,-273
Info   s8 37a59000 -> 37a58eef
Info 'riscvOVPsim/cpu', 0x00000000800037b4(.l_crc32_b_225_Start+8): 610c1a93 crc32.b s5,s8
Info   s5 151bbb19 -> 30825a67
Info 'riscvOVPsim/cpu', 0x00000000800037b8(.l_crc32_b_225_Start+c): 30826937 lui     s2,0x30826
Info   s2 040d3692 -> 30826000
Info 'riscvOVPsim/cpu', 0x00000000800037bc(.l_crc32_b_225_Start+10): a6790913 addi    s2,s2,-1433
Info   s2 30826000 -> 30825a67
Info 'riscvOVPsim/cpu', 0x00000000800037c0(.l_crc32_b_225_Start+14): 012a8a63 beq     s5,s2,800037d4
Info 'riscvOVPsim/cpu', 0x00000000800037d4(.l_crc32_h_226_Start): 3bed82b7 lui     t0,0x3bed8
Info   t0 00000011 -> 3bed8000
Info 'riscvOVPsim/cpu', 0x00000000800037d8(.l_crc32_h_226_Start+4): 94028293 addi    t0,t0,-1728
Info   t0 3bed8000 -> 3bed7940
Info 'riscvOVPsim/cpu', 0x00000000800037dc(.l_crc32_h_226_Start+8): 61129e93 crc32.h t4,t0
Info   t4 00000001 -> d9a0bd70
Info 'riscvOVPsim/cpu', 0x00000000800037e0(.l_crc32_h_226_Start+c): d9a0ce37 lui     t3,0xd9a0c
Info   t3 00000011 -> d9a0c000
Info 'riscvOVPsim/cpu', 0x00000000800037e4(.l_crc32_h_226_Start+10): d70e0e13 addi    t3,t3,-656
Info   t3 d9a0c000 -> d9a0bd70
Info 'riscvOVPsim/cpu', 0x00000000800037e8(.l_crc32_h_226_Start+14): 01ce8a63 beq     t4,t3,800037fc
Info 'riscvOVPsim/cpu', 0x00000000800037fc(.l_crc32_w_227_Start): 7e338ab7 lui     s5,0x7e338
Info   s5 30825a67 -> 7e338000
Info 'riscvOVPsim/cpu', 0x0000000080003800(.l_crc32_w_227_Start+4): d35a8a93 addi    s5,s5,-715
Info   s5 7e338000 -> 7e337d35
Info 'riscvOVPsim/cpu', 0x0000000080003804(.l_crc32_w_227_Start+8): 612a9213 crc32.w tp,s5
Info   tp 646a232a -> d80aca9b
Info 'riscvOVPsim/cpu', 0x0000000080003808(.l_crc32_w_227_Start+c): d80ad937 lui     s2,0xd80ad
Info   s2 30825a67 -> d80ad000
Info 'riscvOVPsim/cpu', 0x000000008000380c(.l_crc32_w_227_Start+10): a9b90913 addi    s2,s2,-1381
Info   s2 d80ad000 -> d80aca9b
Info 'riscvOVPsim/cpu', 0x0000000080003810(.l_crc32_w_227_Start+14): 01220a63 beq     tp,s2,80003824
Info 'riscvOVPsim/cpu', 0x0000000080003824(.l_crc32c_b_228_Start): 0cf1a9b7 lui     s3,0xcf1a
Info   s3 0e9e1415 -> 0cf1a000
Info 'riscvOVPsim/cpu', 0x0000000080003828(.l_crc32c_b_228_Start+4): f3898993 addi    s3,s3,-200
Info   s3 0cf1a000 -> 0cf19f38
Info 'riscvOVPsim/cpu', 0x000000008000382c(.l_crc32c_b_228_Start+8): 61899593 crc32c.b a1,s3
Info   a1 00000004 -> ba36e0e1
Info 'riscvOVPsim/cpu', 0x0000000080003830(.l_crc32c_b_228_Start+c): ba36e3b7 lui     t2,0xba36e
Info   t2 505e5e01 -> ba36e000
Info 'riscvOVPsim/cpu', 0x0000000080003834(.l_crc32c_b_228_Start+10): 0e138393 addi    t2,t2,225
Info   t2 ba36e000 -> ba36e0e1
Info 'riscvOVPsim/cpu', 0x0000000080003838(.l_crc32c_b_228_Start+14): 00758a63 beq     a1,t2,8000384c
Info 'riscvOVPsim/cpu', 0x000000008000384c(.l_crc32c_h_229_Start): 123697b7 lui     a5,0x12369
Info   a5 653cdc22 -> 12369000
Info 'riscvOVPsim/cpu', 0x0000000080003850(.l_crc32c_h_229_Start+4): 98d78793 addi    a5,a5,-1651
Info   a5 12369000 -> 1236898d
Info 'riscvOVPsim/cpu', 0x0000000080003854(.l_crc32c_h_229_Start+8): 61979113 crc32c.h sp,a5
Info   sp f7d5a388 -> c1bb3268
Info 'riscvOVPsim/cpu', 0x0000000080003858(.l_crc32c_h_229_Start+c): c1bb3b37 lui     s6,0xc1bb3
Info   s6 00000001 -> c1bb3000
Info 'riscvOVPsim/cpu', 0x000000008000385c(.l_crc32c_h_229_Start+10): 268b0b13 addi    s6,s6,616
Info   s6 c1bb3000 -> c1bb3268
Info 'riscvOVPsim/cpu', 0x0000000080003860(.l_crc32c_h_229_Start+14): 01610a63 beq     sp,s6,80003874
Info 'riscvOVPsim/cpu', 0x0000000080003874(.l_crc32c_w_230_Start): 627295b7 lui     a1,0x62729
Info   a1 ba36e0e1 -> 62729000
Info 'riscvOVPsim/cpu', 0x0000000080003878(.l_crc32c_w_230_Start+4): 19f58593 addi    a1,a1,415
Info   a1 62729000 -> 6272919f
Info 'riscvOVPsim/cpu', 0x000000008000387c(.l_crc32c_w_230_Start+8): 61a59113 crc32c.w sp,a1
Info   sp c1bb3268 -> 12a53c65
Info 'riscvOVPsim/cpu', 0x0000000080003880(.l_crc32c_w_230_Start+c): 12a54fb7 lui     t6,0x12a54
Info   t6 787aa59c -> 12a54000
Info 'riscvOVPsim/cpu', 0x0000000080003884(.l_crc32c_w_230_Start+10): c65f8f93 addi    t6,t6,-923
Info   t6 12a54000 -> 12a53c65
Info 'riscvOVPsim/cpu', 0x0000000080003888(.l_crc32c_w_230_Start+14): 01f10a63 beq     sp,t6,8000389c
Info 'riscvOVPsim/cpu', 0x000000008000389c(.l_clmul_231_Start): 3962a537 lui     a0,0x3962a
Info   a0 2395a7ff -> 3962a000
Info 'riscvOVPsim/cpu', 0x00000000800038a0(.l_clmul_231_Start+4): ffa50513 addi    a0,a0,-6
Info   a0 3962a000 -> 39629ffa
Info 'riscvOVPsim/cpu', 0x00000000800038a4(.l_clmul_231_Start+8): 71f958b7 lui     a7,0x71f95
Info   a7 77633e5e -> 71f95000
Info 'riscvOVPsim/cpu', 0x00000000800038a8(.l_clmul_231_Start+c): adc88893 addi    a7,a7,-1316
Info   a7 71f95000 -> 71f94adc
Info 'riscvOVPsim/cpu', 0x00000000800038ac(.l_clmul_231_Start+10): b151eb3 clmul   t4,a0,a7
Info   t4 d9a0bd70 -> de2bd818
Info 'riscvOVPsim/cpu', 0x00000000800038b0(.l_clmul_231_Start+14): de2bedb7 lui     s11,0xde2be
Info   s11 294e0fd0 -> de2be000
Info 'riscvOVPsim/cpu', 0x00000000800038b4(.l_clmul_231_Start+18): 818d8d93 addi    s11,s11,-2024
Info   s11 de2be000 -> de2bd818
Info 'riscvOVPsim/cpu', 0x00000000800038b8(.l_clmul_231_Start+1c): 01be8a63 beq     t4,s11,800038cc
Info 'riscvOVPsim/cpu', 0x00000000800038cc(.l_clmulr_232_Start): 2cbe79b7 lui     s3,0x2cbe7
Info   s3 0cf19f38 -> 2cbe7000
Info 'riscvOVPsim/cpu', 0x00000000800038d0(.l_clmulr_232_Start+4): 67098993 addi    s3,s3,1648
Info   s3 2cbe7000 -> 2cbe7670
Info 'riscvOVPsim/cpu', 0x00000000800038d4(.l_clmulr_232_Start+8): 5d86d637 lui     a2,0x5d86d
Info   a2 00000000 -> 5d86d000
Info 'riscvOVPsim/cpu', 0x00000000800038d8(.l_clmulr_232_Start+c): f1160613 addi    a2,a2,-239
Info   a2 5d86d000 -> 5d86cf11
Info 'riscvOVPsim/cpu', 0x00000000800038dc(.l_clmulr_232_Start+10): b151eb3 clmul   t4,a0,a7
Info   s10 3d4b955a -> 1012cd13
Info 'riscvOVPsim/cpu', 0x00000000800038e0(.l_clmulr_232_Start+14): 1012d937 lui     s2,0x1012d
Info   s2 d80aca9b -> 1012d000
Info 'riscvOVPsim/cpu', 0x00000000800038e4(.l_clmulr_232_Start+18): d1390913 addi    s2,s2,-749
Info   s2 1012d000 -> 1012cd13
Info 'riscvOVPsim/cpu', 0x00000000800038e8(.l_clmulr_232_Start+1c): 012d0a63 beq     s10,s2,800038fc
Info 'riscvOVPsim/cpu', 0x00000000800038fc(.l_clmulh_233_Start): 129b9837 lui     a6,0x129b9
Info   a6 0cc0a782 -> 129b9000
Info 'riscvOVPsim/cpu', 0x0000000080003900(.l_clmulh_233_Start+4): 5f280813 addi    a6,a6,1522
Info   a6 129b9000 -> 129b95f2
Info 'riscvOVPsim/cpu', 0x0000000080003904(.l_clmulh_233_Start+8): 309fcb37 lui     s6,0x309fc
Info   s6 c1bb3268 -> 309fc000
Info 'riscvOVPsim/cpu', 0x0000000080003908(.l_clmulh_233_Start+c): 9abb0b13 addi    s6,s6,-1621
Info   s6 309fc000 -> 309fb9ab
Info 'riscvOVPsim/cpu', 0x000000008000390c(.l_clmulh_233_Start+10): b683a33 clmulh  s4,a6,s6
Info   s4 6e022d01 -> 03724c36
Info 'riscvOVPsim/cpu', 0x0000000080003910(.l_clmulh_233_Start+14): 03725237 lui     tp,0x3725
Info   tp d80aca9b -> 03725000
Info 'riscvOVPsim/cpu', 0x0000000080003914(.l_clmulh_233_Start+18): c3620213 addi    tp,tp,-970
Info   tp 03725000 -> 03724c36
Info 'riscvOVPsim/cpu', 0x0000000080003918(.l_clmulh_233_Start+1c): 004a0a63 beq     s4,tp,8000392c
Info 'riscvOVPsim/cpu', 0x000000008000392c(.l_min_234_Start): 7670d2b7 lui     t0,0x7670d
Info   t0 3bed7940 -> 7670d000
Info 'riscvOVPsim/cpu', 0x0000000080003930(.l_min_234_Start+4): 60828293 addi    t0,t0,1544
Info   t0 7670d000 -> 7670d608
Info 'riscvOVPsim/cpu', 0x0000000080003934(.l_min_234_Start+8): 48b6be37 lui     t3,0x48b6b
Info   t3 d9a0bd70 -> 48b6b000
Info 'riscvOVPsim/cpu', 0x0000000080003938(.l_min_234_Start+c): 6ebe0e13 addi    t3,t3,1771
Info   t3 48b6b000 -> 48b6b6eb
Info 'riscvOVPsim/cpu', 0x000000008000393c(.l_min_234_Start+10): bc2cab3 min     s5,t0,t3
Info   s5 7e337d35 -> 48b6b6eb
Info 'riscvOVPsim/cpu', 0x0000000080003940(.l_min_234_Start+14): 48b6bfb7 lui     t6,0x48b6b
Info   t6 12a53c65 -> 48b6b000
Info 'riscvOVPsim/cpu', 0x0000000080003944(.l_min_234_Start+18): 6ebf8f93 addi    t6,t6,1771
Info   t6 48b6b000 -> 48b6b6eb
Info 'riscvOVPsim/cpu', 0x0000000080003948(.l_min_234_Start+1c): 01fa8a63 beq     s5,t6,8000395c
Info 'riscvOVPsim/cpu', 0x000000008000395c(.l_max_235_Start): 297c0ab7 lui     s5,0x297c0
Info   s5 48b6b6eb -> 297c0000
Info 'riscvOVPsim/cpu', 0x0000000080003960(.l_max_235_Start+4): d38a8a93 addi    s5,s5,-712
Info   s5 297c0000 -> 297bfd38
Info 'riscvOVPsim/cpu', 0x0000000080003964(.l_max_235_Start+8): 0d9a56b7 lui     a3,0xd9a5
Info   a3 4506b80f -> 0d9a5000
Info 'riscvOVPsim/cpu', 0x0000000080003968(.l_max_235_Start+c): 0ed68693 addi    a3,a3,237
Info   a3 0d9a5000 -> 0d9a50ed
Info 'riscvOVPsim/cpu', 0x000000008000396c(.l_max_235_Start+10): adad4b3 max     s1,s5,a3
Info   s1 254d9ea9 -> 297bfd38
Info 'riscvOVPsim/cpu', 0x0000000080003970(.l_max_235_Start+14): 297c00b7 lui     ra,0x297c0
Info   ra 11c5abef -> 297c0000
Info 'riscvOVPsim/cpu', 0x0000000080003974(.l_max_235_Start+18): d3808093 addi    ra,ra,-712
Info   ra 297c0000 -> 297bfd38
Info 'riscvOVPsim/cpu', 0x0000000080003978(.l_max_235_Start+1c): 00148a63 beq     s1,ra,8000398c
Info 'riscvOVPsim/cpu', 0x000000008000398c(.l_minu_236_Start): 3e6af1b7 lui     gp,0x3e6af
Info   gp fff91cad -> 3e6af000
Info 'riscvOVPsim/cpu', 0x0000000080003990(.l_minu_236_Start+4): 28718193 addi    gp,gp,647
Info   gp 3e6af000 -> 3e6af287
Info 'riscvOVPsim/cpu', 0x0000000080003994(.l_minu_236_Start+8): 2d7ccf37 lui     t5,0x2d7cc
Info   t5 32351195 -> 2d7cc000
Info 'riscvOVPsim/cpu', 0x0000000080003998(.l_minu_236_Start+c): 919f0f13 addi    t5,t5,-1767
Info   t5 2d7cc000 -> 2d7cb919
Info 'riscvOVPsim/cpu', 0x000000008000399c(.l_minu_236_Start+10): be1e8b3 minu    a7,gp,t5
Info   a7 71f94adc -> 2d7cb919
Info 'riscvOVPsim/cpu', 0x00000000800039a0(.l_minu_236_Start+14): 2d7cc637 lui     a2,0x2d7cc
Info   a2 5d86cf11 -> 2d7cc000
Info 'riscvOVPsim/cpu', 0x00000000800039a4(.l_minu_236_Start+18): 91960613 addi    a2,a2,-1767
Info   a2 2d7cc000 -> 2d7cb919
Info 'riscvOVPsim/cpu', 0x00000000800039a8(.l_minu_236_Start+1c): 00c88a63 beq     a7,a2,800039bc
Info 'riscvOVPsim/cpu', 0x00000000800039bc(.l_maxu_237_Start): 460fe0b7 lui     ra,0x460fe
Info   ra 297bfd38 -> 460fe000
Info 'riscvOVPsim/cpu', 0x00000000800039c0(.l_maxu_237_Start+4): 42b08093 addi    ra,ra,1067
Info   ra 460fe000 -> 460fe42b
Info 'riscvOVPsim/cpu', 0x00000000800039c4(.l_maxu_237_Start+8): 5ec71637 lui     a2,0x5ec71
Info   a2 2d7cb919 -> 5ec71000
Info 'riscvOVPsim/cpu', 0x00000000800039c8(.l_maxu_237_Start+c): 4fc60613 addi    a2,a2,1276
Info   a2 5ec71000 -> 5ec714fc
Info 'riscvOVPsim/cpu', 0x00000000800039cc(.l_maxu_237_Start+10): ac0f7b3 maxu    a5,ra,a2
Info   a5 1236898d -> 5ec714fc
Info 'riscvOVPsim/cpu', 0x00000000800039d0(.l_maxu_237_Start+14): 5ec71fb7 lui     t6,0x5ec71
Info   t6 48b6b6eb -> 5ec71000
Info 'riscvOVPsim/cpu', 0x00000000800039d4(.l_maxu_237_Start+18): 4fcf8f93 addi    t6,t6,1276
Info   t6 5ec71000 -> 5ec714fc
Info 'riscvOVPsim/cpu', 0x00000000800039d8(.l_maxu_237_Start+1c): 01f78a63 beq     a5,t6,800039ec
Info 'riscvOVPsim/cpu', 0x00000000800039ec(.l_shfl_238_Start): 08a2afb7 lui     t6,0x8a2a
Info   t6 5ec714fc -> 08a2a000
Info 'riscvOVPsim/cpu', 0x00000000800039f0(.l_shfl_238_Start+4): a69f8f93 addi    t6,t6,-1431
Info   t6 08a2a000 -> 08a29a69
Info 'riscvOVPsim/cpu', 0x00000000800039f4(.l_shfl_238_Start+8): 5a0ea637 lui     a2,0x5a0ea
Info   a2 5ec714fc -> 5a0ea000
Info 'riscvOVPsim/cpu', 0x00000000800039f8(.l_shfl_238_Start+c): a9f60613 addi    a2,a2,-1377
Info   a2 5a0ea000 -> 5a0e9a9f
Info 'riscvOVPsim/cpu', 0x00000000800039fc(.l_shfl_238_Start+10): 8cf96b3 shfl    a3,t6,a2
Info   a3 0d9a50ed -> 41c49c49
Info 'riscvOVPsim/cpu', 0x0000000080003a00(.l_shfl_238_Start+14): 41c4a9b7 lui     s3,0x41c4a
Info   s3 2cbe7670 -> 41c4a000
Info 'riscvOVPsim/cpu', 0x0000000080003a04(.l_shfl_238_Start+18): c4998993 addi    s3,s3,-951
Info   s3 41c4a000 -> 41c49c49
Info 'riscvOVPsim/cpu', 0x0000000080003a08(.l_shfl_238_Start+1c): 01368a63 beq     a3,s3,80003a1c
Info 'riscvOVPsim/cpu', 0x0000000080003a1c(.l_unshfl_239_Start): 05f42f37 lui     t5,0x5f42
Info   t5 2d7cb919 -> 05f42000
Info 'riscvOVPsim/cpu', 0x0000000080003a20(.l_unshfl_239_Start+4): 08cf0f13 addi    t5,t5,140
Info   t5 05f42000 -> 05f4208c
Info 'riscvOVPsim/cpu', 0x0000000080003a24(.l_unshfl_239_Start+8): 7c0f1237 lui     tp,0x7c0f1
Info   tp 03724c36 -> 7c0f1000
Info 'riscvOVPsim/cpu', 0x0000000080003a28(.l_unshfl_239_Start+c): 0cc20213 addi    tp,tp,204
Info   tp 7c0f1000 -> 7c0f10cc
Info 'riscvOVPsim/cpu', 0x0000000080003a2c(.l_unshfl_239_Start+10): 84f5733 unshfl  a4,t5,tp
Info   a4 7a963843 -> 0f28540c
Info 'riscvOVPsim/cpu', 0x0000000080003a30(.l_unshfl_239_Start+14): 0f285537 lui     a0,0xf285
Info   a0 39629ffa -> 0f285000
Info 'riscvOVPsim/cpu', 0x0000000080003a34(.l_unshfl_239_Start+18): 40c50513 addi    a0,a0,1036
Info   a0 0f285000 -> 0f28540c
Info 'riscvOVPsim/cpu', 0x0000000080003a38(.l_unshfl_239_Start+1c): 00a70a63 beq     a4,a0,80003a4c
Info 'riscvOVPsim/cpu', 0x0000000080003a4c(.l_bdep_240_Start): 24045ab7 lui     s5,0x24045
Info   s5 297bfd38 -> 24045000
Info 'riscvOVPsim/cpu', 0x0000000080003a50(.l_bdep_240_Start+4): 3caa8a93 addi    s5,s5,970
Info   s5 24045000 -> 240453ca
Info 'riscvOVPsim/cpu', 0x0000000080003a54(.l_bdep_240_Start+8): 2e327137 lui     sp,0x2e327
Info   sp 12a53c65 -> 2e327000
Info 'riscvOVPsim/cpu', 0x0000000080003a58(.l_bdep_240_Start+c): d9a10113 addi    sp,sp,-614
Info   sp 2e327000 -> 2e326d9a
Info 'riscvOVPsim/cpu', 0x0000000080003a5c(.l_bdep_240_Start+10): 82aaab3 bdep    s5,s5,sp
Info   s5 240453ca -> 0a026888
Info 'riscvOVPsim/cpu', 0x0000000080003a60(.l_bdep_240_Start+14): 0a0273b7 lui     t2,0xa027
Info   t2 ba36e0e1 -> 0a027000
Info 'riscvOVPsim/cpu', 0x0000000080003a64(.l_bdep_240_Start+18): 88838393 addi    t2,t2,-1912
Info   t2 0a027000 -> 0a026888
Info 'riscvOVPsim/cpu', 0x0000000080003a68(.l_bdep_240_Start+1c): 007a8a63 beq     s5,t2,80003a7c
Info 'riscvOVPsim/cpu', 0x0000000080003a7c(.l_bext_241_Start): 1a676db7 lui     s11,0x1a676
Info   s11 de2bd818 -> 1a676000
Info 'riscvOVPsim/cpu', 0x0000000080003a80(.l_bext_241_Start+4): 0efd8d93 addi    s11,s11,239
Info   s11 1a676000 -> 1a6760ef
Info 'riscvOVPsim/cpu', 0x0000000080003a84(.l_bext_241_Start+8): 5e52ceb7 lui     t4,0x5e52c
Info   t4 de2bd818 -> 5e52c000
Info 'riscvOVPsim/cpu', 0x0000000080003a88(.l_bext_241_Start+c): 405e8e93 addi    t4,t4,1029
Info   t4 5e52c000 -> 5e52c405
Info 'riscvOVPsim/cpu', 0x0000000080003a8c(.l_bext_241_Start+10): 9dde833 bext    a6,s11,t4
Info   a6 129b95f2 -> 00000dab
Info 'riscvOVPsim/cpu', 0x0000000080003a90(.l_bext_241_Start+14): 00001137 lui     sp,0x1
Info   sp 2e326d9a -> 00001000
Info 'riscvOVPsim/cpu', 0x0000000080003a94(.l_bext_241_Start+18): dab10113 addi    sp,sp,-597
Info   sp 00001000 -> 00000dab
Info 'riscvOVPsim/cpu', 0x0000000080003a98(.l_bext_241_Start+1c): 00280a63 beq     a6,sp,80003aac
Info 'riscvOVPsim/cpu', 0x0000000080003aac(.l_pack_242_Start): 3d958f37 lui     t5,0x3d958
Info   t5 05f4208c -> 3d958000
Info 'riscvOVPsim/cpu', 0x0000000080003ab0(.l_pack_242_Start+4): 9baf0f13 addi    t5,t5,-1606
Info   t5 3d958000 -> 3d9579ba
Info 'riscvOVPsim/cpu', 0x0000000080003ab4(.l_pack_242_Start+8): 0acd5337 lui     t1,0xacd5
Info   t1 0cc0a783 -> 0acd5000
Info 'riscvOVPsim/cpu', 0x0000000080003ab8(.l_pack_242_Start+c): c1130313 addi    t1,t1,-1007
Info   t1 0acd5000 -> 0acd4c11
Info 'riscvOVPsim/cpu', 0x0000000080003abc(.l_pack_242_Start+10): 086f43b3 undef
Info   t2 0a026888 -> 4c1179ba
Info 'riscvOVPsim/cpu', 0x0000000080003ac0(.l_pack_242_Start+14): 4c118637 lui     a2,0x4c118
Info   a2 5a0e9a9f -> 4c118000
Info 'riscvOVPsim/cpu', 0x0000000080003ac4(.l_pack_242_Start+18): 9ba60613 addi    a2,a2,-1606
Info   a2 4c118000 -> 4c1179ba
Info 'riscvOVPsim/cpu', 0x0000000080003ac8(.l_pack_242_Start+1c): 00c38a63 beq     t2,a2,80003adc
Info 'riscvOVPsim/cpu', 0x0000000080003adc(.l_bfp_243_Start): 62683437 lui     s0,0x62683
Info   s0 f01b2b66 -> 62683000
Info 'riscvOVPsim/cpu', 0x0000000080003ae0(.l_bfp_243_Start+4): d8b40413 addi    s0,s0,-629
Info   s0 62683000 -> 62682d8b
Info 'riscvOVPsim/cpu', 0x0000000080003ae4(.l_bfp_243_Start+8): 436f18b7 lui     a7,0x436f1
Info   a7 2d7cb919 -> 436f1000
Info 'riscvOVPsim/cpu', 0x0000000080003ae8(.l_bfp_243_Start+c): 11a88893 addi    a7,a7,282
Info   a7 436f1000 -> 436f111a
Info 'riscvOVPsim/cpu', 0x0000000080003aec(.l_bfp_243_Start+10): 91477b3 bfp     a5,s0,a7
Info   a5 5ec714fc -> 62692d8b
Info 'riscvOVPsim/cpu', 0x0000000080003af0(.l_bfp_243_Start+14): 62693a37 lui     s4,0x62693
Info   s4 03724c36 -> 62693000
Info 'riscvOVPsim/cpu', 0x0000000080003af4(.l_bfp_243_Start+18): d8ba0a13 addi    s4,s4,-629
Info   s4 62693000 -> 62692d8b
Info 'riscvOVPsim/cpu', 0x0000000080003af8(.l_bfp_243_Start+1c): 01478a63 beq     a5,s4,80003b0c
Info 'riscvOVPsim/cpu', 0x0000000080003b0c(.l_shfli_244_Start): 4a35cd37 lui     s10,0x4a35c
Info   s10 1012cd13 -> 4a35c000
Info 'riscvOVPsim/cpu', 0x0000000080003b10(.l_shfli_244_Start+4): f85d0d13 addi    s10,s10,-123
Info   s10 4a35c000 -> 4a35bf85
Info 'riscvOVPsim/cpu', 0x0000000080003b14(.l_shfli_244_Start+8): b9d1d93 shfli   s11,s10,57
Info   s11 1a6760ef -> 2cdf5383
Info 'riscvOVPsim/cpu', 0x0000000080003b18(.l_shfli_244_Start+c): 2cdf57b7 lui     a5,0x2cdf5
Info   a5 62692d8b -> 2cdf5000
Info 'riscvOVPsim/cpu', 0x0000000080003b1c(.l_shfli_244_Start+10): 38378793 addi    a5,a5,899
Info   a5 2cdf5000 -> 2cdf5383
Info 'riscvOVPsim/cpu', 0x0000000080003b20(.l_shfli_244_Start+14): 00fd8a63 beq     s11,a5,80003b34
Info 'riscvOVPsim/cpu', 0x0000000080003b34(.l_unshfli_245_Start): 03e1bd37 lui     s10,0x3e1b
Info   s10 4a35bf85 -> 03e1b000
Info 'riscvOVPsim/cpu', 0x0000000080003b38(.l_unshfli_245_Start+4): 864d0d13 addi    s10,s10,-1948
Info   s10 03e1b000 -> 03e1a864
Info 'riscvOVPsim/cpu', 0x0000000080003b3c(.l_unshfli_245_Start+8): 9ad5613 unshfli a2,s10,26
Info   a2 4c1179ba -> 03a8c958
Info 'riscvOVPsim/cpu', 0x0000000080003b40(.l_unshfli_245_Start+c): 03a8d537 lui     a0,0x3a8d
Info   a0 0f28540c -> 03a8d000
Info 'riscvOVPsim/cpu', 0x0000000080003b44(.l_unshfli_245_Start+10): 95850513 addi    a0,a0,-1704
Info   a0 03a8d000 -> 03a8c958
Info 'riscvOVPsim/cpu', 0x0000000080003b48(.l_unshfli_245_Start+14): 00a60a63 beq     a2,a0,80003b5c
Info 'riscvOVPsim/cpu', 0x0000000080003b5c(.l_andn_246_Start): 046436b7 lui     a3,0x4643
Info   a3 41c49c49 -> 04643000
Info 'riscvOVPsim/cpu', 0x0000000080003b60(.l_andn_246_Start+4): a7b68693 addi    a3,a3,-1413
Info   a3 04643000 -> 04642a7b
Info 'riscvOVPsim/cpu', 0x0000000080003b64(.l_andn_246_Start+8): 00000013 nop
Info 'riscvOVPsim/cpu', 0x0000000080003b68(.l_andn_246_Start+c): 4006f433 andn    s0,a3,zero
Info   s0 62682d8b -> 04642a7b
Info 'riscvOVPsim/cpu', 0x0000000080003b6c(.l_andn_246_Start+10): 046434b7 lui     s1,0x4643
Info   s1 297bfd38 -> 04643000
Info 'riscvOVPsim/cpu', 0x0000000080003b70(.l_andn_246_Start+14): a7b48493 addi    s1,s1,-1413
Info   s1 04643000 -> 04642a7b
Info 'riscvOVPsim/cpu', 0x0000000080003b74(.l_andn_246_Start+18): 00940a63 beq     s0,s1,80003b88
Info 'riscvOVPsim/cpu', 0x0000000080003b88(.l_orn_247_Start): 2a27e5b7 lui     a1,0x2a27e
Info   a1 6272919f -> 2a27e000
Info 'riscvOVPsim/cpu', 0x0000000080003b8c(.l_orn_247_Start+4): e1158593 addi    a1,a1,-495
Info   a1 2a27e000 -> 2a27de11
Info 'riscvOVPsim/cpu', 0x0000000080003b90(.l_orn_247_Start+8): 36fd91b7 lui     gp,0x36fd9
Info   gp 3e6af287 -> 36fd9000
Info 'riscvOVPsim/cpu', 0x0000000080003b94(.l_orn_247_Start+c): 19618193 addi    gp,gp,406
Info   gp 36fd9000 -> 36fd9196
Info 'riscvOVPsim/cpu', 0x0000000080003b98(.l_orn_247_Start+10): 4035e7b3 orn     a5,a1,gp
Info   a5 2cdf5383 -> eb27fe79
Info 'riscvOVPsim/cpu', 0x0000000080003b9c(.l_orn_247_Start+14): eb280d37 lui     s10,0xeb280
Info   s10 03e1a864 -> eb280000
Info 'riscvOVPsim/cpu', 0x0000000080003ba0(.l_orn_247_Start+18): e79d0d13 addi    s10,s10,-391
Info   s10 eb280000 -> eb27fe79
Info 'riscvOVPsim/cpu', 0x0000000080003ba4(.l_orn_247_Start+1c): 01a78a63 beq     a5,s10,80003bb8
Info 'riscvOVPsim/cpu', 0x0000000080003bb8(.l_xnor_248_Start): 6fc1a1b7 lui     gp,0x6fc1a
Info   gp 36fd9196 -> 6fc1a000
Info 'riscvOVPsim/cpu', 0x0000000080003bbc(.l_xnor_248_Start+4): 0d418193 addi    gp,gp,212
Info   gp 6fc1a000 -> 6fc1a0d4
Info 'riscvOVPsim/cpu', 0x0000000080003bc0(.l_xnor_248_Start+8): 20a0c337 lui     t1,0x20a0c
Info   t1 0acd4c11 -> 20a0c000
Info 'riscvOVPsim/cpu', 0x0000000080003bc4(.l_xnor_248_Start+c): 5e230313 addi    t1,t1,1506
Info   t1 20a0c000 -> 20a0c5e2
Info 'riscvOVPsim/cpu', 0x0000000080003bc8(.l_xnor_248_Start+10): 4061c433 xnor    s0,gp,t1
Info   s0 04642a7b -> b09e9ac9
Info 'riscvOVPsim/cpu', 0x0000000080003bcc(.l_xnor_248_Start+14): b09eafb7 lui     t6,0xb09ea
Info   t6 08a29a69 -> b09ea000
Info 'riscvOVPsim/cpu', 0x0000000080003bd0(.l_xnor_248_Start+18): ac9f8f93 addi    t6,t6,-1335
Info   t6 b09ea000 -> b09e9ac9
Info 'riscvOVPsim/cpu', 0x0000000080003bd4(.l_xnor_248_Start+1c): 01f40a63 beq     s0,t6,80003be8
Info 'riscvOVPsim/cpu', 0x0000000080003be8(.l_slo_249_Start): 77725737 lui     a4,0x77725
Info   a4 0f28540c -> 77725000
Info 'riscvOVPsim/cpu', 0x0000000080003bec(.l_slo_249_Start+4): 0e770713 addi    a4,a4,231
Info   a4 77725000 -> 777250e7
Info 'riscvOVPsim/cpu', 0x0000000080003bf0(.l_slo_249_Start+8): 0b727eb7 lui     t4,0xb727
Info   t4 5e52c405 -> 0b727000
Info 'riscvOVPsim/cpu', 0x0000000080003bf4(.l_slo_249_Start+c): edce8e93 addi    t4,t4,-292
Info   t4 0b727000 -> 0b726edc
Info 'riscvOVPsim/cpu', 0x0000000080003bf8(.l_slo_249_Start+10): 21d71db3 slo     s11,a4,t4
Info   s11 2cdf5383 -> 7fffffff
Info 'riscvOVPsim/cpu', 0x0000000080003bfc(.l_slo_249_Start+14): 800007b7 lui     a5,0x80000
Info   a5 eb27fe79 -> 80000000
Info 'riscvOVPsim/cpu', 0x0000000080003c00(.l_slo_249_Start+18): fff78793 addi    a5,a5,-1
Info   a5 80000000 -> 7fffffff
Info 'riscvOVPsim/cpu', 0x0000000080003c04(.l_slo_249_Start+1c): 00fd8a63 beq     s11,a5,80003c18
Info 'riscvOVPsim/cpu', 0x0000000080003c18(.l_sro_250_Start): 21856637 lui     a2,0x21856
Info   a2 03a8c958 -> 21856000
Info 'riscvOVPsim/cpu', 0x0000000080003c1c(.l_sro_250_Start+4): 50760613 addi    a2,a2,1287
Info   a2 21856000 -> 21856507
Info 'riscvOVPsim/cpu', 0x0000000080003c20(.l_sro_250_Start+8): 78b6e437 lui     s0,0x78b6e
Info   s0 b09e9ac9 -> 78b6e000
Info 'riscvOVPsim/cpu', 0x0000000080003c24(.l_sro_250_Start+c): 49640413 addi    s0,s0,1174
Info   s0 78b6e000 -> 78b6e496
Info 'riscvOVPsim/cpu', 0x0000000080003c28(.l_sro_250_Start+10): 20865d33 sro     s10,a2,s0
Info   s10 eb27fe79 -> fffffc86
Info 'riscvOVPsim/cpu', 0x0000000080003c2c(.l_sro_250_Start+14): c8600f93 addi    t6,zero,-890
Info   t6 b09e9ac9 -> fffffc86
Info 'riscvOVPsim/cpu', 0x0000000080003c30(.l_sro_250_Start+18): 01fd0a63 beq     s10,t6,80003c44
Info 'riscvOVPsim/cpu', 0x0000000080003c44(.l_rol_251_Start): 6e27b5b7 lui     a1,0x6e27b
Info   a1 2a27de11 -> 6e27b000
Info 'riscvOVPsim/cpu', 0x0000000080003c48(.l_rol_251_Start+4): 56b58593 addi    a1,a1,1387
Info   a1 6e27b000 -> 6e27b56b
Info 'riscvOVPsim/cpu', 0x0000000080003c4c(.l_rol_251_Start+8): 66fe7fb7 lui     t6,0x66fe7
Info   t6 fffffc86 -> 66fe7000
Info 'riscvOVPsim/cpu', 0x0000000080003c50(.l_rol_251_Start+c): 765f8f93 addi    t6,t6,1893
Info   t6 66fe7000 -> 66fe7765
Info 'riscvOVPsim/cpu', 0x0000000080003c54(.l_rol_251_Start+10): 61f598b3 rol     a7,a1,t6
Info   a7 436f111a -> c4f6ad6d
Info 'riscvOVPsim/cpu', 0x0000000080003c58(.l_rol_251_Start+14): c4f6b937 lui     s2,0xc4f6b
Info   s2 1012cd13 -> c4f6b000
Info 'riscvOVPsim/cpu', 0x0000000080003c5c(.l_rol_251_Start+18): d6d90913 addi    s2,s2,-659
Info   s2 c4f6b000 -> c4f6ad6d
Info 'riscvOVPsim/cpu', 0x0000000080003c60(.l_rol_251_Start+1c): 01288a63 beq     a7,s2,80003c74
Info 'riscvOVPsim/cpu', 0x0000000080003c74(.l_ror_252_Start): 1660dd37 lui     s10,0x1660d
Info   s10 fffffc86 -> 1660d000
Info 'riscvOVPsim/cpu', 0x0000000080003c78(.l_ror_252_Start+4): 468d0d13 addi    s10,s10,1128
Info   s10 1660d000 -> 1660d468
Info 'riscvOVPsim/cpu', 0x0000000080003c7c(.l_ror_252_Start+8): 7690d837 lui     a6,0x7690d
Info   a6 00000dab -> 7690d000
Info 'riscvOVPsim/cpu', 0x0000000080003c80(.l_ror_252_Start+c): ba180813 addi    a6,a6,-1119
Info   a6 7690d000 -> 7690cba1
Info 'riscvOVPsim/cpu', 0x0000000080003c84(.l_ror_252_Start+10): 610d5cb3 ror     s9,s10,a6
Info   s9 3565f1c8 -> 0b306a34
Info 'riscvOVPsim/cpu', 0x0000000080003c88(.l_ror_252_Start+14): 0b307fb7 lui     t6,0xb307
Info   t6 66fe7765 -> 0b307000
Info 'riscvOVPsim/cpu', 0x0000000080003c8c(.l_ror_252_Start+18): a34f8f93 addi    t6,t6,-1484
Info   t6 0b307000 -> 0b306a34
Info 'riscvOVPsim/cpu', 0x0000000080003c90(.l_ror_252_Start+1c): 01fc8a63 beq     s9,t6,80003ca4
Info 'riscvOVPsim/cpu', 0x0000000080003ca4(.l_sbclr_253_Start): 1276b837 lui     a6,0x1276b
Info   a6 7690cba1 -> 1276b000
Info 'riscvOVPsim/cpu', 0x0000000080003ca8(.l_sbclr_253_Start+4): 96080813 addi    a6,a6,-1696
Info   a6 1276b000 -> 1276a960
Info 'riscvOVPsim/cpu', 0x0000000080003cac(.l_sbclr_253_Start+8): 1b479237 lui     tp,0x1b479
Info   tp 7c0f10cc -> 1b479000
Info 'riscvOVPsim/cpu', 0x0000000080003cb0(.l_sbclr_253_Start+c): 69820213 addi    tp,tp,1688
Info   tp 1b479000 -> 1b479698
Info 'riscvOVPsim/cpu', 0x0000000080003cb4(.l_sbclr_253_Start+10): 484819b3 sbclr   s3,a6,tp
Info   s3 41c49c49 -> 1276a960
Info 'riscvOVPsim/cpu', 0x0000000080003cb8(.l_sbclr_253_Start+14): 1276bd37 lui     s10,0x1276b
Info   s10 1660d468 -> 1276b000
Info 'riscvOVPsim/cpu', 0x0000000080003cbc(.l_sbclr_253_Start+18): 960d0d13 addi    s10,s10,-1696
Info   s10 1276b000 -> 1276a960
Info 'riscvOVPsim/cpu', 0x0000000080003cc0(.l_sbclr_253_Start+1c): 01a98a63 beq     s3,s10,80003cd4
Info 'riscvOVPsim/cpu', 0x0000000080003cd4(.l_sbset_254_Start): 48ccfdb7 lui     s11,0x48ccf
Info   s11 7fffffff -> 48ccf000
Info 'riscvOVPsim/cpu', 0x0000000080003cd8(.l_sbset_254_Start+4): e31d8d93 addi    s11,s11,-463
Info   s11 48ccf000 -> 48ccee31
Info 'riscvOVPsim/cpu', 0x0000000080003cdc(.l_sbset_254_Start+8): 45eaa3b7 lui     t2,0x45eaa
Info   t2 4c1179ba -> 45eaa000
Info 'riscvOVPsim/cpu', 0x0000000080003ce0(.l_sbset_254_Start+c): 96e38393 addi    t2,t2,-1682
Info   t2 45eaa000 -> 45ea996e
Info 'riscvOVPsim/cpu', 0x0000000080003ce4(.l_sbset_254_Start+10): 287d9db3 sbset   s11,s11,t2
Info 'riscvOVPsim/cpu', 0x0000000080003ce8(.l_sbset_254_Start+14): 48ccf7b7 lui     a5,0x48ccf
Info   a5 7fffffff -> 48ccf000
Info 'riscvOVPsim/cpu', 0x0000000080003cec(.l_sbset_254_Start+18): e3178793 addi    a5,a5,-463
Info   a5 48ccf000 -> 48ccee31
Info 'riscvOVPsim/cpu', 0x0000000080003cf0(.l_sbset_254_Start+1c): 00fd8a63 beq     s11,a5,80003d04
Info 'riscvOVPsim/cpu', 0x0000000080003d04(.l_sbinv_255_Start): 375a95b7 lui     a1,0x375a9
Info   a1 6e27b56b -> 375a9000
Info 'riscvOVPsim/cpu', 0x0000000080003d08(.l_sbinv_255_Start+4): 2ff58593 addi    a1,a1,767
Info   a1 375a9000 -> 375a92ff
Info 'riscvOVPsim/cpu', 0x0000000080003d0c(.l_sbinv_255_Start+8): 29181db7 lui     s11,0x29181
Info   s11 48ccee31 -> 29181000
Info 'riscvOVPsim/cpu', 0x0000000080003d10(.l_sbinv_255_Start+c): ee2d8d93 addi    s11,s11,-286
Info   s11 29181000 -> 29180ee2
Info 'riscvOVPsim/cpu', 0x0000000080003d14(.l_sbinv_255_Start+10): 69b59a33 sbinv   s4,a1,s11
Info   s4 62692d8b -> 375a92fb
Info 'riscvOVPsim/cpu', 0x0000000080003d18(.l_sbinv_255_Start+14): 375a9f37 lui     t5,0x375a9
Info   t5 3d9579ba -> 375a9000
Info 'riscvOVPsim/cpu', 0x0000000080003d1c(.l_sbinv_255_Start+18): 2fbf0f13 addi    t5,t5,763
Info   t5 375a9000 -> 375a92fb
Info 'riscvOVPsim/cpu', 0x0000000080003d20(.l_sbinv_255_Start+1c): 01ea0a63 beq     s4,t5,80003d34
Info 'riscvOVPsim/cpu', 0x0000000080003d34(.l_sbext_256_Start): 7f1e4837 lui     a6,0x7f1e4
Info   a6 1276a960 -> 7f1e4000
Info 'riscvOVPsim/cpu', 0x0000000080003d38(.l_sbext_256_Start+4): dae80813 addi    a6,a6,-594
Info   a6 7f1e4000 -> 7f1e3dae
Info 'riscvOVPsim/cpu', 0x0000000080003d3c(.l_sbext_256_Start+8): 3ca6d6b7 lui     a3,0x3ca6d
Info   a3 04642a7b -> 3ca6d000
Info 'riscvOVPsim/cpu', 0x0000000080003d40(.l_sbext_256_Start+c): 1b968693 addi    a3,a3,441
Info   a3 3ca6d000 -> 3ca6d1b9
Info 'riscvOVPsim/cpu', 0x0000000080003d44(.l_sbext_256_Start+10): 48d859b3 sbext   s3,a6,a3
Info   s3 1276a960 -> 00000001
Info 'riscvOVPsim/cpu', 0x0000000080003d48(.l_sbext_256_Start+14): 00100f93 addi    t6,zero,1
Info   t6 0b306a34 -> 00000001
Info 'riscvOVPsim/cpu', 0x0000000080003d4c(.l_sbext_256_Start+18): 01f98a63 beq     s3,t6,80003d60
Info 'riscvOVPsim/cpu', 0x0000000080003d60(.l_grev_257_Start): 066f03b7 lui     t2,0x66f0
Info   t2 45ea996e -> 066f0000
Info 'riscvOVPsim/cpu', 0x0000000080003d64(.l_grev_257_Start+4): 6e938393 addi    t2,t2,1769
Info   t2 066f0000 -> 066f06e9
Info 'riscvOVPsim/cpu', 0x0000000080003d68(.l_grev_257_Start+8): 02abb9b7 lui     s3,0x2abb
Info   s3 00000001 -> 02abb000
Info 'riscvOVPsim/cpu', 0x0000000080003d6c(.l_grev_257_Start+c): b3798993 addi    s3,s3,-1225
Info   s3 02abb000 -> 02abab37
Info 'riscvOVPsim/cpu', 0x0000000080003d70(.l_grev_257_Start+10): 6933dbb3 grev    s7,t2,s3
Info   s7 64e5e036 -> 609760f6
Info 'riscvOVPsim/cpu', 0x0000000080003d74(.l_grev_257_Start+14): 60976fb7 lui     t6,0x60976
Info   t6 00000001 -> 60976000
Info 'riscvOVPsim/cpu', 0x0000000080003d78(.l_grev_257_Start+18): 0f6f8f93 addi    t6,t6,246
Info   t6 60976000 -> 609760f6
Info 'riscvOVPsim/cpu', 0x0000000080003d7c(.l_grev_257_Start+1c): 01fb8a63 beq     s7,t6,80003d90
Info 'riscvOVPsim/cpu', 0x0000000080003d90(.l_sloi_258_Start): 4d3c96b7 lui     a3,0x4d3c9
Info   a3 3ca6d1b9 -> 4d3c9000
Info 'riscvOVPsim/cpu', 0x0000000080003d94(.l_sloi_258_Start+4): 34668693 addi    a3,a3,838
Info   a3 4d3c9000 -> 4d3c9346
Info 'riscvOVPsim/cpu', 0x0000000080003d98(.l_sloi_258_Start+8): 23069593 sloi    a1,a3,48
Info   a1 375a92ff -> 9346ffff
Info 'riscvOVPsim/cpu', 0x0000000080003d9c(.l_sloi_258_Start+c): 93470537 lui     a0,0x93470
Info   a0 03a8c958 -> 93470000
Info 'riscvOVPsim/cpu', 0x0000000080003da0(.l_sloi_258_Start+10): fff50513 addi    a0,a0,-1
Info   a0 93470000 -> 9346ffff
Info 'riscvOVPsim/cpu', 0x0000000080003da4(.l_sloi_258_Start+14): 00a58a63 beq     a1,a0,80003db8
Info 'riscvOVPsim/cpu', 0x0000000080003db8(.l_sroi_259_Start): 06f083b7 lui     t2,0x6f08
Info   t2 066f06e9 -> 06f08000
Info 'riscvOVPsim/cpu', 0x0000000080003dbc(.l_sroi_259_Start+4): c5838393 addi    t2,t2,-936
Info   t2 06f08000 -> 06f07c58
Info 'riscvOVPsim/cpu', 0x0000000080003dc0(.l_sroi_259_Start+8): 20d3d593 sroi    a1,t2,13
Info   a1 9346ffff -> fff83783
Info 'riscvOVPsim/cpu', 0x0000000080003dc4(.l_sroi_259_Start+c): fff83f37 lui     t5,0xfff83
Info   t5 375a92fb -> fff83000
Info 'riscvOVPsim/cpu', 0x0000000080003dc8(.l_sroi_259_Start+10): 783f0f13 addi    t5,t5,1923
Info   t5 fff83000 -> fff83783
Info 'riscvOVPsim/cpu', 0x0000000080003dcc(.l_sroi_259_Start+14): 01e58a63 beq     a1,t5,80003de0
Info 'riscvOVPsim/cpu', 0x0000000080003de0(.l_rori_260_Start): 2d96bbb7 lui     s7,0x2d96b
Info   s7 609760f6 -> 2d96b000
Info 'riscvOVPsim/cpu', 0x0000000080003de4(.l_rori_260_Start+4): 714b8b93 addi    s7,s7,1812
Info   s7 2d96b000 -> 2d96b714
Info 'riscvOVPsim/cpu', 0x0000000080003de8(.l_rori_260_Start+8): 623bdd93 rori    s11,s7,35
Info   s11 29180ee2 -> 85b2d6e2
Info 'riscvOVPsim/cpu', 0x0000000080003dec(.l_rori_260_Start+c): 85b2d2b7 lui     t0,0x85b2d
Info   t0 7670d608 -> 85b2d000
Info 'riscvOVPsim/cpu', 0x0000000080003df0(.l_rori_260_Start+10): 6e228293 addi    t0,t0,1762
Info   t0 85b2d000 -> 85b2d6e2
Info 'riscvOVPsim/cpu', 0x0000000080003df4(.l_rori_260_Start+14): 005d8a63 beq     s11,t0,80003e08
Info 'riscvOVPsim/cpu', 0x0000000080003e08(.l_sbclri_261_Start): 60c95c37 lui     s8,0x60c95
Info   s8 37a58eef -> 60c95000
Info 'riscvOVPsim/cpu', 0x0000000080003e0c(.l_sbclri_261_Start+4): a46c0c13 addi    s8,s8,-1466
Info   s8 60c95000 -> 60c94a46
Info 'riscvOVPsim/cpu', 0x0000000080003e10(.l_sbclri_261_Start+8): 4a8c1113 sbclri  sp,s8,40
Info   sp 00000dab -> 60c94a46
Info 'riscvOVPsim/cpu', 0x0000000080003e14(.l_sbclri_261_Start+c): 60c95f37 lui     t5,0x60c95
Info   t5 fff83783 -> 60c95000
Info 'riscvOVPsim/cpu', 0x0000000080003e18(.l_sbclri_261_Start+10): a46f0f13 addi    t5,t5,-1466
Info   t5 60c95000 -> 60c94a46
Info 'riscvOVPsim/cpu', 0x0000000080003e1c(.l_sbclri_261_Start+14): 01e10a63 beq     sp,t5,80003e30
Info 'riscvOVPsim/cpu', 0x0000000080003e30(.l_sbseti_262_Start): 00000013 nop
Info 'riscvOVPsim/cpu', 0x0000000080003e34(.l_sbseti_262_Start+4): 2bf01d13 sbseti  s10,zero,63
Info   s10 1276a960 -> 80000000
Info 'riscvOVPsim/cpu', 0x0000000080003e38(.l_sbseti_262_Start+8): 80000e37 lui     t3,0x80000
Info   t3 48b6b6eb -> 80000000
Info 'riscvOVPsim/cpu', 0x0000000080003e3c(.l_sbseti_262_Start+c): 01cd0a63 beq     s10,t3,80003e50
Info 'riscvOVPsim/cpu', 0x0000000080003e50(.l_sbinvi_263_Start): 4fbe1937 lui     s2,0x4fbe1
Info   s2 c4f6ad6d -> 4fbe1000
Info 'riscvOVPsim/cpu', 0x0000000080003e54(.l_sbinvi_263_Start+4): 08e90913 addi    s2,s2,142
Info   s2 4fbe1000 -> 4fbe108e
Info 'riscvOVPsim/cpu', 0x0000000080003e58(.l_sbinvi_263_Start+8): 6b991393 sbinvi  t2,s2,57
Info   t2 06f07c58 -> 4dbe108e
Info 'riscvOVPsim/cpu', 0x0000000080003e5c(.l_sbinvi_263_Start+c): 4dbe1e37 lui     t3,0x4dbe1
Info   t3 80000000 -> 4dbe1000
Info 'riscvOVPsim/cpu', 0x0000000080003e60(.l_sbinvi_263_Start+10): 08ee0e13 addi    t3,t3,142
Info   t3 4dbe1000 -> 4dbe108e
Info 'riscvOVPsim/cpu', 0x0000000080003e64(.l_sbinvi_263_Start+14): 01c38a63 beq     t2,t3,80003e78
Info 'riscvOVPsim/cpu', 0x0000000080003e78(.l_sbexti_264_Start): 0f4e9137 lui     sp,0xf4e9
Info   sp 60c94a46 -> 0f4e9000
Info 'riscvOVPsim/cpu', 0x0000000080003e7c(.l_sbexti_264_Start+4): 87210113 addi    sp,sp,-1934
Info   sp 0f4e9000 -> 0f4e8872
Info 'riscvOVPsim/cpu', 0x0000000080003e80(.l_sbexti_264_Start+8): 4b915113 sbexti  sp,sp,57
Info   sp 0f4e8872 -> 00000001
Info 'riscvOVPsim/cpu', 0x0000000080003e84(.l_sbexti_264_Start+c): 00100693 addi    a3,zero,1
Info   a3 4d3c9346 -> 00000001
Info 'riscvOVPsim/cpu', 0x0000000080003e88(.l_sbexti_264_Start+10): 00d10a63 beq     sp,a3,80003e9c
Info 'riscvOVPsim/cpu', 0x0000000080003e9c(.l_grevi_265_Start): 7b46ab37 lui     s6,0x7b46a
Info   s6 309fb9ab -> 7b46a000
Info 'riscvOVPsim/cpu', 0x0000000080003ea0(.l_grevi_265_Start+4): a23b0b13 addi    s6,s6,-1501
Info   s6 7b46a000 -> 7b469a23
Info 'riscvOVPsim/cpu', 0x0000000080003ea4(.l_grevi_265_Start+8): 6bdb5293 grevi   t0,s6,61
Info   t0 85b2d6e2 -> 3156987b
Info 'riscvOVPsim/cpu', 0x0000000080003ea8(.l_grevi_265_Start+c): 3156acb7 lui     s9,0x3156a
Info   s9 0b306a34 -> 3156a000
Info 'riscvOVPsim/cpu', 0x0000000080003eac(.l_grevi_265_Start+10): 87bc8c93 addi    s9,s9,-1925
Info   s9 3156a000 -> 3156987b
Info 'riscvOVPsim/cpu', 0x0000000080003eb0(.l_grevi_265_Start+14): 01928a63 beq     t0,s9,80003ec4
Info 'riscvOVPsim/cpu', 0x0000000080003ec4(.l_cmix_266_Start): 79312237 lui     tp,0x79312
Info   tp 1b479698 -> 79312000
Info 'riscvOVPsim/cpu', 0x0000000080003ec8(.l_cmix_266_Start+4): d4c20213 addi    tp,tp,-692
Info   tp 79312000 -> 79311d4c
Info 'riscvOVPsim/cpu', 0x0000000080003ecc(.l_cmix_266_Start+8): 6599bf37 lui     t5,0x6599b
Info   t5 60c94a46 -> 6599b000
Info 'riscvOVPsim/cpu', 0x0000000080003ed0(.l_cmix_266_Start+c): 689f0f13 addi    t5,t5,1673
Info   t5 6599b000 -> 6599b689
Info 'riscvOVPsim/cpu', 0x0000000080003ed4(.l_cmix_266_Start+10): 58626c37 lui     s8,0x58626
Info   s8 60c94a46 -> 58626000
Info 'riscvOVPsim/cpu', 0x0000000080003ed8(.l_cmix_266_Start+14): c6dc0c13 addi    s8,s8,-915
Info   s8 58626000 -> 58625c6d
Info 'riscvOVPsim/cpu', 0x0000000080003edc(.l_cmix_266_Start+18): c7e21033 cmix    zero,tp,t5,s8
Info 'riscvOVPsim/cpu', 0x0000000080003ee0(.l_cmix_266_Start+1c): 00000593 mv      a1,zero
Info   a1 fff83783 -> 00000000
Info 'riscvOVPsim/cpu', 0x0000000080003ee4(.l_cmix_266_Start+20): 00b00a63 beq     zero,a1,80003ef8
Info 'riscvOVPsim/cpu', 0x0000000080003ef8(.l_cmov_267_Start): 569bcdb7 lui     s11,0x569bc
Info   s11 85b2d6e2 -> 569bc000
Info 'riscvOVPsim/cpu', 0x0000000080003efc(.l_cmov_267_Start+4): 2b2d8d93 addi    s11,s11,690
Info   s11 569bc000 -> 569bc2b2
Info 'riscvOVPsim/cpu', 0x0000000080003f00(.l_cmov_267_Start+8): 740879b7 lui     s3,0x74087
Info   s3 02abab37 -> 74087000
Info 'riscvOVPsim/cpu', 0x0000000080003f04(.l_cmov_267_Start+c): 02198993 addi    s3,s3,33
Info   s3 74087000 -> 74087021
Info 'riscvOVPsim/cpu', 0x0000000080003f08(.l_cmov_267_Start+10): 23bc17b7 lui     a5,0x23bc1
Info   a5 48ccee31 -> 23bc1000
Info 'riscvOVPsim/cpu', 0x0000000080003f0c(.l_cmov_267_Start+14): 6c278793 addi    a5,a5,1730
Info   a5 23bc1000 -> 23bc16c2
Info 'riscvOVPsim/cpu', 0x0000000080003f10(.l_cmov_267_Start+18): 7f3dda33 cmov    s4,s11,s3,a5
Info   s4 375a92fb -> 569bc2b2
Info 'riscvOVPsim/cpu', 0x0000000080003f14(.l_cmov_267_Start+1c): 569bceb7 lui     t4,0x569bc
Info   t4 0b726edc -> 569bc000
Info 'riscvOVPsim/cpu', 0x0000000080003f18(.l_cmov_267_Start+20): 2b2e8e93 addi    t4,t4,690
Info   t4 569bc000 -> 569bc2b2
Info 'riscvOVPsim/cpu', 0x0000000080003f1c(.l_cmov_267_Start+24): 01da0a63 beq     s4,t4,80003f30
Info 'riscvOVPsim/cpu', 0x0000000080003f30(.l_fsl_268_Start): 30b21d37 lui     s10,0x30b21
Info   s10 80000000 -> 30b21000
Info 'riscvOVPsim/cpu', 0x0000000080003f34(.l_fsl_268_Start+4): 390d0d13 addi    s10,s10,912
Info   s10 30b21000 -> 30b21390
Info 'riscvOVPsim/cpu', 0x0000000080003f38(.l_fsl_268_Start+8): 5edd6737 lui     a4,0x5edd6
Info   a4 777250e7 -> 5edd6000
Info 'riscvOVPsim/cpu', 0x0000000080003f3c(.l_fsl_268_Start+c): 88c70713 addi    a4,a4,-1908
Info   a4 5edd6000 -> 5edd588c
Info 'riscvOVPsim/cpu', 0x0000000080003f40(.l_fsl_268_Start+10): 40aef9b7 lui     s3,0x40aef
Info   s3 74087021 -> 40aef000
Info 'riscvOVPsim/cpu', 0x0000000080003f44(.l_fsl_268_Start+14): 10d98993 addi    s3,s3,269
Info   s3 40aef000 -> 40aef10d
Info 'riscvOVPsim/cpu', 0x0000000080003f48(.l_fsl_268_Start+18): 9ced12b3 fsl     t0,s10,a4,s3
Info   t0 3156987b -> 2139040a
Info 'riscvOVPsim/cpu', 0x0000000080003f4c(.l_fsl_268_Start+1c): 21390837 lui     a6,0x21390
Info   a6 7f1e3dae -> 21390000
Info 'riscvOVPsim/cpu', 0x0000000080003f50(.l_fsl_268_Start+20): 40a80813 addi    a6,a6,1034
Info   a6 21390000 -> 2139040a
Info 'riscvOVPsim/cpu', 0x0000000080003f54(.l_fsl_268_Start+24): 01028a63 beq     t0,a6,80003f68
Info 'riscvOVPsim/cpu', 0x0000000080003f68(.l_fsr_269_Start): 1b8758b7 lui     a7,0x1b875
Info   a7 c4f6ad6d -> 1b875000
Info 'riscvOVPsim/cpu', 0x0000000080003f6c(.l_fsr_269_Start+4): 98688893 addi    a7,a7,-1658
Info   a7 1b875000 -> 1b874986
Info 'riscvOVPsim/cpu', 0x0000000080003f70(.l_fsr_269_Start+8): 1e1c81b7 lui     gp,0x1e1c8
Info   gp 6fc1a0d4 -> 1e1c8000
Info 'riscvOVPsim/cpu', 0x0000000080003f74(.l_fsr_269_Start+c): 3a118193 addi    gp,gp,929
Info   gp 1e1c8000 -> 1e1c83a1
Info 'riscvOVPsim/cpu', 0x0000000080003f78(.l_fsr_269_Start+10): 00000013 nop
Info 'riscvOVPsim/cpu', 0x0000000080003f7c(.l_fsr_269_Start+14): 438d1b3 fsr     gp,a7,gp,zero
Info   gp 1e1c83a1 -> 00000000
Info 'riscvOVPsim/cpu', 0x0000000080003f80(.l_fsr_269_Start+18): 00000693 mv      a3,zero
Info   a3 00000001 -> 00000000
Info 'riscvOVPsim/cpu', 0x0000000080003f84(.l_fsr_269_Start+1c): 00d18a63 beq     gp,a3,80003f98
Info 'riscvOVPsim/cpu', 0x0000000080003f98(.l_fsri_270_Start): 62e80237 lui     tp,0x62e80
Info   tp 79311d4c -> 62e80000
Info 'riscvOVPsim/cpu', 0x0000000080003f9c(.l_fsri_270_Start+4): 72520213 addi    tp,tp,1829
Info   tp 62e80000 -> 62e80725
Info 'riscvOVPsim/cpu', 0x0000000080003fa0(.l_fsri_270_Start+8): 06a84cb7 lui     s9,0x6a84
Info   s9 3156987b -> 06a84000
Info 'riscvOVPsim/cpu', 0x0000000080003fa4(.l_fsri_270_Start+c): 631c8c93 addi    s9,s9,1585
Info   s9 06a84000 -> 06a84631
Info 'riscvOVPsim/cpu', 0x0000000080003fa8(.l_fsri_270_Start+10): cc825093 fsri    ra,tp,s9,8
Info   ra 460fe42b -> 3162e807
Info 'riscvOVPsim/cpu', 0x0000000080003fac(.l_fsri_270_Start+14): 3162f537 lui     a0,0x3162f
Info   a0 9346ffff -> 3162f000
Info 'riscvOVPsim/cpu', 0x0000000080003fb0(.l_fsri_270_Start+18): 80750513 addi    a0,a0,-2041
Info   a0 3162f000 -> 3162e807
Info 'riscvOVPsim/cpu', 0x0000000080003fb4(.l_fsri_270_Start+1c): 00a08a63 beq     ra,a0,80003fc8
Info 'riscvOVPsim/cpu', 0x0000000080003fc8(.l_clz_271_Start): 50139d37 lui     s10,0x50139
Info   s10 30b21390 -> 50139000
Info 'riscvOVPsim/cpu', 0x0000000080003fcc(.l_clz_271_Start+4): a7ad0d13 addi    s10,s10,-1414
Info   s10 50139000 -> 50138a7a
Info 'riscvOVPsim/cpu', 0x0000000080003fd0(.l_clz_271_Start+8): 600d1393 clz     t2,s10
Info   t2 4dbe108e -> 00000001
Info 'riscvOVPsim/cpu', 0x0000000080003fd4(.l_clz_271_Start+c): 00100d93 addi    s11,zero,1
Info   s11 569bc2b2 -> 00000001
Info 'riscvOVPsim/cpu', 0x0000000080003fd8(.l_clz_271_Start+10): 01b38a63 beq     t2,s11,80003fec
Info 'riscvOVPsim/cpu', 0x0000000080003fec(.l_ctz_272_Start): 243de3b7 lui     t2,0x243de
Info   t2 00000001 -> 243de000
Info 'riscvOVPsim/cpu', 0x0000000080003ff0(.l_ctz_272_Start+4): 0aa38393 addi    t2,t2,170
Info   t2 243de000 -> 243de0aa
Info 'riscvOVPsim/cpu', 0x0000000080003ff4(.l_ctz_272_Start+8): 60139493 ctz     s1,t2
Info   s1 04642a7b -> 00000001
Info 'riscvOVPsim/cpu', 0x0000000080003ff8(.l_ctz_272_Start+c): 00100413 addi    s0,zero,1
Info   s0 78b6e496 -> 00000001
Info 'riscvOVPsim/cpu', 0x0000000080003ffc(.l_ctz_272_Start+10): 00848a63 beq     s1,s0,80004010
Info 'riscvOVPsim/cpu', 0x0000000080004010(.l_pcnt_273_Start): 7a724937 lui     s2,0x7a724
Info   s2 4fbe108e -> 7a724000
Info 'riscvOVPsim/cpu', 0x0000000080004014(.l_pcnt_273_Start+4): b4590913 addi    s2,s2,-1211
Info   s2 7a724000 -> 7a723b45
Info 'riscvOVPsim/cpu', 0x0000000080004018(.l_pcnt_273_Start+8): 60291513 pcnt    a0,s2
Info   a0 3162e807 -> 00000011
Info 'riscvOVPsim/cpu', 0x000000008000401c(.l_pcnt_273_Start+c): 01100d13 addi    s10,zero,17
Info   s10 50138a7a -> 00000011
Info 'riscvOVPsim/cpu', 0x0000000080004020(.l_pcnt_273_Start+10): 01a50a63 beq     a0,s10,80004034
Info 'riscvOVPsim/cpu', 0x0000000080004034(.l_crc32_b_274_Start): 61403437 lui     s0,0x61403
Info   s0 00000001 -> 61403000
Info 'riscvOVPsim/cpu', 0x0000000080004038(.l_crc32_b_274_Start+4): f4e40413 addi    s0,s0,-178
Info   s0 61403000 -> 61402f4e
Info 'riscvOVPsim/cpu', 0x000000008000403c(.l_crc32_b_274_Start+8): 61041093 crc32.b ra,s0
Info   ra 3162e807 -> 91052cb8
Info 'riscvOVPsim/cpu', 0x0000000080004040(.l_crc32_b_274_Start+c): 91053bb7 lui     s7,0x91053
Info   s7 2d96b714 -> 91053000
Info 'riscvOVPsim/cpu', 0x0000000080004044(.l_crc32_b_274_Start+10): cb8b8b93 addi    s7,s7,-840
Info   s7 91053000 -> 91052cb8
Info 'riscvOVPsim/cpu', 0x0000000080004048(.l_crc32_b_274_Start+14): 01708a63 beq     ra,s7,8000405c
Info 'riscvOVPsim/cpu', 0x000000008000405c(.l_crc32_h_275_Start): 4a3f01b7 lui     gp,0x4a3f0
Info   gp 00000000 -> 4a3f0000
Info 'riscvOVPsim/cpu', 0x0000000080004060(.l_crc32_h_275_Start+4): 68c18193 addi    gp,gp,1676
Info   gp 4a3f0000 -> 4a3f068c
Info 'riscvOVPsim/cpu', 0x0000000080004064(.l_crc32_h_275_Start+8): 61119593 crc32.h a1,gp
Info   a1 00000000 -> 7e55384d
Info 'riscvOVPsim/cpu', 0x0000000080004068(.l_crc32_h_275_Start+c): 7e554cb7 lui     s9,0x7e554
Info   s9 06a84631 -> 7e554000
Info 'riscvOVPsim/cpu', 0x000000008000406c(.l_crc32_h_275_Start+10): 84dc8c93 addi    s9,s9,-1971
Info   s9 7e554000 -> 7e55384d
Info 'riscvOVPsim/cpu', 0x0000000080004070(.l_crc32_h_275_Start+14): 01958a63 beq     a1,s9,80004084
Info 'riscvOVPsim/cpu', 0x0000000080004084(.l_crc32_w_276_Start): 64f08bb7 lui     s7,0x64f08
Info   s7 91052cb8 -> 64f08000
Info 'riscvOVPsim/cpu', 0x0000000080004088(.l_crc32_w_276_Start+4): 7e2b8b93 addi    s7,s7,2018
Info   s7 64f08000 -> 64f087e2
Info 'riscvOVPsim/cpu', 0x000000008000408c(.l_crc32_w_276_Start+8): 612b9013 crc32.w zero,s7
Info 'riscvOVPsim/cpu', 0x0000000080004090(.l_crc32_w_276_Start+c): 00000a13 mv      s4,zero
Info   s4 569bc2b2 -> 00000000
Info 'riscvOVPsim/cpu', 0x0000000080004094(.l_crc32_w_276_Start+10): 01400a63 beq     zero,s4,800040a8
Info 'riscvOVPsim/cpu', 0x00000000800040a8(.l_crc32c_b_277_Start): 53fb1337 lui     t1,0x53fb1
Info   t1 20a0c5e2 -> 53fb1000
Info 'riscvOVPsim/cpu', 0x00000000800040ac(.l_crc32c_b_277_Start+4): 87530313 addi    t1,t1,-1931
Info   t1 53fb1000 -> 53fb0875
Info 'riscvOVPsim/cpu', 0x00000000800040b0(.l_crc32c_b_277_Start+8): 61831e13 crc32c.b t3,t1
Info   t3 4dbe108e -> 443abb19
Info 'riscvOVPsim/cpu', 0x00000000800040b4(.l_crc32c_b_277_Start+c): 443ac737 lui     a4,0x443ac
Info   a4 5edd588c -> 443ac000
Info 'riscvOVPsim/cpu', 0x00000000800040b8(.l_crc32c_b_277_Start+10): b1970713 addi    a4,a4,-1255
Info   a4 443ac000 -> 443abb19
Info 'riscvOVPsim/cpu', 0x00000000800040bc(.l_crc32c_b_277_Start+14): 00ee0a63 beq     t3,a4,800040d0
Info 'riscvOVPsim/cpu', 0x00000000800040d0(.l_crc32c_h_278_Start): 3b3a6e37 lui     t3,0x3b3a6
Info   t3 443abb19 -> 3b3a6000
Info 'riscvOVPsim/cpu', 0x00000000800040d4(.l_crc32c_h_278_Start+4): 7c5e0e13 addi    t3,t3,1989
Info   t3 3b3a6000 -> 3b3a67c5
Info 'riscvOVPsim/cpu', 0x00000000800040d8(.l_crc32c_h_278_Start+8): 619e1593 crc32c.h a1,t3
Info   a1 7e55384d -> ecf009e5
Info 'riscvOVPsim/cpu', 0x00000000800040dc(.l_crc32c_h_278_Start+c): ecf012b7 lui     t0,0xecf01
Info   t0 2139040a -> ecf01000
Info 'riscvOVPsim/cpu', 0x00000000800040e0(.l_crc32c_h_278_Start+10): 9e528293 addi    t0,t0,-1563
Info   t0 ecf01000 -> ecf009e5
Info 'riscvOVPsim/cpu', 0x00000000800040e4(.l_crc32c_h_278_Start+14): 00558a63 beq     a1,t0,800040f8
Info 'riscvOVPsim/cpu', 0x00000000800040f8(.l_crc32c_w_279_Start): 497fdbb7 lui     s7,0x497fd
Info   s7 64f087e2 -> 497fd000
Info 'riscvOVPsim/cpu', 0x00000000800040fc(.l_crc32c_w_279_Start+4): 5b0b8b93 addi    s7,s7,1456
Info   s7 497fd000 -> 497fd5b0
Info 'riscvOVPsim/cpu', 0x0000000080004100(.l_crc32c_w_279_Start+8): 61ab9413 crc32c.w s0,s7
Info   s0 61402f4e -> 0a77c8f7
Info 'riscvOVPsim/cpu', 0x0000000080004104(.l_crc32c_w_279_Start+c): 0a77dab7 lui     s5,0xa77d
Info   s5 0a026888 -> 0a77d000
Info 'riscvOVPsim/cpu', 0x0000000080004108(.l_crc32c_w_279_Start+10): 8f7a8a93 addi    s5,s5,-1801
Info   s5 0a77d000 -> 0a77c8f7
Info 'riscvOVPsim/cpu', 0x000000008000410c(.l_crc32c_w_279_Start+14): 01540a63 beq     s0,s5,80004120
Info 'riscvOVPsim/cpu', 0x0000000080004120(.l_clmul_280_Start): 01e53c37 lui     s8,0x1e53
Info   s8 58625c6d -> 01e53000
Info 'riscvOVPsim/cpu', 0x0000000080004124(.l_clmul_280_Start+4): 13dc0c13 addi    s8,s8,317
Info   s8 01e53000 -> 01e5313d
Info 'riscvOVPsim/cpu', 0x0000000080004128(.l_clmul_280_Start+8): 1b37fd37 lui     s10,0x1b37f
Info   s10 00000011 -> 1b37f000
Info 'riscvOVPsim/cpu', 0x000000008000412c(.l_clmul_280_Start+c): 412d0d13 addi    s10,s10,1042
Info   s10 1b37f000 -> 1b37f412
Info 'riscvOVPsim/cpu', 0x0000000080004130(.l_clmul_280_Start+10): bac1233 clmul   tp,s8,s10
Info   tp 62e80725 -> 747b35aa
Info 'riscvOVPsim/cpu', 0x0000000080004134(.l_clmul_280_Start+14): 747b37b7 lui     a5,0x747b3
Info   a5 23bc16c2 -> 747b3000
Info 'riscvOVPsim/cpu', 0x0000000080004138(.l_clmul_280_Start+18): 5aa78793 addi    a5,a5,1450
Info   a5 747b3000 -> 747b35aa
Info 'riscvOVPsim/cpu', 0x000000008000413c(.l_clmul_280_Start+1c): 00f20a63 beq     tp,a5,80004150
Info 'riscvOVPsim/cpu', 0x0000000080004150(.l_clmulr_281_Start): 03b6af37 lui     t5,0x3b6a
Info   t5 6599b689 -> 03b6a000
Info 'riscvOVPsim/cpu', 0x0000000080004154(.l_clmulr_281_Start+4): ecdf0f13 addi    t5,t5,-307
Info   t5 03b6a000 -> 03b69ecd
Info 'riscvOVPsim/cpu', 0x0000000080004158(.l_clmulr_281_Start+8): 77361d37 lui     s10,0x77361
Info   s10 1b37f412 -> 77361000
Info 'riscvOVPsim/cpu', 0x000000008000415c(.l_clmulr_281_Start+c): 526d0d13 addi    s10,s10,1318
Info   s10 77361000 -> 77361526
Info 'riscvOVPsim/cpu', 0x0000000080004160(.l_clmulr_281_Start+10): bac1233 clmul   tp,s8,s10
Info   s11 00000001 -> 0154b0ca
Info 'riscvOVPsim/cpu', 0x0000000080004164(.l_clmulr_281_Start+14): 0154be37 lui     t3,0x154b
Info   t3 3b3a67c5 -> 0154b000
Info 'riscvOVPsim/cpu', 0x0000000080004168(.l_clmulr_281_Start+18): 0cae0e13 addi    t3,t3,202
Info   t3 0154b000 -> 0154b0ca
Info 'riscvOVPsim/cpu', 0x000000008000416c(.l_clmulr_281_Start+1c): 01cd8a63 beq     s11,t3,80004180
Info 'riscvOVPsim/cpu', 0x0000000080004180(.l_clmulh_282_Start): 223faf37 lui     t5,0x223fa
Info   t5 03b69ecd -> 223fa000
Info 'riscvOVPsim/cpu', 0x0000000080004184(.l_clmulh_282_Start+4): 5b6f0f13 addi    t5,t5,1462
Info   t5 223fa000 -> 223fa5b6
Info 'riscvOVPsim/cpu', 0x0000000080004188(.l_clmulh_282_Start+8): 29d0a937 lui     s2,0x29d0a
Info   s2 7a723b45 -> 29d0a000
Info 'riscvOVPsim/cpu', 0x000000008000418c(.l_clmulh_282_Start+c): 5df90913 addi    s2,s2,1503
Info   s2 29d0a000 -> 29d0a5df
Info 'riscvOVPsim/cpu', 0x0000000080004190(.l_clmulh_282_Start+10): b2f37b3 clmulh  a5,t5,s2
Info   a5 747b35aa -> 056f9017
Info 'riscvOVPsim/cpu', 0x0000000080004194(.l_clmulh_282_Start+14): 056f9d37 lui     s10,0x56f9
Info   s10 77361526 -> 056f9000
Info 'riscvOVPsim/cpu', 0x0000000080004198(.l_clmulh_282_Start+18): 017d0d13 addi    s10,s10,23
Info   s10 056f9000 -> 056f9017
Info 'riscvOVPsim/cpu', 0x000000008000419c(.l_clmulh_282_Start+1c): 01a78a63 beq     a5,s10,800041b0
Info 'riscvOVPsim/cpu', 0x00000000800041b0(.l_min_283_Start): 0bb03937 lui     s2,0xbb03
Info   s2 29d0a5df -> 0bb03000
Info 'riscvOVPsim/cpu', 0x00000000800041b4(.l_min_283_Start+4): f4790913 addi    s2,s2,-185
Info   s2 0bb03000 -> 0bb02f47
Info 'riscvOVPsim/cpu', 0x00000000800041b8(.l_min_283_Start+8): 30dd92b7 lui     t0,0x30dd9
Info   t0 ecf009e5 -> 30dd9000
Info 'riscvOVPsim/cpu', 0x00000000800041bc(.l_min_283_Start+c): 51028293 addi    t0,t0,1296
Info   t0 30dd9000 -> 30dd9510
Info 'riscvOVPsim/cpu', 0x00000000800041c0(.l_min_283_Start+10): a594933 min     s2,s2,t0
Info 'riscvOVPsim/cpu', 0x00000000800041c4(.l_min_283_Start+14): 0bb036b7 lui     a3,0xbb03
Info   a3 00000000 -> 0bb03000
Info 'riscvOVPsim/cpu', 0x00000000800041c8(.l_min_283_Start+18): f4768693 addi    a3,a3,-185
Info   a3 0bb03000 -> 0bb02f47
Info 'riscvOVPsim/cpu', 0x00000000800041cc(.l_min_283_Start+1c): 00d90a63 beq     s2,a3,800041e0
Info 'riscvOVPsim/cpu', 0x00000000800041e0(.l_max_284_Start): 31899237 lui     tp,0x31899
Info   tp 747b35aa -> 31899000
Info 'riscvOVPsim/cpu', 0x00000000800041e4(.l_max_284_Start+4): 23b20213 addi    tp,tp,571
Info   tp 31899000 -> 3189923b
Info 'riscvOVPsim/cpu', 0x00000000800041e8(.l_max_284_Start+8): 5787db37 lui     s6,0x5787d
Info   s6 7b469a23 -> 5787d000
Info 'riscvOVPsim/cpu', 0x00000000800041ec(.l_max_284_Start+c): 524b0b13 addi    s6,s6,1316
Info   s6 5787d000 -> 5787d524
Info 'riscvOVPsim/cpu', 0x00000000800041f0(.l_max_284_Start+10): b625c33 max     s8,tp,s6
Info   s8 01e5313d -> 5787d524
Info 'riscvOVPsim/cpu', 0x00000000800041f4(.l_max_284_Start+14): 5787d4b7 lui     s1,0x5787d
Info   s1 00000001 -> 5787d000
Info 'riscvOVPsim/cpu', 0x00000000800041f8(.l_max_284_Start+18): 52448493 addi    s1,s1,1316
Info   s1 5787d000 -> 5787d524
Info 'riscvOVPsim/cpu', 0x00000000800041fc(.l_max_284_Start+1c): 009c0a63 beq     s8,s1,80004210
Info 'riscvOVPsim/cpu', 0x0000000080004210(.l_minu_285_Start): 1d86dfb7 lui     t6,0x1d86d
Info   t6 609760f6 -> 1d86d000
Info 'riscvOVPsim/cpu', 0x0000000080004214(.l_minu_285_Start+4): 5f5f8f93 addi    t6,t6,1525
Info   t6 1d86d000 -> 1d86d5f5
Info 'riscvOVPsim/cpu', 0x0000000080004218(.l_minu_285_Start+8): 691aceb7 lui     t4,0x691ac
Info   t4 569bc2b2 -> 691ac000
Info 'riscvOVPsim/cpu', 0x000000008000421c(.l_minu_285_Start+c): f5ae8e93 addi    t4,t4,-166
Info   t4 691ac000 -> 691abf5a
Info 'riscvOVPsim/cpu', 0x0000000080004220(.l_minu_285_Start+10): bdfe8b3 minu    a7,t6,t4
Info   a7 1b874986 -> 1d86d5f5
Info 'riscvOVPsim/cpu', 0x0000000080004224(.l_minu_285_Start+14): 1d86d0b7 lui     ra,0x1d86d
Info   ra 91052cb8 -> 1d86d000
Info 'riscvOVPsim/cpu', 0x0000000080004228(.l_minu_285_Start+18): 5f508093 addi    ra,ra,1525
Info   ra 1d86d000 -> 1d86d5f5
Info 'riscvOVPsim/cpu', 0x000000008000422c(.l_minu_285_Start+1c): 00188a63 beq     a7,ra,80004240
Info 'riscvOVPsim/cpu', 0x0000000080004240(.l_maxu_286_Start): 0069e837 lui     a6,0x69e
Info   a6 2139040a -> 0069e000
Info 'riscvOVPsim/cpu', 0x0000000080004244(.l_maxu_286_Start+4): ffc80813 addi    a6,a6,-4
Info   a6 0069e000 -> 0069dffc
Info 'riscvOVPsim/cpu', 0x0000000080004248(.l_maxu_286_Start+8): 0f47dc37 lui     s8,0xf47d
Info   s8 5787d524 -> 0f47d000
Info 'riscvOVPsim/cpu', 0x000000008000424c(.l_maxu_286_Start+c): da5c0c13 addi    s8,s8,-603
Info   s8 0f47d000 -> 0f47cda5
Info 'riscvOVPsim/cpu', 0x0000000080004250(.l_maxu_286_Start+10): b887eb3 maxu    t4,a6,s8
Info   t4 691abf5a -> 0f47cda5
Info 'riscvOVPsim/cpu', 0x0000000080004254(.l_maxu_286_Start+14): 0f47d937 lui     s2,0xf47d
Info   s2 0bb02f47 -> 0f47d000
Info 'riscvOVPsim/cpu', 0x0000000080004258(.l_maxu_286_Start+18): da590913 addi    s2,s2,-603
Info   s2 0f47d000 -> 0f47cda5
Info 'riscvOVPsim/cpu', 0x000000008000425c(.l_maxu_286_Start+1c): 012e8a63 beq     t4,s2,80004270
Info 'riscvOVPsim/cpu', 0x0000000080004270(.l_shfl_287_Start): 52dfa637 lui     a2,0x52dfa
Info   a2 21856507 -> 52dfa000
Info 'riscvOVPsim/cpu', 0x0000000080004274(.l_shfl_287_Start+4): 1fc60613 addi    a2,a2,508
Info   a2 52dfa000 -> 52dfa1fc
Info 'riscvOVPsim/cpu', 0x0000000080004278(.l_shfl_287_Start+8): 36bef237 lui     tp,0x36bef
Info   tp 3189923b -> 36bef000
Info 'riscvOVPsim/cpu', 0x000000008000427c(.l_shfl_287_Start+c): 0da20213 addi    tp,tp,218
Info   tp 36bef000 -> 36bef0da
Info 'riscvOVPsim/cpu', 0x0000000080004280(.l_shfl_287_Start+10): 8461eb3 shfl    t4,a2,tp
Info   t4 0f47cda5 -> 4689f7fc
Info 'riscvOVPsim/cpu', 0x0000000080004284(.l_shfl_287_Start+14): 4689fdb7 lui     s11,0x4689f
Info   s11 0154b0ca -> 4689f000
Info 'riscvOVPsim/cpu', 0x0000000080004288(.l_shfl_287_Start+18): 7fcd8d93 addi    s11,s11,2044
Info   s11 4689f000 -> 4689f7fc
Info 'riscvOVPsim/cpu', 0x000000008000428c(.l_shfl_287_Start+1c): 01be8a63 beq     t4,s11,800042a0
Info 'riscvOVPsim/cpu', 0x00000000800042a0(.l_unshfl_288_Start): 613a4737 lui     a4,0x613a4
Info   a4 443abb19 -> 613a4000
Info 'riscvOVPsim/cpu', 0x00000000800042a4(.l_unshfl_288_Start+4): 02a70713 addi    a4,a4,42
Info   a4 613a4000 -> 613a402a
Info 'riscvOVPsim/cpu', 0x00000000800042a8(.l_unshfl_288_Start+8): 7a244637 lui     a2,0x7a244
Info   a2 52dfa1fc -> 7a244000
Info 'riscvOVPsim/cpu', 0x00000000800042ac(.l_unshfl_288_Start+c): 6f360613 addi    a2,a2,1779
Info   a2 7a244000 -> 7a2446f3
Info 'riscvOVPsim/cpu', 0x00000000800042b0(.l_unshfl_288_Start+10): 8c75733 unshfl  a4,a4,a2
Info   a4 613a402a -> 49740870
Info 'riscvOVPsim/cpu', 0x00000000800042b4(.l_unshfl_288_Start+14): 49741237 lui     tp,0x49741
Info   tp 36bef0da -> 49741000
Info 'riscvOVPsim/cpu', 0x00000000800042b8(.l_unshfl_288_Start+18): 87020213 addi    tp,tp,-1936
Info   tp 49741000 -> 49740870
Info 'riscvOVPsim/cpu', 0x00000000800042bc(.l_unshfl_288_Start+1c): 00470a63 beq     a4,tp,800042d0
Info 'riscvOVPsim/cpu', 0x00000000800042d0(.l_bdep_289_Start): 07b331b7 lui     gp,0x7b33
Info   gp 4a3f068c -> 07b33000
Info 'riscvOVPsim/cpu', 0x00000000800042d4(.l_bdep_289_Start+4): e6418193 addi    gp,gp,-412
Info   gp 07b33000 -> 07b32e64
Info 'riscvOVPsim/cpu', 0x00000000800042d8(.l_bdep_289_Start+8): 2240fbb7 lui     s7,0x2240f
Info   s7 497fd5b0 -> 2240f000
Info 'riscvOVPsim/cpu', 0x00000000800042dc(.l_bdep_289_Start+c): 4b2b8b93 addi    s7,s7,1202
Info   s7 2240f000 -> 2240f4b2
Info 'riscvOVPsim/cpu', 0x00000000800042e0(.l_bdep_289_Start+10): 971a233 bdep    tp,gp,s7
Info   tp 49740870 -> 22403020
Info 'riscvOVPsim/cpu', 0x00000000800042e4(.l_bdep_289_Start+14): 22403337 lui     t1,0x22403
Info   t1 53fb0875 -> 22403000
Info 'riscvOVPsim/cpu', 0x00000000800042e8(.l_bdep_289_Start+18): 02030313 addi    t1,t1,32
Info   t1 22403000 -> 22403020
Info 'riscvOVPsim/cpu', 0x00000000800042ec(.l_bdep_289_Start+1c): 00620a63 beq     tp,t1,80004300
Info 'riscvOVPsim/cpu', 0x0000000080004300(.l_bext_290_Start): 77e79ab7 lui     s5,0x77e79
Info   s5 0a77c8f7 -> 77e79000
Info 'riscvOVPsim/cpu', 0x0000000080004304(.l_bext_290_Start+4): a20a8a93 addi    s5,s5,-1504
Info   s5 77e79000 -> 77e78a20
Info 'riscvOVPsim/cpu', 0x0000000080004308(.l_bext_290_Start+8): 52f728b7 lui     a7,0x52f72
Info   a7 1d86d5f5 -> 52f72000
Info 'riscvOVPsim/cpu', 0x000000008000430c(.l_bext_290_Start+c): 0c688893 addi    a7,a7,198
Info   a7 52f72000 -> 52f720c6
Info 'riscvOVPsim/cpu', 0x0000000080004310(.l_bext_290_Start+10): 91aef33 bext    t5,s5,a7
Info   t5 223fa5b6 -> 00007ee0
Info 'riscvOVPsim/cpu', 0x0000000080004314(.l_bext_290_Start+14): 000080b7 lui     ra,0x8
Info   ra 1d86d5f5 -> 00008000
Info 'riscvOVPsim/cpu', 0x0000000080004318(.l_bext_290_Start+18): ee008093 addi    ra,ra,-288
Info   ra 00008000 -> 00007ee0
Info 'riscvOVPsim/cpu', 0x000000008000431c(.l_bext_290_Start+1c): 001f0a63 beq     t5,ra,80004330
Info 'riscvOVPsim/cpu', 0x0000000080004330(.l_pack_291_Start): 75b19eb7 lui     t4,0x75b19
Info   t4 4689f7fc -> 75b19000
Info 'riscvOVPsim/cpu', 0x0000000080004334(.l_pack_291_Start+4): 1d3e8e93 addi    t4,t4,467
Info   t4 75b19000 -> 75b191d3
Info 'riscvOVPsim/cpu', 0x0000000080004338(.l_pack_291_Start+8): 59842b37 lui     s6,0x59842
Info   s6 5787d524 -> 59842000
Info 'riscvOVPsim/cpu', 0x000000008000433c(.l_pack_291_Start+c): cb3b0b13 addi    s6,s6,-845
Info   s6 59842000 -> 59841cb3
Info 'riscvOVPsim/cpu', 0x0000000080004340(.l_pack_291_Start+10): 096ecab3 undef
Info   s5 77e78a20 -> 1cb391d3
Info 'riscvOVPsim/cpu', 0x0000000080004344(.l_pack_291_Start+14): 1cb39737 lui     a4,0x1cb39
Info   a4 49740870 -> 1cb39000
Info 'riscvOVPsim/cpu', 0x0000000080004348(.l_pack_291_Start+18): 1d370713 addi    a4,a4,467
Info   a4 1cb39000 -> 1cb391d3
Info 'riscvOVPsim/cpu', 0x000000008000434c(.l_pack_291_Start+1c): 00ea8a63 beq     s5,a4,80004360
Info 'riscvOVPsim/cpu', 0x0000000080004360(.l_bfp_292_Start): 3c33afb7 lui     t6,0x3c33a
Info   t6 1d86d5f5 -> 3c33a000
Info 'riscvOVPsim/cpu', 0x0000000080004364(.l_bfp_292_Start+4): a5bf8f93 addi    t6,t6,-1445
Info   t6 3c33a000 -> 3c339a5b
Info 'riscvOVPsim/cpu', 0x0000000080004368(.l_bfp_292_Start+8): 24c26bb7 lui     s7,0x24c26
Info   s7 2240f4b2 -> 24c26000
Info 'riscvOVPsim/cpu', 0x000000008000436c(.l_bfp_292_Start+c): 8b1b8b93 addi    s7,s7,-1871
Info   s7 24c26000 -> 24c258b1
Info 'riscvOVPsim/cpu', 0x0000000080004370(.l_bfp_292_Start+10): 97ff933 bfp     s2,t6,s7
Info   s2 0f47cda5 -> 3c339a47
Info 'riscvOVPsim/cpu', 0x0000000080004374(.l_bfp_292_Start+14): 3c33a5b7 lui     a1,0x3c33a
Info   a1 ecf009e5 -> 3c33a000
Info 'riscvOVPsim/cpu', 0x0000000080004378(.l_bfp_292_Start+18): a4758593 addi    a1,a1,-1465
Info   a1 3c33a000 -> 3c339a47
Info 'riscvOVPsim/cpu', 0x000000008000437c(.l_bfp_292_Start+1c): 00b90a63 beq     s2,a1,80004390
Info 'riscvOVPsim/cpu', 0x0000000080004390(.l_shfli_293_Start): 347b44b7 lui     s1,0x347b4
Info   s1 5787d524 -> 347b4000
Info 'riscvOVPsim/cpu', 0x0000000080004394(.l_shfli_293_Start+4): fd348493 addi    s1,s1,-45
Info   s1 347b4000 -> 347b3fd3
Info 'riscvOVPsim/cpu', 0x0000000080004398(.l_shfli_293_Start+8): 9d49813 shfli   a6,s1,29
Info   a6 0069dffc -> 552f7bd5
Info 'riscvOVPsim/cpu', 0x000000008000439c(.l_shfli_293_Start+c): 552f88b7 lui     a7,0x552f8
Info   a7 52f720c6 -> 552f8000
Info 'riscvOVPsim/cpu', 0x00000000800043a0(.l_shfli_293_Start+10): bd588893 addi    a7,a7,-1067
Info   a7 552f8000 -> 552f7bd5
Info 'riscvOVPsim/cpu', 0x00000000800043a4(.l_shfli_293_Start+14): 01180a63 beq     a6,a7,800043b8
Info 'riscvOVPsim/cpu', 0x00000000800043b8(.l_unshfli_294_Start): 25f1c3b7 lui     t2,0x25f1c
Info   t2 243de0aa -> 25f1c000
Info 'riscvOVPsim/cpu', 0x00000000800043bc(.l_unshfli_294_Start+4): 1c138393 addi    t2,t2,449
Info   t2 25f1c000 -> 25f1c1c1
Info 'riscvOVPsim/cpu', 0x00000000800043c0(.l_unshfli_294_Start+8): 963d893 unshfli a7,t2,22
Info   a7 552f7bd5 -> 1c9dcc11
Info 'riscvOVPsim/cpu', 0x00000000800043c4(.l_unshfli_294_Start+c): 1c9dd237 lui     tp,0x1c9dd
Info   tp 22403020 -> 1c9dd000
Info 'riscvOVPsim/cpu', 0x00000000800043c8(.l_unshfli_294_Start+10): c1120213 addi    tp,tp,-1007
Info   tp 1c9dd000 -> 1c9dcc11
Info 'riscvOVPsim/cpu', 0x00000000800043cc(.l_unshfli_294_Start+14): 00488a63 beq     a7,tp,800043e0
Info 'riscvOVPsim/cpu', 0x00000000800043e0(.l_andn_295_Start): 55c36db7 lui     s11,0x55c36
Info   s11 4689f7fc -> 55c36000
Info 'riscvOVPsim/cpu', 0x00000000800043e4(.l_andn_295_Start+4): 94cd8d93 addi    s11,s11,-1716
Info   s11 55c36000 -> 55c3594c
Info 'riscvOVPsim/cpu', 0x00000000800043e8(.l_andn_295_Start+8): 00000013 nop
Info 'riscvOVPsim/cpu', 0x00000000800043ec(.l_andn_295_Start+c): 400dfd33 andn    s10,s11,zero
Info   s10 056f9017 -> 55c3594c
Info 'riscvOVPsim/cpu', 0x00000000800043f0(.l_andn_295_Start+10): 55c361b7 lui     gp,0x55c36
Info   gp 07b32e64 -> 55c36000
Info 'riscvOVPsim/cpu', 0x00000000800043f4(.l_andn_295_Start+14): 94c18193 addi    gp,gp,-1716
Info   gp 55c36000 -> 55c3594c
Info 'riscvOVPsim/cpu', 0x00000000800043f8(.l_andn_295_Start+18): 003d0a63 beq     s10,gp,8000440c
Info 'riscvOVPsim/cpu', 0x000000008000440c(.l_orn_296_Start): 772b87b7 lui     a5,0x772b8
Info   a5 056f9017 -> 772b8000
Info 'riscvOVPsim/cpu', 0x0000000080004410(.l_orn_296_Start+4): 96c78793 addi    a5,a5,-1684
Info   a5 772b8000 -> 772b796c
Info 'riscvOVPsim/cpu', 0x0000000080004414(.l_orn_296_Start+8): 1e0239b7 lui     s3,0x1e023
Info   s3 40aef10d -> 1e023000
Info 'riscvOVPsim/cpu', 0x0000000080004418(.l_orn_296_Start+c): be998993 addi    s3,s3,-1047
Info   s3 1e023000 -> 1e022be9
Info 'riscvOVPsim/cpu', 0x000000008000441c(.l_orn_296_Start+10): 4137edb3 orn     s11,a5,s3
Info   s11 55c3594c -> f7fffd7e
Info 'riscvOVPsim/cpu', 0x0000000080004420(.l_orn_296_Start+14): f80008b7 lui     a7,0xf8000
Info   a7 1c9dcc11 -> f8000000
Info 'riscvOVPsim/cpu', 0x0000000080004424(.l_orn_296_Start+18): d7e88893 addi    a7,a7,-642
Info   a7 f8000000 -> f7fffd7e
Info 'riscvOVPsim/cpu', 0x0000000080004428(.l_orn_296_Start+1c): 011d8a63 beq     s11,a7,8000443c
Info 'riscvOVPsim/cpu', 0x000000008000443c(.l_xnor_297_Start): 153ba0b7 lui     ra,0x153ba
Info   ra 00007ee0 -> 153ba000
Info 'riscvOVPsim/cpu', 0x0000000080004440(.l_xnor_297_Start+4): d1308093 addi    ra,ra,-749
Info   ra 153ba000 -> 153b9d13
Info 'riscvOVPsim/cpu', 0x0000000080004444(.l_xnor_297_Start+8): 7d07be37 lui     t3,0x7d07b
Info   t3 0154b0ca -> 7d07b000
Info 'riscvOVPsim/cpu', 0x0000000080004448(.l_xnor_297_Start+c): 61be0e13 addi    t3,t3,1563
Info   t3 7d07b000 -> 7d07b61b
Info 'riscvOVPsim/cpu', 0x000000008000444c(.l_xnor_297_Start+10): 41c0cfb3 xnor    t6,ra,t3
Info   t6 3c339a5b -> 97c3d4f7
Info 'riscvOVPsim/cpu', 0x0000000080004450(.l_xnor_297_Start+14): 97c3dd37 lui     s10,0x97c3d
Info   s10 55c3594c -> 97c3d000
Info 'riscvOVPsim/cpu', 0x0000000080004454(.l_xnor_297_Start+18): 4f7d0d13 addi    s10,s10,1271
Info   s10 97c3d000 -> 97c3d4f7
Info 'riscvOVPsim/cpu', 0x0000000080004458(.l_xnor_297_Start+1c): 01af8a63 beq     t6,s10,8000446c
Info 'riscvOVPsim/cpu', 0x000000008000446c(.l_slo_298_Start): 6c4e0a37 lui     s4,0x6c4e0
Info   s4 00000000 -> 6c4e0000
Info 'riscvOVPsim/cpu', 0x0000000080004470(.l_slo_298_Start+4): aa4a0a13 addi    s4,s4,-1372
Info   s4 6c4e0000 -> 6c4dfaa4
Info 'riscvOVPsim/cpu', 0x0000000080004474(.l_slo_298_Start+8): 0c7c5b37 lui     s6,0xc7c5
Info   s6 59841cb3 -> 0c7c5000
Info 'riscvOVPsim/cpu', 0x0000000080004478(.l_slo_298_Start+c): 01fb0b13 addi    s6,s6,31
Info   s6 0c7c5000 -> 0c7c501f
Info 'riscvOVPsim/cpu', 0x000000008000447c(.l_slo_298_Start+10): 216a1533 slo     a0,s4,s6
Info   a0 00000011 -> 7fffffff
Info 'riscvOVPsim/cpu', 0x0000000080004480(.l_slo_298_Start+14): 80000cb7 lui     s9,0x80000
Info   s9 7e55384d -> 80000000
Info 'riscvOVPsim/cpu', 0x0000000080004484(.l_slo_298_Start+18): fffc8c93 addi    s9,s9,-1
Info   s9 80000000 -> 7fffffff
Info 'riscvOVPsim/cpu', 0x0000000080004488(.l_slo_298_Start+1c): 01950a63 beq     a0,s9,8000449c
Info 'riscvOVPsim/cpu', 0x000000008000449c(.l_sro_299_Start): 5fd08437 lui     s0,0x5fd08
Info   s0 0a77c8f7 -> 5fd08000
Info 'riscvOVPsim/cpu', 0x00000000800044a0(.l_sro_299_Start+4): 22f40413 addi    s0,s0,559
Info   s0 5fd08000 -> 5fd0822f
Info 'riscvOVPsim/cpu', 0x00000000800044a4(.l_sro_299_Start+8): 2d8159b7 lui     s3,0x2d815
Info   s3 1e022be9 -> 2d815000
Info 'riscvOVPsim/cpu', 0x00000000800044a8(.l_sro_299_Start+c): 88998993 addi    s3,s3,-1911
Info   s3 2d815000 -> 2d814889
Info 'riscvOVPsim/cpu', 0x00000000800044ac(.l_sro_299_Start+10): 21345cb3 sro     s9,s0,s3
Info   s9 7fffffff -> ffafe841
Info 'riscvOVPsim/cpu', 0x00000000800044b0(.l_sro_299_Start+14): ffaff637 lui     a2,0xffaff
Info   a2 7a2446f3 -> ffaff000
Info 'riscvOVPsim/cpu', 0x00000000800044b4(.l_sro_299_Start+18): 84160613 addi    a2,a2,-1983
Info   a2 ffaff000 -> ffafe841
Info 'riscvOVPsim/cpu', 0x00000000800044b8(.l_sro_299_Start+1c): 00cc8a63 beq     s9,a2,800044cc
Info 'riscvOVPsim/cpu', 0x00000000800044cc(.l_rol_300_Start): 1a0ee8b7 lui     a7,0x1a0ee
Info   a7 f7fffd7e -> 1a0ee000
Info 'riscvOVPsim/cpu', 0x00000000800044d0(.l_rol_300_Start+4): 87188893 addi    a7,a7,-1935
Info   a7 1a0ee000 -> 1a0ed871
Info 'riscvOVPsim/cpu', 0x00000000800044d4(.l_rol_300_Start+8): 36d2d237 lui     tp,0x36d2d
Info   tp 1c9dcc11 -> 36d2d000
Info 'riscvOVPsim/cpu', 0x00000000800044d8(.l_rol_300_Start+c): 03320213 addi    tp,tp,51
Info   tp 36d2d000 -> 36d2d033
Info 'riscvOVPsim/cpu', 0x00000000800044dc(.l_rol_300_Start+10): 60489933 rol     s2,a7,tp
Info   s2 3c339a47 -> c388d076
Info 'riscvOVPsim/cpu', 0x00000000800044e0(.l_rol_300_Start+14): c388dcb7 lui     s9,0xc388d
Info   s9 ffafe841 -> c388d000
Info 'riscvOVPsim/cpu', 0x00000000800044e4(.l_rol_300_Start+18): 076c8c93 addi    s9,s9,118
Info   s9 c388d000 -> c388d076
Info 'riscvOVPsim/cpu', 0x00000000800044e8(.l_rol_300_Start+1c): 01990a63 beq     s2,s9,800044fc
Info 'riscvOVPsim/cpu', 0x00000000800044fc(.l_ror_301_Start): 3afa7637 lui     a2,0x3afa7
Info   a2 ffafe841 -> 3afa7000
Info 'riscvOVPsim/cpu', 0x0000000080004500(.l_ror_301_Start+4): 46f60613 addi    a2,a2,1135
Info   a2 3afa7000 -> 3afa746f
Info 'riscvOVPsim/cpu', 0x0000000080004504(.l_ror_301_Start+8): 3a8491b7 lui     gp,0x3a849
Info   gp 55c3594c -> 3a849000
Info 'riscvOVPsim/cpu', 0x0000000080004508(.l_ror_301_Start+c): 11618193 addi    gp,gp,278
Info   gp 3a849000 -> 3a849116
Info 'riscvOVPsim/cpu', 0x000000008000450c(.l_ror_301_Start+10): 60365d33 ror     s10,a2,gp
Info   s10 97c3d4f7 -> e9d1bceb
Info 'riscvOVPsim/cpu', 0x0000000080004510(.l_ror_301_Start+14): e9d1cbb7 lui     s7,0xe9d1c
Info   s7 24c258b1 -> e9d1c000
Info 'riscvOVPsim/cpu', 0x0000000080004514(.l_ror_301_Start+18): cebb8b93 addi    s7,s7,-789
Info   s7 e9d1c000 -> e9d1bceb
Info 'riscvOVPsim/cpu', 0x0000000080004518(.l_ror_301_Start+1c): 017d0a63 beq     s10,s7,8000452c
Info 'riscvOVPsim/cpu', 0x000000008000452c(.l_sbclr_302_Start): 4d0f5837 lui     a6,0x4d0f5
Info   a6 552f7bd5 -> 4d0f5000
Info 'riscvOVPsim/cpu', 0x0000000080004530(.l_sbclr_302_Start+4): 4a380813 addi    a6,a6,1187
Info   a6 4d0f5000 -> 4d0f54a3
Info 'riscvOVPsim/cpu', 0x0000000080004534(.l_sbclr_302_Start+8): 4b4009b7 lui     s3,0x4b400
Info   s3 2d814889 -> 4b400000
Info 'riscvOVPsim/cpu', 0x0000000080004538(.l_sbclr_302_Start+c): 4ee98993 addi    s3,s3,1262
Info   s3 4b400000 -> 4b4004ee
Info 'riscvOVPsim/cpu', 0x000000008000453c(.l_sbclr_302_Start+10): 49381e33 sbclr   t3,a6,s3
Info   t3 7d07b61b -> 4d0f14a3
Info 'riscvOVPsim/cpu', 0x0000000080004540(.l_sbclr_302_Start+14): 4d0f1eb7 lui     t4,0x4d0f1
Info   t4 75b191d3 -> 4d0f1000
Info 'riscvOVPsim/cpu', 0x0000000080004544(.l_sbclr_302_Start+18): 4a3e8e93 addi    t4,t4,1187
Info   t4 4d0f1000 -> 4d0f14a3
Info 'riscvOVPsim/cpu', 0x0000000080004548(.l_sbclr_302_Start+1c): 01de0a63 beq     t3,t4,8000455c
Info 'riscvOVPsim/cpu', 0x000000008000455c(.l_sbset_303_Start): 3b24fc37 lui     s8,0x3b24f
Info   s8 0f47cda5 -> 3b24f000
Info 'riscvOVPsim/cpu', 0x0000000080004560(.l_sbset_303_Start+4): 23cc0c13 addi    s8,s8,572
Info   s8 3b24f000 -> 3b24f23c
Info 'riscvOVPsim/cpu', 0x0000000080004564(.l_sbset_303_Start+8): 10f7a2b7 lui     t0,0x10f7a
Info   t0 30dd9510 -> 10f7a000
Info 'riscvOVPsim/cpu', 0x0000000080004568(.l_sbset_303_Start+c): 58428293 addi    t0,t0,1412
Info   t0 10f7a000 -> 10f7a584
Info 'riscvOVPsim/cpu', 0x000000008000456c(.l_sbset_303_Start+10): 285c1cb3 sbset   s9,s8,t0
Info   s9 c388d076 -> 3b24f23c
Info 'riscvOVPsim/cpu', 0x0000000080004570(.l_sbset_303_Start+14): 3b24fd37 lui     s10,0x3b24f
Info   s10 e9d1bceb -> 3b24f000
Info 'riscvOVPsim/cpu', 0x0000000080004574(.l_sbset_303_Start+18): 23cd0d13 addi    s10,s10,572
Info   s10 3b24f000 -> 3b24f23c
Info 'riscvOVPsim/cpu', 0x0000000080004578(.l_sbset_303_Start+1c): 01ac8a63 beq     s9,s10,8000458c
Info 'riscvOVPsim/cpu', 0x000000008000458c(.l_sbinv_304_Start): 7f708237 lui     tp,0x7f708
Info   tp 36d2d033 -> 7f708000
Info 'riscvOVPsim/cpu', 0x0000000080004590(.l_sbinv_304_Start+4): e0120213 addi    tp,tp,-511
Info   tp 7f708000 -> 7f707e01
Info 'riscvOVPsim/cpu', 0x0000000080004594(.l_sbinv_304_Start+8): 74709bb7 lui     s7,0x74709
Info   s7 e9d1bceb -> 74709000
Info 'riscvOVPsim/cpu', 0x0000000080004598(.l_sbinv_304_Start+c): 36ab8b93 addi    s7,s7,874
Info   s7 74709000 -> 7470936a
Info 'riscvOVPsim/cpu', 0x000000008000459c(.l_sbinv_304_Start+10): 697216b3 sbinv   a3,tp,s7
Info   a3 0bb02f47 -> 7f707a01
Info 'riscvOVPsim/cpu', 0x00000000800045a0(.l_sbinv_304_Start+14): 7f708ab7 lui     s5,0x7f708
Info   s5 1cb391d3 -> 7f708000
Info 'riscvOVPsim/cpu', 0x00000000800045a4(.l_sbinv_304_Start+18): a01a8a93 addi    s5,s5,-1535
Info   s5 7f708000 -> 7f707a01
Info 'riscvOVPsim/cpu', 0x00000000800045a8(.l_sbinv_304_Start+1c): 01568a63 beq     a3,s5,800045bc
Info 'riscvOVPsim/cpu', 0x00000000800045bc(.l_sbext_305_Start): 580182b7 lui     t0,0x58018
Info   t0 10f7a584 -> 58018000
Info 'riscvOVPsim/cpu', 0x00000000800045c0(.l_sbext_305_Start+4): db828293 addi    t0,t0,-584
Info   t0 58018000 -> 58017db8
Info 'riscvOVPsim/cpu', 0x00000000800045c4(.l_sbext_305_Start+8): 063d1bb7 lui     s7,0x63d1
Info   s7 7470936a -> 063d1000
Info 'riscvOVPsim/cpu', 0x00000000800045c8(.l_sbext_305_Start+c): 051b8b93 addi    s7,s7,81
Info   s7 063d1000 -> 063d1051
Info 'riscvOVPsim/cpu', 0x00000000800045cc(.l_sbext_305_Start+10): 4972d2b3 sbext   t0,t0,s7
Info   t0 58017db8 -> 00000000
Info 'riscvOVPsim/cpu', 0x00000000800045d0(.l_sbext_305_Start+14): 00000793 mv      a5,zero
Info   a5 772b796c -> 00000000
Info 'riscvOVPsim/cpu', 0x00000000800045d4(.l_sbext_305_Start+18): 00f28a63 beq     t0,a5,800045e8
Info 'riscvOVPsim/cpu', 0x00000000800045e8(.l_grev_306_Start): 56cafdb7 lui     s11,0x56caf
Info   s11 f7fffd7e -> 56caf000
Info 'riscvOVPsim/cpu', 0x00000000800045ec(.l_grev_306_Start+4): d2bd8d93 addi    s11,s11,-725
Info   s11 56caf000 -> 56caed2b
Info 'riscvOVPsim/cpu', 0x00000000800045f0(.l_grev_306_Start+8): 5d440f37 lui     t5,0x5d440
Info   t5 00007ee0 -> 5d440000
Info 'riscvOVPsim/cpu', 0x00000000800045f4(.l_grev_306_Start+c): 695f0f13 addi    t5,t5,1685
Info   t5 5d440000 -> 5d440695
Info 'riscvOVPsim/cpu', 0x00000000800045f8(.l_grev_306_Start+10): 69edd133 grev    sp,s11,t5
Info   sp 00000001 -> ed719a5c
Info 'riscvOVPsim/cpu', 0x00000000800045fc(.l_grev_306_Start+14): ed71a6b7 lui     a3,0xed71a
Info   a3 7f707a01 -> ed71a000
Info 'riscvOVPsim/cpu', 0x0000000080004600(.l_grev_306_Start+18): a5c68693 addi    a3,a3,-1444
Info   a3 ed71a000 -> ed719a5c
Info 'riscvOVPsim/cpu', 0x0000000080004604(.l_grev_306_Start+1c): 00d10a63 beq     sp,a3,80004618
Info 'riscvOVPsim/cpu', 0x0000000080004618(.l_sloi_307_Start): 5bae0db7 lui     s11,0x5bae0
Info   s11 56caed2b -> 5bae0000
Info 'riscvOVPsim/cpu', 0x000000008000461c(.l_sloi_307_Start+4): 95fd8d93 addi    s11,s11,-1697
Info   s11 5bae0000 -> 5badf95f
Info 'riscvOVPsim/cpu', 0x0000000080004620(.l_sloi_307_Start+8): 228d9e13 sloi    t3,s11,40
Info   t3 4d0f14a3 -> adf95fff
Info 'riscvOVPsim/cpu', 0x0000000080004624(.l_sloi_307_Start+c): adf96537 lui     a0,0xadf96
Info   a0 7fffffff -> adf96000
Info 'riscvOVPsim/cpu', 0x0000000080004628(.l_sloi_307_Start+10): fff50513 addi    a0,a0,-1
Info   a0 adf96000 -> adf95fff
Info 'riscvOVPsim/cpu', 0x000000008000462c(.l_sloi_307_Start+14): 00ae0a63 beq     t3,a0,80004640
Info 'riscvOVPsim/cpu', 0x0000000080004640(.l_sroi_308_Start): 7138c237 lui     tp,0x7138c
Info   tp 7f707e01 -> 7138c000
Info 'riscvOVPsim/cpu', 0x0000000080004644(.l_sroi_308_Start+4): 81920213 addi    tp,tp,-2023
Info   tp 7138c000 -> 7138b819
Info 'riscvOVPsim/cpu', 0x0000000080004648(.l_sroi_308_Start+8): 23725b13 sroi    s6,tp,55
Info   s6 0c7c501f -> fffffee2
Info 'riscvOVPsim/cpu', 0x000000008000464c(.l_sroi_308_Start+c): ee200413 addi    s0,zero,-286
Info   s0 5fd0822f -> fffffee2
Info 'riscvOVPsim/cpu', 0x0000000080004650(.l_sroi_308_Start+10): 008b0a63 beq     s6,s0,80004664
Info 'riscvOVPsim/cpu', 0x0000000080004664(.l_rori_309_Start): 00000013 nop
Info 'riscvOVPsim/cpu', 0x0000000080004668(.l_rori_309_Start+4): 62605993 rori    s3,zero,38
Info   s3 4b4004ee -> 00000000
Info 'riscvOVPsim/cpu', 0x000000008000466c(.l_rori_309_Start+8): 00000693 mv      a3,zero
Info   a3 ed719a5c -> 00000000
Info 'riscvOVPsim/cpu', 0x0000000080004670(.l_rori_309_Start+c): 00d98a63 beq     s3,a3,80004684
Info 'riscvOVPsim/cpu', 0x0000000080004684(.l_sbclri_310_Start): 53880f37 lui     t5,0x53880
Info   t5 5d440695 -> 53880000
Info 'riscvOVPsim/cpu', 0x0000000080004688(.l_sbclri_310_Start+4): 228f0f13 addi    t5,t5,552
Info   t5 53880000 -> 53880228
Info 'riscvOVPsim/cpu', 0x000000008000468c(.l_sbclri_310_Start+8): 4acf1b93 sbclri  s7,t5,44
Info   s7 063d1051 -> 53880228
Info 'riscvOVPsim/cpu', 0x0000000080004690(.l_sbclri_310_Start+c): 53880437 lui     s0,0x53880
Info   s0 fffffee2 -> 53880000
Info 'riscvOVPsim/cpu', 0x0000000080004694(.l_sbclri_310_Start+10): 22840413 addi    s0,s0,552
Info   s0 53880000 -> 53880228
Info 'riscvOVPsim/cpu', 0x0000000080004698(.l_sbclri_310_Start+14): 008b8a63 beq     s7,s0,800046ac
Info 'riscvOVPsim/cpu', 0x00000000800046ac(.l_sbseti_311_Start): 56bf3eb7 lui     t4,0x56bf3
Info   t4 4d0f14a3 -> 56bf3000
Info 'riscvOVPsim/cpu', 0x00000000800046b0(.l_sbseti_311_Start+4): 3f6e8e93 addi    t4,t4,1014
Info   t4 56bf3000 -> 56bf33f6
Info 'riscvOVPsim/cpu', 0x00000000800046b4(.l_sbseti_311_Start+8): 29fe9893 sbseti  a7,t4,31
Info   a7 1a0ed871 -> d6bf33f6
Info 'riscvOVPsim/cpu', 0x00000000800046b8(.l_sbseti_311_Start+c): d6bf3337 lui     t1,0xd6bf3
Info   t1 22403020 -> d6bf3000
Info 'riscvOVPsim/cpu', 0x00000000800046bc(.l_sbseti_311_Start+10): 3f630313 addi    t1,t1,1014
Info   t1 d6bf3000 -> d6bf33f6
Info 'riscvOVPsim/cpu', 0x00000000800046c0(.l_sbseti_311_Start+14): 00688a63 beq     a7,t1,800046d4
Info 'riscvOVPsim/cpu', 0x00000000800046d4(.l_sbinvi_312_Start): 2545a4b7 lui     s1,0x2545a
Info   s1 347b3fd3 -> 2545a000
Info 'riscvOVPsim/cpu', 0x00000000800046d8(.l_sbinvi_312_Start+4): 7c948493 addi    s1,s1,1993
Info   s1 2545a000 -> 2545a7c9
Info 'riscvOVPsim/cpu', 0x00000000800046dc(.l_sbinvi_312_Start+8): 6b149893 sbinvi  a7,s1,49
Info   a7 d6bf33f6 -> 2547a7c9
Info 'riscvOVPsim/cpu', 0x00000000800046e0(.l_sbinvi_312_Start+c): 2547a7b7 lui     a5,0x2547a
Info   a5 00000000 -> 2547a000
Info 'riscvOVPsim/cpu', 0x00000000800046e4(.l_sbinvi_312_Start+10): 7c978793 addi    a5,a5,1993
Info   a5 2547a000 -> 2547a7c9
Info 'riscvOVPsim/cpu', 0x00000000800046e8(.l_sbinvi_312_Start+14): 00f88a63 beq     a7,a5,800046fc
Info 'riscvOVPsim/cpu', 0x00000000800046fc(.l_sbexti_313_Start): 46e70237 lui     tp,0x46e70
Info   tp 7138b819 -> 46e70000
Info 'riscvOVPsim/cpu', 0x0000000080004700(.l_sbexti_313_Start+4): 11120213 addi    tp,tp,273
Info   tp 46e70000 -> 46e70111
Info 'riscvOVPsim/cpu', 0x0000000080004704(.l_sbexti_313_Start+8): 48625e13 sbexti  t3,tp,6
Info   t3 adf95fff -> 00000000
Info 'riscvOVPsim/cpu', 0x0000000080004708(.l_sbexti_313_Start+c): 00000a13 mv      s4,zero
Info   s4 6c4dfaa4 -> 00000000
Info 'riscvOVPsim/cpu', 0x000000008000470c(.l_sbexti_313_Start+10): 014e0a63 beq     t3,s4,80004720
Info 'riscvOVPsim/cpu', 0x0000000080004720(.l_grevi_314_Start): 09ae11b7 lui     gp,0x9ae1
Info   gp 3a849116 -> 09ae1000
Info 'riscvOVPsim/cpu', 0x0000000080004724(.l_grevi_314_Start+4): 33e18193 addi    gp,gp,830
Info   gp 09ae1000 -> 09ae133e
Info 'riscvOVPsim/cpu', 0x0000000080004728(.l_grevi_314_Start+8): 6961db93 grevi   s7,gp,22
Info   s7 53880228 -> c4bc60ba
Info 'riscvOVPsim/cpu', 0x000000008000472c(.l_grevi_314_Start+c): c4bc6637 lui     a2,0xc4bc6
Info   a2 3afa746f -> c4bc6000
Info 'riscvOVPsim/cpu', 0x0000000080004730(.l_grevi_314_Start+10): 0ba60613 addi    a2,a2,186
Info   a2 c4bc6000 -> c4bc60ba
Info 'riscvOVPsim/cpu', 0x0000000080004734(.l_grevi_314_Start+14): 00cb8a63 beq     s7,a2,80004748
Info 'riscvOVPsim/cpu', 0x0000000080004748(.l_cmix_315_Start): 73fbf0b7 lui     ra,0x73fbf
Info   ra 153b9d13 -> 73fbf000
Info 'riscvOVPsim/cpu', 0x000000008000474c(.l_cmix_315_Start+4): 33608093 addi    ra,ra,822
Info   ra 73fbf000 -> 73fbf336
Info 'riscvOVPsim/cpu', 0x0000000080004750(.l_cmix_315_Start+8): 6bed5f37 lui     t5,0x6bed5
Info   t5 53880228 -> 6bed5000
Info 'riscvOVPsim/cpu', 0x0000000080004754(.l_cmix_315_Start+c): a53f0f13 addi    t5,t5,-1453
Info   t5 6bed5000 -> 6bed4a53
Info 'riscvOVPsim/cpu', 0x0000000080004758(.l_cmix_315_Start+10): 127e6ab7 lui     s5,0x127e6
Info   s5 7f707a01 -> 127e6000
Info 'riscvOVPsim/cpu', 0x000000008000475c(.l_cmix_315_Start+14): 585a8a93 addi    s5,s5,1413
Info   s5 127e6000 -> 127e6585
Info 'riscvOVPsim/cpu', 0x0000000080004760(.l_cmix_315_Start+18): afe097b3 cmix    a5,ra,t5,s5
Info   a5 2547a7c9 -> 73fb6796
Info 'riscvOVPsim/cpu', 0x0000000080004764(.l_cmix_315_Start+1c): 73fb6e37 lui     t3,0x73fb6
Info   t3 00000000 -> 73fb6000
Info 'riscvOVPsim/cpu', 0x0000000080004768(.l_cmix_315_Start+20): 796e0e13 addi    t3,t3,1942
Info   t3 73fb6000 -> 73fb6796
Info 'riscvOVPsim/cpu', 0x000000008000476c(.l_cmix_315_Start+24): 01c78a63 beq     a5,t3,80004780
Info 'riscvOVPsim/cpu', 0x0000000080004780(.l_cmov_316_Start): 3b193db7 lui     s11,0x3b193
Info   s11 5badf95f -> 3b193000
Info 'riscvOVPsim/cpu', 0x0000000080004784(.l_cmov_316_Start+4): cfdd8d93 addi    s11,s11,-771
Info   s11 3b193000 -> 3b192cfd
Info 'riscvOVPsim/cpu', 0x0000000080004788(.l_cmov_316_Start+8): 2707eb37 lui     s6,0x2707e
Info   s6 fffffee2 -> 2707e000
Info 'riscvOVPsim/cpu', 0x000000008000478c(.l_cmov_316_Start+c): 622b0b13 addi    s6,s6,1570
Info   s6 2707e000 -> 2707e622
Info 'riscvOVPsim/cpu', 0x0000000080004790(.l_cmov_316_Start+10): 11acb637 lui     a2,0x11acb
Info   a2 c4bc60ba -> 11acb000
Info 'riscvOVPsim/cpu', 0x0000000080004794(.l_cmov_316_Start+14): b8c60613 addi    a2,a2,-1140
Info   a2 11acb000 -> 11acab8c
Info 'riscvOVPsim/cpu', 0x0000000080004798(.l_cmov_316_Start+18): 676dd733 cmov    a4,s11,s6,a2
Info   a4 1cb391d3 -> 3b192cfd
Info 'riscvOVPsim/cpu', 0x000000008000479c(.l_cmov_316_Start+1c): 3b1933b7 lui     t2,0x3b193
Info   t2 25f1c1c1 -> 3b193000
Info 'riscvOVPsim/cpu', 0x00000000800047a0(.l_cmov_316_Start+20): cfd38393 addi    t2,t2,-771
Info   t2 3b193000 -> 3b192cfd
Info 'riscvOVPsim/cpu', 0x00000000800047a4(.l_cmov_316_Start+24): 00770a63 beq     a4,t2,800047b8
Info 'riscvOVPsim/cpu', 0x00000000800047b8(.l_fsl_317_Start): 0ce419b7 lui     s3,0xce41
Info   s3 00000000 -> 0ce41000
Info 'riscvOVPsim/cpu', 0x00000000800047bc(.l_fsl_317_Start+4): c8098993 addi    s3,s3,-896
Info   s3 0ce41000 -> 0ce40c80
Info 'riscvOVPsim/cpu', 0x00000000800047c0(.l_fsl_317_Start+8): 4a227db7 lui     s11,0x4a227
Info   s11 3b192cfd -> 4a227000
Info 'riscvOVPsim/cpu', 0x00000000800047c4(.l_fsl_317_Start+c): c56d8d93 addi    s11,s11,-938
Info   s11 4a227000 -> 4a226c56
Info 'riscvOVPsim/cpu', 0x00000000800047c8(.l_fsl_317_Start+10): 3aeb7837 lui     a6,0x3aeb7
Info   a6 4d0f54a3 -> 3aeb7000
Info 'riscvOVPsim/cpu', 0x00000000800047cc(.l_fsl_317_Start+14): b4880813 addi    a6,a6,-1208
Info   a6 3aeb7000 -> 3aeb6b48
Info 'riscvOVPsim/cpu', 0x00000000800047d0(.l_fsl_317_Start+18): 85b993b3 fsl     t2,s3,s11,a6
Info   t2 3b192cfd -> 200ebada
Info 'riscvOVPsim/cpu', 0x00000000800047d4(.l_fsl_317_Start+1c): 200ec437 lui     s0,0x200ec
Info   s0 53880228 -> 200ec000
Info 'riscvOVPsim/cpu', 0x00000000800047d8(.l_fsl_317_Start+20): ada40413 addi    s0,s0,-1318
Info   s0 200ec000 -> 200ebada
Info 'riscvOVPsim/cpu', 0x00000000800047dc(.l_fsl_317_Start+24): 00838a63 beq     t2,s0,800047f0
Info 'riscvOVPsim/cpu', 0x00000000800047f0(.l_fsr_318_Start): 4cbed437 lui     s0,0x4cbed
Info   s0 200ebada -> 4cbed000
Info 'riscvOVPsim/cpu', 0x00000000800047f4(.l_fsr_318_Start+4): c2d40413 addi    s0,s0,-979
Info   s0 4cbed000 -> 4cbecc2d
Info 'riscvOVPsim/cpu', 0x00000000800047f8(.l_fsr_318_Start+8): 3cc29fb7 lui     t6,0x3cc29
Info   t6 97c3d4f7 -> 3cc29000
Info 'riscvOVPsim/cpu', 0x00000000800047fc(.l_fsr_318_Start+c): c6ef8f93 addi    t6,t6,-914
Info   t6 3cc29000 -> 3cc28c6e
Info 'riscvOVPsim/cpu', 0x0000000080004800(.l_fsr_318_Start+10): 68cbb7b7 lui     a5,0x68cbb
Info   a5 73fb6796 -> 68cbb000
Info 'riscvOVPsim/cpu', 0x0000000080004804(.l_fsr_318_Start+14): f2d78793 addi    a5,a5,-211
Info   a5 68cbb000 -> 68cbaf2d
Info 'riscvOVPsim/cpu', 0x0000000080004808(.l_fsr_318_Start+18): 7df45633 fsr     a2,s0,t6,a5
Info   a2 11acab8c -> 30b5a32e
Info 'riscvOVPsim/cpu', 0x000000008000480c(.l_fsr_318_Start+1c): 30b5a137 lui     sp,0x30b5a
Info   sp ed719a5c -> 30b5a000
Info 'riscvOVPsim/cpu', 0x0000000080004810(.l_fsr_318_Start+20): 32e10113 addi    sp,sp,814
Info   sp 30b5a000 -> 30b5a32e
Info 'riscvOVPsim/cpu', 0x0000000080004814(.l_fsr_318_Start+24): 00260a63 beq     a2,sp,80004828
Info 'riscvOVPsim/cpu', 0x0000000080004828(.l_fsri_319_Start): 618ed637 lui     a2,0x618ed
Info   a2 30b5a32e -> 618ed000
Info 'riscvOVPsim/cpu', 0x000000008000482c(.l_fsri_319_Start+4): 51660613 addi    a2,a2,1302
Info   a2 618ed000 -> 618ed516
Info 'riscvOVPsim/cpu', 0x0000000080004830(.l_fsri_319_Start+8): 5869e137 lui     sp,0x5869e
Info   sp 30b5a32e -> 5869e000
Info 'riscvOVPsim/cpu', 0x0000000080004834(.l_fsri_319_Start+c): d6d10113 addi    sp,sp,-659
Info   sp 5869e000 -> 5869dd6d
Info 'riscvOVPsim/cpu', 0x0000000080004838(.l_fsri_319_Start+10): 14865713 fsri    a4,a2,sp,8
Info   a4 3b192cfd -> 6d618ed5
Info 'riscvOVPsim/cpu', 0x000000008000483c(.l_fsri_319_Start+14): 6d619237 lui     tp,0x6d619
Info   tp 46e70111 -> 6d619000
Info 'riscvOVPsim/cpu', 0x0000000080004840(.l_fsri_319_Start+18): ed520213 addi    tp,tp,-299
Info   tp 6d619000 -> 6d618ed5
Info 'riscvOVPsim/cpu', 0x0000000080004844(.l_fsri_319_Start+1c): 00470a63 beq     a4,tp,80004858
Info 'riscvOVPsim/cpu', 0x0000000080004858(.l_clz_320_Start): 686f98b7 lui     a7,0x686f9
Info   a7 2547a7c9 -> 686f9000
Info 'riscvOVPsim/cpu', 0x000000008000485c(.l_clz_320_Start+4): 63d88893 addi    a7,a7,1597
Info   a7 686f9000 -> 686f963d
Info 'riscvOVPsim/cpu', 0x0000000080004860(.l_clz_320_Start+8): 60089893 clz     a7,a7
Info   a7 686f963d -> 00000001
Info 'riscvOVPsim/cpu', 0x0000000080004864(.l_clz_320_Start+c): 00100393 addi    t2,zero,1
Info   t2 200ebada -> 00000001
Info 'riscvOVPsim/cpu', 0x0000000080004868(.l_clz_320_Start+10): 00788a63 beq     a7,t2,8000487c
Info 'riscvOVPsim/cpu', 0x000000008000487c(.l_ctz_321_Start): 582340b7 lui     ra,0x58234
Info   ra 73fbf336 -> 58234000
Info 'riscvOVPsim/cpu', 0x0000000080004880(.l_ctz_321_Start+4): 0f808093 addi    ra,ra,248
Info   ra 58234000 -> 582340f8
Info 'riscvOVPsim/cpu', 0x0000000080004884(.l_ctz_321_Start+8): 60109613 ctz     a2,ra
Info   a2 618ed516 -> 00000003
Info 'riscvOVPsim/cpu', 0x0000000080004888(.l_ctz_321_Start+c): 00300813 addi    a6,zero,3
Info   a6 3aeb6b48 -> 00000003
Info 'riscvOVPsim/cpu', 0x000000008000488c(.l_ctz_321_Start+10): 01060a63 beq     a2,a6,800048a0
Info 'riscvOVPsim/cpu', 0x00000000800048a0(.l_pcnt_322_Start): 62e60937 lui     s2,0x62e60
Info   s2 c388d076 -> 62e60000
Info 'riscvOVPsim/cpu', 0x00000000800048a4(.l_pcnt_322_Start+4): d9990913 addi    s2,s2,-615
Info   s2 62e60000 -> 62e5fd99
Info 'riscvOVPsim/cpu', 0x00000000800048a8(.l_pcnt_322_Start+8): 60291413 pcnt    s0,s2
Info   s0 4cbecc2d -> 00000013
Info 'riscvOVPsim/cpu', 0x00000000800048ac(.l_pcnt_322_Start+c): 01300393 addi    t2,zero,19
Info   t2 00000001 -> 00000013
Info 'riscvOVPsim/cpu', 0x00000000800048b0(.l_pcnt_322_Start+10): 00740a63 beq     s0,t2,800048c4
Info 'riscvOVPsim/cpu', 0x00000000800048c4(.l_crc32_b_323_Start): 46ecaa37 lui     s4,0x46eca
Info   s4 00000000 -> 46eca000
Info 'riscvOVPsim/cpu', 0x00000000800048c8(.l_crc32_b_323_Start+4): 72aa0a13 addi    s4,s4,1834
Info   s4 46eca000 -> 46eca72a
Info 'riscvOVPsim/cpu', 0x00000000800048cc(.l_crc32_b_323_Start+8): 610a1113 crc32.b sp,s4
Info   sp 5869dd6d -> dbfd2571
Info 'riscvOVPsim/cpu', 0x00000000800048d0(.l_crc32_b_323_Start+c): dbfd2937 lui     s2,0xdbfd2
Info   s2 62e5fd99 -> dbfd2000
Info 'riscvOVPsim/cpu', 0x00000000800048d4(.l_crc32_b_323_Start+10): 57190913 addi    s2,s2,1393
Info   s2 dbfd2000 -> dbfd2571
Info 'riscvOVPsim/cpu', 0x00000000800048d8(.l_crc32_b_323_Start+14): 01210a63 beq     sp,s2,800048ec
Info 'riscvOVPsim/cpu', 0x00000000800048ec(.l_crc32_h_324_Start): 5d603bb7 lui     s7,0x5d603
Info   s7 c4bc60ba -> 5d603000
Info 'riscvOVPsim/cpu', 0x00000000800048f0(.l_crc32_h_324_Start+4): 510b8b93 addi    s7,s7,1296
Info   s7 5d603000 -> 5d603510
Info 'riscvOVPsim/cpu', 0x00000000800048f4(.l_crc32_h_324_Start+8): 611b9013 crc32.h zero,s7
Info 'riscvOVPsim/cpu', 0x00000000800048f8(.l_crc32_h_324_Start+c): 00000113 mv      sp,zero
Info   sp dbfd2571 -> 00000000
Info 'riscvOVPsim/cpu', 0x00000000800048fc(.l_crc32_h_324_Start+10): 00200a63 beq     zero,sp,80004910
Info 'riscvOVPsim/cpu', 0x0000000080004910(.l_crc32_w_325_Start): 6b2bcb37 lui     s6,0x6b2bc
Info   s6 2707e622 -> 6b2bc000
Info 'riscvOVPsim/cpu', 0x0000000080004914(.l_crc32_w_325_Start+4): 8c2b0b13 addi    s6,s6,-1854
Info   s6 6b2bc000 -> 6b2bb8c2
Info 'riscvOVPsim/cpu', 0x0000000080004918(.l_crc32_w_325_Start+8): 612b1a93 crc32.w s5,s6
Info   s5 127e6585 -> bb19cc9c
Info 'riscvOVPsim/cpu', 0x000000008000491c(.l_crc32_w_325_Start+c): bb19d837 lui     a6,0xbb19d
Info   a6 00000003 -> bb19d000
Info 'riscvOVPsim/cpu', 0x0000000080004920(.l_crc32_w_325_Start+10): c9c80813 addi    a6,a6,-868
Info   a6 bb19d000 -> bb19cc9c
Info 'riscvOVPsim/cpu', 0x0000000080004924(.l_crc32_w_325_Start+14): 010a8a63 beq     s5,a6,80004938
Info 'riscvOVPsim/cpu', 0x0000000080004938(.l_crc32c_b_326_Start): 58be6537 lui     a0,0x58be6
Info   a0 adf95fff -> 58be6000
Info 'riscvOVPsim/cpu', 0x000000008000493c(.l_crc32c_b_326_Start+4): 6cd50513 addi    a0,a0,1741
Info   a0 58be6000 -> 58be66cd
Info 'riscvOVPsim/cpu', 0x0000000080004940(.l_crc32c_b_326_Start+8): 61851293 crc32c.b t0,a0
Info   t0 00000000 -> 7cfdd471
Info 'riscvOVPsim/cpu', 0x0000000080004944(.l_crc32c_b_326_Start+c): 7cfdd637 lui     a2,0x7cfdd
Info   a2 00000003 -> 7cfdd000
Info 'riscvOVPsim/cpu', 0x0000000080004948(.l_crc32c_b_326_Start+10): 47160613 addi    a2,a2,1137
Info   a2 7cfdd000 -> 7cfdd471
Info 'riscvOVPsim/cpu', 0x000000008000494c(.l_crc32c_b_326_Start+14): 00c28a63 beq     t0,a2,80004960
Info 'riscvOVPsim/cpu', 0x0000000080004960(.l_crc32c_h_327_Start): 4b858db7 lui     s11,0x4b858
Info   s11 4a226c56 -> 4b858000
Info 'riscvOVPsim/cpu', 0x0000000080004964(.l_crc32c_h_327_Start+4): 29ed8d93 addi    s11,s11,670
Info   s11 4b858000 -> 4b85829e
Info 'riscvOVPsim/cpu', 0x0000000080004968(.l_crc32c_h_327_Start+8): 619d9693 crc32c.h a3,s11
Info   a3 00000000 -> 531099f8
Info 'riscvOVPsim/cpu', 0x000000008000496c(.l_crc32c_h_327_Start+c): 5310a537 lui     a0,0x5310a
Info   a0 58be66cd -> 5310a000
Info 'riscvOVPsim/cpu', 0x0000000080004970(.l_crc32c_h_327_Start+10): 9f850513 addi    a0,a0,-1544
Info   a0 5310a000 -> 531099f8
Info 'riscvOVPsim/cpu', 0x0000000080004974(.l_crc32c_h_327_Start+14): 00a68a63 beq     a3,a0,80004988
Info 'riscvOVPsim/cpu', 0x0000000080004988(.l_crc32c_w_328_Start): 29d6df37 lui     t5,0x29d6d
Info   t5 6bed4a53 -> 29d6d000
Info 'riscvOVPsim/cpu', 0x000000008000498c(.l_crc32c_w_328_Start+4): f99f0f13 addi    t5,t5,-103
Info   t5 29d6d000 -> 29d6cf99
Info 'riscvOVPsim/cpu', 0x0000000080004990(.l_crc32c_w_328_Start+8): 61af1613 crc32c.w a2,t5
Info   a2 7cfdd471 -> 9af7d536
Info 'riscvOVPsim/cpu', 0x0000000080004994(.l_crc32c_w_328_Start+c): 9af7d6b7 lui     a3,0x9af7d
Info   a3 531099f8 -> 9af7d000
Info 'riscvOVPsim/cpu', 0x0000000080004998(.l_crc32c_w_328_Start+10): 53668693 addi    a3,a3,1334
Info   a3 9af7d000 -> 9af7d536
Info 'riscvOVPsim/cpu', 0x000000008000499c(.l_crc32c_w_328_Start+14): 00d60a63 beq     a2,a3,800049b0
Info 'riscvOVPsim/cpu', 0x00000000800049b0(.l_clmul_329_Start): 6c7bad37 lui     s10,0x6c7ba
Info   s10 3b24f23c -> 6c7ba000
Info 'riscvOVPsim/cpu', 0x00000000800049b4(.l_clmul_329_Start+4): 46cd0d13 addi    s10,s10,1132
Info   s10 6c7ba000 -> 6c7ba46c
Info 'riscvOVPsim/cpu', 0x00000000800049b8(.l_clmul_329_Start+8): 7ac3b8b7 lui     a7,0x7ac3b
Info   a7 00000001 -> 7ac3b000
Info 'riscvOVPsim/cpu', 0x00000000800049bc(.l_clmul_329_Start+c): a4588893 addi    a7,a7,-1467
Info   a7 7ac3b000 -> 7ac3aa45
Info 'riscvOVPsim/cpu', 0x00000000800049c0(.l_clmul_329_Start+10): b1d1033 clmul   zero,s10,a7
Info 'riscvOVPsim/cpu', 0x00000000800049c4(.l_clmul_329_Start+14): 00000513 mv      a0,zero
Info   a0 531099f8 -> 00000000
Info 'riscvOVPsim/cpu', 0x00000000800049c8(.l_clmul_329_Start+18): 00a00a63 beq     zero,a0,800049dc
Info 'riscvOVPsim/cpu', 0x00000000800049dc(.l_clmulr_330_Start): 3f6987b7 lui     a5,0x3f698
Info   a5 68cbaf2d -> 3f698000
Info 'riscvOVPsim/cpu', 0x00000000800049e0(.l_clmulr_330_Start+4): 77978793 addi    a5,a5,1913
Info   a5 3f698000 -> 3f698779
Info 'riscvOVPsim/cpu', 0x00000000800049e4(.l_clmulr_330_Start+8): 2abd1cb7 lui     s9,0x2abd1
Info   s9 3b24f23c -> 2abd1000
Info 'riscvOVPsim/cpu', 0x00000000800049e8(.l_clmulr_330_Start+c): c5ac8c93 addi    s9,s9,-934
Info   s9 2abd1000 -> 2abd0c5a
Info 'riscvOVPsim/cpu', 0x00000000800049ec(.l_clmulr_330_Start+10): b1d1033 clmul   zero,s10,a7
Info   ra 582340f8 -> 0ce47073
Info 'riscvOVPsim/cpu', 0x00000000800049f0(.l_clmulr_330_Start+14): 0ce475b7 lui     a1,0xce47
Info   a1 3c339a47 -> 0ce47000
Info 'riscvOVPsim/cpu', 0x00000000800049f4(.l_clmulr_330_Start+18): 07358593 addi    a1,a1,115
Info   a1 0ce47000 -> 0ce47073
Info 'riscvOVPsim/cpu', 0x00000000800049f8(.l_clmulr_330_Start+1c): 00b08a63 beq     ra,a1,80004a0c
Info 'riscvOVPsim/cpu', 0x0000000080004a0c(.l_clmulh_331_Start): 7726f1b7 lui     gp,0x7726f
Info   gp 09ae133e -> 7726f000
Info 'riscvOVPsim/cpu', 0x0000000080004a10(.l_clmulh_331_Start+4): 87918193 addi    gp,gp,-1927
Info   gp 7726f000 -> 7726e879
Info 'riscvOVPsim/cpu', 0x0000000080004a14(.l_clmulh_331_Start+8): 22400537 lui     a0,0x22400
Info   a0 00000000 -> 22400000
Info 'riscvOVPsim/cpu', 0x0000000080004a18(.l_clmulh_331_Start+c): 2e850513 addi    a0,a0,744
Info   a0 22400000 -> 224002e8
Info 'riscvOVPsim/cpu', 0x0000000080004a1c(.l_clmulh_331_Start+10): aa1b433 clmulh  s0,gp,a0
Info   s0 00000013 -> 0e1759a0
Info 'riscvOVPsim/cpu', 0x0000000080004a20(.l_clmulh_331_Start+14): 0e176237 lui     tp,0xe176
Info   tp 6d618ed5 -> 0e176000
Info 'riscvOVPsim/cpu', 0x0000000080004a24(.l_clmulh_331_Start+18): 9a020213 addi    tp,tp,-1632
Info   tp 0e176000 -> 0e1759a0
Info 'riscvOVPsim/cpu', 0x0000000080004a28(.l_clmulh_331_Start+1c): 00440a63 beq     s0,tp,80004a3c
Info 'riscvOVPsim/cpu', 0x0000000080004a3c(.l_min_332_Start): 62b84f37 lui     t5,0x62b84
Info   t5 29d6cf99 -> 62b84000
Info 'riscvOVPsim/cpu', 0x0000000080004a40(.l_min_332_Start+4): e2bf0f13 addi    t5,t5,-469
Info   t5 62b84000 -> 62b83e2b
Info 'riscvOVPsim/cpu', 0x0000000080004a44(.l_min_332_Start+8): 42615937 lui     s2,0x42615
Info   s2 dbfd2571 -> 42615000
Info 'riscvOVPsim/cpu', 0x0000000080004a48(.l_min_332_Start+c): 7df90913 addi    s2,s2,2015
Info   s2 42615000 -> 426157df
Info 'riscvOVPsim/cpu', 0x0000000080004a4c(.l_min_332_Start+10): b2f4033 min     zero,t5,s2
Info 'riscvOVPsim/cpu', 0x0000000080004a50(.l_min_332_Start+14): 00000193 mv      gp,zero
Info   gp 7726e879 -> 00000000
Info 'riscvOVPsim/cpu', 0x0000000080004a54(.l_min_332_Start+18): 00300a63 beq     zero,gp,80004a68
Info 'riscvOVPsim/cpu', 0x0000000080004a68(.l_max_333_Start): 41dbf337 lui     t1,0x41dbf
Info   t1 d6bf33f6 -> 41dbf000
Info 'riscvOVPsim/cpu', 0x0000000080004a6c(.l_max_333_Start+4): 35830313 addi    t1,t1,856
Info   t1 41dbf000 -> 41dbf358
Info 'riscvOVPsim/cpu', 0x0000000080004a70(.l_max_333_Start+8): 643a5eb7 lui     t4,0x643a5
Info   t4 56bf33f6 -> 643a5000
Info 'riscvOVPsim/cpu', 0x0000000080004a74(.l_max_333_Start+c): 7e6e8e93 addi    t4,t4,2022
Info   t4 643a5000 -> 643a57e6
Info 'riscvOVPsim/cpu', 0x0000000080004a78(.l_max_333_Start+10): bd35033 max     zero,t1,t4
Info 'riscvOVPsim/cpu', 0x0000000080004a7c(.l_max_333_Start+14): 00000993 mv      s3,zero
Info   s3 0ce40c80 -> 00000000
Info 'riscvOVPsim/cpu', 0x0000000080004a80(.l_max_333_Start+18): 01300a63 beq     zero,s3,80004a94
Info 'riscvOVPsim/cpu', 0x0000000080004a94(.l_minu_334_Start): 71c43937 lui     s2,0x71c43
Info   s2 426157df -> 71c43000
Info 'riscvOVPsim/cpu', 0x0000000080004a98(.l_minu_334_Start+4): cff90913 addi    s2,s2,-769
Info   s2 71c43000 -> 71c42cff
Info 'riscvOVPsim/cpu', 0x0000000080004a9c(.l_minu_334_Start+8): 60f81bb7 lui     s7,0x60f81
Info   s7 5d603510 -> 60f81000
Info 'riscvOVPsim/cpu', 0x0000000080004aa0(.l_minu_334_Start+c): 2bdb8b93 addi    s7,s7,701
Info   s7 60f81000 -> 60f812bd
Info 'riscvOVPsim/cpu', 0x0000000080004aa4(.l_minu_334_Start+10): b796233 minu    tp,s2,s7
Info   tp 0e1759a0 -> 60f812bd
Info 'riscvOVPsim/cpu', 0x0000000080004aa8(.l_minu_334_Start+14): 60f810b7 lui     ra,0x60f81
Info   ra 0ce47073 -> 60f81000
Info 'riscvOVPsim/cpu', 0x0000000080004aac(.l_minu_334_Start+18): 2bd08093 addi    ra,ra,701
Info   ra 60f81000 -> 60f812bd
Info 'riscvOVPsim/cpu', 0x0000000080004ab0(.l_minu_334_Start+1c): 00120a63 beq     tp,ra,80004ac4
Info 'riscvOVPsim/cpu', 0x0000000080004ac4(.l_maxu_335_Start): 29aa9737 lui     a4,0x29aa9
Info   a4 6d618ed5 -> 29aa9000
Info 'riscvOVPsim/cpu', 0x0000000080004ac8(.l_maxu_335_Start+4): 4c770713 addi    a4,a4,1223
Info   a4 29aa9000 -> 29aa94c7
Info 'riscvOVPsim/cpu', 0x0000000080004acc(.l_maxu_335_Start+8): 0c267b37 lui     s6,0xc267
Info   s6 6b2bb8c2 -> 0c267000
Info 'riscvOVPsim/cpu', 0x0000000080004ad0(.l_maxu_335_Start+c): f90b0b13 addi    s6,s6,-112
Info   s6 0c267000 -> 0c266f90
Info 'riscvOVPsim/cpu', 0x0000000080004ad4(.l_maxu_335_Start+10): b677733 maxu    a4,a4,s6
Info 'riscvOVPsim/cpu', 0x0000000080004ad8(.l_maxu_335_Start+14): 29aa91b7 lui     gp,0x29aa9
Info   gp 00000000 -> 29aa9000
Info 'riscvOVPsim/cpu', 0x0000000080004adc(.l_maxu_335_Start+18): 4c718193 addi    gp,gp,1223
Info   gp 29aa9000 -> 29aa94c7
Info 'riscvOVPsim/cpu', 0x0000000080004ae0(.l_maxu_335_Start+1c): 00370a63 beq     a4,gp,80004af4
Info 'riscvOVPsim/cpu', 0x0000000080004af4(.l_shfl_336_Start): 15ba5537 lui     a0,0x15ba5
Info   a0 224002e8 -> 15ba5000
Info 'riscvOVPsim/cpu', 0x0000000080004af8(.l_shfl_336_Start+4): f2450513 addi    a0,a0,-220
Info   a0 15ba5000 -> 15ba4f24
Info 'riscvOVPsim/cpu', 0x0000000080004afc(.l_shfl_336_Start+8): 3683bd37 lui     s10,0x3683b
Info   s10 6c7ba46c -> 3683b000
Info 'riscvOVPsim/cpu', 0x0000000080004b00(.l_shfl_336_Start+c): 3e2d0d13 addi    s10,s10,994
Info   s10 3683b000 -> 3683b3e2
Info 'riscvOVPsim/cpu', 0x0000000080004b04(.l_shfl_336_Start+10): 9a51433 shfl    s0,a0,s10
Info   s0 0e1759a0 -> 15ae7318
Info 'riscvOVPsim/cpu', 0x0000000080004b08(.l_shfl_336_Start+14): 15ae7db7 lui     s11,0x15ae7
Info   s11 4b85829e -> 15ae7000
Info 'riscvOVPsim/cpu', 0x0000000080004b0c(.l_shfl_336_Start+18): 318d8d93 addi    s11,s11,792
Info   s11 15ae7000 -> 15ae7318
Info 'riscvOVPsim/cpu', 0x0000000080004b10(.l_shfl_336_Start+1c): 01b40a63 beq     s0,s11,80004b24
Info 'riscvOVPsim/cpu', 0x0000000080004b24(.l_unshfl_337_Start): 07e7c137 lui     sp,0x7e7c
Info   sp 00000000 -> 07e7c000
Info 'riscvOVPsim/cpu', 0x0000000080004b28(.l_unshfl_337_Start+4): 51410113 addi    sp,sp,1300
Info   sp 07e7c000 -> 07e7c514
Info 'riscvOVPsim/cpu', 0x0000000080004b2c(.l_unshfl_337_Start+8): 67f5dab7 lui     s5,0x67f5d
Info   s5 bb19cc9c -> 67f5d000
Info 'riscvOVPsim/cpu', 0x0000000080004b30(.l_unshfl_337_Start+c): baca8a93 addi    s5,s5,-1108
Info   s5 67f5d000 -> 67f5cbac
Info 'riscvOVPsim/cpu', 0x0000000080004b34(.l_unshfl_337_Start+10): 9515333 unshfl  t1,sp,s5
Info   t1 41dbf358 -> 0ec17754
Info 'riscvOVPsim/cpu', 0x0000000080004b38(.l_unshfl_337_Start+14): 0ec17737 lui     a4,0xec17
Info   a4 29aa94c7 -> 0ec17000
Info 'riscvOVPsim/cpu', 0x0000000080004b3c(.l_unshfl_337_Start+18): 75470713 addi    a4,a4,1876
Info   a4 0ec17000 -> 0ec17754
Info 'riscvOVPsim/cpu', 0x0000000080004b40(.l_unshfl_337_Start+1c): 00e30a63 beq     t1,a4,80004b54
Info 'riscvOVPsim/cpu', 0x0000000080004b54(.l_bdep_338_Start): 57aa9937 lui     s2,0x57aa9
Info   s2 71c42cff -> 57aa9000
Info 'riscvOVPsim/cpu', 0x0000000080004b58(.l_bdep_338_Start+4): 2ea90913 addi    s2,s2,746
Info   s2 57aa9000 -> 57aa92ea
Info 'riscvOVPsim/cpu', 0x0000000080004b5c(.l_bdep_338_Start+8): 0693bcb7 lui     s9,0x693b
Info   s9 2abd0c5a -> 0693b000
Info 'riscvOVPsim/cpu', 0x0000000080004b60(.l_bdep_338_Start+c): bdfc8c93 addi    s9,s9,-1057
Info   s9 0693b000 -> 0693abdf
Info 'riscvOVPsim/cpu', 0x0000000080004b64(.l_bdep_338_Start+10): 9992a33 bdep    s4,s2,s9
Info   s4 46eca72a -> 048109ca
Info 'riscvOVPsim/cpu', 0x0000000080004b68(.l_bdep_338_Start+14): 04811137 lui     sp,0x4811
Info   sp 07e7c514 -> 04811000
Info 'riscvOVPsim/cpu', 0x0000000080004b6c(.l_bdep_338_Start+18): 9ca10113 addi    sp,sp,-1590
Info   sp 04811000 -> 048109ca
Info 'riscvOVPsim/cpu', 0x0000000080004b70(.l_bdep_338_Start+1c): 002a0a63 beq     s4,sp,80004b84
Info 'riscvOVPsim/cpu', 0x0000000080004b84(.l_bext_339_Start): 4eb75eb7 lui     t4,0x4eb75
Info   t4 643a57e6 -> 4eb75000
Info 'riscvOVPsim/cpu', 0x0000000080004b88(.l_bext_339_Start+4): 87ce8e93 addi    t4,t4,-1924
Info   t4 4eb75000 -> 4eb7487c
Info 'riscvOVPsim/cpu', 0x0000000080004b8c(.l_bext_339_Start+8): 4dc02bb7 lui     s7,0x4dc02
Info   s7 60f812bd -> 4dc02000
Info 'riscvOVPsim/cpu', 0x0000000080004b90(.l_bext_339_Start+c): 714b8b93 addi    s7,s7,1812
Info   s7 4dc02000 -> 4dc02714
Info 'riscvOVPsim/cpu', 0x0000000080004b94(.l_bext_339_Start+10): 97eeeb3 bext    t4,t4,s7
Info   t4 4eb7487c -> 00000e83
Info 'riscvOVPsim/cpu', 0x0000000080004b98(.l_bext_339_Start+14): 00001c37 lui     s8,0x1
Info   s8 3b24f23c -> 00001000
Info 'riscvOVPsim/cpu', 0x0000000080004b9c(.l_bext_339_Start+18): e83c0c13 addi    s8,s8,-381
Info   s8 00001000 -> 00000e83
Info 'riscvOVPsim/cpu', 0x0000000080004ba0(.l_bext_339_Start+1c): 018e8a63 beq     t4,s8,80004bb4
Info 'riscvOVPsim/cpu', 0x0000000080004bb4(.l_pack_340_Start): 62a2f537 lui     a0,0x62a2f
Info   a0 15ba4f24 -> 62a2f000
Info 'riscvOVPsim/cpu', 0x0000000080004bb8(.l_pack_340_Start+4): a9150513 addi    a0,a0,-1391
Info   a0 62a2f000 -> 62a2ea91
Info 'riscvOVPsim/cpu', 0x0000000080004bbc(.l_pack_340_Start+8): 62a2f537 lui     a0,0x62a2f
Info   a0 62a2ea91 -> 62a2f000
Info 'riscvOVPsim/cpu', 0x0000000080004bc0(.l_pack_340_Start+c): a9150513 addi    a0,a0,-1391
Info   a0 62a2f000 -> 62a2ea91
Info 'riscvOVPsim/cpu', 0x0000000080004bc4(.l_pack_340_Start+10): 08a54c33 undef
Info   s8 00000e83 -> ea91ea91
Info 'riscvOVPsim/cpu', 0x0000000080004bc8(.l_pack_340_Start+14): ea91f8b7 lui     a7,0xea91f
Info   a7 7ac3aa45 -> ea91f000
Info 'riscvOVPsim/cpu', 0x0000000080004bcc(.l_pack_340_Start+18): a9188893 addi    a7,a7,-1391
Info   a7 ea91f000 -> ea91ea91
Info 'riscvOVPsim/cpu', 0x0000000080004bd0(.l_pack_340_Start+1c): 011c0a63 beq     s8,a7,80004be4
Info 'riscvOVPsim/cpu', 0x0000000080004be4(.l_bfp_341_Start): 16f0ae37 lui     t3,0x16f0a
Info   t3 73fb6796 -> 16f0a000
Info 'riscvOVPsim/cpu', 0x0000000080004be8(.l_bfp_341_Start+4): 060e0e13 addi    t3,t3,96
Info   t3 16f0a000 -> 16f0a060
Info 'riscvOVPsim/cpu', 0x0000000080004bec(.l_bfp_341_Start+8): 06176ab7 lui     s5,0x6176
Info   s5 67f5cbac -> 06176000
Info 'riscvOVPsim/cpu', 0x0000000080004bf0(.l_bfp_341_Start+c): eb8a8a93 addi    s5,s5,-328
Info   s5 06176000 -> 06175eb8
Info 'riscvOVPsim/cpu', 0x0000000080004bf4(.l_bfp_341_Start+10): 95e7033 bfp     zero,t3,s5
Info 'riscvOVPsim/cpu', 0x0000000080004bf8(.l_bfp_341_Start+14): 00000213 mv      tp,zero
Info   tp 60f812bd -> 00000000
Info 'riscvOVPsim/cpu', 0x0000000080004bfc(.l_bfp_341_Start+18): 00400a63 beq     zero,tp,80004c10
Info 'riscvOVPsim/cpu', 0x0000000080004c10(.l_shfli_342_Start): 39113137 lui     sp,0x39113
Info   sp 048109ca -> 39113000
Info 'riscvOVPsim/cpu', 0x0000000080004c14(.l_shfli_342_Start+4): b9010113 addi    sp,sp,-1136
Info   sp 39113000 -> 39112b90
Info 'riscvOVPsim/cpu', 0x0000000080004c18(.l_shfli_342_Start+8): ad11613 shfli   a2,sp,45
Info   a2 9af7d536 -> 549d1910
Info 'riscvOVPsim/cpu', 0x0000000080004c1c(.l_shfli_342_Start+c): 549d2437 lui     s0,0x549d2
Info   s0 15ae7318 -> 549d2000
Info 'riscvOVPsim/cpu', 0x0000000080004c20(.l_shfli_342_Start+10): 91040413 addi    s0,s0,-1776
Info   s0 549d2000 -> 549d1910
Info 'riscvOVPsim/cpu', 0x0000000080004c24(.l_shfli_342_Start+14): 00860a63 beq     a2,s0,80004c38
Info 'riscvOVPsim/cpu', 0x0000000080004c38(.l_unshfli_343_Start): 12f962b7 lui     t0,0x12f96
Info   t0 7cfdd471 -> 12f96000
Info 'riscvOVPsim/cpu', 0x0000000080004c3c(.l_unshfli_343_Start+4): 2fe28293 addi    t0,t0,766
Info   t0 12f96000 -> 12f962fe
Info 'riscvOVPsim/cpu', 0x0000000080004c40(.l_unshfli_343_Start+8): a42d093 unshfli ra,t0,36
Info   ra 60f812bd -> 1f296f2e
Info 'riscvOVPsim/cpu', 0x0000000080004c44(.l_unshfli_343_Start+c): 1f297c37 lui     s8,0x1f297
Info   s8 ea91ea91 -> 1f297000
Info 'riscvOVPsim/cpu', 0x0000000080004c48(.l_unshfli_343_Start+10): f2ec0c13 addi    s8,s8,-210
Info   s8 1f297000 -> 1f296f2e
Info 'riscvOVPsim/cpu', 0x0000000080004c4c(.l_unshfli_343_Start+14): 01808a63 beq     ra,s8,80004c60
Info 'riscvOVPsim/cpu', 0x0000000080004c60(.l_andn_344_Start): 1df1ef37 lui     t5,0x1df1e
Info   t5 62b83e2b -> 1df1e000
Info 'riscvOVPsim/cpu', 0x0000000080004c64(.l_andn_344_Start+4): efbf0f13 addi    t5,t5,-261
Info   t5 1df1e000 -> 1df1defb
Info 'riscvOVPsim/cpu', 0x0000000080004c68(.l_andn_344_Start+8): 1df1ef37 lui     t5,0x1df1e
Info   t5 1df1defb -> 1df1e000
Info 'riscvOVPsim/cpu', 0x0000000080004c6c(.l_andn_344_Start+c): efbf0f13 addi    t5,t5,-261
Info   t5 1df1e000 -> 1df1defb
Info 'riscvOVPsim/cpu', 0x0000000080004c70(.l_andn_344_Start+10): 41ef7eb3 andn    t4,t5,t5
Info   t4 00000e83 -> 00000000
Info 'riscvOVPsim/cpu', 0x0000000080004c74(.l_andn_344_Start+14): 00000993 mv      s3,zero
Info 'riscvOVPsim/cpu', 0x0000000080004c78(.l_andn_344_Start+18): 013e8a63 beq     t4,s3,80004c8c
Info 'riscvOVPsim/cpu', 0x0000000080004c8c(.l_orn_345_Start): 25a18bb7 lui     s7,0x25a18
Info   s7 4dc02714 -> 25a18000
Info 'riscvOVPsim/cpu', 0x0000000080004c90(.l_orn_345_Start+4): d41b8b93 addi    s7,s7,-703
Info   s7 25a18000 -> 25a17d41
Info 'riscvOVPsim/cpu', 0x0000000080004c94(.l_orn_345_Start+8): 033ed4b7 lui     s1,0x33ed
Info   s1 2545a7c9 -> 033ed000
Info 'riscvOVPsim/cpu', 0x0000000080004c98(.l_orn_345_Start+c): 49348493 addi    s1,s1,1171
Info   s1 033ed000 -> 033ed493
Info 'riscvOVPsim/cpu', 0x0000000080004c9c(.l_orn_345_Start+10): 409be233 orn     tp,s7,s1
Info   tp 00000000 -> fde17f6d
Info 'riscvOVPsim/cpu', 0x0000000080004ca0(.l_orn_345_Start+14): fde18b37 lui     s6,0xfde18
Info   s6 0c266f90 -> fde18000
Info 'riscvOVPsim/cpu', 0x0000000080004ca4(.l_orn_345_Start+18): f6db0b13 addi    s6,s6,-147
Info   s6 fde18000 -> fde17f6d
Info 'riscvOVPsim/cpu', 0x0000000080004ca8(.l_orn_345_Start+1c): 01620a63 beq     tp,s6,80004cbc
Info 'riscvOVPsim/cpu', 0x0000000080004cbc(.l_xnor_346_Start): 097ac937 lui     s2,0x97ac
Info   s2 57aa92ea -> 097ac000
Info 'riscvOVPsim/cpu', 0x0000000080004cc0(.l_xnor_346_Start+4): 90e90913 addi    s2,s2,-1778
Info   s2 097ac000 -> 097ab90e
Info 'riscvOVPsim/cpu', 0x0000000080004cc4(.l_xnor_346_Start+8): 0e228737 lui     a4,0xe228
Info   a4 0ec17754 -> 0e228000
Info 'riscvOVPsim/cpu', 0x0000000080004cc8(.l_xnor_346_Start+c): 94470713 addi    a4,a4,-1724
Info   a4 0e228000 -> 0e227944
Info 'riscvOVPsim/cpu', 0x0000000080004ccc(.l_xnor_346_Start+10): 40e94a33 xnor    s4,s2,a4
Info   s4 048109ca -> f8a73fb5
Info 'riscvOVPsim/cpu', 0x0000000080004cd0(.l_xnor_346_Start+14): f8a747b7 lui     a5,0xf8a74
Info   a5 3f698779 -> f8a74000
Info 'riscvOVPsim/cpu', 0x0000000080004cd4(.l_xnor_346_Start+18): fb578793 addi    a5,a5,-75
Info   a5 f8a74000 -> f8a73fb5
Info 'riscvOVPsim/cpu', 0x0000000080004cd8(.l_xnor_346_Start+1c): 00fa0a63 beq     s4,a5,80004cec
Info 'riscvOVPsim/cpu', 0x0000000080004cec(.l_slo_347_Start): 57102737 lui     a4,0x57102
Info   a4 0e227944 -> 57102000
Info 'riscvOVPsim/cpu', 0x0000000080004cf0(.l_slo_347_Start+4): 05170713 addi    a4,a4,81
Info   a4 57102000 -> 57102051
Info 'riscvOVPsim/cpu', 0x0000000080004cf4(.l_slo_347_Start+8): 5fd7ae37 lui     t3,0x5fd7a
Info   t3 16f0a060 -> 5fd7a000
Info 'riscvOVPsim/cpu', 0x0000000080004cf8(.l_slo_347_Start+c): 3e9e0e13 addi    t3,t3,1001
Info   t3 5fd7a000 -> 5fd7a3e9
Info 'riscvOVPsim/cpu', 0x0000000080004cfc(.l_slo_347_Start+10): 21c71d33 slo     s10,a4,t3
Info   s10 3683b3e2 -> 2040a3ff
Info 'riscvOVPsim/cpu', 0x0000000080004d00(.l_slo_347_Start+14): 2040a237 lui     tp,0x2040a
Info   tp fde17f6d -> 2040a000
Info 'riscvOVPsim/cpu', 0x0000000080004d04(.l_slo_347_Start+18): 3ff20213 addi    tp,tp,1023
Info   tp 2040a000 -> 2040a3ff
Info 'riscvOVPsim/cpu', 0x0000000080004d08(.l_slo_347_Start+1c): 004d0a63 beq     s10,tp,80004d1c
Info 'riscvOVPsim/cpu', 0x0000000080004d1c(.l_sro_348_Start): 5f7f60b7 lui     ra,0x5f7f6
Info   ra 1f296f2e -> 5f7f6000
Info 'riscvOVPsim/cpu', 0x0000000080004d20(.l_sro_348_Start+4): e8608093 addi    ra,ra,-378
Info   ra 5f7f6000 -> 5f7f5e86
Info 'riscvOVPsim/cpu', 0x0000000080004d24(.l_sro_348_Start+8): 1cb16537 lui     a0,0x1cb16
Info   a0 62a2ea91 -> 1cb16000
Info 'riscvOVPsim/cpu', 0x0000000080004d28(.l_sro_348_Start+c): 57e50513 addi    a0,a0,1406
Info   a0 1cb16000 -> 1cb1657e
Info 'riscvOVPsim/cpu', 0x0000000080004d2c(.l_sro_348_Start+10): 20a0dfb3 sro     t6,ra,a0
Info   t6 3cc28c6e -> fffffffd
Info 'riscvOVPsim/cpu', 0x0000000080004d30(.l_sro_348_Start+14): ffd00713 addi    a4,zero,-3
Info   a4 57102051 -> fffffffd
Info 'riscvOVPsim/cpu', 0x0000000080004d34(.l_sro_348_Start+18): 00ef8a63 beq     t6,a4,80004d48
Info 'riscvOVPsim/cpu', 0x0000000080004d48(.l_rol_349_Start): 1a5fc1b7 lui     gp,0x1a5fc
Info   gp 29aa94c7 -> 1a5fc000
Info 'riscvOVPsim/cpu', 0x0000000080004d4c(.l_rol_349_Start+4): 05d18193 addi    gp,gp,93
Info   gp 1a5fc000 -> 1a5fc05d
Info 'riscvOVPsim/cpu', 0x0000000080004d50(.l_rol_349_Start+8): 7ba20e37 lui     t3,0x7ba20
Info   t3 5fd7a3e9 -> 7ba20000
Info 'riscvOVPsim/cpu', 0x0000000080004d54(.l_rol_349_Start+c): 7f7e0e13 addi    t3,t3,2039
Info   t3 7ba20000 -> 7ba207f7
Info 'riscvOVPsim/cpu', 0x0000000080004d58(.l_rol_349_Start+10): 61c191b3 rol     gp,gp,t3
Info   gp 1a5fc05d -> 2e8d2fe0
Info 'riscvOVPsim/cpu', 0x0000000080004d5c(.l_rol_349_Start+14): 2e8d30b7 lui     ra,0x2e8d3
Info   ra 5f7f5e86 -> 2e8d3000
Info 'riscvOVPsim/cpu', 0x0000000080004d60(.l_rol_349_Start+18): fe008093 addi    ra,ra,-32
Info   ra 2e8d3000 -> 2e8d2fe0
Info 'riscvOVPsim/cpu', 0x0000000080004d64(.l_rol_349_Start+1c): 00118a63 beq     gp,ra,80004d78
Info 'riscvOVPsim/cpu', 0x0000000080004d78(.l_ror_350_Start): 529e30b7 lui     ra,0x529e3
Info   ra 2e8d2fe0 -> 529e3000
Info 'riscvOVPsim/cpu', 0x0000000080004d7c(.l_ror_350_Start+4): 4bd08093 addi    ra,ra,1213
Info   ra 529e3000 -> 529e34bd
Info 'riscvOVPsim/cpu', 0x0000000080004d80(.l_ror_350_Start+8): 0decb737 lui     a4,0xdecb
Info   a4 fffffffd -> 0decb000
Info 'riscvOVPsim/cpu', 0x0000000080004d84(.l_ror_350_Start+c): caf70713 addi    a4,a4,-849
Info   a4 0decb000 -> 0decacaf
Info 'riscvOVPsim/cpu', 0x0000000080004d88(.l_ror_350_Start+10): 60e0db33 ror     s6,ra,a4
Info   s6 fde17f6d -> 697aa53c
Info 'riscvOVPsim/cpu', 0x0000000080004d8c(.l_ror_350_Start+14): 697aa837 lui     a6,0x697aa
Info   a6 bb19cc9c -> 697aa000
Info 'riscvOVPsim/cpu', 0x0000000080004d90(.l_ror_350_Start+18): 53c80813 addi    a6,a6,1340
Info   a6 697aa000 -> 697aa53c
Info 'riscvOVPsim/cpu', 0x0000000080004d94(.l_ror_350_Start+1c): 010b0a63 beq     s6,a6,80004da8
Info 'riscvOVPsim/cpu', 0x0000000080004da8(.l_sbclr_351_Start): 1e0b0937 lui     s2,0x1e0b0
Info   s2 097ab90e -> 1e0b0000
Info 'riscvOVPsim/cpu', 0x0000000080004dac(.l_sbclr_351_Start+4): 4a690913 addi    s2,s2,1190
Info   s2 1e0b0000 -> 1e0b04a6
Info 'riscvOVPsim/cpu', 0x0000000080004db0(.l_sbclr_351_Start+8): 1fabd0b7 lui     ra,0x1fabd
Info   ra 529e34bd -> 1fabd000
Info 'riscvOVPsim/cpu', 0x0000000080004db4(.l_sbclr_351_Start+c): d9008093 addi    ra,ra,-624
Info   ra 1fabd000 -> 1fabcd90
Info 'riscvOVPsim/cpu', 0x0000000080004db8(.l_sbclr_351_Start+10): 48191933 sbclr   s2,s2,ra
Info   s2 1e0b04a6 -> 1e0a04a6
Info 'riscvOVPsim/cpu', 0x0000000080004dbc(.l_sbclr_351_Start+14): 1e0a05b7 lui     a1,0x1e0a0
Info   a1 0ce47073 -> 1e0a0000
Info 'riscvOVPsim/cpu', 0x0000000080004dc0(.l_sbclr_351_Start+18): 4a658593 addi    a1,a1,1190
Info   a1 1e0a0000 -> 1e0a04a6
Info 'riscvOVPsim/cpu', 0x0000000080004dc4(.l_sbclr_351_Start+1c): 00b90a63 beq     s2,a1,80004dd8
Info 'riscvOVPsim/cpu', 0x0000000080004dd8(.l_sbset_352_Start): 0b03c0b7 lui     ra,0xb03c
Info   ra 1fabcd90 -> 0b03c000
Info 'riscvOVPsim/cpu', 0x0000000080004ddc(.l_sbset_352_Start+4): da808093 addi    ra,ra,-600
Info   ra 0b03c000 -> 0b03bda8
Info 'riscvOVPsim/cpu', 0x0000000080004de0(.l_sbset_352_Start+8): 17274f37 lui     t5,0x17274
Info   t5 1df1defb -> 17274000
Info 'riscvOVPsim/cpu', 0x0000000080004de4(.l_sbset_352_Start+c): 74ff0f13 addi    t5,t5,1871
Info   t5 17274000 -> 1727474f
Info 'riscvOVPsim/cpu', 0x0000000080004de8(.l_sbset_352_Start+10): 29e092b3 sbset   t0,ra,t5
Info   t0 12f962fe -> 0b03bda8
Info 'riscvOVPsim/cpu', 0x0000000080004dec(.l_sbset_352_Start+14): 0b03ccb7 lui     s9,0xb03c
Info   s9 0693abdf -> 0b03c000
Info 'riscvOVPsim/cpu', 0x0000000080004df0(.l_sbset_352_Start+18): da8c8c93 addi    s9,s9,-600
Info   s9 0b03c000 -> 0b03bda8
Info 'riscvOVPsim/cpu', 0x0000000080004df4(.l_sbset_352_Start+1c): 01928a63 beq     t0,s9,80004e08
Info 'riscvOVPsim/cpu', 0x0000000080004e08(.l_sbinv_353_Start): 71a8d3b7 lui     t2,0x71a8d
Info   t2 00000013 -> 71a8d000
Info 'riscvOVPsim/cpu', 0x0000000080004e0c(.l_sbinv_353_Start+4): 22c38393 addi    t2,t2,556
Info   t2 71a8d000 -> 71a8d22c
Info 'riscvOVPsim/cpu', 0x0000000080004e10(.l_sbinv_353_Start+8): 06c7f8b7 lui     a7,0x6c7f
Info   a7 ea91ea91 -> 06c7f000
Info 'riscvOVPsim/cpu', 0x0000000080004e14(.l_sbinv_353_Start+c): 1b788893 addi    a7,a7,439
Info   a7 06c7f000 -> 06c7f1b7
Info 'riscvOVPsim/cpu', 0x0000000080004e18(.l_sbinv_353_Start+10): 69139533 sbinv   a0,t2,a7
Info   a0 1cb1657e -> 7128d22c
Info 'riscvOVPsim/cpu', 0x0000000080004e1c(.l_sbinv_353_Start+14): 7128d837 lui     a6,0x7128d
Info   a6 697aa53c -> 7128d000
Info 'riscvOVPsim/cpu', 0x0000000080004e20(.l_sbinv_353_Start+18): 22c80813 addi    a6,a6,556
Info   a6 7128d000 -> 7128d22c
Info 'riscvOVPsim/cpu', 0x0000000080004e24(.l_sbinv_353_Start+1c): 01050a63 beq     a0,a6,80004e38
Info 'riscvOVPsim/cpu', 0x0000000080004e38(.l_sbext_354_Start): 086dd7b7 lui     a5,0x86dd
Info   a5 f8a73fb5 -> 086dd000
Info 'riscvOVPsim/cpu', 0x0000000080004e3c(.l_sbext_354_Start+4): a9078793 addi    a5,a5,-1392
Info   a5 086dd000 -> 086dca90
Info 'riscvOVPsim/cpu', 0x0000000080004e40(.l_sbext_354_Start+8): 64d45d37 lui     s10,0x64d45
Info   s10 2040a3ff -> 64d45000
Info 'riscvOVPsim/cpu', 0x0000000080004e44(.l_sbext_354_Start+c): 037d0d13 addi    s10,s10,55
Info   s10 64d45000 -> 64d45037
Info 'riscvOVPsim/cpu', 0x0000000080004e48(.l_sbext_354_Start+10): 49a7d933 sbext   s2,a5,s10
Info   s2 1e0a04a6 -> 00000000
Info 'riscvOVPsim/cpu', 0x0000000080004e4c(.l_sbext_354_Start+14): 00000413 mv      s0,zero
Info   s0 549d1910 -> 00000000
Info 'riscvOVPsim/cpu', 0x0000000080004e50(.l_sbext_354_Start+18): 00890a63 beq     s2,s0,80004e64
Info 'riscvOVPsim/cpu', 0x0000000080004e64(.l_grev_355_Start): 197f6337 lui     t1,0x197f6
Info   t1 0ec17754 -> 197f6000
Info 'riscvOVPsim/cpu', 0x0000000080004e68(.l_grev_355_Start+4): 28530313 addi    t1,t1,645
Info   t1 197f6000 -> 197f6285
Info 'riscvOVPsim/cpu', 0x0000000080004e6c(.l_grev_355_Start+8): 710ffc37 lui     s8,0x710ff
Info   s8 1f296f2e -> 710ff000
Info 'riscvOVPsim/cpu', 0x0000000080004e70(.l_grev_355_Start+c): 095c0c13 addi    s8,s8,149
Info   s8 710ff000 -> 710ff095
Info 'riscvOVPsim/cpu', 0x0000000080004e74(.l_grev_355_Start+10): 698352b3 grev    t0,t1,s8
Info   t0 0b03bda8 -> 19a462fb
Info 'riscvOVPsim/cpu', 0x0000000080004e78(.l_grev_355_Start+14): 19a460b7 lui     ra,0x19a46
Info   ra 0b03bda8 -> 19a46000
Info 'riscvOVPsim/cpu', 0x0000000080004e7c(.l_grev_355_Start+18): 2fb08093 addi    ra,ra,763
Info   ra 19a46000 -> 19a462fb
Info 'riscvOVPsim/cpu', 0x0000000080004e80(.l_grev_355_Start+1c): 00128a63 beq     t0,ra,80004e94
Info 'riscvOVPsim/cpu', 0x0000000080004e94(.l_sloi_356_Start): 43b2cbb7 lui     s7,0x43b2c
Info   s7 25a17d41 -> 43b2c000
Info 'riscvOVPsim/cpu', 0x0000000080004e98(.l_sloi_356_Start+4): c58b8b93 addi    s7,s7,-936
Info   s7 43b2c000 -> 43b2bc58
Info 'riscvOVPsim/cpu', 0x0000000080004e9c(.l_sloi_356_Start+8): 227b9113 sloi    sp,s7,39
Info   sp 39112b90 -> d95e2c7f
Info 'riscvOVPsim/cpu', 0x0000000080004ea0(.l_sloi_356_Start+c): d95e3db7 lui     s11,0xd95e3
Info   s11 15ae7318 -> d95e3000
Info 'riscvOVPsim/cpu', 0x0000000080004ea4(.l_sloi_356_Start+10): c7fd8d93 addi    s11,s11,-897
Info   s11 d95e3000 -> d95e2c7f
Info 'riscvOVPsim/cpu', 0x0000000080004ea8(.l_sloi_356_Start+14): 01b10a63 beq     sp,s11,80004ebc
Info 'riscvOVPsim/cpu', 0x0000000080004ebc(.l_sroi_357_Start): 4c21ca37 lui     s4,0x4c21c
Info   s4 f8a73fb5 -> 4c21c000
Info 'riscvOVPsim/cpu', 0x0000000080004ec0(.l_sroi_357_Start+4): 9d2a0a13 addi    s4,s4,-1582
Info   s4 4c21c000 -> 4c21b9d2
Info 'riscvOVPsim/cpu', 0x0000000080004ec4(.l_sroi_357_Start+8): 23da5713 sroi    a4,s4,61
Info   a4 0decacaf -> fffffffa
Info 'riscvOVPsim/cpu', 0x0000000080004ec8(.l_sroi_357_Start+c): ffa00d13 addi    s10,zero,-6
Info   s10 64d45037 -> fffffffa
Info 'riscvOVPsim/cpu', 0x0000000080004ecc(.l_sroi_357_Start+10): 01a70a63 beq     a4,s10,80004ee0
Info 'riscvOVPsim/cpu', 0x0000000080004ee0(.l_rori_358_Start): 57a78bb7 lui     s7,0x57a78
Info   s7 43b2bc58 -> 57a78000
Info 'riscvOVPsim/cpu', 0x0000000080004ee4(.l_rori_358_Start+4): a5eb8b93 addi    s7,s7,-1442
Info   s7 57a78000 -> 57a77a5e
Info 'riscvOVPsim/cpu', 0x0000000080004ee8(.l_rori_358_Start+8): 622bdf13 rori    t5,s7,34
Info   t5 1727474f -> 95e9de97
Info 'riscvOVPsim/cpu', 0x0000000080004eec(.l_rori_358_Start+c): 95e9e737 lui     a4,0x95e9e
Info   a4 fffffffa -> 95e9e000
Info 'riscvOVPsim/cpu', 0x0000000080004ef0(.l_rori_358_Start+10): e9770713 addi    a4,a4,-361
Info   a4 95e9e000 -> 95e9de97
Info 'riscvOVPsim/cpu', 0x0000000080004ef4(.l_rori_358_Start+14): 00ef0a63 beq     t5,a4,80004f08
Info 'riscvOVPsim/cpu', 0x0000000080004f08(.l_sbclri_359_Start): 041eaeb7 lui     t4,0x41ea
Info   t4 00000000 -> 041ea000
Info 'riscvOVPsim/cpu', 0x0000000080004f0c(.l_sbclri_359_Start+4): a4fe8e93 addi    t4,t4,-1457
Info   t4 041ea000 -> 041e9a4f
Info 'riscvOVPsim/cpu', 0x0000000080004f10(.l_sbclri_359_Start+8): 48ae9993 sbclri  s3,t4,10
Info   s3 00000000 -> 041e9a4f
Info 'riscvOVPsim/cpu', 0x0000000080004f14(.l_sbclri_359_Start+c): 041ea737 lui     a4,0x41ea
Info   a4 95e9de97 -> 041ea000
Info 'riscvOVPsim/cpu', 0x0000000080004f18(.l_sbclri_359_Start+10): a4f70713 addi    a4,a4,-1457
Info   a4 041ea000 -> 041e9a4f
Info 'riscvOVPsim/cpu', 0x0000000080004f1c(.l_sbclri_359_Start+14): 00e98a63 beq     s3,a4,80004f30
Info 'riscvOVPsim/cpu', 0x0000000080004f30(.l_sbseti_360_Start): 48684237 lui     tp,0x48684
Info   tp 2040a3ff -> 48684000
Info 'riscvOVPsim/cpu', 0x0000000080004f34(.l_sbseti_360_Start+4): ba320213 addi    tp,tp,-1117
Info   tp 48684000 -> 48683ba3
Info 'riscvOVPsim/cpu', 0x0000000080004f38(.l_sbseti_360_Start+8): 2be21c93 sbseti  s9,tp,62
Info   s9 0b03bda8 -> 48683ba3
Info 'riscvOVPsim/cpu', 0x0000000080004f3c(.l_sbseti_360_Start+c): 48684b37 lui     s6,0x48684
Info   s6 697aa53c -> 48684000
Info 'riscvOVPsim/cpu', 0x0000000080004f40(.l_sbseti_360_Start+10): ba3b0b13 addi    s6,s6,-1117
Info   s6 48684000 -> 48683ba3
Info 'riscvOVPsim/cpu', 0x0000000080004f44(.l_sbseti_360_Start+14): 016c8a63 beq     s9,s6,80004f58
Info 'riscvOVPsim/cpu', 0x0000000080004f58(.l_sbinvi_361_Start): 502419b7 lui     s3,0x50241
Info   s3 041e9a4f -> 50241000
Info 'riscvOVPsim/cpu', 0x0000000080004f5c(.l_sbinvi_361_Start+4): 28898993 addi    s3,s3,648
Info   s3 50241000 -> 50241288
Info 'riscvOVPsim/cpu', 0x0000000080004f60(.l_sbinvi_361_Start+8): 6b799793 sbinvi  a5,s3,55
Info   a5 086dca90 -> 50a41288
Info 'riscvOVPsim/cpu', 0x0000000080004f64(.l_sbinvi_361_Start+c): 50a41ab7 lui     s5,0x50a41
Info   s5 06175eb8 -> 50a41000
Info 'riscvOVPsim/cpu', 0x0000000080004f68(.l_sbinvi_361_Start+10): 288a8a93 addi    s5,s5,648
Info   s5 50a41000 -> 50a41288
Info 'riscvOVPsim/cpu', 0x0000000080004f6c(.l_sbinvi_361_Start+14): 01578a63 beq     a5,s5,80004f80
Info 'riscvOVPsim/cpu', 0x0000000080004f80(.l_sbexti_362_Start): 55729637 lui     a2,0x55729
Info   a2 549d1910 -> 55729000
Info 'riscvOVPsim/cpu', 0x0000000080004f84(.l_sbexti_362_Start+4): 68460613 addi    a2,a2,1668
Info   a2 55729000 -> 55729684
Info 'riscvOVPsim/cpu', 0x0000000080004f88(.l_sbexti_362_Start+8): 4b065c93 sbexti  s9,a2,48
Info   s9 48683ba3 -> 00000000
Info 'riscvOVPsim/cpu', 0x0000000080004f8c(.l_sbexti_362_Start+c): 00000193 mv      gp,zero
Info   gp 2e8d2fe0 -> 00000000
Info 'riscvOVPsim/cpu', 0x0000000080004f90(.l_sbexti_362_Start+10): 003c8a63 beq     s9,gp,80004fa4
Info 'riscvOVPsim/cpu', 0x0000000080004fa4(.l_grevi_363_Start): 2b6208b7 lui     a7,0x2b620
Info   a7 06c7f1b7 -> 2b620000
Info 'riscvOVPsim/cpu', 0x0000000080004fa8(.l_grevi_363_Start+4): 26488893 addi    a7,a7,612
Info   a7 2b620000 -> 2b620264
Info 'riscvOVPsim/cpu', 0x0000000080004fac(.l_grevi_363_Start+8): 6828df13 grevi   t5,a7,2
Info   t5 95e9de97 -> 8e980891
Info 'riscvOVPsim/cpu', 0x0000000080004fb0(.l_grevi_363_Start+c): 8e981637 lui     a2,0x8e981
Info   a2 55729684 -> 8e981000
Info 'riscvOVPsim/cpu', 0x0000000080004fb4(.l_grevi_363_Start+10): 89160613 addi    a2,a2,-1903
Info   a2 8e981000 -> 8e980891
Info 'riscvOVPsim/cpu', 0x0000000080004fb8(.l_grevi_363_Start+14): 00cf0a63 beq     t5,a2,80004fcc
Info 'riscvOVPsim/cpu', 0x0000000080004fcc(.l_cmix_364_Start): 193c9237 lui     tp,0x193c9
Info   tp 48683ba3 -> 193c9000
Info 'riscvOVPsim/cpu', 0x0000000080004fd0(.l_cmix_364_Start+4): 7d920213 addi    tp,tp,2009
Info   tp 193c9000 -> 193c97d9
Info 'riscvOVPsim/cpu', 0x0000000080004fd4(.l_cmix_364_Start+8): 49a04337 lui     t1,0x49a04
Info   t1 197f6285 -> 49a04000
Info 'riscvOVPsim/cpu', 0x0000000080004fd8(.l_cmix_364_Start+c): e6630313 addi    t1,t1,-410
Info   t1 49a04000 -> 49a03e66
Info 'riscvOVPsim/cpu', 0x0000000080004fdc(.l_cmix_364_Start+10): 473384b7 lui     s1,0x47338
Info   s1 033ed493 -> 47338000
Info 'riscvOVPsim/cpu', 0x0000000080004fe0(.l_cmix_364_Start+14): 72d48493 addi    s1,s1,1837
Info   s1 47338000 -> 4733872d
Info 'riscvOVPsim/cpu', 0x0000000080004fe4(.l_cmix_364_Start+18): 4e621033 cmix    zero,tp,t1,s1
Info 'riscvOVPsim/cpu', 0x0000000080004fe8(.l_cmix_364_Start+1c): 00000613 mv      a2,zero
Info   a2 8e980891 -> 00000000
Info 'riscvOVPsim/cpu', 0x0000000080004fec(.l_cmix_364_Start+20): 00c00a63 beq     zero,a2,80005000
Info 'riscvOVPsim/cpu', 0x0000000080005000(.l_cmov_365_Start): 4706aab7 lui     s5,0x4706a
Info   s5 50a41288 -> 4706a000
Info 'riscvOVPsim/cpu', 0x0000000080005004(.l_cmov_365_Start+4): 9e2a8a93 addi    s5,s5,-1566
Info   s5 4706a000 -> 470699e2
Info 'riscvOVPsim/cpu', 0x0000000080005008(.l_cmov_365_Start+8): 7e998337 lui     t1,0x7e998
Info   t1 49a03e66 -> 7e998000
Info 'riscvOVPsim/cpu', 0x000000008000500c(.l_cmov_365_Start+c): b5730313 addi    t1,t1,-1193
Info   t1 7e998000 -> 7e997b57
Info 'riscvOVPsim/cpu', 0x0000000080005010(.l_cmov_365_Start+10): 2bba53b7 lui     t2,0x2bba5
Info   t2 71a8d22c -> 2bba5000
Info 'riscvOVPsim/cpu', 0x0000000080005014(.l_cmov_365_Start+14): 81f38393 addi    t2,t2,-2017
Info   t2 2bba5000 -> 2bba481f
Info 'riscvOVPsim/cpu', 0x0000000080005018(.l_cmov_365_Start+18): 3e6ad1b3 cmov    gp,s5,t1,t2
Info   gp 00000000 -> 470699e2
Info 'riscvOVPsim/cpu', 0x000000008000501c(.l_cmov_365_Start+1c): 4706ad37 lui     s10,0x4706a
Info   s10 fffffffa -> 4706a000
Info 'riscvOVPsim/cpu', 0x0000000080005020(.l_cmov_365_Start+20): 9e2d0d13 addi    s10,s10,-1566
Info   s10 4706a000 -> 470699e2
Info 'riscvOVPsim/cpu', 0x0000000080005024(.l_cmov_365_Start+24): 01a18a63 beq     gp,s10,80005038
Info 'riscvOVPsim/cpu', 0x0000000080005038(.l_fsl_366_Start): 3fe85737 lui     a4,0x3fe85
Info   a4 041e9a4f -> 3fe85000
Info 'riscvOVPsim/cpu', 0x000000008000503c(.l_fsl_366_Start+4): 44070713 addi    a4,a4,1088
Info   a4 3fe85000 -> 3fe85440
Info 'riscvOVPsim/cpu', 0x0000000080005040(.l_fsl_366_Start+8): 5649ea37 lui     s4,0x5649e
Info   s4 4c21b9d2 -> 5649e000
Info 'riscvOVPsim/cpu', 0x0000000080005044(.l_fsl_366_Start+c): a4da0a13 addi    s4,s4,-1459
Info   s4 5649e000 -> 5649da4d
Info 'riscvOVPsim/cpu', 0x0000000080005048(.l_fsl_366_Start+10): 494f6eb7 lui     t4,0x494f6
Info   t4 041e9a4f -> 494f6000
Info 'riscvOVPsim/cpu', 0x000000008000504c(.l_fsl_366_Start+14): 145e8e93 addi    t4,t4,325
Info   t4 494f6000 -> 494f6145
Info 'riscvOVPsim/cpu', 0x0000000080005050(.l_fsl_366_Start+18): ed471ab3 fsl     s5,a4,s4,t4
Info   s5 470699e2 -> 0a880929
Info 'riscvOVPsim/cpu', 0x0000000080005054(.l_fsl_366_Start+1c): 0a8810b7 lui     ra,0xa881
Info   ra 19a462fb -> 0a881000
Info 'riscvOVPsim/cpu', 0x0000000080005058(.l_fsl_366_Start+20): 92908093 addi    ra,ra,-1751
Info   ra 0a881000 -> 0a880929
Info 'riscvOVPsim/cpu', 0x000000008000505c(.l_fsl_366_Start+24): 001a8a63 beq     s5,ra,80005070
Info 'riscvOVPsim/cpu', 0x0000000080005070(.l_fsr_367_Start): 29a065b7 lui     a1,0x29a06
Info   a1 1e0a04a6 -> 29a06000
Info 'riscvOVPsim/cpu', 0x0000000080005074(.l_fsr_367_Start+4): a6758593 addi    a1,a1,-1433
Info   a1 29a06000 -> 29a05a67
Info 'riscvOVPsim/cpu', 0x0000000080005078(.l_fsr_367_Start+8): 5f1d3b37 lui     s6,0x5f1d3
Info   s6 48683ba3 -> 5f1d3000
Info 'riscvOVPsim/cpu', 0x000000008000507c(.l_fsr_367_Start+c): adcb0b13 addi    s6,s6,-1316
Info   s6 5f1d3000 -> 5f1d2adc
Info 'riscvOVPsim/cpu', 0x0000000080005080(.l_fsr_367_Start+10): 629cb337 lui     t1,0x629cb
Info   t1 7e997b57 -> 629cb000
Info 'riscvOVPsim/cpu', 0x0000000080005084(.l_fsr_367_Start+14): fc030313 addi    t1,t1,-64
Info   t1 629cb000 -> 629cafc0
Info 'riscvOVPsim/cpu', 0x0000000080005088(.l_fsr_367_Start+18): 3565d233 fsr     tp,a1,s6,t1
Info   tp 193c97d9 -> 29cafc02
Info 'riscvOVPsim/cpu', 0x000000008000508c(.l_fsr_367_Start+1c): 29cb0ab7 lui     s5,0x29cb0
Info   s5 0a880929 -> 29cb0000
Info 'riscvOVPsim/cpu', 0x0000000080005090(.l_fsr_367_Start+20): c02a8a93 addi    s5,s5,-1022
Info   s5 29cb0000 -> 29cafc02
Info 'riscvOVPsim/cpu', 0x0000000080005094(.l_fsr_367_Start+24): 01520a63 beq     tp,s5,800050a8
Info 'riscvOVPsim/cpu', 0x00000000800050a8(.l_fsri_368_Start): 266f6fb7 lui     t6,0x266f6
Info   t6 fffffffd -> 266f6000
Info 'riscvOVPsim/cpu', 0x00000000800050ac(.l_fsri_368_Start+4): 57cf8f93 addi    t6,t6,1404
Info   t6 266f6000 -> 266f657c
Info 'riscvOVPsim/cpu', 0x00000000800050b0(.l_fsri_368_Start+8): 0d24ccb7 lui     s9,0xd24c
Info   s9 00000000 -> 0d24c000
Info 'riscvOVPsim/cpu', 0x00000000800050b4(.l_fsri_368_Start+c): 94bc8c93 addi    s9,s9,-1717
Info   s9 0d24c000 -> 0d24b94b
Info 'riscvOVPsim/cpu', 0x00000000800050b8(.l_fsri_368_Start+10): cd6fd813 fsri    a6,t6,s9,22
Info   a6 7128d22c -> 92e52c99
Info 'riscvOVPsim/cpu', 0x00000000800050bc(.l_fsri_368_Start+14): 92e535b7 lui     a1,0x92e53
Info   a1 29a05a67 -> 92e53000
Info 'riscvOVPsim/cpu', 0x00000000800050c0(.l_fsri_368_Start+18): c9958593 addi    a1,a1,-871
Info   a1 92e53000 -> 92e52c99
Info 'riscvOVPsim/cpu', 0x00000000800050c4(.l_fsri_368_Start+1c): 00b80a63 beq     a6,a1,800050d8
Info 'riscvOVPsim/cpu', 0x00000000800050d8(.l_clz_369_Start): 67c801b7 lui     gp,0x67c80
Info   gp 470699e2 -> 67c80000
Info 'riscvOVPsim/cpu', 0x00000000800050dc(.l_clz_369_Start+4): 00218193 addi    gp,gp,2
Info   gp 67c80000 -> 67c80002
Info 'riscvOVPsim/cpu', 0x00000000800050e0(.l_clz_369_Start+8): 60019913 clz     s2,gp
Info   s2 00000000 -> 00000001
Info 'riscvOVPsim/cpu', 0x00000000800050e4(.l_clz_369_Start+c): 00100513 addi    a0,zero,1
Info   a0 7128d22c -> 00000001
Info 'riscvOVPsim/cpu', 0x00000000800050e8(.l_clz_369_Start+10): 00a90a63 beq     s2,a0,800050fc
Info 'riscvOVPsim/cpu', 0x00000000800050fc(.l_ctz_370_Start): 19f4fb37 lui     s6,0x19f4f
Info   s6 5f1d2adc -> 19f4f000
Info 'riscvOVPsim/cpu', 0x0000000080005100(.l_ctz_370_Start+4): efab0b13 addi    s6,s6,-262
Info   s6 19f4f000 -> 19f4eefa
Info 'riscvOVPsim/cpu', 0x0000000080005104(.l_ctz_370_Start+8): 601b1293 ctz     t0,s6
Info   t0 19a462fb -> 00000001
Info 'riscvOVPsim/cpu', 0x0000000080005108(.l_ctz_370_Start+c): 00100e13 addi    t3,zero,1
Info   t3 7ba207f7 -> 00000001
Info 'riscvOVPsim/cpu', 0x000000008000510c(.l_ctz_370_Start+10): 01c28a63 beq     t0,t3,80005120
Info 'riscvOVPsim/cpu', 0x0000000080005120(.l_pcnt_371_Start): 474beb37 lui     s6,0x474be
Info   s6 19f4eefa -> 474be000
Info 'riscvOVPsim/cpu', 0x0000000080005124(.l_pcnt_371_Start+4): aebb0b13 addi    s6,s6,-1301
Info   s6 474be000 -> 474bdaeb
Info 'riscvOVPsim/cpu', 0x0000000080005128(.l_pcnt_371_Start+8): 602b1213 pcnt    tp,s6
Info   tp 29cafc02 -> 00000013
Info 'riscvOVPsim/cpu', 0x000000008000512c(.l_pcnt_371_Start+c): 01300313 addi    t1,zero,19
Info   t1 629cafc0 -> 00000013
Info 'riscvOVPsim/cpu', 0x0000000080005130(.l_pcnt_371_Start+10): 00620a63 beq     tp,t1,80005144
Info 'riscvOVPsim/cpu', 0x0000000080005144(.l_crc32_b_372_Start): 16ee02b7 lui     t0,0x16ee0
Info   t0 00000001 -> 16ee0000
Info 'riscvOVPsim/cpu', 0x0000000080005148(.l_crc32_b_372_Start+4): 13a28293 addi    t0,t0,314
Info   t0 16ee0000 -> 16ee013a
Info 'riscvOVPsim/cpu', 0x000000008000514c(.l_crc32_b_372_Start+8): 61029b13 crc32.b s6,t0
Info   s6 474bdaeb -> c61a37b3
Info 'riscvOVPsim/cpu', 0x0000000080005150(.l_crc32_b_372_Start+c): c61a3537 lui     a0,0xc61a3
Info   a0 00000001 -> c61a3000
Info 'riscvOVPsim/cpu', 0x0000000080005154(.l_crc32_b_372_Start+10): 7b350513 addi    a0,a0,1971
Info   a0 c61a3000 -> c61a37b3
Info 'riscvOVPsim/cpu', 0x0000000080005158(.l_crc32_b_372_Start+14): 00ab0a63 beq     s6,a0,8000516c
Info 'riscvOVPsim/cpu', 0x000000008000516c(.l_crc32_h_373_Start): 03a5e3b7 lui     t2,0x3a5e
Info   t2 2bba481f -> 03a5e000
Info 'riscvOVPsim/cpu', 0x0000000080005170(.l_crc32_h_373_Start+4): 68938393 addi    t2,t2,1673
Info   t2 03a5e000 -> 03a5e689
Info 'riscvOVPsim/cpu', 0x0000000080005174(.l_crc32_h_373_Start+8): 61139893 crc32.h a7,t2
Info   a7 2b620264 -> a32867ea
Info 'riscvOVPsim/cpu', 0x0000000080005178(.l_crc32_h_373_Start+c): a3286eb7 lui     t4,0xa3286
Info   t4 494f6145 -> a3286000
Info 'riscvOVPsim/cpu', 0x000000008000517c(.l_crc32_h_373_Start+10): 7eae8e93 addi    t4,t4,2026
Info   t4 a3286000 -> a32867ea
Info 'riscvOVPsim/cpu', 0x0000000080005180(.l_crc32_h_373_Start+14): 01d88a63 beq     a7,t4,80005194
Info 'riscvOVPsim/cpu', 0x0000000080005194(.l_crc32_w_374_Start): 6fb94437 lui     s0,0x6fb94
Info   s0 00000000 -> 6fb94000
Info 'riscvOVPsim/cpu', 0x0000000080005198(.l_crc32_w_374_Start+4): 20240413 addi    s0,s0,514
Info   s0 6fb94000 -> 6fb94202
Info 'riscvOVPsim/cpu', 0x000000008000519c(.l_crc32_w_374_Start+8): 61241093 crc32.w ra,s0
Info   ra 0a880929 -> 311df81d
Info 'riscvOVPsim/cpu', 0x00000000800051a0(.l_crc32_w_374_Start+c): 311e0db7 lui     s11,0x311e0
Info   s11 d95e2c7f -> 311e0000
Info 'riscvOVPsim/cpu', 0x00000000800051a4(.l_crc32_w_374_Start+10): 81dd8d93 addi    s11,s11,-2019
Info   s11 311e0000 -> 311df81d
Info 'riscvOVPsim/cpu', 0x00000000800051a8(.l_crc32_w_374_Start+14): 01b08a63 beq     ra,s11,800051bc
Info 'riscvOVPsim/cpu', 0x00000000800051bc(.l_crc32c_b_375_Start): 66bdb2b7 lui     t0,0x66bdb
Info   t0 16ee013a -> 66bdb000
Info 'riscvOVPsim/cpu', 0x00000000800051c0(.l_crc32c_b_375_Start+4): 96e28293 addi    t0,t0,-1682
Info   t0 66bdb000 -> 66bda96e
Info 'riscvOVPsim/cpu', 0x00000000800051c4(.l_crc32c_b_375_Start+8): 61829c13 crc32c.b s8,t0
Info   s8 710ff095 -> cdd891ec
Info 'riscvOVPsim/cpu', 0x00000000800051c8(.l_crc32c_b_375_Start+c): cdd890b7 lui     ra,0xcdd89
Info   ra 311df81d -> cdd89000
Info 'riscvOVPsim/cpu', 0x00000000800051cc(.l_crc32c_b_375_Start+10): 1ec08093 addi    ra,ra,492
Info   ra cdd89000 -> cdd891ec
Info 'riscvOVPsim/cpu', 0x00000000800051d0(.l_crc32c_b_375_Start+14): 001c0a63 beq     s8,ra,800051e4
Info 'riscvOVPsim/cpu', 0x00000000800051e4(.l_crc32c_h_376_Start): 08f3fc37 lui     s8,0x8f3f
Info   s8 cdd891ec -> 08f3f000
Info 'riscvOVPsim/cpu', 0x00000000800051e8(.l_crc32c_h_376_Start+4): ae3c0c13 addi    s8,s8,-1309
Info   s8 08f3f000 -> 08f3eae3
Info 'riscvOVPsim/cpu', 0x00000000800051ec(.l_crc32c_h_376_Start+8): 619c1893 crc32c.h a7,s8
Info   a7 a32867ea -> c76affb7
Info 'riscvOVPsim/cpu', 0x00000000800051f0(.l_crc32c_h_376_Start+c): c76b03b7 lui     t2,0xc76b0
Info   t2 03a5e689 -> c76b0000
Info 'riscvOVPsim/cpu', 0x00000000800051f4(.l_crc32c_h_376_Start+10): fb738393 addi    t2,t2,-73
Info   t2 c76b0000 -> c76affb7
Info 'riscvOVPsim/cpu', 0x00000000800051f8(.l_crc32c_h_376_Start+14): 00788a63 beq     a7,t2,8000520c
Info 'riscvOVPsim/cpu', 0x000000008000520c(.l_crc32c_w_377_Start): 32afcc37 lui     s8,0x32afc
Info   s8 08f3eae3 -> 32afc000
Info 'riscvOVPsim/cpu', 0x0000000080005210(.l_crc32c_w_377_Start+4): b81c0c13 addi    s8,s8,-1151
Info   s8 32afc000 -> 32afbb81
Info 'riscvOVPsim/cpu', 0x0000000080005214(.l_crc32c_w_377_Start+8): 61ac1d93 crc32c.w s11,s8
Info   s11 311df81d -> f5b246ac
Info 'riscvOVPsim/cpu', 0x0000000080005218(.l_crc32c_w_377_Start+c): f5b24b37 lui     s6,0xf5b24
Info   s6 c61a37b3 -> f5b24000
Info 'riscvOVPsim/cpu', 0x000000008000521c(.l_crc32c_w_377_Start+10): 6acb0b13 addi    s6,s6,1708
Info   s6 f5b24000 -> f5b246ac
Info 'riscvOVPsim/cpu', 0x0000000080005220(.l_crc32c_w_377_Start+14): 016d8a63 beq     s11,s6,80005234
Info 'riscvOVPsim/cpu', 0x0000000080005234(.l_clmul_378_Start): 5cd86437 lui     s0,0x5cd86
Info   s0 6fb94202 -> 5cd86000
Info 'riscvOVPsim/cpu', 0x0000000080005238(.l_clmul_378_Start+4): 7d340413 addi    s0,s0,2003
Info   s0 5cd86000 -> 5cd867d3
Info 'riscvOVPsim/cpu', 0x000000008000523c(.l_clmul_378_Start+8): 11a5edb7 lui     s11,0x11a5e
Info   s11 f5b246ac -> 11a5e000
Info 'riscvOVPsim/cpu', 0x0000000080005240(.l_clmul_378_Start+c): a5ed8d93 addi    s11,s11,-1442
Info   s11 11a5e000 -> 11a5da5e
Info 'riscvOVPsim/cpu', 0x0000000080005244(.l_clmul_378_Start+10): bb41733 clmul   a4,s0,s11
Info   a4 3fe85440 -> 0063a982
Info 'riscvOVPsim/cpu', 0x0000000080005248(.l_clmul_378_Start+14): 0063bd37 lui     s10,0x63b
Info   s10 470699e2 -> 0063b000
Info 'riscvOVPsim/cpu', 0x000000008000524c(.l_clmul_378_Start+18): 982d0d13 addi    s10,s10,-1662
Info   s10 0063b000 -> 0063a982
Info 'riscvOVPsim/cpu', 0x0000000080005250(.l_clmul_378_Start+1c): 01a70a63 beq     a4,s10,80005264
Info 'riscvOVPsim/cpu', 0x0000000080005264(.l_clmulr_379_Start): 0e1a8cb7 lui     s9,0xe1a8
Info   s9 0d24b94b -> 0e1a8000
Info 'riscvOVPsim/cpu', 0x0000000080005268(.l_clmulr_379_Start+4): b6ac8c93 addi    s9,s9,-1174
Info   s9 0e1a8000 -> 0e1a7b6a
Info 'riscvOVPsim/cpu', 0x000000008000526c(.l_clmulr_379_Start+8): 5b6c0737 lui     a4,0x5b6c0
Info   a4 0063a982 -> 5b6c0000
Info 'riscvOVPsim/cpu', 0x0000000080005270(.l_clmulr_379_Start+c): c9570713 addi    a4,a4,-875
Info   a4 5b6c0000 -> 5b6bfc95
Info 'riscvOVPsim/cpu', 0x0000000080005274(.l_clmulr_379_Start+10): bb41733 clmul   a4,s0,s11
Info   s4 5649da4d -> 060fcde0
Info 'riscvOVPsim/cpu', 0x0000000080005278(.l_clmulr_379_Start+14): 060fd2b7 lui     t0,0x60fd
Info   t0 66bda96e -> 060fd000
Info 'riscvOVPsim/cpu', 0x000000008000527c(.l_clmulr_379_Start+18): de028293 addi    t0,t0,-544
Info   t0 060fd000 -> 060fcde0
Info 'riscvOVPsim/cpu', 0x0000000080005280(.l_clmulr_379_Start+1c): 005a0a63 beq     s4,t0,80005294
Info 'riscvOVPsim/cpu', 0x0000000080005294(.l_clmulh_380_Start): 748379b7 lui     s3,0x74837
Info   s3 50241288 -> 74837000
Info 'riscvOVPsim/cpu', 0x0000000080005298(.l_clmulh_380_Start+4): 35998993 addi    s3,s3,857
Info   s3 74837000 -> 74837359
Info 'riscvOVPsim/cpu', 0x000000008000529c(.l_clmulh_380_Start+8): 5841dbb7 lui     s7,0x5841d
Info   s7 57a77a5e -> 5841d000
Info 'riscvOVPsim/cpu', 0x00000000800052a0(.l_clmulh_380_Start+c): 0d9b8b93 addi    s7,s7,217
Info   s7 5841d000 -> 5841d0d9
Info 'riscvOVPsim/cpu', 0x00000000800052a4(.l_clmulh_380_Start+10): b79b7b3 clmulh  a5,s3,s7
Info   a5 50a41288 -> 19d1842c
Info 'riscvOVPsim/cpu', 0x00000000800052a8(.l_clmulh_380_Start+14): 19d18eb7 lui     t4,0x19d18
Info   t4 a32867ea -> 19d18000
Info 'riscvOVPsim/cpu', 0x00000000800052ac(.l_clmulh_380_Start+18): 42ce8e93 addi    t4,t4,1068
Info   t4 19d18000 -> 19d1842c
Info 'riscvOVPsim/cpu', 0x00000000800052b0(.l_clmulh_380_Start+1c): 01d78a63 beq     a5,t4,800052c4
Info 'riscvOVPsim/cpu', 0x00000000800052c4(.l_min_381_Start): 183e5f37 lui     t5,0x183e5
Info   t5 8e980891 -> 183e5000
Info 'riscvOVPsim/cpu', 0x00000000800052c8(.l_min_381_Start+4): dcff0f13 addi    t5,t5,-561
Info   t5 183e5000 -> 183e4dcf
Info 'riscvOVPsim/cpu', 0x00000000800052cc(.l_min_381_Start+8): 55d65a37 lui     s4,0x55d65
Info   s4 060fcde0 -> 55d65000
Info 'riscvOVPsim/cpu', 0x00000000800052d0(.l_min_381_Start+c): 98ca0a13 addi    s4,s4,-1652
Info   s4 55d65000 -> 55d6498c
Info 'riscvOVPsim/cpu', 0x00000000800052d4(.l_min_381_Start+10): b4f47b3 min     a5,t5,s4
Info   a5 19d1842c -> 183e4dcf
Info 'riscvOVPsim/cpu', 0x00000000800052d8(.l_min_381_Start+14): 183e5337 lui     t1,0x183e5
Info   t1 00000013 -> 183e5000
Info 'riscvOVPsim/cpu', 0x00000000800052dc(.l_min_381_Start+18): dcf30313 addi    t1,t1,-561
Info   t1 183e5000 -> 183e4dcf
Info 'riscvOVPsim/cpu', 0x00000000800052e0(.l_min_381_Start+1c): 00678a63 beq     a5,t1,800052f4
Info 'riscvOVPsim/cpu', 0x00000000800052f4(.l_max_382_Start): 11ee29b7 lui     s3,0x11ee2
Info   s3 74837359 -> 11ee2000
Info 'riscvOVPsim/cpu', 0x00000000800052f8(.l_max_382_Start+4): 39998993 addi    s3,s3,921
Info   s3 11ee2000 -> 11ee2399
Info 'riscvOVPsim/cpu', 0x00000000800052fc(.l_max_382_Start+8): 475b9437 lui     s0,0x475b9
Info   s0 5cd867d3 -> 475b9000
Info 'riscvOVPsim/cpu', 0x0000000080005300(.l_max_382_Start+c): d6940413 addi    s0,s0,-663
Info   s0 475b9000 -> 475b8d69
Info 'riscvOVPsim/cpu', 0x0000000080005304(.l_max_382_Start+10): a89dbb3 max     s7,s3,s0
Info   s7 5841d0d9 -> 475b8d69
Info 'riscvOVPsim/cpu', 0x0000000080005308(.l_max_382_Start+14): 475b9c37 lui     s8,0x475b9
Info   s8 32afbb81 -> 475b9000
Info 'riscvOVPsim/cpu', 0x000000008000530c(.l_max_382_Start+18): d69c0c13 addi    s8,s8,-663
Info   s8 475b9000 -> 475b8d69
Info 'riscvOVPsim/cpu', 0x0000000080005310(.l_max_382_Start+1c): 018b8a63 beq     s7,s8,80005324
Info 'riscvOVPsim/cpu', 0x0000000080005324(.l_minu_383_Start): 5c1550b7 lui     ra,0x5c155
Info   ra cdd891ec -> 5c155000
Info 'riscvOVPsim/cpu', 0x0000000080005328(.l_minu_383_Start+4): bdf08093 addi    ra,ra,-1057
Info   ra 5c155000 -> 5c154bdf
Info 'riscvOVPsim/cpu', 0x000000008000532c(.l_minu_383_Start+8): 70d8a237 lui     tp,0x70d8a
Info   tp 00000013 -> 70d8a000
Info 'riscvOVPsim/cpu', 0x0000000080005330(.l_minu_383_Start+c): fb820213 addi    tp,tp,-72
Info   tp 70d8a000 -> 70d89fb8
Info 'riscvOVPsim/cpu', 0x0000000080005334(.l_minu_383_Start+10): a40ef33 minu    t5,ra,tp
Info   t5 183e4dcf -> 5c154bdf
Info 'riscvOVPsim/cpu', 0x0000000080005338(.l_minu_383_Start+14): 5c155337 lui     t1,0x5c155
Info   t1 183e4dcf -> 5c155000
Info 'riscvOVPsim/cpu', 0x000000008000533c(.l_minu_383_Start+18): bdf30313 addi    t1,t1,-1057
Info   t1 5c155000 -> 5c154bdf
Info 'riscvOVPsim/cpu', 0x0000000080005340(.l_minu_383_Start+1c): 006f0a63 beq     t5,t1,80005354
Info 'riscvOVPsim/cpu', 0x0000000080005354(.l_maxu_384_Start): 01fb69b7 lui     s3,0x1fb6
Info   s3 11ee2399 -> 01fb6000
Info 'riscvOVPsim/cpu', 0x0000000080005358(.l_maxu_384_Start+4): 48198993 addi    s3,s3,1153
Info   s3 01fb6000 -> 01fb6481
Info 'riscvOVPsim/cpu', 0x000000008000535c(.l_maxu_384_Start+8): 424928b7 lui     a7,0x42492
Info   a7 c76affb7 -> 42492000
Info 'riscvOVPsim/cpu', 0x0000000080005360(.l_maxu_384_Start+c): a9b88893 addi    a7,a7,-1381
Info   a7 42492000 -> 42491a9b
Info 'riscvOVPsim/cpu', 0x0000000080005364(.l_maxu_384_Start+10): b19f733 maxu    a4,s3,a7
Info   a4 5b6bfc95 -> 42491a9b
Info 'riscvOVPsim/cpu', 0x0000000080005368(.l_maxu_384_Start+14): 42492eb7 lui     t4,0x42492
Info   t4 19d1842c -> 42492000
Info 'riscvOVPsim/cpu', 0x000000008000536c(.l_maxu_384_Start+18): a9be8e93 addi    t4,t4,-1381
Info   t4 42492000 -> 42491a9b
Info 'riscvOVPsim/cpu', 0x0000000080005370(.l_maxu_384_Start+1c): 01d70a63 beq     a4,t4,80005384
Info 'riscvOVPsim/cpu', 0x0000000080005384(.l_shfl_385_Start): 488cf8b7 lui     a7,0x488cf
Info   a7 42491a9b -> 488cf000
Info 'riscvOVPsim/cpu', 0x0000000080005388(.l_shfl_385_Start+4): fe888893 addi    a7,a7,-24
Info   a7 488cf000 -> 488cefe8
Info 'riscvOVPsim/cpu', 0x000000008000538c(.l_shfl_385_Start+8): 64bd5737 lui     a4,0x64bd5
Info   a4 42491a9b -> 64bd5000
Info 'riscvOVPsim/cpu', 0x0000000080005390(.l_shfl_385_Start+c): d4270713 addi    a4,a4,-702
Info   a4 64bd5000 -> 64bd4d42
Info 'riscvOVPsim/cpu', 0x0000000080005394(.l_shfl_385_Start+10): 8e89933 shfl    s2,a7,a4
Info   s2 00000001 -> 60b0fbe8
Info 'riscvOVPsim/cpu', 0x0000000080005398(.l_shfl_385_Start+14): 60b109b7 lui     s3,0x60b10
Info   s3 01fb6481 -> 60b10000
Info 'riscvOVPsim/cpu', 0x000000008000539c(.l_shfl_385_Start+18): be898993 addi    s3,s3,-1048
Info   s3 60b10000 -> 60b0fbe8
Info 'riscvOVPsim/cpu', 0x00000000800053a0(.l_shfl_385_Start+1c): 01390a63 beq     s2,s3,800053b4
Info 'riscvOVPsim/cpu', 0x00000000800053b4(.l_unshfl_386_Start): 15122337 lui     t1,0x15122
Info   t1 5c154bdf -> 15122000
Info 'riscvOVPsim/cpu', 0x00000000800053b8(.l_unshfl_386_Start+4): 7f630313 addi    t1,t1,2038
Info   t1 15122000 -> 151227f6
Info 'riscvOVPsim/cpu', 0x00000000800053bc(.l_unshfl_386_Start+8): 7e67fbb7 lui     s7,0x7e67f
Info   s7 475b8d69 -> 7e67f000
Info 'riscvOVPsim/cpu', 0x00000000800053c0(.l_unshfl_386_Start+c): 143b8b93 addi    s7,s7,323
Info   s7 7e67f000 -> 7e67f143
Info 'riscvOVPsim/cpu', 0x00000000800053c4(.l_unshfl_386_Start+10): 9735c33 unshfl  s8,t1,s7
Info   s8 475b8d69 -> 071453de
Info 'riscvOVPsim/cpu', 0x00000000800053c8(.l_unshfl_386_Start+14): 071450b7 lui     ra,0x7145
Info   ra 5c154bdf -> 07145000
Info 'riscvOVPsim/cpu', 0x00000000800053cc(.l_unshfl_386_Start+18): 3de08093 addi    ra,ra,990
Info   ra 07145000 -> 071453de
Info 'riscvOVPsim/cpu', 0x00000000800053d0(.l_unshfl_386_Start+1c): 001c0a63 beq     s8,ra,800053e4
Info 'riscvOVPsim/cpu', 0x00000000800053e4(.l_bdep_387_Start): 483284b7 lui     s1,0x48328
Info   s1 4733872d -> 48328000
Info 'riscvOVPsim/cpu', 0x00000000800053e8(.l_bdep_387_Start+4): 44248493 addi    s1,s1,1090
Info   s1 48328000 -> 48328442
Info 'riscvOVPsim/cpu', 0x00000000800053ec(.l_bdep_387_Start+8): 5a6f55b7 lui     a1,0x5a6f5
Info   a1 92e52c99 -> 5a6f5000
Info 'riscvOVPsim/cpu', 0x00000000800053f0(.l_bdep_387_Start+c): 09458593 addi    a1,a1,148
Info   a1 5a6f5000 -> 5a6f5094
Info 'riscvOVPsim/cpu', 0x00000000800053f4(.l_bdep_387_Start+10): 8b4a633 bdep    a2,s1,a1
Info   a2 00000000 -> 00420010
Info 'riscvOVPsim/cpu', 0x00000000800053f8(.l_bdep_387_Start+14): 00420137 lui     sp,0x420
Info   sp d95e2c7f -> 00420000
Info 'riscvOVPsim/cpu', 0x00000000800053fc(.l_bdep_387_Start+18): 01010113 addi    sp,sp,16
Info   sp 00420000 -> 00420010
Info 'riscvOVPsim/cpu', 0x0000000080005400(.l_bdep_387_Start+1c): 00260a63 beq     a2,sp,80005414
Info 'riscvOVPsim/cpu', 0x0000000080005414(.l_bext_388_Start): 3a7421b7 lui     gp,0x3a742
Info   gp 67c80002 -> 3a742000
Info 'riscvOVPsim/cpu', 0x0000000080005418(.l_bext_388_Start+4): 6c218193 addi    gp,gp,1730
Info   gp 3a742000 -> 3a7426c2
Info 'riscvOVPsim/cpu', 0x000000008000541c(.l_bext_388_Start+8): 5f483cb7 lui     s9,0x5f483
Info   s9 0e1a7b6a -> 5f483000
Info 'riscvOVPsim/cpu', 0x0000000080005420(.l_bext_388_Start+c): 831c8c93 addi    s9,s9,-1999
Info   s9 5f483000 -> 5f482831
Info 'riscvOVPsim/cpu', 0x0000000080005424(.l_bext_388_Start+10): 991ed33 bext    s10,gp,s9
Info   s10 0063a982 -> 00000d50
Info 'riscvOVPsim/cpu', 0x0000000080005428(.l_bext_388_Start+14): 00001f37 lui     t5,0x1
Info   t5 5c154bdf -> 00001000
Info 'riscvOVPsim/cpu', 0x000000008000542c(.l_bext_388_Start+18): d50f0f13 addi    t5,t5,-688
Info   t5 00001000 -> 00000d50
Info 'riscvOVPsim/cpu', 0x0000000080005430(.l_bext_388_Start+1c): 01ed0a63 beq     s10,t5,80005444
Info 'riscvOVPsim/cpu', 0x0000000080005444(.l_pack_389_Start): 6000eab7 lui     s5,0x6000e
Info   s5 29cafc02 -> 6000e000
Info 'riscvOVPsim/cpu', 0x0000000080005448(.l_pack_389_Start+4): 2d6a8a93 addi    s5,s5,726
Info   s5 6000e000 -> 6000e2d6
Info 'riscvOVPsim/cpu', 0x000000008000544c(.l_pack_389_Start+8): 55bfe137 lui     sp,0x55bfe
Info   sp 00420010 -> 55bfe000
Info 'riscvOVPsim/cpu', 0x0000000080005450(.l_pack_389_Start+c): 1fd10113 addi    sp,sp,509
Info   sp 55bfe000 -> 55bfe1fd
Info 'riscvOVPsim/cpu', 0x0000000080005454(.l_pack_389_Start+10): 082accb3 undef
Info   s9 5f482831 -> e1fde2d6
Info 'riscvOVPsim/cpu', 0x0000000080005458(.l_pack_389_Start+14): e1fdeb37 lui     s6,0xe1fde
Info   s6 f5b246ac -> e1fde000
Info 'riscvOVPsim/cpu', 0x000000008000545c(.l_pack_389_Start+18): 2d6b0b13 addi    s6,s6,726
Info   s6 e1fde000 -> e1fde2d6
Info 'riscvOVPsim/cpu', 0x0000000080005460(.l_pack_389_Start+1c): 016c8a63 beq     s9,s6,80005474
Info 'riscvOVPsim/cpu', 0x0000000080005474(.l_bfp_390_Start): 489d63b7 lui     t2,0x489d6
Info   t2 c76affb7 -> 489d6000
Info 'riscvOVPsim/cpu', 0x0000000080005478(.l_bfp_390_Start+4): e1038393 addi    t2,t2,-496
Info   t2 489d6000 -> 489d5e10
Info 'riscvOVPsim/cpu', 0x000000008000547c(.l_bfp_390_Start+8): 725655b7 lui     a1,0x72565
Info   a1 5a6f5094 -> 72565000
Info 'riscvOVPsim/cpu', 0x0000000080005480(.l_bfp_390_Start+c): e7358593 addi    a1,a1,-397
Info   a1 72565000 -> 72564e73
Info 'riscvOVPsim/cpu', 0x0000000080005484(.l_bfp_390_Start+10): 8b3f433 bfp     s0,t2,a1
Info   s0 475b8d69 -> 48dd5e10
Info 'riscvOVPsim/cpu', 0x0000000080005488(.l_bfp_390_Start+14): 48dd6cb7 lui     s9,0x48dd6
Info   s9 e1fde2d6 -> 48dd6000
Info 'riscvOVPsim/cpu', 0x000000008000548c(.l_bfp_390_Start+18): e10c8c93 addi    s9,s9,-496
Info   s9 48dd6000 -> 48dd5e10
Info 'riscvOVPsim/cpu', 0x0000000080005490(.l_bfp_390_Start+1c): 01940a63 beq     s0,s9,800054a4
Info 'riscvOVPsim/cpu', 0x00000000800054a4(.l_shfli_391_Start): 6db6e437 lui     s0,0x6db6e
Info   s0 48dd5e10 -> 6db6e000
Info 'riscvOVPsim/cpu', 0x00000000800054a8(.l_shfli_391_Start+4): c9d40413 addi    s0,s0,-867
Info   s0 6db6e000 -> 6db6dc9d
Info 'riscvOVPsim/cpu', 0x00000000800054ac(.l_shfli_391_Start+8): 9a41a13 shfli   s4,s0,26
Info   s4 55d6498c -> 79f49eb5
Info 'riscvOVPsim/cpu', 0x00000000800054b0(.l_shfli_391_Start+c): 79f4a8b7 lui     a7,0x79f4a
Info   a7 488cefe8 -> 79f4a000
Info 'riscvOVPsim/cpu', 0x00000000800054b4(.l_shfli_391_Start+10): eb588893 addi    a7,a7,-331
Info   a7 79f4a000 -> 79f49eb5
Info 'riscvOVPsim/cpu', 0x00000000800054b8(.l_shfli_391_Start+14): 011a0a63 beq     s4,a7,800054cc
Info 'riscvOVPsim/cpu', 0x00000000800054cc(.l_unshfli_392_Start): 6d7e67b7 lui     a5,0x6d7e6
Info   a5 183e4dcf -> 6d7e6000
Info 'riscvOVPsim/cpu', 0x00000000800054d0(.l_unshfli_392_Start+4): d3a78793 addi    a5,a5,-710
Info   a5 6d7e6000 -> 6d7e5d3a
Info 'riscvOVPsim/cpu', 0x00000000800054d4(.l_unshfli_392_Start+8): 8a7d813 unshfli a6,a5,10
Info   a6 92e52c99 -> 79757e2e
Info 'riscvOVPsim/cpu', 0x00000000800054d8(.l_unshfli_392_Start+c): 79758bb7 lui     s7,0x79758
Info   s7 7e67f143 -> 79758000
Info 'riscvOVPsim/cpu', 0x00000000800054dc(.l_unshfli_392_Start+10): e2eb8b93 addi    s7,s7,-466
Info   s7 79758000 -> 79757e2e
Info 'riscvOVPsim/cpu', 0x00000000800054e0(.l_unshfli_392_Start+14): 01780a63 beq     a6,s7,800054f4
Info 'riscvOVPsim/cpu', 0x00000000800054f4(.l_andn_393_Start): 61121db7 lui     s11,0x61121
Info   s11 11a5da5e -> 61121000
Info 'riscvOVPsim/cpu', 0x00000000800054f8(.l_andn_393_Start+4): 05ed8d93 addi    s11,s11,94
Info   s11 61121000 -> 6112105e
Info 'riscvOVPsim/cpu', 0x00000000800054fc(.l_andn_393_Start+8): 365d37b7 lui     a5,0x365d3
Info   a5 6d7e5d3a -> 365d3000
Info 'riscvOVPsim/cpu', 0x0000000080005500(.l_andn_393_Start+c): 64878793 addi    a5,a5,1608
Info   a5 365d3000 -> 365d3648
Info 'riscvOVPsim/cpu', 0x0000000080005504(.l_andn_393_Start+10): 40fdf333 andn    t1,s11,a5
Info   t1 151227f6 -> 41020016
Info 'riscvOVPsim/cpu', 0x0000000080005508(.l_andn_393_Start+14): 41020e37 lui     t3,0x41020
Info   t3 00000001 -> 41020000
Info 'riscvOVPsim/cpu', 0x000000008000550c(.l_andn_393_Start+18): 016e0e13 addi    t3,t3,22
Info   t3 41020000 -> 41020016
Info 'riscvOVPsim/cpu', 0x0000000080005510(.l_andn_393_Start+1c): 01c30a63 beq     t1,t3,80005524
Info 'riscvOVPsim/cpu', 0x0000000080005524(.l_orn_394_Start): 00000013 nop
Info 'riscvOVPsim/cpu', 0x0000000080005528(.l_orn_394_Start+4): 798bbcb7 lui     s9,0x798bb
Info   s9 48dd5e10 -> 798bb000
Info 'riscvOVPsim/cpu', 0x000000008000552c(.l_orn_394_Start+8): 575c8c93 addi    s9,s9,1397
Info   s9 798bb000 -> 798bb575
Info 'riscvOVPsim/cpu', 0x0000000080005530(.l_orn_394_Start+c): 41906533 orn     a0,zero,s9
Info   a0 c61a37b3 -> 86744a8a
Info 'riscvOVPsim/cpu', 0x0000000080005534(.l_orn_394_Start+10): 867459b7 lui     s3,0x86745
Info   s3 60b0fbe8 -> 86745000
Info 'riscvOVPsim/cpu', 0x0000000080005538(.l_orn_394_Start+14): a8a98993 addi    s3,s3,-1398
Info   s3 86745000 -> 86744a8a
Info 'riscvOVPsim/cpu', 0x000000008000553c(.l_orn_394_Start+18): 01350a63 beq     a0,s3,80005550
Info 'riscvOVPsim/cpu', 0x0000000080005550(.l_xnor_395_Start): 3e4a8cb7 lui     s9,0x3e4a8
Info   s9 798bb575 -> 3e4a8000
Info 'riscvOVPsim/cpu', 0x0000000080005554(.l_xnor_395_Start+4): e62c8c93 addi    s9,s9,-414
Info   s9 3e4a8000 -> 3e4a7e62
Info 'riscvOVPsim/cpu', 0x0000000080005558(.l_xnor_395_Start+8): 21e4c5b7 lui     a1,0x21e4c
Info   a1 72564e73 -> 21e4c000
Info 'riscvOVPsim/cpu', 0x000000008000555c(.l_xnor_395_Start+c): 8d358593 addi    a1,a1,-1837
Info   a1 21e4c000 -> 21e4b8d3
Info 'riscvOVPsim/cpu', 0x0000000080005560(.l_xnor_395_Start+10): 40bccdb3 xnor    s11,s9,a1
Info   s11 6112105e -> e051394e
Info 'riscvOVPsim/cpu', 0x0000000080005564(.l_xnor_395_Start+14): e05140b7 lui     ra,0xe0514
Info   ra 071453de -> e0514000
Info 'riscvOVPsim/cpu', 0x0000000080005568(.l_xnor_395_Start+18): 94e08093 addi    ra,ra,-1714
Info   ra e0514000 -> e051394e
Info 'riscvOVPsim/cpu', 0x000000008000556c(.l_xnor_395_Start+1c): 001d8a63 beq     s11,ra,80005580
Info 'riscvOVPsim/cpu', 0x0000000080005580(.l_slo_396_Start): 406f3a37 lui     s4,0x406f3
Info   s4 79f49eb5 -> 406f3000
Info 'riscvOVPsim/cpu', 0x0000000080005584(.l_slo_396_Start+4): 348a0a13 addi    s4,s4,840
Info   s4 406f3000 -> 406f3348
Info 'riscvOVPsim/cpu', 0x0000000080005588(.l_slo_396_Start+8): 72aa81b7 lui     gp,0x72aa8
Info   gp 3a7426c2 -> 72aa8000
Info 'riscvOVPsim/cpu', 0x000000008000558c(.l_slo_396_Start+c): b2b18193 addi    gp,gp,-1237
Info   gp 72aa8000 -> 72aa7b2b
Info 'riscvOVPsim/cpu', 0x0000000080005590(.l_slo_396_Start+10): 203a11b3 slo     gp,s4,gp
Info   gp 72aa7b2b -> 799a47ff
Info 'riscvOVPsim/cpu', 0x0000000080005594(.l_slo_396_Start+14): 799a40b7 lui     ra,0x799a4
Info   ra e051394e -> 799a4000
Info 'riscvOVPsim/cpu', 0x0000000080005598(.l_slo_396_Start+18): 7ff08093 addi    ra,ra,2047
Info   ra 799a4000 -> 799a47ff
Info 'riscvOVPsim/cpu', 0x000000008000559c(.l_slo_396_Start+1c): 00118a63 beq     gp,ra,800055b0
Info 'riscvOVPsim/cpu', 0x00000000800055b0(.l_sro_397_Start): 76dc7a37 lui     s4,0x76dc7
Info   s4 406f3348 -> 76dc7000
Info 'riscvOVPsim/cpu', 0x00000000800055b4(.l_sro_397_Start+4): 623a0a13 addi    s4,s4,1571
Info   s4 76dc7000 -> 76dc7623
Info 'riscvOVPsim/cpu', 0x00000000800055b8(.l_sro_397_Start+8): 4d8c8437 lui     s0,0x4d8c8
Info   s0 6db6dc9d -> 4d8c8000
Info 'riscvOVPsim/cpu', 0x00000000800055bc(.l_sro_397_Start+c): 19240413 addi    s0,s0,402
Info   s0 4d8c8000 -> 4d8c8192
Info 'riscvOVPsim/cpu', 0x00000000800055c0(.l_sro_397_Start+10): 208a58b3 sro     a7,s4,s0
Info   a7 79f49eb5 -> ffffddb7
Info 'riscvOVPsim/cpu', 0x00000000800055c4(.l_sro_397_Start+14): ffffe7b7 lui     a5,0xffffe
Info   a5 365d3648 -> ffffe000
Info 'riscvOVPsim/cpu', 0x00000000800055c8(.l_sro_397_Start+18): db778793 addi    a5,a5,-585
Info   a5 ffffe000 -> ffffddb7
Info 'riscvOVPsim/cpu', 0x00000000800055cc(.l_sro_397_Start+1c): 00f88a63 beq     a7,a5,800055e0
Info 'riscvOVPsim/cpu', 0x00000000800055e0(.l_rol_398_Start): 2c488eb7 lui     t4,0x2c488
Info   t4 42491a9b -> 2c488000
Info 'riscvOVPsim/cpu', 0x00000000800055e4(.l_rol_398_Start+4): 12ce8e93 addi    t4,t4,300
Info   t4 2c488000 -> 2c48812c
Info 'riscvOVPsim/cpu', 0x00000000800055e8(.l_rol_398_Start+8): 63e05c37 lui     s8,0x63e05
Info   s8 071453de -> 63e05000
Info 'riscvOVPsim/cpu', 0x00000000800055ec(.l_rol_398_Start+c): ef8c0c13 addi    s8,s8,-264
Info   s8 63e05000 -> 63e04ef8
Info 'riscvOVPsim/cpu', 0x00000000800055f0(.l_rol_398_Start+10): 618e9d33 rol     s10,t4,s8
Info   s10 00000d50 -> 2c2c4881
Info 'riscvOVPsim/cpu', 0x00000000800055f4(.l_rol_398_Start+14): 2c2c56b7 lui     a3,0x2c2c5
Info   a3 9af7d536 -> 2c2c5000
Info 'riscvOVPsim/cpu', 0x00000000800055f8(.l_rol_398_Start+18): 88168693 addi    a3,a3,-1919
Info   a3 2c2c5000 -> 2c2c4881
Info 'riscvOVPsim/cpu', 0x00000000800055fc(.l_rol_398_Start+1c): 00dd0a63 beq     s10,a3,80005610
Info 'riscvOVPsim/cpu', 0x0000000080005610(.l_ror_399_Start): 784b1a37 lui     s4,0x784b1
Info   s4 76dc7623 -> 784b1000
Info 'riscvOVPsim/cpu', 0x0000000080005614(.l_ror_399_Start+4): 5eda0a13 addi    s4,s4,1517
Info   s4 784b1000 -> 784b15ed
Info 'riscvOVPsim/cpu', 0x0000000080005618(.l_ror_399_Start+8): 49bbf1b7 lui     gp,0x49bbf
Info   gp 799a47ff -> 49bbf000
Info 'riscvOVPsim/cpu', 0x000000008000561c(.l_ror_399_Start+c): 06618193 addi    gp,gp,102
Info   gp 49bbf000 -> 49bbf066
Info 'riscvOVPsim/cpu', 0x0000000080005620(.l_ror_399_Start+10): 603a59b3 ror     s3,s4,gp
Info   s3 86744a8a -> b5e12c57
Info 'riscvOVPsim/cpu', 0x0000000080005624(.l_ror_399_Start+14): b5e138b7 lui     a7,0xb5e13
Info   a7 ffffddb7 -> b5e13000
Info 'riscvOVPsim/cpu', 0x0000000080005628(.l_ror_399_Start+18): c5788893 addi    a7,a7,-937
Info   a7 b5e13000 -> b5e12c57
Info 'riscvOVPsim/cpu', 0x000000008000562c(.l_ror_399_Start+1c): 01198a63 beq     s3,a7,80005640
Info 'riscvOVPsim/cpu', 0x0000000080005640(.l_sbclr_400_Start): 20434437 lui     s0,0x20434
Info   s0 4d8c8192 -> 20434000
Info 'riscvOVPsim/cpu', 0x0000000080005644(.l_sbclr_400_Start+4): 3a040413 addi    s0,s0,928
Info   s0 20434000 -> 204343a0
Info 'riscvOVPsim/cpu', 0x0000000080005648(.l_sbclr_400_Start+8): 00000013 nop
Info 'riscvOVPsim/cpu', 0x000000008000564c(.l_sbclr_400_Start+c): 48041433 sbclr   s0,s0,zero
Info 'riscvOVPsim/cpu', 0x0000000080005650(.l_sbclr_400_Start+10): 20434eb7 lui     t4,0x20434
Info   t4 2c48812c -> 20434000
Info 'riscvOVPsim/cpu', 0x0000000080005654(.l_sbclr_400_Start+14): 3a0e8e93 addi    t4,t4,928
Info   t4 20434000 -> 204343a0
Info 'riscvOVPsim/cpu', 0x0000000080005658(.l_sbclr_400_Start+18): 01d40a63 beq     s0,t4,8000566c
Info 'riscvOVPsim/cpu', 0x000000008000566c(.l_sbset_401_Start): 27ad8337 lui     t1,0x27ad8
Info   t1 41020016 -> 27ad8000
Info 'riscvOVPsim/cpu', 0x0000000080005670(.l_sbset_401_Start+4): 9a930313 addi    t1,t1,-1623
Info   t1 27ad8000 -> 27ad79a9
Info 'riscvOVPsim/cpu', 0x0000000080005674(.l_sbset_401_Start+8): 63e46237 lui     tp,0x63e46
Info   tp 70d89fb8 -> 63e46000
Info 'riscvOVPsim/cpu', 0x0000000080005678(.l_sbset_401_Start+c): edb20213 addi    tp,tp,-293
Info   tp 63e46000 -> 63e45edb
Info 'riscvOVPsim/cpu', 0x000000008000567c(.l_sbset_401_Start+10): 28431133 sbset   sp,t1,tp
Info   sp 55bfe1fd -> 2fad79a9
Info 'riscvOVPsim/cpu', 0x0000000080005680(.l_sbset_401_Start+14): 2fad8c37 lui     s8,0x2fad8
Info   s8 63e04ef8 -> 2fad8000
Info 'riscvOVPsim/cpu', 0x0000000080005684(.l_sbset_401_Start+18): 9a9c0c13 addi    s8,s8,-1623
Info   s8 2fad8000 -> 2fad79a9
Info 'riscvOVPsim/cpu', 0x0000000080005688(.l_sbset_401_Start+1c): 01810a63 beq     sp,s8,8000569c
Info 'riscvOVPsim/cpu', 0x000000008000569c(.l_sbinv_402_Start): 7ab95a37 lui     s4,0x7ab95
Info   s4 784b15ed -> 7ab95000
Info 'riscvOVPsim/cpu', 0x00000000800056a0(.l_sbinv_402_Start+4): c9da0a13 addi    s4,s4,-867
Info   s4 7ab95000 -> 7ab94c9d
Info 'riscvOVPsim/cpu', 0x00000000800056a4(.l_sbinv_402_Start+8): 7c6c7637 lui     a2,0x7c6c7
Info   a2 00420010 -> 7c6c7000
Info 'riscvOVPsim/cpu', 0x00000000800056a8(.l_sbinv_402_Start+c): a4d60613 addi    a2,a2,-1459
Info   a2 7c6c7000 -> 7c6c6a4d
Info 'riscvOVPsim/cpu', 0x00000000800056ac(.l_sbinv_402_Start+10): 68ca1f33 sbinv   t5,s4,a2
Info   t5 00000d50 -> 7ab96c9d
Info 'riscvOVPsim/cpu', 0x00000000800056b0(.l_sbinv_402_Start+14): 7ab979b7 lui     s3,0x7ab97
Info   s3 b5e12c57 -> 7ab97000
Info 'riscvOVPsim/cpu', 0x00000000800056b4(.l_sbinv_402_Start+18): c9d98993 addi    s3,s3,-867
Info   s3 7ab97000 -> 7ab96c9d
Info 'riscvOVPsim/cpu', 0x00000000800056b8(.l_sbinv_402_Start+1c): 013f0a63 beq     t5,s3,800056cc
Info 'riscvOVPsim/cpu', 0x00000000800056cc(.l_sbext_403_Start): 538ff7b7 lui     a5,0x538ff
Info   a5 ffffddb7 -> 538ff000
Info 'riscvOVPsim/cpu', 0x00000000800056d0(.l_sbext_403_Start+4): 74878793 addi    a5,a5,1864
Info   a5 538ff000 -> 538ff748
Info 'riscvOVPsim/cpu', 0x00000000800056d4(.l_sbext_403_Start+8): 10e563b7 lui     t2,0x10e56
Info   t2 489d5e10 -> 10e56000
Info 'riscvOVPsim/cpu', 0x00000000800056d8(.l_sbext_403_Start+c): e3c38393 addi    t2,t2,-452
Info   t2 10e56000 -> 10e55e3c
Info 'riscvOVPsim/cpu', 0x00000000800056dc(.l_sbext_403_Start+10): 4877dab3 sbext   s5,a5,t2
Info   s5 6000e2d6 -> 00000001
Info 'riscvOVPsim/cpu', 0x00000000800056e0(.l_sbext_403_Start+14): 00100113 addi    sp,zero,1
Info   sp 2fad79a9 -> 00000001
Info 'riscvOVPsim/cpu', 0x00000000800056e4(.l_sbext_403_Start+18): 002a8a63 beq     s5,sp,800056f8
Info 'riscvOVPsim/cpu', 0x00000000800056f8(.l_grev_404_Start): 00000013 nop
Info 'riscvOVPsim/cpu', 0x00000000800056fc(.l_grev_404_Start+4): 235f47b7 lui     a5,0x235f4
Info   a5 538ff748 -> 235f4000
Info 'riscvOVPsim/cpu', 0x0000000080005700(.l_grev_404_Start+8): 98378793 addi    a5,a5,-1661
Info   a5 235f4000 -> 235f3983
Info 'riscvOVPsim/cpu', 0x0000000080005704(.l_grev_404_Start+c): 68f05fb3 grev    t6,zero,a5
Info   t6 266f657c -> 00000000
Info 'riscvOVPsim/cpu', 0x0000000080005708(.l_grev_404_Start+10): 00000493 mv      s1,zero
Info   s1 48328442 -> 00000000
Info 'riscvOVPsim/cpu', 0x000000008000570c(.l_grev_404_Start+14): 009f8a63 beq     t6,s1,80005720
Info 'riscvOVPsim/cpu', 0x0000000080005720(.l_sloi_405_Start): 71cfd0b7 lui     ra,0x71cfd
Info   ra 799a47ff -> 71cfd000
Info 'riscvOVPsim/cpu', 0x0000000080005724(.l_sloi_405_Start+4): b2a08093 addi    ra,ra,-1238
Info   ra 71cfd000 -> 71cfcb2a
Info 'riscvOVPsim/cpu', 0x0000000080005728(.l_sloi_405_Start+8): 22a09113 sloi    sp,ra,42
Info   sp 00000001 -> 3f2cabff
Info 'riscvOVPsim/cpu', 0x000000008000572c(.l_sloi_405_Start+c): 3f2cbc37 lui     s8,0x3f2cb
Info   s8 2fad79a9 -> 3f2cb000
Info 'riscvOVPsim/cpu', 0x0000000080005730(.l_sloi_405_Start+10): bffc0c13 addi    s8,s8,-1025
Info   s8 3f2cb000 -> 3f2cabff
Info 'riscvOVPsim/cpu', 0x0000000080005734(.l_sloi_405_Start+14): 01810a63 beq     sp,s8,80005748
Info 'riscvOVPsim/cpu', 0x0000000080005748(.l_sroi_406_Start): 1fe80eb7 lui     t4,0x1fe80
Info   t4 204343a0 -> 1fe80000
Info 'riscvOVPsim/cpu', 0x000000008000574c(.l_sroi_406_Start+4): de4e8e93 addi    t4,t4,-540
Info   t4 1fe80000 -> 1fe7fde4
Info 'riscvOVPsim/cpu', 0x0000000080005750(.l_sroi_406_Start+8): 20aed513 sroi    a0,t4,10
Info   a0 86744a8a -> ffc7f9ff
Info 'riscvOVPsim/cpu', 0x0000000080005754(.l_sroi_406_Start+c): ffc80db7 lui     s11,0xffc80
Info   s11 e051394e -> ffc80000
Info 'riscvOVPsim/cpu', 0x0000000080005758(.l_sroi_406_Start+10): 9ffd8d93 addi    s11,s11,-1537
Info   s11 ffc80000 -> ffc7f9ff
Info 'riscvOVPsim/cpu', 0x000000008000575c(.l_sroi_406_Start+14): 01b50a63 beq     a0,s11,80005770
Info 'riscvOVPsim/cpu', 0x0000000080005770(.l_rori_407_Start): 199f2137 lui     sp,0x199f2
Info   sp 3f2cabff -> 199f2000
Info 'riscvOVPsim/cpu', 0x0000000080005774(.l_rori_407_Start+4): a4010113 addi    sp,sp,-1472
Info   sp 199f2000 -> 199f1a40
Info 'riscvOVPsim/cpu', 0x0000000080005778(.l_rori_407_Start+8): 60d15713 rori    a4,sp,13
Info   a4 64bd4d42 -> d200ccf8
Info 'riscvOVPsim/cpu', 0x000000008000577c(.l_rori_407_Start+c): d200ddb7 lui     s11,0xd200d
Info   s11 ffc7f9ff -> d200d000
Info 'riscvOVPsim/cpu', 0x0000000080005780(.l_rori_407_Start+10): cf8d8d93 addi    s11,s11,-776
Info   s11 d200d000 -> d200ccf8
Info 'riscvOVPsim/cpu', 0x0000000080005784(.l_rori_407_Start+14): 01b70a63 beq     a4,s11,80005798
Info 'riscvOVPsim/cpu', 0x0000000080005798(.l_sbclri_408_Start): 2956cab7 lui     s5,0x2956c
Info   s5 00000001 -> 2956c000
Info 'riscvOVPsim/cpu', 0x000000008000579c(.l_sbclri_408_Start+4): e42a8a93 addi    s5,s5,-446
Info   s5 2956c000 -> 2956be42
Info 'riscvOVPsim/cpu', 0x00000000800057a0(.l_sbclri_408_Start+8): 493a9113 sbclri  sp,s5,19
Info   sp 199f1a40 -> 2956be42
Info 'riscvOVPsim/cpu', 0x00000000800057a4(.l_sbclri_408_Start+c): 2956ceb7 lui     t4,0x2956c
Info   t4 1fe7fde4 -> 2956c000
Info 'riscvOVPsim/cpu', 0x00000000800057a8(.l_sbclri_408_Start+10): e42e8e93 addi    t4,t4,-446
Info   t4 2956c000 -> 2956be42
Info 'riscvOVPsim/cpu', 0x00000000800057ac(.l_sbclri_408_Start+14): 01d10a63 beq     sp,t4,800057c0
Info 'riscvOVPsim/cpu', 0x00000000800057c0(.l_sbseti_409_Start): 787c8737 lui     a4,0x787c8
Info   a4 d200ccf8 -> 787c8000
Info 'riscvOVPsim/cpu', 0x00000000800057c4(.l_sbseti_409_Start+4): e7670713 addi    a4,a4,-394
Info   a4 787c8000 -> 787c7e76
Info 'riscvOVPsim/cpu', 0x00000000800057c8(.l_sbseti_409_Start+8): 28971413 sbseti  s0,a4,9
Info   s0 204343a0 -> 787c7e76
Info 'riscvOVPsim/cpu', 0x00000000800057cc(.l_sbseti_409_Start+c): 787c8ab7 lui     s5,0x787c8
Info   s5 2956be42 -> 787c8000
Info 'riscvOVPsim/cpu', 0x00000000800057d0(.l_sbseti_409_Start+10): e76a8a93 addi    s5,s5,-394
Info   s5 787c8000 -> 787c7e76
Info 'riscvOVPsim/cpu', 0x00000000800057d4(.l_sbseti_409_Start+14): 01540a63 beq     s0,s5,800057e8
Info 'riscvOVPsim/cpu', 0x00000000800057e8(.l_sbinvi_410_Start): 03300db7 lui     s11,0x3300
Info   s11 d200ccf8 -> 03300000
Info 'riscvOVPsim/cpu', 0x00000000800057ec(.l_sbinvi_410_Start+4): b4fd8d93 addi    s11,s11,-1201
Info   s11 03300000 -> 032ffb4f
Info 'riscvOVPsim/cpu', 0x00000000800057f0(.l_sbinvi_410_Start+8): 6b7d9293 sbinvi  t0,s11,55
Info   t0 060fcde0 -> 03affb4f
Info 'riscvOVPsim/cpu', 0x00000000800057f4(.l_sbinvi_410_Start+c): 03b00e37 lui     t3,0x3b00
Info   t3 41020016 -> 03b00000
Info 'riscvOVPsim/cpu', 0x00000000800057f8(.l_sbinvi_410_Start+10): b4fe0e13 addi    t3,t3,-1201
Info   t3 03b00000 -> 03affb4f
Info 'riscvOVPsim/cpu', 0x00000000800057fc(.l_sbinvi_410_Start+14): 01c28a63 beq     t0,t3,80005810
Info 'riscvOVPsim/cpu', 0x0000000080005810(.l_sbexti_411_Start): 0a4acb37 lui     s6,0xa4ac
Info   s6 e1fde2d6 -> 0a4ac000
Info 'riscvOVPsim/cpu', 0x0000000080005814(.l_sbexti_411_Start+4): a00b0b13 addi    s6,s6,-1536
Info   s6 0a4ac000 -> 0a4aba00
Info 'riscvOVPsim/cpu', 0x0000000080005818(.l_sbexti_411_Start+8): 4b0b5d13 sbexti  s10,s6,48
Info   s10 2c2c4881 -> 00000000
Info 'riscvOVPsim/cpu', 0x000000008000581c(.l_sbexti_411_Start+c): 00000313 mv      t1,zero
Info   t1 27ad79a9 -> 00000000
Info 'riscvOVPsim/cpu', 0x0000000080005820(.l_sbexti_411_Start+10): 006d0a63 beq     s10,t1,80005834
Info 'riscvOVPsim/cpu', 0x0000000080005834(.l_grevi_412_Start): 2a52a737 lui     a4,0x2a52a
Info   a4 787c7e76 -> 2a52a000
Info 'riscvOVPsim/cpu', 0x0000000080005838(.l_grevi_412_Start+4): 07a70713 addi    a4,a4,122
Info   a4 2a52a000 -> 2a52a07a
Info 'riscvOVPsim/cpu', 0x000000008000583c(.l_grevi_412_Start+8): 69e75d13 grevi   s10,a4,30
Info   s10 00000000 -> ad0a85a8
Info 'riscvOVPsim/cpu', 0x0000000080005840(.l_grevi_412_Start+c): ad0a8fb7 lui     t6,0xad0a8
Info   t6 00000000 -> ad0a8000
Info 'riscvOVPsim/cpu', 0x0000000080005844(.l_grevi_412_Start+10): 5a8f8f93 addi    t6,t6,1448
Info   t6 ad0a8000 -> ad0a85a8
Info 'riscvOVPsim/cpu', 0x0000000080005848(.l_grevi_412_Start+14): 01fd0a63 beq     s10,t6,8000585c
Info 'riscvOVPsim/cpu', 0x000000008000585c(.l_cmix_413_Start): 0c0ac9b7 lui     s3,0xc0ac
Info   s3 7ab96c9d -> 0c0ac000
Info 'riscvOVPsim/cpu', 0x0000000080005860(.l_cmix_413_Start+4): 9bd98993 addi    s3,s3,-1603
Info   s3 0c0ac000 -> 0c0ab9bd
Info 'riscvOVPsim/cpu', 0x0000000080005864(.l_cmix_413_Start+8): 36723e37 lui     t3,0x36723
Info   t3 03affb4f -> 36723000
Info 'riscvOVPsim/cpu', 0x0000000080005868(.l_cmix_413_Start+c): 6f1e0e13 addi    t3,t3,1777
Info   t3 36723000 -> 367236f1
Info 'riscvOVPsim/cpu', 0x000000008000586c(.l_cmix_413_Start+10): 1e4197b7 lui     a5,0x1e419
Info   a5 235f3983 -> 1e419000
Info 'riscvOVPsim/cpu', 0x0000000080005870(.l_cmix_413_Start+14): 91278793 addi    a5,a5,-1774
Info   a5 1e419000 -> 1e418912
Info 'riscvOVPsim/cpu', 0x0000000080005874(.l_cmix_413_Start+18): 7fc99133 cmix    sp,s3,t3,a5
Info   sp 2956be42 -> 0c03b9b3
Info 'riscvOVPsim/cpu', 0x0000000080005878(.l_cmix_413_Start+1c): 0c03c937 lui     s2,0xc03c
Info   s2 60b0fbe8 -> 0c03c000
Info 'riscvOVPsim/cpu', 0x000000008000587c(.l_cmix_413_Start+20): 9b390913 addi    s2,s2,-1613
Info   s2 0c03c000 -> 0c03b9b3
Info 'riscvOVPsim/cpu', 0x0000000080005880(.l_cmix_413_Start+24): 01210a63 beq     sp,s2,80005894
Info 'riscvOVPsim/cpu', 0x0000000080005894(.l_cmov_414_Start): 363e5837 lui     a6,0x363e5
Info   a6 79757e2e -> 363e5000
Info 'riscvOVPsim/cpu', 0x0000000080005898(.l_cmov_414_Start+4): f1e80813 addi    a6,a6,-226
Info   a6 363e5000 -> 363e4f1e
Info 'riscvOVPsim/cpu', 0x000000008000589c(.l_cmov_414_Start+8): 35a81ab7 lui     s5,0x35a81
Info   s5 787c7e76 -> 35a81000
Info 'riscvOVPsim/cpu', 0x00000000800058a0(.l_cmov_414_Start+c): a34a8a93 addi    s5,s5,-1484
Info   s5 35a81000 -> 35a80a34
Info 'riscvOVPsim/cpu', 0x00000000800058a4(.l_cmov_414_Start+10): 3081fc37 lui     s8,0x3081f
Info   s8 3f2cabff -> 3081f000
Info 'riscvOVPsim/cpu', 0x00000000800058a8(.l_cmov_414_Start+14): 595c0c13 addi    s8,s8,1429
Info   s8 3081f000 -> 3081f595
Info 'riscvOVPsim/cpu', 0x00000000800058ac(.l_cmov_414_Start+18): c7585833 cmov    a6,a6,s5,s8
Info 'riscvOVPsim/cpu', 0x00000000800058b0(.l_cmov_414_Start+1c): 363e5f37 lui     t5,0x363e5
Info   t5 7ab96c9d -> 363e5000
Info 'riscvOVPsim/cpu', 0x00000000800058b4(.l_cmov_414_Start+20): f1ef0f13 addi    t5,t5,-226
Info   t5 363e5000 -> 363e4f1e
Info 'riscvOVPsim/cpu', 0x00000000800058b8(.l_cmov_414_Start+24): 01e80a63 beq     a6,t5,800058cc
Info 'riscvOVPsim/cpu', 0x00000000800058cc(.l_fsl_415_Start): 33bac7b7 lui     a5,0x33bac
Info   a5 1e418912 -> 33bac000
Info 'riscvOVPsim/cpu', 0x00000000800058d0(.l_fsl_415_Start+4): 88778793 addi    a5,a5,-1913
Info   a5 33bac000 -> 33bab887
Info 'riscvOVPsim/cpu', 0x00000000800058d4(.l_fsl_415_Start+8): 35b76637 lui     a2,0x35b76
Info   a2 7c6c6a4d -> 35b76000
Info 'riscvOVPsim/cpu', 0x00000000800058d8(.l_fsl_415_Start+c): 74f60613 addi    a2,a2,1871
Info   a2 35b76000 -> 35b7674f
Info 'riscvOVPsim/cpu', 0x00000000800058dc(.l_fsl_415_Start+10): 37831c37 lui     s8,0x37831
Info   s8 3081f595 -> 37831000
Info 'riscvOVPsim/cpu', 0x00000000800058e0(.l_fsl_415_Start+14): 20ec0c13 addi    s8,s8,526
Info   s8 37831000 -> 3783120e
Info 'riscvOVPsim/cpu', 0x00000000800058e4(.l_fsl_415_Start+18): c4c79233 fsl     tp,a5,a2,s8
Info   tp 63e45edb -> 5c439bc1
Info 'riscvOVPsim/cpu', 0x00000000800058e8(.l_fsl_415_Start+1c): 5c43a1b7 lui     gp,0x5c43a
Info   gp 49bbf066 -> 5c43a000
Info 'riscvOVPsim/cpu', 0x00000000800058ec(.l_fsl_415_Start+20): bc118193 addi    gp,gp,-1087
Info   gp 5c43a000 -> 5c439bc1
Info 'riscvOVPsim/cpu', 0x00000000800058f0(.l_fsl_415_Start+24): 00320a63 beq     tp,gp,80005904
Info 'riscvOVPsim/cpu', 0x0000000080005904(.l_fsr_416_Start): 5466d7b7 lui     a5,0x5466d
Info   a5 33bab887 -> 5466d000
Info 'riscvOVPsim/cpu', 0x0000000080005908(.l_fsr_416_Start+4): c8e78793 addi    a5,a5,-882
Info   a5 5466d000 -> 5466cc8e
Info 'riscvOVPsim/cpu', 0x000000008000590c(.l_fsr_416_Start+8): 11c514b7 lui     s1,0x11c51
Info   s1 00000000 -> 11c51000
Info 'riscvOVPsim/cpu', 0x0000000080005910(.l_fsr_416_Start+c): a9448493 addi    s1,s1,-1388
Info   s1 11c51000 -> 11c50a94
Info 'riscvOVPsim/cpu', 0x0000000080005914(.l_fsr_416_Start+10): 39f8dd37 lui     s10,0x39f8d
Info   s10 ad0a85a8 -> 39f8d000
Info 'riscvOVPsim/cpu', 0x0000000080005918(.l_fsr_416_Start+14): 96fd0d13 addi    s10,s10,-1681
Info   s10 39f8d000 -> 39f8c96f
Info 'riscvOVPsim/cpu', 0x000000008000591c(.l_fsr_416_Start+18): d497d5b3 fsr     a1,a5,s1,s10
Info   a1 21e4b8d3 -> 8c96f546
Info 'riscvOVPsim/cpu', 0x0000000080005920(.l_fsr_416_Start+1c): 8c96fcb7 lui     s9,0x8c96f
Info   s9 3e4a7e62 -> 8c96f000
Info 'riscvOVPsim/cpu', 0x0000000080005924(.l_fsr_416_Start+20): 546c8c93 addi    s9,s9,1350
Info   s9 8c96f000 -> 8c96f546
Info 'riscvOVPsim/cpu', 0x0000000080005928(.l_fsr_416_Start+24): 01958a63 beq     a1,s9,8000593c
Info 'riscvOVPsim/cpu', 0x000000008000593c(.l_fsri_417_Start): 44efd8b7 lui     a7,0x44efd
Info   a7 b5e12c57 -> 44efd000
Info 'riscvOVPsim/cpu', 0x0000000080005940(.l_fsri_417_Start+4): af088893 addi    a7,a7,-1296
Info   a7 44efd000 -> 44efcaf0
Info 'riscvOVPsim/cpu', 0x0000000080005944(.l_fsri_417_Start+8): 1676bfb7 lui     t6,0x1676b
Info   t6 ad0a85a8 -> 1676b000
Info 'riscvOVPsim/cpu', 0x0000000080005948(.l_fsri_417_Start+c): 831f8f93 addi    t6,t6,-1999
Info   t6 1676b000 -> 1676a831
Info 'riscvOVPsim/cpu', 0x000000008000594c(.l_fsri_417_Start+10): fde8d093 fsri    ra,a7,t6,30
Info   ra 71cfcb2a -> 59daa0c5
Info 'riscvOVPsim/cpu', 0x0000000080005950(.l_fsri_417_Start+14): 59daa4b7 lui     s1,0x59daa
Info   s1 11c50a94 -> 59daa000
Info 'riscvOVPsim/cpu', 0x0000000080005954(.l_fsri_417_Start+18): 0c548493 addi    s1,s1,197
Info   s1 59daa000 -> 59daa0c5
Info 'riscvOVPsim/cpu', 0x0000000080005958(.l_fsri_417_Start+1c): 00908a63 beq     ra,s1,8000596c
Info 'riscvOVPsim/cpu', 0x000000008000596c(.l_clz_418_Start): 23ea80b7 lui     ra,0x23ea8
Info   ra 59daa0c5 -> 23ea8000
Info 'riscvOVPsim/cpu', 0x0000000080005970(.l_clz_418_Start+4): 97608093 addi    ra,ra,-1674
Info   ra 23ea8000 -> 23ea7976
Info 'riscvOVPsim/cpu', 0x0000000080005974(.l_clz_418_Start+8): 60009f13 clz     t5,ra
Info   t5 363e4f1e -> 00000002
Info 'riscvOVPsim/cpu', 0x0000000080005978(.l_clz_418_Start+c): 00200713 addi    a4,zero,2
Info   a4 2a52a07a -> 00000002
Info 'riscvOVPsim/cpu', 0x000000008000597c(.l_clz_418_Start+10): 00ef0a63 beq     t5,a4,80005990
Info 'riscvOVPsim/cpu', 0x0000000080005990(.l_ctz_419_Start): 40902237 lui     tp,0x40902
Info   tp 5c439bc1 -> 40902000
Info 'riscvOVPsim/cpu', 0x0000000080005994(.l_ctz_419_Start+4): 79520213 addi    tp,tp,1941
Info   tp 40902000 -> 40902795
Info 'riscvOVPsim/cpu', 0x0000000080005998(.l_ctz_419_Start+8): 60121013 ctz     zero,tp
Info 'riscvOVPsim/cpu', 0x000000008000599c(.l_ctz_419_Start+c): 00000a93 mv      s5,zero
Info   s5 35a80a34 -> 00000000
Info 'riscvOVPsim/cpu', 0x00000000800059a0(.l_ctz_419_Start+10): 01500a63 beq     zero,s5,800059b4
Info 'riscvOVPsim/cpu', 0x00000000800059b4(.l_pcnt_420_Start): 3cf99cb7 lui     s9,0x3cf99
Info   s9 8c96f546 -> 3cf99000
Info 'riscvOVPsim/cpu', 0x00000000800059b8(.l_pcnt_420_Start+4): 241c8c93 addi    s9,s9,577
Info   s9 3cf99000 -> 3cf99241
Info 'riscvOVPsim/cpu', 0x00000000800059bc(.l_pcnt_420_Start+8): 602c9413 pcnt    s0,s9
Info   s0 787c7e76 -> 0000000f
Info 'riscvOVPsim/cpu', 0x00000000800059c0(.l_pcnt_420_Start+c): 00f00493 addi    s1,zero,15
Info   s1 59daa0c5 -> 0000000f
Info 'riscvOVPsim/cpu', 0x00000000800059c4(.l_pcnt_420_Start+10): 00940a63 beq     s0,s1,800059d8
Info 'riscvOVPsim/cpu', 0x00000000800059d8(.l_crc32_b_421_Start): 55bab4b7 lui     s1,0x55bab
Info   s1 0000000f -> 55bab000
Info 'riscvOVPsim/cpu', 0x00000000800059dc(.l_crc32_b_421_Start+4): 92648493 addi    s1,s1,-1754
Info   s1 55bab000 -> 55baa926
Info 'riscvOVPsim/cpu', 0x00000000800059e0(.l_crc32_b_421_Start+8): 61049b93 crc32.b s7,s1
Info   s7 79757e2e -> d2583f54
Info 'riscvOVPsim/cpu', 0x00000000800059e4(.l_crc32_b_421_Start+c): d2584237 lui     tp,0xd2584
Info   tp 40902795 -> d2584000
Info 'riscvOVPsim/cpu', 0x00000000800059e8(.l_crc32_b_421_Start+10): f5420213 addi    tp,tp,-172
Info   tp d2584000 -> d2583f54
Info 'riscvOVPsim/cpu', 0x00000000800059ec(.l_crc32_b_421_Start+14): 004b8a63 beq     s7,tp,80005a00
Info 'riscvOVPsim/cpu', 0x0000000080005a00(.l_crc32_h_422_Start): 304defb7 lui     t6,0x304de
Info   t6 1676a831 -> 304de000
Info 'riscvOVPsim/cpu', 0x0000000080005a04(.l_crc32_h_422_Start+4): 52ef8f93 addi    t6,t6,1326
Info   t6 304de000 -> 304de52e
Info 'riscvOVPsim/cpu', 0x0000000080005a08(.l_crc32_h_422_Start+8): 611f9a13 crc32.h s4,t6
Info   s4 7ab94c9d -> db672f96
Info 'riscvOVPsim/cpu', 0x0000000080005a0c(.l_crc32_h_422_Start+c): db673eb7 lui     t4,0xdb673
Info   t4 2956be42 -> db673000
Info 'riscvOVPsim/cpu', 0x0000000080005a10(.l_crc32_h_422_Start+10): f96e8e93 addi    t4,t4,-106
Info   t4 db673000 -> db672f96
Info 'riscvOVPsim/cpu', 0x0000000080005a14(.l_crc32_h_422_Start+14): 01da0a63 beq     s4,t4,80005a28
Info 'riscvOVPsim/cpu', 0x0000000080005a28(.l_crc32_w_423_Start): 19b56eb7 lui     t4,0x19b56
Info   t4 db672f96 -> 19b56000
Info 'riscvOVPsim/cpu', 0x0000000080005a2c(.l_crc32_w_423_Start+4): abce8e93 addi    t4,t4,-1348
Info   t4 19b56000 -> 19b55abc
Info 'riscvOVPsim/cpu', 0x0000000080005a30(.l_crc32_w_423_Start+8): 612e9693 crc32.w a3,t4
Info   a3 2c2c4881 -> cb56a879
Info 'riscvOVPsim/cpu', 0x0000000080005a34(.l_crc32_w_423_Start+c): cb56b3b7 lui     t2,0xcb56b
Info   t2 10e55e3c -> cb56b000
Info 'riscvOVPsim/cpu', 0x0000000080005a38(.l_crc32_w_423_Start+10): 87938393 addi    t2,t2,-1927
Info   t2 cb56b000 -> cb56a879
Info 'riscvOVPsim/cpu', 0x0000000080005a3c(.l_crc32_w_423_Start+14): 00768a63 beq     a3,t2,80005a50
Info 'riscvOVPsim/cpu', 0x0000000080005a50(.l_crc32c_b_424_Start): 261fea37 lui     s4,0x261fe
Info   s4 db672f96 -> 261fe000
Info 'riscvOVPsim/cpu', 0x0000000080005a54(.l_crc32c_b_424_Start+4): 6bda0a13 addi    s4,s4,1725
Info   s4 261fe000 -> 261fe6bd
Info 'riscvOVPsim/cpu', 0x0000000080005a58(.l_crc32c_b_424_Start+8): 618a1f13 crc32c.b t5,s4
Info   t5 00000002 -> 0d1b21fc
Info 'riscvOVPsim/cpu', 0x0000000080005a5c(.l_crc32c_b_424_Start+c): 0d1b25b7 lui     a1,0xd1b2
Info   a1 8c96f546 -> 0d1b2000
Info 'riscvOVPsim/cpu', 0x0000000080005a60(.l_crc32c_b_424_Start+10): 1fc58593 addi    a1,a1,508
Info   a1 0d1b2000 -> 0d1b21fc
Info 'riscvOVPsim/cpu', 0x0000000080005a64(.l_crc32c_b_424_Start+14): 00bf0a63 beq     t5,a1,80005a78
Info 'riscvOVPsim/cpu', 0x0000000080005a78(.l_crc32c_h_425_Start): 7a5c3637 lui     a2,0x7a5c3
Info   a2 35b7674f -> 7a5c3000
Info 'riscvOVPsim/cpu', 0x0000000080005a7c(.l_crc32c_h_425_Start+4): cc060613 addi    a2,a2,-832
Info   a2 7a5c3000 -> 7a5c2cc0
Info 'riscvOVPsim/cpu', 0x0000000080005a80(.l_crc32c_h_425_Start+8): 61961113 crc32c.h sp,a2
Info   sp 0c03b9b3 -> 692a07af
Info 'riscvOVPsim/cpu', 0x0000000080005a84(.l_crc32c_h_425_Start+c): 692a0fb7 lui     t6,0x692a0
Info   t6 304de52e -> 692a0000
Info 'riscvOVPsim/cpu', 0x0000000080005a88(.l_crc32c_h_425_Start+10): 7aff8f93 addi    t6,t6,1967
Info   t6 692a0000 -> 692a07af
Info 'riscvOVPsim/cpu', 0x0000000080005a8c(.l_crc32c_h_425_Start+14): 01f10a63 beq     sp,t6,80005aa0
Info 'riscvOVPsim/cpu', 0x0000000080005aa0(.l_crc32c_w_426_Start): 5539aa37 lui     s4,0x5539a
Info   s4 261fe6bd -> 5539a000
Info 'riscvOVPsim/cpu', 0x0000000080005aa4(.l_crc32c_w_426_Start+4): 68da0a13 addi    s4,s4,1677
Info   s4 5539a000 -> 5539a68d
Info 'riscvOVPsim/cpu', 0x0000000080005aa8(.l_crc32c_w_426_Start+8): 61aa1693 crc32c.w a3,s4
Info   a3 cb56a879 -> 137dcc51
Info 'riscvOVPsim/cpu', 0x0000000080005aac(.l_crc32c_w_426_Start+c): 137dd9b7 lui     s3,0x137dd
Info   s3 0c0ab9bd -> 137dd000
Info 'riscvOVPsim/cpu', 0x0000000080005ab0(.l_crc32c_w_426_Start+10): c5198993 addi    s3,s3,-943
Info   s3 137dd000 -> 137dcc51
Info 'riscvOVPsim/cpu', 0x0000000080005ab4(.l_crc32c_w_426_Start+14): 01368a63 beq     a3,s3,80005ac8
Info 'riscvOVPsim/cpu', 0x0000000080005ac8(.l_clmul_427_Start): 322640b7 lui     ra,0x32264
Info   ra 23ea7976 -> 32264000
Info 'riscvOVPsim/cpu', 0x0000000080005acc(.l_clmul_427_Start+4): 99a08093 addi    ra,ra,-1638
Info   ra 32264000 -> 3226399a
Info 'riscvOVPsim/cpu', 0x0000000080005ad0(.l_clmul_427_Start+8): 36c8b137 lui     sp,0x36c8b
Info   sp 692a07af -> 36c8b000
Info 'riscvOVPsim/cpu', 0x0000000080005ad4(.l_clmul_427_Start+c): 00410113 addi    sp,sp,4
Info   sp 36c8b000 -> 36c8b004
Info 'riscvOVPsim/cpu', 0x0000000080005ad8(.l_clmul_427_Start+10): a209c33 clmul   s8,ra,sp
Info   s8 3783120e -> abaf0668
Info 'riscvOVPsim/cpu', 0x0000000080005adc(.l_clmul_427_Start+14): abaf0bb7 lui     s7,0xabaf0
Info   s7 d2583f54 -> abaf0000
Info 'riscvOVPsim/cpu', 0x0000000080005ae0(.l_clmul_427_Start+18): 668b8b93 addi    s7,s7,1640
Info   s7 abaf0000 -> abaf0668
Info 'riscvOVPsim/cpu', 0x0000000080005ae4(.l_clmul_427_Start+1c): 017c0a63 beq     s8,s7,80005af8
Info 'riscvOVPsim/cpu', 0x0000000080005af8(.l_clmulr_428_Start): 26188937 lui     s2,0x26188
Info   s2 0c03b9b3 -> 26188000
Info 'riscvOVPsim/cpu', 0x0000000080005afc(.l_clmulr_428_Start+4): 9d890913 addi    s2,s2,-1576
Info   s2 26188000 -> 261879d8
Info 'riscvOVPsim/cpu', 0x0000000080005b00(.l_clmulr_428_Start+8): 545dc6b7 lui     a3,0x545dc
Info   a3 137dcc51 -> 545dc000
Info 'riscvOVPsim/cpu', 0x0000000080005b04(.l_clmulr_428_Start+c): 58268693 addi    a3,a3,1410
Info   a3 545dc000 -> 545dc582
Info 'riscvOVPsim/cpu', 0x0000000080005b08(.l_clmulr_428_Start+10): a209c33 clmul   s8,ra,sp
Info   sp 36c8b004 -> 16eb1610
Info 'riscvOVPsim/cpu', 0x0000000080005b0c(.l_clmulr_428_Start+14): 16eb1837 lui     a6,0x16eb1
Info   a6 363e4f1e -> 16eb1000
Info 'riscvOVPsim/cpu', 0x0000000080005b10(.l_clmulr_428_Start+18): 61080813 addi    a6,a6,1552
Info   a6 16eb1000 -> 16eb1610
Info 'riscvOVPsim/cpu', 0x0000000080005b14(.l_clmulr_428_Start+1c): 01010a63 beq     sp,a6,80005b28
Info 'riscvOVPsim/cpu', 0x0000000080005b28(.l_clmulh_429_Start): 1fcb73b7 lui     t2,0x1fcb7
Info   t2 cb56a879 -> 1fcb7000
Info 'riscvOVPsim/cpu', 0x0000000080005b2c(.l_clmulh_429_Start+4): 88438393 addi    t2,t2,-1916
Info   t2 1fcb7000 -> 1fcb6884
Info 'riscvOVPsim/cpu', 0x0000000080005b30(.l_clmulh_429_Start+8): 46bea837 lui     a6,0x46bea
Info   a6 16eb1610 -> 46bea000
Info 'riscvOVPsim/cpu', 0x0000000080005b34(.l_clmulh_429_Start+c): a7380813 addi    a6,a6,-1421
Info   a6 46bea000 -> 46be9a73
Info 'riscvOVPsim/cpu', 0x0000000080005b38(.l_clmulh_429_Start+10): b03b8b3 clmulh  a7,t2,a6
Info   a7 44efcaf0 -> 07bf3100
Info 'riscvOVPsim/cpu', 0x0000000080005b3c(.l_clmulh_429_Start+14): 07bf3c37 lui     s8,0x7bf3
Info   s8 abaf0668 -> 07bf3000
Info 'riscvOVPsim/cpu', 0x0000000080005b40(.l_clmulh_429_Start+18): 100c0c13 addi    s8,s8,256
Info   s8 07bf3000 -> 07bf3100
Info 'riscvOVPsim/cpu', 0x0000000080005b44(.l_clmulh_429_Start+1c): 01888a63 beq     a7,s8,80005b58
Info 'riscvOVPsim/cpu', 0x0000000080005b58(.l_min_430_Start): 73d61137 lui     sp,0x73d61
Info   sp 16eb1610 -> 73d61000
Info 'riscvOVPsim/cpu', 0x0000000080005b5c(.l_min_430_Start+4): 6df10113 addi    sp,sp,1759
Info   sp 73d61000 -> 73d616df
Info 'riscvOVPsim/cpu', 0x0000000080005b60(.l_min_430_Start+8): 638133b7 lui     t2,0x63813
Info   t2 1fcb6884 -> 63813000
Info 'riscvOVPsim/cpu', 0x0000000080005b64(.l_min_430_Start+c): 1e938393 addi    t2,t2,489
Info   t2 63813000 -> 638131e9
Info 'riscvOVPsim/cpu', 0x0000000080005b68(.l_min_430_Start+10): a714db3 min     s11,sp,t2
Info   s11 032ffb4f -> 638131e9
Info 'riscvOVPsim/cpu', 0x0000000080005b6c(.l_min_430_Start+14): 63813fb7 lui     t6,0x63813
Info   t6 692a07af -> 63813000
Info 'riscvOVPsim/cpu', 0x0000000080005b70(.l_min_430_Start+18): 1e9f8f93 addi    t6,t6,489
Info   t6 63813000 -> 638131e9
Info 'riscvOVPsim/cpu', 0x0000000080005b74(.l_min_430_Start+1c): 01fd8a63 beq     s11,t6,80005b88
Info 'riscvOVPsim/cpu', 0x0000000080005b88(.l_max_431_Start): 4b1226b7 lui     a3,0x4b122
Info   a3 545dc582 -> 4b122000
Info 'riscvOVPsim/cpu', 0x0000000080005b8c(.l_max_431_Start+4): 44168693 addi    a3,a3,1089
Info   a3 4b122000 -> 4b122441
Info 'riscvOVPsim/cpu', 0x0000000080005b90(.l_max_431_Start+8): 7c2404b7 lui     s1,0x7c240
Info   s1 55baa926 -> 7c240000
Info 'riscvOVPsim/cpu', 0x0000000080005b94(.l_max_431_Start+c): 4e048493 addi    s1,s1,1248
Info   s1 7c240000 -> 7c2404e0
Info 'riscvOVPsim/cpu', 0x0000000080005b98(.l_max_431_Start+10): a96d133 max     sp,a3,s1
Info   sp 73d616df -> 7c2404e0
Info 'riscvOVPsim/cpu', 0x0000000080005b9c(.l_max_431_Start+14): 7c2407b7 lui     a5,0x7c240
Info   a5 5466cc8e -> 7c240000
Info 'riscvOVPsim/cpu', 0x0000000080005ba0(.l_max_431_Start+18): 4e078793 addi    a5,a5,1248
Info   a5 7c240000 -> 7c2404e0
Info 'riscvOVPsim/cpu', 0x0000000080005ba4(.l_max_431_Start+1c): 00f10a63 beq     sp,a5,80005bb8
Info 'riscvOVPsim/cpu', 0x0000000080005bb8(.l_minu_432_Start): 730e9d37 lui     s10,0x730e9
Info   s10 39f8c96f -> 730e9000
Info 'riscvOVPsim/cpu', 0x0000000080005bbc(.l_minu_432_Start+4): 23bd0d13 addi    s10,s10,571
Info   s10 730e9000 -> 730e923b
Info 'riscvOVPsim/cpu', 0x0000000080005bc0(.l_minu_432_Start+8): 262370b7 lui     ra,0x26237
Info   ra 3226399a -> 26237000
Info 'riscvOVPsim/cpu', 0x0000000080005bc4(.l_minu_432_Start+c): 85b08093 addi    ra,ra,-1957
Info   ra 26237000 -> 2623685b
Info 'riscvOVPsim/cpu', 0x0000000080005bc8(.l_minu_432_Start+10): a1d6e33 minu    t3,s10,ra
Info   t3 367236f1 -> 2623685b
Info 'riscvOVPsim/cpu', 0x0000000080005bcc(.l_minu_432_Start+14): 26237737 lui     a4,0x26237
Info   a4 00000002 -> 26237000
Info 'riscvOVPsim/cpu', 0x0000000080005bd0(.l_minu_432_Start+18): 85b70713 addi    a4,a4,-1957
Info   a4 26237000 -> 2623685b
Info 'riscvOVPsim/cpu', 0x0000000080005bd4(.l_minu_432_Start+1c): 00ee0a63 beq     t3,a4,80005be8
Info 'riscvOVPsim/cpu', 0x0000000080005be8(.l_maxu_433_Start): 51c61eb7 lui     t4,0x51c61
Info   t4 19b55abc -> 51c61000
Info 'riscvOVPsim/cpu', 0x0000000080005bec(.l_maxu_433_Start+4): 20fe8e93 addi    t4,t4,527
Info   t4 51c61000 -> 51c6120f
Info 'riscvOVPsim/cpu', 0x0000000080005bf0(.l_maxu_433_Start+8): 1c99b6b7 lui     a3,0x1c99b
Info   a3 4b122441 -> 1c99b000
Info 'riscvOVPsim/cpu', 0x0000000080005bf4(.l_maxu_433_Start+c): 2e568693 addi    a3,a3,741
Info   a3 1c99b000 -> 1c99b2e5
Info 'riscvOVPsim/cpu', 0x0000000080005bf8(.l_maxu_433_Start+10): adef1b3 maxu    gp,t4,a3
Info   gp 5c439bc1 -> 51c6120f
Info 'riscvOVPsim/cpu', 0x0000000080005bfc(.l_maxu_433_Start+14): 51c617b7 lui     a5,0x51c61
Info   a5 7c2404e0 -> 51c61000
Info 'riscvOVPsim/cpu', 0x0000000080005c00(.l_maxu_433_Start+18): 20f78793 addi    a5,a5,527
Info   a5 51c61000 -> 51c6120f
Info 'riscvOVPsim/cpu', 0x0000000080005c04(.l_maxu_433_Start+1c): 00f18a63 beq     gp,a5,80005c18
Info 'riscvOVPsim/cpu', 0x0000000080005c18(.l_shfl_434_Start): 00000013 nop
Info 'riscvOVPsim/cpu', 0x0000000080005c1c(.l_shfl_434_Start+4): 68515637 lui     a2,0x68515
Info   a2 7a5c2cc0 -> 68515000
Info 'riscvOVPsim/cpu', 0x0000000080005c20(.l_shfl_434_Start+8): 27f60613 addi    a2,a2,639
Info   a2 68515000 -> 6851527f
Info 'riscvOVPsim/cpu', 0x0000000080005c24(.l_shfl_434_Start+c): 8c019b3 shfl    s3,zero,a2
Info   s3 137dcc51 -> 00000000
Info 'riscvOVPsim/cpu', 0x0000000080005c28(.l_shfl_434_Start+10): 00000713 mv      a4,zero
Info   a4 2623685b -> 00000000
Info 'riscvOVPsim/cpu', 0x0000000080005c2c(.l_shfl_434_Start+14): 00e98a63 beq     s3,a4,80005c40
Info 'riscvOVPsim/cpu', 0x0000000080005c40(.l_unshfl_435_Start): 09731bb7 lui     s7,0x9731
Info   s7 abaf0668 -> 09731000
Info 'riscvOVPsim/cpu', 0x0000000080005c44(.l_unshfl_435_Start+4): e9eb8b93 addi    s7,s7,-354
Info   s7 09731000 -> 09730e9e
Info 'riscvOVPsim/cpu', 0x0000000080005c48(.l_unshfl_435_Start+8): 3a36dd37 lui     s10,0x3a36d
Info   s10 730e923b -> 3a36d000
Info 'riscvOVPsim/cpu', 0x0000000080005c4c(.l_unshfl_435_Start+c): 870d0d13 addi    s10,s10,-1936
Info   s10 3a36d000 -> 3a36c870
Info 'riscvOVPsim/cpu', 0x0000000080005c50(.l_unshfl_435_Start+10): 9abd833 unshfl  a6,s7,s10
Info   a6 46be9a73 -> 09730e9e
Info 'riscvOVPsim/cpu', 0x0000000080005c54(.l_unshfl_435_Start+14): 09731fb7 lui     t6,0x9731
Info   t6 638131e9 -> 09731000
Info 'riscvOVPsim/cpu', 0x0000000080005c58(.l_unshfl_435_Start+18): e9ef8f93 addi    t6,t6,-354
Info   t6 09731000 -> 09730e9e
Info 'riscvOVPsim/cpu', 0x0000000080005c5c(.l_unshfl_435_Start+1c): 01f80a63 beq     a6,t6,80005c70
Info 'riscvOVPsim/cpu', 0x0000000080005c70(.l_bdep_436_Start): 4ad1a437 lui     s0,0x4ad1a
Info   s0 0000000f -> 4ad1a000
Info 'riscvOVPsim/cpu', 0x0000000080005c74(.l_bdep_436_Start+4): f3140413 addi    s0,s0,-207
Info   s0 4ad1a000 -> 4ad19f31
Info 'riscvOVPsim/cpu', 0x0000000080005c78(.l_bdep_436_Start+8): 53c019b7 lui     s3,0x53c01
Info   s3 00000000 -> 53c01000
Info 'riscvOVPsim/cpu', 0x0000000080005c7c(.l_bdep_436_Start+c): 50298993 addi    s3,s3,1282
Info   s3 53c01000 -> 53c01502
Info 'riscvOVPsim/cpu', 0x0000000080005c80(.l_bdep_436_Start+10): 9342933 bdep    s2,s0,s3
Info   s2 261879d8 -> 50c00002
Info 'riscvOVPsim/cpu', 0x0000000080005c84(.l_bdep_436_Start+14): 50c00eb7 lui     t4,0x50c00
Info   t4 51c6120f -> 50c00000
Info 'riscvOVPsim/cpu', 0x0000000080005c88(.l_bdep_436_Start+18): 002e8e93 addi    t4,t4,2
Info   t4 50c00000 -> 50c00002
Info 'riscvOVPsim/cpu', 0x0000000080005c8c(.l_bdep_436_Start+1c): 01d90a63 beq     s2,t4,80005ca0
Info 'riscvOVPsim/cpu', 0x0000000080005ca0(.l_bext_437_Start): 3af2d8b7 lui     a7,0x3af2d
Info   a7 07bf3100 -> 3af2d000
Info 'riscvOVPsim/cpu', 0x0000000080005ca4(.l_bext_437_Start+4): 2d288893 addi    a7,a7,722
Info   a7 3af2d000 -> 3af2d2d2
Info 'riscvOVPsim/cpu', 0x0000000080005ca8(.l_bext_437_Start+8): 72b1ffb7 lui     t6,0x72b1f
Info   t6 09730e9e -> 72b1f000
Info 'riscvOVPsim/cpu', 0x0000000080005cac(.l_bext_437_Start+c): 15ef8f93 addi    t6,t6,350
Info   t6 72b1f000 -> 72b1f15e
Info 'riscvOVPsim/cpu', 0x0000000080005cb0(.l_bext_437_Start+10): 9f8e0b3 bext    ra,a7,t6
Info   ra 2623685b -> 0001fb59
Info 'riscvOVPsim/cpu', 0x0000000080005cb4(.l_bext_437_Start+14): 00020537 lui     a0,0x20
Info   a0 ffc7f9ff -> 00020000
Info 'riscvOVPsim/cpu', 0x0000000080005cb8(.l_bext_437_Start+18): b5950513 addi    a0,a0,-1191
Info   a0 00020000 -> 0001fb59
Info 'riscvOVPsim/cpu', 0x0000000080005cbc(.l_bext_437_Start+1c): 00a08a63 beq     ra,a0,80005cd0
Info 'riscvOVPsim/cpu', 0x0000000080005cd0(.l_pack_438_Start): 57977737 lui     a4,0x57977
Info   a4 00000000 -> 57977000
Info 'riscvOVPsim/cpu', 0x0000000080005cd4(.l_pack_438_Start+4): 43b70713 addi    a4,a4,1083
Info   a4 57977000 -> 5797743b
Info 'riscvOVPsim/cpu', 0x0000000080005cd8(.l_pack_438_Start+8): 208140b7 lui     ra,0x20814
Info   ra 0001fb59 -> 20814000
Info 'riscvOVPsim/cpu', 0x0000000080005cdc(.l_pack_438_Start+c): 65208093 addi    ra,ra,1618
Info   ra 20814000 -> 20814652
Info 'riscvOVPsim/cpu', 0x0000000080005ce0(.l_pack_438_Start+10): 08174b33 undef
Info   s6 0a4aba00 -> 4652743b
Info 'riscvOVPsim/cpu', 0x0000000080005ce4(.l_pack_438_Start+14): 46527437 lui     s0,0x46527
Info   s0 4ad19f31 -> 46527000
Info 'riscvOVPsim/cpu', 0x0000000080005ce8(.l_pack_438_Start+18): 43b40413 addi    s0,s0,1083
Info   s0 46527000 -> 4652743b
Info 'riscvOVPsim/cpu', 0x0000000080005cec(.l_pack_438_Start+1c): 008b0a63 beq     s6,s0,80005d00
Info 'riscvOVPsim/cpu', 0x0000000080005d00(.l_bfp_439_Start): 098960b7 lui     ra,0x9896
Info   ra 20814652 -> 09896000
Info 'riscvOVPsim/cpu', 0x0000000080005d04(.l_bfp_439_Start+4): 4ed08093 addi    ra,ra,1261
Info   ra 09896000 -> 098964ed
Info 'riscvOVPsim/cpu', 0x0000000080005d08(.l_bfp_439_Start+8): 073a22b7 lui     t0,0x73a2
Info   t0 03affb4f -> 073a2000
Info 'riscvOVPsim/cpu', 0x0000000080005d0c(.l_bfp_439_Start+c): b6928293 addi    t0,t0,-1175
Info   t0 073a2000 -> 073a1b69
Info 'riscvOVPsim/cpu', 0x0000000080005d10(.l_bfp_439_Start+10): 850f133 bfp     sp,ra,t0
Info   sp 7c2404e0 -> a58964ed
Info 'riscvOVPsim/cpu', 0x0000000080005d14(.l_bfp_439_Start+14): a5896537 lui     a0,0xa5896
Info   a0 0001fb59 -> a5896000
Info 'riscvOVPsim/cpu', 0x0000000080005d18(.l_bfp_439_Start+18): 4ed50513 addi    a0,a0,1261
Info   a0 a5896000 -> a58964ed
Info 'riscvOVPsim/cpu', 0x0000000080005d1c(.l_bfp_439_Start+1c): 00a10a63 beq     sp,a0,80005d30
Info 'riscvOVPsim/cpu', 0x0000000080005d30(.l_shfli_440_Start): 4186ef37 lui     t5,0x4186e
Info   t5 0d1b21fc -> 4186e000
Info 'riscvOVPsim/cpu', 0x0000000080005d34(.l_shfli_440_Start+4): 1b1f0f13 addi    t5,t5,433
Info   t5 4186e000 -> 4186e1b1
Info 'riscvOVPsim/cpu', 0x0000000080005d38(.l_shfli_440_Start+8): 80f1113 shfli   sp,t5,0
Info   sp a58964ed -> 4186e1b1
Info 'riscvOVPsim/cpu', 0x0000000080005d3c(.l_shfli_440_Start+c): 4186e2b7 lui     t0,0x4186e
Info   t0 073a1b69 -> 4186e000
Info 'riscvOVPsim/cpu', 0x0000000080005d40(.l_shfli_440_Start+10): 1b128293 addi    t0,t0,433
Info   t0 4186e000 -> 4186e1b1
Info 'riscvOVPsim/cpu', 0x0000000080005d44(.l_shfli_440_Start+14): 00510a63 beq     sp,t0,80005d58
Info 'riscvOVPsim/cpu', 0x0000000080005d58(.l_unshfli_441_Start): 0b5fe637 lui     a2,0xb5fe
Info   a2 6851527f -> 0b5fe000
Info 'riscvOVPsim/cpu', 0x0000000080005d5c(.l_unshfli_441_Start+4): 17f60613 addi    a2,a2,383
Info   a2 0b5fe000 -> 0b5fe17f
Info 'riscvOVPsim/cpu', 0x0000000080005d60(.l_unshfli_441_Start+8): 8365f13 unshfli t5,a2,3
Info   t5 4186e1b1 -> 313fc97f
Info 'riscvOVPsim/cpu', 0x0000000080005d64(.l_unshfli_441_Start+c): 313fd237 lui     tp,0x313fd
Info   tp d2583f54 -> 313fd000
Info 'riscvOVPsim/cpu', 0x0000000080005d68(.l_unshfli_441_Start+10): 97f20213 addi    tp,tp,-1665
Info   tp 313fd000 -> 313fc97f
Info 'riscvOVPsim/cpu', 0x0000000080005d6c(.l_unshfli_441_Start+14): 004f0a63 beq     t5,tp,80005d80
Info 'riscvOVPsim/cpu', 0x0000000080005d80(.l_andn_442_Start): 0bd99c37 lui     s8,0xbd99
Info   s8 07bf3100 -> 0bd99000
Info 'riscvOVPsim/cpu', 0x0000000080005d84(.l_andn_442_Start+4): 829c0c13 addi    s8,s8,-2007
Info   s8 0bd99000 -> 0bd98829
Info 'riscvOVPsim/cpu', 0x0000000080005d88(.l_andn_442_Start+8): 37741137 lui     sp,0x37741
Info   sp 4186e1b1 -> 37741000
Info 'riscvOVPsim/cpu', 0x0000000080005d8c(.l_andn_442_Start+c): 2a110113 addi    sp,sp,673
Info   sp 37741000 -> 377412a1
Info 'riscvOVPsim/cpu', 0x0000000080005d90(.l_andn_442_Start+10): 402c71b3 andn    gp,s8,sp
Info   gp 51c6120f -> 08898808
Info 'riscvOVPsim/cpu', 0x0000000080005d94(.l_andn_442_Start+14): 08899f37 lui     t5,0x8899
Info   t5 313fc97f -> 08899000
Info 'riscvOVPsim/cpu', 0x0000000080005d98(.l_andn_442_Start+18): 808f0f13 addi    t5,t5,-2040
Info   t5 08899000 -> 08898808
Info 'riscvOVPsim/cpu', 0x0000000080005d9c(.l_andn_442_Start+1c): 01e18a63 beq     gp,t5,80005db0
Info 'riscvOVPsim/cpu', 0x0000000080005db0(.l_orn_443_Start): 27e29e37 lui     t3,0x27e29
Info   t3 2623685b -> 27e29000
Info 'riscvOVPsim/cpu', 0x0000000080005db4(.l_orn_443_Start+4): 62ae0e13 addi    t3,t3,1578
Info   t3 27e29000 -> 27e2962a
Info 'riscvOVPsim/cpu', 0x0000000080005db8(.l_orn_443_Start+8): 6dfe8fb7 lui     t6,0x6dfe8
Info   t6 72b1f15e -> 6dfe8000
Info 'riscvOVPsim/cpu', 0x0000000080005dbc(.l_orn_443_Start+c): aa0f8f93 addi    t6,t6,-1376
Info   t6 6dfe8000 -> 6dfe7aa0
Info 'riscvOVPsim/cpu', 0x0000000080005dc0(.l_orn_443_Start+10): 41fe6033 orn     zero,t3,t6
Info 'riscvOVPsim/cpu', 0x0000000080005dc4(.l_orn_443_Start+14): 00000393 mv      t2,zero
Info   t2 638131e9 -> 00000000
Info 'riscvOVPsim/cpu', 0x0000000080005dc8(.l_orn_443_Start+18): 00700a63 beq     zero,t2,80005ddc
Info 'riscvOVPsim/cpu', 0x0000000080005ddc(.l_xnor_444_Start): 73ab32b7 lui     t0,0x73ab3
Info   t0 4186e1b1 -> 73ab3000
Info 'riscvOVPsim/cpu', 0x0000000080005de0(.l_xnor_444_Start+4): 18628293 addi    t0,t0,390
Info   t0 73ab3000 -> 73ab3186
Info 'riscvOVPsim/cpu', 0x0000000080005de4(.l_xnor_444_Start+8): 6007a9b7 lui     s3,0x6007a
Info   s3 53c01502 -> 6007a000
Info 'riscvOVPsim/cpu', 0x0000000080005de8(.l_xnor_444_Start+c): c7898993 addi    s3,s3,-904
Info   s3 6007a000 -> 60079c78
Info 'riscvOVPsim/cpu', 0x0000000080005dec(.l_xnor_444_Start+10): 4132c533 xnor    a0,t0,s3
Info   a0 a58964ed -> ec535201
Info 'riscvOVPsim/cpu', 0x0000000080005df0(.l_xnor_444_Start+14): ec5356b7 lui     a3,0xec535
Info   a3 1c99b2e5 -> ec535000
Info 'riscvOVPsim/cpu', 0x0000000080005df4(.l_xnor_444_Start+18): 20168693 addi    a3,a3,513
Info   a3 ec535000 -> ec535201
Info 'riscvOVPsim/cpu', 0x0000000080005df8(.l_xnor_444_Start+1c): 00d50a63 beq     a0,a3,80005e0c
Info 'riscvOVPsim/cpu', 0x0000000080005e0c(.l_slo_445_Start): 3be1aa37 lui     s4,0x3be1a
Info   s4 5539a68d -> 3be1a000
Info 'riscvOVPsim/cpu', 0x0000000080005e10(.l_slo_445_Start+4): 1b2a0a13 addi    s4,s4,434
Info   s4 3be1a000 -> 3be1a1b2
Info 'riscvOVPsim/cpu', 0x0000000080005e14(.l_slo_445_Start+8): 6aecb0b7 lui     ra,0x6aecb
Info   ra 098964ed -> 6aecb000
Info 'riscvOVPsim/cpu', 0x0000000080005e18(.l_slo_445_Start+c): da108093 addi    ra,ra,-607
Info   ra 6aecb000 -> 6aecada1
Info 'riscvOVPsim/cpu', 0x0000000080005e1c(.l_slo_445_Start+10): 201a1833 slo     a6,s4,ra
Info   a6 09730e9e -> 77c34365
Info 'riscvOVPsim/cpu', 0x0000000080005e20(.l_slo_445_Start+14): 77c341b7 lui     gp,0x77c34
Info   gp 08898808 -> 77c34000
Info 'riscvOVPsim/cpu', 0x0000000080005e24(.l_slo_445_Start+18): 36518193 addi    gp,gp,869
Info   gp 77c34000 -> 77c34365
Info 'riscvOVPsim/cpu', 0x0000000080005e28(.l_slo_445_Start+1c): 00380a63 beq     a6,gp,80005e3c
Info 'riscvOVPsim/cpu', 0x0000000080005e3c(.l_sro_446_Start): 359f51b7 lui     gp,0x359f5
Info   gp 77c34365 -> 359f5000
Info 'riscvOVPsim/cpu', 0x0000000080005e40(.l_sro_446_Start+4): 26618193 addi    gp,gp,614
Info   gp 359f5000 -> 359f5266
Info 'riscvOVPsim/cpu', 0x0000000080005e44(.l_sro_446_Start+8): 00000013 nop
Info 'riscvOVPsim/cpu', 0x0000000080005e48(.l_sro_446_Start+c): 2001d733 sro     a4,gp,zero
Info   a4 5797743b -> 359f5266
Info 'riscvOVPsim/cpu', 0x0000000080005e4c(.l_sro_446_Start+10): 359f5db7 lui     s11,0x359f5
Info   s11 638131e9 -> 359f5000
Info 'riscvOVPsim/cpu', 0x0000000080005e50(.l_sro_446_Start+14): 266d8d93 addi    s11,s11,614
Info   s11 359f5000 -> 359f5266
Info 'riscvOVPsim/cpu', 0x0000000080005e54(.l_sro_446_Start+18): 01b70a63 beq     a4,s11,80005e68
Info 'riscvOVPsim/cpu', 0x0000000080005e68(.l_rol_447_Start): 7483ad37 lui     s10,0x7483a
Info   s10 3a36c870 -> 7483a000
Info 'riscvOVPsim/cpu', 0x0000000080005e6c(.l_rol_447_Start+4): 41cd0d13 addi    s10,s10,1052
Info   s10 7483a000 -> 7483a41c
Info 'riscvOVPsim/cpu', 0x0000000080005e70(.l_rol_447_Start+8): 6674d537 lui     a0,0x6674d
Info   a0 ec535201 -> 6674d000
Info 'riscvOVPsim/cpu', 0x0000000080005e74(.l_rol_447_Start+c): e0f50513 addi    a0,a0,-497
Info   a0 6674d000 -> 6674ce0f
Info 'riscvOVPsim/cpu', 0x0000000080005e78(.l_rol_447_Start+10): 60ad1333 rol     t1,s10,a0
Info   t1 00000000 -> d20e3a41
Info 'riscvOVPsim/cpu', 0x0000000080005e7c(.l_rol_447_Start+14): d20e4db7 lui     s11,0xd20e4
Info   s11 359f5266 -> d20e4000
Info 'riscvOVPsim/cpu', 0x0000000080005e80(.l_rol_447_Start+18): a41d8d93 addi    s11,s11,-1471
Info   s11 d20e4000 -> d20e3a41
Info 'riscvOVPsim/cpu', 0x0000000080005e84(.l_rol_447_Start+1c): 01b30a63 beq     t1,s11,80005e98
Info 'riscvOVPsim/cpu', 0x0000000080005e98(.l_ror_448_Start): 561dceb7 lui     t4,0x561dc
Info   t4 50c00002 -> 561dc000
Info 'riscvOVPsim/cpu', 0x0000000080005e9c(.l_ror_448_Start+4): abce8e93 addi    t4,t4,-1348
Info   t4 561dc000 -> 561dbabc
Info 'riscvOVPsim/cpu', 0x0000000080005ea0(.l_ror_448_Start+8): 412267b7 lui     a5,0x41226
Info   a5 51c6120f -> 41226000
Info 'riscvOVPsim/cpu', 0x0000000080005ea4(.l_ror_448_Start+c): d8678793 addi    a5,a5,-634
Info   a5 41226000 -> 41225d86
Info 'riscvOVPsim/cpu', 0x0000000080005ea8(.l_ror_448_Start+10): 60fed433 ror     s0,t4,a5
Info   s0 4652743b -> f15876ea
Info 'riscvOVPsim/cpu', 0x0000000080005eac(.l_ror_448_Start+14): f1587937 lui     s2,0xf1587
Info   s2 50c00002 -> f1587000
Info 'riscvOVPsim/cpu', 0x0000000080005eb0(.l_ror_448_Start+18): 6ea90913 addi    s2,s2,1770
Info   s2 f1587000 -> f15876ea
Info 'riscvOVPsim/cpu', 0x0000000080005eb4(.l_ror_448_Start+1c): 01240a63 beq     s0,s2,80005ec8
Info 'riscvOVPsim/cpu', 0x0000000080005ec8(.l_sbclr_449_Start): 65d43e37 lui     t3,0x65d43
Info   t3 27e2962a -> 65d43000
Info 'riscvOVPsim/cpu', 0x0000000080005ecc(.l_sbclr_449_Start+4): afee0e13 addi    t3,t3,-1282
Info   t3 65d43000 -> 65d42afe
Info 'riscvOVPsim/cpu', 0x0000000080005ed0(.l_sbclr_449_Start+8): 24ae98b7 lui     a7,0x24ae9
Info   a7 3af2d2d2 -> 24ae9000
Info 'riscvOVPsim/cpu', 0x0000000080005ed4(.l_sbclr_449_Start+c): 03a88893 addi    a7,a7,58
Info   a7 24ae9000 -> 24ae903a
Info 'riscvOVPsim/cpu', 0x0000000080005ed8(.l_sbclr_449_Start+10): 491e1733 sbclr   a4,t3,a7
Info   a4 359f5266 -> 61d42afe
Info 'riscvOVPsim/cpu', 0x0000000080005edc(.l_sbclr_449_Start+14): 61d43637 lui     a2,0x61d43
Info   a2 0b5fe17f -> 61d43000
Info 'riscvOVPsim/cpu', 0x0000000080005ee0(.l_sbclr_449_Start+18): afe60613 addi    a2,a2,-1282
Info   a2 61d43000 -> 61d42afe
Info 'riscvOVPsim/cpu', 0x0000000080005ee4(.l_sbclr_449_Start+1c): 00c70a63 beq     a4,a2,80005ef8
Info 'riscvOVPsim/cpu', 0x0000000080005ef8(.l_sbset_450_Start): 5dc4d737 lui     a4,0x5dc4d
Info   a4 61d42afe -> 5dc4d000
Info 'riscvOVPsim/cpu', 0x0000000080005efc(.l_sbset_450_Start+4): 86070713 addi    a4,a4,-1952
Info   a4 5dc4d000 -> 5dc4c860
Info 'riscvOVPsim/cpu', 0x0000000080005f00(.l_sbset_450_Start+8): 5dc4d737 lui     a4,0x5dc4d
Info   a4 5dc4c860 -> 5dc4d000
Info 'riscvOVPsim/cpu', 0x0000000080005f04(.l_sbset_450_Start+c): 86070713 addi    a4,a4,-1952
Info   a4 5dc4d000 -> 5dc4c860
Info 'riscvOVPsim/cpu', 0x0000000080005f08(.l_sbset_450_Start+10): 28e71433 sbset   s0,a4,a4
Info   s0 f15876ea -> 5dc4c861
Info 'riscvOVPsim/cpu', 0x0000000080005f0c(.l_sbset_450_Start+14): 5dc4d7b7 lui     a5,0x5dc4d
Info   a5 41225d86 -> 5dc4d000
Info 'riscvOVPsim/cpu', 0x0000000080005f10(.l_sbset_450_Start+18): 86178793 addi    a5,a5,-1951
Info   a5 5dc4d000 -> 5dc4c861
Info 'riscvOVPsim/cpu', 0x0000000080005f14(.l_sbset_450_Start+1c): 00f40a63 beq     s0,a5,80005f28
Info 'riscvOVPsim/cpu', 0x0000000080005f28(.l_sbinv_451_Start): 10cca1b7 lui     gp,0x10cca
Info   gp 359f5266 -> 10cca000
Info 'riscvOVPsim/cpu', 0x0000000080005f2c(.l_sbinv_451_Start+4): e2918193 addi    gp,gp,-471
Info   gp 10cca000 -> 10cc9e29
Info 'riscvOVPsim/cpu', 0x0000000080005f30(.l_sbinv_451_Start+8): 6ef9a5b7 lui     a1,0x6ef9a
Info   a1 0d1b21fc -> 6ef9a000
Info 'riscvOVPsim/cpu', 0x0000000080005f34(.l_sbinv_451_Start+c): 13158593 addi    a1,a1,305
Info   a1 6ef9a000 -> 6ef9a131
Info 'riscvOVPsim/cpu', 0x0000000080005f38(.l_sbinv_451_Start+10): 68b19733 sbinv   a4,gp,a1
Info   a4 5dc4c860 -> 10ce9e29
Info 'riscvOVPsim/cpu', 0x0000000080005f3c(.l_sbinv_451_Start+14): 10cea637 lui     a2,0x10cea
Info   a2 61d42afe -> 10cea000
Info 'riscvOVPsim/cpu', 0x0000000080005f40(.l_sbinv_451_Start+18): e2960613 addi    a2,a2,-471
Info   a2 10cea000 -> 10ce9e29
Info 'riscvOVPsim/cpu', 0x0000000080005f44(.l_sbinv_451_Start+1c): 00c70a63 beq     a4,a2,80005f58
Info 'riscvOVPsim/cpu', 0x0000000080005f58(.l_sbext_452_Start): 0c3429b7 lui     s3,0xc342
Info   s3 60079c78 -> 0c342000
Info 'riscvOVPsim/cpu', 0x0000000080005f5c(.l_sbext_452_Start+4): 0c298993 addi    s3,s3,194
Info   s3 0c342000 -> 0c3420c2
Info 'riscvOVPsim/cpu', 0x0000000080005f60(.l_sbext_452_Start+8): 68d4e837 lui     a6,0x68d4e
Info   a6 77c34365 -> 68d4e000
Info 'riscvOVPsim/cpu', 0x0000000080005f64(.l_sbext_452_Start+c): f5880813 addi    a6,a6,-168
Info   a6 68d4e000 -> 68d4df58
Info 'riscvOVPsim/cpu', 0x0000000080005f68(.l_sbext_452_Start+10): 4909d133 sbext   sp,s3,a6
Info   sp 377412a1 -> 00000000
Info 'riscvOVPsim/cpu', 0x0000000080005f6c(.l_sbext_452_Start+14): 00000b13 mv      s6,zero
Info   s6 4652743b -> 00000000
Info 'riscvOVPsim/cpu', 0x0000000080005f70(.l_sbext_452_Start+18): 01610a63 beq     sp,s6,80005f84
Info 'riscvOVPsim/cpu', 0x0000000080005f84(.l_grev_453_Start): 71810937 lui     s2,0x71810
Info   s2 f15876ea -> 71810000
Info 'riscvOVPsim/cpu', 0x0000000080005f88(.l_grev_453_Start+4): e9890913 addi    s2,s2,-360
Info   s2 71810000 -> 7180fe98
Info 'riscvOVPsim/cpu', 0x0000000080005f8c(.l_grev_453_Start+8): 2404fe37 lui     t3,0x2404f
Info   t3 65d42afe -> 2404f000
Info 'riscvOVPsim/cpu', 0x0000000080005f90(.l_grev_453_Start+c): 1cae0e13 addi    t3,t3,458
Info   t3 2404f000 -> 2404f1ca
Info 'riscvOVPsim/cpu', 0x0000000080005f94(.l_grev_453_Start+10): 69c95db3 grev    s11,s2,t3
Info   s11 d20e3a41 -> 20d462fb
Info 'riscvOVPsim/cpu', 0x0000000080005f98(.l_grev_453_Start+14): 20d462b7 lui     t0,0x20d46
Info   t0 73ab3186 -> 20d46000
Info 'riscvOVPsim/cpu', 0x0000000080005f9c(.l_grev_453_Start+18): 2fb28293 addi    t0,t0,763
Info   t0 20d46000 -> 20d462fb
Info 'riscvOVPsim/cpu', 0x0000000080005fa0(.l_grev_453_Start+1c): 005d8a63 beq     s11,t0,80005fb4
Info 'riscvOVPsim/cpu', 0x0000000080005fb4(.l_sloi_454_Start): 3dc364b7 lui     s1,0x3dc36
Info   s1 7c2404e0 -> 3dc36000
Info 'riscvOVPsim/cpu', 0x0000000080005fb8(.l_sloi_454_Start+4): 4a748493 addi    s1,s1,1191
Info   s1 3dc36000 -> 3dc364a7
Info 'riscvOVPsim/cpu', 0x0000000080005fbc(.l_sloi_454_Start+8): 23d49a13 sloi    s4,s1,61
Info   s4 3be1a1b2 -> ffffffff
Info 'riscvOVPsim/cpu', 0x0000000080005fc0(.l_sloi_454_Start+c): fff00093 addi    ra,zero,-1
Info   ra 6aecada1 -> ffffffff
Info 'riscvOVPsim/cpu', 0x0000000080005fc4(.l_sloi_454_Start+10): 001a0a63 beq     s4,ra,80005fd8
Info 'riscvOVPsim/cpu', 0x0000000080005fd8(.l_sroi_455_Start): 7f1315b7 lui     a1,0x7f131
Info   a1 6ef9a131 -> 7f131000
Info 'riscvOVPsim/cpu', 0x0000000080005fdc(.l_sroi_455_Start+4): 8d558593 addi    a1,a1,-1835
Info   a1 7f131000 -> 7f1308d5
Info 'riscvOVPsim/cpu', 0x0000000080005fe0(.l_sroi_455_Start+8): 2155db93 sroi    s7,a1,21
Info   s7 09730e9e -> fffffbf8
Info 'riscvOVPsim/cpu', 0x0000000080005fe4(.l_sroi_455_Start+c): bf800f13 addi    t5,zero,-1032
Info   t5 08898808 -> fffffbf8
Info 'riscvOVPsim/cpu', 0x0000000080005fe8(.l_sroi_455_Start+10): 01eb8a63 beq     s7,t5,80005ffc
Info 'riscvOVPsim/cpu', 0x0000000080005ffc(.l_rori_456_Start): 548c22b7 lui     t0,0x548c2
Info   t0 20d462fb -> 548c2000
Info 'riscvOVPsim/cpu', 0x0000000080006000(.l_rori_456_Start+4): b8828293 addi    t0,t0,-1144
Info   t0 548c2000 -> 548c1b88
Info 'riscvOVPsim/cpu', 0x0000000080006004(.l_rori_456_Start+8): 6202da93 rori    s5,t0,32
Info   s5 00000000 -> 548c1b88
Info 'riscvOVPsim/cpu', 0x0000000080006008(.l_rori_456_Start+c): 548c2937 lui     s2,0x548c2
Info   s2 7180fe98 -> 548c2000
Info 'riscvOVPsim/cpu', 0x000000008000600c(.l_rori_456_Start+10): b8890913 addi    s2,s2,-1144
Info   s2 548c2000 -> 548c1b88
Info 'riscvOVPsim/cpu', 0x0000000080006010(.l_rori_456_Start+14): 012a8a63 beq     s5,s2,80006024
Info 'riscvOVPsim/cpu', 0x0000000080006024(.l_sbclri_457_Start): 47ec6637 lui     a2,0x47ec6
Info   a2 10ce9e29 -> 47ec6000
Info 'riscvOVPsim/cpu', 0x0000000080006028(.l_sbclri_457_Start+4): 40e60613 addi    a2,a2,1038
Info   a2 47ec6000 -> 47ec640e
Info 'riscvOVPsim/cpu', 0x000000008000602c(.l_sbclri_457_Start+8): 4b261593 sbclri  a1,a2,50
Info   a1 7f1308d5 -> 47e8640e
Info 'riscvOVPsim/cpu', 0x0000000080006030(.l_sbclri_457_Start+c): 47e860b7 lui     ra,0x47e86
Info   ra ffffffff -> 47e86000
Info 'riscvOVPsim/cpu', 0x0000000080006034(.l_sbclri_457_Start+10): 40e08093 addi    ra,ra,1038
Info   ra 47e86000 -> 47e8640e
Info 'riscvOVPsim/cpu', 0x0000000080006038(.l_sbclri_457_Start+14): 00158a63 beq     a1,ra,8000604c
Info 'riscvOVPsim/cpu', 0x000000008000604c(.l_sbseti_458_Start): 7e8ab637 lui     a2,0x7e8ab
Info   a2 47ec640e -> 7e8ab000
Info 'riscvOVPsim/cpu', 0x0000000080006050(.l_sbseti_458_Start+4): 82460613 addi    a2,a2,-2012
Info   a2 7e8ab000 -> 7e8aa824
Info 'riscvOVPsim/cpu', 0x0000000080006054(.l_sbseti_458_Start+8): 28d61293 sbseti  t0,a2,13
Info   t0 548c1b88 -> 7e8aa824
Info 'riscvOVPsim/cpu', 0x0000000080006058(.l_sbseti_458_Start+c): 7e8abb37 lui     s6,0x7e8ab
Info   s6 00000000 -> 7e8ab000
Info 'riscvOVPsim/cpu', 0x000000008000605c(.l_sbseti_458_Start+10): 824b0b13 addi    s6,s6,-2012
Info   s6 7e8ab000 -> 7e8aa824
Info 'riscvOVPsim/cpu', 0x0000000080006060(.l_sbseti_458_Start+14): 01628a63 beq     t0,s6,80006074
Info 'riscvOVPsim/cpu', 0x0000000080006074(.l_sbinvi_459_Start): 150b3d37 lui     s10,0x150b3
Info   s10 7483a41c -> 150b3000
Info 'riscvOVPsim/cpu', 0x0000000080006078(.l_sbinvi_459_Start+4): 76ad0d13 addi    s10,s10,1898
Info   s10 150b3000 -> 150b376a
Info 'riscvOVPsim/cpu', 0x000000008000607c(.l_sbinvi_459_Start+8): 6a0d1413 sbinvi  s0,s10,32
Info   s0 5dc4c861 -> 150b376b
Info 'riscvOVPsim/cpu', 0x0000000080006080(.l_sbinvi_459_Start+c): 150b3a37 lui     s4,0x150b3
Info   s4 ffffffff -> 150b3000
Info 'riscvOVPsim/cpu', 0x0000000080006084(.l_sbinvi_459_Start+10): 76ba0a13 addi    s4,s4,1899
Info   s4 150b3000 -> 150b376b
Info 'riscvOVPsim/cpu', 0x0000000080006088(.l_sbinvi_459_Start+14): 01440a63 beq     s0,s4,8000609c
Info 'riscvOVPsim/cpu', 0x000000008000609c(.l_sbexti_460_Start): 4ede7e37 lui     t3,0x4ede7
Info   t3 2404f1ca -> 4ede7000
Info 'riscvOVPsim/cpu', 0x00000000800060a0(.l_sbexti_460_Start+4): b23e0e13 addi    t3,t3,-1245
Info   t3 4ede7000 -> 4ede6b23
Info 'riscvOVPsim/cpu', 0x00000000800060a4(.l_sbexti_460_Start+8): 4a8e5a13 sbexti  s4,t3,40
Info   s4 150b376b -> 00000001
Info 'riscvOVPsim/cpu', 0x00000000800060a8(.l_sbexti_460_Start+c): 00100793 addi    a5,zero,1
Info   a5 5dc4c861 -> 00000001
Info 'riscvOVPsim/cpu', 0x00000000800060ac(.l_sbexti_460_Start+10): 00fa0a63 beq     s4,a5,800060c0
Info 'riscvOVPsim/cpu', 0x00000000800060c0(.l_grevi_461_Start): 063031b7 lui     gp,0x6303
Info   gp 10cc9e29 -> 06303000
Info 'riscvOVPsim/cpu', 0x00000000800060c4(.l_grevi_461_Start+4): 3ae18193 addi    gp,gp,942
Info   gp 06303000 -> 063033ae
Info 'riscvOVPsim/cpu', 0x00000000800060c8(.l_grevi_461_Start+8): 6b91df93 grevi   t6,gp,57
Info   t6 6dfe7aa0 -> 5d333009
Info 'riscvOVPsim/cpu', 0x00000000800060cc(.l_grevi_461_Start+c): 5d3338b7 lui     a7,0x5d333
Info   a7 24ae903a -> 5d333000
Info 'riscvOVPsim/cpu', 0x00000000800060d0(.l_grevi_461_Start+10): 00988893 addi    a7,a7,9
Info   a7 5d333000 -> 5d333009
Info 'riscvOVPsim/cpu', 0x00000000800060d4(.l_grevi_461_Start+14): 011f8a63 beq     t6,a7,800060e8
Info 'riscvOVPsim/cpu', 0x00000000800060e8(.l_cmix_462_Start): 3bc1fc37 lui     s8,0x3bc1f
Info   s8 0bd98829 -> 3bc1f000
Info 'riscvOVPsim/cpu', 0x00000000800060ec(.l_cmix_462_Start+4): afec0c13 addi    s8,s8,-1282
Info   s8 3bc1f000 -> 3bc1eafe
Info 'riscvOVPsim/cpu', 0x00000000800060f0(.l_cmix_462_Start+8): 32a81937 lui     s2,0x32a81
Info   s2 548c1b88 -> 32a81000
Info 'riscvOVPsim/cpu', 0x00000000800060f4(.l_cmix_462_Start+c): 50590913 addi    s2,s2,1285
Info   s2 32a81000 -> 32a81505
Info 'riscvOVPsim/cpu', 0x00000000800060f8(.l_cmix_462_Start+10): 2e4a59b7 lui     s3,0x2e4a5
Info   s3 0c3420c2 -> 2e4a5000
Info 'riscvOVPsim/cpu', 0x00000000800060fc(.l_cmix_462_Start+14): 79f98993 addi    s3,s3,1951
Info   s3 2e4a5000 -> 2e4a579f
Info 'riscvOVPsim/cpu', 0x0000000080006100(.l_cmix_462_Start+18): 9f2c1533 cmix    a0,s8,s2,s3
Info   a0 6674ce0f -> 3ec2429e
Info 'riscvOVPsim/cpu', 0x0000000080006104(.l_cmix_462_Start+1c): 3ec24337 lui     t1,0x3ec24
Info   t1 d20e3a41 -> 3ec24000
Info 'riscvOVPsim/cpu', 0x0000000080006108(.l_cmix_462_Start+20): 29e30313 addi    t1,t1,670
Info   t1 3ec24000 -> 3ec2429e
Info 'riscvOVPsim/cpu', 0x000000008000610c(.l_cmix_462_Start+24): 00650a63 beq     a0,t1,80006120
Info 'riscvOVPsim/cpu', 0x0000000080006120(.l_cmov_463_Start): 428ad537 lui     a0,0x428ad
Info   a0 3ec2429e -> 428ad000
Info 'riscvOVPsim/cpu', 0x0000000080006124(.l_cmov_463_Start+4): 89050513 addi    a0,a0,-1904
Info   a0 428ad000 -> 428ac890
Info 'riscvOVPsim/cpu', 0x0000000080006128(.l_cmov_463_Start+8): 0cb48637 lui     a2,0xcb48
Info   a2 7e8aa824 -> 0cb48000
Info 'riscvOVPsim/cpu', 0x000000008000612c(.l_cmov_463_Start+c): 8a260613 addi    a2,a2,-1886
Info   a2 0cb48000 -> 0cb478a2
Info 'riscvOVPsim/cpu', 0x0000000080006130(.l_cmov_463_Start+10): 1cb72cb7 lui     s9,0x1cb72
Info   s9 3cf99241 -> 1cb72000
Info 'riscvOVPsim/cpu', 0x0000000080006134(.l_cmov_463_Start+14): cccc8c93 addi    s9,s9,-820
Info   s9 1cb72000 -> 1cb71ccc
Info 'riscvOVPsim/cpu', 0x0000000080006138(.l_cmov_463_Start+18): cec55633 cmov    a2,a0,a2,s9
Info   a2 0cb478a2 -> 428ac890
Info 'riscvOVPsim/cpu', 0x000000008000613c(.l_cmov_463_Start+1c): 428ad837 lui     a6,0x428ad
Info   a6 68d4df58 -> 428ad000
Info 'riscvOVPsim/cpu', 0x0000000080006140(.l_cmov_463_Start+20): 89080813 addi    a6,a6,-1904
Info   a6 428ad000 -> 428ac890
Info 'riscvOVPsim/cpu', 0x0000000080006144(.l_cmov_463_Start+24): 01060a63 beq     a2,a6,80006158
Info 'riscvOVPsim/cpu', 0x0000000080006158(.l_fsl_464_Start): 66fdf137 lui     sp,0x66fdf
Info   sp 00000000 -> 66fdf000
Info 'riscvOVPsim/cpu', 0x000000008000615c(.l_fsl_464_Start+4): 01b10113 addi    sp,sp,27
Info   sp 66fdf000 -> 66fdf01b
Info 'riscvOVPsim/cpu', 0x0000000080006160(.l_fsl_464_Start+8): 32afdfb7 lui     t6,0x32afd
Info   t6 5d333009 -> 32afd000
Info 'riscvOVPsim/cpu', 0x0000000080006164(.l_fsl_464_Start+c): d83f8f93 addi    t6,t6,-637
Info   t6 32afd000 -> 32afcd83
Info 'riscvOVPsim/cpu', 0x0000000080006168(.l_fsl_464_Start+10): 48a8bdb7 lui     s11,0x48a8b
Info   s11 20d462fb -> 48a8b000
Info 'riscvOVPsim/cpu', 0x000000008000616c(.l_fsl_464_Start+14): 32dd8d93 addi    s11,s11,813
Info   s11 48a8b000 -> 48a8b32d
Info 'riscvOVPsim/cpu', 0x0000000080006170(.l_fsl_464_Start+18): ddf118b3 fsl     a7,sp,t6,s11
Info   a7 5d333009 -> 37ef80da
Info 'riscvOVPsim/cpu', 0x0000000080006174(.l_fsl_464_Start+1c): 37ef84b7 lui     s1,0x37ef8
Info   s1 3dc364a7 -> 37ef8000
Info 'riscvOVPsim/cpu', 0x0000000080006178(.l_fsl_464_Start+20): 0da48493 addi    s1,s1,218
Info   s1 37ef8000 -> 37ef80da
Info 'riscvOVPsim/cpu', 0x000000008000617c(.l_fsl_464_Start+24): 00988a63 beq     a7,s1,80006190
Info 'riscvOVPsim/cpu', 0x0000000080006190(.l_fsr_465_Start): 3d6661b7 lui     gp,0x3d666
Info   gp 063033ae -> 3d666000
Info 'riscvOVPsim/cpu', 0x0000000080006194(.l_fsr_465_Start+4): 74818193 addi    gp,gp,1864
Info   gp 3d666000 -> 3d666748
Info 'riscvOVPsim/cpu', 0x0000000080006198(.l_fsr_465_Start+8): 352ff837 lui     a6,0x352ff
Info   a6 428ac890 -> 352ff000
Info 'riscvOVPsim/cpu', 0x000000008000619c(.l_fsr_465_Start+c): 5a680813 addi    a6,a6,1446
Info   a6 352ff000 -> 352ff5a6
Info 'riscvOVPsim/cpu', 0x00000000800061a0(.l_fsr_465_Start+10): 0ea1ebb7 lui     s7,0xea1e
Info   s7 fffffbf8 -> 0ea1e000
Info 'riscvOVPsim/cpu', 0x00000000800061a4(.l_fsr_465_Start+14): 5f2b8b93 addi    s7,s7,1522
Info   s7 0ea1e000 -> 0ea1e5f2
Info 'riscvOVPsim/cpu', 0x00000000800061a8(.l_fsr_465_Start+18): bd01df33 fsr     t5,gp,a6,s7
Info   t5 fffffbf8 -> 203a8797
Info 'riscvOVPsim/cpu', 0x00000000800061ac(.l_fsr_465_Start+1c): 203a8537 lui     a0,0x203a8
Info   a0 428ac890 -> 203a8000
Info 'riscvOVPsim/cpu', 0x00000000800061b0(.l_fsr_465_Start+20): 79750513 addi    a0,a0,1943
Info   a0 203a8000 -> 203a8797
Info 'riscvOVPsim/cpu', 0x00000000800061b4(.l_fsr_465_Start+24): 00af0a63 beq     t5,a0,800061c8
Info 'riscvOVPsim/cpu', 0x00000000800061c8(.l_fsri_466_Start): 0e995c37 lui     s8,0xe995
Info   s8 3bc1eafe -> 0e995000
Info 'riscvOVPsim/cpu', 0x00000000800061cc(.l_fsri_466_Start+4): 64ac0c13 addi    s8,s8,1610
Info   s8 0e995000 -> 0e99564a
Info 'riscvOVPsim/cpu', 0x00000000800061d0(.l_fsri_466_Start+8): 680d32b7 lui     t0,0x680d3
Info   t0 7e8aa824 -> 680d3000
Info 'riscvOVPsim/cpu', 0x00000000800061d4(.l_fsri_466_Start+c): 98328293 addi    t0,t0,-1661
Info   t0 680d3000 -> 680d2983
Info 'riscvOVPsim/cpu', 0x00000000800061d8(.l_fsri_466_Start+10): 2c3c5013 fsri    zero,s8,t0,3
Info 'riscvOVPsim/cpu', 0x00000000800061dc(.l_fsri_466_Start+14): 00000f13 mv      t5,zero
Info   t5 203a8797 -> 00000000
Info 'riscvOVPsim/cpu', 0x00000000800061e0(.l_fsri_466_Start+18): 01e00a63 beq     zero,t5,800061f4
Info 'riscvOVPsim/cpu', 0x00000000800061f4(.l_clz_467_Start): 7305eab7 lui     s5,0x7305e
Info   s5 548c1b88 -> 7305e000
Info 'riscvOVPsim/cpu', 0x00000000800061f8(.l_clz_467_Start+4): 21ca8a93 addi    s5,s5,540
Info   s5 7305e000 -> 7305e21c
Info 'riscvOVPsim/cpu', 0x00000000800061fc(.l_clz_467_Start+8): 600a9113 clz     sp,s5
Info   sp 66fdf01b -> 00000001
Info 'riscvOVPsim/cpu', 0x0000000080006200(.l_clz_467_Start+c): 00100213 addi    tp,zero,1
Info   tp 313fc97f -> 00000001
Info 'riscvOVPsim/cpu', 0x0000000080006204(.l_clz_467_Start+10): 00410a63 beq     sp,tp,80006218
Info 'riscvOVPsim/cpu', 0x0000000080006218(.l_ctz_468_Start): 3e1cefb7 lui     t6,0x3e1ce
Info   t6 32afcd83 -> 3e1ce000
Info 'riscvOVPsim/cpu', 0x000000008000621c(.l_ctz_468_Start+4): 314f8f93 addi    t6,t6,788
Info   t6 3e1ce000 -> 3e1ce314
Info 'riscvOVPsim/cpu', 0x0000000080006220(.l_ctz_468_Start+8): 601f9393 ctz     t2,t6
Info   t2 00000000 -> 00000002
Info 'riscvOVPsim/cpu', 0x0000000080006224(.l_ctz_468_Start+c): 00200e93 addi    t4,zero,2
Info   t4 561dbabc -> 00000002
Info 'riscvOVPsim/cpu', 0x0000000080006228(.l_ctz_468_Start+10): 01d38a63 beq     t2,t4,8000623c
Info 'riscvOVPsim/cpu', 0x000000008000623c(.l_pcnt_469_Start): 00000013 nop
Info 'riscvOVPsim/cpu', 0x0000000080006240(.l_pcnt_469_Start+4): 60201813 pcnt    a6,zero
Info   a6 352ff5a6 -> 00000000
Info 'riscvOVPsim/cpu', 0x0000000080006244(.l_pcnt_469_Start+8): 00000b13 mv      s6,zero
Info   s6 7e8aa824 -> 00000000
Info 'riscvOVPsim/cpu', 0x0000000080006248(.l_pcnt_469_Start+c): 01680a63 beq     a6,s6,8000625c
Info 'riscvOVPsim/cpu', 0x000000008000625c(.l_crc32_b_470_Start): 1d753b37 lui     s6,0x1d753
Info   s6 00000000 -> 1d753000
Info 'riscvOVPsim/cpu', 0x0000000080006260(.l_crc32_b_470_Start+4): 3cfb0b13 addi    s6,s6,975
Info   s6 1d753000 -> 1d7533cf
Info 'riscvOVPsim/cpu', 0x0000000080006264(.l_crc32_b_470_Start+8): 610b1613 crc32.b a2,s6
Info   a2 428ac890 -> 0bc6aa12
Info 'riscvOVPsim/cpu', 0x0000000080006268(.l_crc32_b_470_Start+c): 0bc6b7b7 lui     a5,0xbc6b
Info   a5 00000001 -> 0bc6b000
Info 'riscvOVPsim/cpu', 0x000000008000626c(.l_crc32_b_470_Start+10): a1278793 addi    a5,a5,-1518
Info   a5 0bc6b000 -> 0bc6aa12
Info 'riscvOVPsim/cpu', 0x0000000080006270(.l_crc32_b_470_Start+14): 00f60a63 beq     a2,a5,80006284
Info 'riscvOVPsim/cpu', 0x0000000080006284(.l_crc32_h_471_Start): 0ec5e637 lui     a2,0xec5e
Info   a2 0bc6aa12 -> 0ec5e000
Info 'riscvOVPsim/cpu', 0x0000000080006288(.l_crc32_h_471_Start+4): 21460613 addi    a2,a2,532
Info   a2 0ec5e000 -> 0ec5e214
Info 'riscvOVPsim/cpu', 0x000000008000628c(.l_crc32_h_471_Start+8): 61161193 crc32.h gp,a2
Info   gp 3d666748 -> 60aa5ac4
Info 'riscvOVPsim/cpu', 0x0000000080006290(.l_crc32_h_471_Start+c): 60aa6ab7 lui     s5,0x60aa6
Info   s5 7305e21c -> 60aa6000
Info 'riscvOVPsim/cpu', 0x0000000080006294(.l_crc32_h_471_Start+10): ac4a8a93 addi    s5,s5,-1340
Info   s5 60aa6000 -> 60aa5ac4
Info 'riscvOVPsim/cpu', 0x0000000080006298(.l_crc32_h_471_Start+14): 01518a63 beq     gp,s5,800062ac
Info 'riscvOVPsim/cpu', 0x00000000800062ac(.l_crc32_w_472_Start): 1509dd37 lui     s10,0x1509d
Info   s10 150b376a -> 1509d000
Info 'riscvOVPsim/cpu', 0x00000000800062b0(.l_crc32_w_472_Start+4): faad0d13 addi    s10,s10,-86
Info   s10 1509d000 -> 1509cfaa
Info 'riscvOVPsim/cpu', 0x00000000800062b4(.l_crc32_w_472_Start+8): 612d1213 crc32.w tp,s10
Info   tp 00000001 -> 043a77be
Info 'riscvOVPsim/cpu', 0x00000000800062b8(.l_crc32_w_472_Start+c): 043a7e37 lui     t3,0x43a7
Info   t3 4ede6b23 -> 043a7000
Info 'riscvOVPsim/cpu', 0x00000000800062bc(.l_crc32_w_472_Start+10): 7bee0e13 addi    t3,t3,1982
Info   t3 043a7000 -> 043a77be
Info 'riscvOVPsim/cpu', 0x00000000800062c0(.l_crc32_w_472_Start+14): 01c20a63 beq     tp,t3,800062d4
Info 'riscvOVPsim/cpu', 0x00000000800062d4(.l_crc32c_b_473_Start): 34613eb7 lui     t4,0x34613
Info   t4 00000002 -> 34613000
Info 'riscvOVPsim/cpu', 0x00000000800062d8(.l_crc32c_b_473_Start+4): 752e8e93 addi    t4,t4,1874
Info   t4 34613000 -> 34613752
Info 'riscvOVPsim/cpu', 0x00000000800062dc(.l_crc32c_b_473_Start+8): 618e9693 crc32c.b a3,t4
Info   a3 ec535201 -> b02acb13
Info 'riscvOVPsim/cpu', 0x00000000800062e0(.l_crc32c_b_473_Start+c): b02addb7 lui     s11,0xb02ad
Info   s11 48a8b32d -> b02ad000
Info 'riscvOVPsim/cpu', 0x00000000800062e4(.l_crc32c_b_473_Start+10): b13d8d93 addi    s11,s11,-1261
Info   s11 b02ad000 -> b02acb13
Info 'riscvOVPsim/cpu', 0x00000000800062e8(.l_crc32c_b_473_Start+14): 01b68a63 beq     a3,s11,800062fc
Info 'riscvOVPsim/cpu', 0x00000000800062fc(.l_crc32c_h_474_Start): 69301c37 lui     s8,0x69301
Info   s8 0e99564a -> 69301000
Info 'riscvOVPsim/cpu', 0x0000000080006300(.l_crc32c_h_474_Start+4): ba3c0c13 addi    s8,s8,-1117
Info   s8 69301000 -> 69300ba3
Info 'riscvOVPsim/cpu', 0x0000000080006304(.l_crc32c_h_474_Start+8): 619c1013 crc32c.h zero,s8
Info 'riscvOVPsim/cpu', 0x0000000080006308(.l_crc32c_h_474_Start+c): 00000a93 mv      s5,zero
Info   s5 60aa5ac4 -> 00000000
Info 'riscvOVPsim/cpu', 0x000000008000630c(.l_crc32c_h_474_Start+10): 01500a63 beq     zero,s5,80006320
Info 'riscvOVPsim/cpu', 0x0000000080006320(.l_crc32c_w_475_Start): 6dfd1937 lui     s2,0x6dfd1
Info   s2 32a81505 -> 6dfd1000
Info 'riscvOVPsim/cpu', 0x0000000080006324(.l_crc32c_w_475_Start+4): af690913 addi    s2,s2,-1290
Info   s2 6dfd1000 -> 6dfd0af6
Info 'riscvOVPsim/cpu', 0x0000000080006328(.l_crc32c_w_475_Start+8): 61a91d13 crc32c.w s10,s2
Info   s10 1509cfaa -> 2e748608
Info 'riscvOVPsim/cpu', 0x000000008000632c(.l_crc32c_w_475_Start+c): 2e748737 lui     a4,0x2e748
Info   a4 10ce9e29 -> 2e748000
Info 'riscvOVPsim/cpu', 0x0000000080006330(.l_crc32c_w_475_Start+10): 60870713 addi    a4,a4,1544
Info   a4 2e748000 -> 2e748608
Info 'riscvOVPsim/cpu', 0x0000000080006334(.l_crc32c_w_475_Start+14): 00ed0a63 beq     s10,a4,80006348
Info 'riscvOVPsim/cpu', 0x0000000080006348(.l_clmul_476_Start): 25fe9937 lui     s2,0x25fe9
Info   s2 6dfd0af6 -> 25fe9000
Info 'riscvOVPsim/cpu', 0x000000008000634c(.l_clmul_476_Start+4): 8c290913 addi    s2,s2,-1854
Info   s2 25fe9000 -> 25fe88c2
Info 'riscvOVPsim/cpu', 0x0000000080006350(.l_clmul_476_Start+8): 3d557a37 lui     s4,0x3d557
Info   s4 00000001 -> 3d557000
Info 'riscvOVPsim/cpu', 0x0000000080006354(.l_clmul_476_Start+c): 014a0a13 addi    s4,s4,20
Info   s4 3d557000 -> 3d557014
Info 'riscvOVPsim/cpu', 0x0000000080006358(.l_clmul_476_Start+10): b491cb3 clmul   s9,s2,s4
Info   s9 1cb71ccc -> fedc4f28
Info 'riscvOVPsim/cpu', 0x000000008000635c(.l_clmul_476_Start+14): fedc51b7 lui     gp,0xfedc5
Info   gp 60aa5ac4 -> fedc5000
Info 'riscvOVPsim/cpu', 0x0000000080006360(.l_clmul_476_Start+18): f2818193 addi    gp,gp,-216
Info   gp fedc5000 -> fedc4f28
Info 'riscvOVPsim/cpu', 0x0000000080006364(.l_clmul_476_Start+1c): 003c8a63 beq     s9,gp,80006378
Info 'riscvOVPsim/cpu', 0x0000000080006378(.l_clmulr_477_Start): 2e392737 lui     a4,0x2e392
Info   a4 2e748608 -> 2e392000
Info 'riscvOVPsim/cpu', 0x000000008000637c(.l_clmulr_477_Start+4): 2de70713 addi    a4,a4,734
Info   a4 2e392000 -> 2e3922de
Info 'riscvOVPsim/cpu', 0x0000000080006380(.l_clmulr_477_Start+8): 0b3c7537 lui     a0,0xb3c7
Info   a0 203a8797 -> 0b3c7000
Info 'riscvOVPsim/cpu', 0x0000000080006384(.l_clmulr_477_Start+c): f6e50513 addi    a0,a0,-146
Info   a0 0b3c7000 -> 0b3c6f6e
Info 'riscvOVPsim/cpu', 0x0000000080006388(.l_clmulr_477_Start+10): b491cb3 clmul   s9,s2,s4
Info 'riscvOVPsim/cpu', 0x000000008000638c(.l_clmulr_477_Start+14): 00000293 mv      t0,zero
Info   t0 680d2983 -> 00000000
Info 'riscvOVPsim/cpu', 0x0000000080006390(.l_clmulr_477_Start+18): 00500a63 beq     zero,t0,800063a4
Info 'riscvOVPsim/cpu', 0x00000000800063a4(.l_clmulh_478_Start): 2bf6a837 lui     a6,0x2bf6a
Info   a6 00000000 -> 2bf6a000
Info 'riscvOVPsim/cpu', 0x00000000800063a8(.l_clmulh_478_Start+4): ceb80813 addi    a6,a6,-789
Info   a6 2bf6a000 -> 2bf69ceb
Info 'riscvOVPsim/cpu', 0x00000000800063ac(.l_clmulh_478_Start+8): 662ea137 lui     sp,0x662ea
Info   sp 00000001 -> 662ea000
Info 'riscvOVPsim/cpu', 0x00000000800063b0(.l_clmulh_478_Start+c): ade10113 addi    sp,sp,-1314
Info   sp 662ea000 -> 662e9ade
Info 'riscvOVPsim/cpu', 0x00000000800063b4(.l_clmulh_478_Start+10): a283db3 clmulh  s11,a6,sp
Info   s11 b02acb13 -> 0f7f8ced
Info 'riscvOVPsim/cpu', 0x00000000800063b8(.l_clmulh_478_Start+14): 0f7f9e37 lui     t3,0xf7f9
Info   t3 043a77be -> 0f7f9000
Info 'riscvOVPsim/cpu', 0x00000000800063bc(.l_clmulh_478_Start+18): cede0e13 addi    t3,t3,-787
Info   t3 0f7f9000 -> 0f7f8ced
Info 'riscvOVPsim/cpu', 0x00000000800063c0(.l_clmulh_478_Start+1c): 01cd8a63 beq     s11,t3,800063d4
Info 'riscvOVPsim/cpu', 0x00000000800063d4(.l_min_479_Start): 38c7dc37 lui     s8,0x38c7d
Info   s8 69300ba3 -> 38c7d000
Info 'riscvOVPsim/cpu', 0x00000000800063d8(.l_min_479_Start+4): a4ac0c13 addi    s8,s8,-1462
Info   s8 38c7d000 -> 38c7ca4a
Info 'riscvOVPsim/cpu', 0x00000000800063dc(.l_min_479_Start+8): 2eb19db7 lui     s11,0x2eb19
Info   s11 0f7f8ced -> 2eb19000
Info 'riscvOVPsim/cpu', 0x00000000800063e0(.l_min_479_Start+c): d3cd8d93 addi    s11,s11,-708
Info   s11 2eb19000 -> 2eb18d3c
Info 'riscvOVPsim/cpu', 0x00000000800063e4(.l_min_479_Start+10): bbc44b3 min     s1,s8,s11
Info   s1 37ef80da -> 2eb18d3c
Info 'riscvOVPsim/cpu', 0x00000000800063e8(.l_min_479_Start+14): 2eb19fb7 lui     t6,0x2eb19
Info   t6 3e1ce314 -> 2eb19000
Info 'riscvOVPsim/cpu', 0x00000000800063ec(.l_min_479_Start+18): d3cf8f93 addi    t6,t6,-708
Info   t6 2eb19000 -> 2eb18d3c
Info 'riscvOVPsim/cpu', 0x00000000800063f0(.l_min_479_Start+1c): 01f48a63 beq     s1,t6,80006404
Info 'riscvOVPsim/cpu', 0x0000000080006404(.l_max_480_Start): 0b1663b7 lui     t2,0xb166
Info   t2 00000002 -> 0b166000
Info 'riscvOVPsim/cpu', 0x0000000080006408(.l_max_480_Start+4): d3938393 addi    t2,t2,-711
Info   t2 0b166000 -> 0b165d39
Info 'riscvOVPsim/cpu', 0x000000008000640c(.l_max_480_Start+8): 2d1effb7 lui     t6,0x2d1ef
Info   t6 2eb18d3c -> 2d1ef000
Info 'riscvOVPsim/cpu', 0x0000000080006410(.l_max_480_Start+c): e72f8f93 addi    t6,t6,-398
Info   t6 2d1ef000 -> 2d1eee72
Info 'riscvOVPsim/cpu', 0x0000000080006414(.l_max_480_Start+10): bf3d1b3 max     gp,t2,t6
Info   gp fedc4f28 -> 2d1eee72
Info 'riscvOVPsim/cpu', 0x0000000080006418(.l_max_480_Start+14): 2d1eff37 lui     t5,0x2d1ef
Info   t5 00000000 -> 2d1ef000
Info 'riscvOVPsim/cpu', 0x000000008000641c(.l_max_480_Start+18): e72f0f13 addi    t5,t5,-398
Info   t5 2d1ef000 -> 2d1eee72
Info 'riscvOVPsim/cpu', 0x0000000080006420(.l_max_480_Start+1c): 01e18a63 beq     gp,t5,80006434
Info 'riscvOVPsim/cpu', 0x0000000080006434(.l_minu_481_Start): 2aa6d9b7 lui     s3,0x2aa6d
Info   s3 2e4a579f -> 2aa6d000
Info 'riscvOVPsim/cpu', 0x0000000080006438(.l_minu_481_Start+4): 78098993 addi    s3,s3,1920
Info   s3 2aa6d000 -> 2aa6d780
Info 'riscvOVPsim/cpu', 0x000000008000643c(.l_minu_481_Start+8): 56f2e237 lui     tp,0x56f2e
Info   tp 043a77be -> 56f2e000
Info 'riscvOVPsim/cpu', 0x0000000080006440(.l_minu_481_Start+c): f4620213 addi    tp,tp,-186
Info   tp 56f2e000 -> 56f2df46
Info 'riscvOVPsim/cpu', 0x0000000080006444(.l_minu_481_Start+10): a49ea33 minu    s4,s3,tp
Info   s4 3d557014 -> 2aa6d780
Info 'riscvOVPsim/cpu', 0x0000000080006448(.l_minu_481_Start+14): 2aa6de37 lui     t3,0x2aa6d
Info   t3 0f7f8ced -> 2aa6d000
Info 'riscvOVPsim/cpu', 0x000000008000644c(.l_minu_481_Start+18): 780e0e13 addi    t3,t3,1920
Info   t3 2aa6d000 -> 2aa6d780
Info 'riscvOVPsim/cpu', 0x0000000080006450(.l_minu_481_Start+1c): 01ca0a63 beq     s4,t3,80006464
Info 'riscvOVPsim/cpu', 0x0000000080006464(.l_maxu_482_Start): 15eff0b7 lui     ra,0x15eff
Info   ra 47e8640e -> 15eff000
Info 'riscvOVPsim/cpu', 0x0000000080006468(.l_maxu_482_Start+4): 13308093 addi    ra,ra,307
Info   ra 15eff000 -> 15eff133
Info 'riscvOVPsim/cpu', 0x000000008000646c(.l_maxu_482_Start+8): 1354cab7 lui     s5,0x1354c
Info   s5 00000000 -> 1354c000
Info 'riscvOVPsim/cpu', 0x0000000080006470(.l_maxu_482_Start+c): 795a8a93 addi    s5,s5,1941
Info   s5 1354c000 -> 1354c795
Info 'riscvOVPsim/cpu', 0x0000000080006474(.l_maxu_482_Start+10): b50feb3 maxu    t4,ra,s5
Info   t4 34613752 -> 15eff133
Info 'riscvOVPsim/cpu', 0x0000000080006478(.l_maxu_482_Start+14): 15effcb7 lui     s9,0x15eff
Info   s9 fedc4f28 -> 15eff000
Info 'riscvOVPsim/cpu', 0x000000008000647c(.l_maxu_482_Start+18): 133c8c93 addi    s9,s9,307
Info   s9 15eff000 -> 15eff133
Info 'riscvOVPsim/cpu', 0x0000000080006480(.l_maxu_482_Start+1c): 019e8a63 beq     t4,s9,80006494
Info 'riscvOVPsim/cpu', 0x0000000080006494(.l_shfl_483_Start): 240f21b7 lui     gp,0x240f2
Info   gp 2d1eee72 -> 240f2000
Info 'riscvOVPsim/cpu', 0x0000000080006498(.l_shfl_483_Start+4): aee18193 addi    gp,gp,-1298
Info   gp 240f2000 -> 240f1aee
Info 'riscvOVPsim/cpu', 0x000000008000649c(.l_shfl_483_Start+8): 1385bbb7 lui     s7,0x1385b
Info   s7 0ea1e5f2 -> 1385b000
Info 'riscvOVPsim/cpu', 0x00000000800064a0(.l_shfl_483_Start+c): 3f6b8b93 addi    s7,s7,1014
Info   s7 1385b000 -> 1385b3f6
Info 'riscvOVPsim/cpu', 0x00000000800064a4(.l_shfl_483_Start+10): 9719533 shfl    a0,gp,s7
Info   a0 0b3c6f6e -> 087336ba
Info 'riscvOVPsim/cpu', 0x00000000800064a8(.l_shfl_483_Start+14): 08733337 lui     t1,0x8733
Info   t1 3ec2429e -> 08733000
Info 'riscvOVPsim/cpu', 0x00000000800064ac(.l_shfl_483_Start+18): 6ba30313 addi    t1,t1,1722
Info   t1 08733000 -> 087336ba
Info 'riscvOVPsim/cpu', 0x00000000800064b0(.l_shfl_483_Start+1c): 00650a63 beq     a0,t1,800064c4
Info 'riscvOVPsim/cpu', 0x00000000800064c4(.l_unshfl_484_Start): 613d8337 lui     t1,0x613d8
Info   t1 087336ba -> 613d8000
Info 'riscvOVPsim/cpu', 0x00000000800064c8(.l_unshfl_484_Start+4): 83130313 addi    t1,t1,-1999
Info   t1 613d8000 -> 613d7831
Info 'riscvOVPsim/cpu', 0x00000000800064cc(.l_unshfl_484_Start+8): 6fc5f8b7 lui     a7,0x6fc5f
Info   a7 37ef80da -> 6fc5f000
Info 'riscvOVPsim/cpu', 0x00000000800064d0(.l_unshfl_484_Start+c): c4d88893 addi    a7,a7,-947
Info   a7 6fc5f000 -> 6fc5ec4d
Info 'riscvOVPsim/cpu', 0x00000000800064d4(.l_unshfl_484_Start+10): 9135933 unshfl  s2,t1,a7
Info   s2 25fe88c2 -> 65751b81
Info 'riscvOVPsim/cpu', 0x00000000800064d8(.l_unshfl_484_Start+14): 657524b7 lui     s1,0x65752
Info   s1 2eb18d3c -> 65752000
Info 'riscvOVPsim/cpu', 0x00000000800064dc(.l_unshfl_484_Start+18): b8148493 addi    s1,s1,-1151
Info   s1 65752000 -> 65751b81
Info 'riscvOVPsim/cpu', 0x00000000800064e0(.l_unshfl_484_Start+1c): 00990a63 beq     s2,s1,800064f4
Info 'riscvOVPsim/cpu', 0x00000000800064f4(.l_bdep_485_Start): 68163c37 lui     s8,0x68163
Info   s8 38c7ca4a -> 68163000
Info 'riscvOVPsim/cpu', 0x00000000800064f8(.l_bdep_485_Start+4): d52c0c13 addi    s8,s8,-686
Info   s8 68163000 -> 68162d52
Info 'riscvOVPsim/cpu', 0x00000000800064fc(.l_bdep_485_Start+8): 34c676b7 lui     a3,0x34c67
Info   a3 b02acb13 -> 34c67000
Info 'riscvOVPsim/cpu', 0x0000000080006500(.l_bdep_485_Start+c): 39f68693 addi    a3,a3,927
Info   a3 34c67000 -> 34c6739f
Info 'riscvOVPsim/cpu', 0x0000000080006504(.l_bdep_485_Start+10): 8dc2033 bdep    zero,s8,a3
Info 'riscvOVPsim/cpu', 0x0000000080006508(.l_bdep_485_Start+14): 00000e93 mv      t4,zero
Info   t4 15eff133 -> 00000000
Info 'riscvOVPsim/cpu', 0x000000008000650c(.l_bdep_485_Start+18): 01d00a63 beq     zero,t4,80006520
Info 'riscvOVPsim/cpu', 0x0000000080006520(.l_bext_486_Start): 4e8d32b7 lui     t0,0x4e8d3
Info   t0 00000000 -> 4e8d3000
Info 'riscvOVPsim/cpu', 0x0000000080006524(.l_bext_486_Start+4): da528293 addi    t0,t0,-603
Info   t0 4e8d3000 -> 4e8d2da5
Info 'riscvOVPsim/cpu', 0x0000000080006528(.l_bext_486_Start+8): 3cadb1b7 lui     gp,0x3cadb
Info   gp 240f1aee -> 3cadb000
Info 'riscvOVPsim/cpu', 0x000000008000652c(.l_bext_486_Start+c): 96918193 addi    gp,gp,-1687
Info   gp 3cadb000 -> 3cada969
Info 'riscvOVPsim/cpu', 0x0000000080006530(.l_bext_486_Start+10): 832e933 bext    s2,t0,gp
Info   s2 65751b81 -> 00007775
Info 'riscvOVPsim/cpu', 0x0000000080006534(.l_bext_486_Start+14): 00007ab7 lui     s5,0x7
Info   s5 1354c795 -> 00007000
Info 'riscvOVPsim/cpu', 0x0000000080006538(.l_bext_486_Start+18): 775a8a93 addi    s5,s5,1909
Info   s5 00007000 -> 00007775
Info 'riscvOVPsim/cpu', 0x000000008000653c(.l_bext_486_Start+1c): 01590a63 beq     s2,s5,80006550
Info 'riscvOVPsim/cpu', 0x0000000080006550(.l_pack_487_Start): 275c1337 lui     t1,0x275c1
Info   t1 613d7831 -> 275c1000
Info 'riscvOVPsim/cpu', 0x0000000080006554(.l_pack_487_Start+4): b9630313 addi    t1,t1,-1130
Info   t1 275c1000 -> 275c0b96
Info 'riscvOVPsim/cpu', 0x0000000080006558(.l_pack_487_Start+8): 3a547f37 lui     t5,0x3a547
Info   t5 2d1eee72 -> 3a547000
Info 'riscvOVPsim/cpu', 0x000000008000655c(.l_pack_487_Start+c): 8f1f0f13 addi    t5,t5,-1807
Info   t5 3a547000 -> 3a5468f1
Info 'riscvOVPsim/cpu', 0x0000000080006560(.l_pack_487_Start+10): 09e34bb3 undef
Info   s7 1385b3f6 -> 68f10b96
Info 'riscvOVPsim/cpu', 0x0000000080006564(.l_pack_487_Start+14): 68f11b37 lui     s6,0x68f11
Info   s6 1d7533cf -> 68f11000
Info 'riscvOVPsim/cpu', 0x0000000080006568(.l_pack_487_Start+18): b96b0b13 addi    s6,s6,-1130
Info   s6 68f11000 -> 68f10b96
Info 'riscvOVPsim/cpu', 0x000000008000656c(.l_pack_487_Start+1c): 016b8a63 beq     s7,s6,80006580
Info 'riscvOVPsim/cpu', 0x0000000080006580(.l_bfp_488_Start): 00000013 nop
Info 'riscvOVPsim/cpu', 0x0000000080006584(.l_bfp_488_Start+4): 69e3fab7 lui     s5,0x69e3f
Info   s5 00007775 -> 69e3f000
Info 'riscvOVPsim/cpu', 0x0000000080006588(.l_bfp_488_Start+8): c6aa8a93 addi    s5,s5,-918
Info   s5 69e3f000 -> 69e3ec6a
Info 'riscvOVPsim/cpu', 0x000000008000658c(.l_bfp_488_Start+c): 9507a33 bfp     s4,zero,s5
Info   s4 2aa6d780 -> 00000350
Info 'riscvOVPsim/cpu', 0x0000000080006590(.l_bfp_488_Start+10): 35000293 addi    t0,zero,848
Info   t0 4e8d2da5 -> 00000350
Info 'riscvOVPsim/cpu', 0x0000000080006594(.l_bfp_488_Start+14): 005a0a63 beq     s4,t0,800065a8
Info 'riscvOVPsim/cpu', 0x00000000800065a8(.l_shfli_489_Start): 43981137 lui     sp,0x43981
Info   sp 662e9ade -> 43981000
Info 'riscvOVPsim/cpu', 0x00000000800065ac(.l_shfli_489_Start+4): 55310113 addi    sp,sp,1363
Info   sp 43981000 -> 43981553
Info 'riscvOVPsim/cpu', 0x00000000800065b0(.l_shfli_489_Start+8): 9c11193 shfli   gp,sp,28
Info   gp 3cada969 -> 41359583
Info 'riscvOVPsim/cpu', 0x00000000800065b4(.l_shfli_489_Start+c): 413594b7 lui     s1,0x41359
Info   s1 65751b81 -> 41359000
Info 'riscvOVPsim/cpu', 0x00000000800065b8(.l_shfli_489_Start+10): 58348493 addi    s1,s1,1411
Info   s1 41359000 -> 41359583
Info 'riscvOVPsim/cpu', 0x00000000800065bc(.l_shfli_489_Start+14): 00918a63 beq     gp,s1,800065d0
Info 'riscvOVPsim/cpu', 0x00000000800065d0(.l_unshfli_490_Start): 3d2f0db7 lui     s11,0x3d2f0
Info   s11 2eb18d3c -> 3d2f0000
Info 'riscvOVPsim/cpu', 0x00000000800065d4(.l_unshfli_490_Start+4): 813d8d93 addi    s11,s11,-2029
Info   s11 3d2f0000 -> 3d2ef813
Info 'riscvOVPsim/cpu', 0x00000000800065d8(.l_unshfli_490_Start+8): a1ddd13 unshfli s10,s11,33
Info   s10 2e748608 -> 5b4ef815
Info 'riscvOVPsim/cpu', 0x00000000800065dc(.l_unshfli_490_Start+c): 5b4f0a37 lui     s4,0x5b4f0
Info   s4 00000350 -> 5b4f0000
Info 'riscvOVPsim/cpu', 0x00000000800065e0(.l_unshfli_490_Start+10): 815a0a13 addi    s4,s4,-2027
Info   s4 5b4f0000 -> 5b4ef815
Info 'riscvOVPsim/cpu', 0x00000000800065e4(.l_unshfli_490_Start+14): 014d0a63 beq     s10,s4,800065f8
Info 'riscvOVPsim/cpu', 0x00000000800065f8(.l_andn_491_Start): 492b8c37 lui     s8,0x492b8
Info   s8 68162d52 -> 492b8000
Info 'riscvOVPsim/cpu', 0x00000000800065fc(.l_andn_491_Start+4): b8ac0c13 addi    s8,s8,-1142
Info   s8 492b8000 -> 492b7b8a
Info 'riscvOVPsim/cpu', 0x0000000080006600(.l_andn_491_Start+8): 5586c2b7 lui     t0,0x5586c
Info   t0 00000350 -> 5586c000
Info 'riscvOVPsim/cpu', 0x0000000080006604(.l_andn_491_Start+c): 49028293 addi    t0,t0,1168
Info   t0 5586c000 -> 5586c490
Info 'riscvOVPsim/cpu', 0x0000000080006608(.l_andn_491_Start+10): 405c7733 andn    a4,s8,t0
Info   a4 2e3922de -> 08293b0a
Info 'riscvOVPsim/cpu', 0x000000008000660c(.l_andn_491_Start+14): 08294537 lui     a0,0x8294
Info   a0 087336ba -> 08294000
Info 'riscvOVPsim/cpu', 0x0000000080006610(.l_andn_491_Start+18): b0a50513 addi    a0,a0,-1270
Info   a0 08294000 -> 08293b0a
Info 'riscvOVPsim/cpu', 0x0000000080006614(.l_andn_491_Start+1c): 00a70a63 beq     a4,a0,80006628
Info 'riscvOVPsim/cpu', 0x0000000080006628(.l_orn_492_Start): 13c33837 lui     a6,0x13c33
Info   a6 2bf69ceb -> 13c33000
Info 'riscvOVPsim/cpu', 0x000000008000662c(.l_orn_492_Start+4): 9b680813 addi    a6,a6,-1610
Info   a6 13c33000 -> 13c329b6
Info 'riscvOVPsim/cpu', 0x0000000080006630(.l_orn_492_Start+8): 3698ecb7 lui     s9,0x3698e
Info   s9 15eff133 -> 3698e000
Info 'riscvOVPsim/cpu', 0x0000000080006634(.l_orn_492_Start+c): 5b8c8c93 addi    s9,s9,1464
Info   s9 3698e000 -> 3698e5b8
Info 'riscvOVPsim/cpu', 0x0000000080006638(.l_orn_492_Start+10): 419862b3 orn     t0,a6,s9
Info   t0 5586c490 -> dbe73bf7
Info 'riscvOVPsim/cpu', 0x000000008000663c(.l_orn_492_Start+14): dbe74eb7 lui     t4,0xdbe74
Info   t4 00000000 -> dbe74000
Info 'riscvOVPsim/cpu', 0x0000000080006640(.l_orn_492_Start+18): bf7e8e93 addi    t4,t4,-1033
Info   t4 dbe74000 -> dbe73bf7
Info 'riscvOVPsim/cpu', 0x0000000080006644(.l_orn_492_Start+1c): 01d28a63 beq     t0,t4,80006658
Info 'riscvOVPsim/cpu', 0x0000000080006658(.l_xnor_493_Start): 3c7b2637 lui     a2,0x3c7b2
Info   a2 0ec5e214 -> 3c7b2000
Info 'riscvOVPsim/cpu', 0x000000008000665c(.l_xnor_493_Start+4): c2d60613 addi    a2,a2,-979
Info   a2 3c7b2000 -> 3c7b1c2d
Info 'riscvOVPsim/cpu', 0x0000000080006660(.l_xnor_493_Start+8): 235a34b7 lui     s1,0x235a3
Info   s1 41359583 -> 235a3000
Info 'riscvOVPsim/cpu', 0x0000000080006664(.l_xnor_493_Start+c): 59e48493 addi    s1,s1,1438
Info   s1 235a3000 -> 235a359e
Info 'riscvOVPsim/cpu', 0x0000000080006668(.l_xnor_493_Start+10): 40964db3 xnor    s11,a2,s1
Info   s11 3d2ef813 -> e0ded64c
Info 'riscvOVPsim/cpu', 0x000000008000666c(.l_xnor_493_Start+14): e0deda37 lui     s4,0xe0ded
Info   s4 5b4ef815 -> e0ded000
Info 'riscvOVPsim/cpu', 0x0000000080006670(.l_xnor_493_Start+18): 64ca0a13 addi    s4,s4,1612
Info   s4 e0ded000 -> e0ded64c
Info 'riscvOVPsim/cpu', 0x0000000080006674(.l_xnor_493_Start+1c): 014d8a63 beq     s11,s4,80006688
Info 'riscvOVPsim/cpu', 0x0000000080006688(.l_slo_494_Start): 1c5cfbb7 lui     s7,0x1c5cf
Info   s7 68f10b96 -> 1c5cf000
Info 'riscvOVPsim/cpu', 0x000000008000668c(.l_slo_494_Start+4): 473b8b93 addi    s7,s7,1139
Info   s7 1c5cf000 -> 1c5cf473
Info 'riscvOVPsim/cpu', 0x0000000080006690(.l_slo_494_Start+8): 78c7e137 lui     sp,0x78c7e
Info   sp 43981553 -> 78c7e000
Info 'riscvOVPsim/cpu', 0x0000000080006694(.l_slo_494_Start+c): 74c10113 addi    sp,sp,1868
Info   sp 78c7e000 -> 78c7e74c
Info 'riscvOVPsim/cpu', 0x0000000080006698(.l_slo_494_Start+10): 202b9e33 slo     t3,s7,sp
Info   t3 2aa6d780 -> cf473fff
Info 'riscvOVPsim/cpu', 0x000000008000669c(.l_slo_494_Start+14): cf4745b7 lui     a1,0xcf474
Info   a1 47e8640e -> cf474000
Info 'riscvOVPsim/cpu', 0x00000000800066a0(.l_slo_494_Start+18): fff58593 addi    a1,a1,-1
Info   a1 cf474000 -> cf473fff
Info 'riscvOVPsim/cpu', 0x00000000800066a4(.l_slo_494_Start+1c): 00be0a63 beq     t3,a1,800066b8
Info 'riscvOVPsim/cpu', 0x00000000800066b8(.l_sro_495_Start): 355816b7 lui     a3,0x35581
Info   a3 34c6739f -> 35581000
Info 'riscvOVPsim/cpu', 0x00000000800066bc(.l_sro_495_Start+4): 3c868693 addi    a3,a3,968
Info   a3 35581000 -> 355813c8
Info 'riscvOVPsim/cpu', 0x00000000800066c0(.l_sro_495_Start+8): 162603b7 lui     t2,0x16260
Info   t2 0b165d39 -> 16260000
Info 'riscvOVPsim/cpu', 0x00000000800066c4(.l_sro_495_Start+c): 75a38393 addi    t2,t2,1882
Info   t2 16260000 -> 1626075a
Info 'riscvOVPsim/cpu', 0x00000000800066c8(.l_sro_495_Start+10): 2076d8b3 sro     a7,a3,t2
Info   a7 6fc5ec4d -> ffffffcd
Info 'riscvOVPsim/cpu', 0x00000000800066cc(.l_sro_495_Start+14): fcd00993 addi    s3,zero,-51
Info   s3 2aa6d780 -> ffffffcd
Info 'riscvOVPsim/cpu', 0x00000000800066d0(.l_sro_495_Start+18): 01388a63 beq     a7,s3,800066e4
Info 'riscvOVPsim/cpu', 0x00000000800066e4(.l_rol_496_Start): 00000013 nop
Info 'riscvOVPsim/cpu', 0x00000000800066e8(.l_rol_496_Start+4): 00000013 nop
Info 'riscvOVPsim/cpu', 0x00000000800066ec(.l_rol_496_Start+8): 60001033 rol     zero,zero,zero
Info 'riscvOVPsim/cpu', 0x00000000800066f0(.l_rol_496_Start+c): 00000e13 mv      t3,zero
Info   t3 cf473fff -> 00000000
Info 'riscvOVPsim/cpu', 0x00000000800066f4(.l_rol_496_Start+10): 01c00a63 beq     zero,t3,80006708
Info 'riscvOVPsim/cpu', 0x0000000080006708(.l_ror_497_Start): 1c4f5537 lui     a0,0x1c4f5
Info   a0 08293b0a -> 1c4f5000
Info 'riscvOVPsim/cpu', 0x000000008000670c(.l_ror_497_Start+4): 17a50513 addi    a0,a0,378
Info   a0 1c4f5000 -> 1c4f517a
Info 'riscvOVPsim/cpu', 0x0000000080006710(.l_ror_497_Start+8): 08ceeeb7 lui     t4,0x8cee
Info   t4 dbe73bf7 -> 08cee000
Info 'riscvOVPsim/cpu', 0x0000000080006714(.l_ror_497_Start+c): 1b7e8e93 addi    t4,t4,439
Info   t4 08cee000 -> 08cee1b7
Info 'riscvOVPsim/cpu', 0x0000000080006718(.l_ror_497_Start+10): 61d555b3 ror     a1,a0,t4
Info   a1 cf473fff -> 9ea2f438
Info 'riscvOVPsim/cpu', 0x000000008000671c(.l_ror_497_Start+14): 9ea2f0b7 lui     ra,0x9ea2f
Info   ra 15eff133 -> 9ea2f000
Info 'riscvOVPsim/cpu', 0x0000000080006720(.l_ror_497_Start+18): 43808093 addi    ra,ra,1080
Info   ra 9ea2f000 -> 9ea2f438
Info 'riscvOVPsim/cpu', 0x0000000080006724(.l_ror_497_Start+1c): 00158a63 beq     a1,ra,80006738
Info 'riscvOVPsim/cpu', 0x0000000080006738(.l_sbclr_498_Start): 305518b7 lui     a7,0x30551
Info   a7 ffffffcd -> 30551000
Info 'riscvOVPsim/cpu', 0x000000008000673c(.l_sbclr_498_Start+4): 61888893 addi    a7,a7,1560
Info   a7 30551000 -> 30551618
Info 'riscvOVPsim/cpu', 0x0000000080006740(.l_sbclr_498_Start+8): 046a17b7 lui     a5,0x46a1
Info   a5 0bc6aa12 -> 046a1000
Info 'riscvOVPsim/cpu', 0x0000000080006744(.l_sbclr_498_Start+c): 4f878793 addi    a5,a5,1272
Info   a5 046a1000 -> 046a14f8
Info 'riscvOVPsim/cpu', 0x0000000080006748(.l_sbclr_498_Start+10): 48f89633 sbclr   a2,a7,a5
Info   a2 3c7b1c2d -> 30551618
Info 'riscvOVPsim/cpu', 0x000000008000674c(.l_sbclr_498_Start+14): 30551db7 lui     s11,0x30551
Info   s11 e0ded64c -> 30551000
Info 'riscvOVPsim/cpu', 0x0000000080006750(.l_sbclr_498_Start+18): 618d8d93 addi    s11,s11,1560
Info   s11 30551000 -> 30551618
Info 'riscvOVPsim/cpu', 0x0000000080006754(.l_sbclr_498_Start+1c): 01b60a63 beq     a2,s11,80006768
Info 'riscvOVPsim/cpu', 0x0000000080006768(.l_sbset_499_Start): 4d858bb7 lui     s7,0x4d858
Info   s7 1c5cf473 -> 4d858000
Info 'riscvOVPsim/cpu', 0x000000008000676c(.l_sbset_499_Start+4): 339b8b93 addi    s7,s7,825
Info   s7 4d858000 -> 4d858339
Info 'riscvOVPsim/cpu', 0x0000000080006770(.l_sbset_499_Start+8): 007e9a37 lui     s4,0x7e9
Info   s4 e0ded64c -> 007e9000
Info 'riscvOVPsim/cpu', 0x0000000080006774(.l_sbset_499_Start+c): cb2a0a13 addi    s4,s4,-846
Info   s4 007e9000 -> 007e8cb2
Info 'riscvOVPsim/cpu', 0x0000000080006778(.l_sbset_499_Start+10): 294b9533 sbset   a0,s7,s4
Info   a0 1c4f517a -> 4d858339
Info 'riscvOVPsim/cpu', 0x000000008000677c(.l_sbset_499_Start+14): 4d858137 lui     sp,0x4d858
Info   sp 78c7e74c -> 4d858000
Info 'riscvOVPsim/cpu', 0x0000000080006780(.l_sbset_499_Start+18): 33910113 addi    sp,sp,825
Info   sp 4d858000 -> 4d858339
Info 'riscvOVPsim/cpu', 0x0000000080006784(.l_sbset_499_Start+1c): 00250a63 beq     a0,sp,80006798
Info 'riscvOVPsim/cpu', 0x0000000080006798(.l_sbinv_500_Start): 1f4482b7 lui     t0,0x1f448
Info   t0 dbe73bf7 -> 1f448000
Info 'riscvOVPsim/cpu', 0x000000008000679c(.l_sbinv_500_Start+4): 9cc28293 addi    t0,t0,-1588
Info   t0 1f448000 -> 1f4479cc
Info 'riscvOVPsim/cpu', 0x00000000800067a0(.l_sbinv_500_Start+8): 39a4e1b7 lui     gp,0x39a4e
Info   gp 41359583 -> 39a4e000
Info 'riscvOVPsim/cpu', 0x00000000800067a4(.l_sbinv_500_Start+c): 6f618193 addi    gp,gp,1782
Info   gp 39a4e000 -> 39a4e6f6
Info 'riscvOVPsim/cpu', 0x00000000800067a8(.l_sbinv_500_Start+10): 68329ab3 sbinv   s5,t0,gp
Info   s5 69e3ec6a -> 1f0479cc
Info 'riscvOVPsim/cpu', 0x00000000800067ac(.l_sbinv_500_Start+14): 1f048d37 lui     s10,0x1f048
Info   s10 5b4ef815 -> 1f048000
Info 'riscvOVPsim/cpu', 0x00000000800067b0(.l_sbinv_500_Start+18): 9ccd0d13 addi    s10,s10,-1588
Info   s10 1f048000 -> 1f0479cc
Info 'riscvOVPsim/cpu', 0x00000000800067b4(.l_sbinv_500_Start+1c): 01aa8a63 beq     s5,s10,800067c8
Info 'riscvOVPsim/cpu', 0x00000000800067c8(.l_sbext_501_Start): 70d5b337 lui     t1,0x70d5b
Info   t1 275c0b96 -> 70d5b000
Info 'riscvOVPsim/cpu', 0x00000000800067cc(.l_sbext_501_Start+4): de630313 addi    t1,t1,-538
Info   t1 70d5b000 -> 70d5ade6
Info 'riscvOVPsim/cpu', 0x00000000800067d0(.l_sbext_501_Start+8): 0c005b37 lui     s6,0xc005
Info   s6 68f10b96 -> 0c005000
Info 'riscvOVPsim/cpu', 0x00000000800067d4(.l_sbext_501_Start+c): ae4b0b13 addi    s6,s6,-1308
Info   s6 0c005000 -> 0c004ae4
Info 'riscvOVPsim/cpu', 0x00000000800067d8(.l_sbext_501_Start+10): 49635533 sbext   a0,t1,s6
Info   a0 4d858339 -> 00000000
Info 'riscvOVPsim/cpu', 0x00000000800067dc(.l_sbext_501_Start+14): 00000093 mv      ra,zero
Info   ra 9ea2f438 -> 00000000
Info 'riscvOVPsim/cpu', 0x00000000800067e0(.l_sbext_501_Start+18): 00150a63 beq     a0,ra,800067f4
Info 'riscvOVPsim/cpu', 0x00000000800067f4(.l_grev_502_Start): 11bba8b7 lui     a7,0x11bba
Info   a7 30551618 -> 11bba000
Info 'riscvOVPsim/cpu', 0x00000000800067f8(.l_grev_502_Start+4): 7ab88893 addi    a7,a7,1963
Info   a7 11bba000 -> 11bba7ab
Info 'riscvOVPsim/cpu', 0x00000000800067fc(.l_grev_502_Start+8): 0b69a0b7 lui     ra,0xb69a
Info   ra 00000000 -> 0b69a000
Info 'riscvOVPsim/cpu', 0x0000000080006800(.l_grev_502_Start+c): 05808093 addi    ra,ra,88
Info   ra 0b69a000 -> 0b69a058
Info 'riscvOVPsim/cpu', 0x0000000080006804(.l_grev_502_Start+10): 6818db33 grev    s6,a7,ra
Info   s6 0c004ae4 -> aba7bb11
Info 'riscvOVPsim/cpu', 0x0000000080006808(.l_grev_502_Start+14): aba7c237 lui     tp,0xaba7c
Info   tp 56f2df46 -> aba7c000
Info 'riscvOVPsim/cpu', 0x000000008000680c(.l_grev_502_Start+18): b1120213 addi    tp,tp,-1263
Info   tp aba7c000 -> aba7bb11
Info 'riscvOVPsim/cpu', 0x0000000080006810(.l_grev_502_Start+1c): 004b0a63 beq     s6,tp,80006824
Info 'riscvOVPsim/cpu', 0x0000000080006824(.l_sloi_503_Start): 2cffde37 lui     t3,0x2cffd
Info   t3 00000000 -> 2cffd000
Info 'riscvOVPsim/cpu', 0x0000000080006828(.l_sloi_503_Start+4): 35ae0e13 addi    t3,t3,858
Info   t3 2cffd000 -> 2cffd35a
Info 'riscvOVPsim/cpu', 0x000000008000682c(.l_sloi_503_Start+8): 207e1913 sloi    s2,t3,7
Info   s2 00007775 -> 7fe9ad7f
Info 'riscvOVPsim/cpu', 0x0000000080006830(.l_sloi_503_Start+c): 7fe9b7b7 lui     a5,0x7fe9b
Info   a5 046a14f8 -> 7fe9b000
Info 'riscvOVPsim/cpu', 0x0000000080006834(.l_sloi_503_Start+10): d7f78793 addi    a5,a5,-641
Info   a5 7fe9b000 -> 7fe9ad7f
Info 'riscvOVPsim/cpu', 0x0000000080006838(.l_sloi_503_Start+14): 00f90a63 beq     s2,a5,8000684c
Info 'riscvOVPsim/cpu', 0x000000008000684c(.l_sroi_504_Start): 4918a937 lui     s2,0x4918a
Info   s2 7fe9ad7f -> 4918a000
Info 'riscvOVPsim/cpu', 0x0000000080006850(.l_sroi_504_Start+4): 22690913 addi    s2,s2,550
Info   s2 4918a000 -> 4918a226
Info 'riscvOVPsim/cpu', 0x0000000080006854(.l_sroi_504_Start+8): 20495013 sroi    zero,s2,4
Info 'riscvOVPsim/cpu', 0x0000000080006858(.l_sroi_504_Start+c): 00000c13 mv      s8,zero
Info   s8 492b7b8a -> 00000000
Info 'riscvOVPsim/cpu', 0x000000008000685c(.l_sroi_504_Start+10): 01800a63 beq     zero,s8,80006870
Info 'riscvOVPsim/cpu', 0x0000000080006870(.l_rori_505_Start): 62a8b837 lui     a6,0x62a8b
Info   a6 13c329b6 -> 62a8b000
Info 'riscvOVPsim/cpu', 0x0000000080006874(.l_rori_505_Start+4): 75580813 addi    a6,a6,1877
Info   a6 62a8b000 -> 62a8b755
Info 'riscvOVPsim/cpu', 0x0000000080006878(.l_rori_505_Start+8): 61885313 rori    t1,a6,24
Info   t1 70d5ade6 -> a8b75562
Info 'riscvOVPsim/cpu', 0x000000008000687c(.l_rori_505_Start+c): a8b75f37 lui     t5,0xa8b75
Info   t5 3a5468f1 -> a8b75000
Info 'riscvOVPsim/cpu', 0x0000000080006880(.l_rori_505_Start+10): 562f0f13 addi    t5,t5,1378
Info   t5 a8b75000 -> a8b75562
Info 'riscvOVPsim/cpu', 0x0000000080006884(.l_rori_505_Start+14): 01e30a63 beq     t1,t5,80006898
Info 'riscvOVPsim/cpu', 0x0000000080006898(.l_sbclri_506_Start): 61e90eb7 lui     t4,0x61e90
Info   t4 08cee1b7 -> 61e90000
Info 'riscvOVPsim/cpu', 0x000000008000689c(.l_sbclri_506_Start+4): 648e8e93 addi    t4,t4,1608
Info   t4 61e90000 -> 61e90648
Info 'riscvOVPsim/cpu', 0x00000000800068a0(.l_sbclri_506_Start+8): 4a1e9e13 sbclri  t3,t4,33
Info   t3 2cffd35a -> 61e90648
Info 'riscvOVPsim/cpu', 0x00000000800068a4(.l_sbclri_506_Start+c): 61e904b7 lui     s1,0x61e90
Info   s1 235a359e -> 61e90000
Info 'riscvOVPsim/cpu', 0x00000000800068a8(.l_sbclri_506_Start+10): 64848493 addi    s1,s1,1608
Info   s1 61e90000 -> 61e90648
Info 'riscvOVPsim/cpu', 0x00000000800068ac(.l_sbclri_506_Start+14): 009e0a63 beq     t3,s1,800068c0
Info 'riscvOVPsim/cpu', 0x00000000800068c0(.l_sbseti_507_Start): 3d8bb437 lui     s0,0x3d8bb
Info   s0 150b376b -> 3d8bb000
Info 'riscvOVPsim/cpu', 0x00000000800068c4(.l_sbseti_507_Start+4): 56c40413 addi    s0,s0,1388
Info   s0 3d8bb000 -> 3d8bb56c
Info 'riscvOVPsim/cpu', 0x00000000800068c8(.l_sbseti_507_Start+8): 2b341393 sbseti  t2,s0,51
Info   t2 1626075a -> 3d8bb56c
Info 'riscvOVPsim/cpu', 0x00000000800068cc(.l_sbseti_507_Start+c): 3d8bbd37 lui     s10,0x3d8bb
Info   s10 1f0479cc -> 3d8bb000
Info 'riscvOVPsim/cpu', 0x00000000800068d0(.l_sbseti_507_Start+10): 56cd0d13 addi    s10,s10,1388
Info   s10 3d8bb000 -> 3d8bb56c
Info 'riscvOVPsim/cpu', 0x00000000800068d4(.l_sbseti_507_Start+14): 01a38a63 beq     t2,s10,800068e8
Info 'riscvOVPsim/cpu', 0x00000000800068e8(.l_sbinvi_508_Start): 2f556fb7 lui     t6,0x2f556
Info   t6 2d1eee72 -> 2f556000
Info 'riscvOVPsim/cpu', 0x00000000800068ec(.l_sbinvi_508_Start+4): e0af8f93 addi    t6,t6,-502
Info   t6 2f556000 -> 2f555e0a
Info 'riscvOVPsim/cpu', 0x00000000800068f0(.l_sbinvi_508_Start+8): 68ef9493 sbinvi  s1,t6,14
Info   s1 61e90648 -> 2f551e0a
Info 'riscvOVPsim/cpu', 0x00000000800068f4(.l_sbinvi_508_Start+c): 2f552237 lui     tp,0x2f552
Info   tp aba7bb11 -> 2f552000
Info 'riscvOVPsim/cpu', 0x00000000800068f8(.l_sbinvi_508_Start+10): e0a20213 addi    tp,tp,-502
Info   tp 2f552000 -> 2f551e0a
Info 'riscvOVPsim/cpu', 0x00000000800068fc(.l_sbinvi_508_Start+14): 00448a63 beq     s1,tp,80006910
Info 'riscvOVPsim/cpu', 0x0000000080006910(.l_sbexti_509_Start): 2af8a0b7 lui     ra,0x2af8a
Info   ra 0b69a058 -> 2af8a000
Info 'riscvOVPsim/cpu', 0x0000000080006914(.l_sbexti_509_Start+4): ebc08093 addi    ra,ra,-324
Info   ra 2af8a000 -> 2af89ebc
Info 'riscvOVPsim/cpu', 0x0000000080006918(.l_sbexti_509_Start+8): 4a70d313 sbexti  t1,ra,39
Info   t1 a8b75562 -> 00000001
Info 'riscvOVPsim/cpu', 0x000000008000691c(.l_sbexti_509_Start+c): 00100213 addi    tp,zero,1
Info   tp 2f551e0a -> 00000001
Info 'riscvOVPsim/cpu', 0x0000000080006920(.l_sbexti_509_Start+10): 00430a63 beq     t1,tp,80006934
Info 'riscvOVPsim/cpu', 0x0000000080006934(.l_grevi_510_Start): 605dc737 lui     a4,0x605dc
Info   a4 08293b0a -> 605dc000
Info 'riscvOVPsim/cpu', 0x0000000080006938(.l_grevi_510_Start+4): 3a570713 addi    a4,a4,933
Info   a4 605dc000 -> 605dc3a5
Info 'riscvOVPsim/cpu', 0x000000008000693c(.l_grevi_510_Start+8): 6ae75093 grevi   ra,a4,46
Info   ra 2af89ebc -> 75095ac3
Info 'riscvOVPsim/cpu', 0x0000000080006940(.l_grevi_510_Start+c): 750966b7 lui     a3,0x75096
Info   a3 355813c8 -> 75096000
Info 'riscvOVPsim/cpu', 0x0000000080006944(.l_grevi_510_Start+10): ac368693 addi    a3,a3,-1341
Info   a3 75096000 -> 75095ac3
Info 'riscvOVPsim/cpu', 0x0000000080006948(.l_grevi_510_Start+14): 00d08a63 beq     ra,a3,8000695c
Info 'riscvOVPsim/cpu', 0x000000008000695c(.l_cmix_511_Start): 5f61c5b7 lui     a1,0x5f61c
Info   a1 9ea2f438 -> 5f61c000
Info 'riscvOVPsim/cpu', 0x0000000080006960(.l_cmix_511_Start+4): 7ca58593 addi    a1,a1,1994
Info   a1 5f61c000 -> 5f61c7ca
Info 'riscvOVPsim/cpu', 0x0000000080006964(.l_cmix_511_Start+8): 12888ab7 lui     s5,0x12888
Info   s5 1f0479cc -> 12888000
Info 'riscvOVPsim/cpu', 0x0000000080006968(.l_cmix_511_Start+c): 409a8a93 addi    s5,s5,1033
Info   s5 12888000 -> 12888409
Info 'riscvOVPsim/cpu', 0x000000008000696c(.l_cmix_511_Start+10): 3f82c6b7 lui     a3,0x3f82c
Info   a3 75095ac3 -> 3f82c000
Info 'riscvOVPsim/cpu', 0x0000000080006970(.l_cmix_511_Start+14): 14468693 addi    a3,a3,324
Info   a3 3f82c000 -> 3f82c144
Info 'riscvOVPsim/cpu', 0x0000000080006974(.l_cmix_511_Start+18): 6f559ab3 cmix    s5,a1,s5,a3
Info   s5 12888409 -> 3f02c54c
Info 'riscvOVPsim/cpu', 0x0000000080006978(.l_cmix_511_Start+1c): 3f02c2b7 lui     t0,0x3f02c
Info   t0 1f4479cc -> 3f02c000
Info 'riscvOVPsim/cpu', 0x000000008000697c(.l_cmix_511_Start+20): 54c28293 addi    t0,t0,1356
Info   t0 3f02c000 -> 3f02c54c
Info 'riscvOVPsim/cpu', 0x0000000080006980(.l_cmix_511_Start+24): 005a8a63 beq     s5,t0,80006994
Info 'riscvOVPsim/cpu', 0x0000000080006994(.l_cmov_512_Start): 03f6adb7 lui     s11,0x3f6a
Info   s11 30551618 -> 03f6a000
Info 'riscvOVPsim/cpu', 0x0000000080006998(.l_cmov_512_Start+4): c3fd8d93 addi    s11,s11,-961
Info   s11 03f6a000 -> 03f69c3f
Info 'riscvOVPsim/cpu', 0x000000008000699c(.l_cmov_512_Start+8): 40d41637 lui     a2,0x40d41
Info   a2 30551618 -> 40d41000
Info 'riscvOVPsim/cpu', 0x00000000800069a0(.l_cmov_512_Start+c): b6060613 addi    a2,a2,-1184
Info   a2 40d41000 -> 40d40b60
Info 'riscvOVPsim/cpu', 0x00000000800069a4(.l_cmov_512_Start+10): 483e7937 lui     s2,0x483e7
Info   s2 4918a226 -> 483e7000
Info 'riscvOVPsim/cpu', 0x00000000800069a8(.l_cmov_512_Start+14): 2d090913 addi    s2,s2,720
Info   s2 483e7000 -> 483e72d0
Info 'riscvOVPsim/cpu', 0x00000000800069ac(.l_cmov_512_Start+18): 96cdd5b3 cmov    a1,s11,a2,s2
Info   a1 5f61c7ca -> 03f69c3f
Info 'riscvOVPsim/cpu', 0x00000000800069b0(.l_cmov_512_Start+1c): 03f6aab7 lui     s5,0x3f6a
Info   s5 3f02c54c -> 03f6a000
Info 'riscvOVPsim/cpu', 0x00000000800069b4(.l_cmov_512_Start+20): c3fa8a93 addi    s5,s5,-961
Info   s5 03f6a000 -> 03f69c3f
Info 'riscvOVPsim/cpu', 0x00000000800069b8(.l_cmov_512_Start+24): 01558a63 beq     a1,s5,800069cc
Info 'riscvOVPsim/cpu', 0x00000000800069cc(.l_fsl_513_Start): 53f50fb7 lui     t6,0x53f50
Info   t6 2f555e0a -> 53f50000
Info 'riscvOVPsim/cpu', 0x00000000800069d0(.l_fsl_513_Start+4): b45f8f93 addi    t6,t6,-1211
Info   t6 53f50000 -> 53f4fb45
Info 'riscvOVPsim/cpu', 0x00000000800069d4(.l_fsl_513_Start+8): 7e535f37 lui     t5,0x7e535
Info   t5 a8b75562 -> 7e535000
Info 'riscvOVPsim/cpu', 0x00000000800069d8(.l_fsl_513_Start+c): 078f0f13 addi    t5,t5,120
Info   t5 7e535000 -> 7e535078
Info 'riscvOVPsim/cpu', 0x00000000800069dc(.l_fsl_513_Start+10): 7ee6abb7 lui     s7,0x7ee6a
Info   s7 4d858339 -> 7ee6a000
Info 'riscvOVPsim/cpu', 0x00000000800069e0(.l_fsl_513_Start+14): 0b1b8b93 addi    s7,s7,177
Info   s7 7ee6a000 -> 7ee6a0b1
Info 'riscvOVPsim/cpu', 0x00000000800069e4(.l_fsl_513_Start+18): bdef9433 fsl     s0,t6,t5,s7
Info   s0 3d8bb56c -> b153f4fb
Info 'riscvOVPsim/cpu', 0x00000000800069e8(.l_fsl_513_Start+1c): b153fd37 lui     s10,0xb153f
Info   s10 3d8bb56c -> b153f000
Info 'riscvOVPsim/cpu', 0x00000000800069ec(.l_fsl_513_Start+20): 4fbd0d13 addi    s10,s10,1275
Info   s10 b153f000 -> b153f4fb
Info 'riscvOVPsim/cpu', 0x00000000800069f0(.l_fsl_513_Start+24): 01a40a63 beq     s0,s10,80006a04
Info 'riscvOVPsim/cpu', 0x0000000080006a04(.l_fsr_514_Start): 0fd9fa37 lui     s4,0xfd9f
Info   s4 007e8cb2 -> 0fd9f000
Info 'riscvOVPsim/cpu', 0x0000000080006a08(.l_fsr_514_Start+4): 937a0a13 addi    s4,s4,-1737
Info   s4 0fd9f000 -> 0fd9e937
Info 'riscvOVPsim/cpu', 0x0000000080006a0c(.l_fsr_514_Start+8): 5c3c3937 lui     s2,0x5c3c3
Info   s2 483e72d0 -> 5c3c3000
Info 'riscvOVPsim/cpu', 0x0000000080006a10(.l_fsr_514_Start+c): 52690913 addi    s2,s2,1318
Info   s2 5c3c3000 -> 5c3c3526
Info 'riscvOVPsim/cpu', 0x0000000080006a14(.l_fsr_514_Start+10): 582220b7 lui     ra,0x58222
Info   ra 75095ac3 -> 58222000
Info 'riscvOVPsim/cpu', 0x0000000080006a18(.l_fsr_514_Start+14): 7b808093 addi    ra,ra,1976
Info   ra 58222000 -> 582227b8
Info 'riscvOVPsim/cpu', 0x0000000080006a1c(.l_fsr_514_Start+18): d2a59b3 fsr     s3,s4,s2,ra
Info   s3 ffffffcd -> dd60889e
Info 'riscvOVPsim/cpu', 0x0000000080006a20(.l_fsr_514_Start+1c): dd609637 lui     a2,0xdd609
Info   a2 40d40b60 -> dd609000
Info 'riscvOVPsim/cpu', 0x0000000080006a24(.l_fsr_514_Start+20): 89e60613 addi    a2,a2,-1890
Info   a2 dd609000 -> dd60889e
Info 'riscvOVPsim/cpu', 0x0000000080006a28(.l_fsr_514_Start+24): 00c98a63 beq     s3,a2,80006a3c
Info 'riscvOVPsim/cpu', 0x0000000080006a3c(.l_fsri_515_Start): 078ecdb7 lui     s11,0x78ec
Info   s11 03f69c3f -> 078ec000
Info 'riscvOVPsim/cpu', 0x0000000080006a40(.l_fsri_515_Start+4): c8dd8d93 addi    s11,s11,-883
Info   s11 078ec000 -> 078ebc8d
Info 'riscvOVPsim/cpu', 0x0000000080006a44(.l_fsri_515_Start+8): 19a602b7 lui     t0,0x19a60
Info   t0 3f02c54c -> 19a60000
Info 'riscvOVPsim/cpu', 0x0000000080006a48(.l_fsri_515_Start+c): 65028293 addi    t0,t0,1616
Info   t0 19a60000 -> 19a60650
Info 'riscvOVPsim/cpu', 0x0000000080006a4c(.l_fsri_515_Start+10): 2c9dd193 fsri    gp,s11,t0,9
Info   gp 39a4e6f6 -> 2803c75e
Info 'riscvOVPsim/cpu', 0x0000000080006a50(.l_fsri_515_Start+14): 2803c8b7 lui     a7,0x2803c
Info   a7 11bba7ab -> 2803c000
Info 'riscvOVPsim/cpu', 0x0000000080006a54(.l_fsri_515_Start+18): 75e88893 addi    a7,a7,1886
Info   a7 2803c000 -> 2803c75e
Info 'riscvOVPsim/cpu', 0x0000000080006a58(.l_fsri_515_Start+1c): 01118a63 beq     gp,a7,80006a6c
Info 'riscvOVPsim/cpu', 0x0000000080006a6c(.l_clz_516_Start): 54136cb7 lui     s9,0x54136
Info   s9 3698e5b8 -> 54136000
Info 'riscvOVPsim/cpu', 0x0000000080006a70(.l_clz_516_Start+4): 82ec8c93 addi    s9,s9,-2002
Info   s9 54136000 -> 5413582e
Info 'riscvOVPsim/cpu', 0x0000000080006a74(.l_clz_516_Start+8): 600c9513 clz     a0,s9
Info   a0 00000000 -> 00000001
Info 'riscvOVPsim/cpu', 0x0000000080006a78(.l_clz_516_Start+c): 00100993 addi    s3,zero,1
Info   s3 dd60889e -> 00000001
Info 'riscvOVPsim/cpu', 0x0000000080006a7c(.l_clz_516_Start+10): 01350a63 beq     a0,s3,80006a90
Info 'riscvOVPsim/cpu', 0x0000000080006a90(.l_ctz_517_Start): 2927c1b7 lui     gp,0x2927c
Info   gp 2803c75e -> 2927c000
Info 'riscvOVPsim/cpu', 0x0000000080006a94(.l_ctz_517_Start+4): 34018193 addi    gp,gp,832
Info   gp 2927c000 -> 2927c340
Info 'riscvOVPsim/cpu', 0x0000000080006a98(.l_ctz_517_Start+8): 60119c13 ctz     s8,gp
Info   s8 00000000 -> 00000006
Info 'riscvOVPsim/cpu', 0x0000000080006a9c(.l_ctz_517_Start+c): 00600113 addi    sp,zero,6
Info   sp 4d858339 -> 00000006
Info 'riscvOVPsim/cpu', 0x0000000080006aa0(.l_ctz_517_Start+10): 002c0a63 beq     s8,sp,80006ab4
Info 'riscvOVPsim/cpu', 0x0000000080006ab4(.l_pcnt_518_Start): 5f51aeb7 lui     t4,0x5f51a
Info   t4 61e90648 -> 5f51a000
Info 'riscvOVPsim/cpu', 0x0000000080006ab8(.l_pcnt_518_Start+4): e6ce8e93 addi    t4,t4,-404
Info   t4 5f51a000 -> 5f519e6c
Info 'riscvOVPsim/cpu', 0x0000000080006abc(.l_pcnt_518_Start+8): 602e9113 pcnt    sp,t4
Info   sp 00000006 -> 00000012
Info 'riscvOVPsim/cpu', 0x0000000080006ac0(.l_pcnt_518_Start+c): 01200e13 addi    t3,zero,18
Info   t3 61e90648 -> 00000012
Info 'riscvOVPsim/cpu', 0x0000000080006ac4(.l_pcnt_518_Start+10): 01c10a63 beq     sp,t3,80006ad8
Info 'riscvOVPsim/cpu', 0x0000000080006ad8(.l_crc32_b_519_Start): 63022837 lui     a6,0x63022
Info   a6 62a8b755 -> 63022000
Info 'riscvOVPsim/cpu', 0x0000000080006adc(.l_crc32_b_519_Start+4): 49580813 addi    a6,a6,1173
Info   a6 63022000 -> 63022495
Info 'riscvOVPsim/cpu', 0x0000000080006ae0(.l_crc32_b_519_Start+8): 61081113 crc32.b sp,a6
Info   sp 00000012 -> 800665ef
Info 'riscvOVPsim/cpu', 0x0000000080006ae4(.l_crc32_b_519_Start+c): 800665b7 lui     a1,0x80066
Info   a1 03f69c3f -> 80066000
Info 'riscvOVPsim/cpu', 0x0000000080006ae8(.l_crc32_b_519_Start+10): 5ef58593 addi    a1,a1,1519
Info   a1 80066000 -> 800665ef
Info 'riscvOVPsim/cpu', 0x0000000080006aec(.l_crc32_b_519_Start+14): 00b10a63 beq     sp,a1,80006b00
Info 'riscvOVPsim/cpu', 0x0000000080006b00(.l_crc32_h_520_Start): 03c887b7 lui     a5,0x3c88
Info   a5 7fe9ad7f -> 03c88000
Info 'riscvOVPsim/cpu', 0x0000000080006b04(.l_crc32_h_520_Start+4): 68778793 addi    a5,a5,1671
Info   a5 03c88000 -> 03c88687
Info 'riscvOVPsim/cpu', 0x0000000080006b08(.l_crc32_h_520_Start+8): 61179213 crc32.h tp,a5
Info   tp 00000001 -> 70192b51
Info 'riscvOVPsim/cpu', 0x0000000080006b0c(.l_crc32_h_520_Start+c): 701936b7 lui     a3,0x70193
Info   a3 3f82c144 -> 70193000
Info 'riscvOVPsim/cpu', 0x0000000080006b10(.l_crc32_h_520_Start+10): b5168693 addi    a3,a3,-1199
Info   a3 70193000 -> 70192b51
Info 'riscvOVPsim/cpu', 0x0000000080006b14(.l_crc32_h_520_Start+14): 00d20a63 beq     tp,a3,80006b28
Info 'riscvOVPsim/cpu', 0x0000000080006b28(.l_crc32_w_521_Start): 307e7e37 lui     t3,0x307e7
Info   t3 00000012 -> 307e7000
Info 'riscvOVPsim/cpu', 0x0000000080006b2c(.l_crc32_w_521_Start+4): 00ae0e13 addi    t3,t3,10
Info   t3 307e7000 -> 307e700a
Info 'riscvOVPsim/cpu', 0x0000000080006b30(.l_crc32_w_521_Start+8): 612e1393 crc32.w t2,t3
Info   t2 3d8bb56c -> ac29ece0
Info 'riscvOVPsim/cpu', 0x0000000080006b34(.l_crc32_w_521_Start+c): ac29f0b7 lui     ra,0xac29f
Info   ra 582227b8 -> ac29f000
Info 'riscvOVPsim/cpu', 0x0000000080006b38(.l_crc32_w_521_Start+10): ce008093 addi    ra,ra,-800
Info   ra ac29f000 -> ac29ece0
Info 'riscvOVPsim/cpu', 0x0000000080006b3c(.l_crc32_w_521_Start+14): 00138a63 beq     t2,ra,80006b50
Info 'riscvOVPsim/cpu', 0x0000000080006b50(.l_crc32c_b_522_Start): 29d4c2b7 lui     t0,0x29d4c
Info   t0 19a60650 -> 29d4c000
Info 'riscvOVPsim/cpu', 0x0000000080006b54(.l_crc32c_b_522_Start+4): a1428293 addi    t0,t0,-1516
Info   t0 29d4c000 -> 29d4ba14
Info 'riscvOVPsim/cpu', 0x0000000080006b58(.l_crc32c_b_522_Start+8): 61829b93 crc32c.b s7,t0
Info   s7 7ee6a0b1 -> d7ed84ca
Info 'riscvOVPsim/cpu', 0x0000000080006b5c(.l_crc32c_b_522_Start+c): d7ed8b37 lui     s6,0xd7ed8
Info   s6 aba7bb11 -> d7ed8000
Info 'riscvOVPsim/cpu', 0x0000000080006b60(.l_crc32c_b_522_Start+10): 4cab0b13 addi    s6,s6,1226
Info   s6 d7ed8000 -> d7ed84ca
Info 'riscvOVPsim/cpu', 0x0000000080006b64(.l_crc32c_b_522_Start+14): 016b8a63 beq     s7,s6,80006b78
Info 'riscvOVPsim/cpu', 0x0000000080006b78(.l_crc32c_h_523_Start): 2913b637 lui     a2,0x2913b
Info   a2 dd60889e -> 2913b000
Info 'riscvOVPsim/cpu', 0x0000000080006b7c(.l_crc32c_h_523_Start+4): bfa60613 addi    a2,a2,-1030
Info   a2 2913b000 -> 2913abfa
Info 'riscvOVPsim/cpu', 0x0000000080006b80(.l_crc32c_h_523_Start+8): 61961093 crc32c.h ra,a2
Info   ra ac29ece0 -> c509eaa6
Info 'riscvOVPsim/cpu', 0x0000000080006b84(.l_crc32c_h_523_Start+c): c509fa37 lui     s4,0xc509f
Info   s4 0fd9e937 -> c509f000
Info 'riscvOVPsim/cpu', 0x0000000080006b88(.l_crc32c_h_523_Start+10): aa6a0a13 addi    s4,s4,-1370
Info   s4 c509f000 -> c509eaa6
Info 'riscvOVPsim/cpu', 0x0000000080006b8c(.l_crc32c_h_523_Start+14): 01408a63 beq     ra,s4,80006ba0
Info 'riscvOVPsim/cpu', 0x0000000080006ba0(.l_crc32c_w_524_Start): 0b7c96b7 lui     a3,0xb7c9
Info   a3 70192b51 -> 0b7c9000
Info 'riscvOVPsim/cpu', 0x0000000080006ba4(.l_crc32c_w_524_Start+4): 2f268693 addi    a3,a3,754
Info   a3 0b7c9000 -> 0b7c92f2
Info 'riscvOVPsim/cpu', 0x0000000080006ba8(.l_crc32c_w_524_Start+8): 61a69793 crc32c.w a5,a3
Info   a5 03c88687 -> 398495f3
Info 'riscvOVPsim/cpu', 0x0000000080006bac(.l_crc32c_w_524_Start+c): 39849fb7 lui     t6,0x39849
Info   t6 53f4fb45 -> 39849000
Info 'riscvOVPsim/cpu', 0x0000000080006bb0(.l_crc32c_w_524_Start+10): 5f3f8f93 addi    t6,t6,1523
Info   t6 39849000 -> 398495f3
Info 'riscvOVPsim/cpu', 0x0000000080006bb4(.l_crc32c_w_524_Start+14): 01f78a63 beq     a5,t6,80006bc8
Info 'riscvOVPsim/cpu', 0x0000000080006bc8(.l_clmul_525_Start): 3f2b29b7 lui     s3,0x3f2b2
Info   s3 00000001 -> 3f2b2000
Info 'riscvOVPsim/cpu', 0x0000000080006bcc(.l_clmul_525_Start+4): c0b98993 addi    s3,s3,-1013
Info   s3 3f2b2000 -> 3f2b1c0b
Info 'riscvOVPsim/cpu', 0x0000000080006bd0(.l_clmul_525_Start+8): 3c5cba37 lui     s4,0x3c5cb
Info   s4 c509eaa6 -> 3c5cb000
Info 'riscvOVPsim/cpu', 0x0000000080006bd4(.l_clmul_525_Start+c): 001a0a13 addi    s4,s4,1
Info   s4 3c5cb000 -> 3c5cb001
Info 'riscvOVPsim/cpu', 0x0000000080006bd8(.l_clmul_525_Start+10): b499633 clmul   a2,s3,s4
Info   a2 2913abfa -> 956b4c0b
Info 'riscvOVPsim/cpu', 0x0000000080006bdc(.l_clmul_525_Start+14): 956b57b7 lui     a5,0x956b5
Info   a5 398495f3 -> 956b5000
Info 'riscvOVPsim/cpu', 0x0000000080006be0(.l_clmul_525_Start+18): c0b78793 addi    a5,a5,-1013
Info   a5 956b5000 -> 956b4c0b
Info 'riscvOVPsim/cpu', 0x0000000080006be4(.l_clmul_525_Start+1c): 00f60a63 beq     a2,a5,80006bf8
Info 'riscvOVPsim/cpu', 0x0000000080006bf8(.l_clmulr_526_Start): 651acdb7 lui     s11,0x651ac
Info   s11 078ebc8d -> 651ac000
Info 'riscvOVPsim/cpu', 0x0000000080006bfc(.l_clmulr_526_Start+4): 51fd8d93 addi    s11,s11,1311
Info   s11 651ac000 -> 651ac51f
Info 'riscvOVPsim/cpu', 0x0000000080006c00(.l_clmulr_526_Start+8): 15d72f37 lui     t5,0x15d72
Info   t5 7e535078 -> 15d72000
Info 'riscvOVPsim/cpu', 0x0000000080006c04(.l_clmulr_526_Start+c): 32ef0f13 addi    t5,t5,814
Info   t5 15d72000 -> 15d7232e
Info 'riscvOVPsim/cpu', 0x0000000080006c08(.l_clmulr_526_Start+10): b499633 clmul   a2,s3,s4
Info   a2 956b4c0b -> 0f18e173
Info 'riscvOVPsim/cpu', 0x0000000080006c0c(.l_clmulr_526_Start+14): 0f18e7b7 lui     a5,0xf18e
Info   a5 956b4c0b -> 0f18e000
Info 'riscvOVPsim/cpu', 0x0000000080006c10(.l_clmulr_526_Start+18): 17378793 addi    a5,a5,371
Info   a5 0f18e000 -> 0f18e173
Info 'riscvOVPsim/cpu', 0x0000000080006c14(.l_clmulr_526_Start+1c): 00f60a63 beq     a2,a5,80006c28
Info 'riscvOVPsim/cpu', 0x0000000080006c28(.l_clmulh_527_Start): 44ce03b7 lui     t2,0x44ce0
Info   t2 ac29ece0 -> 44ce0000
Info 'riscvOVPsim/cpu', 0x0000000080006c2c(.l_clmulh_527_Start+4): 9e638393 addi    t2,t2,-1562
Info   t2 44ce0000 -> 44cdf9e6
Info 'riscvOVPsim/cpu', 0x0000000080006c30(.l_clmulh_527_Start+8): 5171bab7 lui     s5,0x5171b
Info   s5 03f69c3f -> 5171b000
Info 'riscvOVPsim/cpu', 0x0000000080006c34(.l_clmulh_527_Start+c): 07fa8a93 addi    s5,s5,127
Info   s5 5171b000 -> 5171b07f
Info 'riscvOVPsim/cpu', 0x0000000080006c38(.l_clmulh_527_Start+10): b53bc33 clmulh  s8,t2,s5
Info   s8 00000006 -> 1526e060
Info 'riscvOVPsim/cpu', 0x0000000080006c3c(.l_clmulh_527_Start+14): 1526e6b7 lui     a3,0x1526e
Info   a3 0b7c92f2 -> 1526e000
Info 'riscvOVPsim/cpu', 0x0000000080006c40(.l_clmulh_527_Start+18): 06068693 addi    a3,a3,96
Info   a3 1526e000 -> 1526e060
Info 'riscvOVPsim/cpu', 0x0000000080006c44(.l_clmulh_527_Start+1c): 00dc0a63 beq     s8,a3,80006c58
Info 'riscvOVPsim/cpu', 0x0000000080006c58(.l_min_528_Start): 283e25b7 lui     a1,0x283e2
Info   a1 800665ef -> 283e2000
Info 'riscvOVPsim/cpu', 0x0000000080006c5c(.l_min_528_Start+4): 61f58593 addi    a1,a1,1567
Info   a1 283e2000 -> 283e261f
Info 'riscvOVPsim/cpu', 0x0000000080006c60(.l_min_528_Start+8): 4a154937 lui     s2,0x4a154
Info   s2 5c3c3526 -> 4a154000
Info 'riscvOVPsim/cpu', 0x0000000080006c64(.l_min_528_Start+c): 3b390913 addi    s2,s2,947
Info   s2 4a154000 -> 4a1543b3
Info 'riscvOVPsim/cpu', 0x0000000080006c68(.l_min_528_Start+10): b25c633 min     a2,a1,s2
Info   a2 0f18e173 -> 283e261f
Info 'riscvOVPsim/cpu', 0x0000000080006c6c(.l_min_528_Start+14): 283e29b7 lui     s3,0x283e2
Info   s3 3f2b1c0b -> 283e2000
Info 'riscvOVPsim/cpu', 0x0000000080006c70(.l_min_528_Start+18): 61f98993 addi    s3,s3,1567
Info   s3 283e2000 -> 283e261f
Info 'riscvOVPsim/cpu', 0x0000000080006c74(.l_min_528_Start+1c): 01360a63 beq     a2,s3,80006c88
Info 'riscvOVPsim/cpu', 0x0000000080006c88(.l_max_529_Start): 492dcf37 lui     t5,0x492dc
Info   t5 15d7232e -> 492dc000
Info 'riscvOVPsim/cpu', 0x0000000080006c8c(.l_max_529_Start+4): c01f0f13 addi    t5,t5,-1023
Info   t5 492dc000 -> 492dbc01
Info 'riscvOVPsim/cpu', 0x0000000080006c90(.l_max_529_Start+8): 685f2737 lui     a4,0x685f2
Info   a4 605dc3a5 -> 685f2000
Info 'riscvOVPsim/cpu', 0x0000000080006c94(.l_max_529_Start+c): 99670713 addi    a4,a4,-1642
Info   a4 685f2000 -> 685f1996
Info 'riscvOVPsim/cpu', 0x0000000080006c98(.l_max_529_Start+10): aef5ab3 max     s5,t5,a4
Info   s5 5171b07f -> 685f1996
Info 'riscvOVPsim/cpu', 0x0000000080006c9c(.l_max_529_Start+14): 685f26b7 lui     a3,0x685f2
Info   a3 1526e060 -> 685f2000
Info 'riscvOVPsim/cpu', 0x0000000080006ca0(.l_max_529_Start+18): 99668693 addi    a3,a3,-1642
Info   a3 685f2000 -> 685f1996
Info 'riscvOVPsim/cpu', 0x0000000080006ca4(.l_max_529_Start+1c): 00da8a63 beq     s5,a3,80006cb8
Info 'riscvOVPsim/cpu', 0x0000000080006cb8(.l_minu_530_Start): 07856a37 lui     s4,0x7856
Info   s4 3c5cb001 -> 07856000
Info 'riscvOVPsim/cpu', 0x0000000080006cbc(.l_minu_530_Start+4): 79fa0a13 addi    s4,s4,1951
Info   s4 07856000 -> 0785679f
Info 'riscvOVPsim/cpu', 0x0000000080006cc0(.l_minu_530_Start+8): 01c6e537 lui     a0,0x1c6e
Info   a0 00000001 -> 01c6e000
Info 'riscvOVPsim/cpu', 0x0000000080006cc4(.l_minu_530_Start+c): b2b50513 addi    a0,a0,-1237
Info   a0 01c6e000 -> 01c6db2b
Info 'riscvOVPsim/cpu', 0x0000000080006cc8(.l_minu_530_Start+10): aaa6bb3 minu    s7,s4,a0
Info   s7 d7ed84ca -> 01c6db2b
Info 'riscvOVPsim/cpu', 0x0000000080006ccc(.l_minu_530_Start+14): 01c6e337 lui     t1,0x1c6e
Info   t1 00000001 -> 01c6e000
Info 'riscvOVPsim/cpu', 0x0000000080006cd0(.l_minu_530_Start+18): b2b30313 addi    t1,t1,-1237
Info   t1 01c6e000 -> 01c6db2b
Info 'riscvOVPsim/cpu', 0x0000000080006cd4(.l_minu_530_Start+1c): 006b8a63 beq     s7,t1,80006ce8
Info 'riscvOVPsim/cpu', 0x0000000080006ce8(.l_maxu_531_Start): 6a1d2d37 lui     s10,0x6a1d2
Info   s10 b153f4fb -> 6a1d2000
Info 'riscvOVPsim/cpu', 0x0000000080006cec(.l_maxu_531_Start+4): 5bad0d13 addi    s10,s10,1466
Info   s10 6a1d2000 -> 6a1d25ba
Info 'riscvOVPsim/cpu', 0x0000000080006cf0(.l_maxu_531_Start+8): 3232f537 lui     a0,0x3232f
Info   a0 01c6db2b -> 3232f000
Info 'riscvOVPsim/cpu', 0x0000000080006cf4(.l_maxu_531_Start+c): d7850513 addi    a0,a0,-648
Info   a0 3232f000 -> 3232ed78
Info 'riscvOVPsim/cpu', 0x0000000080006cf8(.l_maxu_531_Start+10): aad7633 maxu    a2,s10,a0
Info   a2 283e261f -> 6a1d25ba
Info 'riscvOVPsim/cpu', 0x0000000080006cfc(.l_maxu_531_Start+14): 6a1d2bb7 lui     s7,0x6a1d2
Info   s7 01c6db2b -> 6a1d2000
Info 'riscvOVPsim/cpu', 0x0000000080006d00(.l_maxu_531_Start+18): 5bab8b93 addi    s7,s7,1466
Info   s7 6a1d2000 -> 6a1d25ba
Info 'riscvOVPsim/cpu', 0x0000000080006d04(.l_maxu_531_Start+1c): 01760a63 beq     a2,s7,80006d18
Info 'riscvOVPsim/cpu', 0x0000000080006d18(.l_shfl_532_Start): 17ce70b7 lui     ra,0x17ce7
Info   ra c509eaa6 -> 17ce7000
Info 'riscvOVPsim/cpu', 0x0000000080006d1c(.l_shfl_532_Start+4): b4708093 addi    ra,ra,-1209
Info   ra 17ce7000 -> 17ce6b47
Info 'riscvOVPsim/cpu', 0x0000000080006d20(.l_shfl_532_Start+8): 2497e6b7 lui     a3,0x2497e
Info   a3 685f1996 -> 2497e000
Info 'riscvOVPsim/cpu', 0x0000000080006d24(.l_shfl_532_Start+c): e6c68693 addi    a3,a3,-404
Info   a3 2497e000 -> 2497de6c
Info 'riscvOVPsim/cpu', 0x0000000080006d28(.l_shfl_532_Start+10): 8d09333 shfl    t1,ra,a3
Info   t1 01c6db2b -> 167bc4e7
Info 'riscvOVPsim/cpu', 0x0000000080006d2c(.l_shfl_532_Start+14): 167bcdb7 lui     s11,0x167bc
Info   s11 651ac51f -> 167bc000
Info 'riscvOVPsim/cpu', 0x0000000080006d30(.l_shfl_532_Start+18): 4e7d8d93 addi    s11,s11,1255
Info   s11 167bc000 -> 167bc4e7
Info 'riscvOVPsim/cpu', 0x0000000080006d34(.l_shfl_532_Start+1c): 01b30a63 beq     t1,s11,80006d48
Info 'riscvOVPsim/cpu', 0x0000000080006d48(.l_unshfl_533_Start): 3e7609b7 lui     s3,0x3e760
Info   s3 283e261f -> 3e760000
Info 'riscvOVPsim/cpu', 0x0000000080006d4c(.l_unshfl_533_Start+4): d7298993 addi    s3,s3,-654
Info   s3 3e760000 -> 3e75fd72
Info 'riscvOVPsim/cpu', 0x0000000080006d50(.l_unshfl_533_Start+8): 38a94f37 lui     t5,0x38a94
Info   t5 492dbc01 -> 38a94000
Info 'riscvOVPsim/cpu', 0x0000000080006d54(.l_unshfl_533_Start+c): df2f0f13 addi    t5,t5,-526
Info   t5 38a94000 -> 38a93df2
Info 'riscvOVPsim/cpu', 0x0000000080006d58(.l_unshfl_533_Start+10): 9e9d333 unshfl  t1,s3,t5
Info   t1 167bc4e7 -> 3e5dfd4e
Info 'riscvOVPsim/cpu', 0x0000000080006d5c(.l_unshfl_533_Start+14): 3e5e0537 lui     a0,0x3e5e0
Info   a0 3232ed78 -> 3e5e0000
Info 'riscvOVPsim/cpu', 0x0000000080006d60(.l_unshfl_533_Start+18): d4e50513 addi    a0,a0,-690
Info   a0 3e5e0000 -> 3e5dfd4e
Info 'riscvOVPsim/cpu', 0x0000000080006d64(.l_unshfl_533_Start+1c): 00a30a63 beq     t1,a0,80006d78
Info 'riscvOVPsim/cpu', 0x0000000080006d78(.l_bdep_534_Start): 3ca5a837 lui     a6,0x3ca5a
Info   a6 63022495 -> 3ca5a000
Info 'riscvOVPsim/cpu', 0x0000000080006d7c(.l_bdep_534_Start+4): 07b80813 addi    a6,a6,123
Info   a6 3ca5a000 -> 3ca5a07b
Info 'riscvOVPsim/cpu', 0x0000000080006d80(.l_bdep_534_Start+8): 00000013 nop
Info 'riscvOVPsim/cpu', 0x0000000080006d84(.l_bdep_534_Start+c): 8082233 bdep    tp,a6,zero
Info   tp 70192b51 -> 00000000
Info 'riscvOVPsim/cpu', 0x0000000080006d88(.l_bdep_534_Start+10): 00000193 mv      gp,zero
Info   gp 2927c340 -> 00000000
Info 'riscvOVPsim/cpu', 0x0000000080006d8c(.l_bdep_534_Start+14): 00320a63 beq     tp,gp,80006da0
Info 'riscvOVPsim/cpu', 0x0000000080006da0(.l_bext_535_Start): 34380f37 lui     t5,0x34380
Info   t5 38a93df2 -> 34380000
Info 'riscvOVPsim/cpu', 0x0000000080006da4(.l_bext_535_Start+4): 128f0f13 addi    t5,t5,296
Info   t5 34380000 -> 34380128
Info 'riscvOVPsim/cpu', 0x0000000080006da8(.l_bext_535_Start+8): 51a41937 lui     s2,0x51a41
Info   s2 4a1543b3 -> 51a41000
Info 'riscvOVPsim/cpu', 0x0000000080006dac(.l_bext_535_Start+c): a9390913 addi    s2,s2,-1389
Info   s2 51a41000 -> 51a40a93
Info 'riscvOVPsim/cpu', 0x0000000080006db0(.l_bext_535_Start+10): 92f60b3 bext    ra,t5,s2
Info   ra 17ce6b47 -> 00000480
Info 'riscvOVPsim/cpu', 0x0000000080006db4(.l_bext_535_Start+14): 48000b13 addi    s6,zero,1152
Info   s6 d7ed84ca -> 00000480
Info 'riscvOVPsim/cpu', 0x0000000080006db8(.l_bext_535_Start+18): 01608a63 beq     ra,s6,80006dcc
Info 'riscvOVPsim/cpu', 0x0000000080006dcc(.l_pack_536_Start): 525aaa37 lui     s4,0x525aa
Info   s4 0785679f -> 525aa000
Info 'riscvOVPsim/cpu', 0x0000000080006dd0(.l_pack_536_Start+4): 69ea0a13 addi    s4,s4,1694
Info   s4 525aa000 -> 525aa69e
Info 'riscvOVPsim/cpu', 0x0000000080006dd4(.l_pack_536_Start+8): 54ec5fb7 lui     t6,0x54ec5
Info   t6 398495f3 -> 54ec5000
Info 'riscvOVPsim/cpu', 0x0000000080006dd8(.l_pack_536_Start+c): 84df8f93 addi    t6,t6,-1971
Info   t6 54ec5000 -> 54ec484d
Info 'riscvOVPsim/cpu', 0x0000000080006ddc(.l_pack_536_Start+10): 09fa4ab3 undef
Info   s5 685f1996 -> 484da69e
Info 'riscvOVPsim/cpu', 0x0000000080006de0(.l_pack_536_Start+14): 484da1b7 lui     gp,0x484da
Info   gp 00000000 -> 484da000
Info 'riscvOVPsim/cpu', 0x0000000080006de4(.l_pack_536_Start+18): 69e18193 addi    gp,gp,1694
Info   gp 484da000 -> 484da69e
Info 'riscvOVPsim/cpu', 0x0000000080006de8(.l_pack_536_Start+1c): 003a8a63 beq     s5,gp,80006dfc
Info 'riscvOVPsim/cpu', 0x0000000080006dfc(.l_bfp_537_Start): 57b3cb37 lui     s6,0x57b3c
Info   s6 00000480 -> 57b3c000
Info 'riscvOVPsim/cpu', 0x0000000080006e00(.l_bfp_537_Start+4): 203b0b13 addi    s6,s6,515
Info   s6 57b3c000 -> 57b3c203
Info 'riscvOVPsim/cpu', 0x0000000080006e04(.l_bfp_537_Start+8): 3fef09b7 lui     s3,0x3fef0
Info   s3 3e75fd72 -> 3fef0000
Info 'riscvOVPsim/cpu', 0x0000000080006e08(.l_bfp_537_Start+c): 20e98993 addi    s3,s3,526
Info   s3 3fef0000 -> 3fef020e
Info 'riscvOVPsim/cpu', 0x0000000080006e0c(.l_bfp_537_Start+10): 93b74b3 bfp     s1,s6,s3
Info   s1 2f551e0a -> 41074203
Info 'riscvOVPsim/cpu', 0x0000000080006e10(.l_bfp_537_Start+14): 410743b7 lui     t2,0x41074
Info   t2 44cdf9e6 -> 41074000
Info 'riscvOVPsim/cpu', 0x0000000080006e14(.l_bfp_537_Start+18): 20338393 addi    t2,t2,515
Info   t2 41074000 -> 41074203
Info 'riscvOVPsim/cpu', 0x0000000080006e18(.l_bfp_537_Start+1c): 00748a63 beq     s1,t2,80006e2c
Info 'riscvOVPsim/cpu', 0x0000000080006e2c(.l_shfli_538_Start): 6adfa7b7 lui     a5,0x6adfa
Info   a5 0f18e173 -> 6adfa000
Info 'riscvOVPsim/cpu', 0x0000000080006e30(.l_shfli_538_Start+4): aad78793 addi    a5,a5,-1363
Info   a5 6adfa000 -> 6adf9aad
Info 'riscvOVPsim/cpu', 0x0000000080006e34(.l_shfli_538_Start+8): b479913 shfli   s2,a5,52
Info   s2 51a40a93 -> 6daf9aad
Info 'riscvOVPsim/cpu', 0x0000000080006e38(.l_shfli_538_Start+c): 6dafa637 lui     a2,0x6dafa
Info   a2 6a1d25ba -> 6dafa000
Info 'riscvOVPsim/cpu', 0x0000000080006e3c(.l_shfli_538_Start+10): aad60613 addi    a2,a2,-1363
Info   a2 6dafa000 -> 6daf9aad
Info 'riscvOVPsim/cpu', 0x0000000080006e40(.l_shfli_538_Start+14): 00c90a63 beq     s2,a2,80006e54
Info 'riscvOVPsim/cpu', 0x0000000080006e54(.l_unshfli_539_Start): 4d655bb7 lui     s7,0x4d655
Info   s7 6a1d25ba -> 4d655000
Info 'riscvOVPsim/cpu', 0x0000000080006e58(.l_unshfli_539_Start+4): d08b8b93 addi    s7,s7,-760
Info   s7 4d655000 -> 4d654d08
Info 'riscvOVPsim/cpu', 0x0000000080006e5c(.l_unshfli_539_Start+8): 9fbd193 unshfli gp,s7,31
Info   gp 484da69e -> 2422bbb0
Info 'riscvOVPsim/cpu', 0x0000000080006e60(.l_unshfli_539_Start+c): 2422c0b7 lui     ra,0x2422c
Info   ra 00000480 -> 2422c000
Info 'riscvOVPsim/cpu', 0x0000000080006e64(.l_unshfli_539_Start+10): bb008093 addi    ra,ra,-1104
Info   ra 2422c000 -> 2422bbb0
Info 'riscvOVPsim/cpu', 0x0000000080006e68(.l_unshfli_539_Start+14): 00118a63 beq     gp,ra,80006e7c
Info 'riscvOVPsim/cpu', 0x0000000080006e7c(.l_andn_540_Start): 4a4b57b7 lui     a5,0x4a4b5
Info   a5 6adf9aad -> 4a4b5000
Info 'riscvOVPsim/cpu', 0x0000000080006e80(.l_andn_540_Start+4): 88d78793 addi    a5,a5,-1907
Info   a5 4a4b5000 -> 4a4b488d
Info 'riscvOVPsim/cpu', 0x0000000080006e84(.l_andn_540_Start+8): 0d0731b7 lui     gp,0xd073
Info   gp 2422bbb0 -> 0d073000
Info 'riscvOVPsim/cpu', 0x0000000080006e88(.l_andn_540_Start+c): e1618193 addi    gp,gp,-490
Info   gp 0d073000 -> 0d072e16
Info 'riscvOVPsim/cpu', 0x0000000080006e8c(.l_andn_540_Start+10): 4037ffb3 andn    t6,a5,gp
Info   t6 54ec484d -> 42484089
Info 'riscvOVPsim/cpu', 0x0000000080006e90(.l_andn_540_Start+14): 42484d37 lui     s10,0x42484
Info   s10 6a1d25ba -> 42484000
Info 'riscvOVPsim/cpu', 0x0000000080006e94(.l_andn_540_Start+18): 089d0d13 addi    s10,s10,137
Info   s10 42484000 -> 42484089
Info 'riscvOVPsim/cpu', 0x0000000080006e98(.l_andn_540_Start+1c): 01af8a63 beq     t6,s10,80006eac
Info 'riscvOVPsim/cpu', 0x0000000080006eac(.l_orn_541_Start): 34822b37 lui     s6,0x34822
Info   s6 57b3c203 -> 34822000
Info 'riscvOVPsim/cpu', 0x0000000080006eb0(.l_orn_541_Start+4): 60ab0b13 addi    s6,s6,1546
Info   s6 34822000 -> 3482260a
Info 'riscvOVPsim/cpu', 0x0000000080006eb4(.l_orn_541_Start+8): 7ff3e4b7 lui     s1,0x7ff3e
Info   s1 41074203 -> 7ff3e000
Info 'riscvOVPsim/cpu', 0x0000000080006eb8(.l_orn_541_Start+c): 44848493 addi    s1,s1,1096
Info   s1 7ff3e000 -> 7ff3e448
Info 'riscvOVPsim/cpu', 0x0000000080006ebc(.l_orn_541_Start+10): 409b6b33 orn     s6,s6,s1
Info   s6 3482260a -> b48e3fbf
Info 'riscvOVPsim/cpu', 0x0000000080006ec0(.l_orn_541_Start+14): b48e41b7 lui     gp,0xb48e4
Info   gp 0d072e16 -> b48e4000
Info 'riscvOVPsim/cpu', 0x0000000080006ec4(.l_orn_541_Start+18): fbf18193 addi    gp,gp,-65
Info   gp b48e4000 -> b48e3fbf
Info 'riscvOVPsim/cpu', 0x0000000080006ec8(.l_orn_541_Start+1c): 003b0a63 beq     s6,gp,80006edc
Info 'riscvOVPsim/cpu', 0x0000000080006edc(.l_xnor_542_Start): 204fa437 lui     s0,0x204fa
Info   s0 b153f4fb -> 204fa000
Info 'riscvOVPsim/cpu', 0x0000000080006ee0(.l_xnor_542_Start+4): 34940413 addi    s0,s0,841
Info   s0 204fa000 -> 204fa349
Info 'riscvOVPsim/cpu', 0x0000000080006ee4(.l_xnor_542_Start+8): 4b757b37 lui     s6,0x4b757
Info   s6 b48e3fbf -> 4b757000
Info 'riscvOVPsim/cpu', 0x0000000080006ee8(.l_xnor_542_Start+c): 70eb0b13 addi    s6,s6,1806
Info   s6 4b757000 -> 4b75770e
Info 'riscvOVPsim/cpu', 0x0000000080006eec(.l_xnor_542_Start+10): 41644d33 xnor    s10,s0,s6
Info   s10 42484089 -> 94c52bb8
Info 'riscvOVPsim/cpu', 0x0000000080006ef0(.l_xnor_542_Start+14): 94c53737 lui     a4,0x94c53
Info   a4 685f1996 -> 94c53000
Info 'riscvOVPsim/cpu', 0x0000000080006ef4(.l_xnor_542_Start+18): bb870713 addi    a4,a4,-1096
Info   a4 94c53000 -> 94c52bb8
Info 'riscvOVPsim/cpu', 0x0000000080006ef8(.l_xnor_542_Start+1c): 00ed0a63 beq     s10,a4,80006f0c
Info 'riscvOVPsim/cpu', 0x0000000080006f0c(.l_slo_543_Start): 26bbabb7 lui     s7,0x26bba
Info   s7 4d654d08 -> 26bba000
Info 'riscvOVPsim/cpu', 0x0000000080006f10(.l_slo_543_Start+4): 08cb8b93 addi    s7,s7,140
Info   s7 26bba000 -> 26bba08c
Info 'riscvOVPsim/cpu', 0x0000000080006f14(.l_slo_543_Start+8): 00000013 nop
Info 'riscvOVPsim/cpu', 0x0000000080006f18(.l_slo_543_Start+c): 200b90b3 slo     ra,s7,zero
Info   ra 2422bbb0 -> 26bba08c
Info 'riscvOVPsim/cpu', 0x0000000080006f1c(.l_slo_543_Start+10): 26bbab37 lui     s6,0x26bba
Info   s6 4b75770e -> 26bba000
Info 'riscvOVPsim/cpu', 0x0000000080006f20(.l_slo_543_Start+14): 08cb0b13 addi    s6,s6,140
Info   s6 26bba000 -> 26bba08c
Info 'riscvOVPsim/cpu', 0x0000000080006f24(.l_slo_543_Start+18): 01608a63 beq     ra,s6,80006f38
Info 'riscvOVPsim/cpu', 0x0000000080006f38(.l_sro_544_Start): 6dd23eb7 lui     t4,0x6dd23
Info   t4 5f519e6c -> 6dd23000
Info 'riscvOVPsim/cpu', 0x0000000080006f3c(.l_sro_544_Start+4): 67de8e93 addi    t4,t4,1661
Info   t4 6dd23000 -> 6dd2367d
Info 'riscvOVPsim/cpu', 0x0000000080006f40(.l_sro_544_Start+8): 274cd7b7 lui     a5,0x274cd
Info   a5 4a4b488d -> 274cd000
Info 'riscvOVPsim/cpu', 0x0000000080006f44(.l_sro_544_Start+c): 71778793 addi    a5,a5,1815
Info   a5 274cd000 -> 274cd717
Info 'riscvOVPsim/cpu', 0x0000000080006f48(.l_sro_544_Start+10): 20fed2b3 sro     t0,t4,a5
Info   t0 29d4ba14 -> fffffedb
Info 'riscvOVPsim/cpu', 0x0000000080006f4c(.l_sro_544_Start+14): edb00d93 addi    s11,zero,-293
Info   s11 167bc4e7 -> fffffedb
Info 'riscvOVPsim/cpu', 0x0000000080006f50(.l_sro_544_Start+18): 01b28a63 beq     t0,s11,80006f64
Info 'riscvOVPsim/cpu', 0x0000000080006f64(.l_rol_545_Start): 01883e37 lui     t3,0x1883
Info   t3 307e700a -> 01883000
Info 'riscvOVPsim/cpu', 0x0000000080006f68(.l_rol_545_Start+4): c9de0e13 addi    t3,t3,-867
Info   t3 01883000 -> 01882c9d
Info 'riscvOVPsim/cpu', 0x0000000080006f6c(.l_rol_545_Start+8): 4d159337 lui     t1,0x4d159
Info   t1 3e5dfd4e -> 4d159000
Info 'riscvOVPsim/cpu', 0x0000000080006f70(.l_rol_545_Start+c): 23430313 addi    t1,t1,564
Info   t1 4d159000 -> 4d159234
Info 'riscvOVPsim/cpu', 0x0000000080006f74(.l_rol_545_Start+10): 606e12b3 rol     t0,t3,t1
Info   t0 fffffedb -> c9d01882
Info 'riscvOVPsim/cpu', 0x0000000080006f78(.l_rol_545_Start+14): c9d02737 lui     a4,0xc9d02
Info   a4 94c52bb8 -> c9d02000
Info 'riscvOVPsim/cpu', 0x0000000080006f7c(.l_rol_545_Start+18): 88270713 addi    a4,a4,-1918
Info   a4 c9d02000 -> c9d01882
Info 'riscvOVPsim/cpu', 0x0000000080006f80(.l_rol_545_Start+1c): 00e28a63 beq     t0,a4,80006f94
Info 'riscvOVPsim/cpu', 0x0000000080006f94(.l_ror_546_Start): 49d219b7 lui     s3,0x49d21
Info   s3 3fef020e -> 49d21000
Info 'riscvOVPsim/cpu', 0x0000000080006f98(.l_ror_546_Start+4): 39e98993 addi    s3,s3,926
Info   s3 49d21000 -> 49d2139e
Info 'riscvOVPsim/cpu', 0x0000000080006f9c(.l_ror_546_Start+8): 001b0537 lui     a0,0x1b0
Info   a0 3e5dfd4e -> 001b0000
Info 'riscvOVPsim/cpu', 0x0000000080006fa0(.l_ror_546_Start+c): 1f450513 addi    a0,a0,500
Info   a0 001b0000 -> 001b01f4
Info 'riscvOVPsim/cpu', 0x0000000080006fa4(.l_ror_546_Start+10): 60a9df33 ror     t5,s3,a0
Info   t5 34380128 -> 2139e49d
Info 'riscvOVPsim/cpu', 0x0000000080006fa8(.l_ror_546_Start+14): 2139e937 lui     s2,0x2139e
Info   s2 6daf9aad -> 2139e000
Info 'riscvOVPsim/cpu', 0x0000000080006fac(.l_ror_546_Start+18): 49d90913 addi    s2,s2,1181
Info   s2 2139e000 -> 2139e49d
Info 'riscvOVPsim/cpu', 0x0000000080006fb0(.l_ror_546_Start+1c): 012f0a63 beq     t5,s2,80006fc4
Info 'riscvOVPsim/cpu', 0x0000000080006fc4(.l_sbclr_547_Start): 1ebebc37 lui     s8,0x1ebeb
Info   s8 1526e060 -> 1ebeb000
Info 'riscvOVPsim/cpu', 0x0000000080006fc8(.l_sbclr_547_Start+4): 57cc0c13 addi    s8,s8,1404
Info   s8 1ebeb000 -> 1ebeb57c
Info 'riscvOVPsim/cpu', 0x0000000080006fcc(.l_sbclr_547_Start+8): 12623e37 lui     t3,0x12623
Info   t3 01882c9d -> 12623000
Info 'riscvOVPsim/cpu', 0x0000000080006fd0(.l_sbclr_547_Start+c): f5ae0e13 addi    t3,t3,-166
Info   t3 12623000 -> 12622f5a
Info 'riscvOVPsim/cpu', 0x0000000080006fd4(.l_sbclr_547_Start+10): 49cc1833 sbclr   a6,s8,t3
Info   a6 3ca5a07b -> 1abeb57c
Info 'riscvOVPsim/cpu', 0x0000000080006fd8(.l_sbclr_547_Start+14): 1abebdb7 lui     s11,0x1abeb
Info   s11 fffffedb -> 1abeb000
Info 'riscvOVPsim/cpu', 0x0000000080006fdc(.l_sbclr_547_Start+18): 57cd8d93 addi    s11,s11,1404
Info   s11 1abeb000 -> 1abeb57c
Info 'riscvOVPsim/cpu', 0x0000000080006fe0(.l_sbclr_547_Start+1c): 01b80a63 beq     a6,s11,80006ff4
Info 'riscvOVPsim/cpu', 0x0000000080006ff4(.l_sbset_548_Start): 5477a5b7 lui     a1,0x5477a
Info   a1 283e261f -> 5477a000
Info 'riscvOVPsim/cpu', 0x0000000080006ff8(.l_sbset_548_Start+4): 36b58593 addi    a1,a1,875
Info   a1 5477a000 -> 5477a36b
Info 'riscvOVPsim/cpu', 0x0000000080006ffc(.l_sbset_548_Start+8): 54ea1db7 lui     s11,0x54ea1
Info   s11 1abeb57c -> 54ea1000
Info 'riscvOVPsim/cpu', 0x0000000080007000(.l_sbset_548_Start+c): 54bd8d93 addi    s11,s11,1355
Info   s11 54ea1000 -> 54ea154b
Info 'riscvOVPsim/cpu', 0x0000000080007004(.l_sbset_548_Start+10): 29b597b3 sbset   a5,a1,s11
Info   a5 274cd717 -> 5477ab6b
Info 'riscvOVPsim/cpu', 0x0000000080007008(.l_sbset_548_Start+14): 5477bcb7 lui     s9,0x5477b
Info   s9 5413582e -> 5477b000
Info 'riscvOVPsim/cpu', 0x000000008000700c(.l_sbset_548_Start+18): b6bc8c93 addi    s9,s9,-1173
Info   s9 5477b000 -> 5477ab6b
Info 'riscvOVPsim/cpu', 0x0000000080007010(.l_sbset_548_Start+1c): 01978a63 beq     a5,s9,80007024
Info 'riscvOVPsim/cpu', 0x0000000080007024(.l_sbinv_549_Start): 068618b7 lui     a7,0x6861
Info   a7 2803c75e -> 06861000
Info 'riscvOVPsim/cpu', 0x0000000080007028(.l_sbinv_549_Start+4): 40e88893 addi    a7,a7,1038
Info   a7 06861000 -> 0686140e
Info 'riscvOVPsim/cpu', 0x000000008000702c(.l_sbinv_549_Start+8): 0d05b437 lui     s0,0xd05b
Info   s0 204fa349 -> 0d05b000
Info 'riscvOVPsim/cpu', 0x0000000080007030(.l_sbinv_549_Start+c): 9a540413 addi    s0,s0,-1627
Info   s0 0d05b000 -> 0d05a9a5
Info 'riscvOVPsim/cpu', 0x0000000080007034(.l_sbinv_549_Start+10): 688899b3 sbinv   s3,a7,s0
Info   s3 49d2139e -> 0686142e
Info 'riscvOVPsim/cpu', 0x0000000080007038(.l_sbinv_549_Start+14): 06861837 lui     a6,0x6861
Info   a6 1abeb57c -> 06861000
Info 'riscvOVPsim/cpu', 0x000000008000703c(.l_sbinv_549_Start+18): 42e80813 addi    a6,a6,1070
Info   a6 06861000 -> 0686142e
Info 'riscvOVPsim/cpu', 0x0000000080007040(.l_sbinv_549_Start+1c): 01098a63 beq     s3,a6,80007054
Info 'riscvOVPsim/cpu', 0x0000000080007054(.l_sbext_550_Start): 4bbb19b7 lui     s3,0x4bbb1
Info   s3 0686142e -> 4bbb1000
Info 'riscvOVPsim/cpu', 0x0000000080007058(.l_sbext_550_Start+4): 2ff98993 addi    s3,s3,767
Info   s3 4bbb1000 -> 4bbb12ff
Info 'riscvOVPsim/cpu', 0x000000008000705c(.l_sbext_550_Start+8): 1b709137 lui     sp,0x1b709
Info   sp 800665ef -> 1b709000
Info 'riscvOVPsim/cpu', 0x0000000080007060(.l_sbext_550_Start+c): 1d410113 addi    sp,sp,468
Info   sp 1b709000 -> 1b7091d4
Info 'riscvOVPsim/cpu', 0x0000000080007064(.l_sbext_550_Start+10): 4829dcb3 sbext   s9,s3,sp
Info   s9 5477ab6b -> 00000001
Info 'riscvOVPsim/cpu', 0x0000000080007068(.l_sbext_550_Start+14): 00100f13 addi    t5,zero,1
Info   t5 2139e49d -> 00000001
Info 'riscvOVPsim/cpu', 0x000000008000706c(.l_sbext_550_Start+18): 01ec8a63 beq     s9,t5,80007080
Info 'riscvOVPsim/cpu', 0x0000000080007080(.l_grev_551_Start): 67247937 lui     s2,0x67247
Info   s2 2139e49d -> 67247000
Info 'riscvOVPsim/cpu', 0x0000000080007084(.l_grev_551_Start+4): fb290913 addi    s2,s2,-78
Info   s2 67247000 -> 67246fb2
Info 'riscvOVPsim/cpu', 0x0000000080007088(.l_grev_551_Start+8): 73e5ef37 lui     t5,0x73e5e
Info   t5 00000001 -> 73e5e000
Info 'riscvOVPsim/cpu', 0x000000008000708c(.l_grev_551_Start+c): 831f0f13 addi    t5,t5,-1999
Info   t5 73e5e000 -> 73e5d831
Info 'riscvOVPsim/cpu', 0x0000000080007090(.l_grev_551_Start+10): 69e95d33 grev    s10,s2,t5
Info   s10 94c52bb8 -> 9f719b18
Info 'riscvOVPsim/cpu', 0x0000000080007094(.l_grev_551_Start+14): 9f71afb7 lui     t6,0x9f71a
Info   t6 42484089 -> 9f71a000
Info 'riscvOVPsim/cpu', 0x0000000080007098(.l_grev_551_Start+18): b18f8f93 addi    t6,t6,-1256
Info   t6 9f71a000 -> 9f719b18
Info 'riscvOVPsim/cpu', 0x000000008000709c(.l_grev_551_Start+1c): 01fd0a63 beq     s10,t6,800070b0
Info 'riscvOVPsim/cpu', 0x00000000800070b0(.l_sloi_552_Start): 007e7737 lui     a4,0x7e7
Info   a4 c9d01882 -> 007e7000
Info 'riscvOVPsim/cpu', 0x00000000800070b4(.l_sloi_552_Start+4): da870713 addi    a4,a4,-600
Info   a4 007e7000 -> 007e6da8
Info 'riscvOVPsim/cpu', 0x00000000800070b8(.l_sloi_552_Start+8): 23771413 sloi    s0,a4,55
Info   s0 0d05a9a5 -> d47fffff
Info 'riscvOVPsim/cpu', 0x00000000800070bc(.l_sloi_552_Start+c): d4800b37 lui     s6,0xd4800
Info   s6 26bba08c -> d4800000
Info 'riscvOVPsim/cpu', 0x00000000800070c0(.l_sloi_552_Start+10): fffb0b13 addi    s6,s6,-1
Info   s6 d4800000 -> d47fffff
Info 'riscvOVPsim/cpu', 0x00000000800070c4(.l_sloi_552_Start+14): 01640a63 beq     s0,s6,800070d8
Info 'riscvOVPsim/cpu', 0x00000000800070d8(.l_sroi_553_Start): 507dd837 lui     a6,0x507dd
Info   a6 0686142e -> 507dd000
Info 'riscvOVPsim/cpu', 0x00000000800070dc(.l_sroi_553_Start+4): 0bb80813 addi    a6,a6,187
Info   a6 507dd000 -> 507dd0bb
Info 'riscvOVPsim/cpu', 0x00000000800070e0(.l_sroi_553_Start+8): 20385393 sroi    t2,a6,3
Info   t2 41074203 -> ea0fba17
Info 'riscvOVPsim/cpu', 0x00000000800070e4(.l_sroi_553_Start+c): ea0fcdb7 lui     s11,0xea0fc
Info   s11 54ea154b -> ea0fc000
Info 'riscvOVPsim/cpu', 0x00000000800070e8(.l_sroi_553_Start+10): a17d8d93 addi    s11,s11,-1513
Info   s11 ea0fc000 -> ea0fba17
Info 'riscvOVPsim/cpu', 0x00000000800070ec(.l_sroi_553_Start+14): 01b38a63 beq     t2,s11,80007100
Info 'riscvOVPsim/cpu', 0x0000000080007100(.l_rori_554_Start): 0b40e0b7 lui     ra,0xb40e
Info   ra 26bba08c -> 0b40e000
Info 'riscvOVPsim/cpu', 0x0000000080007104(.l_rori_554_Start+4): f4308093 addi    ra,ra,-189
Info   ra 0b40e000 -> 0b40df43
Info 'riscvOVPsim/cpu', 0x0000000080007108(.l_rori_554_Start+8): 62c0d713 rori    a4,ra,44
Info   a4 007e6da8 -> f430b40d
Info 'riscvOVPsim/cpu', 0x000000008000710c(.l_rori_554_Start+c): f430bdb7 lui     s11,0xf430b
Info   s11 ea0fba17 -> f430b000
Info 'riscvOVPsim/cpu', 0x0000000080007110(.l_rori_554_Start+10): 40dd8d93 addi    s11,s11,1037
Info   s11 f430b000 -> f430b40d
Info 'riscvOVPsim/cpu', 0x0000000080007114(.l_rori_554_Start+14): 01b70a63 beq     a4,s11,80007128
Info 'riscvOVPsim/cpu', 0x0000000080007128(.l_sbclri_555_Start): 4154ee37 lui     t3,0x4154e
Info   t3 12622f5a -> 4154e000
Info 'riscvOVPsim/cpu', 0x000000008000712c(.l_sbclri_555_Start+4): 83ee0e13 addi    t3,t3,-1986
Info   t3 4154e000 -> 4154d83e
Info 'riscvOVPsim/cpu', 0x0000000080007130(.l_sbclri_555_Start+8): 4bde1d13 sbclri  s10,t3,61
Info   s10 9f719b18 -> 4154d83e
Info 'riscvOVPsim/cpu', 0x0000000080007134(.l_sbclri_555_Start+c): 4154e7b7 lui     a5,0x4154e
Info   a5 5477ab6b -> 4154e000
Info 'riscvOVPsim/cpu', 0x0000000080007138(.l_sbclri_555_Start+10): 83e78793 addi    a5,a5,-1986
Info   a5 4154e000 -> 4154d83e
Info 'riscvOVPsim/cpu', 0x000000008000713c(.l_sbclri_555_Start+14): 00fd0a63 beq     s10,a5,80007150
Info 'riscvOVPsim/cpu', 0x0000000080007150(.l_sbseti_556_Start): 4a7da4b7 lui     s1,0x4a7da
Info   s1 7ff3e448 -> 4a7da000
Info 'riscvOVPsim/cpu', 0x0000000080007154(.l_sbseti_556_Start+4): 6e348493 addi    s1,s1,1763
Info   s1 4a7da000 -> 4a7da6e3
Info 'riscvOVPsim/cpu', 0x0000000080007158(.l_sbseti_556_Start+8): 2bd49e93 sbseti  t4,s1,61
Info   t4 6dd2367d -> 6a7da6e3
Info 'riscvOVPsim/cpu', 0x000000008000715c(.l_sbseti_556_Start+c): 6a7dab37 lui     s6,0x6a7da
Info   s6 d47fffff -> 6a7da000
Info 'riscvOVPsim/cpu', 0x0000000080007160(.l_sbseti_556_Start+10): 6e3b0b13 addi    s6,s6,1763
Info   s6 6a7da000 -> 6a7da6e3
Info 'riscvOVPsim/cpu', 0x0000000080007164(.l_sbseti_556_Start+14): 016e8a63 beq     t4,s6,80007178
Info 'riscvOVPsim/cpu', 0x0000000080007178(.l_sbinvi_557_Start): 0ecb07b7 lui     a5,0xecb0
Info   a5 4154d83e -> 0ecb0000
Info 'riscvOVPsim/cpu', 0x000000008000717c(.l_sbinvi_557_Start+4): 42178793 addi    a5,a5,1057
Info   a5 0ecb0000 -> 0ecb0421
Info 'riscvOVPsim/cpu', 0x0000000080007180(.l_sbinvi_557_Start+8): 6a479793 sbinvi  a5,a5,36
Info   a5 0ecb0421 -> 0ecb0431
Info 'riscvOVPsim/cpu', 0x0000000080007184(.l_sbinvi_557_Start+c): 0ecb01b7 lui     gp,0xecb0
Info   gp b48e3fbf -> 0ecb0000
Info 'riscvOVPsim/cpu', 0x0000000080007188(.l_sbinvi_557_Start+10): 43118193 addi    gp,gp,1073
Info   gp 0ecb0000 -> 0ecb0431
Info 'riscvOVPsim/cpu', 0x000000008000718c(.l_sbinvi_557_Start+14): 00378a63 beq     a5,gp,800071a0
Info 'riscvOVPsim/cpu', 0x00000000800071a0(.l_sbexti_558_Start): 79b813b7 lui     t2,0x79b81
Info   t2 ea0fba17 -> 79b81000
Info 'riscvOVPsim/cpu', 0x00000000800071a4(.l_sbexti_558_Start+4): 44c38393 addi    t2,t2,1100
Info   t2 79b81000 -> 79b8144c
Info 'riscvOVPsim/cpu', 0x00000000800071a8(.l_sbexti_558_Start+8): 4af3db13 sbexti  s6,t2,47
Info   s6 6a7da6e3 -> 00000000
Info 'riscvOVPsim/cpu', 0x00000000800071ac(.l_sbexti_558_Start+c): 00000a13 mv      s4,zero
Info   s4 525aa69e -> 00000000
Info 'riscvOVPsim/cpu', 0x00000000800071b0(.l_sbexti_558_Start+10): 014b0a63 beq     s6,s4,800071c4
Info 'riscvOVPsim/cpu', 0x00000000800071c4(.l_grevi_559_Start): 79b3ca37 lui     s4,0x79b3c
Info   s4 00000000 -> 79b3c000
Info 'riscvOVPsim/cpu', 0x00000000800071c8(.l_grevi_559_Start+4): 382a0a13 addi    s4,s4,898
Info   s4 79b3c000 -> 79b3c382
Info 'riscvOVPsim/cpu', 0x00000000800071cc(.l_grevi_559_Start+8): 69ca5b93 grevi   s7,s4,28
Info   s7 26bba08c -> 283c3b97
Info 'riscvOVPsim/cpu', 0x00000000800071d0(.l_grevi_559_Start+c): 283c4837 lui     a6,0x283c4
Info   a6 507dd0bb -> 283c4000
Info 'riscvOVPsim/cpu', 0x00000000800071d4(.l_grevi_559_Start+10): b9780813 addi    a6,a6,-1129
Info   a6 283c4000 -> 283c3b97
Info 'riscvOVPsim/cpu', 0x00000000800071d8(.l_grevi_559_Start+14): 010b8a63 beq     s7,a6,800071ec
Info 'riscvOVPsim/cpu', 0x00000000800071ec(.l_cmix_560_Start): 6bf1a437 lui     s0,0x6bf1a
Info   s0 d47fffff -> 6bf1a000
Info 'riscvOVPsim/cpu', 0x00000000800071f0(.l_cmix_560_Start+4): 32740413 addi    s0,s0,807
Info   s0 6bf1a000 -> 6bf1a327
Info 'riscvOVPsim/cpu', 0x00000000800071f4(.l_cmix_560_Start+8): 553fb1b7 lui     gp,0x553fb
Info   gp 0ecb0431 -> 553fb000
Info 'riscvOVPsim/cpu', 0x00000000800071f8(.l_cmix_560_Start+c): abf18193 addi    gp,gp,-1345
Info   gp 553fb000 -> 553faabf
Info 'riscvOVPsim/cpu', 0x00000000800071fc(.l_cmix_560_Start+10): 1f8b8237 lui     tp,0x1f8b8
Info   tp 00000000 -> 1f8b8000
Info 'riscvOVPsim/cpu', 0x0000000080007200(.l_cmix_560_Start+14): efa20213 addi    tp,tp,-262
Info   tp 1f8b8000 -> 1f8b7efa
Info 'riscvOVPsim/cpu', 0x0000000080007204(.l_cmix_560_Start+18): 26341c33 cmix    s8,s0,gp,tp
Info   s8 1ebeb57c -> 4bb1f667
Info 'riscvOVPsim/cpu', 0x0000000080007208(.l_cmix_560_Start+1c): 4bb1fcb7 lui     s9,0x4bb1f
Info   s9 00000001 -> 4bb1f000
Info 'riscvOVPsim/cpu', 0x000000008000720c(.l_cmix_560_Start+20): 667c8c93 addi    s9,s9,1639
Info   s9 4bb1f000 -> 4bb1f667
Info 'riscvOVPsim/cpu', 0x0000000080007210(.l_cmix_560_Start+24): 019c0a63 beq     s8,s9,80007224
Info 'riscvOVPsim/cpu', 0x0000000080007224(.l_cmov_561_Start): 6df04637 lui     a2,0x6df04
Info   a2 6daf9aad -> 6df04000
Info 'riscvOVPsim/cpu', 0x0000000080007228(.l_cmov_561_Start+4): 27560613 addi    a2,a2,629
Info   a2 6df04000 -> 6df04275
Info 'riscvOVPsim/cpu', 0x000000008000722c(.l_cmov_561_Start+8): 288cfc37 lui     s8,0x288cf
Info   s8 4bb1f667 -> 288cf000
Info 'riscvOVPsim/cpu', 0x0000000080007230(.l_cmov_561_Start+c): 3f2c0c13 addi    s8,s8,1010
Info   s8 288cf000 -> 288cf3f2
Info 'riscvOVPsim/cpu', 0x0000000080007234(.l_cmov_561_Start+10): 538de0b7 lui     ra,0x538de
Info   ra 0b40df43 -> 538de000
Info 'riscvOVPsim/cpu', 0x0000000080007238(.l_cmov_561_Start+14): 65808093 addi    ra,ra,1624
Info   ra 538de000 -> 538de658
Info 'riscvOVPsim/cpu', 0x000000008000723c(.l_cmov_561_Start+18): f865233 cmov    tp,a2,s8,ra
Info   tp 1f8b7efa -> 6df04275
Info 'riscvOVPsim/cpu', 0x0000000080007240(.l_cmov_561_Start+1c): 6df04bb7 lui     s7,0x6df04
Info   s7 283c3b97 -> 6df04000
Info 'riscvOVPsim/cpu', 0x0000000080007244(.l_cmov_561_Start+20): 275b8b93 addi    s7,s7,629
Info   s7 6df04000 -> 6df04275
Info 'riscvOVPsim/cpu', 0x0000000080007248(.l_cmov_561_Start+24): 01720a63 beq     tp,s7,8000725c
Info 'riscvOVPsim/cpu', 0x000000008000725c(.l_fsl_562_Start): 188370b7 lui     ra,0x18837
Info   ra 538de658 -> 18837000
Info 'riscvOVPsim/cpu', 0x0000000080007260(.l_fsl_562_Start+4): c5308093 addi    ra,ra,-941
Info   ra 18837000 -> 18836c53
Info 'riscvOVPsim/cpu', 0x0000000080007264(.l_fsl_562_Start+8): 26b17eb7 lui     t4,0x26b17
Info   t4 6a7da6e3 -> 26b17000
Info 'riscvOVPsim/cpu', 0x0000000080007268(.l_fsl_562_Start+c): e2be8e93 addi    t4,t4,-469
Info   t4 26b17000 -> 26b16e2b
Info 'riscvOVPsim/cpu', 0x000000008000726c(.l_fsl_562_Start+10): 5be5d1b7 lui     gp,0x5be5d
Info   gp 553faabf -> 5be5d000
Info 'riscvOVPsim/cpu', 0x0000000080007270(.l_fsl_562_Start+14): ef118193 addi    gp,gp,-271
Info   gp 5be5d000 -> 5be5cef1
Info 'riscvOVPsim/cpu', 0x0000000080007274(.l_fsl_562_Start+18): 1dd09233 fsl     tp,ra,t4,gp
Info   tp 6df04275 -> 2e7788c4
Info 'riscvOVPsim/cpu', 0x0000000080007278(.l_fsl_562_Start+1c): 2e779437 lui     s0,0x2e779
Info   s0 6bf1a327 -> 2e779000
Info 'riscvOVPsim/cpu', 0x000000008000727c(.l_fsl_562_Start+20): 8c440413 addi    s0,s0,-1852
Info   s0 2e779000 -> 2e7788c4
Info 'riscvOVPsim/cpu', 0x0000000080007280(.l_fsl_562_Start+24): 00820a63 beq     tp,s0,80007294
Info 'riscvOVPsim/cpu', 0x0000000080007294(.l_fsr_563_Start): 4caffbb7 lui     s7,0x4caff
Info   s7 6df04275 -> 4caff000
Info 'riscvOVPsim/cpu', 0x0000000080007298(.l_fsr_563_Start+4): ee2b8b93 addi    s7,s7,-286
Info   s7 4caff000 -> 4cafeee2
Info 'riscvOVPsim/cpu', 0x000000008000729c(.l_fsr_563_Start+8): 72031437 lui     s0,0x72031
Info   s0 2e7788c4 -> 72031000
Info 'riscvOVPsim/cpu', 0x00000000800072a0(.l_fsr_563_Start+c): cf740413 addi    s0,s0,-777
Info   s0 72031000 -> 72030cf7
Info 'riscvOVPsim/cpu', 0x00000000800072a4(.l_fsr_563_Start+10): 5c63dab7 lui     s5,0x5c63d
Info   s5 484da69e -> 5c63d000
Info 'riscvOVPsim/cpu', 0x00000000800072a8(.l_fsr_563_Start+14): 66ca8a93 addi    s5,s5,1644
Info   s5 5c63d000 -> 5c63d66c
Info 'riscvOVPsim/cpu', 0x00000000800072ac(.l_fsr_563_Start+18): ac8bd033 fsr     zero,s7,s0,s5
Info 'riscvOVPsim/cpu', 0x00000000800072b0(.l_fsr_563_Start+1c): 00000213 mv      tp,zero
Info   tp 2e7788c4 -> 00000000
Info 'riscvOVPsim/cpu', 0x00000000800072b4(.l_fsr_563_Start+20): 00400a63 beq     zero,tp,800072c8
Info 'riscvOVPsim/cpu', 0x00000000800072c8(.l_fsri_564_Start): 3c1e5db7 lui     s11,0x3c1e5
Info   s11 f430b40d -> 3c1e5000
Info 'riscvOVPsim/cpu', 0x00000000800072cc(.l_fsri_564_Start+4): 5afd8d93 addi    s11,s11,1455
Info   s11 3c1e5000 -> 3c1e55af
Info 'riscvOVPsim/cpu', 0x00000000800072d0(.l_fsri_564_Start+8): 52f24837 lui     a6,0x52f24
Info   a6 283c3b97 -> 52f24000
Info 'riscvOVPsim/cpu', 0x00000000800072d4(.l_fsri_564_Start+c): fe380813 addi    a6,a6,-29
Info   a6 52f24000 -> 52f23fe3
Info 'riscvOVPsim/cpu', 0x00000000800072d8(.l_fsri_564_Start+10): 848dd513 fsri    a0,s11,a6,8
Info   a0 001b01f4 -> e33c1e55
Info 'riscvOVPsim/cpu', 0x00000000800072dc(.l_fsri_564_Start+14): e33c2ab7 lui     s5,0xe33c2
Info   s5 5c63d66c -> e33c2000
Info 'riscvOVPsim/cpu', 0x00000000800072e0(.l_fsri_564_Start+18): e55a8a93 addi    s5,s5,-427
Info   s5 e33c2000 -> e33c1e55
Info 'riscvOVPsim/cpu', 0x00000000800072e4(.l_fsri_564_Start+1c): 01550a63 beq     a0,s5,800072f8
Info 'riscvOVPsim/cpu', 0x00000000800072f8(.l_clz_565_Start): 69588e37 lui     t3,0x69588
Info   t3 4154d83e -> 69588000
Info 'riscvOVPsim/cpu', 0x00000000800072fc(.l_clz_565_Start+4): 9a7e0e13 addi    t3,t3,-1625
Info   t3 69588000 -> 695879a7
Info 'riscvOVPsim/cpu', 0x0000000080007300(.l_clz_565_Start+8): 600e1313 clz     t1,t3
Info   t1 4d159234 -> 00000001
Info 'riscvOVPsim/cpu', 0x0000000080007304(.l_clz_565_Start+c): 00100b93 addi    s7,zero,1
Info   s7 4cafeee2 -> 00000001
Info 'riscvOVPsim/cpu', 0x0000000080007308(.l_clz_565_Start+10): 01730a63 beq     t1,s7,8000731c
Info 'riscvOVPsim/cpu', 0x000000008000731c(.l_ctz_566_Start): 1f7188b7 lui     a7,0x1f718
Info   a7 0686140e -> 1f718000
Info 'riscvOVPsim/cpu', 0x0000000080007320(.l_ctz_566_Start+4): 02a88893 addi    a7,a7,42
Info   a7 1f718000 -> 1f71802a
Info 'riscvOVPsim/cpu', 0x0000000080007324(.l_ctz_566_Start+8): 60189893 ctz     a7,a7
Info   a7 1f71802a -> 00000001
Info 'riscvOVPsim/cpu', 0x0000000080007328(.l_ctz_566_Start+c): 00100a13 addi    s4,zero,1
Info   s4 79b3c382 -> 00000001
Info 'riscvOVPsim/cpu', 0x000000008000732c(.l_ctz_566_Start+10): 01488a63 beq     a7,s4,80007340
Info 'riscvOVPsim/cpu', 0x0000000080007340(.l_pcnt_567_Start): 2a86cd37 lui     s10,0x2a86c
Info   s10 4154d83e -> 2a86c000
Info 'riscvOVPsim/cpu', 0x0000000080007344(.l_pcnt_567_Start+4): 699d0d13 addi    s10,s10,1689
Info   s10 2a86c000 -> 2a86c699
Info 'riscvOVPsim/cpu', 0x0000000080007348(.l_pcnt_567_Start+8): 602d1a93 pcnt    s5,s10
Info   s5 e33c1e55 -> 0000000e
Info 'riscvOVPsim/cpu', 0x000000008000734c(.l_pcnt_567_Start+c): 00e00c13 addi    s8,zero,14
Info   s8 288cf3f2 -> 0000000e
Info 'riscvOVPsim/cpu', 0x0000000080007350(.l_pcnt_567_Start+10): 018a8a63 beq     s5,s8,80007364
Info 'riscvOVPsim/cpu', 0x0000000080007364(.l_crc32_b_568_Start): 1cfd5d37 lui     s10,0x1cfd5
Info   s10 2a86c699 -> 1cfd5000
Info 'riscvOVPsim/cpu', 0x0000000080007368(.l_crc32_b_568_Start+4): 16dd0d13 addi    s10,s10,365
Info   s10 1cfd5000 -> 1cfd516d
Info 'riscvOVPsim/cpu', 0x000000008000736c(.l_crc32_b_568_Start+8): 610d1e13 crc32.b t3,s10
Info   t3 695879a7 -> 331fe0b4
Info 'riscvOVPsim/cpu', 0x0000000080007370(.l_crc32_b_568_Start+c): 331fe337 lui     t1,0x331fe
Info   t1 00000001 -> 331fe000
Info 'riscvOVPsim/cpu', 0x0000000080007374(.l_crc32_b_568_Start+10): 0b430313 addi    t1,t1,180
Info   t1 331fe000 -> 331fe0b4
Info 'riscvOVPsim/cpu', 0x0000000080007378(.l_crc32_b_568_Start+14): 006e0a63 beq     t3,t1,8000738c
Info 'riscvOVPsim/cpu', 0x000000008000738c(.l_crc32_h_569_Start): 7feccdb7 lui     s11,0x7fecc
Info   s11 3c1e55af -> 7fecc000
Info 'riscvOVPsim/cpu', 0x0000000080007390(.l_crc32_h_569_Start+4): b8fd8d93 addi    s11,s11,-1137
Info   s11 7fecc000 -> 7fecbb8f
Info 'riscvOVPsim/cpu', 0x0000000080007394(.l_crc32_h_569_Start+8): 611d9d13 crc32.h s10,s11
Info   s10 1cfd516d -> e0a8916c
Info 'riscvOVPsim/cpu', 0x0000000080007398(.l_crc32_h_569_Start+c): e0a890b7 lui     ra,0xe0a89
Info   ra 18836c53 -> e0a89000
Info 'riscvOVPsim/cpu', 0x000000008000739c(.l_crc32_h_569_Start+10): 16c08093 addi    ra,ra,364
Info   ra e0a89000 -> e0a8916c
Info 'riscvOVPsim/cpu', 0x00000000800073a0(.l_crc32_h_569_Start+14): 001d0a63 beq     s10,ra,800073b4
Info 'riscvOVPsim/cpu', 0x00000000800073b4(.l_crc32_w_570_Start): 44a3abb7 lui     s7,0x44a3a
Info   s7 00000001 -> 44a3a000
Info 'riscvOVPsim/cpu', 0x00000000800073b8(.l_crc32_w_570_Start+4): 962b8b93 addi    s7,s7,-1694
Info   s7 44a3a000 -> 44a39962
Info 'riscvOVPsim/cpu', 0x00000000800073bc(.l_crc32_w_570_Start+8): 612b9793 crc32.w a5,s7
Info   a5 0ecb0431 -> 9776d654
Info 'riscvOVPsim/cpu', 0x00000000800073c0(.l_crc32_w_570_Start+c): 9776d5b7 lui     a1,0x9776d
Info   a1 5477a36b -> 9776d000
Info 'riscvOVPsim/cpu', 0x00000000800073c4(.l_crc32_w_570_Start+10): 65458593 addi    a1,a1,1620
Info   a1 9776d000 -> 9776d654
Info 'riscvOVPsim/cpu', 0x00000000800073c8(.l_crc32_w_570_Start+14): 00b78a63 beq     a5,a1,800073dc
Info 'riscvOVPsim/cpu', 0x00000000800073dc(.l_crc32c_b_571_Start): 072a54b7 lui     s1,0x72a5
Info   s1 4a7da6e3 -> 072a5000
Info 'riscvOVPsim/cpu', 0x00000000800073e0(.l_crc32c_b_571_Start+4): 25b48493 addi    s1,s1,603
Info   s1 072a5000 -> 072a525b
Info 'riscvOVPsim/cpu', 0x00000000800073e4(.l_crc32c_b_571_Start+8): 61849613 crc32c.b a2,s1
Info   a2 6df04275 -> c8ab5bba
Info 'riscvOVPsim/cpu', 0x00000000800073e8(.l_crc32c_b_571_Start+c): c8ab6db7 lui     s11,0xc8ab6
Info   s11 7fecbb8f -> c8ab6000
Info 'riscvOVPsim/cpu', 0x00000000800073ec(.l_crc32c_b_571_Start+10): bbad8d93 addi    s11,s11,-1094
Info   s11 c8ab6000 -> c8ab5bba
Info 'riscvOVPsim/cpu', 0x00000000800073f0(.l_crc32c_b_571_Start+14): 01b60a63 beq     a2,s11,80007404
Info 'riscvOVPsim/cpu', 0x0000000080007404(.l_crc32c_h_572_Start): 6e0a3537 lui     a0,0x6e0a3
Info   a0 e33c1e55 -> 6e0a3000
Info 'riscvOVPsim/cpu', 0x0000000080007408(.l_crc32c_h_572_Start+4): 37150513 addi    a0,a0,881
Info   a0 6e0a3000 -> 6e0a3371
Info 'riscvOVPsim/cpu', 0x000000008000740c(.l_crc32c_h_572_Start+8): 61951613 crc32c.h a2,a0
Info   a2 c8ab5bba -> 8f4898bf
Info 'riscvOVPsim/cpu', 0x0000000080007410(.l_crc32c_h_572_Start+c): 8f48a6b7 lui     a3,0x8f48a
Info   a3 2497de6c -> 8f48a000
Info 'riscvOVPsim/cpu', 0x0000000080007414(.l_crc32c_h_572_Start+10): 8bf68693 addi    a3,a3,-1857
Info   a3 8f48a000 -> 8f4898bf
Info 'riscvOVPsim/cpu', 0x0000000080007418(.l_crc32c_h_572_Start+14): 00d60a63 beq     a2,a3,8000742c
Info 'riscvOVPsim/cpu', 0x000000008000742c(.l_crc32c_w_573_Start): 3552ccb7 lui     s9,0x3552c
Info   s9 4bb1f667 -> 3552c000
Info 'riscvOVPsim/cpu', 0x0000000080007430(.l_crc32c_w_573_Start+4): 6b3c8c93 addi    s9,s9,1715
Info   s9 3552c000 -> 3552c6b3
Info 'riscvOVPsim/cpu', 0x0000000080007434(.l_crc32c_w_573_Start+8): 61ac9493 crc32c.w s1,s9
Info   s1 072a525b -> 71b5befb
Info 'riscvOVPsim/cpu', 0x0000000080007438(.l_crc32c_w_573_Start+c): 71b5cdb7 lui     s11,0x71b5c
Info   s11 c8ab5bba -> 71b5c000
Info 'riscvOVPsim/cpu', 0x000000008000743c(.l_crc32c_w_573_Start+10): efbd8d93 addi    s11,s11,-261
Info   s11 71b5c000 -> 71b5befb
Info 'riscvOVPsim/cpu', 0x0000000080007440(.l_crc32c_w_573_Start+14): 01b48a63 beq     s1,s11,80007454
Info 'riscvOVPsim/cpu', 0x0000000080007454(.l_clmul_574_Start): 23202237 lui     tp,0x23202
Info   tp 00000000 -> 23202000
Info 'riscvOVPsim/cpu', 0x0000000080007458(.l_clmul_574_Start+4): 98020213 addi    tp,tp,-1664
Info   tp 23202000 -> 23201980
Info 'riscvOVPsim/cpu', 0x000000008000745c(.l_clmul_574_Start+8): 04e4bd37 lui     s10,0x4e4b
Info   s10 e0a8916c -> 04e4b000
Info 'riscvOVPsim/cpu', 0x0000000080007460(.l_clmul_574_Start+c): dd4d0d13 addi    s10,s10,-556
Info   s10 04e4b000 -> 04e4add4
Info 'riscvOVPsim/cpu', 0x0000000080007464(.l_clmul_574_Start+10): ba21733 clmul   a4,tp,s10
Info   a4 f430b40d -> bfc8de00
Info 'riscvOVPsim/cpu', 0x0000000080007468(.l_clmul_574_Start+14): bfc8ebb7 lui     s7,0xbfc8e
Info   s7 44a39962 -> bfc8e000
Info 'riscvOVPsim/cpu', 0x000000008000746c(.l_clmul_574_Start+18): e00b8b93 addi    s7,s7,-512
Info   s7 bfc8e000 -> bfc8de00
Info 'riscvOVPsim/cpu', 0x0000000080007470(.l_clmul_574_Start+1c): 01770a63 beq     a4,s7,80007484
Info 'riscvOVPsim/cpu', 0x0000000080007484(.l_clmulr_575_Start): 366646b7 lui     a3,0x36664
Info   a3 8f4898bf -> 36664000
Info 'riscvOVPsim/cpu', 0x0000000080007488(.l_clmulr_575_Start+4): b6268693 addi    a3,a3,-1182
Info   a3 36664000 -> 36663b62
Info 'riscvOVPsim/cpu', 0x000000008000748c(.l_clmulr_575_Start+8): 0c6ee737 lui     a4,0xc6ee
Info   a4 bfc8de00 -> 0c6ee000
Info 'riscvOVPsim/cpu', 0x0000000080007490(.l_clmulr_575_Start+c): b7e70713 addi    a4,a4,-1154
Info   a4 0c6ee000 -> 0c6edb7e
Info 'riscvOVPsim/cpu', 0x0000000080007494(.l_clmulr_575_Start+10): ba21733 clmul   a4,tp,s10
Info   a1 9776d654 -> 02c1dc6c
Info 'riscvOVPsim/cpu', 0x0000000080007498(.l_clmulr_575_Start+14): 02c1ea37 lui     s4,0x2c1e
Info   s4 00000001 -> 02c1e000
Info 'riscvOVPsim/cpu', 0x000000008000749c(.l_clmulr_575_Start+18): c6ca0a13 addi    s4,s4,-916
Info   s4 02c1e000 -> 02c1dc6c
Info 'riscvOVPsim/cpu', 0x00000000800074a0(.l_clmulr_575_Start+1c): 01458a63 beq     a1,s4,800074b4
Info 'riscvOVPsim/cpu', 0x00000000800074b4(.l_clmulh_576_Start): 4754fcb7 lui     s9,0x4754f
Info   s9 3552c6b3 -> 4754f000
Info 'riscvOVPsim/cpu', 0x00000000800074b8(.l_clmulh_576_Start+4): ddac8c93 addi    s9,s9,-550
Info   s9 4754f000 -> 4754edda
Info 'riscvOVPsim/cpu', 0x00000000800074bc(.l_clmulh_576_Start+8): 430242b7 lui     t0,0x43024
Info   t0 c9d01882 -> 43024000
Info 'riscvOVPsim/cpu', 0x00000000800074c0(.l_clmulh_576_Start+c): d6728293 addi    t0,t0,-665
Info   t0 43024000 -> 43023d67
Info 'riscvOVPsim/cpu', 0x00000000800074c4(.l_clmulh_576_Start+10): a5cbb33 clmulh  s6,s9,t0
Info   s6 00000000 -> 111c470e
Info 'riscvOVPsim/cpu', 0x00000000800074c8(.l_clmulh_576_Start+14): 111c4fb7 lui     t6,0x111c4
Info   t6 9f719b18 -> 111c4000
Info 'riscvOVPsim/cpu', 0x00000000800074cc(.l_clmulh_576_Start+18): 70ef8f93 addi    t6,t6,1806
Info   t6 111c4000 -> 111c470e
Info 'riscvOVPsim/cpu', 0x00000000800074d0(.l_clmulh_576_Start+1c): 01fb0a63 beq     s6,t6,800074e4
Info 'riscvOVPsim/cpu', 0x00000000800074e4(.l_min_577_Start): 4afd01b7 lui     gp,0x4afd0
Info   gp 5be5cef1 -> 4afd0000
Info 'riscvOVPsim/cpu', 0x00000000800074e8(.l_min_577_Start+4): 49518193 addi    gp,gp,1173
Info   gp 4afd0000 -> 4afd0495
Info 'riscvOVPsim/cpu', 0x00000000800074ec(.l_min_577_Start+8): 0b2b55b7 lui     a1,0xb2b5
Info   a1 02c1dc6c -> 0b2b5000
Info 'riscvOVPsim/cpu', 0x00000000800074f0(.l_min_577_Start+c): bf158593 addi    a1,a1,-1039
Info   a1 0b2b5000 -> 0b2b4bf1
Info 'riscvOVPsim/cpu', 0x00000000800074f4(.l_min_577_Start+10): ab1cf33 min     t5,gp,a1
Info   t5 73e5d831 -> 0b2b4bf1
Info 'riscvOVPsim/cpu', 0x00000000800074f8(.l_min_577_Start+14): 0b2b52b7 lui     t0,0xb2b5
Info   t0 43023d67 -> 0b2b5000
Info 'riscvOVPsim/cpu', 0x00000000800074fc(.l_min_577_Start+18): bf128293 addi    t0,t0,-1039
Info   t0 0b2b5000 -> 0b2b4bf1
Info 'riscvOVPsim/cpu', 0x0000000080007500(.l_min_577_Start+1c): 005f0a63 beq     t5,t0,80007514
Info 'riscvOVPsim/cpu', 0x0000000080007514(.l_max_578_Start): 38f6e337 lui     t1,0x38f6e
Info   t1 331fe0b4 -> 38f6e000
Info 'riscvOVPsim/cpu', 0x0000000080007518(.l_max_578_Start+4): 91030313 addi    t1,t1,-1776
Info   t1 38f6e000 -> 38f6d910
Info 'riscvOVPsim/cpu', 0x000000008000751c(.l_max_578_Start+8): 565f6d37 lui     s10,0x565f6
Info   s10 04e4add4 -> 565f6000
Info 'riscvOVPsim/cpu', 0x0000000080007520(.l_max_578_Start+c): 92dd0d13 addi    s10,s10,-1747
Info   s10 565f6000 -> 565f592d
Info 'riscvOVPsim/cpu', 0x0000000080007524(.l_max_578_Start+10): ba35c33 max     s8,t1,s10
Info   s8 0000000e -> 565f592d
Info 'riscvOVPsim/cpu', 0x0000000080007528(.l_max_578_Start+14): 565f62b7 lui     t0,0x565f6
Info   t0 0b2b4bf1 -> 565f6000
Info 'riscvOVPsim/cpu', 0x000000008000752c(.l_max_578_Start+18): 92d28293 addi    t0,t0,-1747
Info   t0 565f6000 -> 565f592d
Info 'riscvOVPsim/cpu', 0x0000000080007530(.l_max_578_Start+1c): 005c0a63 beq     s8,t0,80007544
Info 'riscvOVPsim/cpu', 0x0000000080007544(.l_minu_579_Start): 3e1f9a37 lui     s4,0x3e1f9
Info   s4 02c1dc6c -> 3e1f9000
Info 'riscvOVPsim/cpu', 0x0000000080007548(.l_minu_579_Start+4): 994a0a13 addi    s4,s4,-1644
Info   s4 3e1f9000 -> 3e1f8994
Info 'riscvOVPsim/cpu', 0x000000008000754c(.l_minu_579_Start+8): 6c1e13b7 lui     t2,0x6c1e1
Info   t2 79b8144c -> 6c1e1000
Info 'riscvOVPsim/cpu', 0x0000000080007550(.l_minu_579_Start+c): b1b38393 addi    t2,t2,-1253
Info   t2 6c1e1000 -> 6c1e0b1b
Info 'riscvOVPsim/cpu', 0x0000000080007554(.l_minu_579_Start+10): a7a6fb3 minu    t6,s4,t2
Info   t6 111c470e -> 3e1f8994
Info 'riscvOVPsim/cpu', 0x0000000080007558(.l_minu_579_Start+14): 3e1f9337 lui     t1,0x3e1f9
Info   t1 38f6d910 -> 3e1f9000
Info 'riscvOVPsim/cpu', 0x000000008000755c(.l_minu_579_Start+18): 99430313 addi    t1,t1,-1644
Info   t1 3e1f9000 -> 3e1f8994
Info 'riscvOVPsim/cpu', 0x0000000080007560(.l_minu_579_Start+1c): 006f8a63 beq     t6,t1,80007574
Info 'riscvOVPsim/cpu', 0x0000000080007574(.l_maxu_580_Start): 34a330b7 lui     ra,0x34a33
Info   ra e0a8916c -> 34a33000
Info 'riscvOVPsim/cpu', 0x0000000080007578(.l_maxu_580_Start+4): fe308093 addi    ra,ra,-29
Info   ra 34a33000 -> 34a32fe3
Info 'riscvOVPsim/cpu', 0x000000008000757c(.l_maxu_580_Start+8): 050f04b7 lui     s1,0x50f0
Info   s1 71b5befb -> 050f0000
Info 'riscvOVPsim/cpu', 0x0000000080007580(.l_maxu_580_Start+c): 68748493 addi    s1,s1,1671
Info   s1 050f0000 -> 050f0687
Info 'riscvOVPsim/cpu', 0x0000000080007584(.l_maxu_580_Start+10): a90f933 maxu    s2,ra,s1
Info   s2 67246fb2 -> 34a32fe3
Info 'riscvOVPsim/cpu', 0x0000000080007588(.l_maxu_580_Start+14): 34a339b7 lui     s3,0x34a33
Info   s3 4bbb12ff -> 34a33000
Info 'riscvOVPsim/cpu', 0x000000008000758c(.l_maxu_580_Start+18): fe398993 addi    s3,s3,-29
Info   s3 34a33000 -> 34a32fe3
Info 'riscvOVPsim/cpu', 0x0000000080007590(.l_maxu_580_Start+1c): 01390a63 beq     s2,s3,800075a4
Info 'riscvOVPsim/cpu', 0x00000000800075a4(.l_shfl_581_Start): 75572e37 lui     t3,0x75572
Info   t3 331fe0b4 -> 75572000
Info 'riscvOVPsim/cpu', 0x00000000800075a8(.l_shfl_581_Start+4): 876e0e13 addi    t3,t3,-1930
Info   t3 75572000 -> 75571876
Info 'riscvOVPsim/cpu', 0x00000000800075ac(.l_shfl_581_Start+8): 466fe637 lui     a2,0x466fe
Info   a2 8f4898bf -> 466fe000
Info 'riscvOVPsim/cpu', 0x00000000800075b0(.l_shfl_581_Start+c): 7f360613 addi    a2,a2,2035
Info   a2 466fe000 -> 466fe7f3
Info 'riscvOVPsim/cpu', 0x00000000800075b4(.l_shfl_581_Start+10): 8ce1833 shfl    a6,t3,a2
Info   a6 52f23fe3 -> 3b37423e
Info 'riscvOVPsim/cpu', 0x00000000800075b8(.l_shfl_581_Start+14): 3b3740b7 lui     ra,0x3b374
Info   ra 34a32fe3 -> 3b374000
Info 'riscvOVPsim/cpu', 0x00000000800075bc(.l_shfl_581_Start+18): 23e08093 addi    ra,ra,574
Info   ra 3b374000 -> 3b37423e
Info 'riscvOVPsim/cpu', 0x00000000800075c0(.l_shfl_581_Start+1c): 00180a63 beq     a6,ra,800075d4
Info 'riscvOVPsim/cpu', 0x00000000800075d4(.l_unshfl_582_Start): 5b095cb7 lui     s9,0x5b095
Info   s9 4754edda -> 5b095000
Info 'riscvOVPsim/cpu', 0x00000000800075d8(.l_unshfl_582_Start+4): 029c8c93 addi    s9,s9,41
Info   s9 5b095000 -> 5b095029
Info 'riscvOVPsim/cpu', 0x00000000800075dc(.l_unshfl_582_Start+8): 57b83f37 lui     t5,0x57b83
Info   t5 0b2b4bf1 -> 57b83000
Info 'riscvOVPsim/cpu', 0x00000000800075e0(.l_unshfl_582_Start+c): 753f0f13 addi    t5,t5,1875
Info   t5 57b83000 -> 57b83753
Info 'riscvOVPsim/cpu', 0x00000000800075e4(.l_unshfl_582_Start+10): 9ecd033 unshfl  zero,s9,t5
Info 'riscvOVPsim/cpu', 0x00000000800075e8(.l_unshfl_582_Start+14): 00000313 mv      t1,zero
Info   t1 3e1f8994 -> 00000000
Info 'riscvOVPsim/cpu', 0x00000000800075ec(.l_unshfl_582_Start+18): 00600a63 beq     zero,t1,80007600
Info 'riscvOVPsim/cpu', 0x0000000080007600(.l_bdep_583_Start): 4f31f0b7 lui     ra,0x4f31f
Info   ra 3b37423e -> 4f31f000
Info 'riscvOVPsim/cpu', 0x0000000080007604(.l_bdep_583_Start+4): 67208093 addi    ra,ra,1650
Info   ra 4f31f000 -> 4f31f672
Info 'riscvOVPsim/cpu', 0x0000000080007608(.l_bdep_583_Start+8): 49b65cb7 lui     s9,0x49b65
Info   s9 5b095029 -> 49b65000
Info 'riscvOVPsim/cpu', 0x000000008000760c(.l_bdep_583_Start+c): 869c8c93 addi    s9,s9,-1943
Info   s9 49b65000 -> 49b64869
Info 'riscvOVPsim/cpu', 0x0000000080007610(.l_bdep_583_Start+10): 990a533 bdep    a0,ra,s9
Info   a0 6e0a3371 -> 48a24808
Info 'riscvOVPsim/cpu', 0x0000000080007614(.l_bdep_583_Start+14): 48a25337 lui     t1,0x48a25
Info   t1 00000000 -> 48a25000
Info 'riscvOVPsim/cpu', 0x0000000080007618(.l_bdep_583_Start+18): 80830313 addi    t1,t1,-2040
Info   t1 48a25000 -> 48a24808
Info 'riscvOVPsim/cpu', 0x000000008000761c(.l_bdep_583_Start+1c): 00650a63 beq     a0,t1,80007630
Info 'riscvOVPsim/cpu', 0x0000000080007630(.l_bext_584_Start): 58a54937 lui     s2,0x58a54
Info   s2 34a32fe3 -> 58a54000
Info 'riscvOVPsim/cpu', 0x0000000080007634(.l_bext_584_Start+4): 99990913 addi    s2,s2,-1639
Info   s2 58a54000 -> 58a53999
Info 'riscvOVPsim/cpu', 0x0000000080007638(.l_bext_584_Start+8): 22d54eb7 lui     t4,0x22d54
Info   t4 26b16e2b -> 22d54000
Info 'riscvOVPsim/cpu', 0x000000008000763c(.l_bext_584_Start+c): 211e8e93 addi    t4,t4,529
Info   t4 22d54000 -> 22d54211
Info 'riscvOVPsim/cpu', 0x0000000080007640(.l_bext_584_Start+10): 9d968b3 bext    a7,s2,t4
Info   a7 00000001 -> 00000133
Info 'riscvOVPsim/cpu', 0x0000000080007644(.l_bext_584_Start+14): 13300213 addi    tp,zero,307
Info   tp 23201980 -> 00000133
Info 'riscvOVPsim/cpu', 0x0000000080007648(.l_bext_584_Start+18): 00488a63 beq     a7,tp,8000765c
Info 'riscvOVPsim/cpu', 0x000000008000765c(.l_pack_585_Start): 47fd35b7 lui     a1,0x47fd3
Info   a1 0b2b4bf1 -> 47fd3000
Info 'riscvOVPsim/cpu', 0x0000000080007660(.l_pack_585_Start+4): ee558593 addi    a1,a1,-283
Info   a1 47fd3000 -> 47fd2ee5
Info 'riscvOVPsim/cpu', 0x0000000080007664(.l_pack_585_Start+8): 55b56937 lui     s2,0x55b56
Info   s2 58a53999 -> 55b56000
Info 'riscvOVPsim/cpu', 0x0000000080007668(.l_pack_585_Start+c): 67590913 addi    s2,s2,1653
Info   s2 55b56000 -> 55b56675
Info 'riscvOVPsim/cpu', 0x000000008000766c(.l_pack_585_Start+10): 0925c9b3 undef
Info   s3 34a32fe3 -> 66752ee5
Info 'riscvOVPsim/cpu', 0x0000000080007670(.l_pack_585_Start+14): 66753237 lui     tp,0x66753
Info   tp 00000133 -> 66753000
Info 'riscvOVPsim/cpu', 0x0000000080007674(.l_pack_585_Start+18): ee520213 addi    tp,tp,-283
Info   tp 66753000 -> 66752ee5
Info 'riscvOVPsim/cpu', 0x0000000080007678(.l_pack_585_Start+1c): 00498a63 beq     s3,tp,8000768c
Info 'riscvOVPsim/cpu', 0x000000008000768c(.l_bfp_586_Start): 3ee0fab7 lui     s5,0x3ee0f
Info   s5 0000000e -> 3ee0f000
Info 'riscvOVPsim/cpu', 0x0000000080007690(.l_bfp_586_Start+4): 477a8a93 addi    s5,s5,1143
Info   s5 3ee0f000 -> 3ee0f477
Info 'riscvOVPsim/cpu', 0x0000000080007694(.l_bfp_586_Start+8): 790eb8b7 lui     a7,0x790eb
Info   a7 00000133 -> 790eb000
Info 'riscvOVPsim/cpu', 0x0000000080007698(.l_bfp_586_Start+c): 98788893 addi    a7,a7,-1657
Info   a7 790eb000 -> 790ea987
Info 'riscvOVPsim/cpu', 0x000000008000769c(.l_bfp_586_Start+10): 91af233 bfp     tp,s5,a7
Info   tp 66752ee5 -> 3ee1f477
Info 'riscvOVPsim/cpu', 0x00000000800076a0(.l_bfp_586_Start+14): 3ee1f837 lui     a6,0x3ee1f
Info   a6 3b37423e -> 3ee1f000
Info 'riscvOVPsim/cpu', 0x00000000800076a4(.l_bfp_586_Start+18): 47780813 addi    a6,a6,1143
Info   a6 3ee1f000 -> 3ee1f477
Info 'riscvOVPsim/cpu', 0x00000000800076a8(.l_bfp_586_Start+1c): 01020a63 beq     tp,a6,800076bc
Info 'riscvOVPsim/cpu', 0x00000000800076bc(.l_shfli_587_Start): 59f04bb7 lui     s7,0x59f04
Info   s7 bfc8de00 -> 59f04000
Info 'riscvOVPsim/cpu', 0x00000000800076c0(.l_shfli_587_Start+4): 330b8b93 addi    s7,s7,816
Info   s7 59f04000 -> 59f04330
Info 'riscvOVPsim/cpu', 0x00000000800076c4(.l_shfli_587_Start+8): a1b9213 shfli   tp,s7,33
Info   tp 3ee1f477 -> 39f02550
Info 'riscvOVPsim/cpu', 0x00000000800076c8(.l_shfli_587_Start+c): 39f02937 lui     s2,0x39f02
Info   s2 55b56675 -> 39f02000
Info 'riscvOVPsim/cpu', 0x00000000800076cc(.l_shfli_587_Start+10): 55090913 addi    s2,s2,1360
Info   s2 39f02000 -> 39f02550
Info 'riscvOVPsim/cpu', 0x00000000800076d0(.l_shfli_587_Start+14): 01220a63 beq     tp,s2,800076e4
Info 'riscvOVPsim/cpu', 0x00000000800076e4(.l_unshfli_588_Start): 40ccbb37 lui     s6,0x40ccb
Info   s6 111c470e -> 40ccb000
Info 'riscvOVPsim/cpu', 0x00000000800076e8(.l_unshfli_588_Start+4): 470b0b13 addi    s6,s6,1136
Info   s6 40ccb000 -> 40ccb470
Info 'riscvOVPsim/cpu', 0x00000000800076ec(.l_unshfli_588_Start+8): 9bb5513 unshfli a0,s6,27
Info   a0 48a24808 -> 08c6aa4c
Info 'riscvOVPsim/cpu', 0x00000000800076f0(.l_unshfli_588_Start+c): 08c6b2b7 lui     t0,0x8c6b
Info   t0 565f592d -> 08c6b000
Info 'riscvOVPsim/cpu', 0x00000000800076f4(.l_unshfli_588_Start+10): a4c28293 addi    t0,t0,-1460
Info   t0 08c6b000 -> 08c6aa4c
Info 'riscvOVPsim/cpu', 0x00000000800076f8(.l_unshfli_588_Start+14): 00550a63 beq     a0,t0,8000770c
Info 'riscvOVPsim/cpu', 0x000000008000770c(.l_andn_589_Start): 15566f37 lui     t5,0x15566
Info   t5 57b83753 -> 15566000
Info 'riscvOVPsim/cpu', 0x0000000080007710(.l_andn_589_Start+4): 7f0f0f13 addi    t5,t5,2032
Info   t5 15566000 -> 155667f0
Info 'riscvOVPsim/cpu', 0x0000000080007714(.l_andn_589_Start+8): 6f38bcb7 lui     s9,0x6f38b
Info   s9 49b64869 -> 6f38b000
Info 'riscvOVPsim/cpu', 0x0000000080007718(.l_andn_589_Start+c): 557c8c93 addi    s9,s9,1367
Info   s9 6f38b000 -> 6f38b557
Info 'riscvOVPsim/cpu', 0x000000008000771c(.l_andn_589_Start+10): 419f7fb3 andn    t6,t5,s9
Info   t6 3e1f8994 -> 104642a0
Info 'riscvOVPsim/cpu', 0x0000000080007720(.l_andn_589_Start+14): 104642b7 lui     t0,0x10464
Info   t0 08c6aa4c -> 10464000
Info 'riscvOVPsim/cpu', 0x0000000080007724(.l_andn_589_Start+18): 2a028293 addi    t0,t0,672
Info   t0 10464000 -> 104642a0
Info 'riscvOVPsim/cpu', 0x0000000080007728(.l_andn_589_Start+1c): 005f8a63 beq     t6,t0,8000773c
Info 'riscvOVPsim/cpu', 0x000000008000773c(.l_orn_590_Start): 7ccc94b7 lui     s1,0x7ccc9
Info   s1 050f0687 -> 7ccc9000
Info 'riscvOVPsim/cpu', 0x0000000080007740(.l_orn_590_Start+4): 43548493 addi    s1,s1,1077
Info   s1 7ccc9000 -> 7ccc9435
Info 'riscvOVPsim/cpu', 0x0000000080007744(.l_orn_590_Start+8): 33203437 lui     s0,0x33203
Info   s0 72030cf7 -> 33203000
Info 'riscvOVPsim/cpu', 0x0000000080007748(.l_orn_590_Start+c): dfb40413 addi    s0,s0,-517
Info   s0 33203000 -> 33202dfb
Info 'riscvOVPsim/cpu', 0x000000008000774c(.l_orn_590_Start+10): 4084e4b3 orn     s1,s1,s0
Info   s1 7ccc9435 -> fcdfd635
Info 'riscvOVPsim/cpu', 0x0000000080007750(.l_orn_590_Start+14): fcdfdb37 lui     s6,0xfcdfd
Info   s6 40ccb470 -> fcdfd000
Info 'riscvOVPsim/cpu', 0x0000000080007754(.l_orn_590_Start+18): 635b0b13 addi    s6,s6,1589
Info   s6 fcdfd000 -> fcdfd635
Info 'riscvOVPsim/cpu', 0x0000000080007758(.l_orn_590_Start+1c): 01648a63 beq     s1,s6,8000776c
Info 'riscvOVPsim/cpu', 0x000000008000776c(.l_xnor_591_Start): 50bd3d37 lui     s10,0x50bd3
Info   s10 565f592d -> 50bd3000
Info 'riscvOVPsim/cpu', 0x0000000080007770(.l_xnor_591_Start+4): cafd0d13 addi    s10,s10,-849
Info   s10 50bd3000 -> 50bd2caf
Info 'riscvOVPsim/cpu', 0x0000000080007774(.l_xnor_591_Start+8): 0c8d2837 lui     a6,0xc8d2
Info   a6 3ee1f477 -> 0c8d2000
Info 'riscvOVPsim/cpu', 0x0000000080007778(.l_xnor_591_Start+c): 58280813 addi    a6,a6,1410
Info   a6 0c8d2000 -> 0c8d2582
Info 'riscvOVPsim/cpu', 0x000000008000777c(.l_xnor_591_Start+10): 410d4d33 xnor    s10,s10,a6
Info   s10 50bd2caf -> a3cff6d2
Info 'riscvOVPsim/cpu', 0x0000000080007780(.l_xnor_591_Start+14): a3cff3b7 lui     t2,0xa3cff
Info   t2 6c1e0b1b -> a3cff000
Info 'riscvOVPsim/cpu', 0x0000000080007784(.l_xnor_591_Start+18): 6d238393 addi    t2,t2,1746
Info   t2 a3cff000 -> a3cff6d2
Info 'riscvOVPsim/cpu', 0x0000000080007788(.l_xnor_591_Start+1c): 007d0a63 beq     s10,t2,8000779c
Info 'riscvOVPsim/cpu', 0x000000008000779c(.l_slo_592_Start): 3b6ff337 lui     t1,0x3b6ff
Info   t1 48a24808 -> 3b6ff000
Info 'riscvOVPsim/cpu', 0x00000000800077a0(.l_slo_592_Start+4): d5d30313 addi    t1,t1,-675
Info   t1 3b6ff000 -> 3b6fed5d
Info 'riscvOVPsim/cpu', 0x00000000800077a4(.l_slo_592_Start+8): 3cb334b7 lui     s1,0x3cb33
Info   s1 fcdfd635 -> 3cb33000
Info 'riscvOVPsim/cpu', 0x00000000800077a8(.l_slo_592_Start+c): 2ea48493 addi    s1,s1,746
Info   s1 3cb33000 -> 3cb332ea
Info 'riscvOVPsim/cpu', 0x00000000800077ac(.l_slo_592_Start+10): 209317b3 slo     a5,t1,s1
Info   a5 9776d654 -> bfb577ff
Info 'riscvOVPsim/cpu', 0x00000000800077b0(.l_slo_592_Start+14): bfb57e37 lui     t3,0xbfb57
Info   t3 75571876 -> bfb57000
Info 'riscvOVPsim/cpu', 0x00000000800077b4(.l_slo_592_Start+18): 7ffe0e13 addi    t3,t3,2047
Info   t3 bfb57000 -> bfb577ff
Info 'riscvOVPsim/cpu', 0x00000000800077b8(.l_slo_592_Start+1c): 01c78a63 beq     a5,t3,800077cc
Info 'riscvOVPsim/cpu', 0x00000000800077cc(.l_sro_593_Start): 289a36b7 lui     a3,0x289a3
Info   a3 36663b62 -> 289a3000
Info 'riscvOVPsim/cpu', 0x00000000800077d0(.l_sro_593_Start+4): 6a868693 addi    a3,a3,1704
Info   a3 289a3000 -> 289a36a8
Info 'riscvOVPsim/cpu', 0x00000000800077d4(.l_sro_593_Start+8): 61201ab7 lui     s5,0x61201
Info   s5 3ee0f477 -> 61201000
Info 'riscvOVPsim/cpu', 0x00000000800077d8(.l_sro_593_Start+c): c01a8a93 addi    s5,s5,-1023
Info   s5 61201000 -> 61200c01
Info 'riscvOVPsim/cpu', 0x00000000800077dc(.l_sro_593_Start+10): 2156dbb3 sro     s7,a3,s5
Info   s7 59f04330 -> 944d1b54
Info 'riscvOVPsim/cpu', 0x00000000800077e0(.l_sro_593_Start+14): 944d2837 lui     a6,0x944d2
Info   a6 0c8d2582 -> 944d2000
Info 'riscvOVPsim/cpu', 0x00000000800077e4(.l_sro_593_Start+18): b5480813 addi    a6,a6,-1196
Info   a6 944d2000 -> 944d1b54
Info 'riscvOVPsim/cpu', 0x00000000800077e8(.l_sro_593_Start+1c): 010b8a63 beq     s7,a6,800077fc
Info 'riscvOVPsim/cpu', 0x00000000800077fc(.l_rol_594_Start): 3470a437 lui     s0,0x3470a
Info   s0 33202dfb -> 3470a000
Info 'riscvOVPsim/cpu', 0x0000000080007800(.l_rol_594_Start+4): c3940413 addi    s0,s0,-967
Info   s0 3470a000 -> 34709c39
Info 'riscvOVPsim/cpu', 0x0000000080007804(.l_rol_594_Start+8): 57f49fb7 lui     t6,0x57f49
Info   t6 104642a0 -> 57f49000
Info 'riscvOVPsim/cpu', 0x0000000080007808(.l_rol_594_Start+c): f70f8f93 addi    t6,t6,-144
Info   t6 57f49000 -> 57f48f70
Info 'riscvOVPsim/cpu', 0x000000008000780c(.l_rol_594_Start+10): 61f41eb3 rol     t4,s0,t6
Info   t4 22d54211 -> 9c393470
Info 'riscvOVPsim/cpu', 0x0000000080007810(.l_rol_594_Start+14): 9c393637 lui     a2,0x9c393
Info   a2 466fe7f3 -> 9c393000
Info 'riscvOVPsim/cpu', 0x0000000080007814(.l_rol_594_Start+18): 47060613 addi    a2,a2,1136
Info   a2 9c393000 -> 9c393470
Info 'riscvOVPsim/cpu', 0x0000000080007818(.l_rol_594_Start+1c): 00ce8a63 beq     t4,a2,8000782c
Info 'riscvOVPsim/cpu', 0x000000008000782c(.l_ror_595_Start): 24e7e137 lui     sp,0x24e7e
Info   sp 1b7091d4 -> 24e7e000
Info 'riscvOVPsim/cpu', 0x0000000080007830(.l_ror_595_Start+4): eff10113 addi    sp,sp,-257
Info   sp 24e7e000 -> 24e7deff
Info 'riscvOVPsim/cpu', 0x0000000080007834(.l_ror_595_Start+8): 42bcccb7 lui     s9,0x42bcc
Info   s9 6f38b557 -> 42bcc000
Info 'riscvOVPsim/cpu', 0x0000000080007838(.l_ror_595_Start+c): 52ec8c93 addi    s9,s9,1326
Info   s9 42bcc000 -> 42bcc52e
Info 'riscvOVPsim/cpu', 0x000000008000783c(.l_ror_595_Start+10): 61915733 ror     a4,sp,s9
Info   a4 0c6edb7e -> 7bfc939f
Info 'riscvOVPsim/cpu', 0x0000000080007840(.l_ror_595_Start+14): 7bfc9f37 lui     t5,0x7bfc9
Info   t5 155667f0 -> 7bfc9000
Info 'riscvOVPsim/cpu', 0x0000000080007844(.l_ror_595_Start+18): 39ff0f13 addi    t5,t5,927
Info   t5 7bfc9000 -> 7bfc939f
Info 'riscvOVPsim/cpu', 0x0000000080007848(.l_ror_595_Start+1c): 01e70a63 beq     a4,t5,8000785c
Info 'riscvOVPsim/cpu', 0x000000008000785c(.l_sbclr_596_Start): 14830cb7 lui     s9,0x14830
Info   s9 42bcc52e -> 14830000
Info 'riscvOVPsim/cpu', 0x0000000080007860(.l_sbclr_596_Start+4): 538c8c93 addi    s9,s9,1336
Info   s9 14830000 -> 14830538
Info 'riscvOVPsim/cpu', 0x0000000080007864(.l_sbclr_596_Start+8): 5843b437 lui     s0,0x5843b
Info   s0 34709c39 -> 5843b000
Info 'riscvOVPsim/cpu', 0x0000000080007868(.l_sbclr_596_Start+c): 4f740413 addi    s0,s0,1271
Info   s0 5843b000 -> 5843b4f7
Info 'riscvOVPsim/cpu', 0x000000008000786c(.l_sbclr_596_Start+10): 488c98b3 sbclr   a7,s9,s0
Info   a7 790ea987 -> 14030538
Info 'riscvOVPsim/cpu', 0x0000000080007870(.l_sbclr_596_Start+14): 14030b37 lui     s6,0x14030
Info   s6 fcdfd635 -> 14030000
Info 'riscvOVPsim/cpu', 0x0000000080007874(.l_sbclr_596_Start+18): 538b0b13 addi    s6,s6,1336
Info   s6 14030000 -> 14030538
Info 'riscvOVPsim/cpu', 0x0000000080007878(.l_sbclr_596_Start+1c): 01688a63 beq     a7,s6,8000788c
Info 'riscvOVPsim/cpu', 0x000000008000788c(.l_sbset_597_Start): 5bc833b7 lui     t2,0x5bc83
Info   t2 a3cff6d2 -> 5bc83000
Info 'riscvOVPsim/cpu', 0x0000000080007890(.l_sbset_597_Start+4): 51b38393 addi    t2,t2,1307
Info   t2 5bc83000 -> 5bc8351b
Info 'riscvOVPsim/cpu', 0x0000000080007894(.l_sbset_597_Start+8): 2351ceb7 lui     t4,0x2351c
Info   t4 9c393470 -> 2351c000
Info 'riscvOVPsim/cpu', 0x0000000080007898(.l_sbset_597_Start+c): 37ae8e93 addi    t4,t4,890
Info   t4 2351c000 -> 2351c37a
Info 'riscvOVPsim/cpu', 0x000000008000789c(.l_sbset_597_Start+10): 29d39233 sbset   tp,t2,t4
Info   tp 39f02550 -> 5fc8351b
Info 'riscvOVPsim/cpu', 0x00000000800078a0(.l_sbset_597_Start+14): 5fc830b7 lui     ra,0x5fc83
Info   ra 4f31f672 -> 5fc83000
Info 'riscvOVPsim/cpu', 0x00000000800078a4(.l_sbset_597_Start+18): 51b08093 addi    ra,ra,1307
Info   ra 5fc83000 -> 5fc8351b
Info 'riscvOVPsim/cpu', 0x00000000800078a8(.l_sbset_597_Start+1c): 00120a63 beq     tp,ra,800078bc
Info 'riscvOVPsim/cpu', 0x00000000800078bc(.l_sbinv_598_Start): 4f5ea937 lui     s2,0x4f5ea
Info   s2 39f02550 -> 4f5ea000
Info 'riscvOVPsim/cpu', 0x00000000800078c0(.l_sbinv_598_Start+4): 0a090913 addi    s2,s2,160
Info   s2 4f5ea000 -> 4f5ea0a0
Info 'riscvOVPsim/cpu', 0x00000000800078c4(.l_sbinv_598_Start+8): 614c3437 lui     s0,0x614c3
Info   s0 5843b4f7 -> 614c3000
Info 'riscvOVPsim/cpu', 0x00000000800078c8(.l_sbinv_598_Start+c): ab040413 addi    s0,s0,-1360
Info   s0 614c3000 -> 614c2ab0
Info 'riscvOVPsim/cpu', 0x00000000800078cc(.l_sbinv_598_Start+10): 68891c33 sbinv   s8,s2,s0
Info   s8 565f592d -> 4f5fa0a0
Info 'riscvOVPsim/cpu', 0x00000000800078d0(.l_sbinv_598_Start+14): 4f5fa1b7 lui     gp,0x4f5fa
Info   gp 4afd0495 -> 4f5fa000
Info 'riscvOVPsim/cpu', 0x00000000800078d4(.l_sbinv_598_Start+18): 0a018193 addi    gp,gp,160
Info   gp 4f5fa000 -> 4f5fa0a0
Info 'riscvOVPsim/cpu', 0x00000000800078d8(.l_sbinv_598_Start+1c): 003c0a63 beq     s8,gp,800078ec
Info 'riscvOVPsim/cpu', 0x00000000800078ec(.l_sbext_599_Start): 7f1ebeb7 lui     t4,0x7f1eb
Info   t4 2351c37a -> 7f1eb000
Info 'riscvOVPsim/cpu', 0x00000000800078f0(.l_sbext_599_Start+4): 6f4e8e93 addi    t4,t4,1780
Info   t4 7f1eb000 -> 7f1eb6f4
Info 'riscvOVPsim/cpu', 0x00000000800078f4(.l_sbext_599_Start+8): 2be76c37 lui     s8,0x2be76
Info   s8 4f5fa0a0 -> 2be76000
Info 'riscvOVPsim/cpu', 0x00000000800078f8(.l_sbext_599_Start+c): 911c0c13 addi    s8,s8,-1775
Info   s8 2be76000 -> 2be75911
Info 'riscvOVPsim/cpu', 0x00000000800078fc(.l_sbext_599_Start+10): 498ed733 sbext   a4,t4,s8
Info   a4 7bfc939f -> 00000001
Info 'riscvOVPsim/cpu', 0x0000000080007900(.l_sbext_599_Start+14): 00100b13 addi    s6,zero,1
Info   s6 14030538 -> 00000001
Info 'riscvOVPsim/cpu', 0x0000000080007904(.l_sbext_599_Start+18): 01670a63 beq     a4,s6,80007918
Info 'riscvOVPsim/cpu', 0x0000000080007918(.l_grev_600_Start): 29e13137 lui     sp,0x29e13
Info   sp 24e7deff -> 29e13000
Info 'riscvOVPsim/cpu', 0x000000008000791c(.l_grev_600_Start+4): c3910113 addi    sp,sp,-967
Info   sp 29e13000 -> 29e12c39
Info 'riscvOVPsim/cpu', 0x0000000080007920(.l_grev_600_Start+8): 3b74fa37 lui     s4,0x3b74f
Info   s4 3e1f8994 -> 3b74f000
Info 'riscvOVPsim/cpu', 0x0000000080007924(.l_grev_600_Start+c): a33a0a13 addi    s4,s4,-1485
Info   s4 3b74f000 -> 3b74ea33
Info 'riscvOVPsim/cpu', 0x0000000080007928(.l_grev_600_Start+10): 69415eb3 grev    t4,sp,s4
Info   t4 7f1eb6f4 -> 43c94978
Info 'riscvOVPsim/cpu', 0x000000008000792c(.l_grev_600_Start+14): 43c955b7 lui     a1,0x43c95
Info   a1 47fd2ee5 -> 43c95000
Info 'riscvOVPsim/cpu', 0x0000000080007930(.l_grev_600_Start+18): 97858593 addi    a1,a1,-1672
Info   a1 43c95000 -> 43c94978
Info 'riscvOVPsim/cpu', 0x0000000080007934(.l_grev_600_Start+1c): 00be8a63 beq     t4,a1,80007948
Info 'riscvOVPsim/cpu', 0x0000000080007948(.l_sloi_601_Start): 55c79537 lui     a0,0x55c79
Info   a0 08c6aa4c -> 55c79000
Info 'riscvOVPsim/cpu', 0x000000008000794c(.l_sloi_601_Start+4): 94c50513 addi    a0,a0,-1716
Info   a0 55c79000 -> 55c7894c
Info 'riscvOVPsim/cpu', 0x0000000080007950(.l_sloi_601_Start+8): 20d51293 sloi    t0,a0,13
Info   t0 104642a0 -> f1299fff
Info 'riscvOVPsim/cpu', 0x0000000080007954(.l_sloi_601_Start+c): f129a837 lui     a6,0xf129a
Info   a6 944d1b54 -> f129a000
Info 'riscvOVPsim/cpu', 0x0000000080007958(.l_sloi_601_Start+10): fff80813 addi    a6,a6,-1
Info   a6 f129a000 -> f1299fff
Info 'riscvOVPsim/cpu', 0x000000008000795c(.l_sloi_601_Start+14): 01028a63 beq     t0,a6,80007970
Info 'riscvOVPsim/cpu', 0x0000000080007970(.l_sroi_602_Start): 0419d2b7 lui     t0,0x419d
Info   t0 f1299fff -> 0419d000
Info 'riscvOVPsim/cpu', 0x0000000080007974(.l_sroi_602_Start+4): 3a328293 addi    t0,t0,931
Info   t0 0419d000 -> 0419d3a3
Info 'riscvOVPsim/cpu', 0x0000000080007978(.l_sroi_602_Start+8): 2102d293 sroi    t0,t0,16
Info   t0 0419d3a3 -> ffff0419
Info 'riscvOVPsim/cpu', 0x000000008000797c(.l_sroi_602_Start+c): ffff01b7 lui     gp,0xffff0
Info   gp 4f5fa0a0 -> ffff0000
Info 'riscvOVPsim/cpu', 0x0000000080007980(.l_sroi_602_Start+10): 41918193 addi    gp,gp,1049
Info   gp ffff0000 -> ffff0419
Info 'riscvOVPsim/cpu', 0x0000000080007984(.l_sroi_602_Start+14): 00328a63 beq     t0,gp,80007998
Info 'riscvOVPsim/cpu', 0x0000000080007998(.l_rori_603_Start): 177cf437 lui     s0,0x177cf
Info   s0 614c2ab0 -> 177cf000
Info 'riscvOVPsim/cpu', 0x000000008000799c(.l_rori_603_Start+4): a5a40413 addi    s0,s0,-1446
Info   s0 177cf000 -> 177cea5a
Info 'riscvOVPsim/cpu', 0x00000000800079a0(.l_rori_603_Start+8): 61d45f13 rori    t5,s0,29
Info   t5 7bfc939f -> bbe752d0
Info 'riscvOVPsim/cpu', 0x00000000800079a4(.l_rori_603_Start+c): bbe752b7 lui     t0,0xbbe75
Info   t0 ffff0419 -> bbe75000
Info 'riscvOVPsim/cpu', 0x00000000800079a8(.l_rori_603_Start+10): 2d028293 addi    t0,t0,720
Info   t0 bbe75000 -> bbe752d0
Info 'riscvOVPsim/cpu', 0x00000000800079ac(.l_rori_603_Start+14): 005f0a63 beq     t5,t0,800079c0
Info 'riscvOVPsim/cpu', 0x00000000800079c0(.l_sbclri_604_Start): 63afd1b7 lui     gp,0x63afd
Info   gp ffff0419 -> 63afd000
Info 'riscvOVPsim/cpu', 0x00000000800079c4(.l_sbclri_604_Start+4): f7118193 addi    gp,gp,-143
Info   gp 63afd000 -> 63afcf71
Info 'riscvOVPsim/cpu', 0x00000000800079c8(.l_sbclri_604_Start+8): 4ba19293 sbclri  t0,gp,58
Info   t0 bbe752d0 -> 63afcf71
Info 'riscvOVPsim/cpu', 0x00000000800079cc(.l_sbclri_604_Start+c): 63afdf37 lui     t5,0x63afd
Info   t5 bbe752d0 -> 63afd000
Info 'riscvOVPsim/cpu', 0x00000000800079d0(.l_sbclri_604_Start+10): f71f0f13 addi    t5,t5,-143
Info   t5 63afd000 -> 63afcf71
Info 'riscvOVPsim/cpu', 0x00000000800079d4(.l_sbclri_604_Start+14): 01e28a63 beq     t0,t5,800079e8
Info 'riscvOVPsim/cpu', 0x00000000800079e8(.l_sbseti_605_Start): 64c7d737 lui     a4,0x64c7d
Info   a4 00000001 -> 64c7d000
Info 'riscvOVPsim/cpu', 0x00000000800079ec(.l_sbseti_605_Start+4): bc070713 addi    a4,a4,-1088
Info   a4 64c7d000 -> 64c7cbc0
Info 'riscvOVPsim/cpu', 0x00000000800079f0(.l_sbseti_605_Start+8): 29e71c13 sbseti  s8,a4,30
Info   s8 2be75911 -> 64c7cbc0
Info 'riscvOVPsim/cpu', 0x00000000800079f4(.l_sbseti_605_Start+c): 64c7dab7 lui     s5,0x64c7d
Info   s5 61200c01 -> 64c7d000
Info 'riscvOVPsim/cpu', 0x00000000800079f8(.l_sbseti_605_Start+10): bc0a8a93 addi    s5,s5,-1088
Info   s5 64c7d000 -> 64c7cbc0
Info 'riscvOVPsim/cpu', 0x00000000800079fc(.l_sbseti_605_Start+14): 015c0a63 beq     s8,s5,80007a10
Info 'riscvOVPsim/cpu', 0x0000000080007a10(.l_sbinvi_606_Start): 7d5197b7 lui     a5,0x7d519
Info   a5 bfb577ff -> 7d519000
Info 'riscvOVPsim/cpu', 0x0000000080007a14(.l_sbinvi_606_Start+4): 16878793 addi    a5,a5,360
Info   a5 7d519000 -> 7d519168
Info 'riscvOVPsim/cpu', 0x0000000080007a18(.l_sbinvi_606_Start+8): 6b479e13 sbinvi  t3,a5,52
Info   t3 bfb577ff -> 7d419168
Info 'riscvOVPsim/cpu', 0x0000000080007a1c(.l_sbinvi_606_Start+c): 7d4192b7 lui     t0,0x7d419
Info   t0 63afcf71 -> 7d419000
Info 'riscvOVPsim/cpu', 0x0000000080007a20(.l_sbinvi_606_Start+10): 16828293 addi    t0,t0,360
Info   t0 7d419000 -> 7d419168
Info 'riscvOVPsim/cpu', 0x0000000080007a24(.l_sbinvi_606_Start+14): 005e0a63 beq     t3,t0,80007a38
Info 'riscvOVPsim/cpu', 0x0000000080007a38(.l_sbexti_607_Start): 6d4fec37 lui     s8,0x6d4fe
Info   s8 64c7cbc0 -> 6d4fe000
Info 'riscvOVPsim/cpu', 0x0000000080007a3c(.l_sbexti_607_Start+4): 826c0c13 addi    s8,s8,-2010
Info   s8 6d4fe000 -> 6d4fd826
Info 'riscvOVPsim/cpu', 0x0000000080007a40(.l_sbexti_607_Start+8): 4b2c5393 sbexti  t2,s8,50
Info   t2 5bc8351b -> 00000001
Info 'riscvOVPsim/cpu', 0x0000000080007a44(.l_sbexti_607_Start+c): 00100913 addi    s2,zero,1
Info   s2 4f5ea0a0 -> 00000001
Info 'riscvOVPsim/cpu', 0x0000000080007a48(.l_sbexti_607_Start+10): 01238a63 beq     t2,s2,80007a5c
Info 'riscvOVPsim/cpu', 0x0000000080007a5c(.l_grevi_608_Start): 780d2cb7 lui     s9,0x780d2
Info   s9 14830538 -> 780d2000
Info 'riscvOVPsim/cpu', 0x0000000080007a60(.l_grevi_608_Start+4): 366c8c93 addi    s9,s9,870
Info   s9 780d2000 -> 780d2366
Info 'riscvOVPsim/cpu', 0x0000000080007a64(.l_grevi_608_Start+8): 6accdf93 grevi   t6,s9,44
Info   t6 57f48f70 -> d0876632
Info 'riscvOVPsim/cpu', 0x0000000080007a68(.l_grevi_608_Start+c): d0876f37 lui     t5,0xd0876
Info   t5 63afcf71 -> d0876000
Info 'riscvOVPsim/cpu', 0x0000000080007a6c(.l_grevi_608_Start+10): 632f0f13 addi    t5,t5,1586
Info   t5 d0876000 -> d0876632
Info 'riscvOVPsim/cpu', 0x0000000080007a70(.l_grevi_608_Start+14): 01ef8a63 beq     t6,t5,80007a84
Info 'riscvOVPsim/cpu', 0x0000000080007a84(.l_cmix_609_Start): 697a36b7 lui     a3,0x697a3
Info   a3 289a36a8 -> 697a3000
Info 'riscvOVPsim/cpu', 0x0000000080007a88(.l_cmix_609_Start+4): fc868693 addi    a3,a3,-56
Info   a3 697a3000 -> 697a2fc8
Info 'riscvOVPsim/cpu', 0x0000000080007a8c(.l_cmix_609_Start+8): 152ad737 lui     a4,0x152ad
Info   a4 64c7cbc0 -> 152ad000
Info 'riscvOVPsim/cpu', 0x0000000080007a90(.l_cmix_609_Start+c): b9270713 addi    a4,a4,-1134
Info   a4 152ad000 -> 152acb92
Info 'riscvOVPsim/cpu', 0x0000000080007a94(.l_cmix_609_Start+10): 11646637 lui     a2,0x11646
Info   a2 9c393470 -> 11646000
Info 'riscvOVPsim/cpu', 0x0000000080007a98(.l_cmix_609_Start+14): 90660613 addi    a2,a2,-1786
Info   a2 11646000 -> 11645906
Info 'riscvOVPsim/cpu', 0x0000000080007a9c(.l_cmix_609_Start+18): 66e697b3 cmix    a5,a3,a4,a2
Info   a5 7d519168 -> 016e1b84
Info 'riscvOVPsim/cpu', 0x0000000080007aa0(.l_cmix_609_Start+1c): 016e24b7 lui     s1,0x16e2
Info   s1 3cb332ea -> 016e2000
Info 'riscvOVPsim/cpu', 0x0000000080007aa4(.l_cmix_609_Start+20): b8448493 addi    s1,s1,-1148
Info   s1 016e2000 -> 016e1b84
Info 'riscvOVPsim/cpu', 0x0000000080007aa8(.l_cmix_609_Start+24): 00978a63 beq     a5,s1,80007abc
Info 'riscvOVPsim/cpu', 0x0000000080007abc(.l_cmov_610_Start): 34903437 lui     s0,0x34903
Info   s0 177cea5a -> 34903000
Info 'riscvOVPsim/cpu', 0x0000000080007ac0(.l_cmov_610_Start+4): 29640413 addi    s0,s0,662
Info   s0 34903000 -> 34903296
Info 'riscvOVPsim/cpu', 0x0000000080007ac4(.l_cmov_610_Start+8): 6125ebb7 lui     s7,0x6125e
Info   s7 944d1b54 -> 6125e000
Info 'riscvOVPsim/cpu', 0x0000000080007ac8(.l_cmov_610_Start+c): 267b8b93 addi    s7,s7,615
Info   s7 6125e000 -> 6125e267
Info 'riscvOVPsim/cpu', 0x0000000080007acc(.l_cmov_610_Start+10): 743ccdb7 lui     s11,0x743cc
Info   s11 71b5befb -> 743cc000
Info 'riscvOVPsim/cpu', 0x0000000080007ad0(.l_cmov_610_Start+14): fd6d8d93 addi    s11,s11,-42
Info   s11 743cc000 -> 743cbfd6
Info 'riscvOVPsim/cpu', 0x0000000080007ad4(.l_cmov_610_Start+18): df7451b3 cmov    gp,s0,s7,s11
Info   gp 63afcf71 -> 34903296
Info 'riscvOVPsim/cpu', 0x0000000080007ad8(.l_cmov_610_Start+1c): 34903eb7 lui     t4,0x34903
Info   t4 43c94978 -> 34903000
Info 'riscvOVPsim/cpu', 0x0000000080007adc(.l_cmov_610_Start+20): 296e8e93 addi    t4,t4,662
Info   t4 34903000 -> 34903296
Info 'riscvOVPsim/cpu', 0x0000000080007ae0(.l_cmov_610_Start+24): 01d18a63 beq     gp,t4,80007af4
Info 'riscvOVPsim/cpu', 0x0000000080007af4(.l_fsl_611_Start): 3e166b37 lui     s6,0x3e166
Info   s6 00000001 -> 3e166000
Info 'riscvOVPsim/cpu', 0x0000000080007af8(.l_fsl_611_Start+4): 5bdb0b13 addi    s6,s6,1469
Info   s6 3e166000 -> 3e1665bd
Info 'riscvOVPsim/cpu', 0x0000000080007afc(.l_fsl_611_Start+8): 6aa30537 lui     a0,0x6aa30
Info   a0 55c7894c -> 6aa30000
Info 'riscvOVPsim/cpu', 0x0000000080007b00(.l_fsl_611_Start+c): af150513 addi    a0,a0,-1295
Info   a0 6aa30000 -> 6aa2faf1
Info 'riscvOVPsim/cpu', 0x0000000080007b04(.l_fsl_611_Start+10): 747152b7 lui     t0,0x74715
Info   t0 7d419168 -> 74715000
Info 'riscvOVPsim/cpu', 0x0000000080007b08(.l_fsl_611_Start+14): 12628293 addi    t0,t0,294
Info   t0 74715000 -> 74715126
Info 'riscvOVPsim/cpu', 0x0000000080007b0c(.l_fsl_611_Start+18): 2cab1933 fsl     s2,s6,a0,t0
Info   s2 00000001 -> a24c7c2c
Info 'riscvOVPsim/cpu', 0x0000000080007b10(.l_fsl_611_Start+1c): a24c8c37 lui     s8,0xa24c8
Info   s8 6d4fd826 -> a24c8000
Info 'riscvOVPsim/cpu', 0x0000000080007b14(.l_fsl_611_Start+20): c2cc0c13 addi    s8,s8,-980
Info   s8 a24c8000 -> a24c7c2c
Info 'riscvOVPsim/cpu', 0x0000000080007b18(.l_fsl_611_Start+24): 01890a63 beq     s2,s8,80007b2c
Info 'riscvOVPsim/cpu', 0x0000000080007b2c(.l_fsr_612_Start): 428fc837 lui     a6,0x428fc
Info   a6 f1299fff -> 428fc000
Info 'riscvOVPsim/cpu', 0x0000000080007b30(.l_fsr_612_Start+4): cdf80813 addi    a6,a6,-801
Info   a6 428fc000 -> 428fbcdf
Info 'riscvOVPsim/cpu', 0x0000000080007b34(.l_fsr_612_Start+8): 00000013 nop
Info 'riscvOVPsim/cpu', 0x0000000080007b38(.l_fsr_612_Start+c): 428fc837 lui     a6,0x428fc
Info   a6 428fbcdf -> 428fc000
Info 'riscvOVPsim/cpu', 0x0000000080007b3c(.l_fsr_612_Start+10): cdf80813 addi    a6,a6,-801
Info   a6 428fc000 -> 428fbcdf
Info 'riscvOVPsim/cpu', 0x0000000080007b40(.l_fsr_612_Start+14): 84085233 fsr     tp,a6,zero,a6
Info   tp 5fc8351b -> 428fbcdf
Info 'riscvOVPsim/cpu', 0x0000000080007b44(.l_fsr_612_Start+18): 428fc637 lui     a2,0x428fc
Info   a2 11645906 -> 428fc000
Info 'riscvOVPsim/cpu', 0x0000000080007b48(.l_fsr_612_Start+1c): cdf60613 addi    a2,a2,-801
Info   a2 428fc000 -> 428fbcdf
Info 'riscvOVPsim/cpu', 0x0000000080007b4c(.l_fsr_612_Start+20): 00c20a63 beq     tp,a2,80007b60
Info 'riscvOVPsim/cpu', 0x0000000080007b60(.l_fsri_613_Start): 1110d5b7 lui     a1,0x1110d
Info   a1 43c94978 -> 1110d000
Info 'riscvOVPsim/cpu', 0x0000000080007b64(.l_fsri_613_Start+4): 67758593 addi    a1,a1,1655
Info   a1 1110d000 -> 1110d677
Info 'riscvOVPsim/cpu', 0x0000000080007b68(.l_fsri_613_Start+8): 7230e837 lui     a6,0x7230e
Info   a6 428fbcdf -> 7230e000
Info 'riscvOVPsim/cpu', 0x0000000080007b6c(.l_fsri_613_Start+c): aff80813 addi    a6,a6,-1281
Info   a6 7230e000 -> 7230daff
Info 'riscvOVPsim/cpu', 0x0000000080007b70(.l_fsri_613_Start+10): 85c5da13 fsri    s4,a1,a6,28
Info   s4 3b74ea33 -> 230daff1
Info 'riscvOVPsim/cpu', 0x0000000080007b74(.l_fsri_613_Start+14): 230dbcb7 lui     s9,0x230db
Info   s9 780d2366 -> 230db000
Info 'riscvOVPsim/cpu', 0x0000000080007b78(.l_fsri_613_Start+18): ff1c8c93 addi    s9,s9,-15
Info   s9 230db000 -> 230daff1
Info 'riscvOVPsim/cpu', 0x0000000080007b7c(.l_fsri_613_Start+1c): 019a0a63 beq     s4,s9,80007b90
Info 'riscvOVPsim/cpu', 0x0000000080007b90(.l_clz_614_Start): 72d14737 lui     a4,0x72d14
Info   a4 152acb92 -> 72d14000
Info 'riscvOVPsim/cpu', 0x0000000080007b94(.l_clz_614_Start+4): e5c70713 addi    a4,a4,-420
Info   a4 72d14000 -> 72d13e5c
Info 'riscvOVPsim/cpu', 0x0000000080007b98(.l_clz_614_Start+8): 60071293 clz     t0,a4
Info   t0 74715126 -> 00000001
Info 'riscvOVPsim/cpu', 0x0000000080007b9c(.l_clz_614_Start+c): 00100d13 addi    s10,zero,1
Info   s10 a3cff6d2 -> 00000001
Info 'riscvOVPsim/cpu', 0x0000000080007ba0(.l_clz_614_Start+10): 01a28a63 beq     t0,s10,80007bb4
Info 'riscvOVPsim/cpu', 0x0000000080007bb4(.l_ctz_615_Start): 62824137 lui     sp,0x62824
Info   sp 29e12c39 -> 62824000
Info 'riscvOVPsim/cpu', 0x0000000080007bb8(.l_ctz_615_Start+4): 85610113 addi    sp,sp,-1962
Info   sp 62824000 -> 62823856
Info 'riscvOVPsim/cpu', 0x0000000080007bbc(.l_ctz_615_Start+8): 60111213 ctz     tp,sp
Info   tp 428fbcdf -> 00000001
Info 'riscvOVPsim/cpu', 0x0000000080007bc0(.l_ctz_615_Start+c): 00100313 addi    t1,zero,1
Info   t1 3b6fed5d -> 00000001
Info 'riscvOVPsim/cpu', 0x0000000080007bc4(.l_ctz_615_Start+10): 00620a63 beq     tp,t1,80007bd8
Info 'riscvOVPsim/cpu', 0x0000000080007bd8(.l_pcnt_616_Start): 13035eb7 lui     t4,0x13035
Info   t4 34903296 -> 13035000
Info 'riscvOVPsim/cpu', 0x0000000080007bdc(.l_pcnt_616_Start+4): 117e8e93 addi    t4,t4,279
Info   t4 13035000 -> 13035117
Info 'riscvOVPsim/cpu', 0x0000000080007be0(.l_pcnt_616_Start+8): 602e9c13 pcnt    s8,t4
Info   s8 a24c7c2c -> 0000000c
Info 'riscvOVPsim/cpu', 0x0000000080007be4(.l_pcnt_616_Start+c): 00c00f13 addi    t5,zero,12
Info   t5 d0876632 -> 0000000c
Info 'riscvOVPsim/cpu', 0x0000000080007be8(.l_pcnt_616_Start+10): 01ec0a63 beq     s8,t5,80007bfc
Info 'riscvOVPsim/cpu', 0x0000000080007bfc(.l_crc32_b_617_Start): 716c4cb7 lui     s9,0x716c4
Info   s9 230daff1 -> 716c4000
Info 'riscvOVPsim/cpu', 0x0000000080007c00(.l_crc32_b_617_Start+4): e15c8c93 addi    s9,s9,-491
Info   s9 716c4000 -> 716c3e15
Info 'riscvOVPsim/cpu', 0x0000000080007c04(.l_crc32_b_617_Start+8): 610c9793 crc32.b a5,s9
Info   a5 016e1b84 -> 6dac88d5
Info 'riscvOVPsim/cpu', 0x0000000080007c08(.l_crc32_b_617_Start+c): 6dac9237 lui     tp,0x6dac9
Info   tp 00000001 -> 6dac9000
Info 'riscvOVPsim/cpu', 0x0000000080007c0c(.l_crc32_b_617_Start+10): 8d520213 addi    tp,tp,-1835
Info   tp 6dac9000 -> 6dac88d5
Info 'riscvOVPsim/cpu', 0x0000000080007c10(.l_crc32_b_617_Start+14): 00478a63 beq     a5,tp,80007c24
Info 'riscvOVPsim/cpu', 0x0000000080007c24(.l_crc32_h_618_Start): 15a7cc37 lui     s8,0x15a7c
Info   s8 0000000c -> 15a7c000
Info 'riscvOVPsim/cpu', 0x0000000080007c28(.l_crc32_h_618_Start+4): 5adc0c13 addi    s8,s8,1453
Info   s8 15a7c000 -> 15a7c5ad
Info 'riscvOVPsim/cpu', 0x0000000080007c2c(.l_crc32_h_618_Start+8): 611c1e93 crc32.h t4,s8
Info   t4 13035117 -> f0a7e13c
Info 'riscvOVPsim/cpu', 0x0000000080007c30(.l_crc32_h_618_Start+c): f0a7e437 lui     s0,0xf0a7e
Info   s0 34903296 -> f0a7e000
Info 'riscvOVPsim/cpu', 0x0000000080007c34(.l_crc32_h_618_Start+10): 13c40413 addi    s0,s0,316
Info   s0 f0a7e000 -> f0a7e13c
Info 'riscvOVPsim/cpu', 0x0000000080007c38(.l_crc32_h_618_Start+14): 008e8a63 beq     t4,s0,80007c4c
Info 'riscvOVPsim/cpu', 0x0000000080007c4c(.l_crc32_w_619_Start): 33f0ddb7 lui     s11,0x33f0d
Info   s11 743cbfd6 -> 33f0d000
Info 'riscvOVPsim/cpu', 0x0000000080007c50(.l_crc32_w_619_Start+4): be4d8d93 addi    s11,s11,-1052
Info   s11 33f0d000 -> 33f0cbe4
Info 'riscvOVPsim/cpu', 0x0000000080007c54(.l_crc32_w_619_Start+8): 612d9b93 crc32.w s7,s11
Info   s7 6125e267 -> 6f8b2f65
Info 'riscvOVPsim/cpu', 0x0000000080007c58(.l_crc32_w_619_Start+c): 6f8b3137 lui     sp,0x6f8b3
Info   sp 62823856 -> 6f8b3000
Info 'riscvOVPsim/cpu', 0x0000000080007c5c(.l_crc32_w_619_Start+10): f6510113 addi    sp,sp,-155
Info   sp 6f8b3000 -> 6f8b2f65
Info 'riscvOVPsim/cpu', 0x0000000080007c60(.l_crc32_w_619_Start+14): 002b8a63 beq     s7,sp,80007c74
Info 'riscvOVPsim/cpu', 0x0000000080007c74(.l_crc32c_b_620_Start): 20628bb7 lui     s7,0x20628
Info   s7 6f8b2f65 -> 20628000
Info 'riscvOVPsim/cpu', 0x0000000080007c78(.l_crc32c_b_620_Start+4): 16cb8b93 addi    s7,s7,364
Info   s7 20628000 -> 2062816c
Info 'riscvOVPsim/cpu', 0x0000000080007c7c(.l_crc32c_b_620_Start+8): 618b9793 crc32c.b a5,s7
Info   a5 6dac88d5 -> 2ca53e33
Info 'riscvOVPsim/cpu', 0x0000000080007c80(.l_crc32c_b_620_Start+c): 2ca54137 lui     sp,0x2ca54
Info   sp 6f8b2f65 -> 2ca54000
Info 'riscvOVPsim/cpu', 0x0000000080007c84(.l_crc32c_b_620_Start+10): e3310113 addi    sp,sp,-461
Info   sp 2ca54000 -> 2ca53e33
Info 'riscvOVPsim/cpu', 0x0000000080007c88(.l_crc32c_b_620_Start+14): 00278a63 beq     a5,sp,80007c9c
Info 'riscvOVPsim/cpu', 0x0000000080007c9c(.l_crc32c_h_621_Start): 3ff89637 lui     a2,0x3ff89
Info   a2 428fbcdf -> 3ff89000
Info 'riscvOVPsim/cpu', 0x0000000080007ca0(.l_crc32c_h_621_Start+4): 2fa60613 addi    a2,a2,762
Info   a2 3ff89000 -> 3ff892fa
Info 'riscvOVPsim/cpu', 0x0000000080007ca4(.l_crc32c_h_621_Start+8): 61961a93 crc32c.h s5,a2
Info   s5 64c7cbc0 -> 8d586e30
Info 'riscvOVPsim/cpu', 0x0000000080007ca8(.l_crc32c_h_621_Start+c): 8d587fb7 lui     t6,0x8d587
Info   t6 d0876632 -> 8d587000
Info 'riscvOVPsim/cpu', 0x0000000080007cac(.l_crc32c_h_621_Start+10): e30f8f93 addi    t6,t6,-464
Info   t6 8d587000 -> 8d586e30
Info 'riscvOVPsim/cpu', 0x0000000080007cb0(.l_crc32c_h_621_Start+14): 01fa8a63 beq     s5,t6,80007cc4
Info 'riscvOVPsim/cpu', 0x0000000080007cc4(.l_crc32c_w_622_Start): 05885337 lui     t1,0x5885
Info   t1 00000001 -> 05885000
Info 'riscvOVPsim/cpu', 0x0000000080007cc8(.l_crc32c_w_622_Start+4): 03f30313 addi    t1,t1,63
Info   t1 05885000 -> 0588503f
Info 'riscvOVPsim/cpu', 0x0000000080007ccc(.l_crc32c_w_622_Start+8): 61a31d13 crc32c.w s10,t1
Info   s10 00000001 -> 35e4ae94
Info 'riscvOVPsim/cpu', 0x0000000080007cd0(.l_crc32c_w_622_Start+c): 35e4b837 lui     a6,0x35e4b
Info   a6 7230daff -> 35e4b000
Info 'riscvOVPsim/cpu', 0x0000000080007cd4(.l_crc32c_w_622_Start+10): e9480813 addi    a6,a6,-364
Info   a6 35e4b000 -> 35e4ae94
Info 'riscvOVPsim/cpu', 0x0000000080007cd8(.l_crc32c_w_622_Start+14): 010d0a63 beq     s10,a6,80007cec
Info 'riscvOVPsim/cpu', 0x0000000080007cec(.l_clmul_623_Start): 707764b7 lui     s1,0x70776
Info   s1 016e1b84 -> 70776000
Info 'riscvOVPsim/cpu', 0x0000000080007cf0(.l_clmul_623_Start+4): 48648493 addi    s1,s1,1158
Info   s1 70776000 -> 70776486
Info 'riscvOVPsim/cpu', 0x0000000080007cf4(.l_clmul_623_Start+8): 5f479ab7 lui     s5,0x5f479
Info   s5 8d586e30 -> 5f479000
Info 'riscvOVPsim/cpu', 0x0000000080007cf8(.l_clmul_623_Start+c): 711a8a93 addi    s5,s5,1809
Info   s5 5f479000 -> 5f479711
Info 'riscvOVPsim/cpu', 0x0000000080007cfc(.l_clmul_623_Start+10): b549433 clmul   s0,s1,s5
Info   s0 f0a7e13c -> ab27dee6
Info 'riscvOVPsim/cpu', 0x0000000080007d00(.l_clmul_623_Start+14): ab27e337 lui     t1,0xab27e
Info   t1 0588503f -> ab27e000
Info 'riscvOVPsim/cpu', 0x0000000080007d04(.l_clmul_623_Start+18): ee630313 addi    t1,t1,-282
Info   t1 ab27e000 -> ab27dee6
Info 'riscvOVPsim/cpu', 0x0000000080007d08(.l_clmul_623_Start+1c): 00640a63 beq     s0,t1,80007d1c
Info 'riscvOVPsim/cpu', 0x0000000080007d1c(.l_clmulr_624_Start): 5ede9ab7 lui     s5,0x5ede9
Info   s5 5f479711 -> 5ede9000
Info 'riscvOVPsim/cpu', 0x0000000080007d20(.l_clmulr_624_Start+4): f8aa8a93 addi    s5,s5,-118
Info   s5 5ede9000 -> 5ede8f8a
Info 'riscvOVPsim/cpu', 0x0000000080007d24(.l_clmulr_624_Start+8): 7554c537 lui     a0,0x7554c
Info   a0 6aa2faf1 -> 7554c000
Info 'riscvOVPsim/cpu', 0x0000000080007d28(.l_clmulr_624_Start+c): d6750513 addi    a0,a0,-665
Info   a0 7554c000 -> 7554bd67
Info 'riscvOVPsim/cpu', 0x0000000080007d2c(.l_clmulr_624_Start+10): b549433 clmul   s0,s1,s5
Info   s7 2062816c -> 316e7bf8
Info 'riscvOVPsim/cpu', 0x0000000080007d30(.l_clmulr_624_Start+14): 316e8db7 lui     s11,0x316e8
Info   s11 33f0cbe4 -> 316e8000
Info 'riscvOVPsim/cpu', 0x0000000080007d34(.l_clmulr_624_Start+18): bf8d8d93 addi    s11,s11,-1032
Info   s11 316e8000 -> 316e7bf8
Info 'riscvOVPsim/cpu', 0x0000000080007d38(.l_clmulr_624_Start+1c): 01bb8a63 beq     s7,s11,80007d4c
Info 'riscvOVPsim/cpu', 0x0000000080007d4c(.l_clmulh_625_Start): 00000013 nop
Info 'riscvOVPsim/cpu', 0x0000000080007d50(.l_clmulh_625_Start+4): 04c7ca37 lui     s4,0x4c7c
Info   s4 230daff1 -> 04c7c000
Info 'riscvOVPsim/cpu', 0x0000000080007d54(.l_clmulh_625_Start+8): 5fba0a13 addi    s4,s4,1531
Info   s4 04c7c000 -> 04c7c5fb
Info 'riscvOVPsim/cpu', 0x0000000080007d58(.l_clmulh_625_Start+c): b403bb3 clmulh  s7,zero,s4
Info   s7 316e7bf8 -> 00000000
Info 'riscvOVPsim/cpu', 0x0000000080007d5c(.l_clmulh_625_Start+10): 00000613 mv      a2,zero
Info   a2 3ff892fa -> 00000000
Info 'riscvOVPsim/cpu', 0x0000000080007d60(.l_clmulh_625_Start+14): 00cb8a63 beq     s7,a2,80007d74
Info 'riscvOVPsim/cpu', 0x0000000080007d74(.l_min_626_Start): 55bde9b7 lui     s3,0x55bde
Info   s3 66752ee5 -> 55bde000
Info 'riscvOVPsim/cpu', 0x0000000080007d78(.l_min_626_Start+4): 2e898993 addi    s3,s3,744
Info   s3 55bde000 -> 55bde2e8
Info 'riscvOVPsim/cpu', 0x0000000080007d7c(.l_min_626_Start+8): 23b1b5b7 lui     a1,0x23b1b
Info   a1 1110d677 -> 23b1b000
Info 'riscvOVPsim/cpu', 0x0000000080007d80(.l_min_626_Start+c): 89758593 addi    a1,a1,-1897
Info   a1 23b1b000 -> 23b1a897
Info 'riscvOVPsim/cpu', 0x0000000080007d84(.l_min_626_Start+10): ab9c033 min     zero,s3,a1
Info 'riscvOVPsim/cpu', 0x0000000080007d88(.l_min_626_Start+14): 00000093 mv      ra,zero
Info   ra 5fc8351b -> 00000000
Info 'riscvOVPsim/cpu', 0x0000000080007d8c(.l_min_626_Start+18): 00100a63 beq     zero,ra,80007da0
Info 'riscvOVPsim/cpu', 0x0000000080007da0(.l_max_627_Start): 653f2a37 lui     s4,0x653f2
Info   s4 04c7c5fb -> 653f2000
Info 'riscvOVPsim/cpu', 0x0000000080007da4(.l_max_627_Start+4): 16fa0a13 addi    s4,s4,367
Info   s4 653f2000 -> 653f216f
Info 'riscvOVPsim/cpu', 0x0000000080007da8(.l_max_627_Start+8): 1437b137 lui     sp,0x1437b
Info   sp 2ca53e33 -> 1437b000
Info 'riscvOVPsim/cpu', 0x0000000080007dac(.l_max_627_Start+c): f8810113 addi    sp,sp,-120
Info   sp 1437b000 -> 1437af88
Info 'riscvOVPsim/cpu', 0x0000000080007db0(.l_max_627_Start+10): a2a5633 max     a2,s4,sp
Info   a2 00000000 -> 653f216f
Info 'riscvOVPsim/cpu', 0x0000000080007db4(.l_max_627_Start+14): 653f23b7 lui     t2,0x653f2
Info   t2 00000001 -> 653f2000
Info 'riscvOVPsim/cpu', 0x0000000080007db8(.l_max_627_Start+18): 16f38393 addi    t2,t2,367
Info   t2 653f2000 -> 653f216f
Info 'riscvOVPsim/cpu', 0x0000000080007dbc(.l_max_627_Start+1c): 00760a63 beq     a2,t2,80007dd0
Info 'riscvOVPsim/cpu', 0x0000000080007dd0(.l_minu_628_Start): 52d20737 lui     a4,0x52d20
Info   a4 72d13e5c -> 52d20000
Info 'riscvOVPsim/cpu', 0x0000000080007dd4(.l_minu_628_Start+4): a4370713 addi    a4,a4,-1469
Info   a4 52d20000 -> 52d1fa43
Info 'riscvOVPsim/cpu', 0x0000000080007dd8(.l_minu_628_Start+8): 0a42e837 lui     a6,0xa42e
Info   a6 35e4ae94 -> 0a42e000
Info 'riscvOVPsim/cpu', 0x0000000080007ddc(.l_minu_628_Start+c): db180813 addi    a6,a6,-591
Info   a6 0a42e000 -> 0a42ddb1
Info 'riscvOVPsim/cpu', 0x0000000080007de0(.l_minu_628_Start+10): b076eb3 minu    t4,a4,a6
Info   t4 f0a7e13c -> 0a42ddb1
Info 'riscvOVPsim/cpu', 0x0000000080007de4(.l_minu_628_Start+14): 0a42e437 lui     s0,0xa42e
Info   s0 ab27dee6 -> 0a42e000
Info 'riscvOVPsim/cpu', 0x0000000080007de8(.l_minu_628_Start+18): db140413 addi    s0,s0,-591
Info   s0 0a42e000 -> 0a42ddb1
Info 'riscvOVPsim/cpu', 0x0000000080007dec(.l_minu_628_Start+1c): 008e8a63 beq     t4,s0,80007e00
Info 'riscvOVPsim/cpu', 0x0000000080007e00(.l_maxu_629_Start): 46b4aa37 lui     s4,0x46b4a
Info   s4 653f216f -> 46b4a000
Info 'riscvOVPsim/cpu', 0x0000000080007e04(.l_maxu_629_Start+4): c9ea0a13 addi    s4,s4,-866
Info   s4 46b4a000 -> 46b49c9e
Info 'riscvOVPsim/cpu', 0x0000000080007e08(.l_maxu_629_Start+8): 05167437 lui     s0,0x5167
Info   s0 0a42ddb1 -> 05167000
Info 'riscvOVPsim/cpu', 0x0000000080007e0c(.l_maxu_629_Start+c): 22840413 addi    s0,s0,552
Info   s0 05167000 -> 05167228
Info 'riscvOVPsim/cpu', 0x0000000080007e10(.l_maxu_629_Start+10): a8a7633 maxu    a2,s4,s0
Info   a2 653f216f -> 46b49c9e
Info 'riscvOVPsim/cpu', 0x0000000080007e14(.l_maxu_629_Start+14): 46b4a1b7 lui     gp,0x46b4a
Info   gp 34903296 -> 46b4a000
Info 'riscvOVPsim/cpu', 0x0000000080007e18(.l_maxu_629_Start+18): c9e18193 addi    gp,gp,-866
Info   gp 46b4a000 -> 46b49c9e
Info 'riscvOVPsim/cpu', 0x0000000080007e1c(.l_maxu_629_Start+1c): 00360a63 beq     a2,gp,80007e30
Info 'riscvOVPsim/cpu', 0x0000000080007e30(.l_shfl_630_Start): 4705e2b7 lui     t0,0x4705e
Info   t0 00000001 -> 4705e000
Info 'riscvOVPsim/cpu', 0x0000000080007e34(.l_shfl_630_Start+4): d1928293 addi    t0,t0,-743
Info   t0 4705e000 -> 4705dd19
Info 'riscvOVPsim/cpu', 0x0000000080007e38(.l_shfl_630_Start+8): 664f2fb7 lui     t6,0x664f2
Info   t6 8d586e30 -> 664f2000
Info 'riscvOVPsim/cpu', 0x0000000080007e3c(.l_shfl_630_Start+c): 24ef8f93 addi    t6,t6,590
Info   t6 664f2000 -> 664f224e
Info 'riscvOVPsim/cpu', 0x0000000080007e40(.l_shfl_630_Start+10): 9f29633 shfl    a2,t0,t6
Info   a2 46b49c9e -> 717d0165
Info 'riscvOVPsim/cpu', 0x0000000080007e44(.l_shfl_630_Start+14): 717d0937 lui     s2,0x717d0
Info   s2 a24c7c2c -> 717d0000
Info 'riscvOVPsim/cpu', 0x0000000080007e48(.l_shfl_630_Start+18): 16590913 addi    s2,s2,357
Info   s2 717d0000 -> 717d0165
Info 'riscvOVPsim/cpu', 0x0000000080007e4c(.l_shfl_630_Start+1c): 01260a63 beq     a2,s2,80007e60
Info 'riscvOVPsim/cpu', 0x0000000080007e60(.l_unshfl_631_Start): 5d427cb7 lui     s9,0x5d427
Info   s9 716c3e15 -> 5d427000
Info 'riscvOVPsim/cpu', 0x0000000080007e64(.l_unshfl_631_Start+4): 831c8c93 addi    s9,s9,-1999
Info   s9 5d427000 -> 5d426831
Info 'riscvOVPsim/cpu', 0x0000000080007e68(.l_unshfl_631_Start+8): 5e2da137 lui     sp,0x5e2da
Info   sp 1437af88 -> 5e2da000
Info 'riscvOVPsim/cpu', 0x0000000080007e6c(.l_unshfl_631_Start+c): eca10113 addi    sp,sp,-310
Info   sp 5e2da000 -> 5e2d9eca
Info 'riscvOVPsim/cpu', 0x0000000080007e70(.l_unshfl_631_Start+10): 82cd3b3 unshfl  t2,s9,sp
Info   t2 653f216f -> 7568420d
Info 'riscvOVPsim/cpu', 0x0000000080007e74(.l_unshfl_631_Start+14): 75684837 lui     a6,0x75684
Info   a6 0a42ddb1 -> 75684000
Info 'riscvOVPsim/cpu', 0x0000000080007e78(.l_unshfl_631_Start+18): 20d80813 addi    a6,a6,525
Info   a6 75684000 -> 7568420d
Info 'riscvOVPsim/cpu', 0x0000000080007e7c(.l_unshfl_631_Start+1c): 01038a63 beq     t2,a6,80007e90
Info 'riscvOVPsim/cpu', 0x0000000080007e90(.l_bdep_632_Start): 5dd8ceb7 lui     t4,0x5dd8c
Info   t4 0a42ddb1 -> 5dd8c000
Info 'riscvOVPsim/cpu', 0x0000000080007e94(.l_bdep_632_Start+4): 2eee8e93 addi    t4,t4,750
Info   t4 5dd8c000 -> 5dd8c2ee
Info 'riscvOVPsim/cpu', 0x0000000080007e98(.l_bdep_632_Start+8): 0dedefb7 lui     t6,0xdede
Info   t6 664f224e -> 0dede000
Info 'riscvOVPsim/cpu', 0x0000000080007e9c(.l_bdep_632_Start+c): 714f8f93 addi    t6,t6,1812
Info   t6 0dede000 -> 0dede714
Info 'riscvOVPsim/cpu', 0x0000000080007ea0(.l_bdep_632_Start+10): 9fea4b3 bdep    s1,t4,t6
Info   s1 70776486 -> 0504e310
Info 'riscvOVPsim/cpu', 0x0000000080007ea4(.l_bdep_632_Start+14): 0504ebb7 lui     s7,0x504e
Info   s7 00000000 -> 0504e000
Info 'riscvOVPsim/cpu', 0x0000000080007ea8(.l_bdep_632_Start+18): 310b8b93 addi    s7,s7,784
Info   s7 0504e000 -> 0504e310
Info 'riscvOVPsim/cpu', 0x0000000080007eac(.l_bdep_632_Start+1c): 01748a63 beq     s1,s7,80007ec0
Info 'riscvOVPsim/cpu', 0x0000000080007ec0(.l_bext_633_Start): 1b723e37 lui     t3,0x1b723
Info   t3 7d419168 -> 1b723000
Info 'riscvOVPsim/cpu', 0x0000000080007ec4(.l_bext_633_Start+4): edfe0e13 addi    t3,t3,-289
Info   t3 1b723000 -> 1b722edf
Info 'riscvOVPsim/cpu', 0x0000000080007ec8(.l_bext_633_Start+8): 36e052b7 lui     t0,0x36e05
Info   t0 4705dd19 -> 36e05000
Info 'riscvOVPsim/cpu', 0x0000000080007ecc(.l_bext_633_Start+c): f5628293 addi    t0,t0,-170
Info   t0 36e05000 -> 36e04f56
Info 'riscvOVPsim/cpu', 0x0000000080007ed0(.l_bext_633_Start+10): 85e6133 bext    sp,t3,t0
Info   sp 5e2d9eca -> 000056ef
Info 'riscvOVPsim/cpu', 0x0000000080007ed4(.l_bext_633_Start+14): 000059b7 lui     s3,0x5
Info   s3 55bde2e8 -> 00005000
Info 'riscvOVPsim/cpu', 0x0000000080007ed8(.l_bext_633_Start+18): 6ef98993 addi    s3,s3,1775
Info   s3 00005000 -> 000056ef
Info 'riscvOVPsim/cpu', 0x0000000080007edc(.l_bext_633_Start+1c): 01310a63 beq     sp,s3,80007ef0
Info 'riscvOVPsim/cpu', 0x0000000080007ef0(.l_pack_634_Start): 14406a37 lui     s4,0x14406
Info   s4 46b49c9e -> 14406000
Info 'riscvOVPsim/cpu', 0x0000000080007ef4(.l_pack_634_Start+4): cd2a0a13 addi    s4,s4,-814
Info   s4 14406000 -> 14405cd2
Info 'riscvOVPsim/cpu', 0x0000000080007ef8(.l_pack_634_Start+8): 44d04f37 lui     t5,0x44d04
Info   t5 0000000c -> 44d04000
Info 'riscvOVPsim/cpu', 0x0000000080007efc(.l_pack_634_Start+c): 366f0f13 addi    t5,t5,870
Info   t5 44d04000 -> 44d04366
Info 'riscvOVPsim/cpu', 0x0000000080007f00(.l_pack_634_Start+10): 09ea4ab3 undef
Info   s5 5ede8f8a -> 43665cd2
Info 'riscvOVPsim/cpu', 0x0000000080007f04(.l_pack_634_Start+14): 436666b7 lui     a3,0x43666
Info   a3 697a2fc8 -> 43666000
Info 'riscvOVPsim/cpu', 0x0000000080007f08(.l_pack_634_Start+18): cd268693 addi    a3,a3,-814
Info   a3 43666000 -> 43665cd2
Info 'riscvOVPsim/cpu', 0x0000000080007f0c(.l_pack_634_Start+1c): 00da8a63 beq     s5,a3,80007f20
Info 'riscvOVPsim/cpu', 0x0000000080007f20(.l_bfp_635_Start): 174f9c37 lui     s8,0x174f9
Info   s8 15a7c5ad -> 174f9000
Info 'riscvOVPsim/cpu', 0x0000000080007f24(.l_bfp_635_Start+4): 3f1c0c13 addi    s8,s8,1009
Info   s8 174f9000 -> 174f93f1
Info 'riscvOVPsim/cpu', 0x0000000080007f28(.l_bfp_635_Start+8): 233ec337 lui     t1,0x233ec
Info   t1 ab27dee6 -> 233ec000
Info 'riscvOVPsim/cpu', 0x0000000080007f2c(.l_bfp_635_Start+c): a5430313 addi    t1,t1,-1452
Info   t1 233ec000 -> 233eba54
Info 'riscvOVPsim/cpu', 0x0000000080007f30(.l_bfp_635_Start+10): 86c7133 bfp     sp,s8,t1
Info   sp 000056ef -> 174f93f1
Info 'riscvOVPsim/cpu', 0x0000000080007f34(.l_bfp_635_Start+14): 174f9237 lui     tp,0x174f9
Info   tp 6dac88d5 -> 174f9000
Info 'riscvOVPsim/cpu', 0x0000000080007f38(.l_bfp_635_Start+18): 3f120213 addi    tp,tp,1009
Info   tp 174f9000 -> 174f93f1
Info 'riscvOVPsim/cpu', 0x0000000080007f3c(.l_bfp_635_Start+1c): 00410a63 beq     sp,tp,80007f50
Info 'riscvOVPsim/cpu', 0x0000000080007f50(.l_shfli_636_Start): 1ecbe5b7 lui     a1,0x1ecbe
Info   a1 23b1a897 -> 1ecbe000
Info 'riscvOVPsim/cpu', 0x0000000080007f54(.l_shfli_636_Start+4): edc58593 addi    a1,a1,-292
Info   a1 1ecbe000 -> 1ecbdedc
Info 'riscvOVPsim/cpu', 0x0000000080007f58(.l_shfli_636_Start+8): b659b13 shfli   s6,a1,54
Info   s6 3e1665bd -> 34ebf5f8
Info 'riscvOVPsim/cpu', 0x0000000080007f5c(.l_shfli_636_Start+c): 34ebff37 lui     t5,0x34ebf
Info   t5 44d04366 -> 34ebf000
Info 'riscvOVPsim/cpu', 0x0000000080007f60(.l_shfli_636_Start+10): 5f8f0f13 addi    t5,t5,1528
Info   t5 34ebf000 -> 34ebf5f8
Info 'riscvOVPsim/cpu', 0x0000000080007f64(.l_shfli_636_Start+14): 01eb0a63 beq     s6,t5,80007f78
Info 'riscvOVPsim/cpu', 0x0000000080007f78(.l_unshfli_637_Start): 4c112937 lui     s2,0x4c112
Info   s2 717d0165 -> 4c112000
Info 'riscvOVPsim/cpu', 0x0000000080007f7c(.l_unshfli_637_Start+4): 5be90913 addi    s2,s2,1470
Info   s2 4c112000 -> 4c1125be
Info 'riscvOVPsim/cpu', 0x0000000080007f80(.l_unshfli_637_Start+8): b995093 unshfli ra,s2,57
Info   ra 00000000 -> 2a4311de
Info 'riscvOVPsim/cpu', 0x0000000080007f84(.l_unshfli_637_Start+c): 2a431b37 lui     s6,0x2a431
Info   s6 34ebf5f8 -> 2a431000
Info 'riscvOVPsim/cpu', 0x0000000080007f88(.l_unshfli_637_Start+10): 1deb0b13 addi    s6,s6,478
Info   s6 2a431000 -> 2a4311de
Info 'riscvOVPsim/cpu', 0x0000000080007f8c(.l_unshfli_637_Start+14): 01608a63 beq     ra,s6,80007fa0
Info 'riscvOVPsim/cpu', 0x0000000080007fa0(.l_andn_638_Start): 28eeb737 lui     a4,0x28eeb
Info   a4 52d1fa43 -> 28eeb000
Info 'riscvOVPsim/cpu', 0x0000000080007fa4(.l_andn_638_Start+4): e0a70713 addi    a4,a4,-502
Info   a4 28eeb000 -> 28eeae0a
Info 'riscvOVPsim/cpu', 0x0000000080007fa8(.l_andn_638_Start+8): 069c8937 lui     s2,0x69c8
Info   s2 4c1125be -> 069c8000
Info 'riscvOVPsim/cpu', 0x0000000080007fac(.l_andn_638_Start+c): e7790913 addi    s2,s2,-393
Info   s2 069c8000 -> 069c7e77
Info 'riscvOVPsim/cpu', 0x0000000080007fb0(.l_andn_638_Start+10): 41277f33 andn    t5,a4,s2
Info   t5 34ebf5f8 -> 28628008
Info 'riscvOVPsim/cpu', 0x0000000080007fb4(.l_andn_638_Start+14): 286288b7 lui     a7,0x28628
Info   a7 14030538 -> 28628000
Info 'riscvOVPsim/cpu', 0x0000000080007fb8(.l_andn_638_Start+18): 00888893 addi    a7,a7,8
Info   a7 28628000 -> 28628008
Info 'riscvOVPsim/cpu', 0x0000000080007fbc(.l_andn_638_Start+1c): 011f0a63 beq     t5,a7,80007fd0
Info 'riscvOVPsim/cpu', 0x0000000080007fd0(.l_orn_639_Start): 11eca4b7 lui     s1,0x11eca
Info   s1 0504e310 -> 11eca000
Info 'riscvOVPsim/cpu', 0x0000000080007fd4(.l_orn_639_Start+4): d1d48493 addi    s1,s1,-739
Info   s1 11eca000 -> 11ec9d1d
Info 'riscvOVPsim/cpu', 0x0000000080007fd8(.l_orn_639_Start+8): 7d36a6b7 lui     a3,0x7d36a
Info   a3 43665cd2 -> 7d36a000
Info 'riscvOVPsim/cpu', 0x0000000080007fdc(.l_orn_639_Start+c): f0c68693 addi    a3,a3,-244
Info   a3 7d36a000 -> 7d369f0c
Info 'riscvOVPsim/cpu', 0x0000000080007fe0(.l_orn_639_Start+10): 40d4e433 orn     s0,s1,a3
Info   s0 05167228 -> 93edfdff
Info 'riscvOVPsim/cpu', 0x0000000080007fe4(.l_orn_639_Start+14): 93ee0737 lui     a4,0x93ee0
Info   a4 28eeae0a -> 93ee0000
Info 'riscvOVPsim/cpu', 0x0000000080007fe8(.l_orn_639_Start+18): dff70713 addi    a4,a4,-513
Info   a4 93ee0000 -> 93edfdff
Info 'riscvOVPsim/cpu', 0x0000000080007fec(.l_orn_639_Start+1c): 00e40a63 beq     s0,a4,80008000
Info 'riscvOVPsim/cpu', 0x0000000080008000(.l_xnor_640_Start): 7676b837 lui     a6,0x7676b
Info   a6 7568420d -> 7676b000
Info 'riscvOVPsim/cpu', 0x0000000080008004(.l_xnor_640_Start+4): 0c880813 addi    a6,a6,200
Info   a6 7676b000 -> 7676b0c8
Info 'riscvOVPsim/cpu', 0x0000000080008008(.l_xnor_640_Start+8): 7ef68937 lui     s2,0x7ef68
Info   s2 069c7e77 -> 7ef68000
Info 'riscvOVPsim/cpu', 0x000000008000800c(.l_xnor_640_Start+c): a7890913 addi    s2,s2,-1416
Info   s2 7ef68000 -> 7ef67a78
Info 'riscvOVPsim/cpu', 0x0000000080008010(.l_xnor_640_Start+10): 41284a33 xnor    s4,a6,s2
Info   s4 14405cd2 -> f77f354f
Info 'riscvOVPsim/cpu', 0x0000000080008014(.l_xnor_640_Start+14): f77f35b7 lui     a1,0xf77f3
Info   a1 1ecbdedc -> f77f3000
Info 'riscvOVPsim/cpu', 0x0000000080008018(.l_xnor_640_Start+18): 54f58593 addi    a1,a1,1359
Info   a1 f77f3000 -> f77f354f
Info 'riscvOVPsim/cpu', 0x000000008000801c(.l_xnor_640_Start+1c): 00ba0a63 beq     s4,a1,80008030
Info 'riscvOVPsim/cpu', 0x0000000080008030(.l_slo_641_Start): 4f4fccb7 lui     s9,0x4f4fc
Info   s9 5d426831 -> 4f4fc000
Info 'riscvOVPsim/cpu', 0x0000000080008034(.l_slo_641_Start+4): b64c8c93 addi    s9,s9,-1180
Info   s9 4f4fc000 -> 4f4fbb64
Info 'riscvOVPsim/cpu', 0x0000000080008038(.l_slo_641_Start+8): 4de3b6b7 lui     a3,0x4de3b
Info   a3 7d369f0c -> 4de3b000
Info 'riscvOVPsim/cpu', 0x000000008000803c(.l_slo_641_Start+c): b0368693 addi    a3,a3,-1277
Info   a3 4de3b000 -> 4de3ab03
Info 'riscvOVPsim/cpu', 0x0000000080008040(.l_slo_641_Start+10): 20dc92b3 slo     t0,s9,a3
Info   t0 36e04f56 -> 7a7ddb27
Info 'riscvOVPsim/cpu', 0x0000000080008044(.l_slo_641_Start+14): 7a7dedb7 lui     s11,0x7a7de
Info   s11 316e7bf8 -> 7a7de000
Info 'riscvOVPsim/cpu', 0x0000000080008048(.l_slo_641_Start+18): b27d8d93 addi    s11,s11,-1241
Info   s11 7a7de000 -> 7a7ddb27
Info 'riscvOVPsim/cpu', 0x000000008000804c(.l_slo_641_Start+1c): 01b28a63 beq     t0,s11,80008060
Info 'riscvOVPsim/cpu', 0x0000000080008060(.l_sro_642_Start): 00000013 nop
Info 'riscvOVPsim/cpu', 0x0000000080008064(.l_sro_642_Start+4): 79ceb237 lui     tp,0x79ceb
Info   tp 174f93f1 -> 79ceb000
Info 'riscvOVPsim/cpu', 0x0000000080008068(.l_sro_642_Start+8): f7a20213 addi    tp,tp,-134
Info   tp 79ceb000 -> 79ceaf7a
Info 'riscvOVPsim/cpu', 0x000000008000806c(.l_sro_642_Start+c): 204051b3 sro     gp,zero,tp
Info   gp 46b49c9e -> ffffffc0
Info 'riscvOVPsim/cpu', 0x0000000080008070(.l_sro_642_Start+10): fc000e13 addi    t3,zero,-64
Info   t3 1b722edf -> ffffffc0
Info 'riscvOVPsim/cpu', 0x0000000080008074(.l_sro_642_Start+14): 01c18a63 beq     gp,t3,80008088
Info 'riscvOVPsim/cpu', 0x0000000080008088(.l_rol_643_Start): 308379b7 lui     s3,0x30837
Info   s3 000056ef -> 30837000
Info 'riscvOVPsim/cpu', 0x000000008000808c(.l_rol_643_Start+4): f2698993 addi    s3,s3,-218
Info   s3 30837000 -> 30836f26
Info 'riscvOVPsim/cpu', 0x0000000080008090(.l_rol_643_Start+8): 4929dc37 lui     s8,0x4929d
Info   s8 174f93f1 -> 4929d000
Info 'riscvOVPsim/cpu', 0x0000000080008094(.l_rol_643_Start+c): 2f8c0c13 addi    s8,s8,760
Info   s8 4929d000 -> 4929d2f8
Info 'riscvOVPsim/cpu', 0x0000000080008098(.l_rol_643_Start+10): 61899233 rol     tp,s3,s8
Info   tp 79ceaf7a -> 2630836f
Info 'riscvOVPsim/cpu', 0x000000008000809c(.l_rol_643_Start+14): 26308e37 lui     t3,0x26308
Info   t3 ffffffc0 -> 26308000
Info 'riscvOVPsim/cpu', 0x00000000800080a0(.l_rol_643_Start+18): 36fe0e13 addi    t3,t3,879
Info   t3 26308000 -> 2630836f
Info 'riscvOVPsim/cpu', 0x00000000800080a4(.l_rol_643_Start+1c): 01c20a63 beq     tp,t3,800080b8
Info 'riscvOVPsim/cpu', 0x00000000800080b8(.l_ror_644_Start): 749cceb7 lui     t4,0x749cc
Info   t4 5dd8c2ee -> 749cc000
Info 'riscvOVPsim/cpu', 0x00000000800080bc(.l_ror_644_Start+4): b6be8e93 addi    t4,t4,-1173
Info   t4 749cc000 -> 749cbb6b
Info 'riscvOVPsim/cpu', 0x00000000800080c0(.l_ror_644_Start+8): 00000013 nop
Info 'riscvOVPsim/cpu', 0x00000000800080c4(.l_ror_644_Start+c): 600ede33 ror     t3,t4,zero
Info   t3 2630836f -> 749cbb6b
Info 'riscvOVPsim/cpu', 0x00000000800080c8(.l_ror_644_Start+10): 749ccab7 lui     s5,0x749cc
Info   s5 43665cd2 -> 749cc000
Info 'riscvOVPsim/cpu', 0x00000000800080cc(.l_ror_644_Start+14): b6ba8a93 addi    s5,s5,-1173
Info   s5 749cc000 -> 749cbb6b
Info 'riscvOVPsim/cpu', 0x00000000800080d0(.l_ror_644_Start+18): 015e0a63 beq     t3,s5,800080e4
Info 'riscvOVPsim/cpu', 0x00000000800080e4(.l_sbclr_645_Start): 33da41b7 lui     gp,0x33da4
Info   gp ffffffc0 -> 33da4000
Info 'riscvOVPsim/cpu', 0x00000000800080e8(.l_sbclr_645_Start+4): ce918193 addi    gp,gp,-791
Info   gp 33da4000 -> 33da3ce9
Info 'riscvOVPsim/cpu', 0x00000000800080ec(.l_sbclr_645_Start+8): 092b8bb7 lui     s7,0x92b8
Info   s7 0504e310 -> 092b8000
Info 'riscvOVPsim/cpu', 0x00000000800080f0(.l_sbclr_645_Start+c): d28b8b93 addi    s7,s7,-728
Info   s7 092b8000 -> 092b7d28
Info 'riscvOVPsim/cpu', 0x00000000800080f4(.l_sbclr_645_Start+10): 49719f33 sbclr   t5,gp,s7
Info   t5 28628008 -> 33da3ce9
Info 'riscvOVPsim/cpu', 0x00000000800080f8(.l_sbclr_645_Start+14): 33da4937 lui     s2,0x33da4
Info   s2 7ef67a78 -> 33da4000
Info 'riscvOVPsim/cpu', 0x00000000800080fc(.l_sbclr_645_Start+18): ce990913 addi    s2,s2,-791
Info   s2 33da4000 -> 33da3ce9
Info 'riscvOVPsim/cpu', 0x0000000080008100(.l_sbclr_645_Start+1c): 012f0a63 beq     t5,s2,80008114
Info 'riscvOVPsim/cpu', 0x0000000080008114(.l_sbset_646_Start): 5505f137 lui     sp,0x5505f
Info   sp 174f93f1 -> 5505f000
Info 'riscvOVPsim/cpu', 0x0000000080008118(.l_sbset_646_Start+4): c2f10113 addi    sp,sp,-977
Info   sp 5505f000 -> 5505ec2f
Info 'riscvOVPsim/cpu', 0x000000008000811c(.l_sbset_646_Start+8): 6c5e76b7 lui     a3,0x6c5e7
Info   a3 4de3ab03 -> 6c5e7000
Info 'riscvOVPsim/cpu', 0x0000000080008120(.l_sbset_646_Start+c): 0e868693 addi    a3,a3,232
Info   a3 6c5e7000 -> 6c5e70e8
Info 'riscvOVPsim/cpu', 0x0000000080008124(.l_sbset_646_Start+10): 28d11db3 sbset   s11,sp,a3
Info   s11 7a7ddb27 -> 5505ed2f
Info 'riscvOVPsim/cpu', 0x0000000080008128(.l_sbset_646_Start+14): 5505feb7 lui     t4,0x5505f
Info   t4 749cbb6b -> 5505f000
Info 'riscvOVPsim/cpu', 0x000000008000812c(.l_sbset_646_Start+18): d2fe8e93 addi    t4,t4,-721
Info   t4 5505f000 -> 5505ed2f
Info 'riscvOVPsim/cpu', 0x0000000080008130(.l_sbset_646_Start+1c): 01dd8a63 beq     s11,t4,80008144
Info 'riscvOVPsim/cpu', 0x0000000080008144(.l_sbinv_647_Start): 7aa95937 lui     s2,0x7aa95
Info   s2 33da3ce9 -> 7aa95000
Info 'riscvOVPsim/cpu', 0x0000000080008148(.l_sbinv_647_Start+4): 73790913 addi    s2,s2,1847
Info   s2 7aa95000 -> 7aa95737
Info 'riscvOVPsim/cpu', 0x000000008000814c(.l_sbinv_647_Start+8): 2eea0637 lui     a2,0x2eea0
Info   a2 717d0165 -> 2eea0000
Info 'riscvOVPsim/cpu', 0x0000000080008150(.l_sbinv_647_Start+c): be160613 addi    a2,a2,-1055
Info   a2 2eea0000 -> 2ee9fbe1
Info 'riscvOVPsim/cpu', 0x0000000080008154(.l_sbinv_647_Start+10): 68c91cb3 sbinv   s9,s2,a2
Info   s9 4f4fbb64 -> 7aa95735
Info 'riscvOVPsim/cpu', 0x0000000080008158(.l_sbinv_647_Start+14): 7aa95837 lui     a6,0x7aa95
Info   a6 7676b0c8 -> 7aa95000
Info 'riscvOVPsim/cpu', 0x000000008000815c(.l_sbinv_647_Start+18): 73580813 addi    a6,a6,1845
Info   a6 7aa95000 -> 7aa95735
Info 'riscvOVPsim/cpu', 0x0000000080008160(.l_sbinv_647_Start+1c): 010c8a63 beq     s9,a6,80008174
Info 'riscvOVPsim/cpu', 0x0000000080008174(.l_sbext_648_Start): 0f62cdb7 lui     s11,0xf62c
Info   s11 5505ed2f -> 0f62c000
Info 'riscvOVPsim/cpu', 0x0000000080008178(.l_sbext_648_Start+4): daed8d93 addi    s11,s11,-594
Info   s11 0f62c000 -> 0f62bdae
Info 'riscvOVPsim/cpu', 0x000000008000817c(.l_sbext_648_Start+8): 35f1dab7 lui     s5,0x35f1d
Info   s5 749cbb6b -> 35f1d000
Info 'riscvOVPsim/cpu', 0x0000000080008180(.l_sbext_648_Start+c): d5ba8a93 addi    s5,s5,-677
Info   s5 35f1d000 -> 35f1cd5b
Info 'riscvOVPsim/cpu', 0x0000000080008184(.l_sbext_648_Start+10): 495dda33 sbext   s4,s11,s5
Info   s4 f77f354f -> 00000001
Info 'riscvOVPsim/cpu', 0x0000000080008188(.l_sbext_648_Start+14): 00100493 addi    s1,zero,1
Info   s1 11ec9d1d -> 00000001
Info 'riscvOVPsim/cpu', 0x000000008000818c(.l_sbext_648_Start+18): 009a0a63 beq     s4,s1,800081a0
Info 'riscvOVPsim/cpu', 0x00000000800081a0(.l_grev_649_Start): 1aa8d537 lui     a0,0x1aa8d
Info   a0 7554bd67 -> 1aa8d000
Info 'riscvOVPsim/cpu', 0x00000000800081a4(.l_grev_649_Start+4): 69050513 addi    a0,a0,1680
Info   a0 1aa8d000 -> 1aa8d690
Info 'riscvOVPsim/cpu', 0x00000000800081a8(.l_grev_649_Start+8): 61ae7c37 lui     s8,0x61ae7
Info   s8 4929d2f8 -> 61ae7000
Info 'riscvOVPsim/cpu', 0x00000000800081ac(.l_grev_649_Start+c): 663c0c13 addi    s8,s8,1635
Info   s8 61ae7000 -> 61ae7663
Info 'riscvOVPsim/cpu', 0x00000000800081b0(.l_grev_649_Start+10): 69855233 grev    tp,a0,s8
Info   tp 2630836f -> 8551b690
Info 'riscvOVPsim/cpu', 0x00000000800081b4(.l_grev_649_Start+14): 8551b4b7 lui     s1,0x8551b
Info   s1 00000001 -> 8551b000
Info 'riscvOVPsim/cpu', 0x00000000800081b8(.l_grev_649_Start+18): 69048493 addi    s1,s1,1680
Info   s1 8551b000 -> 8551b690
Info 'riscvOVPsim/cpu', 0x00000000800081bc(.l_grev_649_Start+1c): 00920a63 beq     tp,s1,800081d0
Info 'riscvOVPsim/cpu', 0x00000000800081d0(.l_sloi_650_Start): 34560a37 lui     s4,0x34560
Info   s4 00000001 -> 34560000
Info 'riscvOVPsim/cpu', 0x00000000800081d4(.l_sloi_650_Start+4): 087a0a13 addi    s4,s4,135
Info   s4 34560000 -> 34560087
Info 'riscvOVPsim/cpu', 0x00000000800081d8(.l_sloi_650_Start+8): 21aa1113 sloi    sp,s4,26
Info   sp 5505ec2f -> 1fffffff
Info 'riscvOVPsim/cpu', 0x00000000800081dc(.l_sloi_650_Start+c): 20000eb7 lui     t4,0x20000
Info   t4 5505ed2f -> 20000000
Info 'riscvOVPsim/cpu', 0x00000000800081e0(.l_sloi_650_Start+10): fffe8e93 addi    t4,t4,-1
Info   t4 20000000 -> 1fffffff
Info 'riscvOVPsim/cpu', 0x00000000800081e4(.l_sloi_650_Start+14): 01d10a63 beq     sp,t4,800081f8
Info 'riscvOVPsim/cpu', 0x00000000800081f8(.l_sroi_651_Start): 35f02eb7 lui     t4,0x35f02
Info   t4 1fffffff -> 35f02000
Info 'riscvOVPsim/cpu', 0x00000000800081fc(.l_sroi_651_Start+4): 30ae8e93 addi    t4,t4,778
Info   t4 35f02000 -> 35f0230a
Info 'riscvOVPsim/cpu', 0x0000000080008200(.l_sroi_651_Start+8): 203ed213 sroi    tp,t4,3
Info   tp 8551b690 -> e6be0461
Info 'riscvOVPsim/cpu', 0x0000000080008204(.l_sroi_651_Start+c): e6be0db7 lui     s11,0xe6be0
Info   s11 0f62bdae -> e6be0000
Info 'riscvOVPsim/cpu', 0x0000000080008208(.l_sroi_651_Start+10): 461d8d93 addi    s11,s11,1121
Info   s11 e6be0000 -> e6be0461
Info 'riscvOVPsim/cpu', 0x000000008000820c(.l_sroi_651_Start+14): 01b20a63 beq     tp,s11,80008220
Info 'riscvOVPsim/cpu', 0x0000000080008220(.l_rori_652_Start): 321c5ab7 lui     s5,0x321c5
Info   s5 35f1cd5b -> 321c5000
Info 'riscvOVPsim/cpu', 0x0000000080008224(.l_rori_652_Start+4): 887a8a93 addi    s5,s5,-1913
Info   s5 321c5000 -> 321c4887
Info 'riscvOVPsim/cpu', 0x0000000080008228(.l_rori_652_Start+8): 633adc13 rori    s8,s5,51
Info   s8 61ae7663 -> 8910e643
Info 'riscvOVPsim/cpu', 0x000000008000822c(.l_rori_652_Start+c): 8910ea37 lui     s4,0x8910e
Info   s4 34560087 -> 8910e000
Info 'riscvOVPsim/cpu', 0x0000000080008230(.l_rori_652_Start+10): 643a0a13 addi    s4,s4,1603
Info   s4 8910e000 -> 8910e643
Info 'riscvOVPsim/cpu', 0x0000000080008234(.l_rori_652_Start+14): 014c0a63 beq     s8,s4,80008248
Info 'riscvOVPsim/cpu', 0x0000000080008248(.l_sbclri_653_Start): 5f56f5b7 lui     a1,0x5f56f
Info   a1 f77f354f -> 5f56f000
Info 'riscvOVPsim/cpu', 0x000000008000824c(.l_sbclri_653_Start+4): 73f58593 addi    a1,a1,1855
Info   a1 5f56f000 -> 5f56f73f
Info 'riscvOVPsim/cpu', 0x0000000080008250(.l_sbclri_653_Start+8): 4be59f93 sbclri  t6,a1,62
Info   t6 0dede714 -> 1f56f73f
Info 'riscvOVPsim/cpu', 0x0000000080008254(.l_sbclri_653_Start+c): 1f56f237 lui     tp,0x1f56f
Info   tp e6be0461 -> 1f56f000
Info 'riscvOVPsim/cpu', 0x0000000080008258(.l_sbclri_653_Start+10): 73f20213 addi    tp,tp,1855
Info   tp 1f56f000 -> 1f56f73f
Info 'riscvOVPsim/cpu', 0x000000008000825c(.l_sbclri_653_Start+14): 004f8a63 beq     t6,tp,80008270
Info 'riscvOVPsim/cpu', 0x0000000080008270(.l_sbseti_654_Start): 310f8ab7 lui     s5,0x310f8
Info   s5 321c4887 -> 310f8000
Info 'riscvOVPsim/cpu', 0x0000000080008274(.l_sbseti_654_Start+4): ab0a8a93 addi    s5,s5,-1360
Info   s5 310f8000 -> 310f7ab0
Info 'riscvOVPsim/cpu', 0x0000000080008278(.l_sbseti_654_Start+8): 28ba9d13 sbseti  s10,s5,11
Info   s10 35e4ae94 -> 310f7ab0
Info 'riscvOVPsim/cpu', 0x000000008000827c(.l_sbseti_654_Start+c): 310f8a37 lui     s4,0x310f8
Info   s4 8910e643 -> 310f8000
Info 'riscvOVPsim/cpu', 0x0000000080008280(.l_sbseti_654_Start+10): ab0a0a13 addi    s4,s4,-1360
Info   s4 310f8000 -> 310f7ab0
Info 'riscvOVPsim/cpu', 0x0000000080008284(.l_sbseti_654_Start+14): 014d0a63 beq     s10,s4,80008298
Info 'riscvOVPsim/cpu', 0x0000000080008298(.l_sbinvi_655_Start): 1e856937 lui     s2,0x1e856
Info   s2 7aa95737 -> 1e856000
Info 'riscvOVPsim/cpu', 0x000000008000829c(.l_sbinvi_655_Start+4): d6390913 addi    s2,s2,-669
Info   s2 1e856000 -> 1e855d63
Info 'riscvOVPsim/cpu', 0x00000000800082a0(.l_sbinvi_655_Start+8): 6a991793 sbinvi  a5,s2,41
Info   a5 2ca53e33 -> 1e855f63
Info 'riscvOVPsim/cpu', 0x00000000800082a4(.l_sbinvi_655_Start+c): 1e856837 lui     a6,0x1e856
Info   a6 7aa95735 -> 1e856000
Info 'riscvOVPsim/cpu', 0x00000000800082a8(.l_sbinvi_655_Start+10): f6380813 addi    a6,a6,-157
Info   a6 1e856000 -> 1e855f63
Info 'riscvOVPsim/cpu', 0x00000000800082ac(.l_sbinvi_655_Start+14): 01078a63 beq     a5,a6,800082c0
Info 'riscvOVPsim/cpu', 0x00000000800082c0(.l_sbexti_656_Start): 66aa9b37 lui     s6,0x66aa9
Info   s6 2a4311de -> 66aa9000
Info 'riscvOVPsim/cpu', 0x00000000800082c4(.l_sbexti_656_Start+4): 1abb0b13 addi    s6,s6,427
Info   s6 66aa9000 -> 66aa91ab
Info 'riscvOVPsim/cpu', 0x00000000800082c8(.l_sbexti_656_Start+8): 4b7b5613 sbexti  a2,s6,55
Info   a2 2ee9fbe1 -> 00000001
Info 'riscvOVPsim/cpu', 0x00000000800082cc(.l_sbexti_656_Start+c): 00100893 addi    a7,zero,1
Info   a7 28628008 -> 00000001
Info 'riscvOVPsim/cpu', 0x00000000800082d0(.l_sbexti_656_Start+10): 01160a63 beq     a2,a7,800082e4
Info 'riscvOVPsim/cpu', 0x00000000800082e4(.l_grevi_657_Start): 14da55b7 lui     a1,0x14da5
Info   a1 5f56f73f -> 14da5000
Info 'riscvOVPsim/cpu', 0x00000000800082e8(.l_grevi_657_Start+4): fd158593 addi    a1,a1,-47
Info   a1 14da5000 -> 14da4fd1
Info 'riscvOVPsim/cpu', 0x00000000800082ec(.l_grevi_657_Start+8): 6885df13 grevi   t5,a1,8
Info   t5 33da3ce9 -> da14d14f
Info 'riscvOVPsim/cpu', 0x00000000800082f0(.l_grevi_657_Start+c): da14dcb7 lui     s9,0xda14d
Info   s9 7aa95735 -> da14d000
Info 'riscvOVPsim/cpu', 0x00000000800082f4(.l_grevi_657_Start+10): 14fc8c93 addi    s9,s9,335
Info   s9 da14d000 -> da14d14f
Info 'riscvOVPsim/cpu', 0x00000000800082f8(.l_grevi_657_Start+14): 019f0a63 beq     t5,s9,8000830c
Info 'riscvOVPsim/cpu', 0x000000008000830c(.l_cmix_658_Start): 56295cb7 lui     s9,0x56295
Info   s9 da14d14f -> 56295000
Info 'riscvOVPsim/cpu', 0x0000000080008310(.l_cmix_658_Start+4): 9adc8c93 addi    s9,s9,-1619
Info   s9 56295000 -> 562949ad
Info 'riscvOVPsim/cpu', 0x0000000080008314(.l_cmix_658_Start+8): 786ee337 lui     t1,0x786ee
Info   t1 233eba54 -> 786ee000
Info 'riscvOVPsim/cpu', 0x0000000080008318(.l_cmix_658_Start+c): 0c430313 addi    t1,t1,196
Info   t1 786ee000 -> 786ee0c4
Info 'riscvOVPsim/cpu', 0x000000008000831c(.l_cmix_658_Start+10): 073252b7 lui     t0,0x7325
Info   t0 7a7ddb27 -> 07325000
Info 'riscvOVPsim/cpu', 0x0000000080008320(.l_cmix_658_Start+14): 2b628293 addi    t0,t0,694
Info   t0 07325000 -> 073252b6
Info 'riscvOVPsim/cpu', 0x0000000080008324(.l_cmix_658_Start+18): 2e6c9933 cmix    s2,s9,t1,t0
Info   s2 1e855d63 -> 573852b6
Info 'riscvOVPsim/cpu', 0x0000000080008328(.l_cmix_658_Start+1c): 57385db7 lui     s11,0x57385
Info   s11 e6be0461 -> 57385000
Info 'riscvOVPsim/cpu', 0x000000008000832c(.l_cmix_658_Start+20): 2b6d8d93 addi    s11,s11,694
Info   s11 57385000 -> 573852b6
Info 'riscvOVPsim/cpu', 0x0000000080008330(.l_cmix_658_Start+24): 01b90a63 beq     s2,s11,80008344
Info 'riscvOVPsim/cpu', 0x0000000080008344(.l_cmov_659_Start): 234ab2b7 lui     t0,0x234ab
Info   t0 073252b6 -> 234ab000
Info 'riscvOVPsim/cpu', 0x0000000080008348(.l_cmov_659_Start+4): a0128293 addi    t0,t0,-1535
Info   t0 234ab000 -> 234aaa01
Info 'riscvOVPsim/cpu', 0x000000008000834c(.l_cmov_659_Start+8): 159a8b37 lui     s6,0x159a8
Info   s6 66aa91ab -> 159a8000
Info 'riscvOVPsim/cpu', 0x0000000080008350(.l_cmov_659_Start+c): 20eb0b13 addi    s6,s6,526
Info   s6 159a8000 -> 159a820e
Info 'riscvOVPsim/cpu', 0x0000000080008354(.l_cmov_659_Start+10): 1a4b5337 lui     t1,0x1a4b5
Info   t1 786ee0c4 -> 1a4b5000
Info 'riscvOVPsim/cpu', 0x0000000080008358(.l_cmov_659_Start+14): 7eb30313 addi    t1,t1,2027
Info   t1 1a4b5000 -> 1a4b57eb
Info 'riscvOVPsim/cpu', 0x000000008000835c(.l_cmov_659_Start+18): 3762d633 cmov    a2,t0,s6,t1
Info   a2 00000001 -> 234aaa01
Info 'riscvOVPsim/cpu', 0x0000000080008360(.l_cmov_659_Start+1c): 234abeb7 lui     t4,0x234ab
Info   t4 35f0230a -> 234ab000
Info 'riscvOVPsim/cpu', 0x0000000080008364(.l_cmov_659_Start+20): a01e8e93 addi    t4,t4,-1535
Info   t4 234ab000 -> 234aaa01
Info 'riscvOVPsim/cpu', 0x0000000080008368(.l_cmov_659_Start+24): 01d60a63 beq     a2,t4,8000837c
Info 'riscvOVPsim/cpu', 0x000000008000837c(.l_fsl_660_Start): 00000013 nop
Info 'riscvOVPsim/cpu', 0x0000000080008380(.l_fsl_660_Start+4): 39180a37 lui     s4,0x39180
Info   s4 310f7ab0 -> 39180000
Info 'riscvOVPsim/cpu', 0x0000000080008384(.l_fsl_660_Start+8): d1ba0a13 addi    s4,s4,-741
Info   s4 39180000 -> 3917fd1b
Info 'riscvOVPsim/cpu', 0x0000000080008388(.l_fsl_660_Start+c): 2aeab2b7 lui     t0,0x2aeab
Info   t0 234aaa01 -> 2aeab000
Info 'riscvOVPsim/cpu', 0x000000008000838c(.l_fsl_660_Start+10): 23a28293 addi    t0,t0,570
Info   t0 2aeab000 -> 2aeab23a
Info 'riscvOVPsim/cpu', 0x0000000080008390(.l_fsl_660_Start+14): 2d4018b3 fsl     a7,zero,s4,t0
Info   a7 00000001 -> 01575591
Info 'riscvOVPsim/cpu', 0x0000000080008394(.l_fsl_660_Start+18): 01575ab7 lui     s5,0x1575
Info   s5 310f7ab0 -> 01575000
Info 'riscvOVPsim/cpu', 0x0000000080008398(.l_fsl_660_Start+1c): 591a8a93 addi    s5,s5,1425
Info   s5 01575000 -> 01575591
Info 'riscvOVPsim/cpu', 0x000000008000839c(.l_fsl_660_Start+20): 01588a63 beq     a7,s5,800083b0
Info 'riscvOVPsim/cpu', 0x00000000800083b0(.l_fsr_661_Start): 042d1337 lui     t1,0x42d1
Info   t1 1a4b57eb -> 042d1000
Info 'riscvOVPsim/cpu', 0x00000000800083b4(.l_fsr_661_Start+4): e7a30313 addi    t1,t1,-390
Info   t1 042d1000 -> 042d0e7a
Info 'riscvOVPsim/cpu', 0x00000000800083b8(.l_fsr_661_Start+8): 7b159cb7 lui     s9,0x7b159
Info   s9 562949ad -> 7b159000
Info 'riscvOVPsim/cpu', 0x00000000800083bc(.l_fsr_661_Start+c): 103c8c93 addi    s9,s9,259
Info   s9 7b159000 -> 7b159103
Info 'riscvOVPsim/cpu', 0x00000000800083c0(.l_fsr_661_Start+10): 08886937 lui     s2,0x8886
Info   s2 573852b6 -> 08886000
Info 'riscvOVPsim/cpu', 0x00000000800083c4(.l_fsr_661_Start+14): ee190913 addi    s2,s2,-287
Info   s2 08886000 -> 08885ee1
Info 'riscvOVPsim/cpu', 0x00000000800083c8(.l_fsr_661_Start+18): 959353b3 fsr     t2,t1,s9,s2
Info   t2 7568420d -> 2085a1cf
Info 'riscvOVPsim/cpu', 0x00000000800083cc(.l_fsr_661_Start+1c): 2085af37 lui     t5,0x2085a
Info   t5 da14d14f -> 2085a000
Info 'riscvOVPsim/cpu', 0x00000000800083d0(.l_fsr_661_Start+20): 1cff0f13 addi    t5,t5,463
Info   t5 2085a000 -> 2085a1cf
Info 'riscvOVPsim/cpu', 0x00000000800083d4(.l_fsr_661_Start+24): 01e38a63 beq     t2,t5,800083e8
Info 'riscvOVPsim/cpu', 0x00000000800083e8(.l_fsri_662_Start): 32a0d4b7 lui     s1,0x32a0d
Info   s1 8551b690 -> 32a0d000
Info 'riscvOVPsim/cpu', 0x00000000800083ec(.l_fsri_662_Start+4): d2b48493 addi    s1,s1,-725
Info   s1 32a0d000 -> 32a0cd2b
Info 'riscvOVPsim/cpu', 0x00000000800083f0(.l_fsri_662_Start+8): 6f80a337 lui     t1,0x6f80a
Info   t1 042d0e7a -> 6f80a000
Info 'riscvOVPsim/cpu', 0x00000000800083f4(.l_fsri_662_Start+c): 3b530313 addi    t1,t1,949
Info   t1 6f80a000 -> 6f80a3b5
Info 'riscvOVPsim/cpu', 0x00000000800083f8(.l_fsri_662_Start+10): 35f4da13 fsri    s4,s1,t1,31
Info   s4 3917fd1b -> df01476a
Info 'riscvOVPsim/cpu', 0x00000000800083fc(.l_fsri_662_Start+14): df014b37 lui     s6,0xdf014
Info   s6 159a820e -> df014000
Info 'riscvOVPsim/cpu', 0x0000000080008400(.l_fsri_662_Start+18): 76ab0b13 addi    s6,s6,1898
Info   s6 df014000 -> df01476a
Info 'riscvOVPsim/cpu', 0x0000000080008404(.l_fsri_662_Start+1c): 016a0a63 beq     s4,s6,80008418
Info 'riscvOVPsim/cpu', 0x0000000080008418(.l_clz_663_Start): 7cce2837 lui     a6,0x7cce2
Info   a6 1e855f63 -> 7cce2000
Info 'riscvOVPsim/cpu', 0x000000008000841c(.l_clz_663_Start+4): c2980813 addi    a6,a6,-983
Info   a6 7cce2000 -> 7cce1c29
Info 'riscvOVPsim/cpu', 0x0000000080008420(.l_clz_663_Start+8): 60081193 clz     gp,a6
Info   gp 33da3ce9 -> 00000001
Info 'riscvOVPsim/cpu', 0x0000000080008424(.l_clz_663_Start+c): 00100a93 addi    s5,zero,1
Info   s5 01575591 -> 00000001
Info 'riscvOVPsim/cpu', 0x0000000080008428(.l_clz_663_Start+10): 01518a63 beq     gp,s5,8000843c
Info 'riscvOVPsim/cpu', 0x000000008000843c(.l_ctz_664_Start): 244636b7 lui     a3,0x24463
Info   a3 6c5e70e8 -> 24463000
Info 'riscvOVPsim/cpu', 0x0000000080008440(.l_ctz_664_Start+4): 23568693 addi    a3,a3,565
Info   a3 24463000 -> 24463235
Info 'riscvOVPsim/cpu', 0x0000000080008444(.l_ctz_664_Start+8): 60169513 ctz     a0,a3
Info   a0 1aa8d690 -> 00000000
Info 'riscvOVPsim/cpu', 0x0000000080008448(.l_ctz_664_Start+c): 00000913 mv      s2,zero
Info   s2 08885ee1 -> 00000000
Info 'riscvOVPsim/cpu', 0x000000008000844c(.l_ctz_664_Start+10): 01250a63 beq     a0,s2,80008460
Info 'riscvOVPsim/cpu', 0x0000000080008460(.l_pcnt_665_Start): 3bf71bb7 lui     s7,0x3bf71
Info   s7 092b7d28 -> 3bf71000
Info 'riscvOVPsim/cpu', 0x0000000080008464(.l_pcnt_665_Start+4): 0a3b8b93 addi    s7,s7,163
Info   s7 3bf71000 -> 3bf710a3
Info 'riscvOVPsim/cpu', 0x0000000080008468(.l_pcnt_665_Start+8): 602b9f13 pcnt    t5,s7
Info   t5 2085a1cf -> 00000011
Info 'riscvOVPsim/cpu', 0x000000008000846c(.l_pcnt_665_Start+c): 01100c13 addi    s8,zero,17
Info   s8 8910e643 -> 00000011
Info 'riscvOVPsim/cpu', 0x0000000080008470(.l_pcnt_665_Start+10): 018f0a63 beq     t5,s8,80008484
Info 'riscvOVPsim/cpu', 0x0000000080008484(.l_crc32_b_666_Start): 207cb537 lui     a0,0x207cb
Info   a0 00000000 -> 207cb000
Info 'riscvOVPsim/cpu', 0x0000000080008488(.l_crc32_b_666_Start+4): ff150513 addi    a0,a0,-15
Info   a0 207cb000 -> 207caff1
Info 'riscvOVPsim/cpu', 0x000000008000848c(.l_crc32_b_666_Start+8): 61051d93 crc32.b s11,a0
Info   s11 573852b6 -> ca9abe25
Info 'riscvOVPsim/cpu', 0x0000000080008490(.l_crc32_b_666_Start+c): ca9ac237 lui     tp,0xca9ac
Info   tp 1f56f73f -> ca9ac000
Info 'riscvOVPsim/cpu', 0x0000000080008494(.l_crc32_b_666_Start+10): e2520213 addi    tp,tp,-475
Info   tp ca9ac000 -> ca9abe25
Info 'riscvOVPsim/cpu', 0x0000000080008498(.l_crc32_b_666_Start+14): 004d8a63 beq     s11,tp,800084ac
Info 'riscvOVPsim/cpu', 0x00000000800084ac(.l_crc32_h_667_Start): 0dff0737 lui     a4,0xdff0
Info   a4 93edfdff -> 0dff0000
Info 'riscvOVPsim/cpu', 0x00000000800084b0(.l_crc32_h_667_Start+4): 1d370713 addi    a4,a4,467
Info   a4 0dff0000 -> 0dff01d3
Info 'riscvOVPsim/cpu', 0x00000000800084b4(.l_crc32_h_667_Start+8): 61171293 crc32.h t0,a4
Info   t0 2aeab23a -> dd12abb5
Info 'riscvOVPsim/cpu', 0x00000000800084b8(.l_crc32_h_667_Start+c): dd12b4b7 lui     s1,0xdd12b
Info   s1 32a0cd2b -> dd12b000
Info 'riscvOVPsim/cpu', 0x00000000800084bc(.l_crc32_h_667_Start+10): bb548493 addi    s1,s1,-1099
Info   s1 dd12b000 -> dd12abb5
Info 'riscvOVPsim/cpu', 0x00000000800084c0(.l_crc32_h_667_Start+14): 00928a63 beq     t0,s1,800084d4
Info 'riscvOVPsim/cpu', 0x00000000800084d4(.l_crc32_w_668_Start): 0a31b3b7 lui     t2,0xa31b
Info   t2 2085a1cf -> 0a31b000
Info 'riscvOVPsim/cpu', 0x00000000800084d8(.l_crc32_w_668_Start+4): 5bd38393 addi    t2,t2,1469
Info   t2 0a31b000 -> 0a31b5bd
Info 'riscvOVPsim/cpu', 0x00000000800084dc(.l_crc32_w_668_Start+8): 61239493 crc32.w s1,t2
Info   s1 dd12abb5 -> 0a054410
Info 'riscvOVPsim/cpu', 0x00000000800084e0(.l_crc32_w_668_Start+c): 0a054ab7 lui     s5,0xa054
Info   s5 00000001 -> 0a054000
Info 'riscvOVPsim/cpu', 0x00000000800084e4(.l_crc32_w_668_Start+10): 410a8a93 addi    s5,s5,1040
Info   s5 0a054000 -> 0a054410
Info 'riscvOVPsim/cpu', 0x00000000800084e8(.l_crc32_w_668_Start+14): 01548a63 beq     s1,s5,800084fc
Info 'riscvOVPsim/cpu', 0x00000000800084fc(.l_crc32c_b_669_Start): 163bfdb7 lui     s11,0x163bf
Info   s11 ca9abe25 -> 163bf000
Info 'riscvOVPsim/cpu', 0x0000000080008500(.l_crc32c_b_669_Start+4): 028d8d93 addi    s11,s11,40
Info   s11 163bf000 -> 163bf028
Info 'riscvOVPsim/cpu', 0x0000000080008504(.l_crc32c_b_669_Start+8): 618d9893 crc32c.b a7,s11
Info   a7 01575591 -> aa72ede1
Info 'riscvOVPsim/cpu', 0x0000000080008508(.l_crc32c_b_669_Start+c): aa72fbb7 lui     s7,0xaa72f
Info   s7 3bf710a3 -> aa72f000
Info 'riscvOVPsim/cpu', 0x000000008000850c(.l_crc32c_b_669_Start+10): de1b8b93 addi    s7,s7,-543
Info   s7 aa72f000 -> aa72ede1
Info 'riscvOVPsim/cpu', 0x0000000080008510(.l_crc32c_b_669_Start+14): 01788a63 beq     a7,s7,80008524
Info 'riscvOVPsim/cpu', 0x0000000080008524(.l_crc32c_h_670_Start): 241918b7 lui     a7,0x24191
Info   a7 aa72ede1 -> 24191000
Info 'riscvOVPsim/cpu', 0x0000000080008528(.l_crc32c_h_670_Start+4): 75688893 addi    a7,a7,1878
Info   a7 24191000 -> 24191756
Info 'riscvOVPsim/cpu', 0x000000008000852c(.l_crc32c_h_670_Start+8): 61989313 crc32c.h t1,a7
Info   t1 6f80a3b5 -> 6d89e12a
Info 'riscvOVPsim/cpu', 0x0000000080008530(.l_crc32c_h_670_Start+c): 6d89e0b7 lui     ra,0x6d89e
Info   ra 2a4311de -> 6d89e000
Info 'riscvOVPsim/cpu', 0x0000000080008534(.l_crc32c_h_670_Start+10): 12a08093 addi    ra,ra,298
Info   ra 6d89e000 -> 6d89e12a
Info 'riscvOVPsim/cpu', 0x0000000080008538(.l_crc32c_h_670_Start+14): 00130a63 beq     t1,ra,8000854c
Info 'riscvOVPsim/cpu', 0x000000008000854c(.l_crc32c_w_671_Start): 315f3a37 lui     s4,0x315f3
Info   s4 df01476a -> 315f3000
Info 'riscvOVPsim/cpu', 0x0000000080008550(.l_crc32c_w_671_Start+4): fcaa0a13 addi    s4,s4,-54
Info   s4 315f3000 -> 315f2fca
Info 'riscvOVPsim/cpu', 0x0000000080008554(.l_crc32c_w_671_Start+8): 61aa1e93 crc32c.w t4,s4
Info   t4 234aaa01 -> f8e380cd
Info 'riscvOVPsim/cpu', 0x0000000080008558(.l_crc32c_w_671_Start+c): f8e385b7 lui     a1,0xf8e38
Info   a1 14da4fd1 -> f8e38000
Info 'riscvOVPsim/cpu', 0x000000008000855c(.l_crc32c_w_671_Start+10): 0cd58593 addi    a1,a1,205
Info   a1 f8e38000 -> f8e380cd
Info 'riscvOVPsim/cpu', 0x0000000080008560(.l_crc32c_w_671_Start+14): 00be8a63 beq     t4,a1,80008574
Info 'riscvOVPsim/cpu', 0x0000000080008574(.l_clmul_672_Start): 2f0ceb37 lui     s6,0x2f0ce
Info   s6 df01476a -> 2f0ce000
Info 'riscvOVPsim/cpu', 0x0000000080008578(.l_clmul_672_Start+4): 39fb0b13 addi    s6,s6,927
Info   s6 2f0ce000 -> 2f0ce39f
Info 'riscvOVPsim/cpu', 0x000000008000857c(.l_clmul_672_Start+8): 6d4b2437 lui     s0,0x6d4b2
Info   s0 93edfdff -> 6d4b2000
Info 'riscvOVPsim/cpu', 0x0000000080008580(.l_clmul_672_Start+c): deb40413 addi    s0,s0,-533
Info   s0 6d4b2000 -> 6d4b1deb
Info 'riscvOVPsim/cpu', 0x0000000080008584(.l_clmul_672_Start+10): a8b15b3 clmul   a1,s6,s0
Info   a1 f8e380cd -> df7688f9
Info 'riscvOVPsim/cpu', 0x0000000080008588(.l_clmul_672_Start+14): df769c37 lui     s8,0xdf769
Info   s8 00000011 -> df769000
Info 'riscvOVPsim/cpu', 0x000000008000858c(.l_clmul_672_Start+18): 8f9c0c13 addi    s8,s8,-1799
Info   s8 df769000 -> df7688f9
Info 'riscvOVPsim/cpu', 0x0000000080008590(.l_clmul_672_Start+1c): 01858a63 beq     a1,s8,800085a4
Info 'riscvOVPsim/cpu', 0x00000000800085a4(.l_clmulr_673_Start): 647894b7 lui     s1,0x64789
Info   s1 0a054410 -> 64789000
Info 'riscvOVPsim/cpu', 0x00000000800085a8(.l_clmulr_673_Start+4): cfb48493 addi    s1,s1,-773
Info   s1 64789000 -> 64788cfb
Info 'riscvOVPsim/cpu', 0x00000000800085ac(.l_clmulr_673_Start+8): 647894b7 lui     s1,0x64789
Info   s1 64788cfb -> 64789000
Info 'riscvOVPsim/cpu', 0x00000000800085b0(.l_clmulr_673_Start+c): cfb48493 addi    s1,s1,-773
Info   s1 64789000 -> 64788cfb
Info 'riscvOVPsim/cpu', 0x00000000800085b4(.l_clmulr_673_Start+10): a8b15b3 clmul   a1,s6,s0
Info   t4 f8e380cd -> 28202a80
Info 'riscvOVPsim/cpu', 0x00000000800085b8(.l_clmulr_673_Start+14): 282036b7 lui     a3,0x28203
Info   a3 24463235 -> 28203000
Info 'riscvOVPsim/cpu', 0x00000000800085bc(.l_clmulr_673_Start+18): a8068693 addi    a3,a3,-1408
Info   a3 28203000 -> 28202a80
Info 'riscvOVPsim/cpu', 0x00000000800085c0(.l_clmulr_673_Start+1c): 00de8a63 beq     t4,a3,800085d4
Info 'riscvOVPsim/cpu', 0x00000000800085d4(.l_clmulh_674_Start): 6cfe0fb7 lui     t6,0x6cfe0
Info   t6 1f56f73f -> 6cfe0000
Info 'riscvOVPsim/cpu', 0x00000000800085d8(.l_clmulh_674_Start+4): 046f8f93 addi    t6,t6,70
Info   t6 6cfe0000 -> 6cfe0046
Info 'riscvOVPsim/cpu', 0x00000000800085dc(.l_clmulh_674_Start+8): 1bb23137 lui     sp,0x1bb23
Info   sp 1fffffff -> 1bb23000
Info 'riscvOVPsim/cpu', 0x00000000800085e0(.l_clmulh_674_Start+c): ab610113 addi    sp,sp,-1354
Info   sp 1bb23000 -> 1bb22ab6
Info 'riscvOVPsim/cpu', 0x00000000800085e4(.l_clmulh_674_Start+10): a2fb0b3 clmulh  ra,t6,sp
Info   ra 6d89e12a -> 0520eac7
Info 'riscvOVPsim/cpu', 0x00000000800085e8(.l_clmulh_674_Start+14): 0520fa37 lui     s4,0x520f
Info   s4 315f2fca -> 0520f000
Info 'riscvOVPsim/cpu', 0x00000000800085ec(.l_clmulh_674_Start+18): ac7a0a13 addi    s4,s4,-1337
Info   s4 0520f000 -> 0520eac7
Info 'riscvOVPsim/cpu', 0x00000000800085f0(.l_clmulh_674_Start+1c): 01408a63 beq     ra,s4,80008604
Info 'riscvOVPsim/cpu', 0x0000000080008604(.l_min_675_Start): 242a0bb7 lui     s7,0x242a0
Info   s7 aa72ede1 -> 242a0000
Info 'riscvOVPsim/cpu', 0x0000000080008608(.l_min_675_Start+4): 4bfb8b93 addi    s7,s7,1215
Info   s7 242a0000 -> 242a04bf
Info 'riscvOVPsim/cpu', 0x000000008000860c(.l_min_675_Start+8): 6fc598b7 lui     a7,0x6fc59
Info   a7 24191756 -> 6fc59000
Info 'riscvOVPsim/cpu', 0x0000000080008610(.l_min_675_Start+c): 21788893 addi    a7,a7,535
Info   a7 6fc59000 -> 6fc59217
Info 'riscvOVPsim/cpu', 0x0000000080008614(.l_min_675_Start+10): b1bc3b3 min     t2,s7,a7
Info   t2 0a31b5bd -> 242a04bf
Info 'riscvOVPsim/cpu', 0x0000000080008618(.l_min_675_Start+14): 242a07b7 lui     a5,0x242a0
Info   a5 1e855f63 -> 242a0000
Info 'riscvOVPsim/cpu', 0x000000008000861c(.l_min_675_Start+18): 4bf78793 addi    a5,a5,1215
Info   a5 242a0000 -> 242a04bf
Info 'riscvOVPsim/cpu', 0x0000000080008620(.l_min_675_Start+1c): 00f38a63 beq     t2,a5,80008634
Info 'riscvOVPsim/cpu', 0x0000000080008634(.l_max_676_Start): 3de59537 lui     a0,0x3de59
Info   a0 207caff1 -> 3de59000
Info 'riscvOVPsim/cpu', 0x0000000080008638(.l_max_676_Start+4): bbe50513 addi    a0,a0,-1090
Info   a0 3de59000 -> 3de58bbe
Info 'riscvOVPsim/cpu', 0x000000008000863c(.l_max_676_Start+8): 41f2a6b7 lui     a3,0x41f2a
Info   a3 28202a80 -> 41f2a000
Info 'riscvOVPsim/cpu', 0x0000000080008640(.l_max_676_Start+c): b0e68693 addi    a3,a3,-1266
Info   a3 41f2a000 -> 41f29b0e
Info 'riscvOVPsim/cpu', 0x0000000080008644(.l_max_676_Start+10): ad55ab3 max     s5,a0,a3
Info   s5 0a054410 -> 41f29b0e
Info 'riscvOVPsim/cpu', 0x0000000080008648(.l_max_676_Start+14): 41f2a337 lui     t1,0x41f2a
Info   t1 6d89e12a -> 41f2a000
Info 'riscvOVPsim/cpu', 0x000000008000864c(.l_max_676_Start+18): b0e30313 addi    t1,t1,-1266
Info   t1 41f2a000 -> 41f29b0e
Info 'riscvOVPsim/cpu', 0x0000000080008650(.l_max_676_Start+1c): 006a8a63 beq     s5,t1,80008664
Info 'riscvOVPsim/cpu', 0x0000000080008664(.l_minu_677_Start): 252014b7 lui     s1,0x25201
Info   s1 64788cfb -> 25201000
Info 'riscvOVPsim/cpu', 0x0000000080008668(.l_minu_677_Start+4): 26c48493 addi    s1,s1,620
Info   s1 25201000 -> 2520126c
Info 'riscvOVPsim/cpu', 0x000000008000866c(.l_minu_677_Start+8): 4359a237 lui     tp,0x4359a
Info   tp ca9abe25 -> 4359a000
Info 'riscvOVPsim/cpu', 0x0000000080008670(.l_minu_677_Start+c): 28320213 addi    tp,tp,643
Info   tp 4359a000 -> 4359a283
Info 'riscvOVPsim/cpu', 0x0000000080008674(.l_minu_677_Start+10): a44ee33 minu    t3,s1,tp
Info   t3 749cbb6b -> 2520126c
Info 'riscvOVPsim/cpu', 0x0000000080008678(.l_minu_677_Start+14): 25201a37 lui     s4,0x25201
Info   s4 0520eac7 -> 25201000
Info 'riscvOVPsim/cpu', 0x000000008000867c(.l_minu_677_Start+18): 26ca0a13 addi    s4,s4,620
Info   s4 25201000 -> 2520126c
Info 'riscvOVPsim/cpu', 0x0000000080008680(.l_minu_677_Start+1c): 014e0a63 beq     t3,s4,80008694
Info 'riscvOVPsim/cpu', 0x0000000080008694(.l_maxu_678_Start): 0eb924b7 lui     s1,0xeb92
Info   s1 2520126c -> 0eb92000
Info 'riscvOVPsim/cpu', 0x0000000080008698(.l_maxu_678_Start+4): a7c48493 addi    s1,s1,-1412
Info   s1 0eb92000 -> 0eb91a7c
Info 'riscvOVPsim/cpu', 0x000000008000869c(.l_maxu_678_Start+8): 6bce16b7 lui     a3,0x6bce1
Info   a3 41f29b0e -> 6bce1000
Info 'riscvOVPsim/cpu', 0x00000000800086a0(.l_maxu_678_Start+c): c8868693 addi    a3,a3,-888
Info   a3 6bce1000 -> 6bce0c88
Info 'riscvOVPsim/cpu', 0x00000000800086a4(.l_maxu_678_Start+10): ad4f7b3 maxu    a5,s1,a3
Info   a5 242a04bf -> 6bce0c88
Info 'riscvOVPsim/cpu', 0x00000000800086a8(.l_maxu_678_Start+14): 6bce19b7 lui     s3,0x6bce1
Info   s3 30836f26 -> 6bce1000
Info 'riscvOVPsim/cpu', 0x00000000800086ac(.l_maxu_678_Start+18): c8898993 addi    s3,s3,-888
Info   s3 6bce1000 -> 6bce0c88
Info 'riscvOVPsim/cpu', 0x00000000800086b0(.l_maxu_678_Start+1c): 01378a63 beq     a5,s3,800086c4
Info 'riscvOVPsim/cpu', 0x00000000800086c4(.l_shfl_679_Start): 2e273f37 lui     t5,0x2e273
Info   t5 00000011 -> 2e273000
Info 'riscvOVPsim/cpu', 0x00000000800086c8(.l_shfl_679_Start+4): b88f0f13 addi    t5,t5,-1144
Info   t5 2e273000 -> 2e272b88
Info 'riscvOVPsim/cpu', 0x00000000800086cc(.l_shfl_679_Start+8): 43fc93b7 lui     t2,0x43fc9
Info   t2 242a04bf -> 43fc9000
Info 'riscvOVPsim/cpu', 0x00000000800086d0(.l_shfl_679_Start+c): aed38393 addi    t2,t2,-1299
Info   t2 43fc9000 -> 43fc8aed
Info 'riscvOVPsim/cpu', 0x00000000800086d4(.l_shfl_679_Start+10): 87f13b3 shfl    t2,t5,t2
Info   t2 43fc8aed -> 44ed4878
Info 'riscvOVPsim/cpu', 0x00000000800086d8(.l_shfl_679_Start+14): 44ed55b7 lui     a1,0x44ed5
Info   a1 df7688f9 -> 44ed5000
Info 'riscvOVPsim/cpu', 0x00000000800086dc(.l_shfl_679_Start+18): 87858593 addi    a1,a1,-1928
Info   a1 44ed5000 -> 44ed4878
Info 'riscvOVPsim/cpu', 0x00000000800086e0(.l_shfl_679_Start+1c): 00b38a63 beq     t2,a1,800086f4
Info 'riscvOVPsim/cpu', 0x00000000800086f4(.l_unshfl_680_Start): 399b8837 lui     a6,0x399b8
Info   a6 7cce1c29 -> 399b8000
Info 'riscvOVPsim/cpu', 0x00000000800086f8(.l_unshfl_680_Start+4): b9380813 addi    a6,a6,-1133
Info   a6 399b8000 -> 399b7b93
Info 'riscvOVPsim/cpu', 0x00000000800086fc(.l_unshfl_680_Start+8): 7614a2b7 lui     t0,0x7614a
Info   t0 dd12abb5 -> 7614a000
Info 'riscvOVPsim/cpu', 0x0000000080008700(.l_unshfl_680_Start+c): 44428293 addi    t0,t0,1092
Info   t0 7614a000 -> 7614a444
Info 'riscvOVPsim/cpu', 0x0000000080008704(.l_unshfl_680_Start+10): 8585fb3 unshfl  t6,a6,t0
Info   t6 6cfe0046 -> 399b79b3
Info 'riscvOVPsim/cpu', 0x0000000080008708(.l_unshfl_680_Start+14): 399b88b7 lui     a7,0x399b8
Info   a7 6fc59217 -> 399b8000
Info 'riscvOVPsim/cpu', 0x000000008000870c(.l_unshfl_680_Start+18): 9b388893 addi    a7,a7,-1613
Info   a7 399b8000 -> 399b79b3
Info 'riscvOVPsim/cpu', 0x0000000080008710(.l_unshfl_680_Start+1c): 011f8a63 beq     t6,a7,80008724
Info 'riscvOVPsim/cpu', 0x0000000080008724(.l_bdep_681_Start): 339bc437 lui     s0,0x339bc
Info   s0 6d4b1deb -> 339bc000
Info 'riscvOVPsim/cpu', 0x0000000080008728(.l_bdep_681_Start+4): f5a40413 addi    s0,s0,-166
Info   s0 339bc000 -> 339bbf5a
Info 'riscvOVPsim/cpu', 0x000000008000872c(.l_bdep_681_Start+8): 669af7b7 lui     a5,0x669af
Info   a5 6bce0c88 -> 669af000
Info 'riscvOVPsim/cpu', 0x0000000080008730(.l_bdep_681_Start+c): a2d78793 addi    a5,a5,-1491
Info   a5 669af000 -> 669aea2d
Info 'riscvOVPsim/cpu', 0x0000000080008734(.l_bdep_681_Start+10): 8f42433 bdep    s0,s0,a5
Info   s0 339bbf5a -> 629aa224
Info 'riscvOVPsim/cpu', 0x0000000080008738(.l_bdep_681_Start+14): 629aa337 lui     t1,0x629aa
Info   t1 41f29b0e -> 629aa000
Info 'riscvOVPsim/cpu', 0x000000008000873c(.l_bdep_681_Start+18): 22430313 addi    t1,t1,548
Info   t1 629aa000 -> 629aa224
Info 'riscvOVPsim/cpu', 0x0000000080008740(.l_bdep_681_Start+1c): 00640a63 beq     s0,t1,80008754
Info 'riscvOVPsim/cpu', 0x0000000080008754(.l_bext_682_Start): 79b91b37 lui     s6,0x79b91
Info   s6 2f0ce39f -> 79b91000
Info 'riscvOVPsim/cpu', 0x0000000080008758(.l_bext_682_Start+4): 81ab0b13 addi    s6,s6,-2022
Info   s6 79b91000 -> 79b9081a
Info 'riscvOVPsim/cpu', 0x000000008000875c(.l_bext_682_Start+8): 674e0bb7 lui     s7,0x674e0
Info   s7 242a04bf -> 674e0000
Info 'riscvOVPsim/cpu', 0x0000000080008760(.l_bext_682_Start+c): 823b8b93 addi    s7,s7,-2013
Info   s7 674e0000 -> 674df823
Info 'riscvOVPsim/cpu', 0x0000000080008764(.l_bext_682_Start+10): 97b6233 bext    tp,s6,s7
Info   tp 4359a283 -> 0001950a
Info 'riscvOVPsim/cpu', 0x0000000080008768(.l_bext_682_Start+14): 000195b7 lui     a1,0x19
Info   a1 44ed4878 -> 00019000
Info 'riscvOVPsim/cpu', 0x000000008000876c(.l_bext_682_Start+18): 50a58593 addi    a1,a1,1290
Info   a1 00019000 -> 0001950a
Info 'riscvOVPsim/cpu', 0x0000000080008770(.l_bext_682_Start+1c): 00b20a63 beq     tp,a1,80008784
Info 'riscvOVPsim/cpu', 0x0000000080008784(.l_pack_683_Start): 2e1ac4b7 lui     s1,0x2e1ac
Info   s1 0eb91a7c -> 2e1ac000
Info 'riscvOVPsim/cpu', 0x0000000080008788(.l_pack_683_Start+4): 5a248493 addi    s1,s1,1442
Info   s1 2e1ac000 -> 2e1ac5a2
Info 'riscvOVPsim/cpu', 0x000000008000878c(.l_pack_683_Start+8): 48905637 lui     a2,0x48905
Info   a2 234aaa01 -> 48905000
Info 'riscvOVPsim/cpu', 0x0000000080008790(.l_pack_683_Start+c): 94960613 addi    a2,a2,-1719
Info   a2 48905000 -> 48904949
Info 'riscvOVPsim/cpu', 0x0000000080008794(.l_pack_683_Start+10): 08c4c5b3 undef
Info   a1 0001950a -> 4949c5a2
Info 'riscvOVPsim/cpu', 0x0000000080008798(.l_pack_683_Start+14): 4949c237 lui     tp,0x4949c
Info   tp 0001950a -> 4949c000
Info 'riscvOVPsim/cpu', 0x000000008000879c(.l_pack_683_Start+18): 5a220213 addi    tp,tp,1442
Info   tp 4949c000 -> 4949c5a2
Info 'riscvOVPsim/cpu', 0x00000000800087a0(.l_pack_683_Start+1c): 00458a63 beq     a1,tp,800087b4
Info 'riscvOVPsim/cpu', 0x00000000800087b4(.l_bfp_684_Start): 385914b7 lui     s1,0x38591
Info   s1 2e1ac5a2 -> 38591000
Info 'riscvOVPsim/cpu', 0x00000000800087b8(.l_bfp_684_Start+4): 93248493 addi    s1,s1,-1742
Info   s1 38591000 -> 38590932
Info 'riscvOVPsim/cpu', 0x00000000800087bc(.l_bfp_684_Start+8): 229633b7 lui     t2,0x22963
Info   t2 44ed4878 -> 22963000
Info 'riscvOVPsim/cpu', 0x00000000800087c0(.l_bfp_684_Start+c): 16f38393 addi    t2,t2,367
Info   t2 22963000 -> 2296316f
Info 'riscvOVPsim/cpu', 0x00000000800087c4(.l_bfp_684_Start+10): 874f033 bfp     zero,s1,t2
Info 'riscvOVPsim/cpu', 0x00000000800087c8(.l_bfp_684_Start+14): 00000c13 mv      s8,zero
Info   s8 df7688f9 -> 00000000
Info 'riscvOVPsim/cpu', 0x00000000800087cc(.l_bfp_684_Start+18): 01800a63 beq     zero,s8,800087e0
Info 'riscvOVPsim/cpu', 0x00000000800087e0(.l_shfli_685_Start): 6b91e8b7 lui     a7,0x6b91e
Info   a7 399b79b3 -> 6b91e000
Info 'riscvOVPsim/cpu', 0x00000000800087e4(.l_shfli_685_Start+4): 40288893 addi    a7,a7,1026
Info   a7 6b91e000 -> 6b91e402
Info 'riscvOVPsim/cpu', 0x00000000800087e8(.l_shfli_685_Start+8): 9f89a93 shfli   s5,a7,31
Info   s5 41f29b0e -> 7c9a8206
Info 'riscvOVPsim/cpu', 0x00000000800087ec(.l_shfli_685_Start+c): 7c9a8137 lui     sp,0x7c9a8
Info   sp 1bb22ab6 -> 7c9a8000
Info 'riscvOVPsim/cpu', 0x00000000800087f0(.l_shfli_685_Start+10): 20610113 addi    sp,sp,518
Info   sp 7c9a8000 -> 7c9a8206
Info 'riscvOVPsim/cpu', 0x00000000800087f4(.l_shfli_685_Start+14): 002a8a63 beq     s5,sp,80008808
Info 'riscvOVPsim/cpu', 0x0000000080008808(.l_unshfli_686_Start): 6be2af37 lui     t5,0x6be2a
Info   t5 2e272b88 -> 6be2a000
Info 'riscvOVPsim/cpu', 0x000000008000880c(.l_unshfli_686_Start+4): 52df0f13 addi    t5,t5,1325
Info   t5 6be2a000 -> 6be2a52d
Info 'riscvOVPsim/cpu', 0x0000000080008810(.l_unshfli_686_Start+8): abf5993 unshfli s3,t5,43
Info   s3 6bce0c88 -> 79c3d863
Info 'riscvOVPsim/cpu', 0x0000000080008814(.l_unshfli_686_Start+c): 79c3e3b7 lui     t2,0x79c3e
Info   t2 2296316f -> 79c3e000
Info 'riscvOVPsim/cpu', 0x0000000080008818(.l_unshfli_686_Start+10): 86338393 addi    t2,t2,-1949
Info   t2 79c3e000 -> 79c3d863
Info 'riscvOVPsim/cpu', 0x000000008000881c(.l_unshfli_686_Start+14): 00798a63 beq     s3,t2,80008830
Info 'riscvOVPsim/cpu', 0x0000000080008830(.l_andn_687_Start): 63057b37 lui     s6,0x63057
Info   s6 79b9081a -> 63057000
Info 'riscvOVPsim/cpu', 0x0000000080008834(.l_andn_687_Start+4): b0cb0b13 addi    s6,s6,-1268
Info   s6 63057000 -> 63056b0c
Info 'riscvOVPsim/cpu', 0x0000000080008838(.l_andn_687_Start+8): 14ab7db7 lui     s11,0x14ab7
Info   s11 163bf028 -> 14ab7000
Info 'riscvOVPsim/cpu', 0x000000008000883c(.l_andn_687_Start+c): 512d8d93 addi    s11,s11,1298
Info   s11 14ab7000 -> 14ab7512
Info 'riscvOVPsim/cpu', 0x0000000080008840(.l_andn_687_Start+10): 41bb70b3 andn    ra,s6,s11
Info   ra 0520eac7 -> 63040a0c
Info 'riscvOVPsim/cpu', 0x0000000080008844(.l_andn_687_Start+14): 630412b7 lui     t0,0x63041
Info   t0 7614a444 -> 63041000
Info 'riscvOVPsim/cpu', 0x0000000080008848(.l_andn_687_Start+18): a0c28293 addi    t0,t0,-1524
Info   t0 63041000 -> 63040a0c
Info 'riscvOVPsim/cpu', 0x000000008000884c(.l_andn_687_Start+1c): 00508a63 beq     ra,t0,80008860
Info 'riscvOVPsim/cpu', 0x0000000080008860(.l_orn_688_Start): 3f7b43b7 lui     t2,0x3f7b4
Info   t2 79c3d863 -> 3f7b4000
Info 'riscvOVPsim/cpu', 0x0000000080008864(.l_orn_688_Start+4): 43038393 addi    t2,t2,1072
Info   t2 3f7b4000 -> 3f7b4430
Info 'riscvOVPsim/cpu', 0x0000000080008868(.l_orn_688_Start+8): 35d0aab7 lui     s5,0x35d0a
Info   s5 7c9a8206 -> 35d0a000
Info 'riscvOVPsim/cpu', 0x000000008000886c(.l_orn_688_Start+c): c01a8a93 addi    s5,s5,-1023
Info   s5 35d0a000 -> 35d09c01
Info 'riscvOVPsim/cpu', 0x0000000080008870(.l_orn_688_Start+10): 4153e6b3 orn     a3,t2,s5
Info   a3 6bce0c88 -> ff7f67fe
Info 'riscvOVPsim/cpu', 0x0000000080008874(.l_orn_688_Start+14): ff7f61b7 lui     gp,0xff7f6
Info   gp 00000001 -> ff7f6000
Info 'riscvOVPsim/cpu', 0x0000000080008878(.l_orn_688_Start+18): 7fe18193 addi    gp,gp,2046
Info   gp ff7f6000 -> ff7f67fe
Info 'riscvOVPsim/cpu', 0x000000008000887c(.l_orn_688_Start+1c): 00368a63 beq     a3,gp,80008890
Info 'riscvOVPsim/cpu', 0x0000000080008890(.l_xnor_689_Start): 5e3a9937 lui     s2,0x5e3a9
Info   s2 00000000 -> 5e3a9000
Info 'riscvOVPsim/cpu', 0x0000000080008894(.l_xnor_689_Start+4): c3b90913 addi    s2,s2,-965
Info   s2 5e3a9000 -> 5e3a8c3b
Info 'riscvOVPsim/cpu', 0x0000000080008898(.l_xnor_689_Start+8): 72cff537 lui     a0,0x72cff
Info   a0 3de58bbe -> 72cff000
Info 'riscvOVPsim/cpu', 0x000000008000889c(.l_xnor_689_Start+c): b3150513 addi    a0,a0,-1231
Info   a0 72cff000 -> 72cfeb31
Info 'riscvOVPsim/cpu', 0x00000000800088a0(.l_xnor_689_Start+10): 40a948b3 xnor    a7,s2,a0
Info   a7 6b91e402 -> d30a98f5
Info 'riscvOVPsim/cpu', 0x00000000800088a4(.l_xnor_689_Start+14): d30aa337 lui     t1,0xd30aa
Info   t1 629aa224 -> d30aa000
Info 'riscvOVPsim/cpu', 0x00000000800088a8(.l_xnor_689_Start+18): 8f530313 addi    t1,t1,-1803
Info   t1 d30aa000 -> d30a98f5
Info 'riscvOVPsim/cpu', 0x00000000800088ac(.l_xnor_689_Start+1c): 00688a63 beq     a7,t1,800088c0
Info 'riscvOVPsim/cpu', 0x00000000800088c0(.l_slo_690_Start): 325356b7 lui     a3,0x32535
Info   a3 ff7f67fe -> 32535000
Info 'riscvOVPsim/cpu', 0x00000000800088c4(.l_slo_690_Start+4): 01f68693 addi    a3,a3,31
Info   a3 32535000 -> 3253501f
Info 'riscvOVPsim/cpu', 0x00000000800088c8(.l_slo_690_Start+8): 729da0b7 lui     ra,0x729da
Info   ra 63040a0c -> 729da000
Info 'riscvOVPsim/cpu', 0x00000000800088cc(.l_slo_690_Start+c): e4008093 addi    ra,ra,-448
Info   ra 729da000 -> 729d9e40
Info 'riscvOVPsim/cpu', 0x00000000800088d0(.l_slo_690_Start+10): 20169cb3 slo     s9,a3,ra
Info   s9 7b159103 -> 3253501f
Info 'riscvOVPsim/cpu', 0x00000000800088d4(.l_slo_690_Start+14): 32535b37 lui     s6,0x32535
Info   s6 63056b0c -> 32535000
Info 'riscvOVPsim/cpu', 0x00000000800088d8(.l_slo_690_Start+18): 01fb0b13 addi    s6,s6,31
Info   s6 32535000 -> 3253501f
Info 'riscvOVPsim/cpu', 0x00000000800088dc(.l_slo_690_Start+1c): 016c8a63 beq     s9,s6,800088f0
Info 'riscvOVPsim/cpu', 0x00000000800088f0(.l_sro_691_Start): 490ed0b7 lui     ra,0x490ed
Info   ra 729d9e40 -> 490ed000
Info 'riscvOVPsim/cpu', 0x00000000800088f4(.l_sro_691_Start+4): 38c08093 addi    ra,ra,908
Info   ra 490ed000 -> 490ed38c
Info 'riscvOVPsim/cpu', 0x00000000800088f8(.l_sro_691_Start+8): 3ad9f9b7 lui     s3,0x3ad9f
Info   s3 79c3d863 -> 3ad9f000
Info 'riscvOVPsim/cpu', 0x00000000800088fc(.l_sro_691_Start+c): a0f98993 addi    s3,s3,-1521
Info   s3 3ad9f000 -> 3ad9ea0f
Info 'riscvOVPsim/cpu', 0x0000000080008900(.l_sro_691_Start+10): 2130d433 sro     s0,ra,s3
Info   s0 629aa224 -> fffe921d
Info 'riscvOVPsim/cpu', 0x0000000080008904(.l_sro_691_Start+14): fffe95b7 lui     a1,0xfffe9
Info   a1 4949c5a2 -> fffe9000
Info 'riscvOVPsim/cpu', 0x0000000080008908(.l_sro_691_Start+18): 21d58593 addi    a1,a1,541
Info   a1 fffe9000 -> fffe921d
Info 'riscvOVPsim/cpu', 0x000000008000890c(.l_sro_691_Start+1c): 00b40a63 beq     s0,a1,80008920
Info 'riscvOVPsim/cpu', 0x0000000080008920(.l_rol_692_Start): 5bb7e6b7 lui     a3,0x5bb7e
Info   a3 3253501f -> 5bb7e000
Info 'riscvOVPsim/cpu', 0x0000000080008924(.l_rol_692_Start+4): bf268693 addi    a3,a3,-1038
Info   a3 5bb7e000 -> 5bb7dbf2
Info 'riscvOVPsim/cpu', 0x0000000080008928(.l_rol_692_Start+8): 02e462b7 lui     t0,0x2e46
Info   t0 63040a0c -> 02e46000
Info 'riscvOVPsim/cpu', 0x000000008000892c(.l_rol_692_Start+c): 31128293 addi    t0,t0,785
Info   t0 02e46000 -> 02e46311
Info 'riscvOVPsim/cpu', 0x0000000080008930(.l_rol_692_Start+10): 60569a33 rol     s4,a3,t0
Info   s4 2520126c -> b7e4b76f
Info 'riscvOVPsim/cpu', 0x0000000080008934(.l_rol_692_Start+14): b7e4b537 lui     a0,0xb7e4b
Info   a0 72cfeb31 -> b7e4b000
Info 'riscvOVPsim/cpu', 0x0000000080008938(.l_rol_692_Start+18): 76f50513 addi    a0,a0,1903
Info   a0 b7e4b000 -> b7e4b76f
Info 'riscvOVPsim/cpu', 0x000000008000893c(.l_rol_692_Start+1c): 00aa0a63 beq     s4,a0,80008950
Info 'riscvOVPsim/cpu', 0x0000000080008950(.l_ror_693_Start): 1f1e2fb7 lui     t6,0x1f1e2
Info   t6 399b79b3 -> 1f1e2000
Info 'riscvOVPsim/cpu', 0x0000000080008954(.l_ror_693_Start+4): a69f8f93 addi    t6,t6,-1431
Info   t6 1f1e2000 -> 1f1e1a69
Info 'riscvOVPsim/cpu', 0x0000000080008958(.l_ror_693_Start+8): 46e11c37 lui     s8,0x46e11
Info   s8 00000000 -> 46e11000
Info 'riscvOVPsim/cpu', 0x000000008000895c(.l_ror_693_Start+c): 977c0c13 addi    s8,s8,-1673
Info   s8 46e11000 -> 46e10977
Info 'riscvOVPsim/cpu', 0x0000000080008960(.l_ror_693_Start+10): 618fd0b3 ror     ra,t6,s8
Info   ra 490ed38c -> 3c34d23e
Info 'riscvOVPsim/cpu', 0x0000000080008964(.l_ror_693_Start+14): 3c34d9b7 lui     s3,0x3c34d
Info   s3 3ad9ea0f -> 3c34d000
Info 'riscvOVPsim/cpu', 0x0000000080008968(.l_ror_693_Start+18): 23e98993 addi    s3,s3,574
Info   s3 3c34d000 -> 3c34d23e
Info 'riscvOVPsim/cpu', 0x000000008000896c(.l_ror_693_Start+1c): 01308a63 beq     ra,s3,80008980
Info 'riscvOVPsim/cpu', 0x0000000080008980(.l_sbclr_694_Start): 6aeebdb7 lui     s11,0x6aeeb
Info   s11 14ab7512 -> 6aeeb000
Info 'riscvOVPsim/cpu', 0x0000000080008984(.l_sbclr_694_Start+4): 077d8d93 addi    s11,s11,119
Info   s11 6aeeb000 -> 6aeeb077
Info 'riscvOVPsim/cpu', 0x0000000080008988(.l_sbclr_694_Start+8): 3811e137 lui     sp,0x3811e
Info   sp 7c9a8206 -> 3811e000
Info 'riscvOVPsim/cpu', 0x000000008000898c(.l_sbclr_694_Start+c): 9f310113 addi    sp,sp,-1549
Info   sp 3811e000 -> 3811d9f3
Info 'riscvOVPsim/cpu', 0x0000000080008990(.l_sbclr_694_Start+10): 482d94b3 sbclr   s1,s11,sp
Info   s1 38590932 -> 6ae6b077
Info 'riscvOVPsim/cpu', 0x0000000080008994(.l_sbclr_694_Start+14): 6ae6bd37 lui     s10,0x6ae6b
Info   s10 310f7ab0 -> 6ae6b000
Info 'riscvOVPsim/cpu', 0x0000000080008998(.l_sbclr_694_Start+18): 077d0d13 addi    s10,s10,119
Info   s10 6ae6b000 -> 6ae6b077
Info 'riscvOVPsim/cpu', 0x000000008000899c(.l_sbclr_694_Start+1c): 01a48a63 beq     s1,s10,800089b0
Info 'riscvOVPsim/cpu', 0x00000000800089b0(.l_sbset_695_Start): 33d59237 lui     tp,0x33d59
Info   tp 4949c5a2 -> 33d59000
Info 'riscvOVPsim/cpu', 0x00000000800089b4(.l_sbset_695_Start+4): 60320213 addi    tp,tp,1539
Info   tp 33d59000 -> 33d59603
Info 'riscvOVPsim/cpu', 0x00000000800089b8(.l_sbset_695_Start+8): 40159a37 lui     s4,0x40159
Info   s4 b7e4b76f -> 40159000
Info 'riscvOVPsim/cpu', 0x00000000800089bc(.l_sbset_695_Start+c): 4d5a0a13 addi    s4,s4,1237
Info   s4 40159000 -> 401594d5
Info 'riscvOVPsim/cpu', 0x00000000800089c0(.l_sbset_695_Start+10): 294219b3 sbset   s3,tp,s4
Info   s3 3c34d23e -> 33f59603
Info 'riscvOVPsim/cpu', 0x00000000800089c4(.l_sbset_695_Start+14): 33f59537 lui     a0,0x33f59
Info   a0 b7e4b76f -> 33f59000
Info 'riscvOVPsim/cpu', 0x00000000800089c8(.l_sbset_695_Start+18): 60350513 addi    a0,a0,1539
Info   a0 33f59000 -> 33f59603
Info 'riscvOVPsim/cpu', 0x00000000800089cc(.l_sbset_695_Start+1c): 00a98a63 beq     s3,a0,800089e0
Info 'riscvOVPsim/cpu', 0x00000000800089e0(.l_sbinv_696_Start): 046022b7 lui     t0,0x4602
Info   t0 02e46311 -> 04602000
Info 'riscvOVPsim/cpu', 0x00000000800089e4(.l_sbinv_696_Start+4): a5728293 addi    t0,t0,-1449
Info   t0 04602000 -> 04601a57
Info 'riscvOVPsim/cpu', 0x00000000800089e8(.l_sbinv_696_Start+8): 3a11f437 lui     s0,0x3a11f
Info   s0 fffe921d -> 3a11f000
Info 'riscvOVPsim/cpu', 0x00000000800089ec(.l_sbinv_696_Start+c): 4e440413 addi    s0,s0,1252
Info   s0 3a11f000 -> 3a11f4e4
Info 'riscvOVPsim/cpu', 0x00000000800089f0(.l_sbinv_696_Start+10): 688294b3 sbinv   s1,t0,s0
Info   s1 6ae6b077 -> 04601a47
Info 'riscvOVPsim/cpu', 0x00000000800089f4(.l_sbinv_696_Start+14): 04602a37 lui     s4,0x4602
Info   s4 401594d5 -> 04602000
Info 'riscvOVPsim/cpu', 0x00000000800089f8(.l_sbinv_696_Start+18): a47a0a13 addi    s4,s4,-1465
Info   s4 04602000 -> 04601a47
Info 'riscvOVPsim/cpu', 0x00000000800089fc(.l_sbinv_696_Start+1c): 01448a63 beq     s1,s4,80008a10
Info 'riscvOVPsim/cpu', 0x0000000080008a10(.l_sbext_697_Start): 27237e37 lui     t3,0x27237
Info   t3 2520126c -> 27237000
Info 'riscvOVPsim/cpu', 0x0000000080008a14(.l_sbext_697_Start+4): 56ee0e13 addi    t3,t3,1390
Info   t3 27237000 -> 2723756e
Info 'riscvOVPsim/cpu', 0x0000000080008a18(.l_sbext_697_Start+8): 4f9489b7 lui     s3,0x4f948
Info   s3 33f59603 -> 4f948000
Info 'riscvOVPsim/cpu', 0x0000000080008a1c(.l_sbext_697_Start+c): 05498993 addi    s3,s3,84
Info   s3 4f948000 -> 4f948054
Info 'riscvOVPsim/cpu', 0x0000000080008a20(.l_sbext_697_Start+10): 493e5fb3 sbext   t6,t3,s3
Info   t6 1f1e1a69 -> 00000000
Info 'riscvOVPsim/cpu', 0x0000000080008a24(.l_sbext_697_Start+14): 00000a93 mv      s5,zero
Info   s5 35d09c01 -> 00000000
Info 'riscvOVPsim/cpu', 0x0000000080008a28(.l_sbext_697_Start+18): 015f8a63 beq     t6,s5,80008a3c
Info 'riscvOVPsim/cpu', 0x0000000080008a3c(.l_grev_698_Start): 25e46337 lui     t1,0x25e46
Info   t1 d30a98f5 -> 25e46000
Info 'riscvOVPsim/cpu', 0x0000000080008a40(.l_grev_698_Start+4): 60f30313 addi    t1,t1,1551
Info   t1 25e46000 -> 25e4660f
Info 'riscvOVPsim/cpu', 0x0000000080008a44(.l_grev_698_Start+8): 2785f537 lui     a0,0x2785f
Info   a0 33f59603 -> 2785f000
Info 'riscvOVPsim/cpu', 0x0000000080008a48(.l_grev_698_Start+c): 74150513 addi    a0,a0,1857
Info   a0 2785f000 -> 2785f741
Info 'riscvOVPsim/cpu', 0x0000000080008a4c(.l_grev_698_Start+10): 68a358b3 grev    a7,t1,a0
Info   a7 d30a98f5 -> 1ad8990f
Info 'riscvOVPsim/cpu', 0x0000000080008a50(.l_grev_698_Start+14): 1ad8ab37 lui     s6,0x1ad8a
Info   s6 3253501f -> 1ad8a000
Info 'riscvOVPsim/cpu', 0x0000000080008a54(.l_grev_698_Start+18): 90fb0b13 addi    s6,s6,-1777
Info   s6 1ad8a000 -> 1ad8990f
Info 'riscvOVPsim/cpu', 0x0000000080008a58(.l_grev_698_Start+1c): 01688a63 beq     a7,s6,80008a6c
Info 'riscvOVPsim/cpu', 0x0000000080008a6c(.l_sloi_699_Start): 1d8745b7 lui     a1,0x1d874
Info   a1 fffe921d -> 1d874000
Info 'riscvOVPsim/cpu', 0x0000000080008a70(.l_sloi_699_Start+4): ac258593 addi    a1,a1,-1342
Info   a1 1d874000 -> 1d873ac2
Info 'riscvOVPsim/cpu', 0x0000000080008a74(.l_sloi_699_Start+8): 20359913 sloi    s2,a1,3
Info   s2 5e3a8c3b -> ec39d617
Info 'riscvOVPsim/cpu', 0x0000000080008a78(.l_sloi_699_Start+c): ec39d2b7 lui     t0,0xec39d
Info   t0 04601a57 -> ec39d000
Info 'riscvOVPsim/cpu', 0x0000000080008a7c(.l_sloi_699_Start+10): 61728293 addi    t0,t0,1559
Info   t0 ec39d000 -> ec39d617
Info 'riscvOVPsim/cpu', 0x0000000080008a80(.l_sloi_699_Start+14): 00590a63 beq     s2,t0,80008a94
Info 'riscvOVPsim/cpu', 0x0000000080008a94(.l_sroi_700_Start): 00000013 nop
Info 'riscvOVPsim/cpu', 0x0000000080008a98(.l_sroi_700_Start+4): 22605b93 sroi    s7,zero,38
Info   s7 674df823 -> fc000000
Info 'riscvOVPsim/cpu', 0x0000000080008a9c(.l_sroi_700_Start+8): fc0008b7 lui     a7,0xfc000
Info   a7 1ad8990f -> fc000000
Info 'riscvOVPsim/cpu', 0x0000000080008aa0(.l_sroi_700_Start+c): 011b8a63 beq     s7,a7,80008ab4
Info 'riscvOVPsim/cpu', 0x0000000080008ab4(.l_rori_701_Start): 2499e537 lui     a0,0x2499e
Info   a0 2785f741 -> 2499e000
Info 'riscvOVPsim/cpu', 0x0000000080008ab8(.l_rori_701_Start+4): 0cf50513 addi    a0,a0,207
Info   a0 2499e000 -> 2499e0cf
Info 'riscvOVPsim/cpu', 0x0000000080008abc(.l_rori_701_Start+8): 62055093 rori    ra,a0,32
Info   ra 3c34d23e -> 2499e0cf
Info 'riscvOVPsim/cpu', 0x0000000080008ac0(.l_rori_701_Start+c): 2499eeb7 lui     t4,0x2499e
Info   t4 28202a80 -> 2499e000
Info 'riscvOVPsim/cpu', 0x0000000080008ac4(.l_rori_701_Start+10): 0cfe8e93 addi    t4,t4,207
Info   t4 2499e000 -> 2499e0cf
Info 'riscvOVPsim/cpu', 0x0000000080008ac8(.l_rori_701_Start+14): 01d08a63 beq     ra,t4,80008adc
Info 'riscvOVPsim/cpu', 0x0000000080008adc(.l_sbclri_702_Start): 573f8db7 lui     s11,0x573f8
Info   s11 6aeeb077 -> 573f8000
Info 'riscvOVPsim/cpu', 0x0000000080008ae0(.l_sbclri_702_Start+4): e1fd8d93 addi    s11,s11,-481
Info   s11 573f8000 -> 573f7e1f
Info 'riscvOVPsim/cpu', 0x0000000080008ae4(.l_sbclri_702_Start+8): 480d9493 sbclri  s1,s11,0
Info   s1 04601a47 -> 573f7e1e
Info 'riscvOVPsim/cpu', 0x0000000080008ae8(.l_sbclri_702_Start+c): 573f8b37 lui     s6,0x573f8
Info   s6 1ad8990f -> 573f8000
Info 'riscvOVPsim/cpu', 0x0000000080008aec(.l_sbclri_702_Start+10): e1eb0b13 addi    s6,s6,-482
Info   s6 573f8000 -> 573f7e1e
Info 'riscvOVPsim/cpu', 0x0000000080008af0(.l_sbclri_702_Start+14): 01648a63 beq     s1,s6,80008b04
Info 'riscvOVPsim/cpu', 0x0000000080008b04(.l_sbseti_703_Start): 4bb02eb7 lui     t4,0x4bb02
Info   t4 2499e0cf -> 4bb02000
Info 'riscvOVPsim/cpu', 0x0000000080008b08(.l_sbseti_703_Start+4): dcbe8e93 addi    t4,t4,-565
Info   t4 4bb02000 -> 4bb01dcb
Info 'riscvOVPsim/cpu', 0x0000000080008b0c(.l_sbseti_703_Start+8): 2b2e9f93 sbseti  t6,t4,50
Info   t6 00000000 -> 4bb41dcb
Info 'riscvOVPsim/cpu', 0x0000000080008b10(.l_sbseti_703_Start+c): 4bb42cb7 lui     s9,0x4bb42
Info   s9 3253501f -> 4bb42000
Info 'riscvOVPsim/cpu', 0x0000000080008b14(.l_sbseti_703_Start+10): dcbc8c93 addi    s9,s9,-565
Info   s9 4bb42000 -> 4bb41dcb
Info 'riscvOVPsim/cpu', 0x0000000080008b18(.l_sbseti_703_Start+14): 019f8a63 beq     t6,s9,80008b2c
Info 'riscvOVPsim/cpu', 0x0000000080008b2c(.l_sbinvi_704_Start): 539ef137 lui     sp,0x539ef
Info   sp 3811d9f3 -> 539ef000
Info 'riscvOVPsim/cpu', 0x0000000080008b30(.l_sbinvi_704_Start+4): 92b10113 addi    sp,sp,-1749
Info   sp 539ef000 -> 539ee92b
Info 'riscvOVPsim/cpu', 0x0000000080008b34(.l_sbinvi_704_Start+8): 6b111313 sbinvi  t1,sp,49
Info   t1 25e4660f -> 539ce92b
Info 'riscvOVPsim/cpu', 0x0000000080008b38(.l_sbinvi_704_Start+c): 539cfe37 lui     t3,0x539cf
Info   t3 2723756e -> 539cf000
Info 'riscvOVPsim/cpu', 0x0000000080008b3c(.l_sbinvi_704_Start+10): 92be0e13 addi    t3,t3,-1749
Info   t3 539cf000 -> 539ce92b
Info 'riscvOVPsim/cpu', 0x0000000080008b40(.l_sbinvi_704_Start+14): 01c30a63 beq     t1,t3,80008b54
Info 'riscvOVPsim/cpu', 0x0000000080008b54(.l_sbexti_705_Start): 564458b7 lui     a7,0x56445
Info   a7 fc000000 -> 56445000
Info 'riscvOVPsim/cpu', 0x0000000080008b58(.l_sbexti_705_Start+4): 99588893 addi    a7,a7,-1643
Info   a7 56445000 -> 56444995
Info 'riscvOVPsim/cpu', 0x0000000080008b5c(.l_sbexti_705_Start+8): 4bd8d093 sbexti  ra,a7,61
Info   ra 2499e0cf -> 00000000
Info 'riscvOVPsim/cpu', 0x0000000080008b60(.l_sbexti_705_Start+c): 00000e93 mv      t4,zero
Info   t4 4bb01dcb -> 00000000
Info 'riscvOVPsim/cpu', 0x0000000080008b64(.l_sbexti_705_Start+10): 01d08a63 beq     ra,t4,80008b78
Info 'riscvOVPsim/cpu', 0x0000000080008b78(.l_grevi_706_Start): 67841737 lui     a4,0x67841
Info   a4 0dff01d3 -> 67841000
Info 'riscvOVPsim/cpu', 0x0000000080008b7c(.l_grevi_706_Start+4): 53470713 addi    a4,a4,1332
Info   a4 67841000 -> 67841534
Info 'riscvOVPsim/cpu', 0x0000000080008b80(.l_grevi_706_Start+8): 68c75493 grevi   s1,a4,12
Info   s1 573f7e1e -> 48764351
Info 'riscvOVPsim/cpu', 0x0000000080008b84(.l_grevi_706_Start+c): 48764ab7 lui     s5,0x48764
Info   s5 00000000 -> 48764000
Info 'riscvOVPsim/cpu', 0x0000000080008b88(.l_grevi_706_Start+10): 351a8a93 addi    s5,s5,849
Info   s5 48764000 -> 48764351
Info 'riscvOVPsim/cpu', 0x0000000080008b8c(.l_grevi_706_Start+14): 01548a63 beq     s1,s5,80008ba0
Info 'riscvOVPsim/cpu', 0x0000000080008ba0(.l_cmix_707_Start): 5efd15b7 lui     a1,0x5efd1
Info   a1 1d873ac2 -> 5efd1000
Info 'riscvOVPsim/cpu', 0x0000000080008ba4(.l_cmix_707_Start+4): cad58593 addi    a1,a1,-851
Info   a1 5efd1000 -> 5efd0cad
Info 'riscvOVPsim/cpu', 0x0000000080008ba8(.l_cmix_707_Start+8): 1bc48f37 lui     t5,0x1bc48
Info   t5 6be2a52d -> 1bc48000
Info 'riscvOVPsim/cpu', 0x0000000080008bac(.l_cmix_707_Start+c): 721f0f13 addi    t5,t5,1825
Info   t5 1bc48000 -> 1bc48721
Info 'riscvOVPsim/cpu', 0x0000000080008bb0(.l_cmix_707_Start+10): 26220c37 lui     s8,0x26220
Info   s8 46e10977 -> 26220000
Info 'riscvOVPsim/cpu', 0x0000000080008bb4(.l_cmix_707_Start+14): d51c0c13 addi    s8,s8,-687
Info   s8 26220000 -> 2621fd51
Info 'riscvOVPsim/cpu', 0x0000000080008bb8(.l_cmix_707_Start+18): c7e59bb3 cmix    s7,a1,t5,s8
Info   s7 fc000000 -> 3ee57c71
Info 'riscvOVPsim/cpu', 0x0000000080008bbc(.l_cmix_707_Start+1c): 3ee588b7 lui     a7,0x3ee58
Info   a7 56444995 -> 3ee58000
Info 'riscvOVPsim/cpu', 0x0000000080008bc0(.l_cmix_707_Start+20): c7188893 addi    a7,a7,-911
Info   a7 3ee58000 -> 3ee57c71
Info 'riscvOVPsim/cpu', 0x0000000080008bc4(.l_cmix_707_Start+24): 011b8a63 beq     s7,a7,80008bd8
Info 'riscvOVPsim/cpu', 0x0000000080008bd8(.l_cmov_708_Start): 0f1e80b7 lui     ra,0xf1e8
Info   ra 00000000 -> 0f1e8000
Info 'riscvOVPsim/cpu', 0x0000000080008bdc(.l_cmov_708_Start+4): 9a208093 addi    ra,ra,-1630
Info   ra 0f1e8000 -> 0f1e79a2
Info 'riscvOVPsim/cpu', 0x0000000080008be0(.l_cmov_708_Start+8): 2048c837 lui     a6,0x2048c
Info   a6 399b7b93 -> 2048c000
Info 'riscvOVPsim/cpu', 0x0000000080008be4(.l_cmov_708_Start+c): 49e80813 addi    a6,a6,1182
Info   a6 2048c000 -> 2048c49e
Info 'riscvOVPsim/cpu', 0x0000000080008be8(.l_cmov_708_Start+10): 0c4ee6b7 lui     a3,0xc4ee
Info   a3 5bb7dbf2 -> 0c4ee000
Info 'riscvOVPsim/cpu', 0x0000000080008bec(.l_cmov_708_Start+14): 34968693 addi    a3,a3,841
Info   a3 0c4ee000 -> 0c4ee349
Info 'riscvOVPsim/cpu', 0x0000000080008bf0(.l_cmov_708_Start+18): 6f00d733 cmov    a4,ra,a6,a3
Info   a4 67841534 -> 0f1e79a2
Info 'riscvOVPsim/cpu', 0x0000000080008bf4(.l_cmov_708_Start+1c): 0f1e82b7 lui     t0,0xf1e8
Info   t0 ec39d617 -> 0f1e8000
Info 'riscvOVPsim/cpu', 0x0000000080008bf8(.l_cmov_708_Start+20): 9a228293 addi    t0,t0,-1630
Info   t0 0f1e8000 -> 0f1e79a2
Info 'riscvOVPsim/cpu', 0x0000000080008bfc(.l_cmov_708_Start+24): 00570a63 beq     a4,t0,80008c10
Info 'riscvOVPsim/cpu', 0x0000000080008c10(.l_fsl_709_Start): 00000013 nop
Info 'riscvOVPsim/cpu', 0x0000000080008c14(.l_fsl_709_Start+4): 57202db7 lui     s11,0x57202
Info   s11 573f7e1f -> 57202000
Info 'riscvOVPsim/cpu', 0x0000000080008c18(.l_fsl_709_Start+8): c3cd8d93 addi    s11,s11,-964
Info   s11 57202000 -> 57201c3c
Info 'riscvOVPsim/cpu', 0x0000000080008c1c(.l_fsl_709_Start+c): 1be2dc37 lui     s8,0x1be2d
Info   s8 2621fd51 -> 1be2d000
Info 'riscvOVPsim/cpu', 0x0000000080008c20(.l_fsl_709_Start+10): 809c0c13 addi    s8,s8,-2039
Info   s8 1be2d000 -> 1be2c809
Info 'riscvOVPsim/cpu', 0x0000000080008c24(.l_fsl_709_Start+14): c5b01433 fsl     s0,zero,s11,s8
Info   s0 3a11f4e4 -> 90000000
Info 'riscvOVPsim/cpu', 0x0000000080008c28(.l_fsl_709_Start+18): 900003b7 lui     t2,0x90000
Info   t2 3f7b4430 -> 90000000
Info 'riscvOVPsim/cpu', 0x0000000080008c2c(.l_fsl_709_Start+1c): 00740a63 beq     s0,t2,80008c40
Info 'riscvOVPsim/cpu', 0x0000000080008c40(.l_fsr_710_Start): 6d452437 lui     s0,0x6d452
Info   s0 90000000 -> 6d452000
Info 'riscvOVPsim/cpu', 0x0000000080008c44(.l_fsr_710_Start+4): b2a40413 addi    s0,s0,-1238
Info   s0 6d452000 -> 6d451b2a
Info 'riscvOVPsim/cpu', 0x0000000080008c48(.l_fsr_710_Start+8): 64daef37 lui     t5,0x64dae
Info   t5 1bc48721 -> 64dae000
Info 'riscvOVPsim/cpu', 0x0000000080008c4c(.l_fsr_710_Start+c): 95bf0f13 addi    t5,t5,-1701
Info   t5 64dae000 -> 64dad95b
Info 'riscvOVPsim/cpu', 0x0000000080008c50(.l_fsr_710_Start+10): 32122937 lui     s2,0x32122
Info   s2 ec39d617 -> 32122000
Info 'riscvOVPsim/cpu', 0x0000000080008c54(.l_fsr_710_Start+14): fca90913 addi    s2,s2,-54
Info   s2 32122000 -> 32121fca
Info 'riscvOVPsim/cpu', 0x0000000080008c58(.l_fsr_710_Start+18): 95e45433 fsr     s0,s0,t5,s2
Info   s0 6d451b2a -> 4243f94d
Info 'riscvOVPsim/cpu', 0x0000000080008c5c(.l_fsr_710_Start+1c): 42440cb7 lui     s9,0x42440
Info   s9 4bb41dcb -> 42440000
Info 'riscvOVPsim/cpu', 0x0000000080008c60(.l_fsr_710_Start+20): 94dc8c93 addi    s9,s9,-1715
Info   s9 42440000 -> 4243f94d
Info 'riscvOVPsim/cpu', 0x0000000080008c64(.l_fsr_710_Start+24): 01940a63 beq     s0,s9,80008c78
Info 'riscvOVPsim/cpu', 0x0000000080008c78(.l_fsri_711_Start): 4b726337 lui     t1,0x4b726
Info   t1 539ce92b -> 4b726000
Info 'riscvOVPsim/cpu', 0x0000000080008c7c(.l_fsri_711_Start+4): 85630313 addi    t1,t1,-1962
Info   t1 4b726000 -> 4b725856
Info 'riscvOVPsim/cpu', 0x0000000080008c80(.l_fsri_711_Start+8): 165074b7 lui     s1,0x16507
Info   s1 48764351 -> 16507000
Info 'riscvOVPsim/cpu', 0x0000000080008c84(.l_fsri_711_Start+c): ddb48493 addi    s1,s1,-549
Info   s1 16507000 -> 16506ddb
Info 'riscvOVPsim/cpu', 0x0000000080008c88(.l_fsri_711_Start+10): 4da35113 fsri    sp,t1,s1,26
Info   sp 539ee92b -> 941b76d2
Info 'riscvOVPsim/cpu', 0x0000000080008c8c(.l_fsri_711_Start+14): 941b7c37 lui     s8,0x941b7
Info   s8 1be2c809 -> 941b7000
Info 'riscvOVPsim/cpu', 0x0000000080008c90(.l_fsri_711_Start+18): 6d2c0c13 addi    s8,s8,1746
Info   s8 941b7000 -> 941b76d2
Info 'riscvOVPsim/cpu', 0x0000000080008c94(.l_fsri_711_Start+1c): 01810a63 beq     sp,s8,80008ca8
Info 'riscvOVPsim/cpu', 0x0000000080008ca8(.l_clz_712_Start): 093db237 lui     tp,0x93db
Info   tp 33d59603 -> 093db000
Info 'riscvOVPsim/cpu', 0x0000000080008cac(.l_clz_712_Start+4): a1d20213 addi    tp,tp,-1507
Info   tp 093db000 -> 093daa1d
Info 'riscvOVPsim/cpu', 0x0000000080008cb0(.l_clz_712_Start+8): 60021693 clz     a3,tp
Info   a3 0c4ee349 -> 00000004
Info 'riscvOVPsim/cpu', 0x0000000080008cb4(.l_clz_712_Start+c): 00400e13 addi    t3,zero,4
Info   t3 539ce92b -> 00000004
Info 'riscvOVPsim/cpu', 0x0000000080008cb8(.l_clz_712_Start+10): 01c68a63 beq     a3,t3,80008ccc
Info 'riscvOVPsim/cpu', 0x0000000080008ccc(.l_ctz_713_Start): 4a582db7 lui     s11,0x4a582
Info   s11 57201c3c -> 4a582000
Info 'riscvOVPsim/cpu', 0x0000000080008cd0(.l_ctz_713_Start+4): 750d8d93 addi    s11,s11,1872
Info   s11 4a582000 -> 4a582750
Info 'riscvOVPsim/cpu', 0x0000000080008cd4(.l_ctz_713_Start+8): 601d9913 ctz     s2,s11
Info   s2 32121fca -> 00000004
Info 'riscvOVPsim/cpu', 0x0000000080008cd8(.l_ctz_713_Start+c): 00400893 addi    a7,zero,4
Info   a7 3ee57c71 -> 00000004
Info 'riscvOVPsim/cpu', 0x0000000080008cdc(.l_ctz_713_Start+10): 01190a63 beq     s2,a7,80008cf0
Info 'riscvOVPsim/cpu', 0x0000000080008cf0(.l_pcnt_714_Start): 3b3283b7 lui     t2,0x3b328
Info   t2 90000000 -> 3b328000
Info 'riscvOVPsim/cpu', 0x0000000080008cf4(.l_pcnt_714_Start+4): 05f38393 addi    t2,t2,95
Info   t2 3b328000 -> 3b32805f
Info 'riscvOVPsim/cpu', 0x0000000080008cf8(.l_pcnt_714_Start+8): 60239213 pcnt    tp,t2
Info   tp 093daa1d -> 0000000f
Info 'riscvOVPsim/cpu', 0x0000000080008cfc(.l_pcnt_714_Start+c): 00f00093 addi    ra,zero,15
Info   ra 0f1e79a2 -> 0000000f
Info 'riscvOVPsim/cpu', 0x0000000080008d00(.l_pcnt_714_Start+10): 00120a63 beq     tp,ra,80008d14
Info 'riscvOVPsim/cpu', 0x0000000080008d14(.l_crc32_b_715_Start): 4c8c5db7 lui     s11,0x4c8c5
Info   s11 4a582750 -> 4c8c5000
Info 'riscvOVPsim/cpu', 0x0000000080008d18(.l_crc32_b_715_Start+4): d85d8d93 addi    s11,s11,-635
Info   s11 4c8c5000 -> 4c8c4d85
Info 'riscvOVPsim/cpu', 0x0000000080008d1c(.l_crc32_b_715_Start+8): 610d9e13 crc32.b t3,s11
Info   t3 00000004 -> 9d9efbe2
Info 'riscvOVPsim/cpu', 0x0000000080008d20(.l_crc32_b_715_Start+c): 9d9f0437 lui     s0,0x9d9f0
Info   s0 4243f94d -> 9d9f0000
Info 'riscvOVPsim/cpu', 0x0000000080008d24(.l_crc32_b_715_Start+10): be240413 addi    s0,s0,-1054
Info   s0 9d9f0000 -> 9d9efbe2
Info 'riscvOVPsim/cpu', 0x0000000080008d28(.l_crc32_b_715_Start+14): 008e0a63 beq     t3,s0,80008d3c
Info 'riscvOVPsim/cpu', 0x0000000080008d3c(.l_crc32_h_716_Start): 01d723b7 lui     t2,0x1d72
Info   t2 3b32805f -> 01d72000
Info 'riscvOVPsim/cpu', 0x0000000080008d40(.l_crc32_h_716_Start+4): d5938393 addi    t2,t2,-679
Info   t2 01d72000 -> 01d71d59
Info 'riscvOVPsim/cpu', 0x0000000080008d44(.l_crc32_h_716_Start+8): 61139193 crc32.h gp,t2
Info   gp ff7f67fe -> 087f8b13
Info 'riscvOVPsim/cpu', 0x0000000080008d48(.l_crc32_h_716_Start+c): 087f95b7 lui     a1,0x87f9
Info   a1 5efd0cad -> 087f9000
Info 'riscvOVPsim/cpu', 0x0000000080008d4c(.l_crc32_h_716_Start+10): b1358593 addi    a1,a1,-1261
Info   a1 087f9000 -> 087f8b13
Info 'riscvOVPsim/cpu', 0x0000000080008d50(.l_crc32_h_716_Start+14): 00b18a63 beq     gp,a1,80008d64
Info 'riscvOVPsim/cpu', 0x0000000080008d64(.l_crc32_w_717_Start): 11365937 lui     s2,0x11365
Info   s2 00000004 -> 11365000
Info 'riscvOVPsim/cpu', 0x0000000080008d68(.l_crc32_w_717_Start+4): 07490913 addi    s2,s2,116
Info   s2 11365000 -> 11365074
Info 'riscvOVPsim/cpu', 0x0000000080008d6c(.l_crc32_w_717_Start+8): 61291913 crc32.w s2,s2
Info   s2 11365074 -> 6b4da8fc
Info 'riscvOVPsim/cpu', 0x0000000080008d70(.l_crc32_w_717_Start+c): 6b4db4b7 lui     s1,0x6b4db
Info   s1 16506ddb -> 6b4db000
Info 'riscvOVPsim/cpu', 0x0000000080008d74(.l_crc32_w_717_Start+10): 8fc48493 addi    s1,s1,-1796
Info   s1 6b4db000 -> 6b4da8fc
Info 'riscvOVPsim/cpu', 0x0000000080008d78(.l_crc32_w_717_Start+14): 00990a63 beq     s2,s1,80008d8c
Info 'riscvOVPsim/cpu', 0x0000000080008d8c(.l_crc32c_b_718_Start): 27c806b7 lui     a3,0x27c80
Info   a3 00000004 -> 27c80000
Info 'riscvOVPsim/cpu', 0x0000000080008d90(.l_crc32c_b_718_Start+4): 8b568693 addi    a3,a3,-1867
Info   a3 27c80000 -> 27c7f8b5
Info 'riscvOVPsim/cpu', 0x0000000080008d94(.l_crc32c_b_718_Start+8): 61869c93 crc32c.b s9,a3
Info   s9 4243f94d -> 87c3a12d
Info 'riscvOVPsim/cpu', 0x0000000080008d98(.l_crc32c_b_718_Start+c): 87c3ae37 lui     t3,0x87c3a
Info   t3 9d9efbe2 -> 87c3a000
Info 'riscvOVPsim/cpu', 0x0000000080008d9c(.l_crc32c_b_718_Start+10): 12de0e13 addi    t3,t3,301
Info   t3 87c3a000 -> 87c3a12d
Info 'riscvOVPsim/cpu', 0x0000000080008da0(.l_crc32c_b_718_Start+14): 01cc8a63 beq     s9,t3,80008db4
Info 'riscvOVPsim/cpu', 0x0000000080008db4(.l_crc32c_h_719_Start): 55a3c4b7 lui     s1,0x55a3c
Info   s1 6b4da8fc -> 55a3c000
Info 'riscvOVPsim/cpu', 0x0000000080008db8(.l_crc32c_h_719_Start+4): 4a848493 addi    s1,s1,1192
Info   s1 55a3c000 -> 55a3c4a8
Info 'riscvOVPsim/cpu', 0x0000000080008dbc(.l_crc32c_h_719_Start+8): 61949193 crc32c.h gp,s1
Info   gp 087f8b13 -> 1d4b3e3b
Info 'riscvOVPsim/cpu', 0x0000000080008dc0(.l_crc32c_h_719_Start+c): 1d4b4337 lui     t1,0x1d4b4
Info   t1 4b725856 -> 1d4b4000
Info 'riscvOVPsim/cpu', 0x0000000080008dc4(.l_crc32c_h_719_Start+10): e3b30313 addi    t1,t1,-453
Info   t1 1d4b4000 -> 1d4b3e3b
Info 'riscvOVPsim/cpu', 0x0000000080008dc8(.l_crc32c_h_719_Start+14): 00618a63 beq     gp,t1,80008ddc
Info 'riscvOVPsim/cpu', 0x0000000080008ddc(.l_crc32c_w_720_Start): 00000013 nop
Info 'riscvOVPsim/cpu', 0x0000000080008de0(.l_crc32c_w_720_Start+4): 61a01293 crc32c.w t0,zero
Info   t0 0f1e79a2 -> 00000000
Info 'riscvOVPsim/cpu', 0x0000000080008de4(.l_crc32c_w_720_Start+8): 00000193 mv      gp,zero
Info   gp 1d4b3e3b -> 00000000
Info 'riscvOVPsim/cpu', 0x0000000080008de8(.l_crc32c_w_720_Start+c): 00328a63 beq     t0,gp,80008dfc
Info 'riscvOVPsim/cpu', 0x0000000080008dfc(.l_clmul_721_Start): 00000013 nop
Info 'riscvOVPsim/cpu', 0x0000000080008e00(.l_clmul_721_Start+4): 5e0a1537 lui     a0,0x5e0a1
Info   a0 2499e0cf -> 5e0a1000
Info 'riscvOVPsim/cpu', 0x0000000080008e04(.l_clmul_721_Start+8): 12750513 addi    a0,a0,295
Info   a0 5e0a1000 -> 5e0a1127
Info 'riscvOVPsim/cpu', 0x0000000080008e08(.l_clmul_721_Start+c): aa01033 clmul   zero,zero,a0
Info 'riscvOVPsim/cpu', 0x0000000080008e0c(.l_clmul_721_Start+10): 00000993 mv      s3,zero
Info   s3 4f948054 -> 00000000
Info 'riscvOVPsim/cpu', 0x0000000080008e10(.l_clmul_721_Start+14): 01300a63 beq     zero,s3,80008e24
Info 'riscvOVPsim/cpu', 0x0000000080008e24(.l_clmulr_722_Start): 5a11d237 lui     tp,0x5a11d
Info   tp 0000000f -> 5a11d000
Info 'riscvOVPsim/cpu', 0x0000000080008e28(.l_clmulr_722_Start+4): 18020213 addi    tp,tp,384
Info   tp 5a11d000 -> 5a11d180
Info 'riscvOVPsim/cpu', 0x0000000080008e2c(.l_clmulr_722_Start+8): 7051e3b7 lui     t2,0x7051e
Info   t2 01d71d59 -> 7051e000
Info 'riscvOVPsim/cpu', 0x0000000080008e30(.l_clmulr_722_Start+c): 9f038393 addi    t2,t2,-1552
Info   t2 7051e000 -> 7051d9f0
Info 'riscvOVPsim/cpu', 0x0000000080008e34(.l_clmulr_722_Start+10): aa01033 clmul   zero,zero,a0
Info   s11 4c8c4d85 -> 30e82145
Info 'riscvOVPsim/cpu', 0x0000000080008e38(.l_clmulr_722_Start+14): 30e821b7 lui     gp,0x30e82
Info   gp 00000000 -> 30e82000
Info 'riscvOVPsim/cpu', 0x0000000080008e3c(.l_clmulr_722_Start+18): 14518193 addi    gp,gp,325
Info   gp 30e82000 -> 30e82145
Info 'riscvOVPsim/cpu', 0x0000000080008e40(.l_clmulr_722_Start+1c): 003d8a63 beq     s11,gp,80008e54
Info 'riscvOVPsim/cpu', 0x0000000080008e54(.l_clmulh_723_Start): 133201b7 lui     gp,0x13320
Info   gp 30e82145 -> 13320000
Info 'riscvOVPsim/cpu', 0x0000000080008e58(.l_clmulh_723_Start+4): 19d18193 addi    gp,gp,413
Info   gp 13320000 -> 1332019d
Info 'riscvOVPsim/cpu', 0x0000000080008e5c(.l_clmulh_723_Start+8): 700fbbb7 lui     s7,0x700fb
Info   s7 3ee57c71 -> 700fb000
Info 'riscvOVPsim/cpu', 0x0000000080008e60(.l_clmulh_723_Start+c): 929b8b93 addi    s7,s7,-1751
Info   s7 700fb000 -> 700fa929
Info 'riscvOVPsim/cpu', 0x0000000080008e64(.l_clmulh_723_Start+10): b71beb3 clmulh  t4,gp,s7
Info   t4 00000000 -> 07990b34
Info 'riscvOVPsim/cpu', 0x0000000080008e68(.l_clmulh_723_Start+14): 07991c37 lui     s8,0x7991
Info   s8 941b76d2 -> 07991000
Info 'riscvOVPsim/cpu', 0x0000000080008e6c(.l_clmulh_723_Start+18): b34c0c13 addi    s8,s8,-1228
Info   s8 07991000 -> 07990b34
Info 'riscvOVPsim/cpu', 0x0000000080008e70(.l_clmulh_723_Start+1c): 018e8a63 beq     t4,s8,80008e84
Info 'riscvOVPsim/cpu', 0x0000000080008e84(.l_min_724_Start): 6779c0b7 lui     ra,0x6779c
Info   ra 0000000f -> 6779c000
Info 'riscvOVPsim/cpu', 0x0000000080008e88(.l_min_724_Start+4): 78e08093 addi    ra,ra,1934
Info   ra 6779c000 -> 6779c78e
Info 'riscvOVPsim/cpu', 0x0000000080008e8c(.l_min_724_Start+8): 0d083eb7 lui     t4,0xd083
Info   t4 07990b34 -> 0d083000
Info 'riscvOVPsim/cpu', 0x0000000080008e90(.l_min_724_Start+c): 0cbe8e93 addi    t4,t4,203
Info   t4 0d083000 -> 0d0830cb
Info 'riscvOVPsim/cpu', 0x0000000080008e94(.l_min_724_Start+10): bd0c333 min     t1,ra,t4
Info   t1 1d4b3e3b -> 0d0830cb
Info 'riscvOVPsim/cpu', 0x0000000080008e98(.l_min_724_Start+14): 0d083c37 lui     s8,0xd083
Info   s8 07990b34 -> 0d083000
Info 'riscvOVPsim/cpu', 0x0000000080008e9c(.l_min_724_Start+18): 0cbc0c13 addi    s8,s8,203
Info   s8 0d083000 -> 0d0830cb
Info 'riscvOVPsim/cpu', 0x0000000080008ea0(.l_min_724_Start+1c): 01830a63 beq     t1,s8,80008eb4
Info 'riscvOVPsim/cpu', 0x0000000080008eb4(.l_max_725_Start): 28ee78b7 lui     a7,0x28ee7
Info   a7 00000004 -> 28ee7000
Info 'riscvOVPsim/cpu', 0x0000000080008eb8(.l_max_725_Start+4): d5988893 addi    a7,a7,-679
Info   a7 28ee7000 -> 28ee6d59
Info 'riscvOVPsim/cpu', 0x0000000080008ebc(.l_max_725_Start+8): 03900a37 lui     s4,0x3900
Info   s4 04601a47 -> 03900000
Info 'riscvOVPsim/cpu', 0x0000000080008ec0(.l_max_725_Start+c): 5daa0a13 addi    s4,s4,1498
Info   s4 03900000 -> 039005da
Info 'riscvOVPsim/cpu', 0x0000000080008ec4(.l_max_725_Start+10): b48dab3 max     s5,a7,s4
Info   s5 48764351 -> 28ee6d59
Info 'riscvOVPsim/cpu', 0x0000000080008ec8(.l_max_725_Start+14): 28ee7b37 lui     s6,0x28ee7
Info   s6 573f7e1e -> 28ee7000
Info 'riscvOVPsim/cpu', 0x0000000080008ecc(.l_max_725_Start+18): d59b0b13 addi    s6,s6,-679
Info   s6 28ee7000 -> 28ee6d59
Info 'riscvOVPsim/cpu', 0x0000000080008ed0(.l_max_725_Start+1c): 016a8a63 beq     s5,s6,80008ee4
Info 'riscvOVPsim/cpu', 0x0000000080008ee4(.l_minu_726_Start): 72ace9b7 lui     s3,0x72ace
Info   s3 00000000 -> 72ace000
Info 'riscvOVPsim/cpu', 0x0000000080008ee8(.l_minu_726_Start+4): 35e98993 addi    s3,s3,862
Info   s3 72ace000 -> 72ace35e
Info 'riscvOVPsim/cpu', 0x0000000080008eec(.l_minu_726_Start+8): 11cd4d37 lui     s10,0x11cd4
Info   s10 6ae6b077 -> 11cd4000
Info 'riscvOVPsim/cpu', 0x0000000080008ef0(.l_minu_726_Start+c): a9fd0d13 addi    s10,s10,-1377
Info   s10 11cd4000 -> 11cd3a9f
Info 'riscvOVPsim/cpu', 0x0000000080008ef4(.l_minu_726_Start+10): ba9ec33 minu    s8,s3,s10
Info   s8 0d0830cb -> 11cd3a9f
Info 'riscvOVPsim/cpu', 0x0000000080008ef8(.l_minu_726_Start+14): 11cd44b7 lui     s1,0x11cd4
Info   s1 55a3c4a8 -> 11cd4000
Info 'riscvOVPsim/cpu', 0x0000000080008efc(.l_minu_726_Start+18): a9f48493 addi    s1,s1,-1377
Info   s1 11cd4000 -> 11cd3a9f
Info 'riscvOVPsim/cpu', 0x0000000080008f00(.l_minu_726_Start+1c): 009c0a63 beq     s8,s1,80008f14
Info 'riscvOVPsim/cpu', 0x0000000080008f14(.l_maxu_727_Start): 195adcb7 lui     s9,0x195ad
Info   s9 87c3a12d -> 195ad000
Info 'riscvOVPsim/cpu', 0x0000000080008f18(.l_maxu_727_Start+4): 951c8c93 addi    s9,s9,-1711
Info   s9 195ad000 -> 195ac951
Info 'riscvOVPsim/cpu', 0x0000000080008f1c(.l_maxu_727_Start+8): 10bb4237 lui     tp,0x10bb4
Info   tp 5a11d180 -> 10bb4000
Info 'riscvOVPsim/cpu', 0x0000000080008f20(.l_maxu_727_Start+c): 0e420213 addi    tp,tp,228
Info   tp 10bb4000 -> 10bb40e4
Info 'riscvOVPsim/cpu', 0x0000000080008f24(.l_maxu_727_Start+10): a4cf033 maxu    zero,s9,tp
Info 'riscvOVPsim/cpu', 0x0000000080008f28(.l_maxu_727_Start+14): 00000993 mv      s3,zero
Info   s3 72ace35e -> 00000000
Info 'riscvOVPsim/cpu', 0x0000000080008f2c(.l_maxu_727_Start+18): 01300a63 beq     zero,s3,80008f40
Info 'riscvOVPsim/cpu', 0x0000000080008f40(.l_shfl_728_Start): 277d8737 lui     a4,0x277d8
Info   a4 0f1e79a2 -> 277d8000
Info 'riscvOVPsim/cpu', 0x0000000080008f44(.l_shfl_728_Start+4): 04270713 addi    a4,a4,66
Info   a4 277d8000 -> 277d8042
Info 'riscvOVPsim/cpu', 0x0000000080008f48(.l_shfl_728_Start+8): 354823b7 lui     t2,0x35482
Info   t2 7051d9f0 -> 35482000
Info 'riscvOVPsim/cpu', 0x0000000080008f4c(.l_shfl_728_Start+c): 6c438393 addi    t2,t2,1732
Info   t2 35482000 -> 354826c4
Info 'riscvOVPsim/cpu', 0x0000000080008f50(.l_shfl_728_Start+10): 8771bb3 shfl    s7,a4,t2
Info   s7 700fa929 -> 277d8402
Info 'riscvOVPsim/cpu', 0x0000000080008f54(.l_shfl_728_Start+14): 277d80b7 lui     ra,0x277d8
Info   ra 6779c78e -> 277d8000
Info 'riscvOVPsim/cpu', 0x0000000080008f58(.l_shfl_728_Start+18): 40208093 addi    ra,ra,1026
Info   ra 277d8000 -> 277d8402
Info 'riscvOVPsim/cpu', 0x0000000080008f5c(.l_shfl_728_Start+1c): 001b8a63 beq     s7,ra,80008f70
Info 'riscvOVPsim/cpu', 0x0000000080008f70(.l_unshfl_729_Start): 42ab44b7 lui     s1,0x42ab4
Info   s1 11cd3a9f -> 42ab4000
Info 'riscvOVPsim/cpu', 0x0000000080008f74(.l_unshfl_729_Start+4): 36848493 addi    s1,s1,872
Info   s1 42ab4000 -> 42ab4368
Info 'riscvOVPsim/cpu', 0x0000000080008f78(.l_unshfl_729_Start+8): 63dd32b7 lui     t0,0x63dd3
Info   t0 00000000 -> 63dd3000
Info 'riscvOVPsim/cpu', 0x0000000080008f7c(.l_unshfl_729_Start+c): d1328293 addi    t0,t0,-749
Info   t0 63dd3000 -> 63dd2d13
Info 'riscvOVPsim/cpu', 0x0000000080008f80(.l_unshfl_729_Start+10): 854dc33 unshfl  s8,s1,t0
Info   s8 11cd3a9f -> 18f11968
Info 'riscvOVPsim/cpu', 0x0000000080008f84(.l_unshfl_729_Start+14): 18f12fb7 lui     t6,0x18f12
Info   t6 4bb41dcb -> 18f12000
Info 'riscvOVPsim/cpu', 0x0000000080008f88(.l_unshfl_729_Start+18): 968f8f93 addi    t6,t6,-1688
Info   t6 18f12000 -> 18f11968
Info 'riscvOVPsim/cpu', 0x0000000080008f8c(.l_unshfl_729_Start+1c): 01fc0a63 beq     s8,t6,80008fa0
Info 'riscvOVPsim/cpu', 0x0000000080008fa0(.l_bdep_730_Start): 60164eb7 lui     t4,0x60164
Info   t4 0d0830cb -> 60164000
Info 'riscvOVPsim/cpu', 0x0000000080008fa4(.l_bdep_730_Start+4): 31ee8e93 addi    t4,t4,798
Info   t4 60164000 -> 6016431e
Info 'riscvOVPsim/cpu', 0x0000000080008fa8(.l_bdep_730_Start+8): 6e5912b7 lui     t0,0x6e591
Info   t0 63dd2d13 -> 6e591000
Info 'riscvOVPsim/cpu', 0x0000000080008fac(.l_bdep_730_Start+c): bef28293 addi    t0,t0,-1041
Info   t0 6e591000 -> 6e590bef
Info 'riscvOVPsim/cpu', 0x0000000080008fb0(.l_bdep_730_Start+10): 85ea0b3 bdep    ra,t4,t0
Info   ra 277d8402 -> 62000a2e
Info 'riscvOVPsim/cpu', 0x0000000080008fb4(.l_bdep_730_Start+14): 62001f37 lui     t5,0x62001
Info   t5 64dad95b -> 62001000
Info 'riscvOVPsim/cpu', 0x0000000080008fb8(.l_bdep_730_Start+18): a2ef0f13 addi    t5,t5,-1490
Info   t5 62001000 -> 62000a2e
Info 'riscvOVPsim/cpu', 0x0000000080008fbc(.l_bdep_730_Start+1c): 01e08a63 beq     ra,t5,80008fd0
Info 'riscvOVPsim/cpu', 0x0000000080008fd0(.l_bext_731_Start): 7b64c937 lui     s2,0x7b64c
Info   s2 6b4da8fc -> 7b64c000
Info 'riscvOVPsim/cpu', 0x0000000080008fd4(.l_bext_731_Start+4): b3090913 addi    s2,s2,-1232
Info   s2 7b64c000 -> 7b64bb30
Info 'riscvOVPsim/cpu', 0x0000000080008fd8(.l_bext_731_Start+8): 4b2cd537 lui     a0,0x4b2cd
Info   a0 5e0a1127 -> 4b2cd000
Info 'riscvOVPsim/cpu', 0x0000000080008fdc(.l_bext_731_Start+c): ce950513 addi    a0,a0,-791
Info   a0 4b2cd000 -> 4b2ccce9
Info 'riscvOVPsim/cpu', 0x0000000080008fe0(.l_bext_731_Start+10): 8a96733 bext    a4,s2,a0
Info   a4 277d8042 -> 0000fb44
Info 'riscvOVPsim/cpu', 0x0000000080008fe4(.l_bext_731_Start+14): 000106b7 lui     a3,0x10
Info   a3 27c7f8b5 -> 00010000
Info 'riscvOVPsim/cpu', 0x0000000080008fe8(.l_bext_731_Start+18): b4468693 addi    a3,a3,-1212
Info   a3 00010000 -> 0000fb44
Info 'riscvOVPsim/cpu', 0x0000000080008fec(.l_bext_731_Start+1c): 00d70a63 beq     a4,a3,80009000
Info 'riscvOVPsim/cpu', 0x0000000080009000(.l_pack_732_Start): 73cbe4b7 lui     s1,0x73cbe
Info   s1 42ab4368 -> 73cbe000
Info 'riscvOVPsim/cpu', 0x0000000080009004(.l_pack_732_Start+4): 83b48493 addi    s1,s1,-1989
Info   s1 73cbe000 -> 73cbd83b
Info 'riscvOVPsim/cpu', 0x0000000080009008(.l_pack_732_Start+8): 129186b7 lui     a3,0x12918
Info   a3 0000fb44 -> 12918000
Info 'riscvOVPsim/cpu', 0x000000008000900c(.l_pack_732_Start+c): d3168693 addi    a3,a3,-719
Info   a3 12918000 -> 12917d31
Info 'riscvOVPsim/cpu', 0x0000000080009010(.l_pack_732_Start+10): 08d4c333 undef
Info   t1 0d0830cb -> 7d31d83b
Info 'riscvOVPsim/cpu', 0x0000000080009014(.l_pack_732_Start+14): 7d31e0b7 lui     ra,0x7d31e
Info   ra 62000a2e -> 7d31e000
Info 'riscvOVPsim/cpu', 0x0000000080009018(.l_pack_732_Start+18): 83b08093 addi    ra,ra,-1989
Info   ra 7d31e000 -> 7d31d83b
Info 'riscvOVPsim/cpu', 0x000000008000901c(.l_pack_732_Start+1c): 00130a63 beq     t1,ra,80009030
Info 'riscvOVPsim/cpu', 0x0000000080009030(.l_bfp_733_Start): 3b7ee4b7 lui     s1,0x3b7ee
Info   s1 73cbd83b -> 3b7ee000
Info 'riscvOVPsim/cpu', 0x0000000080009034(.l_bfp_733_Start+4): 4ec48493 addi    s1,s1,1260
Info   s1 3b7ee000 -> 3b7ee4ec
Info 'riscvOVPsim/cpu', 0x0000000080009038(.l_bfp_733_Start+8): 69efdcb7 lui     s9,0x69efd
Info   s9 195ac951 -> 69efd000
Info 'riscvOVPsim/cpu', 0x000000008000903c(.l_bfp_733_Start+c): 91dc8c93 addi    s9,s9,-1763
Info   s9 69efd000 -> 69efc91d
Info 'riscvOVPsim/cpu', 0x0000000080009040(.l_bfp_733_Start+10): 994f233 bfp     tp,s1,s9
Info   tp 10bb40e4 -> 3b8ee4ec
Info 'riscvOVPsim/cpu', 0x0000000080009044(.l_bfp_733_Start+14): 3b8ee5b7 lui     a1,0x3b8ee
Info   a1 087f8b13 -> 3b8ee000
Info 'riscvOVPsim/cpu', 0x0000000080009048(.l_bfp_733_Start+18): 4ec58593 addi    a1,a1,1260
Info   a1 3b8ee000 -> 3b8ee4ec
Info 'riscvOVPsim/cpu', 0x000000008000904c(.l_bfp_733_Start+1c): 00b20a63 beq     tp,a1,80009060
Info 'riscvOVPsim/cpu', 0x0000000080009060(.l_shfli_734_Start): 1237aab7 lui     s5,0x1237a
Info   s5 28ee6d59 -> 1237a000
Info 'riscvOVPsim/cpu', 0x0000000080009064(.l_shfli_734_Start+4): 67da8a93 addi    s5,s5,1661
Info   s5 1237a000 -> 1237a67d
Info 'riscvOVPsim/cpu', 0x0000000080009068(.l_shfli_734_Start+8): a3a9593 shfli   a1,s5,35
Info   a1 3b8ee4ec -> 061f9c7b
Info 'riscvOVPsim/cpu', 0x000000008000906c(.l_shfli_734_Start+c): 061faeb7 lui     t4,0x61fa
Info   t4 6016431e -> 061fa000
Info 'riscvOVPsim/cpu', 0x0000000080009070(.l_shfli_734_Start+10): c7be8e93 addi    t4,t4,-901
Info   t4 061fa000 -> 061f9c7b
Info 'riscvOVPsim/cpu', 0x0000000080009074(.l_shfli_734_Start+14): 01d58a63 beq     a1,t4,80009088
Info 'riscvOVPsim/cpu', 0x0000000080009088(.l_unshfli_735_Start): 576410b7 lui     ra,0x57641
Info   ra 7d31d83b -> 57641000
Info 'riscvOVPsim/cpu', 0x000000008000908c(.l_unshfli_735_Start+4): 6b708093 addi    ra,ra,1719
Info   ra 57641000 -> 576416b7
Info 'riscvOVPsim/cpu', 0x0000000080009090(.l_unshfli_735_Start+8): 9b0db13 unshfli s6,ra,27
Info   s6 28ee6d59 -> 1f164ad7
Info 'riscvOVPsim/cpu', 0x0000000080009094(.l_unshfli_735_Start+c): 1f165d37 lui     s10,0x1f165
Info   s10 11cd3a9f -> 1f165000
Info 'riscvOVPsim/cpu', 0x0000000080009098(.l_unshfli_735_Start+10): ad7d0d13 addi    s10,s10,-1321
Info   s10 1f165000 -> 1f164ad7
Info 'riscvOVPsim/cpu', 0x000000008000909c(.l_unshfli_735_Start+14): 01ab0a63 beq     s6,s10,800090b0
Info 'riscvOVPsim/cpu', 0x00000000800090b0(.l_andn_736_Start): 6a265d37 lui     s10,0x6a265
Info   s10 1f164ad7 -> 6a265000
Info 'riscvOVPsim/cpu', 0x00000000800090b4(.l_andn_736_Start+4): c6cd0d13 addi    s10,s10,-916
Info   s10 6a265000 -> 6a264c6c
Info 'riscvOVPsim/cpu', 0x00000000800090b8(.l_andn_736_Start+8): 7f1cb337 lui     t1,0x7f1cb
Info   t1 7d31d83b -> 7f1cb000
Info 'riscvOVPsim/cpu', 0x00000000800090bc(.l_andn_736_Start+c): 4f030313 addi    t1,t1,1264
Info   t1 7f1cb000 -> 7f1cb4f0
Info 'riscvOVPsim/cpu', 0x00000000800090c0(.l_andn_736_Start+10): 406d7833 andn    a6,s10,t1
Info   a6 2048c49e -> 0022480c
Info 'riscvOVPsim/cpu', 0x00000000800090c4(.l_andn_736_Start+14): 002251b7 lui     gp,0x225
Info   gp 1332019d -> 00225000
Info 'riscvOVPsim/cpu', 0x00000000800090c8(.l_andn_736_Start+18): 80c18193 addi    gp,gp,-2036
Info   gp 00225000 -> 0022480c
Info 'riscvOVPsim/cpu', 0x00000000800090cc(.l_andn_736_Start+1c): 00380a63 beq     a6,gp,800090e0
Info 'riscvOVPsim/cpu', 0x00000000800090e0(.l_orn_737_Start): 3ffc1e37 lui     t3,0x3ffc1
Info   t3 87c3a12d -> 3ffc1000
Info 'riscvOVPsim/cpu', 0x00000000800090e4(.l_orn_737_Start+4): 685e0e13 addi    t3,t3,1669
Info   t3 3ffc1000 -> 3ffc1685
Info 'riscvOVPsim/cpu', 0x00000000800090e8(.l_orn_737_Start+8): 4c1fcd37 lui     s10,0x4c1fc
Info   s10 6a264c6c -> 4c1fc000
Info 'riscvOVPsim/cpu', 0x00000000800090ec(.l_orn_737_Start+c): e27d0d13 addi    s10,s10,-473
Info   s10 4c1fc000 -> 4c1fbe27
Info 'riscvOVPsim/cpu', 0x00000000800090f0(.l_orn_737_Start+10): 41ae62b3 orn     t0,t3,s10
Info   t0 6e590bef -> bffc57dd
Info 'riscvOVPsim/cpu', 0x00000000800090f4(.l_orn_737_Start+14): bffc5eb7 lui     t4,0xbffc5
Info   t4 061f9c7b -> bffc5000
Info 'riscvOVPsim/cpu', 0x00000000800090f8(.l_orn_737_Start+18): 7dde8e93 addi    t4,t4,2013
Info   t4 bffc5000 -> bffc57dd
Info 'riscvOVPsim/cpu', 0x00000000800090fc(.l_orn_737_Start+1c): 01d28a63 beq     t0,t4,80009110
Info 'riscvOVPsim/cpu', 0x0000000080009110(.l_xnor_738_Start): 00000013 nop
Info 'riscvOVPsim/cpu', 0x0000000080009114(.l_xnor_738_Start+4): 47c95cb7 lui     s9,0x47c95
Info   s9 69efc91d -> 47c95000
Info 'riscvOVPsim/cpu', 0x0000000080009118(.l_xnor_738_Start+8): 36ac8c93 addi    s9,s9,874
Info   s9 47c95000 -> 47c9536a
Info 'riscvOVPsim/cpu', 0x000000008000911c(.l_xnor_738_Start+c): 41904cb3 xnor    s9,zero,s9
Info   s9 47c9536a -> b836ac95
Info 'riscvOVPsim/cpu', 0x0000000080009120(.l_xnor_738_Start+10): b836b437 lui     s0,0xb836b
Info   s0 9d9efbe2 -> b836b000
Info 'riscvOVPsim/cpu', 0x0000000080009124(.l_xnor_738_Start+14): c9540413 addi    s0,s0,-875
Info   s0 b836b000 -> b836ac95
Info 'riscvOVPsim/cpu', 0x0000000080009128(.l_xnor_738_Start+18): 008c8a63 beq     s9,s0,8000913c
Info 'riscvOVPsim/cpu', 0x000000008000913c(.l_slo_739_Start): 52d4a837 lui     a6,0x52d4a
Info   a6 0022480c -> 52d4a000
Info 'riscvOVPsim/cpu', 0x0000000080009140(.l_slo_739_Start+4): b6b80813 addi    a6,a6,-1173
Info   a6 52d4a000 -> 52d49b6b
Info 'riscvOVPsim/cpu', 0x0000000080009144(.l_slo_739_Start+8): 639bdb37 lui     s6,0x639bd
Info   s6 1f164ad7 -> 639bd000
Info 'riscvOVPsim/cpu', 0x0000000080009148(.l_slo_739_Start+c): 572b0b13 addi    s6,s6,1394
Info   s6 639bd000 -> 639bd572
Info 'riscvOVPsim/cpu', 0x000000008000914c(.l_slo_739_Start+10): 21681933 slo     s2,a6,s6
Info   s2 7b64bb30 -> 6dafffff
Info 'riscvOVPsim/cpu', 0x0000000080009150(.l_slo_739_Start+14): 6db00737 lui     a4,0x6db00
Info   a4 0000fb44 -> 6db00000
Info 'riscvOVPsim/cpu', 0x0000000080009154(.l_slo_739_Start+18): fff70713 addi    a4,a4,-1
Info   a4 6db00000 -> 6dafffff
Info 'riscvOVPsim/cpu', 0x0000000080009158(.l_slo_739_Start+1c): 00e90a63 beq     s2,a4,8000916c
Info 'riscvOVPsim/cpu', 0x000000008000916c(.l_sro_740_Start): 1054f437 lui     s0,0x1054f
Info   s0 b836ac95 -> 1054f000
Info 'riscvOVPsim/cpu', 0x0000000080009170(.l_sro_740_Start+4): 9c340413 addi    s0,s0,-1597
Info   s0 1054f000 -> 1054e9c3
Info 'riscvOVPsim/cpu', 0x0000000080009174(.l_sro_740_Start+8): 2f2464b7 lui     s1,0x2f246
Info   s1 3b7ee4ec -> 2f246000
Info 'riscvOVPsim/cpu', 0x0000000080009178(.l_sro_740_Start+c): 2a448493 addi    s1,s1,676
Info   s1 2f246000 -> 2f2462a4
Info 'riscvOVPsim/cpu', 0x000000008000917c(.l_sro_740_Start+10): 20945e33 sro     t3,s0,s1
Info   t3 3ffc1685 -> f1054e9c
Info 'riscvOVPsim/cpu', 0x0000000080009180(.l_sro_740_Start+14): f1055637 lui     a2,0xf1055
Info   a2 48904949 -> f1055000
Info 'riscvOVPsim/cpu', 0x0000000080009184(.l_sro_740_Start+18): e9c60613 addi    a2,a2,-356
Info   a2 f1055000 -> f1054e9c
Info 'riscvOVPsim/cpu', 0x0000000080009188(.l_sro_740_Start+1c): 00ce0a63 beq     t3,a2,8000919c
Info 'riscvOVPsim/cpu', 0x000000008000919c(.l_rol_741_Start): 1722aa37 lui     s4,0x1722a
Info   s4 039005da -> 1722a000
Info 'riscvOVPsim/cpu', 0x00000000800091a0(.l_rol_741_Start+4): 472a0a13 addi    s4,s4,1138
Info   s4 1722a000 -> 1722a472
Info 'riscvOVPsim/cpu', 0x00000000800091a4(.l_rol_741_Start+8): 7ab92f37 lui     t5,0x7ab92
Info   t5 62000a2e -> 7ab92000
Info 'riscvOVPsim/cpu', 0x00000000800091a8(.l_rol_741_Start+c): 3aaf0f13 addi    t5,t5,938
Info   t5 7ab92000 -> 7ab923aa
Info 'riscvOVPsim/cpu', 0x00000000800091ac(.l_rol_741_Start+10): 61ea1a33 rol     s4,s4,t5
Info   s4 1722a472 -> 8a91c85c
Info 'riscvOVPsim/cpu', 0x00000000800091b0(.l_rol_741_Start+14): 8a91d3b7 lui     t2,0x8a91d
Info   t2 354826c4 -> 8a91d000
Info 'riscvOVPsim/cpu', 0x00000000800091b4(.l_rol_741_Start+18): 85c38393 addi    t2,t2,-1956
Info   t2 8a91d000 -> 8a91c85c
Info 'riscvOVPsim/cpu', 0x00000000800091b8(.l_rol_741_Start+1c): 007a0a63 beq     s4,t2,800091cc
Info 'riscvOVPsim/cpu', 0x00000000800091cc(.l_ror_742_Start): 14bb9bb7 lui     s7,0x14bb9
Info   s7 277d8402 -> 14bb9000
Info 'riscvOVPsim/cpu', 0x00000000800091d0(.l_ror_742_Start+4): 6e3b8b93 addi    s7,s7,1763
Info   s7 14bb9000 -> 14bb96e3
Info 'riscvOVPsim/cpu', 0x00000000800091d4(.l_ror_742_Start+8): 20404337 lui     t1,0x20404
Info   t1 7f1cb4f0 -> 20404000
Info 'riscvOVPsim/cpu', 0x00000000800091d8(.l_ror_742_Start+c): 1cc30313 addi    t1,t1,460
Info   t1 20404000 -> 204041cc
Info 'riscvOVPsim/cpu', 0x00000000800091dc(.l_ror_742_Start+10): 606bd5b3 ror     a1,s7,t1
Info   a1 061f9c7b -> 6e314bb9
Info 'riscvOVPsim/cpu', 0x00000000800091e0(.l_ror_742_Start+14): 6e315db7 lui     s11,0x6e315
Info   s11 30e82145 -> 6e315000
Info 'riscvOVPsim/cpu', 0x00000000800091e4(.l_ror_742_Start+18): bb9d8d93 addi    s11,s11,-1095
Info   s11 6e315000 -> 6e314bb9
Info 'riscvOVPsim/cpu', 0x00000000800091e8(.l_ror_742_Start+1c): 01b58a63 beq     a1,s11,800091fc
Info 'riscvOVPsim/cpu', 0x00000000800091fc(.l_sbclr_743_Start): 1bd18e37 lui     t3,0x1bd18
Info   t3 f1054e9c -> 1bd18000
Info 'riscvOVPsim/cpu', 0x0000000080009200(.l_sbclr_743_Start+4): 3f6e0e13 addi    t3,t3,1014
Info   t3 1bd18000 -> 1bd183f6
Info 'riscvOVPsim/cpu', 0x0000000080009204(.l_sbclr_743_Start+8): 03d04637 lui     a2,0x3d04
Info   a2 f1054e9c -> 03d04000
Info 'riscvOVPsim/cpu', 0x0000000080009208(.l_sbclr_743_Start+c): 51860613 addi    a2,a2,1304
Info   a2 03d04000 -> 03d04518
Info 'riscvOVPsim/cpu', 0x000000008000920c(.l_sbclr_743_Start+10): 48ce16b3 sbclr   a3,t3,a2
Info   a3 12917d31 -> 1ad183f6
Info 'riscvOVPsim/cpu', 0x0000000080009210(.l_sbclr_743_Start+14): 1ad188b7 lui     a7,0x1ad18
Info   a7 28ee6d59 -> 1ad18000
Info 'riscvOVPsim/cpu', 0x0000000080009214(.l_sbclr_743_Start+18): 3f688893 addi    a7,a7,1014
Info   a7 1ad18000 -> 1ad183f6
Info 'riscvOVPsim/cpu', 0x0000000080009218(.l_sbclr_743_Start+1c): 01168a63 beq     a3,a7,8000922c
Info 'riscvOVPsim/cpu', 0x000000008000922c(.l_sbset_744_Start): 71ee5637 lui     a2,0x71ee5
Info   a2 03d04518 -> 71ee5000
Info 'riscvOVPsim/cpu', 0x0000000080009230(.l_sbset_744_Start+4): 7b760613 addi    a2,a2,1975
Info   a2 71ee5000 -> 71ee57b7
Info 'riscvOVPsim/cpu', 0x0000000080009234(.l_sbset_744_Start+8): 64b4c3b7 lui     t2,0x64b4c
Info   t2 8a91c85c -> 64b4c000
Info 'riscvOVPsim/cpu', 0x0000000080009238(.l_sbset_744_Start+c): 15a38393 addi    t2,t2,346
Info   t2 64b4c000 -> 64b4c15a
Info 'riscvOVPsim/cpu', 0x000000008000923c(.l_sbset_744_Start+10): 28761533 sbset   a0,a2,t2
Info   a0 4b2ccce9 -> 75ee57b7
Info 'riscvOVPsim/cpu', 0x0000000080009240(.l_sbset_744_Start+14): 75ee56b7 lui     a3,0x75ee5
Info   a3 1ad183f6 -> 75ee5000
Info 'riscvOVPsim/cpu', 0x0000000080009244(.l_sbset_744_Start+18): 7b768693 addi    a3,a3,1975
Info   a3 75ee5000 -> 75ee57b7
Info 'riscvOVPsim/cpu', 0x0000000080009248(.l_sbset_744_Start+1c): 00d50a63 beq     a0,a3,8000925c
Info 'riscvOVPsim/cpu', 0x000000008000925c(.l_sbinv_745_Start): 00000013 nop
Info 'riscvOVPsim/cpu', 0x0000000080009260(.l_sbinv_745_Start+4): 41a551b7 lui     gp,0x41a55
Info   gp 0022480c -> 41a55000
Info 'riscvOVPsim/cpu', 0x0000000080009264(.l_sbinv_745_Start+8): 52718193 addi    gp,gp,1319
Info   gp 41a55000 -> 41a55527
Info 'riscvOVPsim/cpu', 0x0000000080009268(.l_sbinv_745_Start+c): 683010b3 sbinv   ra,zero,gp
Info   ra 576416b7 -> 00000080
Info 'riscvOVPsim/cpu', 0x000000008000926c(.l_sbinv_745_Start+10): 08000493 addi    s1,zero,128
Info   s1 2f2462a4 -> 00000080
Info 'riscvOVPsim/cpu', 0x0000000080009270(.l_sbinv_745_Start+14): 00908a63 beq     ra,s1,80009284
Info 'riscvOVPsim/cpu', 0x0000000080009284(.l_sbext_746_Start): 5d2aabb7 lui     s7,0x5d2aa
Info   s7 14bb96e3 -> 5d2aa000
Info 'riscvOVPsim/cpu', 0x0000000080009288(.l_sbext_746_Start+4): 02ab8b93 addi    s7,s7,42
Info   s7 5d2aa000 -> 5d2aa02a
Info 'riscvOVPsim/cpu', 0x000000008000928c(.l_sbext_746_Start+8): 4cf15337 lui     t1,0x4cf15
Info   t1 204041cc -> 4cf15000
Info 'riscvOVPsim/cpu', 0x0000000080009290(.l_sbext_746_Start+c): 01030313 addi    t1,t1,16
Info   t1 4cf15000 -> 4cf15010
Info 'riscvOVPsim/cpu', 0x0000000080009294(.l_sbext_746_Start+10): 486bd9b3 sbext   s3,s7,t1
Info 'riscvOVPsim/cpu', 0x0000000080009298(.l_sbext_746_Start+14): 00000613 mv      a2,zero
Info   a2 71ee57b7 -> 00000000
Info 'riscvOVPsim/cpu', 0x000000008000929c(.l_sbext_746_Start+18): 00c98a63 beq     s3,a2,800092b0
Info 'riscvOVPsim/cpu', 0x00000000800092b0(.l_grev_747_Start): 47a350b7 lui     ra,0x47a35
Info   ra 00000080 -> 47a35000
Info 'riscvOVPsim/cpu', 0x00000000800092b4(.l_grev_747_Start+4): 14408093 addi    ra,ra,324
Info   ra 47a35000 -> 47a35144
Info 'riscvOVPsim/cpu', 0x00000000800092b8(.l_grev_747_Start+8): 4d75cbb7 lui     s7,0x4d75c
Info   s7 5d2aa02a -> 4d75c000
Info 'riscvOVPsim/cpu', 0x00000000800092bc(.l_grev_747_Start+c): d23b8b93 addi    s7,s7,-733
Info   s7 4d75c000 -> 4d75bd23
Info 'riscvOVPsim/cpu', 0x00000000800092c0(.l_grev_747_Start+10): 6970dd33 grev    s10,ra,s7
Info   s10 4c1fbe27 -> 2e5ca822
Info 'riscvOVPsim/cpu', 0x00000000800092c4(.l_grev_747_Start+14): 2e5cbcb7 lui     s9,0x2e5cb
Info   s9 b836ac95 -> 2e5cb000
Info 'riscvOVPsim/cpu', 0x00000000800092c8(.l_grev_747_Start+18): 822c8c93 addi    s9,s9,-2014
Info   s9 2e5cb000 -> 2e5ca822
Info 'riscvOVPsim/cpu', 0x00000000800092cc(.l_grev_747_Start+1c): 019d0a63 beq     s10,s9,800092e0
Info 'riscvOVPsim/cpu', 0x00000000800092e0(.l_sloi_748_Start): 00000013 nop
Info 'riscvOVPsim/cpu', 0x00000000800092e4(.l_sloi_748_Start+4): 22f01613 sloi    a2,zero,47
Info   a2 00000000 -> 00007fff
Info 'riscvOVPsim/cpu', 0x00000000800092e8(.l_sloi_748_Start+8): 000086b7 lui     a3,0x8
Info   a3 75ee57b7 -> 00008000
Info 'riscvOVPsim/cpu', 0x00000000800092ec(.l_sloi_748_Start+c): fff68693 addi    a3,a3,-1
Info   a3 00008000 -> 00007fff
Info 'riscvOVPsim/cpu', 0x00000000800092f0(.l_sloi_748_Start+10): 00d60a63 beq     a2,a3,80009304
Info 'riscvOVPsim/cpu', 0x0000000080009304(.l_sroi_749_Start): 5c693337 lui     t1,0x5c693
Info   t1 4cf15010 -> 5c693000
Info 'riscvOVPsim/cpu', 0x0000000080009308(.l_sroi_749_Start+4): df230313 addi    t1,t1,-526
Info   t1 5c693000 -> 5c692df2
Info 'riscvOVPsim/cpu', 0x000000008000930c(.l_sroi_749_Start+8): 22a35d13 sroi    s10,t1,42
Info   s10 2e5ca822 -> ffd71a4b
Info 'riscvOVPsim/cpu', 0x0000000080009310(.l_sroi_749_Start+c): ffd720b7 lui     ra,0xffd72
Info   ra 47a35144 -> ffd72000
Info 'riscvOVPsim/cpu', 0x0000000080009314(.l_sroi_749_Start+10): a4b08093 addi    ra,ra,-1461
Info   ra ffd72000 -> ffd71a4b
Info 'riscvOVPsim/cpu', 0x0000000080009318(.l_sroi_749_Start+14): 001d0a63 beq     s10,ra,8000932c
Info 'riscvOVPsim/cpu', 0x000000008000932c(.l_rori_750_Start): 2ab334b7 lui     s1,0x2ab33
Info   s1 00000080 -> 2ab33000
Info 'riscvOVPsim/cpu', 0x0000000080009330(.l_rori_750_Start+4): c6b48493 addi    s1,s1,-917
Info   s1 2ab33000 -> 2ab32c6b
Info 'riscvOVPsim/cpu', 0x0000000080009334(.l_rori_750_Start+8): 62a4d913 rori    s2,s1,42
Info   s2 6dafffff -> 1acaaccb
Info 'riscvOVPsim/cpu', 0x0000000080009338(.l_rori_750_Start+c): 1acab0b7 lui     ra,0x1acab
Info   ra ffd71a4b -> 1acab000
Info 'riscvOVPsim/cpu', 0x000000008000933c(.l_rori_750_Start+10): ccb08093 addi    ra,ra,-821
Info   ra 1acab000 -> 1acaaccb
Info 'riscvOVPsim/cpu', 0x0000000080009340(.l_rori_750_Start+14): 00190a63 beq     s2,ra,80009354
Info 'riscvOVPsim/cpu', 0x0000000080009354(.l_sbclri_751_Start): 584a57b7 lui     a5,0x584a5
Info   a5 669aea2d -> 584a5000
Info 'riscvOVPsim/cpu', 0x0000000080009358(.l_sbclri_751_Start+4): 05678793 addi    a5,a5,86
Info   a5 584a5000 -> 584a5056
Info 'riscvOVPsim/cpu', 0x000000008000935c(.l_sbclri_751_Start+8): 48a79513 sbclri  a0,a5,10
Info   a0 75ee57b7 -> 584a5056
Info 'riscvOVPsim/cpu', 0x0000000080009360(.l_sbclri_751_Start+c): 584a5fb7 lui     t6,0x584a5
Info   t6 18f11968 -> 584a5000
Info 'riscvOVPsim/cpu', 0x0000000080009364(.l_sbclri_751_Start+10): 056f8f93 addi    t6,t6,86
Info   t6 584a5000 -> 584a5056
Info 'riscvOVPsim/cpu', 0x0000000080009368(.l_sbclri_751_Start+14): 01f50a63 beq     a0,t6,8000937c
Info 'riscvOVPsim/cpu', 0x000000008000937c(.l_sbseti_752_Start): 2fd442b7 lui     t0,0x2fd44
Info   t0 bffc57dd -> 2fd44000
Info 'riscvOVPsim/cpu', 0x0000000080009380(.l_sbseti_752_Start+4): e8f28293 addi    t0,t0,-369
Info   t0 2fd44000 -> 2fd43e8f
Info 'riscvOVPsim/cpu', 0x0000000080009384(.l_sbseti_752_Start+8): 2bc29e93 sbseti  t4,t0,60
Info   t4 bffc57dd -> 3fd43e8f
Info 'riscvOVPsim/cpu', 0x0000000080009388(.l_sbseti_752_Start+c): 3fd448b7 lui     a7,0x3fd44
Info   a7 1ad183f6 -> 3fd44000
Info 'riscvOVPsim/cpu', 0x000000008000938c(.l_sbseti_752_Start+10): e8f88893 addi    a7,a7,-369
Info   a7 3fd44000 -> 3fd43e8f
Info 'riscvOVPsim/cpu', 0x0000000080009390(.l_sbseti_752_Start+14): 011e8a63 beq     t4,a7,800093a4
Info 'riscvOVPsim/cpu', 0x00000000800093a4(.l_sbinvi_753_Start): 6c69c337 lui     t1,0x6c69c
Info   t1 5c692df2 -> 6c69c000
Info 'riscvOVPsim/cpu', 0x00000000800093a8(.l_sbinvi_753_Start+4): c6530313 addi    t1,t1,-923
Info   t1 6c69c000 -> 6c69bc65
Info 'riscvOVPsim/cpu', 0x00000000800093ac(.l_sbinvi_753_Start+8): 6b031693 sbinvi  a3,t1,48
Info   a3 00007fff -> 6c68bc65
Info 'riscvOVPsim/cpu', 0x00000000800093b0(.l_sbinvi_753_Start+c): 6c68c437 lui     s0,0x6c68c
Info   s0 1054e9c3 -> 6c68c000
Info 'riscvOVPsim/cpu', 0x00000000800093b4(.l_sbinvi_753_Start+10): c6540413 addi    s0,s0,-923
Info   s0 6c68c000 -> 6c68bc65
Info 'riscvOVPsim/cpu', 0x00000000800093b8(.l_sbinvi_753_Start+14): 00868a63 beq     a3,s0,800093cc
Info 'riscvOVPsim/cpu', 0x00000000800093cc(.l_sbexti_754_Start): 139cf3b7 lui     t2,0x139cf
Info   t2 64b4c15a -> 139cf000
Info 'riscvOVPsim/cpu', 0x00000000800093d0(.l_sbexti_754_Start+4): 2f638393 addi    t2,t2,758
Info   t2 139cf000 -> 139cf2f6
Info 'riscvOVPsim/cpu', 0x00000000800093d4(.l_sbexti_754_Start+8): 4923da93 sbexti  s5,t2,18
Info   s5 1237a67d -> 00000001
Info 'riscvOVPsim/cpu', 0x00000000800093d8(.l_sbexti_754_Start+c): 00100313 addi    t1,zero,1
Info   t1 6c69bc65 -> 00000001
Info 'riscvOVPsim/cpu', 0x00000000800093dc(.l_sbexti_754_Start+10): 006a8a63 beq     s5,t1,800093f0
Info 'riscvOVPsim/cpu', 0x00000000800093f0(.l_grevi_755_Start): 6d2bd7b7 lui     a5,0x6d2bd
Info   a5 584a5056 -> 6d2bd000
Info 'riscvOVPsim/cpu', 0x00000000800093f4(.l_grevi_755_Start+4): 37378793 addi    a5,a5,883
Info   a5 6d2bd000 -> 6d2bd373
Info 'riscvOVPsim/cpu', 0x00000000800093f8(.l_grevi_755_Start+8): 69c7d213 grevi   tp,a5,28
Info   tp 3b8ee4ec -> 373db2d6
Info 'riscvOVPsim/cpu', 0x00000000800093fc(.l_grevi_755_Start+c): 373dbbb7 lui     s7,0x373db
Info   s7 4d75bd23 -> 373db000
Info 'riscvOVPsim/cpu', 0x0000000080009400(.l_grevi_755_Start+10): 2d6b8b93 addi    s7,s7,726
Info   s7 373db000 -> 373db2d6
Info 'riscvOVPsim/cpu', 0x0000000080009404(.l_grevi_755_Start+14): 01720a63 beq     tp,s7,80009418
Info 'riscvOVPsim/cpu', 0x0000000080009418(.l_cmix_756_Start): 7d2f50b7 lui     ra,0x7d2f5
Info   ra 1acaaccb -> 7d2f5000
Info 'riscvOVPsim/cpu', 0x000000008000941c(.l_cmix_756_Start+4): ca808093 addi    ra,ra,-856
Info   ra 7d2f5000 -> 7d2f4ca8
Info 'riscvOVPsim/cpu', 0x0000000080009420(.l_cmix_756_Start+8): 20ff3eb7 lui     t4,0x20ff3
Info   t4 3fd43e8f -> 20ff3000
Info 'riscvOVPsim/cpu', 0x0000000080009424(.l_cmix_756_Start+c): 783e8e93 addi    t4,t4,1923
Info   t4 20ff3000 -> 20ff3783
Info 'riscvOVPsim/cpu', 0x0000000080009428(.l_cmix_756_Start+10): 098d3cb7 lui     s9,0x98d3
Info   s9 2e5ca822 -> 098d3000
Info 'riscvOVPsim/cpu', 0x000000008000942c(.l_cmix_756_Start+14): 83cc8c93 addi    s9,s9,-1988
Info   s9 098d3000 -> 098d283c
Info 'riscvOVPsim/cpu', 0x0000000080009430(.l_cmix_756_Start+18): cfd097b3 cmix    a5,ra,t4,s9
Info   a5 6d2bd373 -> 292f0cbc
Info 'riscvOVPsim/cpu', 0x0000000080009434(.l_cmix_756_Start+1c): 292f1db7 lui     s11,0x292f1
Info   s11 6e314bb9 -> 292f1000
Info 'riscvOVPsim/cpu', 0x0000000080009438(.l_cmix_756_Start+20): cbcd8d93 addi    s11,s11,-836
Info   s11 292f1000 -> 292f0cbc
Info 'riscvOVPsim/cpu', 0x000000008000943c(.l_cmix_756_Start+24): 01b78a63 beq     a5,s11,80009450
Info 'riscvOVPsim/cpu', 0x0000000080009450(.l_cmov_757_Start): 781d7837 lui     a6,0x781d7
Info   a6 52d49b6b -> 781d7000
Info 'riscvOVPsim/cpu', 0x0000000080009454(.l_cmov_757_Start+4): 69b80813 addi    a6,a6,1691
Info   a6 781d7000 -> 781d769b
Info 'riscvOVPsim/cpu', 0x0000000080009458(.l_cmov_757_Start+8): 301eb937 lui     s2,0x301eb
Info   s2 1acaaccb -> 301eb000
Info 'riscvOVPsim/cpu', 0x000000008000945c(.l_cmov_757_Start+c): 72490913 addi    s2,s2,1828
Info   s2 301eb000 -> 301eb724
Info 'riscvOVPsim/cpu', 0x0000000080009460(.l_cmov_757_Start+10): 03cdc7b7 lui     a5,0x3cdc
Info   a5 292f0cbc -> 03cdc000
Info 'riscvOVPsim/cpu', 0x0000000080009464(.l_cmov_757_Start+14): 21c78793 addi    a5,a5,540
Info   a5 03cdc000 -> 03cdc21c
Info 'riscvOVPsim/cpu', 0x0000000080009468(.l_cmov_757_Start+18): 7f285933 cmov    s2,a6,s2,a5
Info   s2 301eb724 -> 781d769b
Info 'riscvOVPsim/cpu', 0x000000008000946c(.l_cmov_757_Start+1c): 781d7bb7 lui     s7,0x781d7
Info   s7 373db2d6 -> 781d7000
Info 'riscvOVPsim/cpu', 0x0000000080009470(.l_cmov_757_Start+20): 69bb8b93 addi    s7,s7,1691
Info   s7 781d7000 -> 781d769b
Info 'riscvOVPsim/cpu', 0x0000000080009474(.l_cmov_757_Start+24): 01790a63 beq     s2,s7,80009488
Info 'riscvOVPsim/cpu', 0x0000000080009488(.l_fsl_758_Start): 1a961ab7 lui     s5,0x1a961
Info   s5 00000001 -> 1a961000
Info 'riscvOVPsim/cpu', 0x000000008000948c(.l_fsl_758_Start+4): f87a8a93 addi    s5,s5,-121
Info   s5 1a961000 -> 1a960f87
Info 'riscvOVPsim/cpu', 0x0000000080009490(.l_fsl_758_Start+8): 00000013 nop
Info 'riscvOVPsim/cpu', 0x0000000080009494(.l_fsl_758_Start+c): 4f20d3b7 lui     t2,0x4f20d
Info   t2 139cf2f6 -> 4f20d000
Info 'riscvOVPsim/cpu', 0x0000000080009498(.l_fsl_758_Start+10): 7d938393 addi    t2,t2,2009
Info   t2 4f20d000 -> 4f20d7d9
Info 'riscvOVPsim/cpu', 0x000000008000949c(.l_fsl_758_Start+14): 3c0a90b3 fsl     ra,s5,zero,t2
Info   ra 7d2f4ca8 -> 1a960f87
Info 'riscvOVPsim/cpu', 0x00000000800094a0(.l_fsl_758_Start+18): 1a9611b7 lui     gp,0x1a961
Info   gp 41a55527 -> 1a961000
Info 'riscvOVPsim/cpu', 0x00000000800094a4(.l_fsl_758_Start+1c): f8718193 addi    gp,gp,-121
Info   gp 1a961000 -> 1a960f87
Info 'riscvOVPsim/cpu', 0x00000000800094a8(.l_fsl_758_Start+20): 00308a63 beq     ra,gp,800094bc
Info 'riscvOVPsim/cpu', 0x00000000800094bc(.l_fsr_759_Start): 5eb15eb7 lui     t4,0x5eb15
Info   t4 20ff3783 -> 5eb15000
Info 'riscvOVPsim/cpu', 0x00000000800094c0(.l_fsr_759_Start+4): ba2e8e93 addi    t4,t4,-1118
Info   t4 5eb15000 -> 5eb14ba2
Info 'riscvOVPsim/cpu', 0x00000000800094c4(.l_fsr_759_Start+8): 5eb15eb7 lui     t4,0x5eb15
Info   t4 5eb14ba2 -> 5eb15000
Info 'riscvOVPsim/cpu', 0x00000000800094c8(.l_fsr_759_Start+c): ba2e8e93 addi    t4,t4,-1118
Info   t4 5eb15000 -> 5eb14ba2
Info 'riscvOVPsim/cpu', 0x00000000800094cc(.l_fsr_759_Start+10): 3e3867b7 lui     a5,0x3e386
Info   a5 03cdc21c -> 3e386000
Info 'riscvOVPsim/cpu', 0x00000000800094d0(.l_fsr_759_Start+14): aed78793 addi    a5,a5,-1299
Info   a5 3e386000 -> 3e385aed
Info 'riscvOVPsim/cpu', 0x00000000800094d4(.l_fsr_759_Start+18): 7ddedfb3 fsr     t6,t4,t4,a5
Info   t6 584a5056 -> 8f8e16bb
Info 'riscvOVPsim/cpu', 0x00000000800094d8(.l_fsr_759_Start+1c): 8f8e1bb7 lui     s7,0x8f8e1
Info   s7 781d769b -> 8f8e1000
Info 'riscvOVPsim/cpu', 0x00000000800094dc(.l_fsr_759_Start+20): 6bbb8b93 addi    s7,s7,1723
Info   s7 8f8e1000 -> 8f8e16bb
Info 'riscvOVPsim/cpu', 0x00000000800094e0(.l_fsr_759_Start+24): 017f8a63 beq     t6,s7,800094f4
Info 'riscvOVPsim/cpu', 0x00000000800094f4(.l_fsri_760_Start): 3aadb137 lui     sp,0x3aadb
Info   sp 941b76d2 -> 3aadb000
Info 'riscvOVPsim/cpu', 0x00000000800094f8(.l_fsri_760_Start+4): 03610113 addi    sp,sp,54
Info   sp 3aadb000 -> 3aadb036
Info 'riscvOVPsim/cpu', 0x00000000800094fc(.l_fsri_760_Start+8): 7ac11d37 lui     s10,0x7ac11
Info   s10 ffd71a4b -> 7ac11000
Info 'riscvOVPsim/cpu', 0x0000000080009500(.l_fsri_760_Start+c): ef9d0d13 addi    s10,s10,-263
Info   s10 7ac11000 -> 7ac10ef9
Info 'riscvOVPsim/cpu', 0x0000000080009504(.l_fsri_760_Start+10): d4715f93 fsri    t6,sp,s10,7
Info   t6 8f8e16bb -> f2755b60
Info 'riscvOVPsim/cpu', 0x0000000080009508(.l_fsri_760_Start+14): f2756eb7 lui     t4,0xf2756
Info   t4 5eb14ba2 -> f2756000
Info 'riscvOVPsim/cpu', 0x000000008000950c(.l_fsri_760_Start+18): b60e8e93 addi    t4,t4,-1184
Info   t4 f2756000 -> f2755b60
Info 'riscvOVPsim/cpu', 0x0000000080009510(.l_fsri_760_Start+1c): 01df8a63 beq     t6,t4,80009524
Info 'riscvOVPsim/cpu', 0x0000000080009524(.l_clz_761_Start): 770ca4b7 lui     s1,0x770ca
Info   s1 2ab32c6b -> 770ca000
Info 'riscvOVPsim/cpu', 0x0000000080009528(.l_clz_761_Start+4): c2b48493 addi    s1,s1,-981
Info   s1 770ca000 -> 770c9c2b
Info 'riscvOVPsim/cpu', 0x000000008000952c(.l_clz_761_Start+8): 60049a93 clz     s5,s1
Info   s5 1a960f87 -> 00000001
Info 'riscvOVPsim/cpu', 0x0000000080009530(.l_clz_761_Start+c): 00100c93 addi    s9,zero,1
Info   s9 098d283c -> 00000001
Info 'riscvOVPsim/cpu', 0x0000000080009534(.l_clz_761_Start+10): 019a8a63 beq     s5,s9,80009548
Info 'riscvOVPsim/cpu', 0x0000000080009548(.l_ctz_762_Start): 2cace237 lui     tp,0x2cace
Info   tp 373db2d6 -> 2cace000
Info 'riscvOVPsim/cpu', 0x000000008000954c(.l_ctz_762_Start+4): 03420213 addi    tp,tp,52
Info   tp 2cace000 -> 2cace034
Info 'riscvOVPsim/cpu', 0x0000000080009550(.l_ctz_762_Start+8): 60121c13 ctz     s8,tp
Info   s8 18f11968 -> 00000002
Info 'riscvOVPsim/cpu', 0x0000000080009554(.l_ctz_762_Start+c): 00200e13 addi    t3,zero,2
Info   t3 1bd183f6 -> 00000002
Info 'riscvOVPsim/cpu', 0x0000000080009558(.l_ctz_762_Start+10): 01cc0a63 beq     s8,t3,8000956c
Info 'riscvOVPsim/cpu', 0x000000008000956c(.l_pcnt_763_Start): 6e63f237 lui     tp,0x6e63f
Info   tp 2cace034 -> 6e63f000
Info 'riscvOVPsim/cpu', 0x0000000080009570(.l_pcnt_763_Start+4): 44d20213 addi    tp,tp,1101
Info   tp 6e63f000 -> 6e63f44d
Info 'riscvOVPsim/cpu', 0x0000000080009574(.l_pcnt_763_Start+8): 60221313 pcnt    t1,tp
Info   t1 00000001 -> 00000012
Info 'riscvOVPsim/cpu', 0x0000000080009578(.l_pcnt_763_Start+c): 01200493 addi    s1,zero,18
Info   s1 770c9c2b -> 00000012
Info 'riscvOVPsim/cpu', 0x000000008000957c(.l_pcnt_763_Start+10): 00930a63 beq     t1,s1,80009590
Info 'riscvOVPsim/cpu', 0x0000000080009590(.l_crc32_b_764_Start): 0e0b0db7 lui     s11,0xe0b0
Info   s11 292f0cbc -> 0e0b0000
Info 'riscvOVPsim/cpu', 0x0000000080009594(.l_crc32_b_764_Start+4): caed8d93 addi    s11,s11,-850
Info   s11 0e0b0000 -> 0e0afcae
Info 'riscvOVPsim/cpu', 0x0000000080009598(.l_crc32_b_764_Start+8): 610d9713 crc32.b a4,s11
Info   a4 6dafffff -> 31608413
Info 'riscvOVPsim/cpu', 0x000000008000959c(.l_crc32_b_764_Start+c): 31608e37 lui     t3,0x31608
Info   t3 00000002 -> 31608000
Info 'riscvOVPsim/cpu', 0x00000000800095a0(.l_crc32_b_764_Start+10): 413e0e13 addi    t3,t3,1043
Info   t3 31608000 -> 31608413
Info 'riscvOVPsim/cpu', 0x00000000800095a4(.l_crc32_b_764_Start+14): 01c70a63 beq     a4,t3,800095b8
Info 'riscvOVPsim/cpu', 0x00000000800095b8(.l_crc32_h_765_Start): 1d0c61b7 lui     gp,0x1d0c6
Info   gp 1a960f87 -> 1d0c6000
Info 'riscvOVPsim/cpu', 0x00000000800095bc(.l_crc32_h_765_Start+4): 39218193 addi    gp,gp,914
Info   gp 1d0c6000 -> 1d0c6392
Info 'riscvOVPsim/cpu', 0x00000000800095c0(.l_crc32_h_765_Start+8): 61119c13 crc32.h s8,gp
Info   s8 00000002 -> 97ccc576
Info 'riscvOVPsim/cpu', 0x00000000800095c4(.l_crc32_h_765_Start+c): 97ccceb7 lui     t4,0x97ccc
Info   t4 f2755b60 -> 97ccc000
Info 'riscvOVPsim/cpu', 0x00000000800095c8(.l_crc32_h_765_Start+10): 576e8e93 addi    t4,t4,1398
Info   t4 97ccc000 -> 97ccc576
Info 'riscvOVPsim/cpu', 0x00000000800095cc(.l_crc32_h_765_Start+14): 01dc0a63 beq     s8,t4,800095e0
Info 'riscvOVPsim/cpu', 0x00000000800095e0(.l_crc32_w_766_Start): 4b50bfb7 lui     t6,0x4b50b
Info   t6 f2755b60 -> 4b50b000
Info 'riscvOVPsim/cpu', 0x00000000800095e4(.l_crc32_w_766_Start+4): 71df8f93 addi    t6,t6,1821
Info   t6 4b50b000 -> 4b50b71d
Info 'riscvOVPsim/cpu', 0x00000000800095e8(.l_crc32_w_766_Start+8): 612f9813 crc32.w a6,t6
Info   a6 781d769b -> 39d7a29b
Info 'riscvOVPsim/cpu', 0x00000000800095ec(.l_crc32_w_766_Start+c): 39d7aeb7 lui     t4,0x39d7a
Info   t4 97ccc576 -> 39d7a000
Info 'riscvOVPsim/cpu', 0x00000000800095f0(.l_crc32_w_766_Start+10): 29be8e93 addi    t4,t4,667
Info   t4 39d7a000 -> 39d7a29b
Info 'riscvOVPsim/cpu', 0x00000000800095f4(.l_crc32_w_766_Start+14): 01d80a63 beq     a6,t4,80009608
Info 'riscvOVPsim/cpu', 0x0000000080009608(.l_crc32c_b_767_Start): 3dcbeeb7 lui     t4,0x3dcbe
Info   t4 39d7a29b -> 3dcbe000
Info 'riscvOVPsim/cpu', 0x000000008000960c(.l_crc32c_b_767_Start+4): 4e6e8e93 addi    t4,t4,1254
Info   t4 3dcbe000 -> 3dcbe4e6
Info 'riscvOVPsim/cpu', 0x0000000080009610(.l_crc32c_b_767_Start+8): 618e9f93 crc32c.b t6,t4
Info   t6 4b50b71d -> c5ac8416
Info 'riscvOVPsim/cpu', 0x0000000080009614(.l_crc32c_b_767_Start+c): c5ac85b7 lui     a1,0xc5ac8
Info   a1 6e314bb9 -> c5ac8000
Info 'riscvOVPsim/cpu', 0x0000000080009618(.l_crc32c_b_767_Start+10): 41658593 addi    a1,a1,1046
Info   a1 c5ac8000 -> c5ac8416
Info 'riscvOVPsim/cpu', 0x000000008000961c(.l_crc32c_b_767_Start+14): 00bf8a63 beq     t6,a1,80009630
Info 'riscvOVPsim/cpu', 0x0000000080009630(.l_crc32c_h_768_Start): 3186e737 lui     a4,0x3186e
Info   a4 31608413 -> 3186e000
Info 'riscvOVPsim/cpu', 0x0000000080009634(.l_crc32c_h_768_Start+4): c1870713 addi    a4,a4,-1000
Info   a4 3186e000 -> 3186dc18
Info 'riscvOVPsim/cpu', 0x0000000080009638(.l_crc32c_h_768_Start+8): 61971113 crc32c.h sp,a4
Info   sp 3aadb036 -> 3c412dc4
Info 'riscvOVPsim/cpu', 0x000000008000963c(.l_crc32c_h_768_Start+c): 3c413e37 lui     t3,0x3c413
Info   t3 31608413 -> 3c413000
Info 'riscvOVPsim/cpu', 0x0000000080009640(.l_crc32c_h_768_Start+10): dc4e0e13 addi    t3,t3,-572
Info   t3 3c413000 -> 3c412dc4
Info 'riscvOVPsim/cpu', 0x0000000080009644(.l_crc32c_h_768_Start+14): 01c10a63 beq     sp,t3,80009658
Info 'riscvOVPsim/cpu', 0x0000000080009658(.l_crc32c_w_769_Start): 136934b7 lui     s1,0x13693
Info   s1 00000012 -> 13693000
Info 'riscvOVPsim/cpu', 0x000000008000965c(.l_crc32c_w_769_Start+4): c8d48493 addi    s1,s1,-883
Info   s1 13693000 -> 13692c8d
Info 'riscvOVPsim/cpu', 0x0000000080009660(.l_crc32c_w_769_Start+8): 61a49b93 crc32c.w s7,s1
Info   s7 8f8e16bb -> 486c1a0b
Info 'riscvOVPsim/cpu', 0x0000000080009664(.l_crc32c_w_769_Start+c): 486c2eb7 lui     t4,0x486c2
Info   t4 3dcbe4e6 -> 486c2000
Info 'riscvOVPsim/cpu', 0x0000000080009668(.l_crc32c_w_769_Start+10): a0be8e93 addi    t4,t4,-1525
Info   t4 486c2000 -> 486c1a0b
Info 'riscvOVPsim/cpu', 0x000000008000966c(.l_crc32c_w_769_Start+14): 01db8a63 beq     s7,t4,80009680
Info 'riscvOVPsim/cpu', 0x0000000080009680(.l_clmul_770_Start): 7e5401b7 lui     gp,0x7e540
Info   gp 1d0c6392 -> 7e540000
Info 'riscvOVPsim/cpu', 0x0000000080009684(.l_clmul_770_Start+4): 0d718193 addi    gp,gp,215
Info   gp 7e540000 -> 7e5400d7
Info 'riscvOVPsim/cpu', 0x0000000080009688(.l_clmul_770_Start+8): 3788b9b7 lui     s3,0x3788b
Info   s3 00000000 -> 3788b000
Info 'riscvOVPsim/cpu', 0x000000008000968c(.l_clmul_770_Start+c): 8a098993 addi    s3,s3,-1888
Info   s3 3788b000 -> 3788a8a0
Info 'riscvOVPsim/cpu', 0x0000000080009690(.l_clmul_770_Start+10): b319933 clmul   s2,gp,s3
Info   s2 781d769b -> 18cfa960
Info 'riscvOVPsim/cpu', 0x0000000080009694(.l_clmul_770_Start+14): 18cfb737 lui     a4,0x18cfb
Info   a4 3186dc18 -> 18cfb000
Info 'riscvOVPsim/cpu', 0x0000000080009698(.l_clmul_770_Start+18): 96070713 addi    a4,a4,-1696
Info   a4 18cfb000 -> 18cfa960
Info 'riscvOVPsim/cpu', 0x000000008000969c(.l_clmul_770_Start+1c): 00e90a63 beq     s2,a4,800096b0
Info 'riscvOVPsim/cpu', 0x00000000800096b0(.l_clmulr_771_Start): 0bfaf937 lui     s2,0xbfaf
Info   s2 18cfa960 -> 0bfaf000
Info 'riscvOVPsim/cpu', 0x00000000800096b4(.l_clmulr_771_Start+4): 74b90913 addi    s2,s2,1867
Info   s2 0bfaf000 -> 0bfaf74b
Info 'riscvOVPsim/cpu', 0x00000000800096b8(.l_clmulr_771_Start+8): 32b1a337 lui     t1,0x32b1a
Info   t1 00000012 -> 32b1a000
Info 'riscvOVPsim/cpu', 0x00000000800096bc(.l_clmulr_771_Start+c): a6a30313 addi    t1,t1,-1430
Info   t1 32b1a000 -> 32b19a6a
Info 'riscvOVPsim/cpu', 0x00000000800096c0(.l_clmulr_771_Start+10): b319933 clmul   s2,gp,s3
Info   t0 2fd43e8f -> 03a66e15
Info 'riscvOVPsim/cpu', 0x00000000800096c4(.l_clmulr_771_Start+14): 03a674b7 lui     s1,0x3a67
Info   s1 13692c8d -> 03a67000
Info 'riscvOVPsim/cpu', 0x00000000800096c8(.l_clmulr_771_Start+18): e1548493 addi    s1,s1,-491
Info   s1 03a67000 -> 03a66e15
Info 'riscvOVPsim/cpu', 0x00000000800096cc(.l_clmulr_771_Start+1c): 00928a63 beq     t0,s1,800096e0
Info 'riscvOVPsim/cpu', 0x00000000800096e0(.l_clmulh_772_Start): 078bfeb7 lui     t4,0x78bf
Info   t4 486c1a0b -> 078bf000
Info 'riscvOVPsim/cpu', 0x00000000800096e4(.l_clmulh_772_Start+4): ccfe8e93 addi    t4,t4,-817
Info   t4 078bf000 -> 078beccf
Info 'riscvOVPsim/cpu', 0x00000000800096e8(.l_clmulh_772_Start+8): 3a1d1d37 lui     s10,0x3a1d1
Info   s10 7ac10ef9 -> 3a1d1000
Info 'riscvOVPsim/cpu', 0x00000000800096ec(.l_clmulh_772_Start+c): ff5d0d13 addi    s10,s10,-11
Info   s10 3a1d1000 -> 3a1d0ff5
Info 'riscvOVPsim/cpu', 0x00000000800096f0(.l_clmulh_772_Start+10): baeb833 clmulh  a6,t4,s10
Info   a6 39d7a29b -> 00bad687
Info 'riscvOVPsim/cpu', 0x00000000800096f4(.l_clmulh_772_Start+14): 00bad4b7 lui     s1,0xbad
Info   s1 03a66e15 -> 00bad000
Info 'riscvOVPsim/cpu', 0x00000000800096f8(.l_clmulh_772_Start+18): 68748493 addi    s1,s1,1671
Info   s1 00bad000 -> 00bad687
Info 'riscvOVPsim/cpu', 0x00000000800096fc(.l_clmulh_772_Start+1c): 00980a63 beq     a6,s1,80009710
Info 'riscvOVPsim/cpu', 0x0000000080009710(.l_min_773_Start): 124eff37 lui     t5,0x124ef
Info   t5 7ab923aa -> 124ef000
Info 'riscvOVPsim/cpu', 0x0000000080009714(.l_min_773_Start+4): 435f0f13 addi    t5,t5,1077
Info   t5 124ef000 -> 124ef435
Info 'riscvOVPsim/cpu', 0x0000000080009718(.l_min_773_Start+8): 1c966ab7 lui     s5,0x1c966
Info   s5 00000001 -> 1c966000
Info 'riscvOVPsim/cpu', 0x000000008000971c(.l_min_773_Start+c): 8bea8a93 addi    s5,s5,-1858
Info   s5 1c966000 -> 1c9658be
Info 'riscvOVPsim/cpu', 0x0000000080009720(.l_min_773_Start+10): b5f4cb3 min     s9,t5,s5
Info   s9 00000001 -> 124ef435
Info 'riscvOVPsim/cpu', 0x0000000080009724(.l_min_773_Start+14): 124effb7 lui     t6,0x124ef
Info   t6 c5ac8416 -> 124ef000
Info 'riscvOVPsim/cpu', 0x0000000080009728(.l_min_773_Start+18): 435f8f93 addi    t6,t6,1077
Info   t6 124ef000 -> 124ef435
Info 'riscvOVPsim/cpu', 0x000000008000972c(.l_min_773_Start+1c): 01fc8a63 beq     s9,t6,80009740
Info 'riscvOVPsim/cpu', 0x0000000080009740(.l_max_774_Start): 380242b7 lui     t0,0x38024
Info   t0 03a66e15 -> 38024000
Info 'riscvOVPsim/cpu', 0x0000000080009744(.l_max_774_Start+4): 0c828293 addi    t0,t0,200
Info   t0 38024000 -> 380240c8
Info 'riscvOVPsim/cpu', 0x0000000080009748(.l_max_774_Start+8): 79244637 lui     a2,0x79244
Info   a2 00007fff -> 79244000
Info 'riscvOVPsim/cpu', 0x000000008000974c(.l_max_774_Start+c): 99f60613 addi    a2,a2,-1633
Info   a2 79244000 -> 7924399f
Info 'riscvOVPsim/cpu', 0x0000000080009750(.l_max_774_Start+10): ac2da33 max     s4,t0,a2
Info   s4 8a91c85c -> 7924399f
Info 'riscvOVPsim/cpu', 0x0000000080009754(.l_max_774_Start+14): 79244537 lui     a0,0x79244
Info   a0 584a5056 -> 79244000
Info 'riscvOVPsim/cpu', 0x0000000080009758(.l_max_774_Start+18): 99f50513 addi    a0,a0,-1633
Info   a0 79244000 -> 7924399f
Info 'riscvOVPsim/cpu', 0x000000008000975c(.l_max_774_Start+1c): 00aa0a63 beq     s4,a0,80009770
Info 'riscvOVPsim/cpu', 0x0000000080009770(.l_minu_775_Start): 00000013 nop
Info 'riscvOVPsim/cpu', 0x0000000080009774(.l_minu_775_Start+4): 00000013 nop
Info 'riscvOVPsim/cpu', 0x0000000080009778(.l_minu_775_Start+8): a006eb3 minu    t4,zero,zero
Info   t4 078beccf -> 00000000
Info 'riscvOVPsim/cpu', 0x000000008000977c(.l_minu_775_Start+c): 00000813 mv      a6,zero
Info   a6 00bad687 -> 00000000
Info 'riscvOVPsim/cpu', 0x0000000080009780(.l_minu_775_Start+10): 010e8a63 beq     t4,a6,80009794
Info 'riscvOVPsim/cpu', 0x0000000080009794(.l_maxu_776_Start): 7143a337 lui     t1,0x7143a
Info   t1 32b19a6a -> 7143a000
Info 'riscvOVPsim/cpu', 0x0000000080009798(.l_maxu_776_Start+4): 2c730313 addi    t1,t1,711
Info   t1 7143a000 -> 7143a2c7
Info 'riscvOVPsim/cpu', 0x000000008000979c(.l_maxu_776_Start+8): 59669b37 lui     s6,0x59669
Info   s6 639bd572 -> 59669000
Info 'riscvOVPsim/cpu', 0x00000000800097a0(.l_maxu_776_Start+c): e9bb0b13 addi    s6,s6,-357
Info   s6 59669000 -> 59668e9b
Info 'riscvOVPsim/cpu', 0x00000000800097a4(.l_maxu_776_Start+10): b637933 maxu    s2,t1,s6
Info   s2 0bfaf74b -> 7143a2c7
Info 'riscvOVPsim/cpu', 0x00000000800097a8(.l_maxu_776_Start+14): 7143a2b7 lui     t0,0x7143a
Info   t0 380240c8 -> 7143a000
Info 'riscvOVPsim/cpu', 0x00000000800097ac(.l_maxu_776_Start+18): 2c728293 addi    t0,t0,711
Info   t0 7143a000 -> 7143a2c7
Info 'riscvOVPsim/cpu', 0x00000000800097b0(.l_maxu_776_Start+1c): 00590a63 beq     s2,t0,800097c4
Info 'riscvOVPsim/cpu', 0x00000000800097c4(.l_shfl_777_Start): 5a76dbb7 lui     s7,0x5a76d
Info   s7 486c1a0b -> 5a76d000
Info 'riscvOVPsim/cpu', 0x00000000800097c8(.l_shfl_777_Start+4): c86b8b93 addi    s7,s7,-890
Info   s7 5a76d000 -> 5a76cc86
Info 'riscvOVPsim/cpu', 0x00000000800097cc(.l_shfl_777_Start+8): 301b7a37 lui     s4,0x301b7
Info   s4 7924399f -> 301b7000
Info 'riscvOVPsim/cpu', 0x00000000800097d0(.l_shfl_777_Start+c): deaa0a13 addi    s4,s4,-534
Info   s4 301b7000 -> 301b6dea
Info 'riscvOVPsim/cpu', 0x00000000800097d4(.l_shfl_777_Start+10): 94b9533 shfl    a0,s7,s4
Info   a0 7924399f -> 66f05e92
Info 'riscvOVPsim/cpu', 0x00000000800097d8(.l_shfl_777_Start+14): 66f06f37 lui     t5,0x66f06
Info   t5 124ef435 -> 66f06000
Info 'riscvOVPsim/cpu', 0x00000000800097dc(.l_shfl_777_Start+18): e92f0f13 addi    t5,t5,-366
Info   t5 66f06000 -> 66f05e92
Info 'riscvOVPsim/cpu', 0x00000000800097e0(.l_shfl_777_Start+1c): 01e50a63 beq     a0,t5,800097f4
Info 'riscvOVPsim/cpu', 0x00000000800097f4(.l_unshfl_778_Start): 073dedb7 lui     s11,0x73de
Info   s11 0e0afcae -> 073de000
Info 'riscvOVPsim/cpu', 0x00000000800097f8(.l_unshfl_778_Start+4): 051d8d93 addi    s11,s11,81
Info   s11 073de000 -> 073de051
Info 'riscvOVPsim/cpu', 0x00000000800097fc(.l_unshfl_778_Start+8): 1f8411b7 lui     gp,0x1f841
Info   gp 7e5400d7 -> 1f841000
Info 'riscvOVPsim/cpu', 0x0000000080009800(.l_unshfl_778_Start+c): 97418193 addi    gp,gp,-1676
Info   gp 1f841000 -> 1f840974
Info 'riscvOVPsim/cpu', 0x0000000080009804(.l_unshfl_778_Start+10): 83dd8b3 unshfl  a7,s11,gp
Info   a7 3fd43e8f -> 037de501
Info 'riscvOVPsim/cpu', 0x0000000080009808(.l_unshfl_778_Start+14): 037ded37 lui     s10,0x37de
Info   s10 3a1d0ff5 -> 037de000
Info 'riscvOVPsim/cpu', 0x000000008000980c(.l_unshfl_778_Start+18): 501d0d13 addi    s10,s10,1281
Info   s10 037de000 -> 037de501
Info 'riscvOVPsim/cpu', 0x0000000080009810(.l_unshfl_778_Start+1c): 01a88a63 beq     a7,s10,80009824
Info 'riscvOVPsim/cpu', 0x0000000080009824(.l_bdep_779_Start): 53d3c7b7 lui     a5,0x53d3c
Info   a5 3e385aed -> 53d3c000
Info 'riscvOVPsim/cpu', 0x0000000080009828(.l_bdep_779_Start+4): e5b78793 addi    a5,a5,-421
Info   a5 53d3c000 -> 53d3be5b
Info 'riscvOVPsim/cpu', 0x000000008000982c(.l_bdep_779_Start+8): 61594437 lui     s0,0x61594
Info   s0 6c68bc65 -> 61594000
Info 'riscvOVPsim/cpu', 0x0000000080009830(.l_bdep_779_Start+c): d2f40413 addi    s0,s0,-721
Info   s0 61594000 -> 61593d2f
Info 'riscvOVPsim/cpu', 0x0000000080009834(.l_bdep_779_Start+10): 887a2b3 bdep    t0,a5,s0
Info   t0 7143a2c7 -> 6059242b
Info 'riscvOVPsim/cpu', 0x0000000080009838(.l_bdep_779_Start+14): 60592ab7 lui     s5,0x60592
Info   s5 1c9658be -> 60592000
Info 'riscvOVPsim/cpu', 0x000000008000983c(.l_bdep_779_Start+18): 42ba8a93 addi    s5,s5,1067
Info   s5 60592000 -> 6059242b
Info 'riscvOVPsim/cpu', 0x0000000080009840(.l_bdep_779_Start+1c): 01528a63 beq     t0,s5,80009854
Info 'riscvOVPsim/cpu', 0x0000000080009854(.l_bext_780_Start): 7da4edb7 lui     s11,0x7da4e
Info   s11 073de051 -> 7da4e000
Info 'riscvOVPsim/cpu', 0x0000000080009858(.l_bext_780_Start+4): a3bd8d93 addi    s11,s11,-1477
Info   s11 7da4e000 -> 7da4da3b
Info 'riscvOVPsim/cpu', 0x000000008000985c(.l_bext_780_Start+8): 077ba637 lui     a2,0x77ba
Info   a2 7924399f -> 077ba000
Info 'riscvOVPsim/cpu', 0x0000000080009860(.l_bext_780_Start+c): 70f60613 addi    a2,a2,1807
Info   a2 077ba000 -> 077ba70f
Info 'riscvOVPsim/cpu', 0x0000000080009864(.l_bext_780_Start+10): 8cde933 bext    s2,s11,a2
Info   s2 7143a2c7 -> 0002a12b
Info 'riscvOVPsim/cpu', 0x0000000080009868(.l_bext_780_Start+14): 0002a0b7 lui     ra,0x2a
Info   ra 1a960f87 -> 0002a000
Info 'riscvOVPsim/cpu', 0x000000008000986c(.l_bext_780_Start+18): 12b08093 addi    ra,ra,299
Info   ra 0002a000 -> 0002a12b
Info 'riscvOVPsim/cpu', 0x0000000080009870(.l_bext_780_Start+1c): 00190a63 beq     s2,ra,80009884
Info 'riscvOVPsim/cpu', 0x0000000080009884(.l_pack_781_Start): 7bcb20b7 lui     ra,0x7bcb2
Info   ra 0002a12b -> 7bcb2000
Info 'riscvOVPsim/cpu', 0x0000000080009888(.l_pack_781_Start+4): 2b208093 addi    ra,ra,690
Info   ra 7bcb2000 -> 7bcb22b2
Info 'riscvOVPsim/cpu', 0x000000008000988c(.l_pack_781_Start+8): 5b62b337 lui     t1,0x5b62b
Info   t1 7143a2c7 -> 5b62b000
Info 'riscvOVPsim/cpu', 0x0000000080009890(.l_pack_781_Start+c): e6d30313 addi    t1,t1,-403
Info   t1 5b62b000 -> 5b62ae6d
Info 'riscvOVPsim/cpu', 0x0000000080009894(.l_pack_781_Start+10): 0860c2b3 undef
Info   t0 6059242b -> ae6d22b2
Info 'riscvOVPsim/cpu', 0x0000000080009898(.l_pack_781_Start+14): ae6d25b7 lui     a1,0xae6d2
Info   a1 c5ac8416 -> ae6d2000
Info 'riscvOVPsim/cpu', 0x000000008000989c(.l_pack_781_Start+18): 2b258593 addi    a1,a1,690
Info   a1 ae6d2000 -> ae6d22b2
Info 'riscvOVPsim/cpu', 0x00000000800098a0(.l_pack_781_Start+1c): 00b28a63 beq     t0,a1,800098b4
Info 'riscvOVPsim/cpu', 0x00000000800098b4(.l_bfp_782_Start): 3751ae37 lui     t3,0x3751a
Info   t3 3c412dc4 -> 3751a000
Info 'riscvOVPsim/cpu', 0x00000000800098b8(.l_bfp_782_Start+4): 07ee0e13 addi    t3,t3,126
Info   t3 3751a000 -> 3751a07e
Info 'riscvOVPsim/cpu', 0x00000000800098bc(.l_bfp_782_Start+8): 13ff2237 lui     tp,0x13ff2
Info   tp 6e63f44d -> 13ff2000
Info 'riscvOVPsim/cpu', 0x00000000800098c0(.l_bfp_782_Start+c): c6a20213 addi    tp,tp,-918
Info   tp 13ff2000 -> 13ff1c6a
Info 'riscvOVPsim/cpu', 0x00000000800098c4(.l_bfp_782_Start+10): 84e7eb3 bfp     t4,t3,tp
Info   t4 00000000 -> 3751a07d
Info 'riscvOVPsim/cpu', 0x00000000800098c8(.l_bfp_782_Start+14): 3751a737 lui     a4,0x3751a
Info   a4 18cfa960 -> 3751a000
Info 'riscvOVPsim/cpu', 0x00000000800098cc(.l_bfp_782_Start+18): 07d70713 addi    a4,a4,125
Info   a4 3751a000 -> 3751a07d
Info 'riscvOVPsim/cpu', 0x00000000800098d0(.l_bfp_782_Start+1c): 00ee8a63 beq     t4,a4,800098e4
Info 'riscvOVPsim/cpu', 0x00000000800098e4(.l_shfli_783_Start): 4bb58837 lui     a6,0x4bb58
Info   a6 00000000 -> 4bb58000
Info 'riscvOVPsim/cpu', 0x00000000800098e8(.l_shfli_783_Start+4): 1bf80813 addi    a6,a6,447
Info   a6 4bb58000 -> 4bb581bf
Info 'riscvOVPsim/cpu', 0x00000000800098ec(.l_shfli_783_Start+8): a581e13 shfli   t3,a6,37
Info   t3 3751a07e -> 2dd38d1f
Info 'riscvOVPsim/cpu', 0x00000000800098f0(.l_shfli_783_Start+c): 2dd394b7 lui     s1,0x2dd39
Info   s1 00bad687 -> 2dd39000
Info 'riscvOVPsim/cpu', 0x00000000800098f4(.l_shfli_783_Start+10): d1f48493 addi    s1,s1,-737
Info   s1 2dd39000 -> 2dd38d1f
Info 'riscvOVPsim/cpu', 0x00000000800098f8(.l_shfli_783_Start+14): 009e0a63 beq     t3,s1,8000990c
Info 'riscvOVPsim/cpu', 0x000000008000990c(.l_unshfli_784_Start): 2a554a37 lui     s4,0x2a554
Info   s4 301b6dea -> 2a554000
Info 'riscvOVPsim/cpu', 0x0000000080009910(.l_unshfli_784_Start+4): 7bca0a13 addi    s4,s4,1980
Info   s4 2a554000 -> 2a5547bc
Info 'riscvOVPsim/cpu', 0x0000000080009914(.l_unshfli_784_Start+8): a4a5b13 unshfli s6,s4,36
Info   s6 59668e9b -> 25a54b7c
Info 'riscvOVPsim/cpu', 0x0000000080009918(.l_unshfli_784_Start+c): 25a556b7 lui     a3,0x25a55
Info   a3 6c68bc65 -> 25a55000
Info 'riscvOVPsim/cpu', 0x000000008000991c(.l_unshfli_784_Start+10): b7c68693 addi    a3,a3,-1156
Info   a3 25a55000 -> 25a54b7c
Info 'riscvOVPsim/cpu', 0x0000000080009920(.l_unshfli_784_Start+14): 00db0a63 beq     s6,a3,80009934
Info 'riscvOVPsim/cpu', 0x0000000080009934(.l_andn_785_Start): 7470d0b7 lui     ra,0x7470d
Info   ra 7bcb22b2 -> 7470d000
Info 'riscvOVPsim/cpu', 0x0000000080009938(.l_andn_785_Start+4): 89c08093 addi    ra,ra,-1892
Info   ra 7470d000 -> 7470c89c
Info 'riscvOVPsim/cpu', 0x000000008000993c(.l_andn_785_Start+8): 3f9695b7 lui     a1,0x3f969
Info   a1 ae6d22b2 -> 3f969000
Info 'riscvOVPsim/cpu', 0x0000000080009940(.l_andn_785_Start+c): 0b858593 addi    a1,a1,184
Info   a1 3f969000 -> 3f9690b8
Info 'riscvOVPsim/cpu', 0x0000000080009944(.l_andn_785_Start+10): 40b0f733 andn    a4,ra,a1
Info   a4 3751a07d -> 40604804
Info 'riscvOVPsim/cpu', 0x0000000080009948(.l_andn_785_Start+14): 40605e37 lui     t3,0x40605
Info   t3 2dd38d1f -> 40605000
Info 'riscvOVPsim/cpu', 0x000000008000994c(.l_andn_785_Start+18): 804e0e13 addi    t3,t3,-2044
Info   t3 40605000 -> 40604804
Info 'riscvOVPsim/cpu', 0x0000000080009950(.l_andn_785_Start+1c): 01c70a63 beq     a4,t3,80009964
Info 'riscvOVPsim/cpu', 0x0000000080009964(.l_orn_786_Start): 1574dbb7 lui     s7,0x1574d
Info   s7 5a76cc86 -> 1574d000
Info 'riscvOVPsim/cpu', 0x0000000080009968(.l_orn_786_Start+4): 419b8b93 addi    s7,s7,1049
Info   s7 1574d000 -> 1574d419
Info 'riscvOVPsim/cpu', 0x000000008000996c(.l_orn_786_Start+8): 313143b7 lui     t2,0x31314
Info   t2 4f20d7d9 -> 31314000
Info 'riscvOVPsim/cpu', 0x0000000080009970(.l_orn_786_Start+c): 36d38393 addi    t2,t2,877
Info   t2 31314000 -> 3131436d
Info 'riscvOVPsim/cpu', 0x0000000080009974(.l_orn_786_Start+10): 407be9b3 orn     s3,s7,t2
Info   s3 3788a8a0 -> dffefc9b
Info 'riscvOVPsim/cpu', 0x0000000080009978(.l_orn_786_Start+14): dfff0fb7 lui     t6,0xdfff0
Info   t6 124ef435 -> dfff0000
Info 'riscvOVPsim/cpu', 0x000000008000997c(.l_orn_786_Start+18): c9bf8f93 addi    t6,t6,-869
Info   t6 dfff0000 -> dffefc9b
Info 'riscvOVPsim/cpu', 0x0000000080009980(.l_orn_786_Start+1c): 01f98a63 beq     s3,t6,80009994
Info 'riscvOVPsim/cpu', 0x0000000080009994(.l_xnor_787_Start): 254105b7 lui     a1,0x25410
Info   a1 3f9690b8 -> 25410000
Info 'riscvOVPsim/cpu', 0x0000000080009998(.l_xnor_787_Start+4): 18758593 addi    a1,a1,391
Info   a1 25410000 -> 25410187
Info 'riscvOVPsim/cpu', 0x000000008000999c(.l_xnor_787_Start+8): 461c4d37 lui     s10,0x461c4
Info   s10 037de501 -> 461c4000
Info 'riscvOVPsim/cpu', 0x00000000800099a0(.l_xnor_787_Start+c): 1bed0d13 addi    s10,s10,446
Info   s10 461c4000 -> 461c41be
Info 'riscvOVPsim/cpu', 0x00000000800099a4(.l_xnor_787_Start+10): 41a5cdb3 xnor    s11,a1,s10
Info   s11 7da4da3b -> 9ca2bfc6
Info 'riscvOVPsim/cpu', 0x00000000800099a8(.l_xnor_787_Start+14): 9ca2cb37 lui     s6,0x9ca2c
Info   s6 25a54b7c -> 9ca2c000
Info 'riscvOVPsim/cpu', 0x00000000800099ac(.l_xnor_787_Start+18): fc6b0b13 addi    s6,s6,-58
Info   s6 9ca2c000 -> 9ca2bfc6
Info 'riscvOVPsim/cpu', 0x00000000800099b0(.l_xnor_787_Start+1c): 016d8a63 beq     s11,s6,800099c4
Info 'riscvOVPsim/cpu', 0x00000000800099c4(.l_slo_788_Start): 3ec0c337 lui     t1,0x3ec0c
Info   t1 5b62ae6d -> 3ec0c000
Info 'riscvOVPsim/cpu', 0x00000000800099c8(.l_slo_788_Start+4): 51630313 addi    t1,t1,1302
Info   t1 3ec0c000 -> 3ec0c516
Info 'riscvOVPsim/cpu', 0x00000000800099cc(.l_slo_788_Start+8): 02ae5437 lui     s0,0x2ae5
Info   s0 61593d2f -> 02ae5000
Info 'riscvOVPsim/cpu', 0x00000000800099d0(.l_slo_788_Start+c): 70e40413 addi    s0,s0,1806
Info   s0 02ae5000 -> 02ae570e
Info 'riscvOVPsim/cpu', 0x00000000800099d4(.l_slo_788_Start+10): 20831533 slo     a0,t1,s0
Info   a0 66f05e92 -> 3145bfff
Info 'riscvOVPsim/cpu', 0x00000000800099d8(.l_slo_788_Start+14): 3145cab7 lui     s5,0x3145c
Info   s5 6059242b -> 3145c000
Info 'riscvOVPsim/cpu', 0x00000000800099dc(.l_slo_788_Start+18): fffa8a93 addi    s5,s5,-1
Info   s5 3145c000 -> 3145bfff
Info 'riscvOVPsim/cpu', 0x00000000800099e0(.l_slo_788_Start+1c): 01550a63 beq     a0,s5,800099f4
Info 'riscvOVPsim/cpu', 0x00000000800099f4(.l_sro_789_Start): 06244ab7 lui     s5,0x6244
Info   s5 3145bfff -> 06244000
Info 'riscvOVPsim/cpu', 0x00000000800099f8(.l_sro_789_Start+4): 28aa8a93 addi    s5,s5,650
Info   s5 06244000 -> 0624428a
Info 'riscvOVPsim/cpu', 0x00000000800099fc(.l_sro_789_Start+8): 64e20237 lui     tp,0x64e20
Info   tp 13ff1c6a -> 64e20000
Info 'riscvOVPsim/cpu', 0x0000000080009a00(.l_sro_789_Start+c): 53620213 addi    tp,tp,1334
Info   tp 64e20000 -> 64e20536
Info 'riscvOVPsim/cpu', 0x0000000080009a04(.l_sro_789_Start+10): 204ad2b3 sro     t0,s5,tp
Info   t0 ae6d22b2 -> fffffc18
Info 'riscvOVPsim/cpu', 0x0000000080009a08(.l_sro_789_Start+14): c1800613 addi    a2,zero,-1000
Info   a2 077ba70f -> fffffc18
Info 'riscvOVPsim/cpu', 0x0000000080009a0c(.l_sro_789_Start+18): 00c28a63 beq     t0,a2,80009a20
Info 'riscvOVPsim/cpu', 0x0000000080009a20(.l_rol_790_Start): 220de637 lui     a2,0x220de
Info   a2 fffffc18 -> 220de000
Info 'riscvOVPsim/cpu', 0x0000000080009a24(.l_rol_790_Start+4): bc860613 addi    a2,a2,-1080
Info   a2 220de000 -> 220ddbc8
Info 'riscvOVPsim/cpu', 0x0000000080009a28(.l_rol_790_Start+8): 302720b7 lui     ra,0x30272
Info   ra 7470c89c -> 30272000
Info 'riscvOVPsim/cpu', 0x0000000080009a2c(.l_rol_790_Start+c): ad908093 addi    ra,ra,-1319
Info   ra 30272000 -> 30271ad9
Info 'riscvOVPsim/cpu', 0x0000000080009a30(.l_rol_790_Start+10): 60161433 rol     s0,a2,ra
Info   s0 02ae570e -> 90441bb7
Info 'riscvOVPsim/cpu', 0x0000000080009a34(.l_rol_790_Start+14): 90442737 lui     a4,0x90442
Info   a4 40604804 -> 90442000
Info 'riscvOVPsim/cpu', 0x0000000080009a38(.l_rol_790_Start+18): bb770713 addi    a4,a4,-1097
Info   a4 90442000 -> 90441bb7
Info 'riscvOVPsim/cpu', 0x0000000080009a3c(.l_rol_790_Start+1c): 00e40a63 beq     s0,a4,80009a50
Info 'riscvOVPsim/cpu', 0x0000000080009a50(.l_ror_791_Start): 00000013 nop
Info 'riscvOVPsim/cpu', 0x0000000080009a54(.l_ror_791_Start+4): 299850b7 lui     ra,0x29985
Info   ra 30271ad9 -> 29985000
Info 'riscvOVPsim/cpu', 0x0000000080009a58(.l_ror_791_Start+8): 2b908093 addi    ra,ra,697
Info   ra 29985000 -> 299852b9
Info 'riscvOVPsim/cpu', 0x0000000080009a5c(.l_ror_791_Start+c): 60105eb3 ror     t4,zero,ra
Info   t4 3751a07d -> 00000000
Info 'riscvOVPsim/cpu', 0x0000000080009a60(.l_ror_791_Start+10): 00000413 mv      s0,zero
Info   s0 90441bb7 -> 00000000
Info 'riscvOVPsim/cpu', 0x0000000080009a64(.l_ror_791_Start+14): 008e8a63 beq     t4,s0,80009a78
Info 'riscvOVPsim/cpu', 0x0000000080009a78(.l_sbclr_792_Start): 0b795837 lui     a6,0xb795
Info   a6 4bb581bf -> 0b795000
Info 'riscvOVPsim/cpu', 0x0000000080009a7c(.l_sbclr_792_Start+4): ee980813 addi    a6,a6,-279
Info   a6 0b795000 -> 0b794ee9
Info 'riscvOVPsim/cpu', 0x0000000080009a80(.l_sbclr_792_Start+8): 60195237 lui     tp,0x60195
Info   tp 64e20536 -> 60195000
Info 'riscvOVPsim/cpu', 0x0000000080009a84(.l_sbclr_792_Start+c): b0b20213 addi    tp,tp,-1269
Info   tp 60195000 -> 60194b0b
Info 'riscvOVPsim/cpu', 0x0000000080009a88(.l_sbclr_792_Start+10): 48481733 sbclr   a4,a6,tp
Info   a4 90441bb7 -> 0b7946e9
Info 'riscvOVPsim/cpu', 0x0000000080009a8c(.l_sbclr_792_Start+14): 0b7949b7 lui     s3,0xb794
Info   s3 dffefc9b -> 0b794000
Info 'riscvOVPsim/cpu', 0x0000000080009a90(.l_sbclr_792_Start+18): 6e998993 addi    s3,s3,1769
Info   s3 0b794000 -> 0b7946e9
Info 'riscvOVPsim/cpu', 0x0000000080009a94(.l_sbclr_792_Start+1c): 01370a63 beq     a4,s3,80009aa8
Info 'riscvOVPsim/cpu', 0x0000000080009aa8(.l_sbset_793_Start): 554d09b7 lui     s3,0x554d0
Info   s3 0b7946e9 -> 554d0000
Info 'riscvOVPsim/cpu', 0x0000000080009aac(.l_sbset_793_Start+4): 0d998993 addi    s3,s3,217
Info   s3 554d0000 -> 554d00d9
Info 'riscvOVPsim/cpu', 0x0000000080009ab0(.l_sbset_793_Start+8): 7b6cb8b7 lui     a7,0x7b6cb
Info   a7 037de501 -> 7b6cb000
Info 'riscvOVPsim/cpu', 0x0000000080009ab4(.l_sbset_793_Start+c): 22788893 addi    a7,a7,551
Info   a7 7b6cb000 -> 7b6cb227
Info 'riscvOVPsim/cpu', 0x0000000080009ab8(.l_sbset_793_Start+10): 291993b3 sbset   t2,s3,a7
Info   t2 3131436d -> 554d00d9
Info 'riscvOVPsim/cpu', 0x0000000080009abc(.l_sbset_793_Start+14): 554d02b7 lui     t0,0x554d0
Info   t0 fffffc18 -> 554d0000
Info 'riscvOVPsim/cpu', 0x0000000080009ac0(.l_sbset_793_Start+18): 0d928293 addi    t0,t0,217
Info   t0 554d0000 -> 554d00d9
Info 'riscvOVPsim/cpu', 0x0000000080009ac4(.l_sbset_793_Start+1c): 00538a63 beq     t2,t0,80009ad8
Info 'riscvOVPsim/cpu', 0x0000000080009ad8(.l_sbinv_794_Start): 38a07f37 lui     t5,0x38a07
Info   t5 66f05e92 -> 38a07000
Info 'riscvOVPsim/cpu', 0x0000000080009adc(.l_sbinv_794_Start+4): 198f0f13 addi    t5,t5,408
Info   t5 38a07000 -> 38a07198
Info 'riscvOVPsim/cpu', 0x0000000080009ae0(.l_sbinv_794_Start+8): 57e51eb7 lui     t4,0x57e51
Info   t4 00000000 -> 57e51000
Info 'riscvOVPsim/cpu', 0x0000000080009ae4(.l_sbinv_794_Start+c): 477e8e93 addi    t4,t4,1143
Info   t4 57e51000 -> 57e51477
Info 'riscvOVPsim/cpu', 0x0000000080009ae8(.l_sbinv_794_Start+10): 69df1f33 sbinv   t5,t5,t4
Info   t5 38a07198 -> 38207198
Info 'riscvOVPsim/cpu', 0x0000000080009aec(.l_sbinv_794_Start+14): 38207d37 lui     s10,0x38207
Info   s10 461c41be -> 38207000
Info 'riscvOVPsim/cpu', 0x0000000080009af0(.l_sbinv_794_Start+18): 198d0d13 addi    s10,s10,408
Info   s10 38207000 -> 38207198
Info 'riscvOVPsim/cpu', 0x0000000080009af4(.l_sbinv_794_Start+1c): 01af0a63 beq     t5,s10,80009b08
Info 'riscvOVPsim/cpu', 0x0000000080009b08(.l_sbext_795_Start): 35310737 lui     a4,0x35310
Info   a4 0b7946e9 -> 35310000
Info 'riscvOVPsim/cpu', 0x0000000080009b0c(.l_sbext_795_Start+4): f4970713 addi    a4,a4,-183
Info   a4 35310000 -> 3530ff49
Info 'riscvOVPsim/cpu', 0x0000000080009b10(.l_sbext_795_Start+8): 6032efb7 lui     t6,0x6032e
Info   t6 dffefc9b -> 6032e000
Info 'riscvOVPsim/cpu', 0x0000000080009b14(.l_sbext_795_Start+c): 0a1f8f93 addi    t6,t6,161
Info   t6 6032e000 -> 6032e0a1
Info 'riscvOVPsim/cpu', 0x0000000080009b18(.l_sbext_795_Start+10): 49f756b3 sbext   a3,a4,t6
Info   a3 25a54b7c -> 00000000
Info 'riscvOVPsim/cpu', 0x0000000080009b1c(.l_sbext_795_Start+14): 00000313 mv      t1,zero
Info   t1 3ec0c516 -> 00000000
Info 'riscvOVPsim/cpu', 0x0000000080009b20(.l_sbext_795_Start+18): 00668a63 beq     a3,t1,80009b34
Info 'riscvOVPsim/cpu', 0x0000000080009b34(.l_grev_796_Start): 6e616337 lui     t1,0x6e616
Info   t1 00000000 -> 6e616000
Info 'riscvOVPsim/cpu', 0x0000000080009b38(.l_grev_796_Start+4): 55b30313 addi    t1,t1,1371
Info   t1 6e616000 -> 6e61655b
Info 'riscvOVPsim/cpu', 0x0000000080009b3c(.l_grev_796_Start+8): 1deeb0b7 lui     ra,0x1deeb
Info   ra 299852b9 -> 1deeb000
Info 'riscvOVPsim/cpu', 0x0000000080009b40(.l_grev_796_Start+c): 1fa08093 addi    ra,ra,506
Info   ra 1deeb000 -> 1deeb1fa
Info 'riscvOVPsim/cpu', 0x0000000080009b44(.l_grev_796_Start+10): 681354b3 grev    s1,t1,ra
Info   s1 2dd38d1f -> 5e95949b
Info 'riscvOVPsim/cpu', 0x0000000080009b48(.l_grev_796_Start+14): 5e9599b7 lui     s3,0x5e959
Info   s3 554d00d9 -> 5e959000
Info 'riscvOVPsim/cpu', 0x0000000080009b4c(.l_grev_796_Start+18): 49b98993 addi    s3,s3,1179
Info   s3 5e959000 -> 5e95949b
Info 'riscvOVPsim/cpu', 0x0000000080009b50(.l_grev_796_Start+1c): 01348a63 beq     s1,s3,80009b64
Info 'riscvOVPsim/cpu', 0x0000000080009b64(.l_sloi_797_Start): 38e04637 lui     a2,0x38e04
Info   a2 220ddbc8 -> 38e04000
Info 'riscvOVPsim/cpu', 0x0000000080009b68(.l_sloi_797_Start+4): 68a60613 addi    a2,a2,1674
Info   a2 38e04000 -> 38e0468a
Info 'riscvOVPsim/cpu', 0x0000000080009b6c(.l_sloi_797_Start+8): 23e61c13 sloi    s8,a2,62
Info   s8 97ccc576 -> bfffffff
Info 'riscvOVPsim/cpu', 0x0000000080009b70(.l_sloi_797_Start+c): c0000a37 lui     s4,0xc0000
Info   s4 2a5547bc -> c0000000
Info 'riscvOVPsim/cpu', 0x0000000080009b74(.l_sloi_797_Start+10): fffa0a13 addi    s4,s4,-1
Info   s4 c0000000 -> bfffffff
Info 'riscvOVPsim/cpu', 0x0000000080009b78(.l_sloi_797_Start+14): 014c0a63 beq     s8,s4,80009b8c
Info 'riscvOVPsim/cpu', 0x0000000080009b8c(.l_sroi_798_Start): 70f8e437 lui     s0,0x70f8e
Info   s0 00000000 -> 70f8e000
Info 'riscvOVPsim/cpu', 0x0000000080009b90(.l_sroi_798_Start+4): 5c340413 addi    s0,s0,1475
Info   s0 70f8e000 -> 70f8e5c3
Info 'riscvOVPsim/cpu', 0x0000000080009b94(.l_sroi_798_Start+8): 21b45493 sroi    s1,s0,27
Info   s1 5e95949b -> ffffffee
Info 'riscvOVPsim/cpu', 0x0000000080009b98(.l_sroi_798_Start+c): fee00993 addi    s3,zero,-18
Info   s3 5e95949b -> ffffffee
Info 'riscvOVPsim/cpu', 0x0000000080009b9c(.l_sroi_798_Start+10): 01348a63 beq     s1,s3,80009bb0
Info 'riscvOVPsim/cpu', 0x0000000080009bb0(.l_rori_799_Start): 0fe8cfb7 lui     t6,0xfe8c
Info   t6 6032e0a1 -> 0fe8c000
Info 'riscvOVPsim/cpu', 0x0000000080009bb4(.l_rori_799_Start+4): dd7f8f93 addi    t6,t6,-553
Info   t6 0fe8c000 -> 0fe8bdd7
Info 'riscvOVPsim/cpu', 0x0000000080009bb8(.l_rori_799_Start+8): 600fdb93 rori    s7,t6,0
Info   s7 1574d419 -> 0fe8bdd7
Info 'riscvOVPsim/cpu', 0x0000000080009bbc(.l_rori_799_Start+c): 0fe8c537 lui     a0,0xfe8c
Info   a0 3145bfff -> 0fe8c000
Info 'riscvOVPsim/cpu', 0x0000000080009bc0(.l_rori_799_Start+10): dd750513 addi    a0,a0,-553
Info   a0 0fe8c000 -> 0fe8bdd7
Info 'riscvOVPsim/cpu', 0x0000000080009bc4(.l_rori_799_Start+14): 00ab8a63 beq     s7,a0,80009bd8
Info 'riscvOVPsim/cpu', 0x0000000080009bd8(.l_sbclri_800_Start): 1422a337 lui     t1,0x1422a
Info   t1 6e61655b -> 1422a000
Info 'riscvOVPsim/cpu', 0x0000000080009bdc(.l_sbclri_800_Start+4): 25f30313 addi    t1,t1,607
Info   t1 1422a000 -> 1422a25f
Info 'riscvOVPsim/cpu', 0x0000000080009be0(.l_sbclri_800_Start+8): 4a531b93 sbclri  s7,t1,37
Info   s7 0fe8bdd7 -> 1422a25f
Info 'riscvOVPsim/cpu', 0x0000000080009be4(.l_sbclri_800_Start+c): 1422a537 lui     a0,0x1422a
Info   a0 0fe8bdd7 -> 1422a000
Info 'riscvOVPsim/cpu', 0x0000000080009be8(.l_sbclri_800_Start+10): 25f50513 addi    a0,a0,607
Info   a0 1422a000 -> 1422a25f
Info 'riscvOVPsim/cpu', 0x0000000080009bec(.l_sbclri_800_Start+14): 00ab8a63 beq     s7,a0,80009c00
Info 'riscvOVPsim/cpu', 0x0000000080009c00(.l_sbseti_801_Start): 7c340fb7 lui     t6,0x7c340
Info   t6 0fe8bdd7 -> 7c340000
Info 'riscvOVPsim/cpu', 0x0000000080009c04(.l_sbseti_801_Start+4): 0c5f8f93 addi    t6,t6,197
Info   t6 7c340000 -> 7c3400c5
Info 'riscvOVPsim/cpu', 0x0000000080009c08(.l_sbseti_801_Start+8): 281f9a93 sbseti  s5,t6,1
Info   s5 0624428a -> 7c3400c7
Info 'riscvOVPsim/cpu', 0x0000000080009c0c(.l_sbseti_801_Start+c): 7c3404b7 lui     s1,0x7c340
Info   s1 ffffffee -> 7c340000
Info 'riscvOVPsim/cpu', 0x0000000080009c10(.l_sbseti_801_Start+10): 0c748493 addi    s1,s1,199
Info   s1 7c340000 -> 7c3400c7
Info 'riscvOVPsim/cpu', 0x0000000080009c14(.l_sbseti_801_Start+14): 009a8a63 beq     s5,s1,80009c28
Info 'riscvOVPsim/cpu', 0x0000000080009c28(.l_sbinvi_802_Start): 0d09c437 lui     s0,0xd09c
Info   s0 70f8e5c3 -> 0d09c000
Info 'riscvOVPsim/cpu', 0x0000000080009c2c(.l_sbinvi_802_Start+4): 44040413 addi    s0,s0,1088
Info   s0 0d09c000 -> 0d09c440
Info 'riscvOVPsim/cpu', 0x0000000080009c30(.l_sbinvi_802_Start+8): 6a141113 sbinvi  sp,s0,33
Info   sp 3c412dc4 -> 0d09c442
Info 'riscvOVPsim/cpu', 0x0000000080009c34(.l_sbinvi_802_Start+c): 0d09c3b7 lui     t2,0xd09c
Info   t2 554d00d9 -> 0d09c000
Info 'riscvOVPsim/cpu', 0x0000000080009c38(.l_sbinvi_802_Start+10): 44238393 addi    t2,t2,1090
Info   t2 0d09c000 -> 0d09c442
Info 'riscvOVPsim/cpu', 0x0000000080009c3c(.l_sbinvi_802_Start+14): 00710a63 beq     sp,t2,80009c50
Info 'riscvOVPsim/cpu', 0x0000000080009c50(.l_sbexti_803_Start): 1841ddb7 lui     s11,0x1841d
Info   s11 9ca2bfc6 -> 1841d000
Info 'riscvOVPsim/cpu', 0x0000000080009c54(.l_sbexti_803_Start+4): 645d8d93 addi    s11,s11,1605
Info   s11 1841d000 -> 1841d645
Info 'riscvOVPsim/cpu', 0x0000000080009c58(.l_sbexti_803_Start+8): 4a2dd693 sbexti  a3,s11,34
Info   a3 00000000 -> 00000001
Info 'riscvOVPsim/cpu', 0x0000000080009c5c(.l_sbexti_803_Start+c): 00100b13 addi    s6,zero,1
Info   s6 9ca2bfc6 -> 00000001
Info 'riscvOVPsim/cpu', 0x0000000080009c60(.l_sbexti_803_Start+10): 01668a63 beq     a3,s6,80009c74
Info 'riscvOVPsim/cpu', 0x0000000080009c74(.l_grevi_804_Start): 0676e537 lui     a0,0x676e
Info   a0 1422a25f -> 0676e000
Info 'riscvOVPsim/cpu', 0x0000000080009c78(.l_grevi_804_Start+4): 88b50513 addi    a0,a0,-1909
Info   a0 0676e000 -> 0676d88b
Info 'riscvOVPsim/cpu', 0x0000000080009c7c(.l_grevi_804_Start+8): 6a155593 grevi   a1,a0,33
Info   a1 25410187 -> 09b9e447
Info 'riscvOVPsim/cpu', 0x0000000080009c80(.l_grevi_804_Start+c): 09b9e137 lui     sp,0x9b9e
Info   sp 0d09c442 -> 09b9e000
Info 'riscvOVPsim/cpu', 0x0000000080009c84(.l_grevi_804_Start+10): 44710113 addi    sp,sp,1095
Info   sp 09b9e000 -> 09b9e447
Info 'riscvOVPsim/cpu', 0x0000000080009c88(.l_grevi_804_Start+14): 00258a63 beq     a1,sp,80009c9c
Info 'riscvOVPsim/cpu', 0x0000000080009c9c(.l_cmix_805_Start): 6da7edb7 lui     s11,0x6da7e
Info   s11 1841d645 -> 6da7e000
Info 'riscvOVPsim/cpu', 0x0000000080009ca0(.l_cmix_805_Start+4): 2a2d8d93 addi    s11,s11,674
Info   s11 6da7e000 -> 6da7e2a2
Info 'riscvOVPsim/cpu', 0x0000000080009ca4(.l_cmix_805_Start+8): 4463c537 lui     a0,0x4463c
Info   a0 0676d88b -> 4463c000
Info 'riscvOVPsim/cpu', 0x0000000080009ca8(.l_cmix_805_Start+c): 19b50513 addi    a0,a0,411
Info   a0 4463c000 -> 4463c19b
Info 'riscvOVPsim/cpu', 0x0000000080009cac(.l_cmix_805_Start+10): 67907237 lui     tp,0x67907
Info   tp 60194b0b -> 67907000
Info 'riscvOVPsim/cpu', 0x0000000080009cb0(.l_cmix_805_Start+14): a9b20213 addi    tp,tp,-1381
Info   tp 67907000 -> 67906a9b
Info 'riscvOVPsim/cpu', 0x0000000080009cb4(.l_cmix_805_Start+18): 26ad9233 cmix    tp,s11,a0,tp
Info   tp 67906a9b -> 67b3ea82
Info 'riscvOVPsim/cpu', 0x0000000080009cb8(.l_cmix_805_Start+1c): 67b3fc37 lui     s8,0x67b3f
Info   s8 bfffffff -> 67b3f000
Info 'riscvOVPsim/cpu', 0x0000000080009cbc(.l_cmix_805_Start+20): a82c0c13 addi    s8,s8,-1406
Info   s8 67b3f000 -> 67b3ea82
Info 'riscvOVPsim/cpu', 0x0000000080009cc0(.l_cmix_805_Start+24): 01820a63 beq     tp,s8,80009cd4
Info 'riscvOVPsim/cpu', 0x0000000080009cd4(.l_cmov_806_Start): 700898b7 lui     a7,0x70089
Info   a7 7b6cb227 -> 70089000
Info 'riscvOVPsim/cpu', 0x0000000080009cd8(.l_cmov_806_Start+4): ffb88893 addi    a7,a7,-5
Info   a7 70089000 -> 70088ffb
Info 'riscvOVPsim/cpu', 0x0000000080009cdc(.l_cmov_806_Start+8): 5049ad37 lui     s10,0x5049a
Info   s10 38207198 -> 5049a000
Info 'riscvOVPsim/cpu', 0x0000000080009ce0(.l_cmov_806_Start+c): e3ad0d13 addi    s10,s10,-454
Info   s10 5049a000 -> 50499e3a
Info 'riscvOVPsim/cpu', 0x0000000080009ce4(.l_cmov_806_Start+10): 0b81be37 lui     t3,0xb81b
Info   t3 40604804 -> 0b81b000
Info 'riscvOVPsim/cpu', 0x0000000080009ce8(.l_cmov_806_Start+14): bd6e0e13 addi    t3,t3,-1066
Info   t3 0b81b000 -> 0b81abd6
Info 'riscvOVPsim/cpu', 0x0000000080009cec(.l_cmov_806_Start+18): e7a8d3b3 cmov    t2,a7,s10,t3
Info   t2 0d09c442 -> 70088ffb
Info 'riscvOVPsim/cpu', 0x0000000080009cf0(.l_cmov_806_Start+1c): 700896b7 lui     a3,0x70089
Info   a3 00000001 -> 70089000
Info 'riscvOVPsim/cpu', 0x0000000080009cf4(.l_cmov_806_Start+20): ffb68693 addi    a3,a3,-5
Info   a3 70089000 -> 70088ffb
Info 'riscvOVPsim/cpu', 0x0000000080009cf8(.l_cmov_806_Start+24): 00d38a63 beq     t2,a3,80009d0c
Info 'riscvOVPsim/cpu', 0x0000000080009d0c(.l_fsl_807_Start): 3a527137 lui     sp,0x3a527
Info   sp 09b9e447 -> 3a527000
Info 'riscvOVPsim/cpu', 0x0000000080009d10(.l_fsl_807_Start+4): 22410113 addi    sp,sp,548
Info   sp 3a527000 -> 3a527224
Info 'riscvOVPsim/cpu', 0x0000000080009d14(.l_fsl_807_Start+8): 3eb09bb7 lui     s7,0x3eb09
Info   s7 1422a25f -> 3eb09000
Info 'riscvOVPsim/cpu', 0x0000000080009d18(.l_fsl_807_Start+c): 636b8b93 addi    s7,s7,1590
Info   s7 3eb09000 -> 3eb09636
Info 'riscvOVPsim/cpu', 0x0000000080009d1c(.l_fsl_807_Start+10): 2c657db7 lui     s11,0x2c657
Info   s11 6da7e2a2 -> 2c657000
Info 'riscvOVPsim/cpu', 0x0000000080009d20(.l_fsl_807_Start+14): 2e5d8d93 addi    s11,s11,741
Info   s11 2c657000 -> 2c6572e5
Info 'riscvOVPsim/cpu', 0x0000000080009d24(.l_fsl_807_Start+18): dd711f33 fsl     t5,sp,s7,s11
Info   t5 38207198 -> b94e949c
Info 'riscvOVPsim/cpu', 0x0000000080009d28(.l_fsl_807_Start+1c): b94e95b7 lui     a1,0xb94e9
Info   a1 09b9e447 -> b94e9000
Info 'riscvOVPsim/cpu', 0x0000000080009d2c(.l_fsl_807_Start+20): 49c58593 addi    a1,a1,1180
Info   a1 b94e9000 -> b94e949c
Info 'riscvOVPsim/cpu', 0x0000000080009d30(.l_fsl_807_Start+24): 00bf0a63 beq     t5,a1,80009d44
Info 'riscvOVPsim/cpu', 0x0000000080009d44(.l_fsr_808_Start): 6b4e4e37 lui     t3,0x6b4e4
Info   t3 0b81abd6 -> 6b4e4000
Info 'riscvOVPsim/cpu', 0x0000000080009d48(.l_fsr_808_Start+4): e14e0e13 addi    t3,t3,-492
Info   t3 6b4e4000 -> 6b4e3e14
Info 'riscvOVPsim/cpu', 0x0000000080009d4c(.l_fsr_808_Start+8): 63876837 lui     a6,0x63876
Info   a6 0b794ee9 -> 63876000
Info 'riscvOVPsim/cpu', 0x0000000080009d50(.l_fsr_808_Start+c): 60180813 addi    a6,a6,1537
Info   a6 63876000 -> 63876601
Info 'riscvOVPsim/cpu', 0x0000000080009d54(.l_fsr_808_Start+10): 63876837 lui     a6,0x63876
Info   a6 63876601 -> 63876000
Info 'riscvOVPsim/cpu', 0x0000000080009d58(.l_fsr_808_Start+14): 60180813 addi    a6,a6,1537
Info   a6 63876000 -> 63876601
Info 'riscvOVPsim/cpu', 0x0000000080009d5c(.l_fsr_808_Start+18): 850e5333 fsr     t1,t3,a6,a6
Info   t1 1422a25f -> b5a71f0a
Info 'riscvOVPsim/cpu', 0x0000000080009d60(.l_fsr_808_Start+1c): b5a727b7 lui     a5,0xb5a72
Info   a5 53d3be5b -> b5a72000
Info 'riscvOVPsim/cpu', 0x0000000080009d64(.l_fsr_808_Start+20): f0a78793 addi    a5,a5,-246
Info   a5 b5a72000 -> b5a71f0a
Info 'riscvOVPsim/cpu', 0x0000000080009d68(.l_fsr_808_Start+24): 00f30a63 beq     t1,a5,80009d7c
Info 'riscvOVPsim/cpu', 0x0000000080009d7c(.l_fsri_809_Start): 308e9337 lui     t1,0x308e9
Info   t1 b5a71f0a -> 308e9000
Info 'riscvOVPsim/cpu', 0x0000000080009d80(.l_fsri_809_Start+4): 6fe30313 addi    t1,t1,1790
Info   t1 308e9000 -> 308e96fe
Info 'riscvOVPsim/cpu', 0x0000000080009d84(.l_fsri_809_Start+8): 7de052b7 lui     t0,0x7de05
Info   t0 554d00d9 -> 7de05000
Info 'riscvOVPsim/cpu', 0x0000000080009d88(.l_fsri_809_Start+c): 2ef28293 addi    t0,t0,751
Info   t0 7de05000 -> 7de052ef
Info 'riscvOVPsim/cpu', 0x0000000080009d8c(.l_fsri_809_Start+10): 2c335793 fsri    a5,t1,t0,3
Info   a5 b5a71f0a -> e611d2df
Info 'riscvOVPsim/cpu', 0x0000000080009d90(.l_fsri_809_Start+14): e611d937 lui     s2,0xe611d
Info   s2 0002a12b -> e611d000
Info 'riscvOVPsim/cpu', 0x0000000080009d94(.l_fsri_809_Start+18): 2df90913 addi    s2,s2,735
Info   s2 e611d000 -> e611d2df
Info 'riscvOVPsim/cpu', 0x0000000080009d98(.l_fsri_809_Start+1c): 01278a63 beq     a5,s2,80009dac
Info 'riscvOVPsim/cpu', 0x0000000080009dac(.l_clz_810_Start): 3c1bdcb7 lui     s9,0x3c1bd
Info   s9 124ef435 -> 3c1bd000
Info 'riscvOVPsim/cpu', 0x0000000080009db0(.l_clz_810_Start+4): 7c2c8c93 addi    s9,s9,1986
Info   s9 3c1bd000 -> 3c1bd7c2
Info 'riscvOVPsim/cpu', 0x0000000080009db4(.l_clz_810_Start+8): 600c9893 clz     a7,s9
Info   a7 70088ffb -> 00000002
Info 'riscvOVPsim/cpu', 0x0000000080009db8(.l_clz_810_Start+c): 00200493 addi    s1,zero,2
Info   s1 7c3400c7 -> 00000002
Info 'riscvOVPsim/cpu', 0x0000000080009dbc(.l_clz_810_Start+10): 00988a63 beq     a7,s1,80009dd0
Info 'riscvOVPsim/cpu', 0x0000000080009dd0(.l_ctz_811_Start): 74fea337 lui     t1,0x74fea
Info   t1 308e96fe -> 74fea000
Info 'riscvOVPsim/cpu', 0x0000000080009dd4(.l_ctz_811_Start+4): 63230313 addi    t1,t1,1586
Info   t1 74fea000 -> 74fea632
Info 'riscvOVPsim/cpu', 0x0000000080009dd8(.l_ctz_811_Start+8): 60131a13 ctz     s4,t1
Info   s4 bfffffff -> 00000001
Info 'riscvOVPsim/cpu', 0x0000000080009ddc(.l_ctz_811_Start+c): 00100893 addi    a7,zero,1
Info   a7 00000002 -> 00000001
Info 'riscvOVPsim/cpu', 0x0000000080009de0(.l_ctz_811_Start+10): 011a0a63 beq     s4,a7,80009df4
Info 'riscvOVPsim/cpu', 0x0000000080009df4(.l_pcnt_812_Start): 30afc837 lui     a6,0x30afc
Info   a6 63876601 -> 30afc000
Info 'riscvOVPsim/cpu', 0x0000000080009df8(.l_pcnt_812_Start+4): e4c80813 addi    a6,a6,-436
Info   a6 30afc000 -> 30afbe4c
Info 'riscvOVPsim/cpu', 0x0000000080009dfc(.l_pcnt_812_Start+8): 60281493 pcnt    s1,a6
Info   s1 00000002 -> 00000011
Info 'riscvOVPsim/cpu', 0x0000000080009e00(.l_pcnt_812_Start+c): 01100513 addi    a0,zero,17
Info   a0 4463c19b -> 00000011
Info 'riscvOVPsim/cpu', 0x0000000080009e04(.l_pcnt_812_Start+10): 00a48a63 beq     s1,a0,80009e18
Info 'riscvOVPsim/cpu', 0x0000000080009e18(.l_crc32_b_813_Start): 5bb42237 lui     tp,0x5bb42
Info   tp 67b3ea82 -> 5bb42000
Info 'riscvOVPsim/cpu', 0x0000000080009e1c(.l_crc32_b_813_Start+4): 2fb20213 addi    tp,tp,763
Info   tp 5bb42000 -> 5bb422fb
Info 'riscvOVPsim/cpu', 0x0000000080009e20(.l_crc32_b_813_Start+8): 61021a93 crc32.b s5,tp
Info   s5 7c3400c7 -> 2a349fb6
Info 'riscvOVPsim/cpu', 0x0000000080009e24(.l_crc32_b_813_Start+c): 2a34a9b7 lui     s3,0x2a34a
Info   s3 ffffffee -> 2a34a000
Info 'riscvOVPsim/cpu', 0x0000000080009e28(.l_crc32_b_813_Start+10): fb698993 addi    s3,s3,-74
Info   s3 2a34a000 -> 2a349fb6
Info 'riscvOVPsim/cpu', 0x0000000080009e2c(.l_crc32_b_813_Start+14): 013a8a63 beq     s5,s3,80009e40
Info 'riscvOVPsim/cpu', 0x0000000080009e40(.l_crc32_h_814_Start): 4eb120b7 lui     ra,0x4eb12
Info   ra 1deeb1fa -> 4eb12000
Info 'riscvOVPsim/cpu', 0x0000000080009e44(.l_crc32_h_814_Start+4): 5bd08093 addi    ra,ra,1469
Info   ra 4eb12000 -> 4eb125bd
Info 'riscvOVPsim/cpu', 0x0000000080009e48(.l_crc32_h_814_Start+8): 61109013 crc32.h zero,ra
Info 'riscvOVPsim/cpu', 0x0000000080009e4c(.l_crc32_h_814_Start+c): 00000593 mv      a1,zero
Info   a1 b94e949c -> 00000000
Info 'riscvOVPsim/cpu', 0x0000000080009e50(.l_crc32_h_814_Start+10): 00b00a63 beq     zero,a1,80009e64
Info 'riscvOVPsim/cpu', 0x0000000080009e64(.l_crc32_w_815_Start): 5a11f3b7 lui     t2,0x5a11f
Info   t2 70088ffb -> 5a11f000
Info 'riscvOVPsim/cpu', 0x0000000080009e68(.l_crc32_w_815_Start+4): 82438393 addi    t2,t2,-2012
Info   t2 5a11f000 -> 5a11e824
Info 'riscvOVPsim/cpu', 0x0000000080009e6c(.l_crc32_w_815_Start+8): 61239a93 crc32.w s5,t2
Info   s5 2a349fb6 -> 50c6228b
Info 'riscvOVPsim/cpu', 0x0000000080009e70(.l_crc32_w_815_Start+c): 50c62737 lui     a4,0x50c62
Info   a4 3530ff49 -> 50c62000
Info 'riscvOVPsim/cpu', 0x0000000080009e74(.l_crc32_w_815_Start+10): 28b70713 addi    a4,a4,651
Info   a4 50c62000 -> 50c6228b
Info 'riscvOVPsim/cpu', 0x0000000080009e78(.l_crc32_w_815_Start+14): 00ea8a63 beq     s5,a4,80009e8c
Info 'riscvOVPsim/cpu', 0x0000000080009e8c(.l_crc32c_b_816_Start): 5bfc41b7 lui     gp,0x5bfc4
Info   gp 1f840974 -> 5bfc4000
Info 'riscvOVPsim/cpu', 0x0000000080009e90(.l_crc32c_b_816_Start+4): 79518193 addi    gp,gp,1941
Info   gp 5bfc4000 -> 5bfc4795
Info 'riscvOVPsim/cpu', 0x0000000080009e94(.l_crc32c_b_816_Start+8): 61819693 crc32c.b a3,gp
Info   a3 70088ffb -> a702144c
Info 'riscvOVPsim/cpu', 0x0000000080009e98(.l_crc32c_b_816_Start+c): a7021a37 lui     s4,0xa7021
Info   s4 00000001 -> a7021000
Info 'riscvOVPsim/cpu', 0x0000000080009e9c(.l_crc32c_b_816_Start+10): 44ca0a13 addi    s4,s4,1100
Info   s4 a7021000 -> a702144c
Info 'riscvOVPsim/cpu', 0x0000000080009ea0(.l_crc32c_b_816_Start+14): 01468a63 beq     a3,s4,80009eb4
Info 'riscvOVPsim/cpu', 0x0000000080009eb4(.l_crc32c_h_817_Start): 7fe05337 lui     t1,0x7fe05
Info   t1 74fea632 -> 7fe05000
Info 'riscvOVPsim/cpu', 0x0000000080009eb8(.l_crc32c_h_817_Start+4): f7f30313 addi    t1,t1,-129
Info   t1 7fe05000 -> 7fe04f7f
Info 'riscvOVPsim/cpu', 0x0000000080009ebc(.l_crc32c_h_817_Start+8): 61931193 crc32c.h gp,t1
Info   gp 5bfc4795 -> 47488002
Info 'riscvOVPsim/cpu', 0x0000000080009ec0(.l_crc32c_h_817_Start+c): 47488537 lui     a0,0x47488
Info   a0 00000011 -> 47488000
Info 'riscvOVPsim/cpu', 0x0000000080009ec4(.l_crc32c_h_817_Start+10): 00250513 addi    a0,a0,2
Info   a0 47488000 -> 47488002
Info 'riscvOVPsim/cpu', 0x0000000080009ec8(.l_crc32c_h_817_Start+14): 00a18a63 beq     gp,a0,80009edc
Info 'riscvOVPsim/cpu', 0x0000000080009edc(.l_crc32c_w_818_Start): 53098bb7 lui     s7,0x53098
Info   s7 3eb09636 -> 53098000
Info 'riscvOVPsim/cpu', 0x0000000080009ee0(.l_crc32c_w_818_Start+4): 857b8b93 addi    s7,s7,-1961
Info   s7 53098000 -> 53097857
Info 'riscvOVPsim/cpu', 0x0000000080009ee4(.l_crc32c_w_818_Start+8): 61ab9893 crc32c.w a7,s7
Info   a7 00000001 -> f9d31c7a
Info 'riscvOVPsim/cpu', 0x0000000080009ee8(.l_crc32c_w_818_Start+c): f9d32b37 lui     s6,0xf9d32
Info   s6 00000001 -> f9d32000
Info 'riscvOVPsim/cpu', 0x0000000080009eec(.l_crc32c_w_818_Start+10): c7ab0b13 addi    s6,s6,-902
Info   s6 f9d32000 -> f9d31c7a
Info 'riscvOVPsim/cpu', 0x0000000080009ef0(.l_crc32c_w_818_Start+14): 01688a63 beq     a7,s6,80009f04
Info 'riscvOVPsim/cpu', 0x0000000080009f04(.l_clmul_819_Start): 6576d337 lui     t1,0x6576d
Info   t1 7fe04f7f -> 6576d000
Info 'riscvOVPsim/cpu', 0x0000000080009f08(.l_clmul_819_Start+4): 65330313 addi    t1,t1,1619
Info   t1 6576d000 -> 6576d653
Info 'riscvOVPsim/cpu', 0x0000000080009f0c(.l_clmul_819_Start+8): 00000013 nop
Info 'riscvOVPsim/cpu', 0x0000000080009f10(.l_clmul_819_Start+c): a031833 clmul   a6,t1,zero
Info   a6 30afbe4c -> 00000000
Info 'riscvOVPsim/cpu', 0x0000000080009f14(.l_clmul_819_Start+10): 00000613 mv      a2,zero
Info   a2 38e0468a -> 00000000
Info 'riscvOVPsim/cpu', 0x0000000080009f18(.l_clmul_819_Start+14): 00c80a63 beq     a6,a2,80009f2c
Info 'riscvOVPsim/cpu', 0x0000000080009f2c(.l_clmulr_820_Start): 6ae80ab7 lui     s5,0x6ae80
Info   s5 50c6228b -> 6ae80000
Info 'riscvOVPsim/cpu', 0x0000000080009f30(.l_clmulr_820_Start+4): e71a8a93 addi    s5,s5,-399
Info   s5 6ae80000 -> 6ae7fe71
Info 'riscvOVPsim/cpu', 0x0000000080009f34(.l_clmulr_820_Start+8): 6265dbb7 lui     s7,0x6265d
Info   s7 53097857 -> 6265d000
Info 'riscvOVPsim/cpu', 0x0000000080009f38(.l_clmulr_820_Start+c): 897b8b93 addi    s7,s7,-1897
Info   s7 6265d000 -> 6265c897
Info 'riscvOVPsim/cpu', 0x0000000080009f3c(.l_clmulr_820_Start+10): a031833 clmul   a6,t1,zero
Info   a2 00000000 -> 2e4d8ef2
Info 'riscvOVPsim/cpu', 0x0000000080009f40(.l_clmulr_820_Start+14): 2e4d9737 lui     a4,0x2e4d9
Info   a4 50c6228b -> 2e4d9000
Info 'riscvOVPsim/cpu', 0x0000000080009f44(.l_clmulr_820_Start+18): ef270713 addi    a4,a4,-270
Info   a4 2e4d9000 -> 2e4d8ef2
Info 'riscvOVPsim/cpu', 0x0000000080009f48(.l_clmulr_820_Start+1c): 00e60a63 beq     a2,a4,80009f5c
Info 'riscvOVPsim/cpu', 0x0000000080009f5c(.l_clmulh_821_Start): 5b953eb7 lui     t4,0x5b953
Info   t4 57e51477 -> 5b953000
Info 'riscvOVPsim/cpu', 0x0000000080009f60(.l_clmulh_821_Start+4): 004e8e93 addi    t4,t4,4
Info   t4 5b953000 -> 5b953004
Info 'riscvOVPsim/cpu', 0x0000000080009f64(.l_clmulh_821_Start+8): 634f8a37 lui     s4,0x634f8
Info   s4 a702144c -> 634f8000
Info 'riscvOVPsim/cpu', 0x0000000080009f68(.l_clmulh_821_Start+c): a12a0a13 addi    s4,s4,-1518
Info   s4 634f8000 -> 634f7a12
Info 'riscvOVPsim/cpu', 0x0000000080009f6c(.l_clmulh_821_Start+10): b4ebf33 clmulh  t5,t4,s4
Info   t5 b94e949c -> 1d6ef41f
Info 'riscvOVPsim/cpu', 0x0000000080009f70(.l_clmulh_821_Start+14): 1d6ef137 lui     sp,0x1d6ef
Info   sp 3a527224 -> 1d6ef000
Info 'riscvOVPsim/cpu', 0x0000000080009f74(.l_clmulh_821_Start+18): 41f10113 addi    sp,sp,1055
Info   sp 1d6ef000 -> 1d6ef41f
Info 'riscvOVPsim/cpu', 0x0000000080009f78(.l_clmulh_821_Start+1c): 002f0a63 beq     t5,sp,80009f8c
Info 'riscvOVPsim/cpu', 0x0000000080009f8c(.l_min_822_Start): 30c08937 lui     s2,0x30c08
Info   s2 e611d2df -> 30c08000
Info 'riscvOVPsim/cpu', 0x0000000080009f90(.l_min_822_Start+4): 38790913 addi    s2,s2,903
Info   s2 30c08000 -> 30c08387
Info 'riscvOVPsim/cpu', 0x0000000080009f94(.l_min_822_Start+8): 17a2fab7 lui     s5,0x17a2f
Info   s5 6ae7fe71 -> 17a2f000
Info 'riscvOVPsim/cpu', 0x0000000080009f98(.l_min_822_Start+c): 058a8a93 addi    s5,s5,88
Info   s5 17a2f000 -> 17a2f058
Info 'riscvOVPsim/cpu', 0x0000000080009f9c(.l_min_822_Start+10): b594bb3 min     s7,s2,s5
Info   s7 6265c897 -> 17a2f058
Info 'riscvOVPsim/cpu', 0x0000000080009fa0(.l_min_822_Start+14): 17a2f3b7 lui     t2,0x17a2f
Info   t2 5a11e824 -> 17a2f000
Info 'riscvOVPsim/cpu', 0x0000000080009fa4(.l_min_822_Start+18): 05838393 addi    t2,t2,88
Info   t2 17a2f000 -> 17a2f058
Info 'riscvOVPsim/cpu', 0x0000000080009fa8(.l_min_822_Start+1c): 007b8a63 beq     s7,t2,80009fbc
Info 'riscvOVPsim/cpu', 0x0000000080009fbc(.l_max_823_Start): 38eb6637 lui     a2,0x38eb6
Info   a2 2e4d8ef2 -> 38eb6000
Info 'riscvOVPsim/cpu', 0x0000000080009fc0(.l_max_823_Start+4): 85d60613 addi    a2,a2,-1955
Info   a2 38eb6000 -> 38eb585d
Info 'riscvOVPsim/cpu', 0x0000000080009fc4(.l_max_823_Start+8): 7f3c96b7 lui     a3,0x7f3c9
Info   a3 a702144c -> 7f3c9000
Info 'riscvOVPsim/cpu', 0x0000000080009fc8(.l_max_823_Start+c): dc468693 addi    a3,a3,-572
Info   a3 7f3c9000 -> 7f3c8dc4
Info 'riscvOVPsim/cpu', 0x0000000080009fcc(.l_max_823_Start+10): ad652b3 max     t0,a2,a3
Info   t0 7de052ef -> 7f3c8dc4
Info 'riscvOVPsim/cpu', 0x0000000080009fd0(.l_max_823_Start+14): 7f3c9137 lui     sp,0x7f3c9
Info   sp 1d6ef41f -> 7f3c9000
Info 'riscvOVPsim/cpu', 0x0000000080009fd4(.l_max_823_Start+18): dc410113 addi    sp,sp,-572
Info   sp 7f3c9000 -> 7f3c8dc4
Info 'riscvOVPsim/cpu', 0x0000000080009fd8(.l_max_823_Start+1c): 00228a63 beq     t0,sp,80009fec
Info 'riscvOVPsim/cpu', 0x0000000080009fec(.l_minu_824_Start): 032eeab7 lui     s5,0x32ee
Info   s5 17a2f058 -> 032ee000
Info 'riscvOVPsim/cpu', 0x0000000080009ff0(.l_minu_824_Start+4): 515a8a93 addi    s5,s5,1301
Info   s5 032ee000 -> 032ee515
Info 'riscvOVPsim/cpu', 0x0000000080009ff4(.l_minu_824_Start+8): 6fe1aa37 lui     s4,0x6fe1a
Info   s4 634f7a12 -> 6fe1a000
Info 'riscvOVPsim/cpu', 0x0000000080009ff8(.l_minu_824_Start+c): fb4a0a13 addi    s4,s4,-76
Info   s4 6fe1a000 -> 6fe19fb4
Info 'riscvOVPsim/cpu', 0x0000000080009ffc(.l_minu_824_Start+10): b4aebb3 minu    s7,s5,s4
Info   s7 17a2f058 -> 032ee515
Info 'riscvOVPsim/cpu', 0x000000008000a000(.l_minu_824_Start+14): 032ee1b7 lui     gp,0x32ee
Info   gp 47488002 -> 032ee000
Info 'riscvOVPsim/cpu', 0x000000008000a004(.l_minu_824_Start+18): 51518193 addi    gp,gp,1301
Info   gp 032ee000 -> 032ee515
Info 'riscvOVPsim/cpu', 0x000000008000a008(.l_minu_824_Start+1c): 003b8a63 beq     s7,gp,8000a01c
Info 'riscvOVPsim/cpu', 0x000000008000a01c(.l_maxu_825_Start): 3017c137 lui     sp,0x3017c
Info   sp 7f3c8dc4 -> 3017c000
Info 'riscvOVPsim/cpu', 0x000000008000a020(.l_maxu_825_Start+4): b9f10113 addi    sp,sp,-1121
Info   sp 3017c000 -> 3017bb9f
Info 'riscvOVPsim/cpu', 0x000000008000a024(.l_maxu_825_Start+8): 69fd8537 lui     a0,0x69fd8
Info   a0 47488002 -> 69fd8000
Info 'riscvOVPsim/cpu', 0x000000008000a028(.l_maxu_825_Start+c): 99b50513 addi    a0,a0,-1637
Info   a0 69fd8000 -> 69fd799b
Info 'riscvOVPsim/cpu', 0x000000008000a02c(.l_maxu_825_Start+10): aa178b3 maxu    a7,sp,a0
Info   a7 f9d31c7a -> 69fd799b
Info 'riscvOVPsim/cpu', 0x000000008000a030(.l_maxu_825_Start+14): 69fd85b7 lui     a1,0x69fd8
Info   a1 00000000 -> 69fd8000
Info 'riscvOVPsim/cpu', 0x000000008000a034(.l_maxu_825_Start+18): 99b58593 addi    a1,a1,-1637
Info   a1 69fd8000 -> 69fd799b
Info 'riscvOVPsim/cpu', 0x000000008000a038(.l_maxu_825_Start+1c): 00b88a63 beq     a7,a1,8000a04c
Info 'riscvOVPsim/cpu', 0x000000008000a04c(.l_shfl_826_Start): 4b6cef37 lui     t5,0x4b6ce
Info   t5 1d6ef41f -> 4b6ce000
Info 'riscvOVPsim/cpu', 0x000000008000a050(.l_shfl_826_Start+4): 1b1f0f13 addi    t5,t5,433
Info   t5 4b6ce000 -> 4b6ce1b1
Info 'riscvOVPsim/cpu', 0x000000008000a054(.l_shfl_826_Start+8): 1d1e2c37 lui     s8,0x1d1e2
Info   s8 67b3ea82 -> 1d1e2000
Info 'riscvOVPsim/cpu', 0x000000008000a058(.l_shfl_826_Start+c): 6bcc0c13 addi    s8,s8,1724
Info   s8 1d1e2000 -> 1d1e26bc
Info 'riscvOVPsim/cpu', 0x000000008000a05c(.l_shfl_826_Start+10): 98f1033 shfl    zero,t5,s8
Info 'riscvOVPsim/cpu', 0x000000008000a060(.l_shfl_826_Start+14): 00000b93 mv      s7,zero
Info   s7 032ee515 -> 00000000
Info 'riscvOVPsim/cpu', 0x000000008000a064(.l_shfl_826_Start+18): 01700a63 beq     zero,s7,8000a078
Info 'riscvOVPsim/cpu', 0x000000008000a078(.l_unshfl_827_Start): 609c74b7 lui     s1,0x609c7
Info   s1 00000011 -> 609c7000
Info 'riscvOVPsim/cpu', 0x000000008000a07c(.l_unshfl_827_Start+4): 56848493 addi    s1,s1,1384
Info   s1 609c7000 -> 609c7568
Info 'riscvOVPsim/cpu', 0x000000008000a080(.l_unshfl_827_Start+8): 22a2e737 lui     a4,0x22a2e
Info   a4 2e4d8ef2 -> 22a2e000
Info 'riscvOVPsim/cpu', 0x000000008000a084(.l_unshfl_827_Start+c): 63670713 addi    a4,a4,1590
Info   a4 22a2e000 -> 22a2e636
Info 'riscvOVPsim/cpu', 0x000000008000a088(.l_unshfl_827_Start+10): 8e4d3b3 unshfl  t2,s1,a4
Info   t2 17a2f058 -> 4b8456d8
Info 'riscvOVPsim/cpu', 0x000000008000a08c(.l_unshfl_827_Start+14): 4b845d37 lui     s10,0x4b845
Info   s10 50499e3a -> 4b845000
Info 'riscvOVPsim/cpu', 0x000000008000a090(.l_unshfl_827_Start+18): 6d8d0d13 addi    s10,s10,1752
Info   s10 4b845000 -> 4b8456d8
Info 'riscvOVPsim/cpu', 0x000000008000a094(.l_unshfl_827_Start+1c): 01a38a63 beq     t2,s10,8000a0a8
Info 'riscvOVPsim/cpu', 0x000000008000a0a8(.l_bdep_828_Start): 3ff9c6b7 lui     a3,0x3ff9c
Info   a3 7f3c8dc4 -> 3ff9c000
Info 'riscvOVPsim/cpu', 0x000000008000a0ac(.l_bdep_828_Start+4): 43168693 addi    a3,a3,1073
Info   a3 3ff9c000 -> 3ff9c431
Info 'riscvOVPsim/cpu', 0x000000008000a0b0(.l_bdep_828_Start+8): 662b6137 lui     sp,0x662b6
Info   sp 3017bb9f -> 662b6000
Info 'riscvOVPsim/cpu', 0x000000008000a0b4(.l_bdep_828_Start+c): ca010113 addi    sp,sp,-864
Info   sp 662b6000 -> 662b5ca0
Info 'riscvOVPsim/cpu', 0x000000008000a0b8(.l_bdep_828_Start+10): 826aab3 bdep    s5,a3,sp
Info   s5 032ee515 -> 02005020
Info 'riscvOVPsim/cpu', 0x000000008000a0bc(.l_bdep_828_Start+14): 02005537 lui     a0,0x2005
Info   a0 69fd799b -> 02005000
Info 'riscvOVPsim/cpu', 0x000000008000a0c0(.l_bdep_828_Start+18): 02050513 addi    a0,a0,32
Info   a0 02005000 -> 02005020
Info 'riscvOVPsim/cpu', 0x000000008000a0c4(.l_bdep_828_Start+1c): 00aa8a63 beq     s5,a0,8000a0d8
Info 'riscvOVPsim/cpu', 0x000000008000a0d8(.l_bext_829_Start): 754f1437 lui     s0,0x754f1
Info   s0 0d09c440 -> 754f1000
Info 'riscvOVPsim/cpu', 0x000000008000a0dc(.l_bext_829_Start+4): 26a40413 addi    s0,s0,618
Info   s0 754f1000 -> 754f126a
Info 'riscvOVPsim/cpu', 0x000000008000a0e0(.l_bext_829_Start+8): 6d349ab7 lui     s5,0x6d349
Info   s5 02005020 -> 6d349000
Info 'riscvOVPsim/cpu', 0x000000008000a0e4(.l_bext_829_Start+c): 3eea8a93 addi    s5,s5,1006
Info   s5 6d349000 -> 6d3493ee
Info 'riscvOVPsim/cpu', 0x000000008000a0e8(.l_bext_829_Start+10): 9546333 bext    t1,s0,s5
Info   t1 6576d653 -> 0003659d
Info 'riscvOVPsim/cpu', 0x000000008000a0ec(.l_bext_829_Start+14): 00036837 lui     a6,0x36
Info   a6 00000000 -> 00036000
Info 'riscvOVPsim/cpu', 0x000000008000a0f0(.l_bext_829_Start+18): 59d80813 addi    a6,a6,1437
Info   a6 00036000 -> 0003659d
Info 'riscvOVPsim/cpu', 0x000000008000a0f4(.l_bext_829_Start+1c): 01030a63 beq     t1,a6,8000a108
Info 'riscvOVPsim/cpu', 0x000000008000a108(.l_pack_830_Start): 507f8637 lui     a2,0x507f8
Info   a2 38eb585d -> 507f8000
Info 'riscvOVPsim/cpu', 0x000000008000a10c(.l_pack_830_Start+4): 5cc60613 addi    a2,a2,1484
Info   a2 507f8000 -> 507f85cc
Info 'riscvOVPsim/cpu', 0x000000008000a110(.l_pack_830_Start+8): 56479c37 lui     s8,0x56479
Info   s8 1d1e26bc -> 56479000
Info 'riscvOVPsim/cpu', 0x000000008000a114(.l_pack_830_Start+c): 8b3c0c13 addi    s8,s8,-1869
Info   s8 56479000 -> 564788b3
Info 'riscvOVPsim/cpu', 0x000000008000a118(.l_pack_830_Start+10): 09864bb3 undef
Info   s7 00000000 -> 88b385cc
Info 'riscvOVPsim/cpu', 0x000000008000a11c(.l_pack_830_Start+14): 88b38737 lui     a4,0x88b38
Info   a4 22a2e636 -> 88b38000
Info 'riscvOVPsim/cpu', 0x000000008000a120(.l_pack_830_Start+18): 5cc70713 addi    a4,a4,1484
Info   a4 88b38000 -> 88b385cc
Info 'riscvOVPsim/cpu', 0x000000008000a124(.l_pack_830_Start+1c): 00eb8a63 beq     s7,a4,8000a138
Info 'riscvOVPsim/cpu', 0x000000008000a138(.l_bfp_831_Start): 34eea537 lui     a0,0x34eea
Info   a0 02005020 -> 34eea000
Info 'riscvOVPsim/cpu', 0x000000008000a13c(.l_bfp_831_Start+4): 62850513 addi    a0,a0,1576
Info   a0 34eea000 -> 34eea628
Info 'riscvOVPsim/cpu', 0x000000008000a140(.l_bfp_831_Start+8): 034745b7 lui     a1,0x3474
Info   a1 69fd799b -> 03474000
Info 'riscvOVPsim/cpu', 0x000000008000a144(.l_bfp_831_Start+c): 53b58593 addi    a1,a1,1339
Info   a1 03474000 -> 0347453b
Info 'riscvOVPsim/cpu', 0x000000008000a148(.l_bfp_831_Start+10): 8b57fb3 bfp     t6,a0,a1
Info   t6 7c3400c5 -> 34eea5a8
Info 'riscvOVPsim/cpu', 0x000000008000a14c(.l_bfp_831_Start+14): 34eea3b7 lui     t2,0x34eea
Info   t2 4b8456d8 -> 34eea000
Info 'riscvOVPsim/cpu', 0x000000008000a150(.l_bfp_831_Start+18): 5a838393 addi    t2,t2,1448
Info   t2 34eea000 -> 34eea5a8
Info 'riscvOVPsim/cpu', 0x000000008000a154(.l_bfp_831_Start+1c): 007f8a63 beq     t6,t2,8000a168
Info 'riscvOVPsim/cpu', 0x000000008000a168(.l_shfli_832_Start): 4973fb37 lui     s6,0x4973f
Info   s6 f9d31c7a -> 4973f000
Info 'riscvOVPsim/cpu', 0x000000008000a16c(.l_shfli_832_Start+4): f0cb0b13 addi    s6,s6,-244
Info   s6 4973f000 -> 4973ef0c
Info 'riscvOVPsim/cpu', 0x000000008000a170(.l_shfli_832_Start+8): b7b1213 shfli   tp,s6,55
Info   tp 5bb422fb -> 3587a8fa
Info 'riscvOVPsim/cpu', 0x000000008000a174(.l_shfli_832_Start+c): 3587b5b7 lui     a1,0x3587b
Info   a1 0347453b -> 3587b000
Info 'riscvOVPsim/cpu', 0x000000008000a178(.l_shfli_832_Start+10): 8fa58593 addi    a1,a1,-1798
Info   a1 3587b000 -> 3587a8fa
Info 'riscvOVPsim/cpu', 0x000000008000a17c(.l_shfli_832_Start+14): 00b20a63 beq     tp,a1,8000a190
Info 'riscvOVPsim/cpu', 0x000000008000a190(.l_unshfli_833_Start): 3dc94cb7 lui     s9,0x3dc94
Info   s9 3c1bd7c2 -> 3dc94000
Info 'riscvOVPsim/cpu', 0x000000008000a194(.l_unshfli_833_Start+4): 1aac8c93 addi    s9,s9,426
Info   s9 3dc94000 -> 3dc941aa
Info 'riscvOVPsim/cpu', 0x000000008000a198(.l_unshfli_833_Start+8): 8fcd613 unshfli a2,s9,15
Info   a2 507f85cc -> 6a0f7990
Info 'riscvOVPsim/cpu', 0x000000008000a19c(.l_unshfli_833_Start+c): 6a0f8d37 lui     s10,0x6a0f8
Info   s10 4b8456d8 -> 6a0f8000
Info 'riscvOVPsim/cpu', 0x000000008000a1a0(.l_unshfli_833_Start+10): 990d0d13 addi    s10,s10,-1648
Info   s10 6a0f8000 -> 6a0f7990
Info 'riscvOVPsim/cpu', 0x000000008000a1a4(.l_unshfli_833_Start+14): 01a60a63 beq     a2,s10,8000a1b8
Info 'riscvOVPsim/cpu', 0x000000008000a1b8(.l_andn_834_Start): 22f6aa37 lui     s4,0x22f6a
Info   s4 6fe19fb4 -> 22f6a000
Info 'riscvOVPsim/cpu', 0x000000008000a1bc(.l_andn_834_Start+4): a8ea0a13 addi    s4,s4,-1394
Info   s4 22f6a000 -> 22f69a8e
Info 'riscvOVPsim/cpu', 0x000000008000a1c0(.l_andn_834_Start+8): 3241f9b7 lui     s3,0x3241f
Info   s3 2a349fb6 -> 3241f000
Info 'riscvOVPsim/cpu', 0x000000008000a1c4(.l_andn_834_Start+c): b7998993 addi    s3,s3,-1159
Info   s3 3241f000 -> 3241eb79
Info 'riscvOVPsim/cpu', 0x000000008000a1c8(.l_andn_834_Start+10): 413a77b3 andn    a5,s4,s3
Info   a5 e611d2df -> 00b61086
Info 'riscvOVPsim/cpu', 0x000000008000a1cc(.l_andn_834_Start+14): 00b61337 lui     t1,0xb61
Info   t1 0003659d -> 00b61000
Info 'riscvOVPsim/cpu', 0x000000008000a1d0(.l_andn_834_Start+18): 08630313 addi    t1,t1,134
Info   t1 00b61000 -> 00b61086
Info 'riscvOVPsim/cpu', 0x000000008000a1d4(.l_andn_834_Start+1c): 00678a63 beq     a5,t1,8000a1e8
Info 'riscvOVPsim/cpu', 0x000000008000a1e8(.l_orn_835_Start): 7c754eb7 lui     t4,0x7c754
Info   t4 5b953004 -> 7c754000
Info 'riscvOVPsim/cpu', 0x000000008000a1ec(.l_orn_835_Start+4): d95e8e93 addi    t4,t4,-619
Info   t4 7c754000 -> 7c753d95
Info 'riscvOVPsim/cpu', 0x000000008000a1f0(.l_orn_835_Start+8): 435e2837 lui     a6,0x435e2
Info   a6 0003659d -> 435e2000
Info 'riscvOVPsim/cpu', 0x000000008000a1f4(.l_orn_835_Start+c): 26f80813 addi    a6,a6,623
Info   a6 435e2000 -> 435e226f
Info 'riscvOVPsim/cpu', 0x000000008000a1f8(.l_orn_835_Start+10): 410ee733 orn     a4,t4,a6
Info   a4 88b385cc -> fcf5fd95
Info 'riscvOVPsim/cpu', 0x000000008000a1fc(.l_orn_835_Start+14): fcf606b7 lui     a3,0xfcf60
Info   a3 3ff9c431 -> fcf60000
Info 'riscvOVPsim/cpu', 0x000000008000a200(.l_orn_835_Start+18): d9568693 addi    a3,a3,-619
Info   a3 fcf60000 -> fcf5fd95
Info 'riscvOVPsim/cpu', 0x000000008000a204(.l_orn_835_Start+1c): 00d70a63 beq     a4,a3,8000a218
Info 'riscvOVPsim/cpu', 0x000000008000a218(.l_xnor_836_Start): 6a8d44b7 lui     s1,0x6a8d4
Info   s1 609c7568 -> 6a8d4000
Info 'riscvOVPsim/cpu', 0x000000008000a21c(.l_xnor_836_Start+4): 5b448493 addi    s1,s1,1460
Info   s1 6a8d4000 -> 6a8d45b4
Info 'riscvOVPsim/cpu', 0x000000008000a220(.l_xnor_836_Start+8): 183c57b7 lui     a5,0x183c5
Info   a5 00b61086 -> 183c5000
Info 'riscvOVPsim/cpu', 0x000000008000a224(.l_xnor_836_Start+c): 0a378793 addi    a5,a5,163
Info   a5 183c5000 -> 183c50a3
Info 'riscvOVPsim/cpu', 0x000000008000a228(.l_xnor_836_Start+10): 40f4c3b3 xnor    t2,s1,a5
Info   t2 34eea5a8 -> 8d4eeae8
Info 'riscvOVPsim/cpu', 0x000000008000a22c(.l_xnor_836_Start+14): 8d4ef8b7 lui     a7,0x8d4ef
Info   a7 69fd799b -> 8d4ef000
Info 'riscvOVPsim/cpu', 0x000000008000a230(.l_xnor_836_Start+18): ae888893 addi    a7,a7,-1304
Info   a7 8d4ef000 -> 8d4eeae8
Info 'riscvOVPsim/cpu', 0x000000008000a234(.l_xnor_836_Start+1c): 01138a63 beq     t2,a7,8000a248
Info 'riscvOVPsim/cpu', 0x000000008000a248(.l_slo_837_Start): 464cfe37 lui     t3,0x464cf
Info   t3 6b4e3e14 -> 464cf000
Info 'riscvOVPsim/cpu', 0x000000008000a24c(.l_slo_837_Start+4): 4b3e0e13 addi    t3,t3,1203
Info   t3 464cf000 -> 464cf4b3
Info 'riscvOVPsim/cpu', 0x000000008000a250(.l_slo_837_Start+8): 3f27bf37 lui     t5,0x3f27b
Info   t5 4b6ce1b1 -> 3f27b000
Info 'riscvOVPsim/cpu', 0x000000008000a254(.l_slo_837_Start+c): 215f0f13 addi    t5,t5,533
Info   t5 3f27b000 -> 3f27b215
Info 'riscvOVPsim/cpu', 0x000000008000a258(.l_slo_837_Start+10): 21ee1633 slo     a2,t3,t5
Info   a2 6a0f7990 -> 967fffff
Info 'riscvOVPsim/cpu', 0x000000008000a25c(.l_slo_837_Start+14): 96800db7 lui     s11,0x96800
Info   s11 2c6572e5 -> 96800000
Info 'riscvOVPsim/cpu', 0x000000008000a260(.l_slo_837_Start+18): fffd8d93 addi    s11,s11,-1
Info   s11 96800000 -> 967fffff
Info 'riscvOVPsim/cpu', 0x000000008000a264(.l_slo_837_Start+1c): 01b60a63 beq     a2,s11,8000a278
Info 'riscvOVPsim/cpu', 0x000000008000a278(.l_sro_838_Start): 0674dfb7 lui     t6,0x674d
Info   t6 34eea5a8 -> 0674d000
Info 'riscvOVPsim/cpu', 0x000000008000a27c(.l_sro_838_Start+4): 70ef8f93 addi    t6,t6,1806
Info   t6 0674d000 -> 0674d70e
Info 'riscvOVPsim/cpu', 0x000000008000a280(.l_sro_838_Start+8): 1bd11137 lui     sp,0x1bd11
Info   sp 662b5ca0 -> 1bd11000
Info 'riscvOVPsim/cpu', 0x000000008000a284(.l_sro_838_Start+c): 3b010113 addi    sp,sp,944
Info   sp 1bd11000 -> 1bd113b0
Info 'riscvOVPsim/cpu', 0x000000008000a288(.l_sro_838_Start+10): 202fdeb3 sro     t4,t6,sp
Info   t4 7c753d95 -> ffff0674
Info 'riscvOVPsim/cpu', 0x000000008000a28c(.l_sro_838_Start+14): ffff0337 lui     t1,0xffff0
Info   t1 00b61086 -> ffff0000
Info 'riscvOVPsim/cpu', 0x000000008000a290(.l_sro_838_Start+18): 67430313 addi    t1,t1,1652
Info   t1 ffff0000 -> ffff0674
Info 'riscvOVPsim/cpu', 0x000000008000a294(.l_sro_838_Start+1c): 006e8a63 beq     t4,t1,8000a2a8
Info 'riscvOVPsim/cpu', 0x000000008000a2a8(.l_rol_839_Start): 3253aeb7 lui     t4,0x3253a
Info   t4 ffff0674 -> 3253a000
Info 'riscvOVPsim/cpu', 0x000000008000a2ac(.l_rol_839_Start+4): 441e8e93 addi    t4,t4,1089
Info   t4 3253a000 -> 3253a441
Info 'riscvOVPsim/cpu', 0x000000008000a2b0(.l_rol_839_Start+8): 646b52b7 lui     t0,0x646b5
Info   t0 7f3c8dc4 -> 646b5000
Info 'riscvOVPsim/cpu', 0x000000008000a2b4(.l_rol_839_Start+c): 49328293 addi    t0,t0,1171
Info   t0 646b5000 -> 646b5493
Info 'riscvOVPsim/cpu', 0x000000008000a2b8(.l_rol_839_Start+10): 605e90b3 rol     ra,t4,t0
Info   ra 4eb125bd -> 2209929d
Info 'riscvOVPsim/cpu', 0x000000008000a2bc(.l_rol_839_Start+14): 22099f37 lui     t5,0x22099
Info   t5 3f27b215 -> 22099000
Info 'riscvOVPsim/cpu', 0x000000008000a2c0(.l_rol_839_Start+18): 29df0f13 addi    t5,t5,669
Info   t5 22099000 -> 2209929d
Info 'riscvOVPsim/cpu', 0x000000008000a2c4(.l_rol_839_Start+1c): 01e08a63 beq     ra,t5,8000a2d8
Info 'riscvOVPsim/cpu', 0x000000008000a2d8(.l_ror_840_Start): 5b589837 lui     a6,0x5b589
Info   a6 435e226f -> 5b589000
Info 'riscvOVPsim/cpu', 0x000000008000a2dc(.l_ror_840_Start+4): dcb80813 addi    a6,a6,-565
Info   a6 5b589000 -> 5b588dcb
Info 'riscvOVPsim/cpu', 0x000000008000a2e0(.l_ror_840_Start+8): 5b589837 lui     a6,0x5b589
Info   a6 5b588dcb -> 5b589000
Info 'riscvOVPsim/cpu', 0x000000008000a2e4(.l_ror_840_Start+c): dcb80813 addi    a6,a6,-565
Info   a6 5b589000 -> 5b588dcb
Info 'riscvOVPsim/cpu', 0x000000008000a2e8(.l_ror_840_Start+10): 610856b3 ror     a3,a6,a6
Info   a3 fcf5fd95 -> b96b6b11
Info 'riscvOVPsim/cpu', 0x000000008000a2ec(.l_ror_840_Start+14): b96b70b7 lui     ra,0xb96b7
Info   ra 2209929d -> b96b7000
Info 'riscvOVPsim/cpu', 0x000000008000a2f0(.l_ror_840_Start+18): b1108093 addi    ra,ra,-1263
Info   ra b96b7000 -> b96b6b11
Info 'riscvOVPsim/cpu', 0x000000008000a2f4(.l_ror_840_Start+1c): 00168a63 beq     a3,ra,8000a308
Info 'riscvOVPsim/cpu', 0x000000008000a308(.l_sbclr_841_Start): 02b2e937 lui     s2,0x2b2e
Info   s2 30c08387 -> 02b2e000
Info 'riscvOVPsim/cpu', 0x000000008000a30c(.l_sbclr_841_Start+4): d2390913 addi    s2,s2,-733
Info   s2 02b2e000 -> 02b2dd23
Info 'riscvOVPsim/cpu', 0x000000008000a310(.l_sbclr_841_Start+8): 2e55d7b7 lui     a5,0x2e55d
Info   a5 183c50a3 -> 2e55d000
Info 'riscvOVPsim/cpu', 0x000000008000a314(.l_sbclr_841_Start+c): ca378793 addi    a5,a5,-861
Info   a5 2e55d000 -> 2e55cca3
Info 'riscvOVPsim/cpu', 0x000000008000a318(.l_sbclr_841_Start+10): 48f916b3 sbclr   a3,s2,a5
Info   a3 b96b6b11 -> 02b2dd23
Info 'riscvOVPsim/cpu', 0x000000008000a31c(.l_sbclr_841_Start+14): 02b2e437 lui     s0,0x2b2e
Info   s0 754f126a -> 02b2e000
Info 'riscvOVPsim/cpu', 0x000000008000a320(.l_sbclr_841_Start+18): d2340413 addi    s0,s0,-733
Info   s0 02b2e000 -> 02b2dd23
Info 'riscvOVPsim/cpu', 0x000000008000a324(.l_sbclr_841_Start+1c): 00868a63 beq     a3,s0,8000a338
Info 'riscvOVPsim/cpu', 0x000000008000a338(.l_sbset_842_Start): 048ab7b7 lui     a5,0x48ab
Info   a5 2e55cca3 -> 048ab000
Info 'riscvOVPsim/cpu', 0x000000008000a33c(.l_sbset_842_Start+4): 30078793 addi    a5,a5,768
Info   a5 048ab000 -> 048ab300
Info 'riscvOVPsim/cpu', 0x000000008000a340(.l_sbset_842_Start+8): 00000013 nop
Info 'riscvOVPsim/cpu', 0x000000008000a344(.l_sbset_842_Start+c): 28079fb3 sbset   t6,a5,zero
Info   t6 0674d70e -> 048ab301
Info 'riscvOVPsim/cpu', 0x000000008000a348(.l_sbset_842_Start+10): 048ab6b7 lui     a3,0x48ab
Info   a3 02b2dd23 -> 048ab000
Info 'riscvOVPsim/cpu', 0x000000008000a34c(.l_sbset_842_Start+14): 30168693 addi    a3,a3,769
Info   a3 048ab000 -> 048ab301
Info 'riscvOVPsim/cpu', 0x000000008000a350(.l_sbset_842_Start+18): 00df8a63 beq     t6,a3,8000a364
Info 'riscvOVPsim/cpu', 0x000000008000a364(.l_sbinv_843_Start): 21455937 lui     s2,0x21455
Info   s2 02b2dd23 -> 21455000
Info 'riscvOVPsim/cpu', 0x000000008000a368(.l_sbinv_843_Start+4): 9d490913 addi    s2,s2,-1580
Info   s2 21455000 -> 214549d4
Info 'riscvOVPsim/cpu', 0x000000008000a36c(.l_sbinv_843_Start+8): 6bf33f37 lui     t5,0x6bf33
Info   t5 2209929d -> 6bf33000
Info 'riscvOVPsim/cpu', 0x000000008000a370(.l_sbinv_843_Start+c): a35f0f13 addi    t5,t5,-1483
Info   t5 6bf33000 -> 6bf32a35
Info 'riscvOVPsim/cpu', 0x000000008000a374(.l_sbinv_843_Start+10): 69e919b3 sbinv   s3,s2,t5
Info   s3 3241eb79 -> 216549d4
Info 'riscvOVPsim/cpu', 0x000000008000a378(.l_sbinv_843_Start+14): 21655737 lui     a4,0x21655
Info   a4 fcf5fd95 -> 21655000
Info 'riscvOVPsim/cpu', 0x000000008000a37c(.l_sbinv_843_Start+18): 9d470713 addi    a4,a4,-1580
Info   a4 21655000 -> 216549d4
Info 'riscvOVPsim/cpu', 0x000000008000a380(.l_sbinv_843_Start+1c): 00e98a63 beq     s3,a4,8000a394
Info 'riscvOVPsim/cpu', 0x000000008000a394(.l_sbext_844_Start): 7e8b12b7 lui     t0,0x7e8b1
Info   t0 646b5493 -> 7e8b1000
Info 'riscvOVPsim/cpu', 0x000000008000a398(.l_sbext_844_Start+4): 78a28293 addi    t0,t0,1930
Info   t0 7e8b1000 -> 7e8b178a
Info 'riscvOVPsim/cpu', 0x000000008000a39c(.l_sbext_844_Start+8): 164a0b37 lui     s6,0x164a0
Info   s6 4973ef0c -> 164a0000
Info 'riscvOVPsim/cpu', 0x000000008000a3a0(.l_sbext_844_Start+c): aabb0b13 addi    s6,s6,-1365
Info   s6 164a0000 -> 1649faab
Info 'riscvOVPsim/cpu', 0x000000008000a3a4(.l_sbext_844_Start+10): 4962d0b3 sbext   ra,t0,s6
Info   ra b96b6b11 -> 00000000
Info 'riscvOVPsim/cpu', 0x000000008000a3a8(.l_sbext_844_Start+14): 00000693 mv      a3,zero
Info   a3 048ab301 -> 00000000
Info 'riscvOVPsim/cpu', 0x000000008000a3ac(.l_sbext_844_Start+18): 00d08a63 beq     ra,a3,8000a3c0
Info 'riscvOVPsim/cpu', 0x000000008000a3c0(.l_grev_845_Start): 578cfeb7 lui     t4,0x578cf
Info   t4 3253a441 -> 578cf000
Info 'riscvOVPsim/cpu', 0x000000008000a3c4(.l_grev_845_Start+4): f2ee8e93 addi    t4,t4,-210
Info   t4 578cf000 -> 578cef2e
Info 'riscvOVPsim/cpu', 0x000000008000a3c8(.l_grev_845_Start+8): 4c11dc37 lui     s8,0x4c11d
Info   s8 564788b3 -> 4c11d000
Info 'riscvOVPsim/cpu', 0x000000008000a3cc(.l_grev_845_Start+c): b96c0c13 addi    s8,s8,-1130
Info   s8 4c11d000 -> 4c11cb96
Info 'riscvOVPsim/cpu', 0x000000008000a3d0(.l_grev_845_Start+10): 698ed033 grev    zero,t4,s8
Info 'riscvOVPsim/cpu', 0x000000008000a3d4(.l_grev_845_Start+14): 00000393 mv      t2,zero
Info   t2 8d4eeae8 -> 00000000
Info 'riscvOVPsim/cpu', 0x000000008000a3d8(.l_grev_845_Start+18): 00700a63 beq     zero,t2,8000a3ec
Info 'riscvOVPsim/cpu', 0x000000008000a3ec(.l_sloi_846_Start): 0c613a37 lui     s4,0xc613
Info   s4 22f69a8e -> 0c613000
Info 'riscvOVPsim/cpu', 0x000000008000a3f0(.l_sloi_846_Start+4): 6c3a0a13 addi    s4,s4,1731
Info   s4 0c613000 -> 0c6136c3
Info 'riscvOVPsim/cpu', 0x000000008000a3f4(.l_sloi_846_Start+8): 203a1d93 sloi    s11,s4,3
Info   s11 967fffff -> 6309b61f
Info 'riscvOVPsim/cpu', 0x000000008000a3f8(.l_sloi_846_Start+c): 6309bf37 lui     t5,0x6309b
Info   t5 6bf32a35 -> 6309b000
Info 'riscvOVPsim/cpu', 0x000000008000a3fc(.l_sloi_846_Start+10): 61ff0f13 addi    t5,t5,1567
Info   t5 6309b000 -> 6309b61f
Info 'riscvOVPsim/cpu', 0x000000008000a400(.l_sloi_846_Start+14): 01ed8a63 beq     s11,t5,8000a414
Info 'riscvOVPsim/cpu', 0x000000008000a414(.l_sroi_847_Start): 226b0837 lui     a6,0x226b0
Info   a6 5b588dcb -> 226b0000
Info 'riscvOVPsim/cpu', 0x000000008000a418(.l_sroi_847_Start+4): e1f80813 addi    a6,a6,-481
Info   a6 226b0000 -> 226afe1f
Info 'riscvOVPsim/cpu', 0x000000008000a41c(.l_sroi_847_Start+8): 22685f93 sroi    t6,a6,38
Info   t6 048ab301 -> fc89abf8
Info 'riscvOVPsim/cpu', 0x000000008000a420(.l_sroi_847_Start+c): fc89b2b7 lui     t0,0xfc89b
Info   t0 7e8b178a -> fc89b000
Info 'riscvOVPsim/cpu', 0x000000008000a424(.l_sroi_847_Start+10): bf828293 addi    t0,t0,-1032
Info   t0 fc89b000 -> fc89abf8
Info 'riscvOVPsim/cpu', 0x000000008000a428(.l_sroi_847_Start+14): 005f8a63 beq     t6,t0,8000a43c
Info 'riscvOVPsim/cpu', 0x000000008000a43c(.l_rori_848_Start): 26308db7 lui     s11,0x26308
Info   s11 6309b61f -> 26308000
Info 'riscvOVPsim/cpu', 0x000000008000a440(.l_rori_848_Start+4): d2dd8d93 addi    s11,s11,-723
Info   s11 26308000 -> 26307d2d
Info 'riscvOVPsim/cpu', 0x000000008000a444(.l_rori_848_Start+8): 620dd313 rori    t1,s11,32
Info   t1 ffff0674 -> 26307d2d
Info 'riscvOVPsim/cpu', 0x000000008000a448(.l_rori_848_Start+c): 263082b7 lui     t0,0x26308
Info   t0 fc89abf8 -> 26308000
Info 'riscvOVPsim/cpu', 0x000000008000a44c(.l_rori_848_Start+10): d2d28293 addi    t0,t0,-723
Info   t0 26308000 -> 26307d2d
Info 'riscvOVPsim/cpu', 0x000000008000a450(.l_rori_848_Start+14): 00530a63 beq     t1,t0,8000a464
Info 'riscvOVPsim/cpu', 0x000000008000a464(.l_sbclri_849_Start): 6adb6637 lui     a2,0x6adb6
Info   a2 967fffff -> 6adb6000
Info 'riscvOVPsim/cpu', 0x000000008000a468(.l_sbclri_849_Start+4): 20d60613 addi    a2,a2,525
Info   a2 6adb6000 -> 6adb620d
Info 'riscvOVPsim/cpu', 0x000000008000a46c(.l_sbclri_849_Start+8): 48261f13 sbclri  t5,a2,2
Info   t5 6309b61f -> 6adb6209
Info 'riscvOVPsim/cpu', 0x000000008000a470(.l_sbclri_849_Start+c): 6adb6d37 lui     s10,0x6adb6
Info   s10 6a0f7990 -> 6adb6000
Info 'riscvOVPsim/cpu', 0x000000008000a474(.l_sbclri_849_Start+10): 209d0d13 addi    s10,s10,521
Info   s10 6adb6000 -> 6adb6209
Info 'riscvOVPsim/cpu', 0x000000008000a478(.l_sbclri_849_Start+14): 01af0a63 beq     t5,s10,8000a48c
Info 'riscvOVPsim/cpu', 0x000000008000a48c(.l_sbseti_850_Start): 3ee274b7 lui     s1,0x3ee27
Info   s1 6a8d45b4 -> 3ee27000
Info 'riscvOVPsim/cpu', 0x000000008000a490(.l_sbseti_850_Start+4): c1448493 addi    s1,s1,-1004
Info   s1 3ee27000 -> 3ee26c14
Info 'riscvOVPsim/cpu', 0x000000008000a494(.l_sbseti_850_Start+8): 28b49393 sbseti  t2,s1,11
Info   t2 00000000 -> 3ee26c14
Info 'riscvOVPsim/cpu', 0x000000008000a498(.l_sbseti_850_Start+c): 3ee271b7 lui     gp,0x3ee27
Info   gp 032ee515 -> 3ee27000
Info 'riscvOVPsim/cpu', 0x000000008000a49c(.l_sbseti_850_Start+10): c1418193 addi    gp,gp,-1004
Info   gp 3ee27000 -> 3ee26c14
Info 'riscvOVPsim/cpu', 0x000000008000a4a0(.l_sbseti_850_Start+14): 00338a63 beq     t2,gp,8000a4b4
Info 'riscvOVPsim/cpu', 0x000000008000a4b4(.l_sbinvi_851_Start): 3d9a9737 lui     a4,0x3d9a9
Info   a4 216549d4 -> 3d9a9000
Info 'riscvOVPsim/cpu', 0x000000008000a4b8(.l_sbinvi_851_Start+4): 75c70713 addi    a4,a4,1884
Info   a4 3d9a9000 -> 3d9a975c
Info 'riscvOVPsim/cpu', 0x000000008000a4bc(.l_sbinvi_851_Start+8): 6ad71593 sbinvi  a1,a4,45
Info   a1 3587a8fa -> 3d9ab75c
Info 'riscvOVPsim/cpu', 0x000000008000a4c0(.l_sbinvi_851_Start+c): 3d9ab1b7 lui     gp,0x3d9ab
Info   gp 3ee26c14 -> 3d9ab000
Info 'riscvOVPsim/cpu', 0x000000008000a4c4(.l_sbinvi_851_Start+10): 75c18193 addi    gp,gp,1884
Info   gp 3d9ab000 -> 3d9ab75c
Info 'riscvOVPsim/cpu', 0x000000008000a4c8(.l_sbinvi_851_Start+14): 00358a63 beq     a1,gp,8000a4dc
Info 'riscvOVPsim/cpu', 0x000000008000a4dc(.l_sbexti_852_Start): 239aeb37 lui     s6,0x239ae
Info   s6 1649faab -> 239ae000
Info 'riscvOVPsim/cpu', 0x000000008000a4e0(.l_sbexti_852_Start+4): 2e3b0b13 addi    s6,s6,739
Info   s6 239ae000 -> 239ae2e3
Info 'riscvOVPsim/cpu', 0x000000008000a4e4(.l_sbexti_852_Start+8): 4b0b5193 sbexti  gp,s6,48
Info   gp 3d9ab75c -> 00000000
Info 'riscvOVPsim/cpu', 0x000000008000a4e8(.l_sbexti_852_Start+c): 00000a93 mv      s5,zero
Info   s5 6d3493ee -> 00000000
Info 'riscvOVPsim/cpu', 0x000000008000a4ec(.l_sbexti_852_Start+10): 01518a63 beq     gp,s5,8000a500
Info 'riscvOVPsim/cpu', 0x000000008000a500(.l_grevi_853_Start): 6b7112b7 lui     t0,0x6b711
Info   t0 26307d2d -> 6b711000
Info 'riscvOVPsim/cpu', 0x000000008000a504(.l_grevi_853_Start+4): 2c328293 addi    t0,t0,707
Info   t0 6b711000 -> 6b7112c3
Info 'riscvOVPsim/cpu', 0x000000008000a508(.l_grevi_853_Start+8): 6b32d993 grevi   s3,t0,51
Info   s3 216549d4 -> 843c6de8
Info 'riscvOVPsim/cpu', 0x000000008000a50c(.l_grevi_853_Start+c): 843c7cb7 lui     s9,0x843c7
Info   s9 3dc941aa -> 843c7000
Info 'riscvOVPsim/cpu', 0x000000008000a510(.l_grevi_853_Start+10): de8c8c93 addi    s9,s9,-536
Info   s9 843c7000 -> 843c6de8
Info 'riscvOVPsim/cpu', 0x000000008000a514(.l_grevi_853_Start+14): 01998a63 beq     s3,s9,8000a528
Info 'riscvOVPsim/cpu', 0x000000008000a528(.l_cmix_854_Start): 00000013 nop
Info 'riscvOVPsim/cpu', 0x000000008000a52c(.l_cmix_854_Start+4): 31586f37 lui     t5,0x31586
Info   t5 6adb6209 -> 31586000
Info 'riscvOVPsim/cpu', 0x000000008000a530(.l_cmix_854_Start+8): 8ebf0f13 addi    t5,t5,-1813
Info   t5 31586000 -> 315858eb
Info 'riscvOVPsim/cpu', 0x000000008000a534(.l_cmix_854_Start+c): 3280b9b7 lui     s3,0x3280b
Info   s3 843c6de8 -> 3280b000
Info 'riscvOVPsim/cpu', 0x000000008000a538(.l_cmix_854_Start+10): 2b198993 addi    s3,s3,689
Info   s3 3280b000 -> 3280b2b1
Info 'riscvOVPsim/cpu', 0x000000008000a53c(.l_cmix_854_Start+14): 9fe019b3 cmix    s3,zero,t5,s3
Info   s3 3280b2b1 -> 0280a210
Info 'riscvOVPsim/cpu', 0x000000008000a540(.l_cmix_854_Start+18): 0280a8b7 lui     a7,0x280a
Info   a7 8d4eeae8 -> 0280a000
Info 'riscvOVPsim/cpu', 0x000000008000a544(.l_cmix_854_Start+1c): 21088893 addi    a7,a7,528
Info   a7 0280a000 -> 0280a210
Info 'riscvOVPsim/cpu', 0x000000008000a548(.l_cmix_854_Start+20): 01198a63 beq     s3,a7,8000a55c
Info 'riscvOVPsim/cpu', 0x000000008000a55c(.l_cmov_855_Start): 675936b7 lui     a3,0x67593
Info   a3 00000000 -> 67593000
Info 'riscvOVPsim/cpu', 0x000000008000a560(.l_cmov_855_Start+4): f4d68693 addi    a3,a3,-179
Info   a3 67593000 -> 67592f4d
Info 'riscvOVPsim/cpu', 0x000000008000a564(.l_cmov_855_Start+8): 1661f237 lui     tp,0x1661f
Info   tp 3587a8fa -> 1661f000
Info 'riscvOVPsim/cpu', 0x000000008000a568(.l_cmov_855_Start+c): 37e20213 addi    tp,tp,894
Info   tp 1661f000 -> 1661f37e
Info 'riscvOVPsim/cpu', 0x000000008000a56c(.l_cmov_855_Start+10): 007189b7 lui     s3,0x718
Info   s3 0280a210 -> 00718000
Info 'riscvOVPsim/cpu', 0x000000008000a570(.l_cmov_855_Start+14): 08598993 addi    s3,s3,133
Info   s3 00718000 -> 00718085
Info 'riscvOVPsim/cpu', 0x000000008000a574(.l_cmov_855_Start+18): 9e46d333 cmov    t1,a3,tp,s3
Info   t1 26307d2d -> 67592f4d
Info 'riscvOVPsim/cpu', 0x000000008000a578(.l_cmov_855_Start+1c): 67593a37 lui     s4,0x67593
Info   s4 0c6136c3 -> 67593000
Info 'riscvOVPsim/cpu', 0x000000008000a57c(.l_cmov_855_Start+20): f4da0a13 addi    s4,s4,-179
Info   s4 67593000 -> 67592f4d
Info 'riscvOVPsim/cpu', 0x000000008000a580(.l_cmov_855_Start+24): 01430a63 beq     t1,s4,8000a594
Info 'riscvOVPsim/cpu', 0x000000008000a594(.l_fsl_856_Start): 750d3537 lui     a0,0x750d3
Info   a0 34eea628 -> 750d3000
Info 'riscvOVPsim/cpu', 0x000000008000a598(.l_fsl_856_Start+4): 45250513 addi    a0,a0,1106
Info   a0 750d3000 -> 750d3452
Info 'riscvOVPsim/cpu', 0x000000008000a59c(.l_fsl_856_Start+8): 3f162a37 lui     s4,0x3f162
Info   s4 67592f4d -> 3f162000
Info 'riscvOVPsim/cpu', 0x000000008000a5a0(.l_fsl_856_Start+c): 3bca0a13 addi    s4,s4,956
Info   s4 3f162000 -> 3f1623bc
Info 'riscvOVPsim/cpu', 0x000000008000a5a4(.l_fsl_856_Start+10): 2a4d07b7 lui     a5,0x2a4d0
Info   a5 048ab300 -> 2a4d0000
Info 'riscvOVPsim/cpu', 0x000000008000a5a8(.l_fsl_856_Start+14): 74178793 addi    a5,a5,1857
Info   a5 2a4d0000 -> 2a4d0741
Info 'riscvOVPsim/cpu', 0x000000008000a5ac(.l_fsl_856_Start+18): 7d451133 fsl     sp,a0,s4,a5
Info   sp 1bd113b0 -> 1750d345
Info 'riscvOVPsim/cpu', 0x000000008000a5b0(.l_fsl_856_Start+1c): 1750d4b7 lui     s1,0x1750d
Info   s1 3ee26c14 -> 1750d000
Info 'riscvOVPsim/cpu', 0x000000008000a5b4(.l_fsl_856_Start+20): 34548493 addi    s1,s1,837
Info   s1 1750d000 -> 1750d345
Info 'riscvOVPsim/cpu', 0x000000008000a5b8(.l_fsl_856_Start+24): 00910a63 beq     sp,s1,8000a5cc
Info 'riscvOVPsim/cpu', 0x000000008000a5cc(.l_fsr_857_Start): 5a008fb7 lui     t6,0x5a008
Info   t6 fc89abf8 -> 5a008000
Info 'riscvOVPsim/cpu', 0x000000008000a5d0(.l_fsr_857_Start+4): 440f8f93 addi    t6,t6,1088
Info   t6 5a008000 -> 5a008440
Info 'riscvOVPsim/cpu', 0x000000008000a5d4(.l_fsr_857_Start+8): 16c25a37 lui     s4,0x16c25
Info   s4 3f1623bc -> 16c25000
Info 'riscvOVPsim/cpu', 0x000000008000a5d8(.l_fsr_857_Start+c): 9a6a0a13 addi    s4,s4,-1626
Info   s4 16c25000 -> 16c249a6
Info 'riscvOVPsim/cpu', 0x000000008000a5dc(.l_fsr_857_Start+10): 60014eb7 lui     t4,0x60014
Info   t4 578cef2e -> 60014000
Info 'riscvOVPsim/cpu', 0x000000008000a5e0(.l_fsr_857_Start+14): 3cfe8e93 addi    t4,t4,975
Info   t4 60014000 -> 600143cf
Info 'riscvOVPsim/cpu', 0x000000008000a5e4(.l_fsr_857_Start+18): ed4fdc33 fsr     s8,t6,s4,t4
Info   s8 4c11cb96 -> 0180050f
Info 'riscvOVPsim/cpu', 0x000000008000a5e8(.l_fsr_857_Start+1c): 018003b7 lui     t2,0x1800
Info   t2 3ee26c14 -> 01800000
Info 'riscvOVPsim/cpu', 0x000000008000a5ec(.l_fsr_857_Start+20): 50f38393 addi    t2,t2,1295
Info   t2 01800000 -> 0180050f
Info 'riscvOVPsim/cpu', 0x000000008000a5f0(.l_fsr_857_Start+24): 007c0a63 beq     s8,t2,8000a604
Info 'riscvOVPsim/cpu', 0x000000008000a604(.l_fsri_858_Start): 057f9cb7 lui     s9,0x57f9
Info   s9 843c6de8 -> 057f9000
Info 'riscvOVPsim/cpu', 0x000000008000a608(.l_fsri_858_Start+4): a8fc8c93 addi    s9,s9,-1393
Info   s9 057f9000 -> 057f8a8f
Info 'riscvOVPsim/cpu', 0x000000008000a60c(.l_fsri_858_Start+8): 0f4ee4b7 lui     s1,0xf4ee
Info   s1 1750d345 -> 0f4ee000
Info 'riscvOVPsim/cpu', 0x000000008000a610(.l_fsri_858_Start+c): 8d748493 addi    s1,s1,-1833
Info   s1 0f4ee000 -> 0f4ed8d7
Info 'riscvOVPsim/cpu', 0x000000008000a614(.l_fsri_858_Start+10): 4c9cdf13 fsri    t5,s9,s1,9
Info   t5 315858eb -> 6b82bfc5
Info 'riscvOVPsim/cpu', 0x000000008000a618(.l_fsri_858_Start+14): 6b82c1b7 lui     gp,0x6b82c
Info   gp 00000000 -> 6b82c000
Info 'riscvOVPsim/cpu', 0x000000008000a61c(.l_fsri_858_Start+18): fc518193 addi    gp,gp,-59
Info   gp 6b82c000 -> 6b82bfc5
Info 'riscvOVPsim/cpu', 0x000000008000a620(.l_fsri_858_Start+1c): 003f0a63 beq     t5,gp,8000a634
Info 'riscvOVPsim/cpu', 0x000000008000a634(.l_clz_859_Start): 0190c137 lui     sp,0x190c
Info   sp 1750d345 -> 0190c000
Info 'riscvOVPsim/cpu', 0x000000008000a638(.l_clz_859_Start+4): b3b10113 addi    sp,sp,-1221
Info   sp 0190c000 -> 0190bb3b
Info 'riscvOVPsim/cpu', 0x000000008000a63c(.l_clz_859_Start+8): 60011713 clz     a4,sp
Info   a4 3d9a975c -> 00000007
Info 'riscvOVPsim/cpu', 0x000000008000a640(.l_clz_859_Start+c): 00700093 addi    ra,zero,7
Info   ra 00000000 -> 00000007
Info 'riscvOVPsim/cpu', 0x000000008000a644(.l_clz_859_Start+10): 00170a63 beq     a4,ra,8000a658
Info 'riscvOVPsim/cpu', 0x000000008000a658(.l_ctz_860_Start): 08a1a8b7 lui     a7,0x8a1a
Info   a7 0280a210 -> 08a1a000
Info 'riscvOVPsim/cpu', 0x000000008000a65c(.l_ctz_860_Start+4): 84a88893 addi    a7,a7,-1974
Info   a7 08a1a000 -> 08a1984a
Info 'riscvOVPsim/cpu', 0x000000008000a660(.l_ctz_860_Start+8): 60189013 ctz     zero,a7
Info 'riscvOVPsim/cpu', 0x000000008000a664(.l_ctz_860_Start+c): 00000913 mv      s2,zero
Info   s2 214549d4 -> 00000000
Info 'riscvOVPsim/cpu', 0x000000008000a668(.l_ctz_860_Start+10): 01200a63 beq     zero,s2,8000a67c
Info 'riscvOVPsim/cpu', 0x000000008000a67c(.l_pcnt_861_Start): 17b38637 lui     a2,0x17b38
Info   a2 6adb620d -> 17b38000
Info 'riscvOVPsim/cpu', 0x000000008000a680(.l_pcnt_861_Start+4): 69560613 addi    a2,a2,1685
Info   a2 17b38000 -> 17b38695
Info 'riscvOVPsim/cpu', 0x000000008000a684(.l_pcnt_861_Start+8): 60261293 pcnt    t0,a2
Info   t0 6b7112c3 -> 00000010
Info 'riscvOVPsim/cpu', 0x000000008000a688(.l_pcnt_861_Start+c): 01000793 addi    a5,zero,16
Info   a5 2a4d0741 -> 00000010
Info 'riscvOVPsim/cpu', 0x000000008000a68c(.l_pcnt_861_Start+10): 00f28a63 beq     t0,a5,8000a6a0
Info 'riscvOVPsim/cpu', 0x000000008000a6a0(.l_crc32_b_862_Start): 68696637 lui     a2,0x68696
Info   a2 17b38695 -> 68696000
Info 'riscvOVPsim/cpu', 0x000000008000a6a4(.l_crc32_b_862_Start+4): 5eb60613 addi    a2,a2,1515
Info   a2 68696000 -> 686965eb
Info 'riscvOVPsim/cpu', 0x000000008000a6a8(.l_crc32_b_862_Start+8): 61061f13 crc32.b t5,a2
Info   t5 6b82bfc5 -> 37b05295
Info 'riscvOVPsim/cpu', 0x000000008000a6ac(.l_crc32_b_862_Start+c): 37b05c37 lui     s8,0x37b05
Info   s8 0180050f -> 37b05000
Info 'riscvOVPsim/cpu', 0x000000008000a6b0(.l_crc32_b_862_Start+10): 295c0c13 addi    s8,s8,661
Info   s8 37b05000 -> 37b05295
Info 'riscvOVPsim/cpu', 0x000000008000a6b4(.l_crc32_b_862_Start+14): 018f0a63 beq     t5,s8,8000a6c8
Info 'riscvOVPsim/cpu', 0x000000008000a6c8(.l_crc32_h_863_Start): 090f29b7 lui     s3,0x90f2
Info   s3 00718085 -> 090f2000
Info 'riscvOVPsim/cpu', 0x000000008000a6cc(.l_crc32_h_863_Start+4): 99998993 addi    s3,s3,-1639
Info   s3 090f2000 -> 090f1999
Info 'riscvOVPsim/cpu', 0x000000008000a6d0(.l_crc32_h_863_Start+8): 61199593 crc32.h a1,s3
Info   a1 3d9ab75c -> c4e8909c
Info 'riscvOVPsim/cpu', 0x000000008000a6d4(.l_crc32_h_863_Start+c): c4e89f37 lui     t5,0xc4e89
Info   t5 37b05295 -> c4e89000
Info 'riscvOVPsim/cpu', 0x000000008000a6d8(.l_crc32_h_863_Start+10): 09cf0f13 addi    t5,t5,156
Info   t5 c4e89000 -> c4e8909c
Info 'riscvOVPsim/cpu', 0x000000008000a6dc(.l_crc32_h_863_Start+14): 01e58a63 beq     a1,t5,8000a6f0
Info 'riscvOVPsim/cpu', 0x000000008000a6f0(.l_crc32_w_864_Start): 53a5f237 lui     tp,0x53a5f
Info   tp 1661f37e -> 53a5f000
Info 'riscvOVPsim/cpu', 0x000000008000a6f4(.l_crc32_w_864_Start+4): 3fd20213 addi    tp,tp,1021
Info   tp 53a5f000 -> 53a5f3fd
Info 'riscvOVPsim/cpu', 0x000000008000a6f8(.l_crc32_w_864_Start+8): 61221993 crc32.w s3,tp
Info   s3 090f1999 -> e29c4b11
Info 'riscvOVPsim/cpu', 0x000000008000a6fc(.l_crc32_w_864_Start+c): e29c5d37 lui     s10,0xe29c5
Info   s10 6adb6209 -> e29c5000
Info 'riscvOVPsim/cpu', 0x000000008000a700(.l_crc32_w_864_Start+10): b11d0d13 addi    s10,s10,-1263
Info   s10 e29c5000 -> e29c4b11
Info 'riscvOVPsim/cpu', 0x000000008000a704(.l_crc32_w_864_Start+14): 01a98a63 beq     s3,s10,8000a718
Info 'riscvOVPsim/cpu', 0x000000008000a718(.l_crc32c_b_865_Start): 410cddb7 lui     s11,0x410cd
Info   s11 26307d2d -> 410cd000
Info 'riscvOVPsim/cpu', 0x000000008000a71c(.l_crc32c_b_865_Start+4): 220d8d93 addi    s11,s11,544
Info   s11 410cd000 -> 410cd220
Info 'riscvOVPsim/cpu', 0x000000008000a720(.l_crc32c_b_865_Start+8): 618d9893 crc32c.b a7,s11
Info   a7 08a1984a -> 20fc820c
Info 'riscvOVPsim/cpu', 0x000000008000a724(.l_crc32c_b_865_Start+c): 20fc8637 lui     a2,0x20fc8
Info   a2 686965eb -> 20fc8000
Info 'riscvOVPsim/cpu', 0x000000008000a728(.l_crc32c_b_865_Start+10): 20c60613 addi    a2,a2,524
Info   a2 20fc8000 -> 20fc820c
Info 'riscvOVPsim/cpu', 0x000000008000a72c(.l_crc32c_b_865_Start+14): 00c88a63 beq     a7,a2,8000a740
Info 'riscvOVPsim/cpu', 0x000000008000a740(.l_crc32c_h_866_Start): 00293ab7 lui     s5,0x293
Info   s5 00000000 -> 00293000
Info 'riscvOVPsim/cpu', 0x000000008000a744(.l_crc32c_h_866_Start+4): 75da8a93 addi    s5,s5,1885
Info   s5 00293000 -> 0029375d
Info 'riscvOVPsim/cpu', 0x000000008000a748(.l_crc32c_h_866_Start+8): 619a9913 crc32c.h s2,s5
Info   s2 00000000 -> e4c720e5
Info 'riscvOVPsim/cpu', 0x000000008000a74c(.l_crc32c_h_866_Start+c): e4c721b7 lui     gp,0xe4c72
Info   gp 6b82bfc5 -> e4c72000
Info 'riscvOVPsim/cpu', 0x000000008000a750(.l_crc32c_h_866_Start+10): 0e518193 addi    gp,gp,229
Info   gp e4c72000 -> e4c720e5
Info 'riscvOVPsim/cpu', 0x000000008000a754(.l_crc32c_h_866_Start+14): 00390a63 beq     s2,gp,8000a768
Info 'riscvOVPsim/cpu', 0x000000008000a768(.l_crc32c_w_867_Start): 72b161b7 lui     gp,0x72b16
Info   gp e4c720e5 -> 72b16000
Info 'riscvOVPsim/cpu', 0x000000008000a76c(.l_crc32c_w_867_Start+4): fce18193 addi    gp,gp,-50
Info   gp 72b16000 -> 72b15fce
Info 'riscvOVPsim/cpu', 0x000000008000a770(.l_crc32c_w_867_Start+8): 61a19893 crc32c.w a7,gp
Info   a7 20fc820c -> 08ed1444
Info 'riscvOVPsim/cpu', 0x000000008000a774(.l_crc32c_w_867_Start+c): 08ed1837 lui     a6,0x8ed1
Info   a6 226afe1f -> 08ed1000
Info 'riscvOVPsim/cpu', 0x000000008000a778(.l_crc32c_w_867_Start+10): 44480813 addi    a6,a6,1092
Info   a6 08ed1000 -> 08ed1444
Info 'riscvOVPsim/cpu', 0x000000008000a77c(.l_crc32c_w_867_Start+14): 01088a63 beq     a7,a6,8000a790
Info 'riscvOVPsim/cpu', 0x000000008000a790(.l_clmul_868_Start): 189129b7 lui     s3,0x18912
Info   s3 e29c4b11 -> 18912000
Info 'riscvOVPsim/cpu', 0x000000008000a794(.l_clmul_868_Start+4): 24998993 addi    s3,s3,585
Info   s3 18912000 -> 18912249
Info 'riscvOVPsim/cpu', 0x000000008000a798(.l_clmul_868_Start+8): 068e4db7 lui     s11,0x68e4
Info   s11 410cd220 -> 068e4000
Info 'riscvOVPsim/cpu', 0x000000008000a79c(.l_clmul_868_Start+c): 579d8d93 addi    s11,s11,1401
Info   s11 068e4000 -> 068e4579
Info 'riscvOVPsim/cpu', 0x000000008000a7a0(.l_clmul_868_Start+10): bb996b3 clmul   a3,s3,s11
Info   a3 67592f4d -> b321e2f1
Info 'riscvOVPsim/cpu', 0x000000008000a7a4(.l_clmul_868_Start+14): b321e8b7 lui     a7,0xb321e
Info   a7 08ed1444 -> b321e000
Info 'riscvOVPsim/cpu', 0x000000008000a7a8(.l_clmul_868_Start+18): 2f188893 addi    a7,a7,753
Info   a7 b321e000 -> b321e2f1
Info 'riscvOVPsim/cpu', 0x000000008000a7ac(.l_clmul_868_Start+1c): 01168a63 beq     a3,a7,8000a7c0
Info 'riscvOVPsim/cpu', 0x000000008000a7c0(.l_clmulr_869_Start): 5973cfb7 lui     t6,0x5973c
Info   t6 5a008440 -> 5973c000
Info 'riscvOVPsim/cpu', 0x000000008000a7c4(.l_clmulr_869_Start+4): 32af8f93 addi    t6,t6,810
Info   t6 5973c000 -> 5973c32a
Info 'riscvOVPsim/cpu', 0x000000008000a7c8(.l_clmulr_869_Start+8): 350e2837 lui     a6,0x350e2
Info   a6 08ed1444 -> 350e2000
Info 'riscvOVPsim/cpu', 0x000000008000a7cc(.l_clmulr_869_Start+c): c2380813 addi    a6,a6,-989
Info   a6 350e2000 -> 350e1c23
Info 'riscvOVPsim/cpu', 0x000000008000a7d0(.l_clmulr_869_Start+10): bb996b3 clmul   a3,s3,s11
Info   s1 0f4ed8d7 -> 1f0dc438
Info 'riscvOVPsim/cpu', 0x000000008000a7d4(.l_clmulr_869_Start+14): 1f0dc0b7 lui     ra,0x1f0dc
Info   ra 00000007 -> 1f0dc000
Info 'riscvOVPsim/cpu', 0x000000008000a7d8(.l_clmulr_869_Start+18): 43808093 addi    ra,ra,1080
Info   ra 1f0dc000 -> 1f0dc438
Info 'riscvOVPsim/cpu', 0x000000008000a7dc(.l_clmulr_869_Start+1c): 00148a63 beq     s1,ra,8000a7f0
Info 'riscvOVPsim/cpu', 0x000000008000a7f0(.l_clmulh_870_Start): 4b934237 lui     tp,0x4b934
Info   tp 53a5f3fd -> 4b934000
Info 'riscvOVPsim/cpu', 0x000000008000a7f4(.l_clmulh_870_Start+4): a2c20213 addi    tp,tp,-1492
Info   tp 4b934000 -> 4b933a2c
Info 'riscvOVPsim/cpu', 0x000000008000a7f8(.l_clmulh_870_Start+8): 6b46dbb7 lui     s7,0x6b46d
Info   s7 88b385cc -> 6b46d000
Info 'riscvOVPsim/cpu', 0x000000008000a7fc(.l_clmulh_870_Start+c): cc8b8b93 addi    s7,s7,-824
Info   s7 6b46d000 -> 6b46ccc8
Info 'riscvOVPsim/cpu', 0x000000008000a800(.l_clmulh_870_Start+10): b7239b3 clmulh  s3,tp,s7
Info   s3 18912249 -> 1905ec9f
Info 'riscvOVPsim/cpu', 0x000000008000a804(.l_clmulh_870_Start+14): 1905feb7 lui     t4,0x1905f
Info   t4 600143cf -> 1905f000
Info 'riscvOVPsim/cpu', 0x000000008000a808(.l_clmulh_870_Start+18): c9fe8e93 addi    t4,t4,-865
Info   t4 1905f000 -> 1905ec9f
Info 'riscvOVPsim/cpu', 0x000000008000a80c(.l_clmulh_870_Start+1c): 01d98a63 beq     s3,t4,8000a820
Info 'riscvOVPsim/cpu', 0x000000008000a820(.l_min_871_Start): 482d5f37 lui     t5,0x482d5
Info   t5 c4e8909c -> 482d5000
Info 'riscvOVPsim/cpu', 0x000000008000a824(.l_min_871_Start+4): 3def0f13 addi    t5,t5,990
Info   t5 482d5000 -> 482d53de
Info 'riscvOVPsim/cpu', 0x000000008000a828(.l_min_871_Start+8): 42f831b7 lui     gp,0x42f83
Info   gp 72b15fce -> 42f83000
Info 'riscvOVPsim/cpu', 0x000000008000a82c(.l_min_871_Start+c): 81518193 addi    gp,gp,-2027
Info   gp 42f83000 -> 42f82815
Info 'riscvOVPsim/cpu', 0x000000008000a830(.l_min_871_Start+10): a3f4ab3 min     s5,t5,gp
Info   s5 0029375d -> 42f82815
Info 'riscvOVPsim/cpu', 0x000000008000a834(.l_min_871_Start+14): 42f839b7 lui     s3,0x42f83
Info   s3 1905ec9f -> 42f83000
Info 'riscvOVPsim/cpu', 0x000000008000a838(.l_min_871_Start+18): 81598993 addi    s3,s3,-2027
Info   s3 42f83000 -> 42f82815
Info 'riscvOVPsim/cpu', 0x000000008000a83c(.l_min_871_Start+1c): 013a8a63 beq     s5,s3,8000a850
Info 'riscvOVPsim/cpu', 0x000000008000a850(.l_max_872_Start): 4ac190b7 lui     ra,0x4ac19
Info   ra 1f0dc438 -> 4ac19000
Info 'riscvOVPsim/cpu', 0x000000008000a854(.l_max_872_Start+4): 2a408093 addi    ra,ra,676
Info   ra 4ac19000 -> 4ac192a4
Info 'riscvOVPsim/cpu', 0x000000008000a858(.l_max_872_Start+8): 506539b7 lui     s3,0x50653
Info   s3 42f82815 -> 50653000
Info 'riscvOVPsim/cpu', 0x000000008000a85c(.l_max_872_Start+c): 4a198993 addi    s3,s3,1185
Info   s3 50653000 -> 506534a1
Info 'riscvOVPsim/cpu', 0x000000008000a860(.l_max_872_Start+10): b30d933 max     s2,ra,s3
Info   s2 e4c720e5 -> 506534a1
Info 'riscvOVPsim/cpu', 0x000000008000a864(.l_max_872_Start+14): 506534b7 lui     s1,0x50653
Info   s1 1f0dc438 -> 50653000
Info 'riscvOVPsim/cpu', 0x000000008000a868(.l_max_872_Start+18): 4a148493 addi    s1,s1,1185
Info   s1 50653000 -> 506534a1
Info 'riscvOVPsim/cpu', 0x000000008000a86c(.l_max_872_Start+1c): 00990a63 beq     s2,s1,8000a880
Info 'riscvOVPsim/cpu', 0x000000008000a880(.l_minu_873_Start): 5efac8b7 lui     a7,0x5efac
Info   a7 b321e2f1 -> 5efac000
Info 'riscvOVPsim/cpu', 0x000000008000a884(.l_minu_873_Start+4): e0f88893 addi    a7,a7,-497
Info   a7 5efac000 -> 5efabe0f
Info 'riscvOVPsim/cpu', 0x000000008000a888(.l_minu_873_Start+8): 69d3fab7 lui     s5,0x69d3f
Info   s5 42f82815 -> 69d3f000
Info 'riscvOVPsim/cpu', 0x000000008000a88c(.l_minu_873_Start+c): 29ea8a93 addi    s5,s5,670
Info   s5 69d3f000 -> 69d3f29e
Info 'riscvOVPsim/cpu', 0x000000008000a890(.l_minu_873_Start+10): b58e933 minu    s2,a7,s5
Info   s2 506534a1 -> 5efabe0f
Info 'riscvOVPsim/cpu', 0x000000008000a894(.l_minu_873_Start+14): 5efacc37 lui     s8,0x5efac
Info   s8 37b05295 -> 5efac000
Info 'riscvOVPsim/cpu', 0x000000008000a898(.l_minu_873_Start+18): e0fc0c13 addi    s8,s8,-497
Info   s8 5efac000 -> 5efabe0f
Info 'riscvOVPsim/cpu', 0x000000008000a89c(.l_minu_873_Start+1c): 01890a63 beq     s2,s8,8000a8b0
Info 'riscvOVPsim/cpu', 0x000000008000a8b0(.l_maxu_874_Start): 2db05c37 lui     s8,0x2db05
Info   s8 5efabe0f -> 2db05000
Info 'riscvOVPsim/cpu', 0x000000008000a8b4(.l_maxu_874_Start+4): 98dc0c13 addi    s8,s8,-1651
Info   s8 2db05000 -> 2db0498d
Info 'riscvOVPsim/cpu', 0x000000008000a8b8(.l_maxu_874_Start+8): 1dd96eb7 lui     t4,0x1dd96
Info   t4 1905ec9f -> 1dd96000
Info 'riscvOVPsim/cpu', 0x000000008000a8bc(.l_maxu_874_Start+c): 5e8e8e93 addi    t4,t4,1512
Info   t4 1dd96000 -> 1dd965e8
Info 'riscvOVPsim/cpu', 0x000000008000a8c0(.l_maxu_874_Start+10): bdc7333 maxu    t1,s8,t4
Info   t1 67592f4d -> 2db0498d
Info 'riscvOVPsim/cpu', 0x000000008000a8c4(.l_maxu_874_Start+14): 2db056b7 lui     a3,0x2db05
Info   a3 b321e2f1 -> 2db05000
Info 'riscvOVPsim/cpu', 0x000000008000a8c8(.l_maxu_874_Start+18): 98d68693 addi    a3,a3,-1651
Info   a3 2db05000 -> 2db0498d
Info 'riscvOVPsim/cpu', 0x000000008000a8cc(.l_maxu_874_Start+1c): 00d30a63 beq     t1,a3,8000a8e0
Info 'riscvOVPsim/cpu', 0x000000008000a8e0(.l_shfl_875_Start): 375a30b7 lui     ra,0x375a3
Info   ra 4ac192a4 -> 375a3000
Info 'riscvOVPsim/cpu', 0x000000008000a8e4(.l_shfl_875_Start+4): 19908093 addi    ra,ra,409
Info   ra 375a3000 -> 375a3199
Info 'riscvOVPsim/cpu', 0x000000008000a8e8(.l_shfl_875_Start+8): 4bef8637 lui     a2,0x4bef8
Info   a2 20fc820c -> 4bef8000
Info 'riscvOVPsim/cpu', 0x000000008000a8ec(.l_shfl_875_Start+c): cd860613 addi    a2,a2,-808
Info   a2 4bef8000 -> 4bef7cd8
Info 'riscvOVPsim/cpu', 0x000000008000a8f0(.l_shfl_875_Start+10): 8c09d33 shfl    s10,ra,a2
Info   s10 e29c4b11 -> 37315a99
Info 'riscvOVPsim/cpu', 0x000000008000a8f4(.l_shfl_875_Start+14): 373161b7 lui     gp,0x37316
Info   gp 42f82815 -> 37316000
Info 'riscvOVPsim/cpu', 0x000000008000a8f8(.l_shfl_875_Start+18): a9918193 addi    gp,gp,-1383
Info   gp 37316000 -> 37315a99
Info 'riscvOVPsim/cpu', 0x000000008000a8fc(.l_shfl_875_Start+1c): 003d0a63 beq     s10,gp,8000a910
Info 'riscvOVPsim/cpu', 0x000000008000a910(.l_unshfl_876_Start): 421ca737 lui     a4,0x421ca
Info   a4 00000007 -> 421ca000
Info 'riscvOVPsim/cpu', 0x000000008000a914(.l_unshfl_876_Start+4): c4b70713 addi    a4,a4,-949
Info   a4 421ca000 -> 421c9c4b
Info 'riscvOVPsim/cpu', 0x000000008000a918(.l_unshfl_876_Start+8): 1b3d5b37 lui     s6,0x1b3d5
Info   s6 239ae2e3 -> 1b3d5000
Info 'riscvOVPsim/cpu', 0x000000008000a91c(.l_unshfl_876_Start+c): 275b0b13 addi    s6,s6,629
Info   s6 1b3d5000 -> 1b3d5275
Info 'riscvOVPsim/cpu', 0x000000008000a920(.l_unshfl_876_Start+10): 9675cb3 unshfl  s9,a4,s6
Info   s9 057f8a8f -> 214a92ad
Info 'riscvOVPsim/cpu', 0x000000008000a924(.l_unshfl_876_Start+14): 214a9137 lui     sp,0x214a9
Info   sp 0190bb3b -> 214a9000
Info 'riscvOVPsim/cpu', 0x000000008000a928(.l_unshfl_876_Start+18): 2ad10113 addi    sp,sp,685
Info   sp 214a9000 -> 214a92ad
Info 'riscvOVPsim/cpu', 0x000000008000a92c(.l_unshfl_876_Start+1c): 002c8a63 beq     s9,sp,8000a940
Info 'riscvOVPsim/cpu', 0x000000008000a940(.l_bdep_877_Start): 59897f37 lui     t5,0x59897
Info   t5 482d53de -> 59897000
Info 'riscvOVPsim/cpu', 0x000000008000a944(.l_bdep_877_Start+4): e21f0f13 addi    t5,t5,-479
Info   t5 59897000 -> 59896e21
Info 'riscvOVPsim/cpu', 0x000000008000a948(.l_bdep_877_Start+8): 1296ab37 lui     s6,0x1296a
Info   s6 1b3d5275 -> 1296a000
Info 'riscvOVPsim/cpu', 0x000000008000a94c(.l_bdep_877_Start+c): 81ab0b13 addi    s6,s6,-2022
Info   s6 1296a000 -> 1296981a
Info 'riscvOVPsim/cpu', 0x000000008000a950(.l_bdep_877_Start+10): 96f2933 bdep    s2,t5,s6
Info   s2 5efabe0f -> 12808002
Info 'riscvOVPsim/cpu', 0x000000008000a954(.l_bdep_877_Start+14): 12808fb7 lui     t6,0x12808
Info   t6 5973c32a -> 12808000
Info 'riscvOVPsim/cpu', 0x000000008000a958(.l_bdep_877_Start+18): 002f8f93 addi    t6,t6,2
Info   t6 12808000 -> 12808002
Info 'riscvOVPsim/cpu', 0x000000008000a95c(.l_bdep_877_Start+1c): 01f90a63 beq     s2,t6,8000a970
Info 'riscvOVPsim/cpu', 0x000000008000a970(.l_bext_878_Start): 635749b7 lui     s3,0x63574
Info   s3 506534a1 -> 63574000
Info 'riscvOVPsim/cpu', 0x000000008000a974(.l_bext_878_Start+4): 14098993 addi    s3,s3,320
Info   s3 63574000 -> 63574140
Info 'riscvOVPsim/cpu', 0x000000008000a978(.l_bext_878_Start+8): 631e65b7 lui     a1,0x631e6
Info   a1 c4e8909c -> 631e6000
Info 'riscvOVPsim/cpu', 0x000000008000a97c(.l_bext_878_Start+c): 0ba58593 addi    a1,a1,186
Info   a1 631e6000 -> 631e60ba
Info 'riscvOVPsim/cpu', 0x000000008000a980(.l_bext_878_Start+10): 8b9e3b3 bext    t2,s3,a1
Info   t2 0180050f -> 00007dc0
Info 'riscvOVPsim/cpu', 0x000000008000a984(.l_bext_878_Start+14): 00008db7 lui     s11,0x8
Info   s11 068e4579 -> 00008000
Info 'riscvOVPsim/cpu', 0x000000008000a988(.l_bext_878_Start+18): dc0d8d93 addi    s11,s11,-576
Info   s11 00008000 -> 00007dc0
Info 'riscvOVPsim/cpu', 0x000000008000a98c(.l_bext_878_Start+1c): 01b38a63 beq     t2,s11,8000a9a0
Info 'riscvOVPsim/cpu', 0x000000008000a9a0(.l_pack_879_Start): 62e153b7 lui     t2,0x62e15
Info   t2 00007dc0 -> 62e15000
Info 'riscvOVPsim/cpu', 0x000000008000a9a4(.l_pack_879_Start+4): fdd38393 addi    t2,t2,-35
Info   t2 62e15000 -> 62e14fdd
Info 'riscvOVPsim/cpu', 0x000000008000a9a8(.l_pack_879_Start+8): 62ef89b7 lui     s3,0x62ef8
Info   s3 63574140 -> 62ef8000
Info 'riscvOVPsim/cpu', 0x000000008000a9ac(.l_pack_879_Start+c): b2098993 addi    s3,s3,-1248
Info   s3 62ef8000 -> 62ef7b20
Info 'riscvOVPsim/cpu', 0x000000008000a9b0(.l_pack_879_Start+10): 0933cd33 undef
Info   s10 37315a99 -> 7b204fdd
Info 'riscvOVPsim/cpu', 0x000000008000a9b4(.l_pack_879_Start+14): 7b205ab7 lui     s5,0x7b205
Info   s5 69d3f29e -> 7b205000
Info 'riscvOVPsim/cpu', 0x000000008000a9b8(.l_pack_879_Start+18): fdda8a93 addi    s5,s5,-35
Info   s5 7b205000 -> 7b204fdd
Info 'riscvOVPsim/cpu', 0x000000008000a9bc(.l_pack_879_Start+1c): 015d0a63 beq     s10,s5,8000a9d0
Info 'riscvOVPsim/cpu', 0x000000008000a9d0(.l_bfp_880_Start): 10a45bb7 lui     s7,0x10a45
Info   s7 6b46ccc8 -> 10a45000
Info 'riscvOVPsim/cpu', 0x000000008000a9d4(.l_bfp_880_Start+4): 348b8b93 addi    s7,s7,840
Info   s7 10a45000 -> 10a45348
Info 'riscvOVPsim/cpu', 0x000000008000a9d8(.l_bfp_880_Start+8): 377700b7 lui     ra,0x37770
Info   ra 375a3199 -> 37770000
Info 'riscvOVPsim/cpu', 0x000000008000a9dc(.l_bfp_880_Start+c): dfa08093 addi    ra,ra,-518
Info   ra 37770000 -> 3776fdfa
Info 'riscvOVPsim/cpu', 0x000000008000a9e0(.l_bfp_880_Start+10): 81bffb3 bfp     t6,s7,ra
Info   t6 12808002 -> 1ea45348
Info 'riscvOVPsim/cpu', 0x000000008000a9e4(.l_bfp_880_Start+14): 1ea45a37 lui     s4,0x1ea45
Info   s4 16c249a6 -> 1ea45000
Info 'riscvOVPsim/cpu', 0x000000008000a9e8(.l_bfp_880_Start+18): 348a0a13 addi    s4,s4,840
Info   s4 1ea45000 -> 1ea45348
Info 'riscvOVPsim/cpu', 0x000000008000a9ec(.l_bfp_880_Start+1c): 014f8a63 beq     t6,s4,8000aa00
Info 'riscvOVPsim/cpu', 0x000000008000aa00(.l_shfli_881_Start): 02034137 lui     sp,0x2034
Info   sp 214a92ad -> 02034000
Info 'riscvOVPsim/cpu', 0x000000008000aa04(.l_shfli_881_Start+4): 2bf10113 addi    sp,sp,703
Info   sp 02034000 -> 020342bf
Info 'riscvOVPsim/cpu', 0x000000008000aa08(.l_shfli_881_Start+8): a911213 shfli   tp,sp,41
Info   tp 4b933a2c -> 042405df
Info 'riscvOVPsim/cpu', 0x000000008000aa0c(.l_shfli_881_Start+c): 04240e37 lui     t3,0x4240
Info   t3 464cf4b3 -> 04240000
Info 'riscvOVPsim/cpu', 0x000000008000aa10(.l_shfli_881_Start+10): 5dfe0e13 addi    t3,t3,1503
Info   t3 04240000 -> 042405df
Info 'riscvOVPsim/cpu', 0x000000008000aa14(.l_shfli_881_Start+14): 01c20a63 beq     tp,t3,8000aa28
Info 'riscvOVPsim/cpu', 0x000000008000aa28(.l_unshfli_882_Start): 16ae27b7 lui     a5,0x16ae2
Info   a5 00000010 -> 16ae2000
Info 'riscvOVPsim/cpu', 0x000000008000aa2c(.l_unshfli_882_Start+4): c8578793 addi    a5,a5,-891
Info   a5 16ae2000 -> 16ae1c85
Info 'riscvOVPsim/cpu', 0x000000008000aa30(.l_unshfli_882_Start+8): 917da13 unshfli s4,a5,17
Info   s4 1ea45348 -> 16ce1a83
Info 'riscvOVPsim/cpu', 0x000000008000aa34(.l_unshfli_882_Start+c): 16ce2d37 lui     s10,0x16ce2
Info   s10 7b204fdd -> 16ce2000
Info 'riscvOVPsim/cpu', 0x000000008000aa38(.l_unshfli_882_Start+10): a83d0d13 addi    s10,s10,-1405
Info   s10 16ce2000 -> 16ce1a83
Info 'riscvOVPsim/cpu', 0x000000008000aa3c(.l_unshfli_882_Start+14): 01aa0a63 beq     s4,s10,8000aa50
Info 'riscvOVPsim/cpu', 0x000000008000aa50(.l_andn_883_Start): 1e0e5a37 lui     s4,0x1e0e5
Info   s4 16ce1a83 -> 1e0e5000
Info 'riscvOVPsim/cpu', 0x000000008000aa54(.l_andn_883_Start+4): a67a0a13 addi    s4,s4,-1433
Info   s4 1e0e5000 -> 1e0e4a67
Info 'riscvOVPsim/cpu', 0x000000008000aa58(.l_andn_883_Start+8): 2d685fb7 lui     t6,0x2d685
Info   t6 1ea45348 -> 2d685000
Info 'riscvOVPsim/cpu', 0x000000008000aa5c(.l_andn_883_Start+c): 74bf8f93 addi    t6,t6,1867
Info   t6 2d685000 -> 2d68574b
Info 'riscvOVPsim/cpu', 0x000000008000aa60(.l_andn_883_Start+10): 41fa7bb3 andn    s7,s4,t6
Info   s7 10a45348 -> 12060824
Info 'riscvOVPsim/cpu', 0x000000008000aa64(.l_andn_883_Start+14): 12061d37 lui     s10,0x12061
Info   s10 16ce1a83 -> 12061000
Info 'riscvOVPsim/cpu', 0x000000008000aa68(.l_andn_883_Start+18): 824d0d13 addi    s10,s10,-2012
Info   s10 12061000 -> 12060824
Info 'riscvOVPsim/cpu', 0x000000008000aa6c(.l_andn_883_Start+1c): 01ab8a63 beq     s7,s10,8000aa80
Info 'riscvOVPsim/cpu', 0x000000008000aa80(.l_orn_884_Start): 513ea437 lui     s0,0x513ea
Info   s0 02b2dd23 -> 513ea000
Info 'riscvOVPsim/cpu', 0x000000008000aa84(.l_orn_884_Start+4): 82f40413 addi    s0,s0,-2001
Info   s0 513ea000 -> 513e982f
Info 'riscvOVPsim/cpu', 0x000000008000aa88(.l_orn_884_Start+8): 45c5f2b7 lui     t0,0x45c5f
Info   t0 00000010 -> 45c5f000
Info 'riscvOVPsim/cpu', 0x000000008000aa8c(.l_orn_884_Start+c): 99828293 addi    t0,t0,-1640
Info   t0 45c5f000 -> 45c5e998
Info 'riscvOVPsim/cpu', 0x000000008000aa90(.l_orn_884_Start+10): 40546d33 orn     s10,s0,t0
Info   s10 12060824 -> fb3e9e6f
Info 'riscvOVPsim/cpu', 0x000000008000aa94(.l_orn_884_Start+14): fb3eacb7 lui     s9,0xfb3ea
Info   s9 214a92ad -> fb3ea000
Info 'riscvOVPsim/cpu', 0x000000008000aa98(.l_orn_884_Start+18): e6fc8c93 addi    s9,s9,-401
Info   s9 fb3ea000 -> fb3e9e6f
Info 'riscvOVPsim/cpu', 0x000000008000aa9c(.l_orn_884_Start+1c): 019d0a63 beq     s10,s9,8000aab0
Info 'riscvOVPsim/cpu', 0x000000008000aab0(.l_xnor_885_Start): 5f179637 lui     a2,0x5f179
Info   a2 4bef7cd8 -> 5f179000
Info 'riscvOVPsim/cpu', 0x000000008000aab4(.l_xnor_885_Start+4): 76460613 addi    a2,a2,1892
Info   a2 5f179000 -> 5f179764
Info 'riscvOVPsim/cpu', 0x000000008000aab8(.l_xnor_885_Start+8): 28d23cb7 lui     s9,0x28d23
Info   s9 fb3e9e6f -> 28d23000
Info 'riscvOVPsim/cpu', 0x000000008000aabc(.l_xnor_885_Start+c): 11ac8c93 addi    s9,s9,282
Info   s9 28d23000 -> 28d2311a
Info 'riscvOVPsim/cpu', 0x000000008000aac0(.l_xnor_885_Start+10): 419645b3 xnor    a1,a2,s9
Info   a1 631e60ba -> 883a5981
Info 'riscvOVPsim/cpu', 0x000000008000aac4(.l_xnor_885_Start+14): 883a6737 lui     a4,0x883a6
Info   a4 421c9c4b -> 883a6000
Info 'riscvOVPsim/cpu', 0x000000008000aac8(.l_xnor_885_Start+18): 98170713 addi    a4,a4,-1663
Info   a4 883a6000 -> 883a5981
Info 'riscvOVPsim/cpu', 0x000000008000aacc(.l_xnor_885_Start+1c): 00e58a63 beq     a1,a4,8000aae0
Info 'riscvOVPsim/cpu', 0x000000008000aae0(.l_slo_886_Start): 5153b637 lui     a2,0x5153b
Info   a2 5f179764 -> 5153b000
Info 'riscvOVPsim/cpu', 0x000000008000aae4(.l_slo_886_Start+4): eae60613 addi    a2,a2,-338
Info   a2 5153b000 -> 5153aeae
Info 'riscvOVPsim/cpu', 0x000000008000aae8(.l_slo_886_Start+8): 3ced3ab7 lui     s5,0x3ced3
Info   s5 7b204fdd -> 3ced3000
Info 'riscvOVPsim/cpu', 0x000000008000aaec(.l_slo_886_Start+c): 2fea8a93 addi    s5,s5,766
Info   s5 3ced3000 -> 3ced32fe
Info 'riscvOVPsim/cpu', 0x000000008000aaf0(.l_slo_886_Start+10): 21561b33 slo     s6,a2,s5
Info   s6 1296981a -> bfffffff
Info 'riscvOVPsim/cpu', 0x000000008000aaf4(.l_slo_886_Start+14): c0000cb7 lui     s9,0xc0000
Info   s9 28d2311a -> c0000000
Info 'riscvOVPsim/cpu', 0x000000008000aaf8(.l_slo_886_Start+18): fffc8c93 addi    s9,s9,-1
Info   s9 c0000000 -> bfffffff
Info 'riscvOVPsim/cpu', 0x000000008000aafc(.l_slo_886_Start+1c): 019b0a63 beq     s6,s9,8000ab10
Info 'riscvOVPsim/cpu', 0x000000008000ab10(.l_sro_887_Start): 38bde6b7 lui     a3,0x38bde
Info   a3 2db0498d -> 38bde000
Info 'riscvOVPsim/cpu', 0x000000008000ab14(.l_sro_887_Start+4): aff68693 addi    a3,a3,-1281
Info   a3 38bde000 -> 38bddaff
Info 'riscvOVPsim/cpu', 0x000000008000ab18(.l_sro_887_Start+8): 22cef937 lui     s2,0x22cef
Info   s2 12808002 -> 22cef000
Info 'riscvOVPsim/cpu', 0x000000008000ab1c(.l_sro_887_Start+c): 40590913 addi    s2,s2,1029
Info   s2 22cef000 -> 22cef405
Info 'riscvOVPsim/cpu', 0x000000008000ab20(.l_sro_887_Start+10): 2126dab3 sro     s5,a3,s2
Info   s5 3ced32fe -> f9c5eed7
Info 'riscvOVPsim/cpu', 0x000000008000ab24(.l_sro_887_Start+14): f9c5f537 lui     a0,0xf9c5f
Info   a0 750d3452 -> f9c5f000
Info 'riscvOVPsim/cpu', 0x000000008000ab28(.l_sro_887_Start+18): ed750513 addi    a0,a0,-297
Info   a0 f9c5f000 -> f9c5eed7
Info 'riscvOVPsim/cpu', 0x000000008000ab2c(.l_sro_887_Start+1c): 00aa8a63 beq     s5,a0,8000ab40
Info 'riscvOVPsim/cpu', 0x000000008000ab40(.l_rol_888_Start): 477ffb37 lui     s6,0x477ff
Info   s6 bfffffff -> 477ff000
Info 'riscvOVPsim/cpu', 0x000000008000ab44(.l_rol_888_Start+4): 594b0b13 addi    s6,s6,1428
Info   s6 477ff000 -> 477ff594
Info 'riscvOVPsim/cpu', 0x000000008000ab48(.l_rol_888_Start+8): 6187dcb7 lui     s9,0x6187d
Info   s9 bfffffff -> 6187d000
Info 'riscvOVPsim/cpu', 0x000000008000ab4c(.l_rol_888_Start+c): d60c8c93 addi    s9,s9,-672
Info   s9 6187d000 -> 6187cd60
Info 'riscvOVPsim/cpu', 0x000000008000ab50(.l_rol_888_Start+10): 619b1533 rol     a0,s6,s9
Info   a0 f9c5eed7 -> 477ff594
Info 'riscvOVPsim/cpu', 0x000000008000ab54(.l_rol_888_Start+14): 477ff837 lui     a6,0x477ff
Info   a6 350e1c23 -> 477ff000
Info 'riscvOVPsim/cpu', 0x000000008000ab58(.l_rol_888_Start+18): 59480813 addi    a6,a6,1428
Info   a6 477ff000 -> 477ff594
Info 'riscvOVPsim/cpu', 0x000000008000ab5c(.l_rol_888_Start+1c): 01050a63 beq     a0,a6,8000ab70
Info 'riscvOVPsim/cpu', 0x000000008000ab70(.l_ror_889_Start): 0f876737 lui     a4,0xf876
Info   a4 883a5981 -> 0f876000
Info 'riscvOVPsim/cpu', 0x000000008000ab74(.l_ror_889_Start+4): f6270713 addi    a4,a4,-158
Info   a4 0f876000 -> 0f875f62
Info 'riscvOVPsim/cpu', 0x000000008000ab78(.l_ror_889_Start+8): 342bf437 lui     s0,0x342bf
Info   s0 513e982f -> 342bf000
Info 'riscvOVPsim/cpu', 0x000000008000ab7c(.l_ror_889_Start+c): 13740413 addi    s0,s0,311
Info   s0 342bf000 -> 342bf137
Info 'riscvOVPsim/cpu', 0x000000008000ab80(.l_ror_889_Start+10): 60875a33 ror     s4,a4,s0
Info   s4 1e0e4a67 -> 0ebec41f
Info 'riscvOVPsim/cpu', 0x000000008000ab84(.l_ror_889_Start+14): 0ebece37 lui     t3,0xebec
Info   t3 042405df -> 0ebec000
Info 'riscvOVPsim/cpu', 0x000000008000ab88(.l_ror_889_Start+18): 41fe0e13 addi    t3,t3,1055
Info   t3 0ebec000 -> 0ebec41f
Info 'riscvOVPsim/cpu', 0x000000008000ab8c(.l_ror_889_Start+1c): 01ca0a63 beq     s4,t3,8000aba0
Info 'riscvOVPsim/cpu', 0x000000008000aba0(.l_sbclr_890_Start): 0a9d16b7 lui     a3,0xa9d1
Info   a3 38bddaff -> 0a9d1000
Info 'riscvOVPsim/cpu', 0x000000008000aba4(.l_sbclr_890_Start+4): eb868693 addi    a3,a3,-328
Info   a3 0a9d1000 -> 0a9d0eb8
Info 'riscvOVPsim/cpu', 0x000000008000aba8(.l_sbclr_890_Start+8): 47637237 lui     tp,0x47637
Info   tp 042405df -> 47637000
Info 'riscvOVPsim/cpu', 0x000000008000abac(.l_sbclr_890_Start+c): 0a820213 addi    tp,tp,168
Info   tp 47637000 -> 476370a8
Info 'riscvOVPsim/cpu', 0x000000008000abb0(.l_sbclr_890_Start+10): 48469933 sbclr   s2,a3,tp
Info   s2 22cef405 -> 0a9d0eb8
Info 'riscvOVPsim/cpu', 0x000000008000abb4(.l_sbclr_890_Start+14): 0a9d14b7 lui     s1,0xa9d1
Info   s1 506534a1 -> 0a9d1000
Info 'riscvOVPsim/cpu', 0x000000008000abb8(.l_sbclr_890_Start+18): eb848493 addi    s1,s1,-328
Info   s1 0a9d1000 -> 0a9d0eb8
Info 'riscvOVPsim/cpu', 0x000000008000abbc(.l_sbclr_890_Start+1c): 00990a63 beq     s2,s1,8000abd0
Info 'riscvOVPsim/cpu', 0x000000008000abd0(.l_sbset_891_Start): 23b727b7 lui     a5,0x23b72
Info   a5 16ae1c85 -> 23b72000
Info 'riscvOVPsim/cpu', 0x000000008000abd4(.l_sbset_891_Start+4): ce978793 addi    a5,a5,-791
Info   a5 23b72000 -> 23b71ce9
Info 'riscvOVPsim/cpu', 0x000000008000abd8(.l_sbset_891_Start+8): 08731a37 lui     s4,0x8731
Info   s4 0ebec41f -> 08731000
Info 'riscvOVPsim/cpu', 0x000000008000abdc(.l_sbset_891_Start+c): a03a0a13 addi    s4,s4,-1533
Info   s4 08731000 -> 08730a03
Info 'riscvOVPsim/cpu', 0x000000008000abe0(.l_sbset_891_Start+10): 29479333 sbset   t1,a5,s4
Info   t1 2db0498d -> 23b71ce9
Info 'riscvOVPsim/cpu', 0x000000008000abe4(.l_sbset_891_Start+14): 23b72fb7 lui     t6,0x23b72
Info   t6 2d68574b -> 23b72000
Info 'riscvOVPsim/cpu', 0x000000008000abe8(.l_sbset_891_Start+18): ce9f8f93 addi    t6,t6,-791
Info   t6 23b72000 -> 23b71ce9
Info 'riscvOVPsim/cpu', 0x000000008000abec(.l_sbset_891_Start+1c): 01f30a63 beq     t1,t6,8000ac00
Info 'riscvOVPsim/cpu', 0x000000008000ac00(.l_sbinv_892_Start): 536d9f37 lui     t5,0x536d9
Info   t5 59896e21 -> 536d9000
Info 'riscvOVPsim/cpu', 0x000000008000ac04(.l_sbinv_892_Start+4): 163f0f13 addi    t5,t5,355
Info   t5 536d9000 -> 536d9163
Info 'riscvOVPsim/cpu', 0x000000008000ac08(.l_sbinv_892_Start+8): 1487d837 lui     a6,0x1487d
Info   a6 477ff594 -> 1487d000
Info 'riscvOVPsim/cpu', 0x000000008000ac0c(.l_sbinv_892_Start+c): 66f80813 addi    a6,a6,1647
Info   a6 1487d000 -> 1487d66f
Info 'riscvOVPsim/cpu', 0x000000008000ac10(.l_sbinv_892_Start+10): 690f1cb3 sbinv   s9,t5,a6
Info   s9 6187cd60 -> 536d1163
Info 'riscvOVPsim/cpu', 0x000000008000ac14(.l_sbinv_892_Start+14): 536d16b7 lui     a3,0x536d1
Info   a3 0a9d0eb8 -> 536d1000
Info 'riscvOVPsim/cpu', 0x000000008000ac18(.l_sbinv_892_Start+18): 16368693 addi    a3,a3,355
Info   a3 536d1000 -> 536d1163
Info 'riscvOVPsim/cpu', 0x000000008000ac1c(.l_sbinv_892_Start+1c): 00dc8a63 beq     s9,a3,8000ac30
Info 'riscvOVPsim/cpu', 0x000000008000ac30(.l_sbext_893_Start): 289e16b7 lui     a3,0x289e1
Info   a3 536d1163 -> 289e1000
Info 'riscvOVPsim/cpu', 0x000000008000ac34(.l_sbext_893_Start+4): a9668693 addi    a3,a3,-1386
Info   a3 289e1000 -> 289e0a96
Info 'riscvOVPsim/cpu', 0x000000008000ac38(.l_sbext_893_Start+8): 20b192b7 lui     t0,0x20b19
Info   t0 45c5e998 -> 20b19000
Info 'riscvOVPsim/cpu', 0x000000008000ac3c(.l_sbext_893_Start+c): 6d928293 addi    t0,t0,1753
Info   t0 20b19000 -> 20b196d9
Info 'riscvOVPsim/cpu', 0x000000008000ac40(.l_sbext_893_Start+10): 4856d833 sbext   a6,a3,t0
Info   a6 1487d66f -> 00000000
Info 'riscvOVPsim/cpu', 0x000000008000ac44(.l_sbext_893_Start+14): 00000593 mv      a1,zero
Info   a1 883a5981 -> 00000000
Info 'riscvOVPsim/cpu', 0x000000008000ac48(.l_sbext_893_Start+18): 00b80a63 beq     a6,a1,8000ac5c
Info 'riscvOVPsim/cpu', 0x000000008000ac5c(.l_grev_894_Start): 126aa5b7 lui     a1,0x126aa
Info   a1 00000000 -> 126aa000
Info 'riscvOVPsim/cpu', 0x000000008000ac60(.l_grev_894_Start+4): f0558593 addi    a1,a1,-251
Info   a1 126aa000 -> 126a9f05
Info 'riscvOVPsim/cpu', 0x000000008000ac64(.l_grev_894_Start+8): 42bc23b7 lui     t2,0x42bc2
Info   t2 62e14fdd -> 42bc2000
Info 'riscvOVPsim/cpu', 0x000000008000ac68(.l_grev_894_Start+c): 1c938393 addi    t2,t2,457
Info   t2 42bc2000 -> 42bc21c9
Info 'riscvOVPsim/cpu', 0x000000008000ac6c(.l_grev_894_Start+10): 6875d533 grev    a0,a1,t2
Info   a0 477ff594 -> 95210a6f
Info 'riscvOVPsim/cpu', 0x000000008000ac70(.l_grev_894_Start+14): 95211237 lui     tp,0x95211
Info   tp 476370a8 -> 95211000
Info 'riscvOVPsim/cpu', 0x000000008000ac74(.l_grev_894_Start+18): a6f20213 addi    tp,tp,-1425
Info   tp 95211000 -> 95210a6f
Info 'riscvOVPsim/cpu', 0x000000008000ac78(.l_grev_894_Start+1c): 00450a63 beq     a0,tp,8000ac8c
Info 'riscvOVPsim/cpu', 0x000000008000ac8c(.l_sloi_895_Start): 40ff2bb7 lui     s7,0x40ff2
Info   s7 12060824 -> 40ff2000
Info 'riscvOVPsim/cpu', 0x000000008000ac90(.l_sloi_895_Start+4): 363b8b93 addi    s7,s7,867
Info   s7 40ff2000 -> 40ff2363
Info 'riscvOVPsim/cpu', 0x000000008000ac94(.l_sloi_895_Start+8): 217b9513 sloi    a0,s7,23
Info   a0 95210a6f -> b1ffffff
Info 'riscvOVPsim/cpu', 0x000000008000ac98(.l_sloi_895_Start+c): b2000637 lui     a2,0xb2000
Info   a2 5153aeae -> b2000000
Info 'riscvOVPsim/cpu', 0x000000008000ac9c(.l_sloi_895_Start+10): fff60613 addi    a2,a2,-1
Info   a2 b2000000 -> b1ffffff
Info 'riscvOVPsim/cpu', 0x000000008000aca0(.l_sloi_895_Start+14): 00c50a63 beq     a0,a2,8000acb4
Info 'riscvOVPsim/cpu', 0x000000008000acb4(.l_sroi_896_Start): 53139b37 lui     s6,0x53139
Info   s6 477ff594 -> 53139000
Info 'riscvOVPsim/cpu', 0x000000008000acb8(.l_sroi_896_Start+4): ecab0b13 addi    s6,s6,-310
Info   s6 53139000 -> 53138eca
Info 'riscvOVPsim/cpu', 0x000000008000acbc(.l_sroi_896_Start+8): 209b5793 sroi    a5,s6,9
Info   a5 23b71ce9 -> ffa989c7
Info 'riscvOVPsim/cpu', 0x000000008000acc0(.l_sroi_896_Start+c): ffa996b7 lui     a3,0xffa99
Info   a3 289e0a96 -> ffa99000
Info 'riscvOVPsim/cpu', 0x000000008000acc4(.l_sroi_896_Start+10): 9c768693 addi    a3,a3,-1593
Info   a3 ffa99000 -> ffa989c7
Info 'riscvOVPsim/cpu', 0x000000008000acc8(.l_sroi_896_Start+14): 00d78a63 beq     a5,a3,8000acdc
Info 'riscvOVPsim/cpu', 0x000000008000acdc(.l_rori_897_Start): 6f0c8437 lui     s0,0x6f0c8
Info   s0 342bf137 -> 6f0c8000
Info 'riscvOVPsim/cpu', 0x000000008000ace0(.l_rori_897_Start+4): fa640413 addi    s0,s0,-90
Info   s0 6f0c8000 -> 6f0c7fa6
Info 'riscvOVPsim/cpu', 0x000000008000ace4(.l_rori_897_Start+8): 60d45213 rori    tp,s0,13
Info   tp 95210a6f -> fd337863
Info 'riscvOVPsim/cpu', 0x000000008000ace8(.l_rori_897_Start+c): fd338cb7 lui     s9,0xfd338
Info   s9 536d1163 -> fd338000
Info 'riscvOVPsim/cpu', 0x000000008000acec(.l_rori_897_Start+10): 863c8c93 addi    s9,s9,-1949
Info   s9 fd338000 -> fd337863
Info 'riscvOVPsim/cpu', 0x000000008000acf0(.l_rori_897_Start+14): 01920a63 beq     tp,s9,8000ad04
Info 'riscvOVPsim/cpu', 0x000000008000ad04(.l_sbclri_898_Start): 3969d437 lui     s0,0x3969d
Info   s0 6f0c7fa6 -> 3969d000
Info 'riscvOVPsim/cpu', 0x000000008000ad08(.l_sbclri_898_Start+4): f5940413 addi    s0,s0,-167
Info   s0 3969d000 -> 3969cf59
Info 'riscvOVPsim/cpu', 0x000000008000ad0c(.l_sbclri_898_Start+8): 48941f13 sbclri  t5,s0,9
Info   t5 536d9163 -> 3969cd59
Info 'riscvOVPsim/cpu', 0x000000008000ad10(.l_sbclri_898_Start+c): 3969d9b7 lui     s3,0x3969d
Info   s3 62ef7b20 -> 3969d000
Info 'riscvOVPsim/cpu', 0x000000008000ad14(.l_sbclri_898_Start+10): d5998993 addi    s3,s3,-679
Info   s3 3969d000 -> 3969cd59
Info 'riscvOVPsim/cpu', 0x000000008000ad18(.l_sbclri_898_Start+14): 013f0a63 beq     t5,s3,8000ad2c
Info 'riscvOVPsim/cpu', 0x000000008000ad2c(.l_sbseti_899_Start): 023949b7 lui     s3,0x2394
Info   s3 3969cd59 -> 02394000
Info 'riscvOVPsim/cpu', 0x000000008000ad30(.l_sbseti_899_Start+4): 08c98993 addi    s3,s3,140
Info   s3 02394000 -> 0239408c
Info 'riscvOVPsim/cpu', 0x000000008000ad34(.l_sbseti_899_Start+8): 28299b13 sbseti  s6,s3,2
Info   s6 53138eca -> 0239408c
Info 'riscvOVPsim/cpu', 0x000000008000ad38(.l_sbseti_899_Start+c): 023941b7 lui     gp,0x2394
Info   gp 37315a99 -> 02394000
Info 'riscvOVPsim/cpu', 0x000000008000ad3c(.l_sbseti_899_Start+10): 08c18193 addi    gp,gp,140
Info   gp 02394000 -> 0239408c
Info 'riscvOVPsim/cpu', 0x000000008000ad40(.l_sbseti_899_Start+14): 003b0a63 beq     s6,gp,8000ad54
Info 'riscvOVPsim/cpu', 0x000000008000ad54(.l_sbinvi_900_Start): 3bac8a37 lui     s4,0x3bac8
Info   s4 08730a03 -> 3bac8000
Info 'riscvOVPsim/cpu', 0x000000008000ad58(.l_sbinvi_900_Start+4): 6fda0a13 addi    s4,s4,1789
Info   s4 3bac8000 -> 3bac86fd
Info 'riscvOVPsim/cpu', 0x000000008000ad5c(.l_sbinvi_900_Start+8): 69fa1c13 sbinvi  s8,s4,31
Info   s8 2db0498d -> bbac86fd
Info 'riscvOVPsim/cpu', 0x000000008000ad60(.l_sbinvi_900_Start+c): bbac88b7 lui     a7,0xbbac8
Info   a7 5efabe0f -> bbac8000
Info 'riscvOVPsim/cpu', 0x000000008000ad64(.l_sbinvi_900_Start+10): 6fd88893 addi    a7,a7,1789
Info   a7 bbac8000 -> bbac86fd
Info 'riscvOVPsim/cpu', 0x000000008000ad68(.l_sbinvi_900_Start+14): 011c0a63 beq     s8,a7,8000ad7c
Info 'riscvOVPsim/cpu', 0x000000008000ad7c(.l_sbexti_901_Start): 12808a37 lui     s4,0x12808
Info   s4 3bac86fd -> 12808000
Info 'riscvOVPsim/cpu', 0x000000008000ad80(.l_sbexti_901_Start+4): 957a0a13 addi    s4,s4,-1705
Info   s4 12808000 -> 12807957
Info 'riscvOVPsim/cpu', 0x000000008000ad84(.l_sbexti_901_Start+8): 494a5493 sbexti  s1,s4,20
Info   s1 0a9d0eb8 -> 00000000
Info 'riscvOVPsim/cpu', 0x000000008000ad88(.l_sbexti_901_Start+c): 00000e13 mv      t3,zero
Info   t3 0ebec41f -> 00000000
Info 'riscvOVPsim/cpu', 0x000000008000ad8c(.l_sbexti_901_Start+10): 01c48a63 beq     s1,t3,8000ada0
Info 'riscvOVPsim/cpu', 0x000000008000ada0(.l_grevi_902_Start): 6a2fa6b7 lui     a3,0x6a2fa
Info   a3 ffa989c7 -> 6a2fa000
Info 'riscvOVPsim/cpu', 0x000000008000ada4(.l_grevi_902_Start+4): 77768693 addi    a3,a3,1911
Info   a3 6a2fa000 -> 6a2fa777
Info 'riscvOVPsim/cpu', 0x000000008000ada8(.l_grevi_902_Start+8): 6a06d213 grevi   tp,a3,32
Info   tp fd337863 -> 6a2fa777
Info 'riscvOVPsim/cpu', 0x000000008000adac(.l_grevi_902_Start+c): 6a2fabb7 lui     s7,0x6a2fa
Info   s7 40ff2363 -> 6a2fa000
Info 'riscvOVPsim/cpu', 0x000000008000adb0(.l_grevi_902_Start+10): 777b8b93 addi    s7,s7,1911
Info   s7 6a2fa000 -> 6a2fa777
Info 'riscvOVPsim/cpu', 0x000000008000adb4(.l_grevi_902_Start+14): 01720a63 beq     tp,s7,8000adc8
Info 'riscvOVPsim/cpu', 0x000000008000adc8(.l_cmix_903_Start): 7d06d537 lui     a0,0x7d06d
Info   a0 b1ffffff -> 7d06d000
Info 'riscvOVPsim/cpu', 0x000000008000adcc(.l_cmix_903_Start+4): 48350513 addi    a0,a0,1155
Info   a0 7d06d000 -> 7d06d483
Info 'riscvOVPsim/cpu', 0x000000008000add0(.l_cmix_903_Start+8): 375102b7 lui     t0,0x37510
Info   t0 20b196d9 -> 37510000
Info 'riscvOVPsim/cpu', 0x000000008000add4(.l_cmix_903_Start+c): 60a28293 addi    t0,t0,1546
Info   t0 37510000 -> 3751060a
Info 'riscvOVPsim/cpu', 0x000000008000add8(.l_cmix_903_Start+10): 154320b7 lui     ra,0x15432
Info   ra 3776fdfa -> 15432000
Info 'riscvOVPsim/cpu', 0x000000008000addc(.l_cmix_903_Start+14): cba08093 addi    ra,ra,-838
Info   ra 15432000 -> 15431cba
Info 'riscvOVPsim/cpu', 0x000000008000ade0(.l_cmix_903_Start+18): e551233 cmix    tp,a0,t0,ra
Info   tp 6a2fa777 -> 35021cb2
Info 'riscvOVPsim/cpu', 0x000000008000ade4(.l_cmix_903_Start+1c): 35022db7 lui     s11,0x35022
Info   s11 00007dc0 -> 35022000
Info 'riscvOVPsim/cpu', 0x000000008000ade8(.l_cmix_903_Start+20): cb2d8d93 addi    s11,s11,-846
Info   s11 35022000 -> 35021cb2
Info 'riscvOVPsim/cpu', 0x000000008000adec(.l_cmix_903_Start+24): 01b20a63 beq     tp,s11,8000ae00
Info 'riscvOVPsim/cpu', 0x000000008000ae00(.l_cmov_904_Start): 159c31b7 lui     gp,0x159c3
Info   gp 0239408c -> 159c3000
Info 'riscvOVPsim/cpu', 0x000000008000ae04(.l_cmov_904_Start+4): 0be18193 addi    gp,gp,190
Info   gp 159c3000 -> 159c30be
Info 'riscvOVPsim/cpu', 0x000000008000ae08(.l_cmov_904_Start+8): 33a4f8b7 lui     a7,0x33a4f
Info   a7 bbac86fd -> 33a4f000
Info 'riscvOVPsim/cpu', 0x000000008000ae0c(.l_cmov_904_Start+c): df088893 addi    a7,a7,-528
Info   a7 33a4f000 -> 33a4edf0
Info 'riscvOVPsim/cpu', 0x000000008000ae10(.l_cmov_904_Start+10): 159c31b7 lui     gp,0x159c3
Info   gp 159c30be -> 159c3000
Info 'riscvOVPsim/cpu', 0x000000008000ae14(.l_cmov_904_Start+14): 0be18193 addi    gp,gp,190
Info   gp 159c3000 -> 159c30be
Info 'riscvOVPsim/cpu', 0x000000008000ae18(.l_cmov_904_Start+18): 1f11d833 cmov    a6,gp,a7,gp
Info   a6 00000000 -> 159c30be
Info 'riscvOVPsim/cpu', 0x000000008000ae1c(.l_cmov_904_Start+1c): 159c3ab7 lui     s5,0x159c3
Info   s5 f9c5eed7 -> 159c3000
Info 'riscvOVPsim/cpu', 0x000000008000ae20(.l_cmov_904_Start+20): 0bea8a93 addi    s5,s5,190
Info   s5 159c3000 -> 159c30be
Info 'riscvOVPsim/cpu', 0x000000008000ae24(.l_cmov_904_Start+24): 01580a63 beq     a6,s5,8000ae38
Info 'riscvOVPsim/cpu', 0x000000008000ae38(.l_fsl_905_Start): 00eb1237 lui     tp,0xeb1
Info   tp 35021cb2 -> 00eb1000
Info 'riscvOVPsim/cpu', 0x000000008000ae3c(.l_fsl_905_Start+4): 27a20213 addi    tp,tp,634
Info   tp 00eb1000 -> 00eb127a
Info 'riscvOVPsim/cpu', 0x000000008000ae40(.l_fsl_905_Start+8): 4d0138b7 lui     a7,0x4d013
Info   a7 33a4edf0 -> 4d013000
Info 'riscvOVPsim/cpu', 0x000000008000ae44(.l_fsl_905_Start+c): 5e788893 addi    a7,a7,1511
Info   a7 4d013000 -> 4d0135e7
Info 'riscvOVPsim/cpu', 0x000000008000ae48(.l_fsl_905_Start+10): 699cb9b7 lui     s3,0x699cb
Info   s3 0239408c -> 699cb000
Info 'riscvOVPsim/cpu', 0x000000008000ae4c(.l_fsl_905_Start+14): 6b698993 addi    s3,s3,1718
Info   s3 699cb000 -> 699cb6b6
Info 'riscvOVPsim/cpu', 0x000000008000ae50(.l_fsl_905_Start+18): 9d121b33 fsl     s6,tp,a7,s3
Info   s6 0239408c -> ce5b5b00
Info 'riscvOVPsim/cpu', 0x000000008000ae54(.l_fsl_905_Start+1c): ce5b63b7 lui     t2,0xce5b6
Info   t2 42bc21c9 -> ce5b6000
Info 'riscvOVPsim/cpu', 0x000000008000ae58(.l_fsl_905_Start+20): b0038393 addi    t2,t2,-1280
Info   t2 ce5b6000 -> ce5b5b00
Info 'riscvOVPsim/cpu', 0x000000008000ae5c(.l_fsl_905_Start+24): 007b0a63 beq     s6,t2,8000ae70
Info 'riscvOVPsim/cpu', 0x000000008000ae70(.l_fsr_906_Start): 0418dfb7 lui     t6,0x418d
Info   t6 23b71ce9 -> 0418d000
Info 'riscvOVPsim/cpu', 0x000000008000ae74(.l_fsr_906_Start+4): f9cf8f93 addi    t6,t6,-100
Info   t6 0418d000 -> 0418cf9c
Info 'riscvOVPsim/cpu', 0x000000008000ae78(.l_fsr_906_Start+8): 7d5ebd37 lui     s10,0x7d5eb
Info   s10 fb3e9e6f -> 7d5eb000
Info 'riscvOVPsim/cpu', 0x000000008000ae7c(.l_fsr_906_Start+c): 7d5d0d13 addi    s10,s10,2005
Info   s10 7d5eb000 -> 7d5eb7d5
Info 'riscvOVPsim/cpu', 0x000000008000ae80(.l_fsr_906_Start+10): 79a5df37 lui     t5,0x79a5d
Info   t5 3969cd59 -> 79a5d000
Info 'riscvOVPsim/cpu', 0x000000008000ae84(.l_fsr_906_Start+14): 1c4f0f13 addi    t5,t5,452
Info   t5 79a5d000 -> 79a5d1c4
Info 'riscvOVPsim/cpu', 0x000000008000ae88(.l_fsr_906_Start+18): f5afd8b3 fsr     a7,t6,s10,t5
Info   a7 4d0135e7 -> 2e8e2020
Info 'riscvOVPsim/cpu', 0x000000008000ae8c(.l_fsr_906_Start+1c): 2e8e2b37 lui     s6,0x2e8e2
Info   s6 ce5b5b00 -> 2e8e2000
Info 'riscvOVPsim/cpu', 0x000000008000ae90(.l_fsr_906_Start+20): 020b0b13 addi    s6,s6,32
Info   s6 2e8e2000 -> 2e8e2020
Info 'riscvOVPsim/cpu', 0x000000008000ae94(.l_fsr_906_Start+24): 01688a63 beq     a7,s6,8000aea8
Info 'riscvOVPsim/cpu', 0x000000008000aea8(.l_fsri_907_Start): 5f086d37 lui     s10,0x5f086
Info   s10 7d5eb7d5 -> 5f086000
Info 'riscvOVPsim/cpu', 0x000000008000aeac(.l_fsri_907_Start+4): d6fd0d13 addi    s10,s10,-657
Info   s10 5f086000 -> 5f085d6f
Info 'riscvOVPsim/cpu', 0x000000008000aeb0(.l_fsri_907_Start+8): 4fe182b7 lui     t0,0x4fe18
Info   t0 3751060a -> 4fe18000
Info 'riscvOVPsim/cpu', 0x000000008000aeb4(.l_fsri_907_Start+c): 41228293 addi    t0,t0,1042
Info   t0 4fe18000 -> 4fe18412
Info 'riscvOVPsim/cpu', 0x000000008000aeb8(.l_fsri_907_Start+10): 2d8d5393 fsri    t2,s10,t0,24
Info   t2 ce5b5b00 -> e184125f
Info 'riscvOVPsim/cpu', 0x000000008000aebc(.l_fsri_907_Start+14): e1841837 lui     a6,0xe1841
Info   a6 159c30be -> e1841000
Info 'riscvOVPsim/cpu', 0x000000008000aec0(.l_fsri_907_Start+18): 25f80813 addi    a6,a6,607
Info   a6 e1841000 -> e184125f
Info 'riscvOVPsim/cpu', 0x000000008000aec4(.l_fsri_907_Start+1c): 01038a63 beq     t2,a6,8000aed8
Info 'riscvOVPsim/cpu', 0x000000008000aed8(.l_clz_908_Start): 76e45937 lui     s2,0x76e45
Info   s2 0a9d0eb8 -> 76e45000
Info 'riscvOVPsim/cpu', 0x000000008000aedc(.l_clz_908_Start+4): 6f190913 addi    s2,s2,1777
Info   s2 76e45000 -> 76e456f1
Info 'riscvOVPsim/cpu', 0x000000008000aee0(.l_clz_908_Start+8): 60091713 clz     a4,s2
Info   a4 0f875f62 -> 00000001
Info 'riscvOVPsim/cpu', 0x000000008000aee4(.l_clz_908_Start+c): 00100b13 addi    s6,zero,1
Info   s6 2e8e2020 -> 00000001
Info 'riscvOVPsim/cpu', 0x000000008000aee8(.l_clz_908_Start+10): 01670a63 beq     a4,s6,8000aefc
Info 'riscvOVPsim/cpu', 0x000000008000aefc(.l_ctz_909_Start): 0d8d60b7 lui     ra,0xd8d6
Info   ra 15431cba -> 0d8d6000
Info 'riscvOVPsim/cpu', 0x000000008000af00(.l_ctz_909_Start+4): 0aa08093 addi    ra,ra,170
Info   ra 0d8d6000 -> 0d8d60aa
Info 'riscvOVPsim/cpu', 0x000000008000af04(.l_ctz_909_Start+8): 60109c13 ctz     s8,ra
Info   s8 bbac86fd -> 00000001
Info 'riscvOVPsim/cpu', 0x000000008000af08(.l_ctz_909_Start+c): 00100593 addi    a1,zero,1
Info   a1 126a9f05 -> 00000001
Info 'riscvOVPsim/cpu', 0x000000008000af0c(.l_ctz_909_Start+10): 00bc0a63 beq     s8,a1,8000af20
Info 'riscvOVPsim/cpu', 0x000000008000af20(.l_pcnt_910_Start): 2176f2b7 lui     t0,0x2176f
Info   t0 4fe18412 -> 2176f000
Info 'riscvOVPsim/cpu', 0x000000008000af24(.l_pcnt_910_Start+4): f0a28293 addi    t0,t0,-246
Info   t0 2176f000 -> 2176ef0a
Info 'riscvOVPsim/cpu', 0x000000008000af28(.l_pcnt_910_Start+8): 60229b93 pcnt    s7,t0
Info   s7 6a2fa777 -> 00000010
Info 'riscvOVPsim/cpu', 0x000000008000af2c(.l_pcnt_910_Start+c): 01000613 addi    a2,zero,16
Info   a2 b1ffffff -> 00000010
Info 'riscvOVPsim/cpu', 0x000000008000af30(.l_pcnt_910_Start+10): 00cb8a63 beq     s7,a2,8000af44
Info 'riscvOVPsim/cpu', 0x000000008000af44(.l_crc32_b_911_Start): 28fd3ab7 lui     s5,0x28fd3
Info   s5 159c30be -> 28fd3000
Info 'riscvOVPsim/cpu', 0x000000008000af48(.l_crc32_b_911_Start+4): 8dda8a93 addi    s5,s5,-1827
Info   s5 28fd3000 -> 28fd28dd
Info 'riscvOVPsim/cpu', 0x000000008000af4c(.l_crc32_b_911_Start+8): 610a9393 crc32.b t2,s5
Info   t2 e184125f -> f84a5341
Info 'riscvOVPsim/cpu', 0x000000008000af50(.l_crc32_b_911_Start+c): f84a5a37 lui     s4,0xf84a5
Info   s4 12807957 -> f84a5000
Info 'riscvOVPsim/cpu', 0x000000008000af54(.l_crc32_b_911_Start+10): 341a0a13 addi    s4,s4,833
Info   s4 f84a5000 -> f84a5341
Info 'riscvOVPsim/cpu', 0x000000008000af58(.l_crc32_b_911_Start+14): 01438a63 beq     t2,s4,8000af6c
Info 'riscvOVPsim/cpu', 0x000000008000af6c(.l_crc32_h_912_Start): 780e78b7 lui     a7,0x780e7
Info   a7 2e8e2020 -> 780e7000
Info 'riscvOVPsim/cpu', 0x000000008000af70(.l_crc32_h_912_Start+4): b4488893 addi    a7,a7,-1212
Info   a7 780e7000 -> 780e6b44
Info 'riscvOVPsim/cpu', 0x000000008000af74(.l_crc32_h_912_Start+8): 61189313 crc32.h t1,a7
Info   t1 23b71ce9 -> 4e754adf
Info 'riscvOVPsim/cpu', 0x000000008000af78(.l_crc32_h_912_Start+c): 4e755db7 lui     s11,0x4e755
Info   s11 35021cb2 -> 4e755000
Info 'riscvOVPsim/cpu', 0x000000008000af7c(.l_crc32_h_912_Start+10): adfd8d93 addi    s11,s11,-1313
Info   s11 4e755000 -> 4e754adf
Info 'riscvOVPsim/cpu', 0x000000008000af80(.l_crc32_h_912_Start+14): 01b30a63 beq     t1,s11,8000af94
Info 'riscvOVPsim/cpu', 0x000000008000af94(.l_crc32_w_913_Start): 0f1819b7 lui     s3,0xf181
Info   s3 699cb6b6 -> 0f181000
Info 'riscvOVPsim/cpu', 0x000000008000af98(.l_crc32_w_913_Start+4): 79498993 addi    s3,s3,1940
Info   s3 0f181000 -> 0f181794
Info 'riscvOVPsim/cpu', 0x000000008000af9c(.l_crc32_w_913_Start+8): 61299813 crc32.w a6,s3
Info   a6 e184125f -> 39ef46ce
Info 'riscvOVPsim/cpu', 0x000000008000afa0(.l_crc32_w_913_Start+c): 39ef44b7 lui     s1,0x39ef4
Info   s1 00000000 -> 39ef4000
Info 'riscvOVPsim/cpu', 0x000000008000afa4(.l_crc32_w_913_Start+10): 6ce48493 addi    s1,s1,1742
Info   s1 39ef4000 -> 39ef46ce
Info 'riscvOVPsim/cpu', 0x000000008000afa8(.l_crc32_w_913_Start+14): 00980a63 beq     a6,s1,8000afbc
Info 'riscvOVPsim/cpu', 0x000000008000afbc(.l_crc32c_b_914_Start): 0accba37 lui     s4,0xaccb
Info   s4 f84a5341 -> 0accb000
Info 'riscvOVPsim/cpu', 0x000000008000afc0(.l_crc32c_b_914_Start+4): 312a0a13 addi    s4,s4,786
Info   s4 0accb000 -> 0accb312
Info 'riscvOVPsim/cpu', 0x000000008000afc4(.l_crc32c_b_914_Start+8): 618a1d13 crc32c.b s10,s4
Info   s10 5f085d6f -> f16f7b2b
Info 'riscvOVPsim/cpu', 0x000000008000afc8(.l_crc32c_b_914_Start+c): f16f8b37 lui     s6,0xf16f8
Info   s6 00000001 -> f16f8000
Info 'riscvOVPsim/cpu', 0x000000008000afcc(.l_crc32c_b_914_Start+10): b2bb0b13 addi    s6,s6,-1237
Info   s6 f16f8000 -> f16f7b2b
Info 'riscvOVPsim/cpu', 0x000000008000afd0(.l_crc32c_b_914_Start+14): 016d0a63 beq     s10,s6,8000afe4
Info 'riscvOVPsim/cpu', 0x000000008000afe4(.l_crc32c_h_915_Start): 0198f4b7 lui     s1,0x198f
Info   s1 39ef46ce -> 0198f000
Info 'riscvOVPsim/cpu', 0x000000008000afe8(.l_crc32c_h_915_Start+4): 39f48493 addi    s1,s1,927
Info   s1 0198f000 -> 0198f39f
Info 'riscvOVPsim/cpu', 0x000000008000afec(.l_crc32c_h_915_Start+8): 61949893 crc32c.h a7,s1
Info   a7 780e6b44 -> c3419c9c
Info 'riscvOVPsim/cpu', 0x000000008000aff0(.l_crc32c_h_915_Start+c): c341a1b7 lui     gp,0xc341a
Info   gp 159c30be -> c341a000
Info 'riscvOVPsim/cpu', 0x000000008000aff4(.l_crc32c_h_915_Start+10): c9c18193 addi    gp,gp,-868
Info   gp c341a000 -> c3419c9c
Info 'riscvOVPsim/cpu', 0x000000008000aff8(.l_crc32c_h_915_Start+14): 00388a63 beq     a7,gp,8000b00c
Info 'riscvOVPsim/cpu', 0x000000008000b00c(.l_crc32c_w_916_Start): 5326b437 lui     s0,0x5326b
Info   s0 3969cf59 -> 5326b000
Info 'riscvOVPsim/cpu', 0x000000008000b010(.l_crc32c_w_916_Start+4): 8b440413 addi    s0,s0,-1868
Info   s0 5326b000 -> 5326a8b4
Info 'riscvOVPsim/cpu', 0x000000008000b014(.l_crc32c_w_916_Start+8): 61a41e13 crc32c.w t3,s0
Info   t3 00000000 -> 11c074ff
Info 'riscvOVPsim/cpu', 0x000000008000b018(.l_crc32c_w_916_Start+c): 11c07cb7 lui     s9,0x11c07
Info   s9 fd337863 -> 11c07000
Info 'riscvOVPsim/cpu', 0x000000008000b01c(.l_crc32c_w_916_Start+10): 4ffc8c93 addi    s9,s9,1279
Info   s9 11c07000 -> 11c074ff
Info 'riscvOVPsim/cpu', 0x000000008000b020(.l_crc32c_w_916_Start+14): 019e0a63 beq     t3,s9,8000b034
Info 'riscvOVPsim/cpu', 0x000000008000b034(.l_clmul_917_Start): 7a252937 lui     s2,0x7a252
Info   s2 76e456f1 -> 7a252000
Info 'riscvOVPsim/cpu', 0x000000008000b038(.l_clmul_917_Start+4): 77890913 addi    s2,s2,1912
Info   s2 7a252000 -> 7a252778
Info 'riscvOVPsim/cpu', 0x000000008000b03c(.l_clmul_917_Start+8): 48956f37 lui     t5,0x48956
Info   t5 79a5d1c4 -> 48956000
Info 'riscvOVPsim/cpu', 0x000000008000b040(.l_clmul_917_Start+c): a19f0f13 addi    t5,t5,-1511
Info   t5 48956000 -> 48955a19
Info 'riscvOVPsim/cpu', 0x000000008000b044(.l_clmul_917_Start+10): be91533 clmul   a0,s2,t5
Info   a0 7d06d483 -> c09adb38
Info 'riscvOVPsim/cpu', 0x000000008000b048(.l_clmul_917_Start+14): c09ae7b7 lui     a5,0xc09ae
Info   a5 ffa989c7 -> c09ae000
Info 'riscvOVPsim/cpu', 0x000000008000b04c(.l_clmul_917_Start+18): b3878793 addi    a5,a5,-1224
Info   a5 c09ae000 -> c09adb38
Info 'riscvOVPsim/cpu', 0x000000008000b050(.l_clmul_917_Start+1c): 00f50a63 beq     a0,a5,8000b064
Info 'riscvOVPsim/cpu', 0x000000008000b064(.l_clmulr_918_Start): 6282cfb7 lui     t6,0x6282c
Info   t6 0418cf9c -> 6282c000
Info 'riscvOVPsim/cpu', 0x000000008000b068(.l_clmulr_918_Start+4): 27cf8f93 addi    t6,t6,636
Info   t6 6282c000 -> 6282c27c
Info 'riscvOVPsim/cpu', 0x000000008000b06c(.l_clmulr_918_Start+8): 16412737 lui     a4,0x16412
Info   a4 00000001 -> 16412000
Info 'riscvOVPsim/cpu', 0x000000008000b070(.l_clmulr_918_Start+c): 83470713 addi    a4,a4,-1996
Info   a4 16412000 -> 16411834
Info 'riscvOVPsim/cpu', 0x000000008000b074(.l_clmulr_918_Start+10): be91533 clmul   a0,s2,t5
Info   a2 00000010 -> 0effcb5e
Info 'riscvOVPsim/cpu', 0x000000008000b078(.l_clmulr_918_Start+14): 0effdb37 lui     s6,0xeffd
Info   s6 f16f7b2b -> 0effd000
Info 'riscvOVPsim/cpu', 0x000000008000b07c(.l_clmulr_918_Start+18): b5eb0b13 addi    s6,s6,-1186
Info   s6 0effd000 -> 0effcb5e
Info 'riscvOVPsim/cpu', 0x000000008000b080(.l_clmulr_918_Start+1c): 01660a63 beq     a2,s6,8000b094
Info 'riscvOVPsim/cpu', 0x000000008000b094(.l_clmulh_919_Start): 2f1bd9b7 lui     s3,0x2f1bd
Info   s3 0f181794 -> 2f1bd000
Info 'riscvOVPsim/cpu', 0x000000008000b098(.l_clmulh_919_Start+4): 30698993 addi    s3,s3,774
Info   s3 2f1bd000 -> 2f1bd306
Info 'riscvOVPsim/cpu', 0x000000008000b09c(.l_clmulh_919_Start+8): 03bcac37 lui     s8,0x3bca
Info   s8 00000001 -> 03bca000
Info 'riscvOVPsim/cpu', 0x000000008000b0a0(.l_clmulh_919_Start+c): 691c0c13 addi    s8,s8,1681
Info   s8 03bca000 -> 03bca691
Info 'riscvOVPsim/cpu', 0x000000008000b0a4(.l_clmulh_919_Start+10): b89b7b3 clmulh  a5,s3,s8
Info   a5 c09adb38 -> 00606573
Info 'riscvOVPsim/cpu', 0x000000008000b0a8(.l_clmulh_919_Start+14): 00606737 lui     a4,0x606
Info   a4 16411834 -> 00606000
Info 'riscvOVPsim/cpu', 0x000000008000b0ac(.l_clmulh_919_Start+18): 57370713 addi    a4,a4,1395
Info   a4 00606000 -> 00606573
Info 'riscvOVPsim/cpu', 0x000000008000b0b0(.l_clmulh_919_Start+1c): 00e78a63 beq     a5,a4,8000b0c4
Info 'riscvOVPsim/cpu', 0x000000008000b0c4(.l_min_920_Start): 34dcb0b7 lui     ra,0x34dcb
Info   ra 0d8d60aa -> 34dcb000
Info 'riscvOVPsim/cpu', 0x000000008000b0c8(.l_min_920_Start+4): 99708093 addi    ra,ra,-1641
Info   ra 34dcb000 -> 34dca997
Info 'riscvOVPsim/cpu', 0x000000008000b0cc(.l_min_920_Start+8): 076042b7 lui     t0,0x7604
Info   t0 2176ef0a -> 07604000
Info 'riscvOVPsim/cpu', 0x000000008000b0d0(.l_min_920_Start+c): 2f728293 addi    t0,t0,759
Info   t0 07604000 -> 076042f7
Info 'riscvOVPsim/cpu', 0x000000008000b0d4(.l_min_920_Start+10): a50ca33 min     s4,ra,t0
Info   s4 0accb312 -> 076042f7
Info 'riscvOVPsim/cpu', 0x000000008000b0d8(.l_min_920_Start+14): 076045b7 lui     a1,0x7604
Info   a1 00000001 -> 07604000
Info 'riscvOVPsim/cpu', 0x000000008000b0dc(.l_min_920_Start+18): 2f758593 addi    a1,a1,759
Info   a1 07604000 -> 076042f7
Info 'riscvOVPsim/cpu', 0x000000008000b0e0(.l_min_920_Start+1c): 00ba0a63 beq     s4,a1,8000b0f4
Info 'riscvOVPsim/cpu', 0x000000008000b0f4(.l_max_921_Start): 2ef2eb37 lui     s6,0x2ef2e
Info   s6 0effcb5e -> 2ef2e000
Info 'riscvOVPsim/cpu', 0x000000008000b0f8(.l_max_921_Start+4): 7c7b0b13 addi    s6,s6,1991
Info   s6 2ef2e000 -> 2ef2e7c7
Info 'riscvOVPsim/cpu', 0x000000008000b0fc(.l_max_921_Start+8): 4021f9b7 lui     s3,0x4021f
Info   s3 2f1bd306 -> 4021f000
Info 'riscvOVPsim/cpu', 0x000000008000b100(.l_max_921_Start+c): ae798993 addi    s3,s3,-1305
Info   s3 4021f000 -> 4021eae7
Info 'riscvOVPsim/cpu', 0x000000008000b104(.l_max_921_Start+10): b3b5c33 max     s8,s6,s3
Info   s8 03bca691 -> 4021eae7
Info 'riscvOVPsim/cpu', 0x000000008000b108(.l_max_921_Start+14): 4021f237 lui     tp,0x4021f
Info   tp 00eb127a -> 4021f000
Info 'riscvOVPsim/cpu', 0x000000008000b10c(.l_max_921_Start+18): ae720213 addi    tp,tp,-1305
Info   tp 4021f000 -> 4021eae7
Info 'riscvOVPsim/cpu', 0x000000008000b110(.l_max_921_Start+1c): 004c0a63 beq     s8,tp,8000b124
Info 'riscvOVPsim/cpu', 0x000000008000b124(.l_minu_922_Start): 4c1ead37 lui     s10,0x4c1ea
Info   s10 f16f7b2b -> 4c1ea000
Info 'riscvOVPsim/cpu', 0x000000008000b128(.l_minu_922_Start+4): eb2d0d13 addi    s10,s10,-334
Info   s10 4c1ea000 -> 4c1e9eb2
Info 'riscvOVPsim/cpu', 0x000000008000b12c(.l_minu_922_Start+8): 696b52b7 lui     t0,0x696b5
Info   t0 076042f7 -> 696b5000
Info 'riscvOVPsim/cpu', 0x000000008000b130(.l_minu_922_Start+c): e5e28293 addi    t0,t0,-418
Info   t0 696b5000 -> 696b4e5e
Info 'riscvOVPsim/cpu', 0x000000008000b134(.l_minu_922_Start+10): a5d65b3 minu    a1,s10,t0
Info   a1 076042f7 -> 4c1e9eb2
Info 'riscvOVPsim/cpu', 0x000000008000b138(.l_minu_922_Start+14): 4c1ea537 lui     a0,0x4c1ea
Info   a0 c09adb38 -> 4c1ea000
Info 'riscvOVPsim/cpu', 0x000000008000b13c(.l_minu_922_Start+18): eb250513 addi    a0,a0,-334
Info   a0 4c1ea000 -> 4c1e9eb2
Info 'riscvOVPsim/cpu', 0x000000008000b140(.l_minu_922_Start+1c): 00a58a63 beq     a1,a0,8000b154
Info 'riscvOVPsim/cpu', 0x000000008000b154(.l_maxu_923_Start): 682708b7 lui     a7,0x68270
Info   a7 c3419c9c -> 68270000
Info 'riscvOVPsim/cpu', 0x000000008000b158(.l_maxu_923_Start+4): acd88893 addi    a7,a7,-1331
Info   a7 68270000 -> 6826facd
Info 'riscvOVPsim/cpu', 0x000000008000b15c(.l_maxu_923_Start+8): 310e2637 lui     a2,0x310e2
Info   a2 0effcb5e -> 310e2000
Info 'riscvOVPsim/cpu', 0x000000008000b160(.l_maxu_923_Start+c): 3e060613 addi    a2,a2,992
Info   a2 310e2000 -> 310e23e0
Info 'riscvOVPsim/cpu', 0x000000008000b164(.l_maxu_923_Start+10): ac8fc33 maxu    s8,a7,a2
Info   s8 4021eae7 -> 6826facd
Info 'riscvOVPsim/cpu', 0x000000008000b168(.l_maxu_923_Start+14): 68270137 lui     sp,0x68270
Info   sp 020342bf -> 68270000
Info 'riscvOVPsim/cpu', 0x000000008000b16c(.l_maxu_923_Start+18): acd10113 addi    sp,sp,-1331
Info   sp 68270000 -> 6826facd
Info 'riscvOVPsim/cpu', 0x000000008000b170(.l_maxu_923_Start+1c): 002c0a63 beq     s8,sp,8000b184
Info 'riscvOVPsim/cpu', 0x000000008000b184(.l_shfl_924_Start): 00000013 nop
Info 'riscvOVPsim/cpu', 0x000000008000b188(.l_shfl_924_Start+4): 5e05bc37 lui     s8,0x5e05b
Info   s8 6826facd -> 5e05b000
Info 'riscvOVPsim/cpu', 0x000000008000b18c(.l_shfl_924_Start+8): 0c6c0c13 addi    s8,s8,198
Info   s8 5e05b000 -> 5e05b0c6
Info 'riscvOVPsim/cpu', 0x000000008000b190(.l_shfl_924_Start+c): 98012b3 shfl    t0,zero,s8
Info   t0 696b4e5e -> 00000000
Info 'riscvOVPsim/cpu', 0x000000008000b194(.l_shfl_924_Start+10): 00000393 mv      t2,zero
Info   t2 f84a5341 -> 00000000
Info 'riscvOVPsim/cpu', 0x000000008000b198(.l_shfl_924_Start+14): 00728a63 beq     t0,t2,8000b1ac
Info 'riscvOVPsim/cpu', 0x000000008000b1ac(.l_unshfl_925_Start): 2b0c8cb7 lui     s9,0x2b0c8
Info   s9 11c074ff -> 2b0c8000
Info 'riscvOVPsim/cpu', 0x000000008000b1b0(.l_unshfl_925_Start+4): 9e7c8c93 addi    s9,s9,-1561
Info   s9 2b0c8000 -> 2b0c79e7
Info 'riscvOVPsim/cpu', 0x000000008000b1b4(.l_unshfl_925_Start+8): 6766a3b7 lui     t2,0x6766a
Info   t2 00000000 -> 6766a000
Info 'riscvOVPsim/cpu', 0x000000008000b1b8(.l_unshfl_925_Start+c): 15b38393 addi    t2,t2,347
Info   t2 6766a000 -> 6766a15b
Info 'riscvOVPsim/cpu', 0x000000008000b1bc(.l_unshfl_925_Start+10): 87cd533 unshfl  a0,s9,t2
Info   a0 4c1e9eb2 -> 716d22db
Info 'riscvOVPsim/cpu', 0x000000008000b1c0(.l_unshfl_925_Start+14): 716d2d37 lui     s10,0x716d2
Info   s10 4c1e9eb2 -> 716d2000
Info 'riscvOVPsim/cpu', 0x000000008000b1c4(.l_unshfl_925_Start+18): 2dbd0d13 addi    s10,s10,731
Info   s10 716d2000 -> 716d22db
Info 'riscvOVPsim/cpu', 0x000000008000b1c8(.l_unshfl_925_Start+1c): 01a50a63 beq     a0,s10,8000b1dc
Info 'riscvOVPsim/cpu', 0x000000008000b1dc(.l_bdep_926_Start): 1f680f37 lui     t5,0x1f680
Info   t5 48955a19 -> 1f680000
Info 'riscvOVPsim/cpu', 0x000000008000b1e0(.l_bdep_926_Start+4): f12f0f13 addi    t5,t5,-238
Info   t5 1f680000 -> 1f67ff12
Info 'riscvOVPsim/cpu', 0x000000008000b1e4(.l_bdep_926_Start+8): 1ca119b7 lui     s3,0x1ca11
Info   s3 4021eae7 -> 1ca11000
Info 'riscvOVPsim/cpu', 0x000000008000b1e8(.l_bdep_926_Start+c): ff498993 addi    s3,s3,-12
Info   s3 1ca11000 -> 1ca10ff4
Info 'riscvOVPsim/cpu', 0x000000008000b1ec(.l_bdep_926_Start+10): 93f2333 bdep    t1,t5,s3
Info   t1 4e754adf -> 1ca10890
Info 'riscvOVPsim/cpu', 0x000000008000b1f0(.l_bdep_926_Start+14): 1ca11fb7 lui     t6,0x1ca11
Info   t6 6282c27c -> 1ca11000
Info 'riscvOVPsim/cpu', 0x000000008000b1f4(.l_bdep_926_Start+18): 890f8f93 addi    t6,t6,-1904
Info   t6 1ca11000 -> 1ca10890
Info 'riscvOVPsim/cpu', 0x000000008000b1f8(.l_bdep_926_Start+1c): 01f30a63 beq     t1,t6,8000b20c
Info 'riscvOVPsim/cpu', 0x000000008000b20c(.l_bext_927_Start): 005fecb7 lui     s9,0x5fe
Info   s9 2b0c79e7 -> 005fe000
Info 'riscvOVPsim/cpu', 0x000000008000b210(.l_bext_927_Start+4): e3fc8c93 addi    s9,s9,-449
Info   s9 005fe000 -> 005fde3f
Info 'riscvOVPsim/cpu', 0x000000008000b214(.l_bext_927_Start+8): 1a6f0fb7 lui     t6,0x1a6f0
Info   t6 1ca10890 -> 1a6f0000
Info 'riscvOVPsim/cpu', 0x000000008000b218(.l_bext_927_Start+c): 30cf8f93 addi    t6,t6,780
Info   t6 1a6f0000 -> 1a6f030c
Info 'riscvOVPsim/cpu', 0x000000008000b21c(.l_bext_927_Start+10): 9fce233 bext    tp,s9,t6
Info   tp 4021eae7 -> 000002fb
Info 'riscvOVPsim/cpu', 0x000000008000b220(.l_bext_927_Start+14): 2fb00c13 addi    s8,zero,763
Info   s8 5e05b0c6 -> 000002fb
Info 'riscvOVPsim/cpu', 0x000000008000b224(.l_bext_927_Start+18): 01820a63 beq     tp,s8,8000b238
Info 'riscvOVPsim/cpu', 0x000000008000b238(.l_pack_928_Start): 04984eb7 lui     t4,0x4984
Info   t4 1dd965e8 -> 04984000
Info 'riscvOVPsim/cpu', 0x000000008000b23c(.l_pack_928_Start+4): 84ae8e93 addi    t4,t4,-1974
Info   t4 04984000 -> 0498384a
Info 'riscvOVPsim/cpu', 0x000000008000b240(.l_pack_928_Start+8): 4c30f237 lui     tp,0x4c30f
Info   tp 000002fb -> 4c30f000
Info 'riscvOVPsim/cpu', 0x000000008000b244(.l_pack_928_Start+c): 03b20213 addi    tp,tp,59
Info   tp 4c30f000 -> 4c30f03b
Info 'riscvOVPsim/cpu', 0x000000008000b248(.l_pack_928_Start+10): 084ec833 undef
Info   a6 39ef46ce -> f03b384a
Info 'riscvOVPsim/cpu', 0x000000008000b24c(.l_pack_928_Start+14): f03b49b7 lui     s3,0xf03b4
Info   s3 1ca10ff4 -> f03b4000
Info 'riscvOVPsim/cpu', 0x000000008000b250(.l_pack_928_Start+18): 84a98993 addi    s3,s3,-1974
Info   s3 f03b4000 -> f03b384a
Info 'riscvOVPsim/cpu', 0x000000008000b254(.l_pack_928_Start+1c): 01380a63 beq     a6,s3,8000b268
Info 'riscvOVPsim/cpu', 0x000000008000b268(.l_bfp_929_Start): 75040537 lui     a0,0x75040
Info   a0 716d22db -> 75040000
Info 'riscvOVPsim/cpu', 0x000000008000b26c(.l_bfp_929_Start+4): 38350513 addi    a0,a0,899
Info   a0 75040000 -> 75040383
Info 'riscvOVPsim/cpu', 0x000000008000b270(.l_bfp_929_Start+8): 00000013 nop
Info 'riscvOVPsim/cpu', 0x000000008000b274(.l_bfp_929_Start+c): 8057733 bfp     a4,a0,zero
Info   a4 00606573 -> 75040000
Info 'riscvOVPsim/cpu', 0x000000008000b278(.l_bfp_929_Start+10): 75040cb7 lui     s9,0x75040
Info   s9 005fde3f -> 75040000
Info 'riscvOVPsim/cpu', 0x000000008000b27c(.l_bfp_929_Start+14): 01970a63 beq     a4,s9,8000b290
Info 'riscvOVPsim/cpu', 0x000000008000b290(.l_shfli_930_Start): 0fc0eab7 lui     s5,0xfc0e
Info   s5 28fd28dd -> 0fc0e000
Info 'riscvOVPsim/cpu', 0x000000008000b294(.l_shfli_930_Start+4): 55ca8a93 addi    s5,s5,1372
Info   s5 0fc0e000 -> 0fc0e55c
Info 'riscvOVPsim/cpu', 0x000000008000b298(.l_shfli_930_Start+8): ada9293 shfli   t0,s5,45
Info   t0 00000000 -> 0ef3a30a
Info 'riscvOVPsim/cpu', 0x000000008000b29c(.l_shfli_930_Start+c): 0ef3a937 lui     s2,0xef3a
Info   s2 7a252778 -> 0ef3a000
Info 'riscvOVPsim/cpu', 0x000000008000b2a0(.l_shfli_930_Start+10): 30a90913 addi    s2,s2,778
Info   s2 0ef3a000 -> 0ef3a30a
Info 'riscvOVPsim/cpu', 0x000000008000b2a4(.l_shfli_930_Start+14): 01228a63 beq     t0,s2,8000b2b8
Info 'riscvOVPsim/cpu', 0x000000008000b2b8(.l_unshfli_931_Start): 352332b7 lui     t0,0x35233
Info   t0 0ef3a30a -> 35233000
Info 'riscvOVPsim/cpu', 0x000000008000b2bc(.l_unshfli_931_Start+4): 1e428293 addi    t0,t0,484
Info   t0 35233000 -> 352331e4
Info 'riscvOVPsim/cpu', 0x000000008000b2c0(.l_unshfli_931_Start+8): b72de13 unshfli t3,t0,55
Info   t3 11c074ff -> 45714c5a
Info 'riscvOVPsim/cpu', 0x000000008000b2c4(.l_unshfli_931_Start+c): 45715537 lui     a0,0x45715
Info   a0 75040383 -> 45715000
Info 'riscvOVPsim/cpu', 0x000000008000b2c8(.l_unshfli_931_Start+10): c5a50513 addi    a0,a0,-934
Info   a0 45715000 -> 45714c5a
Info 'riscvOVPsim/cpu', 0x000000008000b2cc(.l_unshfli_931_Start+14): 00ae0a63 beq     t3,a0,8000b2e0
Info 'riscvOVPsim/cpu', 0x000000008000b2e0(.l_andn_932_Start): 00000013 nop
Info 'riscvOVPsim/cpu', 0x000000008000b2e4(.l_andn_932_Start+4): 6ff6bb37 lui     s6,0x6ff6b
Info   s6 2ef2e7c7 -> 6ff6b000
Info 'riscvOVPsim/cpu', 0x000000008000b2e8(.l_andn_932_Start+8): f24b0b13 addi    s6,s6,-220
Info   s6 6ff6b000 -> 6ff6af24
Info 'riscvOVPsim/cpu', 0x000000008000b2ec(.l_andn_932_Start+c): 416075b3 andn    a1,zero,s6
Info   a1 4c1e9eb2 -> 00000000
Info 'riscvOVPsim/cpu', 0x000000008000b2f0(.l_andn_932_Start+10): 00000893 mv      a7,zero
Info   a7 6826facd -> 00000000
Info 'riscvOVPsim/cpu', 0x000000008000b2f4(.l_andn_932_Start+14): 01158a63 beq     a1,a7,8000b308
Info 'riscvOVPsim/cpu', 0x000000008000b308(.l_orn_933_Start): 1344cfb7 lui     t6,0x1344c
Info   t6 1a6f030c -> 1344c000
Info 'riscvOVPsim/cpu', 0x000000008000b30c(.l_orn_933_Start+4): 8d3f8f93 addi    t6,t6,-1837
Info   t6 1344c000 -> 1344b8d3
Info 'riscvOVPsim/cpu', 0x000000008000b310(.l_orn_933_Start+8): 1e4021b7 lui     gp,0x1e402
Info   gp c3419c9c -> 1e402000
Info 'riscvOVPsim/cpu', 0x000000008000b314(.l_orn_933_Start+c): 5cc18193 addi    gp,gp,1484
Info   gp 1e402000 -> 1e4025cc
Info 'riscvOVPsim/cpu', 0x000000008000b318(.l_orn_933_Start+10): 403fe7b3 orn     a5,t6,gp
Info   a5 00606573 -> f3fffaf3
Info 'riscvOVPsim/cpu', 0x000000008000b31c(.l_orn_933_Start+14): f4000bb7 lui     s7,0xf4000
Info   s7 00000010 -> f4000000
Info 'riscvOVPsim/cpu', 0x000000008000b320(.l_orn_933_Start+18): af3b8b93 addi    s7,s7,-1293
Info   s7 f4000000 -> f3fffaf3
Info 'riscvOVPsim/cpu', 0x000000008000b324(.l_orn_933_Start+1c): 01778a63 beq     a5,s7,8000b338
Info 'riscvOVPsim/cpu', 0x000000008000b338(.l_xnor_934_Start): 7620dab7 lui     s5,0x7620d
Info   s5 0fc0e55c -> 7620d000
Info 'riscvOVPsim/cpu', 0x000000008000b33c(.l_xnor_934_Start+4): ca3a8a93 addi    s5,s5,-861
Info   s5 7620d000 -> 7620cca3
Info 'riscvOVPsim/cpu', 0x000000008000b340(.l_xnor_934_Start+8): 587ecb37 lui     s6,0x587ec
Info   s6 6ff6af24 -> 587ec000
Info 'riscvOVPsim/cpu', 0x000000008000b344(.l_xnor_934_Start+c): a40b0b13 addi    s6,s6,-1472
Info   s6 587ec000 -> 587eba40
Info 'riscvOVPsim/cpu', 0x000000008000b348(.l_xnor_934_Start+10): 416ac7b3 xnor    a5,s5,s6
Info   a5 f3fffaf3 -> d1a1891c
Info 'riscvOVPsim/cpu', 0x000000008000b34c(.l_xnor_934_Start+14): d1a19eb7 lui     t4,0xd1a19
Info   t4 0498384a -> d1a19000
Info 'riscvOVPsim/cpu', 0x000000008000b350(.l_xnor_934_Start+18): 91ce8e93 addi    t4,t4,-1764
Info   t4 d1a19000 -> d1a1891c
Info 'riscvOVPsim/cpu', 0x000000008000b354(.l_xnor_934_Start+1c): 01d78a63 beq     a5,t4,8000b368
Info 'riscvOVPsim/cpu', 0x000000008000b368(.l_slo_935_Start): 7cfd4937 lui     s2,0x7cfd4
Info   s2 0ef3a30a -> 7cfd4000
Info 'riscvOVPsim/cpu', 0x000000008000b36c(.l_slo_935_Start+4): 78790913 addi    s2,s2,1927
Info   s2 7cfd4000 -> 7cfd4787
Info 'riscvOVPsim/cpu', 0x000000008000b370(.l_slo_935_Start+8): 05a111b7 lui     gp,0x5a11
Info   gp 1e4025cc -> 05a11000
Info 'riscvOVPsim/cpu', 0x000000008000b374(.l_slo_935_Start+c): f3018193 addi    gp,gp,-208
Info   gp 05a11000 -> 05a10f30
Info 'riscvOVPsim/cpu', 0x000000008000b378(.l_slo_935_Start+10): 203915b3 slo     a1,s2,gp
Info   a1 00000000 -> 4787ffff
Info 'riscvOVPsim/cpu', 0x000000008000b37c(.l_slo_935_Start+14): 47880b37 lui     s6,0x47880
Info   s6 587eba40 -> 47880000
Info 'riscvOVPsim/cpu', 0x000000008000b380(.l_slo_935_Start+18): fffb0b13 addi    s6,s6,-1
Info   s6 47880000 -> 4787ffff
Info 'riscvOVPsim/cpu', 0x000000008000b384(.l_slo_935_Start+1c): 01658a63 beq     a1,s6,8000b398
Info 'riscvOVPsim/cpu', 0x000000008000b398(.l_sro_936_Start): 28c591b7 lui     gp,0x28c59
Info   gp 05a10f30 -> 28c59000
Info 'riscvOVPsim/cpu', 0x000000008000b39c(.l_sro_936_Start+4): ab018193 addi    gp,gp,-1360
Info   gp 28c59000 -> 28c58ab0
Info 'riscvOVPsim/cpu', 0x000000008000b3a0(.l_sro_936_Start+8): 223386b7 lui     a3,0x22338
Info   a3 6a2fa777 -> 22338000
Info 'riscvOVPsim/cpu', 0x000000008000b3a4(.l_sro_936_Start+c): 13868693 addi    a3,a3,312
Info   a3 22338000 -> 22338138
Info 'riscvOVPsim/cpu', 0x000000008000b3a8(.l_sro_936_Start+10): 20d1d7b3 sro     a5,gp,a3
Info   a5 d1a1891c -> ffffff28
Info 'riscvOVPsim/cpu', 0x000000008000b3ac(.l_sro_936_Start+14): f2800893 addi    a7,zero,-216
Info   a7 00000000 -> ffffff28
Info 'riscvOVPsim/cpu', 0x000000008000b3b0(.l_sro_936_Start+18): 01178a63 beq     a5,a7,8000b3c4
Info 'riscvOVPsim/cpu', 0x000000008000b3c4(.l_rol_937_Start): 6f14b837 lui     a6,0x6f14b
Info   a6 f03b384a -> 6f14b000
Info 'riscvOVPsim/cpu', 0x000000008000b3c8(.l_rol_937_Start+4): ab480813 addi    a6,a6,-1356
Info   a6 6f14b000 -> 6f14aab4
Info 'riscvOVPsim/cpu', 0x000000008000b3cc(.l_rol_937_Start+8): 2ad3d737 lui     a4,0x2ad3d
Info   a4 75040000 -> 2ad3d000
Info 'riscvOVPsim/cpu', 0x000000008000b3d0(.l_rol_937_Start+c): d1e70713 addi    a4,a4,-738
Info   a4 2ad3d000 -> 2ad3cd1e
Info 'riscvOVPsim/cpu', 0x000000008000b3d4(.l_rol_937_Start+10): 60e81333 rol     t1,a6,a4
Info   t1 1ca10890 -> 1bc52aad
Info 'riscvOVPsim/cpu', 0x000000008000b3d8(.l_rol_937_Start+14): 1bc53eb7 lui     t4,0x1bc53
Info   t4 d1a1891c -> 1bc53000
Info 'riscvOVPsim/cpu', 0x000000008000b3dc(.l_rol_937_Start+18): aade8e93 addi    t4,t4,-1363
Info   t4 1bc53000 -> 1bc52aad
Info 'riscvOVPsim/cpu', 0x000000008000b3e0(.l_rol_937_Start+1c): 01d30a63 beq     t1,t4,8000b3f4
Info 'riscvOVPsim/cpu', 0x000000008000b3f4(.l_ror_938_Start): 5de7dbb7 lui     s7,0x5de7d
Info   s7 f3fffaf3 -> 5de7d000
Info 'riscvOVPsim/cpu', 0x000000008000b3f8(.l_ror_938_Start+4): 82bb8b93 addi    s7,s7,-2005
Info   s7 5de7d000 -> 5de7c82b
Info 'riscvOVPsim/cpu', 0x000000008000b3fc(.l_ror_938_Start+8): 7d88f637 lui     a2,0x7d88f
Info   a2 310e23e0 -> 7d88f000
Info 'riscvOVPsim/cpu', 0x000000008000b400(.l_ror_938_Start+c): c1860613 addi    a2,a2,-1000
Info   a2 7d88f000 -> 7d88ec18
Info 'riscvOVPsim/cpu', 0x000000008000b404(.l_ror_938_Start+10): 60cbd233 ror     tp,s7,a2
Info   tp 4c30f03b -> e7c82b5d
Info 'riscvOVPsim/cpu', 0x000000008000b408(.l_ror_938_Start+14): e7c837b7 lui     a5,0xe7c83
Info   a5 ffffff28 -> e7c83000
Info 'riscvOVPsim/cpu', 0x000000008000b40c(.l_ror_938_Start+18): b5d78793 addi    a5,a5,-1187
Info   a5 e7c83000 -> e7c82b5d
Info 'riscvOVPsim/cpu', 0x000000008000b410(.l_ror_938_Start+1c): 00f20a63 beq     tp,a5,8000b424
Info 'riscvOVPsim/cpu', 0x000000008000b424(.l_sbclr_939_Start): 00000013 nop
Info 'riscvOVPsim/cpu', 0x000000008000b428(.l_sbclr_939_Start+4): 24a7e737 lui     a4,0x24a7e
Info   a4 2ad3cd1e -> 24a7e000
Info 'riscvOVPsim/cpu', 0x000000008000b42c(.l_sbclr_939_Start+8): a2370713 addi    a4,a4,-1501
Info   a4 24a7e000 -> 24a7da23
Info 'riscvOVPsim/cpu', 0x000000008000b430(.l_sbclr_939_Start+c): 48e01fb3 sbclr   t6,zero,a4
Info   t6 1344b8d3 -> 00000000
Info 'riscvOVPsim/cpu', 0x000000008000b434(.l_sbclr_939_Start+10): 00000293 mv      t0,zero
Info   t0 352331e4 -> 00000000
Info 'riscvOVPsim/cpu', 0x000000008000b438(.l_sbclr_939_Start+14): 005f8a63 beq     t6,t0,8000b44c
Info 'riscvOVPsim/cpu', 0x000000008000b44c(.l_sbset_940_Start): 65b5ba37 lui     s4,0x65b5b
Info   s4 076042f7 -> 65b5b000
Info 'riscvOVPsim/cpu', 0x000000008000b450(.l_sbset_940_Start+4): 8e5a0a13 addi    s4,s4,-1819
Info   s4 65b5b000 -> 65b5a8e5
Info 'riscvOVPsim/cpu', 0x000000008000b454(.l_sbset_940_Start+8): 6c315ab7 lui     s5,0x6c315
Info   s5 7620cca3 -> 6c315000
Info 'riscvOVPsim/cpu', 0x000000008000b458(.l_sbset_940_Start+c): 35ca8a93 addi    s5,s5,860
Info   s5 6c315000 -> 6c31535c
Info 'riscvOVPsim/cpu', 0x000000008000b45c(.l_sbset_940_Start+10): 295a17b3 sbset   a5,s4,s5
Info   a5 e7c82b5d -> 75b5a8e5
Info 'riscvOVPsim/cpu', 0x000000008000b460(.l_sbset_940_Start+14): 75b5b2b7 lui     t0,0x75b5b
Info   t0 00000000 -> 75b5b000
Info 'riscvOVPsim/cpu', 0x000000008000b464(.l_sbset_940_Start+18): 8e528293 addi    t0,t0,-1819
Info   t0 75b5b000 -> 75b5a8e5
Info 'riscvOVPsim/cpu', 0x000000008000b468(.l_sbset_940_Start+1c): 00578a63 beq     a5,t0,8000b47c
Info 'riscvOVPsim/cpu', 0x000000008000b47c(.l_sbinv_941_Start): 3d1fda37 lui     s4,0x3d1fd
Info   s4 65b5a8e5 -> 3d1fd000
Info 'riscvOVPsim/cpu', 0x000000008000b480(.l_sbinv_941_Start+4): 288a0a13 addi    s4,s4,648
Info   s4 3d1fd000 -> 3d1fd288
Info 'riscvOVPsim/cpu', 0x000000008000b484(.l_sbinv_941_Start+8): 00000013 nop
Info 'riscvOVPsim/cpu', 0x000000008000b488(.l_sbinv_941_Start+c): 680a11b3 sbinv   gp,s4,zero
Info   gp 28c58ab0 -> 3d1fd289
Info 'riscvOVPsim/cpu', 0x000000008000b48c(.l_sbinv_941_Start+10): 3d1fdeb7 lui     t4,0x3d1fd
Info   t4 1bc52aad -> 3d1fd000
Info 'riscvOVPsim/cpu', 0x000000008000b490(.l_sbinv_941_Start+14): 289e8e93 addi    t4,t4,649
Info   t4 3d1fd000 -> 3d1fd289
Info 'riscvOVPsim/cpu', 0x000000008000b494(.l_sbinv_941_Start+18): 01d18a63 beq     gp,t4,8000b4a8
Info 'riscvOVPsim/cpu', 0x000000008000b4a8(.l_sbext_942_Start): 00000013 nop
Info 'riscvOVPsim/cpu', 0x000000008000b4ac(.l_sbext_942_Start+4): 30ffc0b7 lui     ra,0x30ffc
Info   ra 34dca997 -> 30ffc000
Info 'riscvOVPsim/cpu', 0x000000008000b4b0(.l_sbext_942_Start+8): 7f008093 addi    ra,ra,2032
Info   ra 30ffc000 -> 30ffc7f0
Info 'riscvOVPsim/cpu', 0x000000008000b4b4(.l_sbext_942_Start+c): 48105db3 sbext   s11,zero,ra
Info   s11 4e754adf -> 00000000
Info 'riscvOVPsim/cpu', 0x000000008000b4b8(.l_sbext_942_Start+10): 00000613 mv      a2,zero
Info   a2 7d88ec18 -> 00000000
Info 'riscvOVPsim/cpu', 0x000000008000b4bc(.l_sbext_942_Start+14): 00cd8a63 beq     s11,a2,8000b4d0
Info 'riscvOVPsim/cpu', 0x000000008000b4d0(.l_grev_943_Start): 71c1d337 lui     t1,0x71c1d
Info   t1 1bc52aad -> 71c1d000
Info 'riscvOVPsim/cpu', 0x000000008000b4d4(.l_grev_943_Start+4): d4b30313 addi    t1,t1,-693
Info   t1 71c1d000 -> 71c1cd4b
Info 'riscvOVPsim/cpu', 0x000000008000b4d8(.l_grev_943_Start+8): 6ab78237 lui     tp,0x6ab78
Info   tp e7c82b5d -> 6ab78000
Info 'riscvOVPsim/cpu', 0x000000008000b4dc(.l_grev_943_Start+c): 1fc20213 addi    tp,tp,508
Info   tp 6ab78000 -> 6ab781fc
Info 'riscvOVPsim/cpu', 0x000000008000b4e0(.l_grev_943_Start+10): 684357b3 grev    a5,t1,tp
Info   a5 75b5a8e5 -> b4dc1c17
Info 'riscvOVPsim/cpu', 0x000000008000b4e4(.l_grev_943_Start+14): b4dc2ab7 lui     s5,0xb4dc2
Info   s5 6c31535c -> b4dc2000
Info 'riscvOVPsim/cpu', 0x000000008000b4e8(.l_grev_943_Start+18): c17a8a93 addi    s5,s5,-1001
Info   s5 b4dc2000 -> b4dc1c17
Info 'riscvOVPsim/cpu', 0x000000008000b4ec(.l_grev_943_Start+1c): 01578a63 beq     a5,s5,8000b500
Info 'riscvOVPsim/cpu', 0x000000008000b500(.l_sloi_944_Start): 77265d37 lui     s10,0x77265
Info   s10 716d22db -> 77265000
Info 'riscvOVPsim/cpu', 0x000000008000b504(.l_sloi_944_Start+4): 7a7d0d13 addi    s10,s10,1959
Info   s10 77265000 -> 772657a7
Info 'riscvOVPsim/cpu', 0x000000008000b508(.l_sloi_944_Start+8): 227d1d13 sloi    s10,s10,39
Info   s10 772657a7 -> 932bd3ff
Info 'riscvOVPsim/cpu', 0x000000008000b50c(.l_sloi_944_Start+c): 932bdcb7 lui     s9,0x932bd
Info   s9 75040000 -> 932bd000
Info 'riscvOVPsim/cpu', 0x000000008000b510(.l_sloi_944_Start+10): 3ffc8c93 addi    s9,s9,1023
Info   s9 932bd000 -> 932bd3ff
Info 'riscvOVPsim/cpu', 0x000000008000b514(.l_sloi_944_Start+14): 019d0a63 beq     s10,s9,8000b528
Info 'riscvOVPsim/cpu', 0x000000008000b528(.l_sroi_945_Start): 2cdf71b7 lui     gp,0x2cdf7
Info   gp 3d1fd289 -> 2cdf7000
Info 'riscvOVPsim/cpu', 0x000000008000b52c(.l_sroi_945_Start+4): bd718193 addi    gp,gp,-1065
Info   gp 2cdf7000 -> 2cdf6bd7
Info 'riscvOVPsim/cpu', 0x000000008000b530(.l_sroi_945_Start+8): 20a1d093 sroi    ra,gp,10
Info   ra 30ffc7f0 -> ffcb37da
Info 'riscvOVPsim/cpu', 0x000000008000b534(.l_sroi_945_Start+c): ffcb32b7 lui     t0,0xffcb3
Info   t0 75b5a8e5 -> ffcb3000
Info 'riscvOVPsim/cpu', 0x000000008000b538(.l_sroi_945_Start+10): 7da28293 addi    t0,t0,2010
Info   t0 ffcb3000 -> ffcb37da
Info 'riscvOVPsim/cpu', 0x000000008000b53c(.l_sroi_945_Start+14): 00508a63 beq     ra,t0,8000b550
Info 'riscvOVPsim/cpu', 0x000000008000b550(.l_rori_946_Start): 095f6137 lui     sp,0x95f6
Info   sp 6826facd -> 095f6000
Info 'riscvOVPsim/cpu', 0x000000008000b554(.l_rori_946_Start+4): 7a510113 addi    sp,sp,1957
Info   sp 095f6000 -> 095f67a5
Info 'riscvOVPsim/cpu', 0x000000008000b558(.l_rori_946_Start+8): 63c15013 rori    zero,sp,60
Info 'riscvOVPsim/cpu', 0x000000008000b55c(.l_rori_946_Start+c): 00000093 mv      ra,zero
Info   ra ffcb37da -> 00000000
Info 'riscvOVPsim/cpu', 0x000000008000b560(.l_rori_946_Start+10): 00100a63 beq     zero,ra,8000b574
Info 'riscvOVPsim/cpu', 0x000000008000b574(.l_sbclri_947_Start): 6cf84e37 lui     t3,0x6cf84
Info   t3 45714c5a -> 6cf84000
Info 'riscvOVPsim/cpu', 0x000000008000b578(.l_sbclri_947_Start+4): 517e0e13 addi    t3,t3,1303
Info   t3 6cf84000 -> 6cf84517
Info 'riscvOVPsim/cpu', 0x000000008000b57c(.l_sbclri_947_Start+8): 495e1813 sbclri  a6,t3,21
Info   a6 6f14aab4 -> 6cd84517
Info 'riscvOVPsim/cpu', 0x000000008000b580(.l_sbclri_947_Start+c): 6cd84eb7 lui     t4,0x6cd84
Info   t4 3d1fd289 -> 6cd84000
Info 'riscvOVPsim/cpu', 0x000000008000b584(.l_sbclri_947_Start+10): 517e8e93 addi    t4,t4,1303
Info   t4 6cd84000 -> 6cd84517
Info 'riscvOVPsim/cpu', 0x000000008000b588(.l_sbclri_947_Start+14): 01d80a63 beq     a6,t4,8000b59c
Info 'riscvOVPsim/cpu', 0x000000008000b59c(.l_sbseti_948_Start): 5529cd37 lui     s10,0x5529c
Info   s10 932bd3ff -> 5529c000
Info 'riscvOVPsim/cpu', 0x000000008000b5a0(.l_sbseti_948_Start+4): 429d0d13 addi    s10,s10,1065
Info   s10 5529c000 -> 5529c429
Info 'riscvOVPsim/cpu', 0x000000008000b5a4(.l_sbseti_948_Start+8): 298d1a93 sbseti  s5,s10,24
Info   s5 b4dc1c17 -> 5529c429
Info 'riscvOVPsim/cpu', 0x000000008000b5a8(.l_sbseti_948_Start+c): 5529c7b7 lui     a5,0x5529c
Info   a5 b4dc1c17 -> 5529c000
Info 'riscvOVPsim/cpu', 0x000000008000b5ac(.l_sbseti_948_Start+10): 42978793 addi    a5,a5,1065
Info   a5 5529c000 -> 5529c429
Info 'riscvOVPsim/cpu', 0x000000008000b5b0(.l_sbseti_948_Start+14): 00fa8a63 beq     s5,a5,8000b5c4
Info 'riscvOVPsim/cpu', 0x000000008000b5c4(.l_sbinvi_949_Start): 00293537 lui     a0,0x293
Info   a0 45714c5a -> 00293000
Info 'riscvOVPsim/cpu', 0x000000008000b5c8(.l_sbinvi_949_Start+4): 24650513 addi    a0,a0,582
Info   a0 00293000 -> 00293246
Info 'riscvOVPsim/cpu', 0x000000008000b5cc(.l_sbinvi_949_Start+8): 6b751f93 sbinvi  t6,a0,55
Info   t6 00000000 -> 00a93246
Info 'riscvOVPsim/cpu', 0x000000008000b5d0(.l_sbinvi_949_Start+c): 00a93db7 lui     s11,0xa93
Info   s11 00000000 -> 00a93000
Info 'riscvOVPsim/cpu', 0x000000008000b5d4(.l_sbinvi_949_Start+10): 246d8d93 addi    s11,s11,582
Info   s11 00a93000 -> 00a93246
Info 'riscvOVPsim/cpu', 0x000000008000b5d8(.l_sbinvi_949_Start+14): 01bf8a63 beq     t6,s11,8000b5ec
Info 'riscvOVPsim/cpu', 0x000000008000b5ec(.l_sbexti_950_Start): 7b71f237 lui     tp,0x7b71f
Info   tp 6ab781fc -> 7b71f000
Info 'riscvOVPsim/cpu', 0x000000008000b5f0(.l_sbexti_950_Start+4): 1de20213 addi    tp,tp,478
Info   tp 7b71f000 -> 7b71f1de
Info 'riscvOVPsim/cpu', 0x000000008000b5f4(.l_sbexti_950_Start+8): 4ad25893 sbexti  a7,tp,45
Info   a7 ffffff28 -> 00000001
Info 'riscvOVPsim/cpu', 0x000000008000b5f8(.l_sbexti_950_Start+c): 00100b13 addi    s6,zero,1
Info   s6 4787ffff -> 00000001
Info 'riscvOVPsim/cpu', 0x000000008000b5fc(.l_sbexti_950_Start+10): 01688a63 beq     a7,s6,8000b610
Info 'riscvOVPsim/cpu', 0x000000008000b610(.l_grevi_951_Start): 022b0237 lui     tp,0x22b0
Info   tp 7b71f1de -> 022b0000
Info 'riscvOVPsim/cpu', 0x000000008000b614(.l_grevi_951_Start+4): fd820213 addi    tp,tp,-40
Info   tp 022b0000 -> 022affd8
Info 'riscvOVPsim/cpu', 0x000000008000b618(.l_grevi_951_Start+8): 68125a13 grevi   s4,tp,1
Info   s4 3d1fd288 -> 0115ffe4
Info 'riscvOVPsim/cpu', 0x000000008000b61c(.l_grevi_951_Start+c): 01160e37 lui     t3,0x1160
Info   t3 6cf84517 -> 01160000
Info 'riscvOVPsim/cpu', 0x000000008000b620(.l_grevi_951_Start+10): fe4e0e13 addi    t3,t3,-28
Info   t3 01160000 -> 0115ffe4
Info 'riscvOVPsim/cpu', 0x000000008000b624(.l_grevi_951_Start+14): 01ca0a63 beq     s4,t3,8000b638
Info 'riscvOVPsim/cpu', 0x000000008000b638(.l_cmix_952_Start): 7764bbb7 lui     s7,0x7764b
Info   s7 5de7c82b -> 7764b000
Info 'riscvOVPsim/cpu', 0x000000008000b63c(.l_cmix_952_Start+4): c85b8b93 addi    s7,s7,-891
Info   s7 7764b000 -> 7764ac85
Info 'riscvOVPsim/cpu', 0x000000008000b640(.l_cmix_952_Start+8): 4e15eab7 lui     s5,0x4e15e
Info   s5 5529c429 -> 4e15e000
Info 'riscvOVPsim/cpu', 0x000000008000b644(.l_cmix_952_Start+c): 5b7a8a93 addi    s5,s5,1463
Info   s5 4e15e000 -> 4e15e5b7
Info 'riscvOVPsim/cpu', 0x000000008000b648(.l_cmix_952_Start+10): 623e0db7 lui     s11,0x623e0
Info   s11 00a93246 -> 623e0000
Info 'riscvOVPsim/cpu', 0x000000008000b64c(.l_cmix_952_Start+14): 0f2d8d93 addi    s11,s11,242
Info   s11 623e0000 -> 623e00f2
Info 'riscvOVPsim/cpu', 0x000000008000b650(.l_cmix_952_Start+18): df5b9f33 cmix    t5,s7,s5,s11
Info   t5 1f67ff12 -> 662ea4c5
Info 'riscvOVPsim/cpu', 0x000000008000b654(.l_cmix_952_Start+1c): 662eacb7 lui     s9,0x662ea
Info   s9 932bd3ff -> 662ea000
Info 'riscvOVPsim/cpu', 0x000000008000b658(.l_cmix_952_Start+20): 4c5c8c93 addi    s9,s9,1221
Info   s9 662ea000 -> 662ea4c5
Info 'riscvOVPsim/cpu', 0x000000008000b65c(.l_cmix_952_Start+24): 019f0a63 beq     t5,s9,8000b670
Info 'riscvOVPsim/cpu', 0x000000008000b670(.l_cmov_953_Start): 6b6aa7b7 lui     a5,0x6b6aa
Info   a5 5529c429 -> 6b6aa000
Info 'riscvOVPsim/cpu', 0x000000008000b674(.l_cmov_953_Start+4): 96278793 addi    a5,a5,-1694
Info   a5 6b6aa000 -> 6b6a9962
Info 'riscvOVPsim/cpu', 0x000000008000b678(.l_cmov_953_Start+8): 085623b7 lui     t2,0x8562
Info   t2 6766a15b -> 08562000
Info 'riscvOVPsim/cpu', 0x000000008000b67c(.l_cmov_953_Start+c): 42638393 addi    t2,t2,1062
Info   t2 08562000 -> 08562426
Info 'riscvOVPsim/cpu', 0x000000008000b680(.l_cmov_953_Start+10): 316a6c37 lui     s8,0x316a6
Info   s8 000002fb -> 316a6000
Info 'riscvOVPsim/cpu', 0x000000008000b684(.l_cmov_953_Start+14): 497c0c13 addi    s8,s8,1175
Info   s8 316a6000 -> 316a6497
Info 'riscvOVPsim/cpu', 0x000000008000b688(.l_cmov_953_Start+18): c677df33 cmov    t5,a5,t2,s8
Info   t5 662ea4c5 -> 6b6a9962
Info 'riscvOVPsim/cpu', 0x000000008000b68c(.l_cmov_953_Start+1c): 6b6aae37 lui     t3,0x6b6aa
Info   t3 0115ffe4 -> 6b6aa000
Info 'riscvOVPsim/cpu', 0x000000008000b690(.l_cmov_953_Start+20): 962e0e13 addi    t3,t3,-1694
Info   t3 6b6aa000 -> 6b6a9962
Info 'riscvOVPsim/cpu', 0x000000008000b694(.l_cmov_953_Start+24): 01cf0a63 beq     t5,t3,8000b6a8
Info 'riscvOVPsim/cpu', 0x000000008000b6a8(.l_fsl_954_Start): 7a5c1837 lui     a6,0x7a5c1
Info   a6 6cd84517 -> 7a5c1000
Info 'riscvOVPsim/cpu', 0x000000008000b6ac(.l_fsl_954_Start+4): 34a80813 addi    a6,a6,842
Info   a6 7a5c1000 -> 7a5c134a
Info 'riscvOVPsim/cpu', 0x000000008000b6b0(.l_fsl_954_Start+8): 0bae1eb7 lui     t4,0xbae1
Info   t4 6cd84517 -> 0bae1000
Info 'riscvOVPsim/cpu', 0x000000008000b6b4(.l_fsl_954_Start+c): 72de8e93 addi    t4,t4,1837
Info   t4 0bae1000 -> 0bae172d
Info 'riscvOVPsim/cpu', 0x000000008000b6b8(.l_fsl_954_Start+10): 11dfb537 lui     a0,0x11dfb
Info   a0 00293246 -> 11dfb000
Info 'riscvOVPsim/cpu', 0x000000008000b6bc(.l_fsl_954_Start+14): 11350513 addi    a0,a0,275
Info   a0 11dfb000 -> 11dfb113
Info 'riscvOVPsim/cpu', 0x000000008000b6c0(.l_fsl_954_Start+18): 55d81cb3 fsl     s9,a6,t4,a0
Info   s9 662ea4c5 -> f6226f4b
Info 'riscvOVPsim/cpu', 0x000000008000b6c4(.l_fsl_954_Start+1c): f62276b7 lui     a3,0xf6227
Info   a3 22338138 -> f6227000
Info 'riscvOVPsim/cpu', 0x000000008000b6c8(.l_fsl_954_Start+20): f4b68693 addi    a3,a3,-181
Info   a3 f6227000 -> f6226f4b
Info 'riscvOVPsim/cpu', 0x000000008000b6cc(.l_fsl_954_Start+24): 00dc8a63 beq     s9,a3,8000b6e0
Info 'riscvOVPsim/cpu', 0x000000008000b6e0(.l_fsr_955_Start): 69564937 lui     s2,0x69564
Info   s2 7cfd4787 -> 69564000
Info 'riscvOVPsim/cpu', 0x000000008000b6e4(.l_fsr_955_Start+4): 4ec90913 addi    s2,s2,1260
Info   s2 69564000 -> 695644ec
Info 'riscvOVPsim/cpu', 0x000000008000b6e8(.l_fsr_955_Start+8): 7cc73a37 lui     s4,0x7cc73
Info   s4 0115ffe4 -> 7cc73000
Info 'riscvOVPsim/cpu', 0x000000008000b6ec(.l_fsr_955_Start+c): 0bba0a13 addi    s4,s4,187
Info   s4 7cc73000 -> 7cc730bb
Info 'riscvOVPsim/cpu', 0x000000008000b6f0(.l_fsr_955_Start+10): 6d26ee37 lui     t3,0x6d26e
Info   t3 6b6a9962 -> 6d26e000
Info 'riscvOVPsim/cpu', 0x000000008000b6f4(.l_fsr_955_Start+14): 67de0e13 addi    t3,t3,1661
Info   t3 6d26e000 -> 6d26e67d
Info 'riscvOVPsim/cpu', 0x000000008000b6f8(.l_fsr_955_Start+18): e5495f33 fsr     t5,s2,s4,t3
Info   t5 6b6a9962 -> 2ac89d8d
Info 'riscvOVPsim/cpu', 0x000000008000b6fc(.l_fsr_955_Start+1c): 2ac8a0b7 lui     ra,0x2ac8a
Info   ra 00000000 -> 2ac8a000
Info 'riscvOVPsim/cpu', 0x000000008000b700(.l_fsr_955_Start+20): d8d08093 addi    ra,ra,-627
Info   ra 2ac8a000 -> 2ac89d8d
Info 'riscvOVPsim/cpu', 0x000000008000b704(.l_fsr_955_Start+24): 001f0a63 beq     t5,ra,8000b718
Info 'riscvOVPsim/cpu', 0x000000008000b718(.l_fsri_956_Start): 1f274b37 lui     s6,0x1f274
Info   s6 00000001 -> 1f274000
Info 'riscvOVPsim/cpu', 0x000000008000b71c(.l_fsri_956_Start+4): f0cb0b13 addi    s6,s6,-244
Info   s6 1f274000 -> 1f273f0c
Info 'riscvOVPsim/cpu', 0x000000008000b720(.l_fsri_956_Start+8): 0ca42d37 lui     s10,0xca42
Info   s10 5529c429 -> 0ca42000
Info 'riscvOVPsim/cpu', 0x000000008000b724(.l_fsri_956_Start+c): d05d0d13 addi    s10,s10,-763
Info   s10 0ca42000 -> 0ca41d05
Info 'riscvOVPsim/cpu', 0x000000008000b728(.l_fsri_956_Start+10): d47b5093 fsri    ra,s6,s10,7
Info   ra 2ac89d8d -> 0a3e4e7e
Info 'riscvOVPsim/cpu', 0x000000008000b72c(.l_fsri_956_Start+14): 0a3e5137 lui     sp,0xa3e5
Info   sp 095f67a5 -> 0a3e5000
Info 'riscvOVPsim/cpu', 0x000000008000b730(.l_fsri_956_Start+18): e7e10113 addi    sp,sp,-386
Info   sp 0a3e5000 -> 0a3e4e7e
Info 'riscvOVPsim/cpu', 0x000000008000b734(.l_fsri_956_Start+1c): 00208a63 beq     ra,sp,8000b748
Info 'riscvOVPsim/cpu', 0x000000008000b748(.l_clz_957_Start): 4ff2a9b7 lui     s3,0x4ff2a
Info   s3 f03b384a -> 4ff2a000
Info 'riscvOVPsim/cpu', 0x000000008000b74c(.l_clz_957_Start+4): e2498993 addi    s3,s3,-476
Info   s3 4ff2a000 -> 4ff29e24
Info 'riscvOVPsim/cpu', 0x000000008000b750(.l_clz_957_Start+8): 60099e13 clz     t3,s3
Info   t3 6d26e67d -> 00000001
Info 'riscvOVPsim/cpu', 0x000000008000b754(.l_clz_957_Start+c): 00100b93 addi    s7,zero,1
Info   s7 7764ac85 -> 00000001
Info 'riscvOVPsim/cpu', 0x000000008000b758(.l_clz_957_Start+10): 017e0a63 beq     t3,s7,8000b76c
Info 'riscvOVPsim/cpu', 0x000000008000b76c(.l_ctz_958_Start): 00000013 nop
Info 'riscvOVPsim/cpu', 0x000000008000b770(.l_ctz_958_Start+4): 60101013 ctz     zero,zero
Info 'riscvOVPsim/cpu', 0x000000008000b774(.l_ctz_958_Start+8): 00000893 mv      a7,zero
Info   a7 00000001 -> 00000000
Info 'riscvOVPsim/cpu', 0x000000008000b778(.l_ctz_958_Start+c): 01100a63 beq     zero,a7,8000b78c
Info 'riscvOVPsim/cpu', 0x000000008000b78c(.l_pcnt_959_Start): 44b96cb7 lui     s9,0x44b96
Info   s9 f6226f4b -> 44b96000
Info 'riscvOVPsim/cpu', 0x000000008000b790(.l_pcnt_959_Start+4): 574c8c93 addi    s9,s9,1396
Info   s9 44b96000 -> 44b96574
Info 'riscvOVPsim/cpu', 0x000000008000b794(.l_pcnt_959_Start+8): 602c9b93 pcnt    s7,s9
Info   s7 00000001 -> 0000000f
Info 'riscvOVPsim/cpu', 0x000000008000b798(.l_pcnt_959_Start+c): 00f00993 addi    s3,zero,15
Info   s3 4ff29e24 -> 0000000f
Info 'riscvOVPsim/cpu', 0x000000008000b79c(.l_pcnt_959_Start+10): 013b8a63 beq     s7,s3,8000b7b0
Info 'riscvOVPsim/cpu', 0x000000008000b7b0(.l_crc32_b_960_Start): 53303837 lui     a6,0x53303
Info   a6 7a5c134a -> 53303000
Info 'riscvOVPsim/cpu', 0x000000008000b7b4(.l_crc32_b_960_Start+4): 49080813 addi    a6,a6,1168
Info   a6 53303000 -> 53303490
Info 'riscvOVPsim/cpu', 0x000000008000b7b8(.l_crc32_b_960_Start+8): 61081193 crc32.b gp,a6
Info   gp 2cdf6bd7 -> f05ca370
Info 'riscvOVPsim/cpu', 0x000000008000b7bc(.l_crc32_b_960_Start+c): f05cafb7 lui     t6,0xf05ca
Info   t6 00a93246 -> f05ca000
Info 'riscvOVPsim/cpu', 0x000000008000b7c0(.l_crc32_b_960_Start+10): 370f8f93 addi    t6,t6,880
Info   t6 f05ca000 -> f05ca370
Info 'riscvOVPsim/cpu', 0x000000008000b7c4(.l_crc32_b_960_Start+14): 01f18a63 beq     gp,t6,8000b7d8
Info 'riscvOVPsim/cpu', 0x000000008000b7d8(.l_crc32_h_961_Start): 7e1b0e37 lui     t3,0x7e1b0
Info   t3 00000001 -> 7e1b0000
Info 'riscvOVPsim/cpu', 0x000000008000b7dc(.l_crc32_h_961_Start+4): 4d7e0e13 addi    t3,t3,1239
Info   t3 7e1b0000 -> 7e1b04d7
Info 'riscvOVPsim/cpu', 0x000000008000b7e0(.l_crc32_h_961_Start+8): 611e1193 crc32.h gp,t3
Info   gp f05ca370 -> c914e9da
Info 'riscvOVPsim/cpu', 0x000000008000b7e4(.l_crc32_h_961_Start+c): c914f2b7 lui     t0,0xc914f
Info   t0 ffcb37da -> c914f000
Info 'riscvOVPsim/cpu', 0x000000008000b7e8(.l_crc32_h_961_Start+10): 9da28293 addi    t0,t0,-1574
Info   t0 c914f000 -> c914e9da
Info 'riscvOVPsim/cpu', 0x000000008000b7ec(.l_crc32_h_961_Start+14): 00518a63 beq     gp,t0,8000b800
Info 'riscvOVPsim/cpu', 0x000000008000b800(.l_crc32_w_962_Start): 0c2f84b7 lui     s1,0xc2f8
Info   s1 0198f39f -> 0c2f8000
Info 'riscvOVPsim/cpu', 0x000000008000b804(.l_crc32_w_962_Start+4): e1448493 addi    s1,s1,-492
Info   s1 0c2f8000 -> 0c2f7e14
Info 'riscvOVPsim/cpu', 0x000000008000b808(.l_crc32_w_962_Start+8): 61249c93 crc32.w s9,s1
Info   s9 44b96574 -> 9abef1d4
Info 'riscvOVPsim/cpu', 0x000000008000b80c(.l_crc32_w_962_Start+c): 9abef9b7 lui     s3,0x9abef
Info   s3 0000000f -> 9abef000
Info 'riscvOVPsim/cpu', 0x000000008000b810(.l_crc32_w_962_Start+10): 1d498993 addi    s3,s3,468
Info   s3 9abef000 -> 9abef1d4
Info 'riscvOVPsim/cpu', 0x000000008000b814(.l_crc32_w_962_Start+14): 013c8a63 beq     s9,s3,8000b828
Info 'riscvOVPsim/cpu', 0x000000008000b828(.l_crc32c_b_963_Start): 41c0f2b7 lui     t0,0x41c0f
Info   t0 c914e9da -> 41c0f000
Info 'riscvOVPsim/cpu', 0x000000008000b82c(.l_crc32c_b_963_Start+4): c8028293 addi    t0,t0,-896
Info   t0 41c0f000 -> 41c0ec80
Info 'riscvOVPsim/cpu', 0x000000008000b830(.l_crc32c_b_963_Start+8): 61829313 crc32c.b t1,t0
Info   t1 71c1cd4b -> 82b7fb94
Info 'riscvOVPsim/cpu', 0x000000008000b834(.l_crc32c_b_963_Start+c): 82b80e37 lui     t3,0x82b80
Info   t3 7e1b04d7 -> 82b80000
Info 'riscvOVPsim/cpu', 0x000000008000b838(.l_crc32c_b_963_Start+10): b94e0e13 addi    t3,t3,-1132
Info   t3 82b80000 -> 82b7fb94
Info 'riscvOVPsim/cpu', 0x000000008000b83c(.l_crc32c_b_963_Start+14): 01c30a63 beq     t1,t3,8000b850
Info 'riscvOVPsim/cpu', 0x000000008000b850(.l_crc32c_h_964_Start): 67a6cbb7 lui     s7,0x67a6c
Info   s7 0000000f -> 67a6c000
Info 'riscvOVPsim/cpu', 0x000000008000b854(.l_crc32c_h_964_Start+4): 651b8b93 addi    s7,s7,1617
Info   s7 67a6c000 -> 67a6c651
Info 'riscvOVPsim/cpu', 0x000000008000b858(.l_crc32c_h_964_Start+8): 619b9613 crc32c.h a2,s7
Info   a2 00000000 -> 365c0978
Info 'riscvOVPsim/cpu', 0x000000008000b85c(.l_crc32c_h_964_Start+c): 365c12b7 lui     t0,0x365c1
Info   t0 41c0ec80 -> 365c1000
Info 'riscvOVPsim/cpu', 0x000000008000b860(.l_crc32c_h_964_Start+10): 97828293 addi    t0,t0,-1672
Info   t0 365c1000 -> 365c0978
Info 'riscvOVPsim/cpu', 0x000000008000b864(.l_crc32c_h_964_Start+14): 00560a63 beq     a2,t0,8000b878
Info 'riscvOVPsim/cpu', 0x000000008000b878(.l_crc32c_w_965_Start): 00000013 nop
Info 'riscvOVPsim/cpu', 0x000000008000b87c(.l_crc32c_w_965_Start+4): 61a01a13 crc32c.w s4,zero
Info   s4 7cc730bb -> 00000000
Info 'riscvOVPsim/cpu', 0x000000008000b880(.l_crc32c_w_965_Start+8): 00000413 mv      s0,zero
Info   s0 5326a8b4 -> 00000000
Info 'riscvOVPsim/cpu', 0x000000008000b884(.l_crc32c_w_965_Start+c): 008a0a63 beq     s4,s0,8000b898
Info 'riscvOVPsim/cpu', 0x000000008000b898(.l_clmul_966_Start): 00000013 nop
Info 'riscvOVPsim/cpu', 0x000000008000b89c(.l_clmul_966_Start+4): 1b8c27b7 lui     a5,0x1b8c2
Info   a5 6b6a9962 -> 1b8c2000
Info 'riscvOVPsim/cpu', 0x000000008000b8a0(.l_clmul_966_Start+8): 9d878793 addi    a5,a5,-1576
Info   a5 1b8c2000 -> 1b8c19d8
Info 'riscvOVPsim/cpu', 0x000000008000b8a4(.l_clmul_966_Start+c): af01c33 clmul   s8,zero,a5
Info   s8 316a6497 -> 00000000
Info 'riscvOVPsim/cpu', 0x000000008000b8a8(.l_clmul_966_Start+10): 00000813 mv      a6,zero
Info   a6 53303490 -> 00000000
Info 'riscvOVPsim/cpu', 0x000000008000b8ac(.l_clmul_966_Start+14): 010c0a63 beq     s8,a6,8000b8c0
Info 'riscvOVPsim/cpu', 0x000000008000b8c0(.l_clmulr_967_Start): 0f854eb7 lui     t4,0xf854
Info   t4 0bae172d -> 0f854000
Info 'riscvOVPsim/cpu', 0x000000008000b8c4(.l_clmulr_967_Start+4): 28de8e93 addi    t4,t4,653
Info   t4 0f854000 -> 0f85428d
Info 'riscvOVPsim/cpu', 0x000000008000b8c8(.l_clmulr_967_Start+8): 1f5b0637 lui     a2,0x1f5b0
Info   a2 365c0978 -> 1f5b0000
Info 'riscvOVPsim/cpu', 0x000000008000b8cc(.l_clmulr_967_Start+c): 80b60613 addi    a2,a2,-2037
Info   a2 1f5b0000 -> 1f5af80b
Info 'riscvOVPsim/cpu', 0x000000008000b8d0(.l_clmulr_967_Start+10): af01c33 clmul   s8,zero,a5
Info   s0 00000000 -> 01533704
Info 'riscvOVPsim/cpu', 0x000000008000b8d4(.l_clmulr_967_Start+14): 015335b7 lui     a1,0x1533
Info   a1 4787ffff -> 01533000
Info 'riscvOVPsim/cpu', 0x000000008000b8d8(.l_clmulr_967_Start+18): 70458593 addi    a1,a1,1796
Info   a1 01533000 -> 01533704
Info 'riscvOVPsim/cpu', 0x000000008000b8dc(.l_clmulr_967_Start+1c): 00b40a63 beq     s0,a1,8000b8f0
Info 'riscvOVPsim/cpu', 0x000000008000b8f0(.l_clmulh_968_Start): 24900837 lui     a6,0x24900
Info   a6 00000000 -> 24900000
Info 'riscvOVPsim/cpu', 0x000000008000b8f4(.l_clmulh_968_Start+4): 72780813 addi    a6,a6,1831
Info   a6 24900000 -> 24900727
Info 'riscvOVPsim/cpu', 0x000000008000b8f8(.l_clmulh_968_Start+8): 2823a3b7 lui     t2,0x2823a
Info   t2 08562426 -> 2823a000
Info 'riscvOVPsim/cpu', 0x000000008000b8fc(.l_clmulh_968_Start+c): 58038393 addi    t2,t2,1408
Info   t2 2823a000 -> 2823a580
Info 'riscvOVPsim/cpu', 0x000000008000b900(.l_clmulh_968_Start+10): a783e33 clmulh  t3,a6,t2
Info   t3 82b7fb94 -> 05b26913
Info 'riscvOVPsim/cpu', 0x000000008000b904(.l_clmulh_968_Start+14): 05b27737 lui     a4,0x5b27
Info   a4 24a7da23 -> 05b27000
Info 'riscvOVPsim/cpu', 0x000000008000b908(.l_clmulh_968_Start+18): 91370713 addi    a4,a4,-1773
Info   a4 05b27000 -> 05b26913
Info 'riscvOVPsim/cpu', 0x000000008000b90c(.l_clmulh_968_Start+1c): 00ee0a63 beq     t3,a4,8000b920
Info 'riscvOVPsim/cpu', 0x000000008000b920(.l_min_969_Start): 528d85b7 lui     a1,0x528d8
Info   a1 01533704 -> 528d8000
Info 'riscvOVPsim/cpu', 0x000000008000b924(.l_min_969_Start+4): 68e58593 addi    a1,a1,1678
Info   a1 528d8000 -> 528d868e
Info 'riscvOVPsim/cpu', 0x000000008000b928(.l_min_969_Start+8): 4c8baa37 lui     s4,0x4c8ba
Info   s4 00000000 -> 4c8ba000
Info 'riscvOVPsim/cpu', 0x000000008000b92c(.l_min_969_Start+c): d7ca0a13 addi    s4,s4,-644
Info   s4 4c8ba000 -> 4c8b9d7c
Info 'riscvOVPsim/cpu', 0x000000008000b930(.l_min_969_Start+10): b45c3b3 min     t2,a1,s4
Info   t2 2823a580 -> 4c8b9d7c
Info 'riscvOVPsim/cpu', 0x000000008000b934(.l_min_969_Start+14): 4c8bad37 lui     s10,0x4c8ba
Info   s10 0ca41d05 -> 4c8ba000
Info 'riscvOVPsim/cpu', 0x000000008000b938(.l_min_969_Start+18): d7cd0d13 addi    s10,s10,-644
Info   s10 4c8ba000 -> 4c8b9d7c
Info 'riscvOVPsim/cpu', 0x000000008000b93c(.l_min_969_Start+1c): 01a38a63 beq     t2,s10,8000b950
Info 'riscvOVPsim/cpu', 0x000000008000b950(.l_max_970_Start): 6217cdb7 lui     s11,0x6217c
Info   s11 623e00f2 -> 6217c000
Info 'riscvOVPsim/cpu', 0x000000008000b954(.l_max_970_Start+4): b22d8d93 addi    s11,s11,-1246
Info   s11 6217c000 -> 6217bb22
Info 'riscvOVPsim/cpu', 0x000000008000b958(.l_max_970_Start+8): 6286e6b7 lui     a3,0x6286e
Info   a3 f6226f4b -> 6286e000
Info 'riscvOVPsim/cpu', 0x000000008000b95c(.l_max_970_Start+c): e9b68693 addi    a3,a3,-357
Info   a3 6286e000 -> 6286de9b
Info 'riscvOVPsim/cpu', 0x000000008000b960(.l_max_970_Start+10): adddb33 max     s6,s11,a3
Info   s6 1f273f0c -> 6286de9b
Info 'riscvOVPsim/cpu', 0x000000008000b964(.l_max_970_Start+14): 6286e837 lui     a6,0x6286e
Info   a6 24900727 -> 6286e000
Info 'riscvOVPsim/cpu', 0x000000008000b968(.l_max_970_Start+18): e9b80813 addi    a6,a6,-357
Info   a6 6286e000 -> 6286de9b
Info 'riscvOVPsim/cpu', 0x000000008000b96c(.l_max_970_Start+1c): 010b0a63 beq     s6,a6,8000b980
Info 'riscvOVPsim/cpu', 0x000000008000b980(.l_minu_971_Start): 085fd237 lui     tp,0x85fd
Info   tp 022affd8 -> 085fd000
Info 'riscvOVPsim/cpu', 0x000000008000b984(.l_minu_971_Start+4): 36220213 addi    tp,tp,866
Info   tp 085fd000 -> 085fd362
Info 'riscvOVPsim/cpu', 0x000000008000b988(.l_minu_971_Start+8): 5e5879b7 lui     s3,0x5e587
Info   s3 9abef1d4 -> 5e587000
Info 'riscvOVPsim/cpu', 0x000000008000b98c(.l_minu_971_Start+c): 7c098993 addi    s3,s3,1984
Info   s3 5e587000 -> 5e5877c0
Info 'riscvOVPsim/cpu', 0x000000008000b990(.l_minu_971_Start+10): b326633 minu    a2,tp,s3
Info   a2 1f5af80b -> 085fd362
Info 'riscvOVPsim/cpu', 0x000000008000b994(.l_minu_971_Start+14): 085fdbb7 lui     s7,0x85fd
Info   s7 67a6c651 -> 085fd000
Info 'riscvOVPsim/cpu', 0x000000008000b998(.l_minu_971_Start+18): 362b8b93 addi    s7,s7,866
Info   s7 085fd000 -> 085fd362
Info 'riscvOVPsim/cpu', 0x000000008000b99c(.l_minu_971_Start+1c): 01760a63 beq     a2,s7,8000b9b0
Info 'riscvOVPsim/cpu', 0x000000008000b9b0(.l_maxu_972_Start): 166ec7b7 lui     a5,0x166ec
Info   a5 1b8c19d8 -> 166ec000
Info 'riscvOVPsim/cpu', 0x000000008000b9b4(.l_maxu_972_Start+4): 7f278793 addi    a5,a5,2034
Info   a5 166ec000 -> 166ec7f2
Info 'riscvOVPsim/cpu', 0x000000008000b9b8(.l_maxu_972_Start+8): 6800f5b7 lui     a1,0x6800f
Info   a1 528d868e -> 6800f000
Info 'riscvOVPsim/cpu', 0x000000008000b9bc(.l_maxu_972_Start+c): 4db58593 addi    a1,a1,1243
Info   a1 6800f000 -> 6800f4db
Info 'riscvOVPsim/cpu', 0x000000008000b9c0(.l_maxu_972_Start+10): ab7f033 maxu    zero,a5,a1
Info 'riscvOVPsim/cpu', 0x000000008000b9c4(.l_maxu_972_Start+14): 00000193 mv      gp,zero
Info   gp c914e9da -> 00000000
Info 'riscvOVPsim/cpu', 0x000000008000b9c8(.l_maxu_972_Start+18): 00300a63 beq     zero,gp,8000b9dc
Info 'riscvOVPsim/cpu', 0x000000008000b9dc(.l_shfl_973_Start): 72e599b7 lui     s3,0x72e59
Info   s3 5e5877c0 -> 72e59000
Info 'riscvOVPsim/cpu', 0x000000008000b9e0(.l_shfl_973_Start+4): 10798993 addi    s3,s3,263
Info   s3 72e59000 -> 72e59107
Info 'riscvOVPsim/cpu', 0x000000008000b9e4(.l_shfl_973_Start+8): 04c28137 lui     sp,0x4c28
Info   sp 0a3e4e7e -> 04c28000
Info 'riscvOVPsim/cpu', 0x000000008000b9e8(.l_shfl_973_Start+c): a9010113 addi    sp,sp,-1392
Info   sp 04c28000 -> 04c27a90
Info 'riscvOVPsim/cpu', 0x000000008000b9ec(.l_shfl_973_Start+10): 82993b3 shfl    t2,s3,sp
Info   t2 4c8b9d7c -> 72e59107
Info 'riscvOVPsim/cpu', 0x000000008000b9f0(.l_shfl_973_Start+14): 72e59837 lui     a6,0x72e59
Info   a6 6286de9b -> 72e59000
Info 'riscvOVPsim/cpu', 0x000000008000b9f4(.l_shfl_973_Start+18): 10780813 addi    a6,a6,263
Info   a6 72e59000 -> 72e59107
Info 'riscvOVPsim/cpu', 0x000000008000b9f8(.l_shfl_973_Start+1c): 01038a63 beq     t2,a6,8000ba0c
Info 'riscvOVPsim/cpu', 0x000000008000ba0c(.l_unshfl_974_Start): 39185337 lui     t1,0x39185
Info   t1 82b7fb94 -> 39185000
Info 'riscvOVPsim/cpu', 0x000000008000ba10(.l_unshfl_974_Start+4): cfc30313 addi    t1,t1,-772
Info   t1 39185000 -> 39184cfc
Info 'riscvOVPsim/cpu', 0x000000008000ba14(.l_unshfl_974_Start+8): 0ac5bfb7 lui     t6,0xac5b
Info   t6 f05ca370 -> 0ac5b000
Info 'riscvOVPsim/cpu', 0x000000008000ba18(.l_unshfl_974_Start+c): 33af8f93 addi    t6,t6,826
Info   t6 0ac5b000 -> 0ac5b33a
Info 'riscvOVPsim/cpu', 0x000000008000ba1c(.l_unshfl_974_Start+10): 9f35133 unshfl  sp,t1,t6
Info   sp 04c27a90 -> 2d7024fc
Info 'riscvOVPsim/cpu', 0x000000008000ba20(.l_unshfl_974_Start+14): 2d702b37 lui     s6,0x2d702
Info   s6 6286de9b -> 2d702000
Info 'riscvOVPsim/cpu', 0x000000008000ba24(.l_unshfl_974_Start+18): 4fcb0b13 addi    s6,s6,1276
Info   s6 2d702000 -> 2d7024fc
Info 'riscvOVPsim/cpu', 0x000000008000ba28(.l_unshfl_974_Start+1c): 01610a63 beq     sp,s6,8000ba3c
Info 'riscvOVPsim/cpu', 0x000000008000ba3c(.l_bdep_975_Start): 476d2337 lui     t1,0x476d2
Info   t1 39184cfc -> 476d2000
Info 'riscvOVPsim/cpu', 0x000000008000ba40(.l_bdep_975_Start+4): 53030313 addi    t1,t1,1328
Info   t1 476d2000 -> 476d2530
Info 'riscvOVPsim/cpu', 0x000000008000ba44(.l_bdep_975_Start+8): 7789eab7 lui     s5,0x7789e
Info   s5 4e15e5b7 -> 7789e000
Info 'riscvOVPsim/cpu', 0x000000008000ba48(.l_bdep_975_Start+c): 2b5a8a93 addi    s5,s5,693
Info   s5 7789e000 -> 7789e2b5
Info 'riscvOVPsim/cpu', 0x000000008000ba4c(.l_bdep_975_Start+10): 9532633 bdep    a2,t1,s5
Info   a2 085fd362 -> 22088280
Info 'riscvOVPsim/cpu', 0x000000008000ba50(.l_bdep_975_Start+14): 220887b7 lui     a5,0x22088
Info   a5 166ec7f2 -> 22088000
Info 'riscvOVPsim/cpu', 0x000000008000ba54(.l_bdep_975_Start+18): 28078793 addi    a5,a5,640
Info   a5 22088000 -> 22088280
Info 'riscvOVPsim/cpu', 0x000000008000ba58(.l_bdep_975_Start+1c): 00f60a63 beq     a2,a5,8000ba6c
Info 'riscvOVPsim/cpu', 0x000000008000ba6c(.l_bext_976_Start): 23d89237 lui     tp,0x23d89
Info   tp 085fd362 -> 23d89000
Info 'riscvOVPsim/cpu', 0x000000008000ba70(.l_bext_976_Start+4): 56420213 addi    tp,tp,1380
Info   tp 23d89000 -> 23d89564
Info 'riscvOVPsim/cpu', 0x000000008000ba74(.l_bext_976_Start+8): 282dc537 lui     a0,0x282dc
Info   a0 11dfb113 -> 282dc000
Info 'riscvOVPsim/cpu', 0x000000008000ba78(.l_bext_976_Start+c): 26b50513 addi    a0,a0,619
Info   a0 282dc000 -> 282dc26b
Info 'riscvOVPsim/cpu', 0x000000008000ba7c(.l_bext_976_Start+10): 8a26633 bext    a2,tp,a0
Info   a2 22088280 -> 00002498
Info 'riscvOVPsim/cpu', 0x000000008000ba80(.l_bext_976_Start+14): 00002337 lui     t1,0x2
Info   t1 476d2530 -> 00002000
Info 'riscvOVPsim/cpu', 0x000000008000ba84(.l_bext_976_Start+18): 49830313 addi    t1,t1,1176
Info   t1 00002000 -> 00002498
Info 'riscvOVPsim/cpu', 0x000000008000ba88(.l_bext_976_Start+1c): 00660a63 beq     a2,t1,8000ba9c
Info 'riscvOVPsim/cpu', 0x000000008000ba9c(.l_pack_977_Start): 37fad7b7 lui     a5,0x37fad
Info   a5 22088280 -> 37fad000
Info 'riscvOVPsim/cpu', 0x000000008000baa0(.l_pack_977_Start+4): d2178793 addi    a5,a5,-735
Info   a5 37fad000 -> 37facd21
Info 'riscvOVPsim/cpu', 0x000000008000baa4(.l_pack_977_Start+8): 03eb93b7 lui     t2,0x3eb9
Info   t2 72e59107 -> 03eb9000
Info 'riscvOVPsim/cpu', 0x000000008000baa8(.l_pack_977_Start+c): 86238393 addi    t2,t2,-1950
Info   t2 03eb9000 -> 03eb8862
Info 'riscvOVPsim/cpu', 0x000000008000baac(.l_pack_977_Start+10): 0877cf33 undef
Info   t5 2ac89d8d -> 8862cd21
Info 'riscvOVPsim/cpu', 0x000000008000bab0(.l_pack_977_Start+14): 8862dfb7 lui     t6,0x8862d
Info   t6 0ac5b33a -> 8862d000
Info 'riscvOVPsim/cpu', 0x000000008000bab4(.l_pack_977_Start+18): d21f8f93 addi    t6,t6,-735
Info   t6 8862d000 -> 8862cd21
Info 'riscvOVPsim/cpu', 0x000000008000bab8(.l_pack_977_Start+1c): 01ff0a63 beq     t5,t6,8000bacc
Info 'riscvOVPsim/cpu', 0x000000008000bacc(.l_bfp_978_Start): 6972da37 lui     s4,0x6972d
Info   s4 4c8b9d7c -> 6972d000
Info 'riscvOVPsim/cpu', 0x000000008000bad0(.l_bfp_978_Start+4): b9ca0a13 addi    s4,s4,-1124
Info   s4 6972d000 -> 6972cb9c
Info 'riscvOVPsim/cpu', 0x000000008000bad4(.l_bfp_978_Start+8): 7ca3e2b7 lui     t0,0x7ca3e
Info   t0 365c0978 -> 7ca3e000
Info 'riscvOVPsim/cpu', 0x000000008000bad8(.l_bfp_978_Start+c): 37528293 addi    t0,t0,885
Info   t0 7ca3e000 -> 7ca3e375
Info 'riscvOVPsim/cpu', 0x000000008000badc(.l_bfp_978_Start+10): 85a72b3 bfp     t0,s4,t0
Info   t0 7ca3e375 -> 69729bac
Info 'riscvOVPsim/cpu', 0x000000008000bae0(.l_bfp_978_Start+14): 6972a737 lui     a4,0x6972a
Info   a4 05b26913 -> 6972a000
Info 'riscvOVPsim/cpu', 0x000000008000bae4(.l_bfp_978_Start+18): bac70713 addi    a4,a4,-1108
Info   a4 6972a000 -> 69729bac
Info 'riscvOVPsim/cpu', 0x000000008000bae8(.l_bfp_978_Start+1c): 00e28a63 beq     t0,a4,8000bafc
Info 'riscvOVPsim/cpu', 0x000000008000bafc(.l_shfli_979_Start): 30ad5137 lui     sp,0x30ad5
Info   sp 2d7024fc -> 30ad5000
Info 'riscvOVPsim/cpu', 0x000000008000bb00(.l_shfli_979_Start+4): 07e10113 addi    sp,sp,126
Info   sp 30ad5000 -> 30ad507e
Info 'riscvOVPsim/cpu', 0x000000008000bb04(.l_shfli_979_Start+8): 9411d13 shfli   s10,sp,20
Info   s10 4c8b9d7c -> 3a0d570e
Info 'riscvOVPsim/cpu', 0x000000008000bb08(.l_shfli_979_Start+c): 3a0d5237 lui     tp,0x3a0d5
Info   tp 23d89564 -> 3a0d5000
Info 'riscvOVPsim/cpu', 0x000000008000bb0c(.l_shfli_979_Start+10): 70e20213 addi    tp,tp,1806
Info   tp 3a0d5000 -> 3a0d570e
Info 'riscvOVPsim/cpu', 0x000000008000bb10(.l_shfli_979_Start+14): 004d0a63 beq     s10,tp,8000bb24
Info 'riscvOVPsim/cpu', 0x000000008000bb24(.l_unshfli_980_Start): 76b422b7 lui     t0,0x76b42
Info   t0 69729bac -> 76b42000
Info 'riscvOVPsim/cpu', 0x000000008000bb28(.l_unshfli_980_Start+4): 06e28293 addi    t0,t0,110
Info   t0 76b42000 -> 76b4206e
Info 'riscvOVPsim/cpu', 0x000000008000bb2c(.l_unshfli_980_Start+8): 842d713 unshfli a4,t0,4
Info   a4 69729bac -> 7b64260e
Info 'riscvOVPsim/cpu', 0x000000008000bb30(.l_unshfli_980_Start+c): 7b6425b7 lui     a1,0x7b642
Info   a1 6800f4db -> 7b642000
Info 'riscvOVPsim/cpu', 0x000000008000bb34(.l_unshfli_980_Start+10): 60e58593 addi    a1,a1,1550
Info   a1 7b642000 -> 7b64260e
Info 'riscvOVPsim/cpu', 0x000000008000bb38(.l_unshfli_980_Start+14): 00b70a63 beq     a4,a1,8000bb4c
Info 'riscvOVPsim/cpu', 0x000000008000bb4c(.l_andn_981_Start): 508d2a37 lui     s4,0x508d2
Info   s4 6972cb9c -> 508d2000
Info 'riscvOVPsim/cpu', 0x000000008000bb50(.l_andn_981_Start+4): 138a0a13 addi    s4,s4,312
Info   s4 508d2000 -> 508d2138
Info 'riscvOVPsim/cpu', 0x000000008000bb54(.l_andn_981_Start+8): 260641b7 lui     gp,0x26064
Info   gp 00000000 -> 26064000
Info 'riscvOVPsim/cpu', 0x000000008000bb58(.l_andn_981_Start+c): 6ce18193 addi    gp,gp,1742
Info   gp 26064000 -> 260646ce
Info 'riscvOVPsim/cpu', 0x000000008000bb5c(.l_andn_981_Start+10): 403a7633 andn    a2,s4,gp
Info   a2 00002498 -> 50892130
Info 'riscvOVPsim/cpu', 0x000000008000bb60(.l_andn_981_Start+14): 50892737 lui     a4,0x50892
Info   a4 7b64260e -> 50892000
Info 'riscvOVPsim/cpu', 0x000000008000bb64(.l_andn_981_Start+18): 13070713 addi    a4,a4,304
Info   a4 50892000 -> 50892130
Info 'riscvOVPsim/cpu', 0x000000008000bb68(.l_andn_981_Start+1c): 00e60a63 beq     a2,a4,8000bb7c
Info 'riscvOVPsim/cpu', 0x000000008000bb7c(.l_orn_982_Start): 15f1ce37 lui     t3,0x15f1c
Info   t3 05b26913 -> 15f1c000
Info 'riscvOVPsim/cpu', 0x000000008000bb80(.l_orn_982_Start+4): bcbe0e13 addi    t3,t3,-1077
Info   t3 15f1c000 -> 15f1bbcb
Info 'riscvOVPsim/cpu', 0x000000008000bb84(.l_orn_982_Start+8): 6a1eacb7 lui     s9,0x6a1ea
Info   s9 9abef1d4 -> 6a1ea000
Info 'riscvOVPsim/cpu', 0x000000008000bb88(.l_orn_982_Start+c): cc0c8c93 addi    s9,s9,-832
Info   s9 6a1ea000 -> 6a1e9cc0
Info 'riscvOVPsim/cpu', 0x000000008000bb8c(.l_orn_982_Start+10): 419e63b3 orn     t2,t3,s9
Info   t2 03eb8862 -> 95f1fbff
Info 'riscvOVPsim/cpu', 0x000000008000bb90(.l_orn_982_Start+14): 95f207b7 lui     a5,0x95f20
Info   a5 37facd21 -> 95f20000
Info 'riscvOVPsim/cpu', 0x000000008000bb94(.l_orn_982_Start+18): bff78793 addi    a5,a5,-1025
Info   a5 95f20000 -> 95f1fbff
Info 'riscvOVPsim/cpu', 0x000000008000bb98(.l_orn_982_Start+1c): 00f38a63 beq     t2,a5,8000bbac
Info 'riscvOVPsim/cpu', 0x000000008000bbac(.l_xnor_983_Start): 4479c637 lui     a2,0x4479c
Info   a2 50892130 -> 4479c000
Info 'riscvOVPsim/cpu', 0x000000008000bbb0(.l_xnor_983_Start+4): 38160613 addi    a2,a2,897
Info   a2 4479c000 -> 4479c381
Info 'riscvOVPsim/cpu', 0x000000008000bbb4(.l_xnor_983_Start+8): 65eb91b7 lui     gp,0x65eb9
Info   gp 260646ce -> 65eb9000
Info 'riscvOVPsim/cpu', 0x000000008000bbb8(.l_xnor_983_Start+c): e0818193 addi    gp,gp,-504
Info   gp 65eb9000 -> 65eb8e08
Info 'riscvOVPsim/cpu', 0x000000008000bbbc(.l_xnor_983_Start+10): 403641b3 xnor    gp,a2,gp
Info   gp 65eb8e08 -> de6db276
Info 'riscvOVPsim/cpu', 0x000000008000bbc0(.l_xnor_983_Start+14): de6db5b7 lui     a1,0xde6db
Info   a1 7b64260e -> de6db000
Info 'riscvOVPsim/cpu', 0x000000008000bbc4(.l_xnor_983_Start+18): 27658593 addi    a1,a1,630
Info   a1 de6db000 -> de6db276
Info 'riscvOVPsim/cpu', 0x000000008000bbc8(.l_xnor_983_Start+1c): 00b18a63 beq     gp,a1,8000bbdc
Info 'riscvOVPsim/cpu', 0x000000008000bbdc(.l_slo_984_Start): 25819eb7 lui     t4,0x25819
Info   t4 0f85428d -> 25819000
Info 'riscvOVPsim/cpu', 0x000000008000bbe0(.l_slo_984_Start+4): 29fe8e93 addi    t4,t4,671
Info   t4 25819000 -> 2581929f
Info 'riscvOVPsim/cpu', 0x000000008000bbe4(.l_slo_984_Start+8): 25819eb7 lui     t4,0x25819
Info   t4 2581929f -> 25819000
Info 'riscvOVPsim/cpu', 0x000000008000bbe8(.l_slo_984_Start+c): 29fe8e93 addi    t4,t4,671
Info   t4 25819000 -> 2581929f
Info 'riscvOVPsim/cpu', 0x000000008000bbec(.l_slo_984_Start+10): 21de9033 slo     zero,t4,t4
Info 'riscvOVPsim/cpu', 0x000000008000bbf0(.l_slo_984_Start+14): 00000213 mv      tp,zero
Info   tp 3a0d570e -> 00000000
Info 'riscvOVPsim/cpu', 0x000000008000bbf4(.l_slo_984_Start+18): 00400a63 beq     zero,tp,8000bc08
Info 'riscvOVPsim/cpu', 0x000000008000bc08(.l_sro_985_Start): 5e822eb7 lui     t4,0x5e822
Info   t4 2581929f -> 5e822000
Info 'riscvOVPsim/cpu', 0x000000008000bc0c(.l_sro_985_Start+4): 9a1e8e93 addi    t4,t4,-1631
Info   t4 5e822000 -> 5e8219a1
Info 'riscvOVPsim/cpu', 0x000000008000bc10(.l_sro_985_Start+8): 00000013 nop
Info 'riscvOVPsim/cpu', 0x000000008000bc14(.l_sro_985_Start+c): 200eda33 sro     s4,t4,zero
Info   s4 508d2138 -> 5e8219a1
Info 'riscvOVPsim/cpu', 0x000000008000bc18(.l_sro_985_Start+10): 5e822137 lui     sp,0x5e822
Info   sp 30ad507e -> 5e822000
Info 'riscvOVPsim/cpu', 0x000000008000bc1c(.l_sro_985_Start+14): 9a110113 addi    sp,sp,-1631
Info   sp 5e822000 -> 5e8219a1
Info 'riscvOVPsim/cpu', 0x000000008000bc20(.l_sro_985_Start+18): 002a0a63 beq     s4,sp,8000bc34
Info 'riscvOVPsim/cpu', 0x000000008000bc34(.l_rol_986_Start): 031c03b7 lui     t2,0x31c0
Info   t2 95f1fbff -> 031c0000
Info 'riscvOVPsim/cpu', 0x000000008000bc38(.l_rol_986_Start+4): d0a38393 addi    t2,t2,-758
Info   t2 031c0000 -> 031bfd0a
Info 'riscvOVPsim/cpu', 0x000000008000bc3c(.l_rol_986_Start+8): 1a4c16b7 lui     a3,0x1a4c1
Info   a3 6286de9b -> 1a4c1000
Info 'riscvOVPsim/cpu', 0x000000008000bc40(.l_rol_986_Start+c): 9a568693 addi    a3,a3,-1627
Info   a3 1a4c1000 -> 1a4c09a5
Info 'riscvOVPsim/cpu', 0x000000008000bc44(.l_rol_986_Start+10): 60d39233 rol     tp,t2,a3
Info   tp 00000000 -> 637fa140
Info 'riscvOVPsim/cpu', 0x000000008000bc48(.l_rol_986_Start+14): 637fa8b7 lui     a7,0x637fa
Info   a7 00000000 -> 637fa000
Info 'riscvOVPsim/cpu', 0x000000008000bc4c(.l_rol_986_Start+18): 14088893 addi    a7,a7,320
Info   a7 637fa000 -> 637fa140
Info 'riscvOVPsim/cpu', 0x000000008000bc50(.l_rol_986_Start+1c): 01120a63 beq     tp,a7,8000bc64
Info 'riscvOVPsim/cpu', 0x000000008000bc64(.l_ror_987_Start): 65bb9c37 lui     s8,0x65bb9
Info   s8 00000000 -> 65bb9000
Info 'riscvOVPsim/cpu', 0x000000008000bc68(.l_ror_987_Start+4): c71c0c13 addi    s8,s8,-911
Info   s8 65bb9000 -> 65bb8c71
Info 'riscvOVPsim/cpu', 0x000000008000bc6c(.l_ror_987_Start+8): 3ece6637 lui     a2,0x3ece6
Info   a2 4479c381 -> 3ece6000
Info 'riscvOVPsim/cpu', 0x000000008000bc70(.l_ror_987_Start+c): 37760613 addi    a2,a2,887
Info   a2 3ece6000 -> 3ece6377
Info 'riscvOVPsim/cpu', 0x000000008000bc74(.l_ror_987_Start+10): 60cc5833 ror     a6,s8,a2
Info   a6 72e59107 -> 7718e2cb
Info 'riscvOVPsim/cpu', 0x000000008000bc78(.l_ror_987_Start+14): 7718e6b7 lui     a3,0x7718e
Info   a3 1a4c09a5 -> 7718e000
Info 'riscvOVPsim/cpu', 0x000000008000bc7c(.l_ror_987_Start+18): 2cb68693 addi    a3,a3,715
Info   a3 7718e000 -> 7718e2cb
Info 'riscvOVPsim/cpu', 0x000000008000bc80(.l_ror_987_Start+1c): 00d80a63 beq     a6,a3,8000bc94
Info 'riscvOVPsim/cpu', 0x000000008000bc94(.l_sbclr_988_Start): 2ed82a37 lui     s4,0x2ed82
Info   s4 5e8219a1 -> 2ed82000
Info 'riscvOVPsim/cpu', 0x000000008000bc98(.l_sbclr_988_Start+4): f5da0a13 addi    s4,s4,-163
Info   s4 2ed82000 -> 2ed81f5d
Info 'riscvOVPsim/cpu', 0x000000008000bc9c(.l_sbclr_988_Start+8): 5134b1b7 lui     gp,0x5134b
Info   gp de6db276 -> 5134b000
Info 'riscvOVPsim/cpu', 0x000000008000bca0(.l_sbclr_988_Start+c): fe418193 addi    gp,gp,-28
Info   gp 5134b000 -> 5134afe4
Info 'riscvOVPsim/cpu', 0x000000008000bca4(.l_sbclr_988_Start+10): 483a1933 sbclr   s2,s4,gp
Info   s2 695644ec -> 2ed81f4d
Info 'riscvOVPsim/cpu', 0x000000008000bca8(.l_sbclr_988_Start+14): 2ed82837 lui     a6,0x2ed82
Info   a6 7718e2cb -> 2ed82000
Info 'riscvOVPsim/cpu', 0x000000008000bcac(.l_sbclr_988_Start+18): f4d80813 addi    a6,a6,-179
Info   a6 2ed82000 -> 2ed81f4d
Info 'riscvOVPsim/cpu', 0x000000008000bcb0(.l_sbclr_988_Start+1c): 01090a63 beq     s2,a6,8000bcc4
Info 'riscvOVPsim/cpu', 0x000000008000bcc4(.l_sbset_989_Start): 09f0feb7 lui     t4,0x9f0f
Info   t4 5e8219a1 -> 09f0f000
Info 'riscvOVPsim/cpu', 0x000000008000bcc8(.l_sbset_989_Start+4): e58e8e93 addi    t4,t4,-424
Info   t4 09f0f000 -> 09f0ee58
Info 'riscvOVPsim/cpu', 0x000000008000bccc(.l_sbset_989_Start+8): 24a2d0b7 lui     ra,0x24a2d
Info   ra 0a3e4e7e -> 24a2d000
Info 'riscvOVPsim/cpu', 0x000000008000bcd0(.l_sbset_989_Start+c): 1a008093 addi    ra,ra,416
Info   ra 24a2d000 -> 24a2d1a0
Info 'riscvOVPsim/cpu', 0x000000008000bcd4(.l_sbset_989_Start+10): 281e9eb3 sbset   t4,t4,ra
Info   t4 09f0ee58 -> 09f0ee59
Info 'riscvOVPsim/cpu', 0x000000008000bcd8(.l_sbset_989_Start+14): 09f0f937 lui     s2,0x9f0f
Info   s2 2ed81f4d -> 09f0f000
Info 'riscvOVPsim/cpu', 0x000000008000bcdc(.l_sbset_989_Start+18): e5990913 addi    s2,s2,-423
Info   s2 09f0f000 -> 09f0ee59
Info 'riscvOVPsim/cpu', 0x000000008000bce0(.l_sbset_989_Start+1c): 012e8a63 beq     t4,s2,8000bcf4
Info 'riscvOVPsim/cpu', 0x000000008000bcf4(.l_sbinv_990_Start): 6f810637 lui     a2,0x6f810
Info   a2 3ece6377 -> 6f810000
Info 'riscvOVPsim/cpu', 0x000000008000bcf8(.l_sbinv_990_Start+4): 30560613 addi    a2,a2,773
Info   a2 6f810000 -> 6f810305
Info 'riscvOVPsim/cpu', 0x000000008000bcfc(.l_sbinv_990_Start+8): 5953deb7 lui     t4,0x5953d
Info   t4 09f0ee59 -> 5953d000
Info 'riscvOVPsim/cpu', 0x000000008000bd00(.l_sbinv_990_Start+c): e5ee8e93 addi    t4,t4,-418
Info   t4 5953d000 -> 5953ce5e
Info 'riscvOVPsim/cpu', 0x000000008000bd04(.l_sbinv_990_Start+10): 69d61633 sbinv   a2,a2,t4
Info   a2 6f810305 -> 2f810305
Info 'riscvOVPsim/cpu', 0x000000008000bd08(.l_sbinv_990_Start+14): 2f810cb7 lui     s9,0x2f810
Info   s9 6a1e9cc0 -> 2f810000
Info 'riscvOVPsim/cpu', 0x000000008000bd0c(.l_sbinv_990_Start+18): 305c8c93 addi    s9,s9,773
Info   s9 2f810000 -> 2f810305
Info 'riscvOVPsim/cpu', 0x000000008000bd10(.l_sbinv_990_Start+1c): 01960a63 beq     a2,s9,8000bd24
Info 'riscvOVPsim/cpu', 0x000000008000bd24(.l_sbext_991_Start): 077b0637 lui     a2,0x77b0
Info   a2 2f810305 -> 077b0000
Info 'riscvOVPsim/cpu', 0x000000008000bd28(.l_sbext_991_Start+4): 9f760613 addi    a2,a2,-1545
Info   a2 077b0000 -> 077af9f7
Info 'riscvOVPsim/cpu', 0x000000008000bd2c(.l_sbext_991_Start+8): 1432d5b7 lui     a1,0x1432d
Info   a1 de6db276 -> 1432d000
Info 'riscvOVPsim/cpu', 0x000000008000bd30(.l_sbext_991_Start+c): 95158593 addi    a1,a1,-1711
Info   a1 1432d000 -> 1432c951
Info 'riscvOVPsim/cpu', 0x000000008000bd34(.l_sbext_991_Start+10): 48b658b3 sbext   a7,a2,a1
Info   a7 637fa140 -> 00000001
Info 'riscvOVPsim/cpu', 0x000000008000bd38(.l_sbext_991_Start+14): 00100a13 addi    s4,zero,1
Info   s4 2ed81f5d -> 00000001
Info 'riscvOVPsim/cpu', 0x000000008000bd3c(.l_sbext_991_Start+18): 01488a63 beq     a7,s4,8000bd50
Info 'riscvOVPsim/cpu', 0x000000008000bd50(.l_grev_992_Start): 27f397b7 lui     a5,0x27f39
Info   a5 95f1fbff -> 27f39000
Info 'riscvOVPsim/cpu', 0x000000008000bd54(.l_grev_992_Start+4): ae178793 addi    a5,a5,-1311
Info   a5 27f39000 -> 27f38ae1
Info 'riscvOVPsim/cpu', 0x000000008000bd58(.l_grev_992_Start+8): 4dfb9eb7 lui     t4,0x4dfb9
Info   t4 5953ce5e -> 4dfb9000
Info 'riscvOVPsim/cpu', 0x000000008000bd5c(.l_grev_992_Start+c): bcfe8e93 addi    t4,t4,-1073
Info   t4 4dfb9000 -> 4dfb8bcf
Info 'riscvOVPsim/cpu', 0x000000008000bd60(.l_grev_992_Start+10): 69d7dcb3 grev    s9,a5,t4
Info   s9 2f810305 -> cfe48751
Info 'riscvOVPsim/cpu', 0x000000008000bd64(.l_grev_992_Start+14): cfe484b7 lui     s1,0xcfe48
Info   s1 0c2f7e14 -> cfe48000
Info 'riscvOVPsim/cpu', 0x000000008000bd68(.l_grev_992_Start+18): 75148493 addi    s1,s1,1873
Info   s1 cfe48000 -> cfe48751
Info 'riscvOVPsim/cpu', 0x000000008000bd6c(.l_grev_992_Start+1c): 009c8a63 beq     s9,s1,8000bd80
Info 'riscvOVPsim/cpu', 0x000000008000bd80(.l_sloi_993_Start): 58e789b7 lui     s3,0x58e78
Info   s3 72e59107 -> 58e78000
Info 'riscvOVPsim/cpu', 0x000000008000bd84(.l_sloi_993_Start+4): 3a898993 addi    s3,s3,936
Info   s3 58e78000 -> 58e783a8
Info 'riscvOVPsim/cpu', 0x000000008000bd88(.l_sloi_993_Start+8): 22399e13 sloi    t3,s3,35
Info   t3 15f1bbcb -> c73c1d47
Info 'riscvOVPsim/cpu', 0x000000008000bd8c(.l_sloi_993_Start+c): c73c2337 lui     t1,0xc73c2
Info   t1 00002498 -> c73c2000
Info 'riscvOVPsim/cpu', 0x000000008000bd90(.l_sloi_993_Start+10): d4730313 addi    t1,t1,-697
Info   t1 c73c2000 -> c73c1d47
Info 'riscvOVPsim/cpu', 0x000000008000bd94(.l_sloi_993_Start+14): 006e0a63 beq     t3,t1,8000bda8
Info 'riscvOVPsim/cpu', 0x000000008000bda8(.l_sroi_994_Start): 19b3c237 lui     tp,0x19b3c
Info   tp 637fa140 -> 19b3c000
Info 'riscvOVPsim/cpu', 0x000000008000bdac(.l_sroi_994_Start+4): 60520213 addi    tp,tp,1541
Info   tp 19b3c000 -> 19b3c605
Info 'riscvOVPsim/cpu', 0x000000008000bdb0(.l_sroi_994_Start+8): 22525013 sroi    zero,tp,37
Info 'riscvOVPsim/cpu', 0x000000008000bdb4(.l_sroi_994_Start+c): 00000d13 mv      s10,zero
Info   s10 3a0d570e -> 00000000
Info 'riscvOVPsim/cpu', 0x000000008000bdb8(.l_sroi_994_Start+10): 01a00a63 beq     zero,s10,8000bdcc
Info 'riscvOVPsim/cpu', 0x000000008000bdcc(.l_rori_995_Start): 1de8db37 lui     s6,0x1de8d
Info   s6 2d7024fc -> 1de8d000
Info 'riscvOVPsim/cpu', 0x000000008000bdd0(.l_rori_995_Start+4): 3c3b0b13 addi    s6,s6,963
Info   s6 1de8d000 -> 1de8d3c3
Info 'riscvOVPsim/cpu', 0x000000008000bdd4(.l_rori_995_Start+8): 626b5f93 rori    t6,s6,38
Info   t6 8862cd21 -> 0c77a34f
Info 'riscvOVPsim/cpu', 0x000000008000bdd8(.l_rori_995_Start+c): 0c77a5b7 lui     a1,0xc77a
Info   a1 1432c951 -> 0c77a000
Info 'riscvOVPsim/cpu', 0x000000008000bddc(.l_rori_995_Start+10): 34f58593 addi    a1,a1,847
Info   a1 0c77a000 -> 0c77a34f
Info 'riscvOVPsim/cpu', 0x000000008000bde0(.l_rori_995_Start+14): 00bf8a63 beq     t6,a1,8000bdf4
Info 'riscvOVPsim/cpu', 0x000000008000bdf4(.l_sbclri_996_Start): 151b0cb7 lui     s9,0x151b0
Info   s9 cfe48751 -> 151b0000
Info 'riscvOVPsim/cpu', 0x000000008000bdf8(.l_sbclri_996_Start+4): 4cac8c93 addi    s9,s9,1226
Info   s9 151b0000 -> 151b04ca
Info 'riscvOVPsim/cpu', 0x000000008000bdfc(.l_sbclri_996_Start+8): 488c9193 sbclri  gp,s9,8
Info   gp 5134afe4 -> 151b04ca
Info 'riscvOVPsim/cpu', 0x000000008000be00(.l_sbclri_996_Start+c): 151b04b7 lui     s1,0x151b0
Info   s1 cfe48751 -> 151b0000
Info 'riscvOVPsim/cpu', 0x000000008000be04(.l_sbclri_996_Start+10): 4ca48493 addi    s1,s1,1226
Info   s1 151b0000 -> 151b04ca
Info 'riscvOVPsim/cpu', 0x000000008000be08(.l_sbclri_996_Start+14): 00918a63 beq     gp,s1,8000be1c
Info 'riscvOVPsim/cpu', 0x000000008000be1c(.l_sbseti_997_Start): 2095a6b7 lui     a3,0x2095a
Info   a3 7718e2cb -> 2095a000
Info 'riscvOVPsim/cpu', 0x000000008000be20(.l_sbseti_997_Start+4): 3be68693 addi    a3,a3,958
Info   a3 2095a000 -> 2095a3be
Info 'riscvOVPsim/cpu', 0x000000008000be24(.l_sbseti_997_Start+8): 29369a93 sbseti  s5,a3,19
Info   s5 7789e2b5 -> 209da3be
Info 'riscvOVPsim/cpu', 0x000000008000be28(.l_sbseti_997_Start+c): 209dab37 lui     s6,0x209da
Info   s6 1de8d3c3 -> 209da000
Info 'riscvOVPsim/cpu', 0x000000008000be2c(.l_sbseti_997_Start+10): 3beb0b13 addi    s6,s6,958
Info   s6 209da000 -> 209da3be
Info 'riscvOVPsim/cpu', 0x000000008000be30(.l_sbseti_997_Start+14): 016a8a63 beq     s5,s6,8000be44
Info 'riscvOVPsim/cpu', 0x000000008000be44(.l_sbinvi_998_Start): 71d49db7 lui     s11,0x71d49
Info   s11 6217bb22 -> 71d49000
Info 'riscvOVPsim/cpu', 0x000000008000be48(.l_sbinvi_998_Start+4): 65cd8d93 addi    s11,s11,1628
Info   s11 71d49000 -> 71d4965c
Info 'riscvOVPsim/cpu', 0x000000008000be4c(.l_sbinvi_998_Start+8): 69cd9613 sbinvi  a2,s11,28
Info   a2 077af9f7 -> 61d4965c
Info 'riscvOVPsim/cpu', 0x000000008000be50(.l_sbinvi_998_Start+c): 61d49ab7 lui     s5,0x61d49
Info   s5 209da3be -> 61d49000
Info 'riscvOVPsim/cpu', 0x000000008000be54(.l_sbinvi_998_Start+10): 65ca8a93 addi    s5,s5,1628
Info   s5 61d49000 -> 61d4965c
Info 'riscvOVPsim/cpu', 0x000000008000be58(.l_sbinvi_998_Start+14): 01560a63 beq     a2,s5,8000be6c
Info 'riscvOVPsim/cpu', 0x000000008000be6c(.l_sbexti_999_Start): 0e6926b7 lui     a3,0xe692
Info   a3 2095a3be -> 0e692000
Info 'riscvOVPsim/cpu', 0x000000008000be70(.l_sbexti_999_Start+4): c0c68693 addi    a3,a3,-1012
Info   a3 0e692000 -> 0e691c0c
Info 'riscvOVPsim/cpu', 0x000000008000be74(.l_sbexti_999_Start+8): 48f6d593 sbexti  a1,a3,15
Info   a1 0c77a34f -> 00000000
Info 'riscvOVPsim/cpu', 0x000000008000be78(.l_sbexti_999_Start+c): 00000193 mv      gp,zero
Info   gp 151b04ca -> 00000000
Info 'riscvOVPsim/cpu', 0x000000008000be7c(.l_sbexti_999_Start+10): 00358a63 beq     a1,gp,8000be90
Info 'riscvOVPsim/cpu', 0x000000008000be90(.l_grevi_1000_Start): 7fa377b7 lui     a5,0x7fa37
Info   a5 27f38ae1 -> 7fa37000
Info 'riscvOVPsim/cpu', 0x000000008000be94(.l_grevi_1000_Start+4): bed78793 addi    a5,a5,-1043
Info   a5 7fa37000 -> 7fa36bed
Info 'riscvOVPsim/cpu', 0x000000008000be98(.l_grevi_1000_Start+8): 6907db93 grevi   s7,a5,16
Info   s7 085fd362 -> 6bed7fa3
Info 'riscvOVPsim/cpu', 0x000000008000be9c(.l_grevi_1000_Start+c): 6bed85b7 lui     a1,0x6bed8
Info   a1 00000000 -> 6bed8000
Info 'riscvOVPsim/cpu', 0x000000008000bea0(.l_grevi_1000_Start+10): fa358593 addi    a1,a1,-93
Info   a1 6bed8000 -> 6bed7fa3
Info 'riscvOVPsim/cpu', 0x000000008000bea4(.l_grevi_1000_Start+14): 00bb8a63 beq     s7,a1,8000beb8
Info 'riscvOVPsim/cpu', 0x000000008000beb8(.l_cmix_1001_Start): 6a1dfe37 lui     t3,0x6a1df
Info   t3 c73c1d47 -> 6a1df000
Info 'riscvOVPsim/cpu', 0x000000008000bebc(.l_cmix_1001_Start+4): 9e6e0e13 addi    t3,t3,-1562
Info   t3 6a1df000 -> 6a1de9e6
Info 'riscvOVPsim/cpu', 0x000000008000bec0(.l_cmix_1001_Start+8): 3a2e51b7 lui     gp,0x3a2e5
Info   gp 00000000 -> 3a2e5000
Info 'riscvOVPsim/cpu', 0x000000008000bec4(.l_cmix_1001_Start+c): d1f18193 addi    gp,gp,-737
Info   gp 3a2e5000 -> 3a2e4d1f
Info 'riscvOVPsim/cpu', 0x000000008000bec8(.l_cmix_1001_Start+10): 6a1dfe37 lui     t3,0x6a1df
Info   t3 6a1de9e6 -> 6a1df000
Info 'riscvOVPsim/cpu', 0x000000008000becc(.l_cmix_1001_Start+14): 9e6e0e13 addi    t3,t3,-1562
Info   t3 6a1df000 -> 6a1de9e6
Info 'riscvOVPsim/cpu', 0x000000008000bed0(.l_cmix_1001_Start+18): e63e1b33 cmix    s6,t3,gp,t3
Info   s6 209da3be -> 6a1de9e6
Info 'riscvOVPsim/cpu', 0x000000008000bed4(.l_cmix_1001_Start+1c): 6a1df4b7 lui     s1,0x6a1df
Info   s1 151b04ca -> 6a1df000
Info 'riscvOVPsim/cpu', 0x000000008000bed8(.l_cmix_1001_Start+20): 9e648493 addi    s1,s1,-1562
Info   s1 6a1df000 -> 6a1de9e6
Info 'riscvOVPsim/cpu', 0x000000008000bedc(.l_cmix_1001_Start+24): 009b0a63 beq     s6,s1,8000bef0
Info 'riscvOVPsim/cpu', 0x000000008000bef0(.l_cmov_1002_Start): 20c750b7 lui     ra,0x20c75
Info   ra 24a2d1a0 -> 20c75000
Info 'riscvOVPsim/cpu', 0x000000008000bef4(.l_cmov_1002_Start+4): 05e08093 addi    ra,ra,94
Info   ra 20c75000 -> 20c7505e
Info 'riscvOVPsim/cpu', 0x000000008000bef8(.l_cmov_1002_Start+8): 229465b7 lui     a1,0x22946
Info   a1 6bed7fa3 -> 22946000
Info 'riscvOVPsim/cpu', 0x000000008000befc(.l_cmov_1002_Start+c): 21058593 addi    a1,a1,528
Info   a1 22946000 -> 22946210
Info 'riscvOVPsim/cpu', 0x000000008000bf00(.l_cmov_1002_Start+10): 79a2e237 lui     tp,0x79a2e
Info   tp 19b3c605 -> 79a2e000
Info 'riscvOVPsim/cpu', 0x000000008000bf04(.l_cmov_1002_Start+14): 60d20213 addi    tp,tp,1549
Info   tp 79a2e000 -> 79a2e60d
Info 'riscvOVPsim/cpu', 0x000000008000bf08(.l_cmov_1002_Start+18): 26b0d7b3 cmov    a5,ra,a1,tp
Info   a5 7fa36bed -> 20c7505e
Info 'riscvOVPsim/cpu', 0x000000008000bf0c(.l_cmov_1002_Start+1c): 20c75637 lui     a2,0x20c75
Info   a2 61d4965c -> 20c75000
Info 'riscvOVPsim/cpu', 0x000000008000bf10(.l_cmov_1002_Start+20): 05e60613 addi    a2,a2,94
Info   a2 20c75000 -> 20c7505e
Info 'riscvOVPsim/cpu', 0x000000008000bf14(.l_cmov_1002_Start+24): 00c78a63 beq     a5,a2,8000bf28
Info 'riscvOVPsim/cpu', 0x000000008000bf28(.l_fsl_1003_Start): 5949c5b7 lui     a1,0x5949c
Info   a1 22946210 -> 5949c000
Info 'riscvOVPsim/cpu', 0x000000008000bf2c(.l_fsl_1003_Start+4): 81458593 addi    a1,a1,-2028
Info   a1 5949c000 -> 5949b814
Info 'riscvOVPsim/cpu', 0x000000008000bf30(.l_fsl_1003_Start+8): 78cec4b7 lui     s1,0x78cec
Info   s1 6a1de9e6 -> 78cec000
Info 'riscvOVPsim/cpu', 0x000000008000bf34(.l_fsl_1003_Start+c): 26848493 addi    s1,s1,616
Info   s1 78cec000 -> 78cec268
Info 'riscvOVPsim/cpu', 0x000000008000bf38(.l_fsl_1003_Start+10): 59871db7 lui     s11,0x59871
Info   s11 71d4965c -> 59871000
Info 'riscvOVPsim/cpu', 0x000000008000bf3c(.l_fsl_1003_Start+14): ef7d8d93 addi    s11,s11,-265
Info   s11 59871000 -> 59870ef7
Info 'riscvOVPsim/cpu', 0x000000008000bf40(.l_fsl_1003_Start+18): dc959533 fsl     a0,a1,s1,s11
Info   a0 282dc26b -> 870ef759
Info 'riscvOVPsim/cpu', 0x000000008000bf44(.l_fsl_1003_Start+1c): 870ef937 lui     s2,0x870ef
Info   s2 09f0ee59 -> 870ef000
Info 'riscvOVPsim/cpu', 0x000000008000bf48(.l_fsl_1003_Start+20): 75990913 addi    s2,s2,1881
Info   s2 870ef000 -> 870ef759
Info 'riscvOVPsim/cpu', 0x000000008000bf4c(.l_fsl_1003_Start+24): 01250a63 beq     a0,s2,8000bf60
Info 'riscvOVPsim/cpu', 0x000000008000bf60(.l_fsr_1004_Start): 10225a37 lui     s4,0x10225
Info   s4 00000001 -> 10225000
Info 'riscvOVPsim/cpu', 0x000000008000bf64(.l_fsr_1004_Start+4): d0ba0a13 addi    s4,s4,-757
Info   s4 10225000 -> 10224d0b
Info 'riscvOVPsim/cpu', 0x000000008000bf68(.l_fsr_1004_Start+8): 486db7b7 lui     a5,0x486db
Info   a5 20c7505e -> 486db000
Info 'riscvOVPsim/cpu', 0x000000008000bf6c(.l_fsr_1004_Start+c): 3df78793 addi    a5,a5,991
Info   a5 486db000 -> 486db3df
Info 'riscvOVPsim/cpu', 0x000000008000bf70(.l_fsr_1004_Start+10): 72e2f937 lui     s2,0x72e2f
Info   s2 870ef759 -> 72e2f000
Info 'riscvOVPsim/cpu', 0x000000008000bf74(.l_fsr_1004_Start+14): a9b90913 addi    s2,s2,-1381
Info   s2 72e2f000 -> 72e2ea9b
Info 'riscvOVPsim/cpu', 0x000000008000bf78(.l_fsr_1004_Start+18): 94fa51b3 fsr     gp,s4,a5,s2
Info   gp 3a2e4d1f -> e5c5d536
Info 'riscvOVPsim/cpu', 0x000000008000bf7c(.l_fsr_1004_Start+1c): e5c5dab7 lui     s5,0xe5c5d
Info   s5 61d4965c -> e5c5d000
Info 'riscvOVPsim/cpu', 0x000000008000bf80(.l_fsr_1004_Start+20): 536a8a93 addi    s5,s5,1334
Info   s5 e5c5d000 -> e5c5d536
Info 'riscvOVPsim/cpu', 0x000000008000bf84(.l_fsr_1004_Start+24): 01518a63 beq     gp,s5,8000bf98
Info 'riscvOVPsim/cpu', 0x000000008000bf98(.l_fsri_1005_Start): 2e174137 lui     sp,0x2e174
Info   sp 5e8219a1 -> 2e174000
Info 'riscvOVPsim/cpu', 0x000000008000bf9c(.l_fsri_1005_Start+4): 87610113 addi    sp,sp,-1930
Info   sp 2e174000 -> 2e173876
Info 'riscvOVPsim/cpu', 0x000000008000bfa0(.l_fsri_1005_Start+8): 6c81fbb7 lui     s7,0x6c81f
Info   s7 6bed7fa3 -> 6c81f000
Info 'riscvOVPsim/cpu', 0x000000008000bfa4(.l_fsri_1005_Start+c): 5f0b8b93 addi    s7,s7,1520
Info   s7 6c81f000 -> 6c81f5f0
Info 'riscvOVPsim/cpu', 0x000000008000bfa8(.l_fsri_1005_Start+10): bcf15393 fsri    t2,sp,s7,15
Info   t2 031bfd0a -> ebe05c2e
Info 'riscvOVPsim/cpu', 0x000000008000bfac(.l_fsri_1005_Start+14): ebe062b7 lui     t0,0xebe06
Info   t0 76b4206e -> ebe06000
Info 'riscvOVPsim/cpu', 0x000000008000bfb0(.l_fsri_1005_Start+18): c2e28293 addi    t0,t0,-978
Info   t0 ebe06000 -> ebe05c2e
Info 'riscvOVPsim/cpu', 0x000000008000bfb4(.l_fsri_1005_Start+1c): 00538a63 beq     t2,t0,8000bfc8
Info 'riscvOVPsim/cpu', 0x000000008000bfc8(.l_clz_1006_Start): 7f991c37 lui     s8,0x7f991
Info   s8 65bb8c71 -> 7f991000
Info 'riscvOVPsim/cpu', 0x000000008000bfcc(.l_clz_1006_Start+4): 8fcc0c13 addi    s8,s8,-1796
Info   s8 7f991000 -> 7f9908fc
Info 'riscvOVPsim/cpu', 0x000000008000bfd0(.l_clz_1006_Start+8): 600c1c13 clz     s8,s8
Info   s8 7f9908fc -> 00000001
Info 'riscvOVPsim/cpu', 0x000000008000bfd4(.l_clz_1006_Start+c): 00100593 addi    a1,zero,1
Info   a1 5949b814 -> 00000001
Info 'riscvOVPsim/cpu', 0x000000008000bfd8(.l_clz_1006_Start+10): 00bc0a63 beq     s8,a1,8000bfec
Info 'riscvOVPsim/cpu', 0x000000008000bfec(.l_ctz_1007_Start): 4d71dcb7 lui     s9,0x4d71d
Info   s9 151b04ca -> 4d71d000
Info 'riscvOVPsim/cpu', 0x000000008000bff0(.l_ctz_1007_Start+4): 8b4c8c93 addi    s9,s9,-1868
Info   s9 4d71d000 -> 4d71c8b4
Info 'riscvOVPsim/cpu', 0x000000008000bff4(.l_ctz_1007_Start+8): 601c9393 ctz     t2,s9
Info   t2 ebe05c2e -> 00000002
Info 'riscvOVPsim/cpu', 0x000000008000bff8(.l_ctz_1007_Start+c): 00200793 addi    a5,zero,2
Info   a5 486db3df -> 00000002
Info 'riscvOVPsim/cpu', 0x000000008000bffc(.l_ctz_1007_Start+10): 00f38a63 beq     t2,a5,8000c010
Info 'riscvOVPsim/cpu', 0x000000008000c010(.l_pcnt_1008_Start): 57934bb7 lui     s7,0x57934
Info   s7 6c81f5f0 -> 57934000
Info 'riscvOVPsim/cpu', 0x000000008000c014(.l_pcnt_1008_Start+4): 41eb8b93 addi    s7,s7,1054
Info   s7 57934000 -> 5793441e
Info 'riscvOVPsim/cpu', 0x000000008000c018(.l_pcnt_1008_Start+8): 602b9193 pcnt    gp,s7
Info   gp e5c5d536 -> 0000000f
Info 'riscvOVPsim/cpu', 0x000000008000c01c(.l_pcnt_1008_Start+c): 00f00f13 addi    t5,zero,15
Info   t5 8862cd21 -> 0000000f
Info 'riscvOVPsim/cpu', 0x000000008000c020(.l_pcnt_1008_Start+10): 01e18a63 beq     gp,t5,8000c034
Info 'riscvOVPsim/cpu', 0x000000008000c034(.l_crc32_b_1009_Start): 4673f937 lui     s2,0x4673f
Info   s2 72e2ea9b -> 4673f000
Info 'riscvOVPsim/cpu', 0x000000008000c038(.l_crc32_b_1009_Start+4): b7790913 addi    s2,s2,-1161
Info   s2 4673f000 -> 4673eb77
Info 'riscvOVPsim/cpu', 0x000000008000c03c(.l_crc32_b_1009_Start+8): 61091f93 crc32.b t6,s2
Info   t6 0c77a34f -> ce279774
Info 'riscvOVPsim/cpu', 0x000000008000c040(.l_crc32_b_1009_Start+c): ce279837 lui     a6,0xce279
Info   a6 2ed81f4d -> ce279000
Info 'riscvOVPsim/cpu', 0x000000008000c044(.l_crc32_b_1009_Start+10): 77480813 addi    a6,a6,1908
Info   a6 ce279000 -> ce279774
Info 'riscvOVPsim/cpu', 0x000000008000c048(.l_crc32_b_1009_Start+14): 010f8a63 beq     t6,a6,8000c05c
Info 'riscvOVPsim/cpu', 0x000000008000c05c(.l_crc32_h_1010_Start): 7dc5fdb7 lui     s11,0x7dc5f
Info   s11 59870ef7 -> 7dc5f000
Info 'riscvOVPsim/cpu', 0x000000008000c060(.l_crc32_h_1010_Start+4): 9c7d8d93 addi    s11,s11,-1593
Info   s11 7dc5f000 -> 7dc5e9c7
Info 'riscvOVPsim/cpu', 0x000000008000c064(.l_crc32_h_1010_Start+8): 611d9a93 crc32.h s5,s11
Info   s5 e5c5d536 -> 5d6d6690
Info 'riscvOVPsim/cpu', 0x000000008000c068(.l_crc32_h_1010_Start+c): 5d6d67b7 lui     a5,0x5d6d6
Info   a5 00000002 -> 5d6d6000
Info 'riscvOVPsim/cpu', 0x000000008000c06c(.l_crc32_h_1010_Start+10): 69078793 addi    a5,a5,1680
Info   a5 5d6d6000 -> 5d6d6690
Info 'riscvOVPsim/cpu', 0x000000008000c070(.l_crc32_h_1010_Start+14): 00fa8a63 beq     s5,a5,8000c084
Info 'riscvOVPsim/cpu', 0x000000008000c084(.l_crc32_w_1011_Start): 7ab058b7 lui     a7,0x7ab05
Info   a7 00000001 -> 7ab05000
Info 'riscvOVPsim/cpu', 0x000000008000c088(.l_crc32_w_1011_Start+4): 11b88893 addi    a7,a7,283
Info   a7 7ab05000 -> 7ab0511b
Info 'riscvOVPsim/cpu', 0x000000008000c08c(.l_crc32_w_1011_Start+8): 61289013 crc32.w zero,a7
Info 'riscvOVPsim/cpu', 0x000000008000c090(.l_crc32_w_1011_Start+c): 00000513 mv      a0,zero
Info   a0 870ef759 -> 00000000
Info 'riscvOVPsim/cpu', 0x000000008000c094(.l_crc32_w_1011_Start+10): 00a00a63 beq     zero,a0,8000c0a8
Info 'riscvOVPsim/cpu', 0x000000008000c0a8(.l_crc32c_b_1012_Start): 3398a4b7 lui     s1,0x3398a
Info   s1 78cec268 -> 3398a000
Info 'riscvOVPsim/cpu', 0x000000008000c0ac(.l_crc32c_b_1012_Start+4): f6848493 addi    s1,s1,-152
Info   s1 3398a000 -> 33989f68
Info 'riscvOVPsim/cpu', 0x000000008000c0b0(.l_crc32c_b_1012_Start+8): 61849c93 crc32c.b s9,s1
Info   s9 4d71c8b4 -> eb2c5332
Info 'riscvOVPsim/cpu', 0x000000008000c0b4(.l_crc32c_b_1012_Start+c): eb2c5d37 lui     s10,0xeb2c5
Info   s10 00000000 -> eb2c5000
Info 'riscvOVPsim/cpu', 0x000000008000c0b8(.l_crc32c_b_1012_Start+10): 332d0d13 addi    s10,s10,818
Info   s10 eb2c5000 -> eb2c5332
Info 'riscvOVPsim/cpu', 0x000000008000c0bc(.l_crc32c_b_1012_Start+14): 01ac8a63 beq     s9,s10,8000c0d0
Info 'riscvOVPsim/cpu', 0x000000008000c0d0(.l_crc32c_h_1013_Start): 4fdf9437 lui     s0,0x4fdf9
Info   s0 01533704 -> 4fdf9000
Info 'riscvOVPsim/cpu', 0x000000008000c0d4(.l_crc32c_h_1013_Start+4): 02a40413 addi    s0,s0,42
Info   s0 4fdf9000 -> 4fdf902a
Info 'riscvOVPsim/cpu', 0x000000008000c0d8(.l_crc32c_h_1013_Start+8): 61941913 crc32c.h s2,s0
Info   s2 4673eb77 -> 5772a39c
Info 'riscvOVPsim/cpu', 0x000000008000c0dc(.l_crc32c_h_1013_Start+c): 5772a8b7 lui     a7,0x5772a
Info   a7 7ab0511b -> 5772a000
Info 'riscvOVPsim/cpu', 0x000000008000c0e0(.l_crc32c_h_1013_Start+10): 39c88893 addi    a7,a7,924
Info   a7 5772a000 -> 5772a39c
Info 'riscvOVPsim/cpu', 0x000000008000c0e4(.l_crc32c_h_1013_Start+14): 01190a63 beq     s2,a7,8000c0f8
Info 'riscvOVPsim/cpu', 0x000000008000c0f8(.l_crc32c_w_1014_Start): 6b40fa37 lui     s4,0x6b40f
Info   s4 10224d0b -> 6b40f000
Info 'riscvOVPsim/cpu', 0x000000008000c0fc(.l_crc32c_w_1014_Start+4): 7e7a0a13 addi    s4,s4,2023
Info   s4 6b40f000 -> 6b40f7e7
Info 'riscvOVPsim/cpu', 0x000000008000c100(.l_crc32c_w_1014_Start+8): 61aa1013 crc32c.w zero,s4
Info 'riscvOVPsim/cpu', 0x000000008000c104(.l_crc32c_w_1014_Start+c): 00000413 mv      s0,zero
Info   s0 4fdf902a -> 00000000
Info 'riscvOVPsim/cpu', 0x000000008000c108(.l_crc32c_w_1014_Start+10): 00800a63 beq     zero,s0,8000c11c
Info 'riscvOVPsim/cpu', 0x000000008000c11c(.l_clmul_1015_Start): 089d1937 lui     s2,0x89d1
Info   s2 5772a39c -> 089d1000
Info 'riscvOVPsim/cpu', 0x000000008000c120(.l_clmul_1015_Start+4): 27a90913 addi    s2,s2,634
Info   s2 089d1000 -> 089d127a
Info 'riscvOVPsim/cpu', 0x000000008000c124(.l_clmul_1015_Start+8): 6b9f9e37 lui     t3,0x6b9f9
Info   t3 6a1de9e6 -> 6b9f9000
Info 'riscvOVPsim/cpu', 0x000000008000c128(.l_clmul_1015_Start+c): 670e0e13 addi    t3,t3,1648
Info   t3 6b9f9000 -> 6b9f9670
Info 'riscvOVPsim/cpu', 0x000000008000c12c(.l_clmul_1015_Start+10): bc91733 clmul   a4,s2,t3
Info   a4 50892130 -> c3564a60
Info 'riscvOVPsim/cpu', 0x000000008000c130(.l_clmul_1015_Start+14): c3565eb7 lui     t4,0xc3565
Info   t4 4dfb8bcf -> c3565000
Info 'riscvOVPsim/cpu', 0x000000008000c134(.l_clmul_1015_Start+18): a60e8e93 addi    t4,t4,-1440
Info   t4 c3565000 -> c3564a60
Info 'riscvOVPsim/cpu', 0x000000008000c138(.l_clmul_1015_Start+1c): 01d70a63 beq     a4,t4,8000c14c
Info 'riscvOVPsim/cpu', 0x000000008000c14c(.l_clmulr_1016_Start): 66ccc637 lui     a2,0x66ccc
Info   a2 20c7505e -> 66ccc000
Info 'riscvOVPsim/cpu', 0x000000008000c150(.l_clmulr_1016_Start+4): e4260613 addi    a2,a2,-446
Info   a2 66ccc000 -> 66ccbe42
Info 'riscvOVPsim/cpu', 0x000000008000c154(.l_clmulr_1016_Start+8): 139b8b37 lui     s6,0x139b8
Info   s6 6a1de9e6 -> 139b8000
Info 'riscvOVPsim/cpu', 0x000000008000c158(.l_clmulr_1016_Start+c): 1f1b0b13 addi    s6,s6,497
Info   s6 139b8000 -> 139b81f1
Info 'riscvOVPsim/cpu', 0x000000008000c15c(.l_clmulr_1016_Start+10): bc91733 clmul   a4,s2,t3
Info   s1 33989f68 -> 0de27545
Info 'riscvOVPsim/cpu', 0x000000008000c160(.l_clmulr_1016_Start+14): 0de27c37 lui     s8,0xde27
Info   s8 00000001 -> 0de27000
Info 'riscvOVPsim/cpu', 0x000000008000c164(.l_clmulr_1016_Start+18): 545c0c13 addi    s8,s8,1349
Info   s8 0de27000 -> 0de27545
Info 'riscvOVPsim/cpu', 0x000000008000c168(.l_clmulr_1016_Start+1c): 01848a63 beq     s1,s8,8000c17c
Info 'riscvOVPsim/cpu', 0x000000008000c17c(.l_clmulh_1017_Start): 2ac644b7 lui     s1,0x2ac64
Info   s1 0de27545 -> 2ac64000
Info 'riscvOVPsim/cpu', 0x000000008000c180(.l_clmulh_1017_Start+4): 5b048493 addi    s1,s1,1456
Info   s1 2ac64000 -> 2ac645b0
Info 'riscvOVPsim/cpu', 0x000000008000c184(.l_clmulh_1017_Start+8): 161948b7 lui     a7,0x16194
Info   a7 5772a39c -> 16194000
Info 'riscvOVPsim/cpu', 0x000000008000c188(.l_clmulh_1017_Start+c): 98c88893 addi    a7,a7,-1652
Info   a7 16194000 -> 1619398c
Info 'riscvOVPsim/cpu', 0x000000008000c18c(.l_clmulh_1017_Start+10): b14b333 clmulh  t1,s1,a7
Info   t1 c73c1d47 -> 025127ca
Info 'riscvOVPsim/cpu', 0x000000008000c190(.l_clmulh_1017_Start+14): 025123b7 lui     t2,0x2512
Info   t2 00000002 -> 02512000
Info 'riscvOVPsim/cpu', 0x000000008000c194(.l_clmulh_1017_Start+18): 7ca38393 addi    t2,t2,1994
Info   t2 02512000 -> 025127ca
Info 'riscvOVPsim/cpu', 0x000000008000c198(.l_clmulh_1017_Start+1c): 00730a63 beq     t1,t2,8000c1ac
Info 'riscvOVPsim/cpu', 0x000000008000c1ac(.l_min_1018_Start): 5f33dcb7 lui     s9,0x5f33d
Info   s9 eb2c5332 -> 5f33d000
Info 'riscvOVPsim/cpu', 0x000000008000c1b0(.l_min_1018_Start+4): 8ebc8c93 addi    s9,s9,-1813
Info   s9 5f33d000 -> 5f33c8eb
Info 'riscvOVPsim/cpu', 0x000000008000c1b4(.l_min_1018_Start+8): 2162ff37 lui     t5,0x2162f
Info   t5 0000000f -> 2162f000
Info 'riscvOVPsim/cpu', 0x000000008000c1b8(.l_min_1018_Start+c): ae7f0f13 addi    t5,t5,-1305
Info   t5 2162f000 -> 2162eae7
Info 'riscvOVPsim/cpu', 0x000000008000c1bc(.l_min_1018_Start+10): becc833 min     a6,s9,t5
Info   a6 ce279774 -> 2162eae7
Info 'riscvOVPsim/cpu', 0x000000008000c1c0(.l_min_1018_Start+14): 2162f7b7 lui     a5,0x2162f
Info   a5 5d6d6690 -> 2162f000
Info 'riscvOVPsim/cpu', 0x000000008000c1c4(.l_min_1018_Start+18): ae778793 addi    a5,a5,-1305
Info   a5 2162f000 -> 2162eae7
Info 'riscvOVPsim/cpu', 0x000000008000c1c8(.l_min_1018_Start+1c): 00f80a63 beq     a6,a5,8000c1dc
Info 'riscvOVPsim/cpu', 0x000000008000c1dc(.l_max_1019_Start): 7e8bfab7 lui     s5,0x7e8bf
Info   s5 5d6d6690 -> 7e8bf000
Info 'riscvOVPsim/cpu', 0x000000008000c1e0(.l_max_1019_Start+4): 23ba8a93 addi    s5,s5,571
Info   s5 7e8bf000 -> 7e8bf23b
Info 'riscvOVPsim/cpu', 0x000000008000c1e4(.l_max_1019_Start+8): 241603b7 lui     t2,0x24160
Info   t2 025127ca -> 24160000
Info 'riscvOVPsim/cpu', 0x000000008000c1e8(.l_max_1019_Start+c): 80f38393 addi    t2,t2,-2033
Info   t2 24160000 -> 2415f80f
Info 'riscvOVPsim/cpu', 0x000000008000c1ec(.l_max_1019_Start+10): a7ad933 max     s2,s5,t2
Info   s2 089d127a -> 7e8bf23b
Info 'riscvOVPsim/cpu', 0x000000008000c1f0(.l_max_1019_Start+14): 7e8bfb37 lui     s6,0x7e8bf
Info   s6 139b81f1 -> 7e8bf000
Info 'riscvOVPsim/cpu', 0x000000008000c1f4(.l_max_1019_Start+18): 23bb0b13 addi    s6,s6,571
Info   s6 7e8bf000 -> 7e8bf23b
Info 'riscvOVPsim/cpu', 0x000000008000c1f8(.l_max_1019_Start+1c): 01690a63 beq     s2,s6,8000c20c
Info 'riscvOVPsim/cpu', 0x000000008000c20c(.l_minu_1020_Start): 707ad6b7 lui     a3,0x707ad
Info   a3 0e691c0c -> 707ad000
Info 'riscvOVPsim/cpu', 0x000000008000c210(.l_minu_1020_Start+4): 33668693 addi    a3,a3,822
Info   a3 707ad000 -> 707ad336
Info 'riscvOVPsim/cpu', 0x000000008000c214(.l_minu_1020_Start+8): 6565d5b7 lui     a1,0x6565d
Info   a1 00000001 -> 6565d000
Info 'riscvOVPsim/cpu', 0x000000008000c218(.l_minu_1020_Start+c): b2558593 addi    a1,a1,-1243
Info   a1 6565d000 -> 6565cb25
Info 'riscvOVPsim/cpu', 0x000000008000c21c(.l_minu_1020_Start+10): ab6ea33 minu    s4,a3,a1
Info   s4 6b40f7e7 -> 6565cb25
Info 'riscvOVPsim/cpu', 0x000000008000c220(.l_minu_1020_Start+14): 6565db37 lui     s6,0x6565d
Info   s6 7e8bf23b -> 6565d000
Info 'riscvOVPsim/cpu', 0x000000008000c224(.l_minu_1020_Start+18): b25b0b13 addi    s6,s6,-1243
Info   s6 6565d000 -> 6565cb25
Info 'riscvOVPsim/cpu', 0x000000008000c228(.l_minu_1020_Start+1c): 016a0a63 beq     s4,s6,8000c23c
Info 'riscvOVPsim/cpu', 0x000000008000c23c(.l_maxu_1021_Start): 115a3fb7 lui     t6,0x115a3
Info   t6 ce279774 -> 115a3000
Info 'riscvOVPsim/cpu', 0x000000008000c240(.l_maxu_1021_Start+4): 13ff8f93 addi    t6,t6,319
Info   t6 115a3000 -> 115a313f
Info 'riscvOVPsim/cpu', 0x000000008000c244(.l_maxu_1021_Start+8): 7e03a8b7 lui     a7,0x7e03a
Info   a7 1619398c -> 7e03a000
Info 'riscvOVPsim/cpu', 0x000000008000c248(.l_maxu_1021_Start+c): 5d388893 addi    a7,a7,1491
Info   a7 7e03a000 -> 7e03a5d3
Info 'riscvOVPsim/cpu', 0x000000008000c24c(.l_maxu_1021_Start+10): b1ffb33 maxu    s6,t6,a7
Info   s6 6565cb25 -> 7e03a5d3
Info 'riscvOVPsim/cpu', 0x000000008000c250(.l_maxu_1021_Start+14): 7e03aab7 lui     s5,0x7e03a
Info   s5 7e8bf23b -> 7e03a000
Info 'riscvOVPsim/cpu', 0x000000008000c254(.l_maxu_1021_Start+18): 5d3a8a93 addi    s5,s5,1491
Info   s5 7e03a000 -> 7e03a5d3
Info 'riscvOVPsim/cpu', 0x000000008000c258(.l_maxu_1021_Start+1c): 015b0a63 beq     s6,s5,8000c26c
Info 'riscvOVPsim/cpu', 0x000000008000c26c(.l_shfl_1022_Start): 652e62b7 lui     t0,0x652e6
Info   t0 ebe05c2e -> 652e6000
Info 'riscvOVPsim/cpu', 0x000000008000c270(.l_shfl_1022_Start+4): 33d28293 addi    t0,t0,829
Info   t0 652e6000 -> 652e633d
Info 'riscvOVPsim/cpu', 0x000000008000c274(.l_shfl_1022_Start+8): 0d5c9eb7 lui     t4,0xd5c9
Info   t4 c3564a60 -> 0d5c9000
Info 'riscvOVPsim/cpu', 0x000000008000c278(.l_shfl_1022_Start+c): 38de8e93 addi    t4,t4,909
Info   t4 0d5c9000 -> 0d5c938d
Info 'riscvOVPsim/cpu', 0x000000008000c27c(.l_shfl_1022_Start+10): 9d29f33 shfl    t5,t0,t4
Info   t5 2162eae7 -> 663545eb
Info 'riscvOVPsim/cpu', 0x000000008000c280(.l_shfl_1022_Start+14): 66354bb7 lui     s7,0x66354
Info   s7 5793441e -> 66354000
Info 'riscvOVPsim/cpu', 0x000000008000c284(.l_shfl_1022_Start+18): 5ebb8b93 addi    s7,s7,1515
Info   s7 66354000 -> 663545eb
Info 'riscvOVPsim/cpu', 0x000000008000c288(.l_shfl_1022_Start+1c): 017f0a63 beq     t5,s7,8000c29c
Info 'riscvOVPsim/cpu', 0x000000008000c29c(.l_unshfl_1023_Start): 2b2b16b7 lui     a3,0x2b2b1
Info   a3 707ad336 -> 2b2b1000
Info 'riscvOVPsim/cpu', 0x000000008000c2a0(.l_unshfl_1023_Start+4): e4668693 addi    a3,a3,-442
Info   a3 2b2b1000 -> 2b2b0e46
Info 'riscvOVPsim/cpu', 0x000000008000c2a4(.l_unshfl_1023_Start+8): 722d1337 lui     t1,0x722d1
Info   t1 025127ca -> 722d1000
Info 'riscvOVPsim/cpu', 0x000000008000c2a8(.l_unshfl_1023_Start+c): 9d130313 addi    t1,t1,-1583
Info   t1 722d1000 -> 722d09d1
Info 'riscvOVPsim/cpu', 0x000000008000c2ac(.l_unshfl_1023_Start+10): 866de33 unshfl  t3,a3,t1
Info   t3 6b9f9670 -> 4d4d0e26
Info 'riscvOVPsim/cpu', 0x000000008000c2b0(.l_unshfl_1023_Start+14): 4d4d1d37 lui     s10,0x4d4d1
Info   s10 eb2c5332 -> 4d4d1000
Info 'riscvOVPsim/cpu', 0x000000008000c2b4(.l_unshfl_1023_Start+18): e26d0d13 addi    s10,s10,-474
Info   s10 4d4d1000 -> 4d4d0e26
Info 'riscvOVPsim/cpu', 0x000000008000c2b8(.l_unshfl_1023_Start+1c): 01ae0a63 beq     t3,s10,8000c2cc
Info 'riscvOVPsim/cpu', 0x000000008000c2cc(.l_bdep_1024_Start): 5cbd7c37 lui     s8,0x5cbd7
Info   s8 0de27545 -> 5cbd7000
Info 'riscvOVPsim/cpu', 0x000000008000c2d0(.l_bdep_1024_Start+4): bbfc0c13 addi    s8,s8,-1089
Info   s8 5cbd7000 -> 5cbd6bbf
Info 'riscvOVPsim/cpu', 0x000000008000c2d4(.l_bdep_1024_Start+8): 1fcc5337 lui     t1,0x1fcc5
Info   t1 722d09d1 -> 1fcc5000
Info 'riscvOVPsim/cpu', 0x000000008000c2d8(.l_bdep_1024_Start+c): 52130313 addi    t1,t1,1313
Info   t1 1fcc5000 -> 1fcc5521
Info 'riscvOVPsim/cpu', 0x000000008000c2dc(.l_bdep_1024_Start+10): 86c20b3 bdep    ra,s8,t1
Info   ra 20c7505e -> 1ac85521
Info 'riscvOVPsim/cpu', 0x000000008000c2e0(.l_bdep_1024_Start+14): 1ac85f37 lui     t5,0x1ac85
Info   t5 663545eb -> 1ac85000
Info 'riscvOVPsim/cpu', 0x000000008000c2e4(.l_bdep_1024_Start+18): 521f0f13 addi    t5,t5,1313
Info   t5 1ac85000 -> 1ac85521
Info 'riscvOVPsim/cpu', 0x000000008000c2e8(.l_bdep_1024_Start+1c): 01e08a63 beq     ra,t5,8000c2fc
Info 'riscvOVPsim/cpu', 0x000000008000c2fc(.l_bext_1025_Start): 7a9d29b7 lui     s3,0x7a9d2
Info   s3 58e783a8 -> 7a9d2000
Info 'riscvOVPsim/cpu', 0x000000008000c300(.l_bext_1025_Start+4): b3998993 addi    s3,s3,-1223
Info   s3 7a9d2000 -> 7a9d1b39
Info 'riscvOVPsim/cpu', 0x000000008000c304(.l_bext_1025_Start+8): 00792737 lui     a4,0x792
Info   a4 c3564a60 -> 00792000
Info 'riscvOVPsim/cpu', 0x000000008000c308(.l_bext_1025_Start+c): ec470713 addi    a4,a4,-316
Info   a4 00792000 -> 00791ec4
Info 'riscvOVPsim/cpu', 0x000000008000c30c(.l_bext_1025_Start+10): 8e9ec33 bext    s8,s3,a4
Info   s8 5cbd6bbf -> 000003e8
Info 'riscvOVPsim/cpu', 0x000000008000c310(.l_bext_1025_Start+14): 3e800b13 addi    s6,zero,1000
Info   s6 7e03a5d3 -> 000003e8
Info 'riscvOVPsim/cpu', 0x000000008000c314(.l_bext_1025_Start+18): 016c0a63 beq     s8,s6,8000c328
Info 'riscvOVPsim/cpu', 0x000000008000c328(.l_pack_1026_Start): 3fc9e7b7 lui     a5,0x3fc9e
Info   a5 2162eae7 -> 3fc9e000
Info 'riscvOVPsim/cpu', 0x000000008000c32c(.l_pack_1026_Start+4): 6dc78793 addi    a5,a5,1756
Info   a5 3fc9e000 -> 3fc9e6dc
Info 'riscvOVPsim/cpu', 0x000000008000c330(.l_pack_1026_Start+8): 6f83e237 lui     tp,0x6f83e
Info   tp 79a2e60d -> 6f83e000
Info 'riscvOVPsim/cpu', 0x000000008000c334(.l_pack_1026_Start+c): c8320213 addi    tp,tp,-893
Info   tp 6f83e000 -> 6f83dc83
Info 'riscvOVPsim/cpu', 0x000000008000c338(.l_pack_1026_Start+10): 0847c433 undef
Info   s0 00000000 -> dc83e6dc
Info 'riscvOVPsim/cpu', 0x000000008000c33c(.l_pack_1026_Start+14): dc83e837 lui     a6,0xdc83e
Info   a6 2162eae7 -> dc83e000
Info 'riscvOVPsim/cpu', 0x000000008000c340(.l_pack_1026_Start+18): 6dc80813 addi    a6,a6,1756
Info   a6 dc83e000 -> dc83e6dc
Info 'riscvOVPsim/cpu', 0x000000008000c344(.l_pack_1026_Start+1c): 01040a63 beq     s0,a6,8000c358
Info 'riscvOVPsim/cpu', 0x000000008000c358(.l_bfp_1027_Start): 0dd5ad37 lui     s10,0xdd5a
Info   s10 4d4d0e26 -> 0dd5a000
Info 'riscvOVPsim/cpu', 0x000000008000c35c(.l_bfp_1027_Start+4): ee6d0d13 addi    s10,s10,-282
Info   s10 0dd5a000 -> 0dd59ee6
Info 'riscvOVPsim/cpu', 0x000000008000c360(.l_bfp_1027_Start+8): 501124b7 lui     s1,0x50112
Info   s1 2ac645b0 -> 50112000
Info 'riscvOVPsim/cpu', 0x000000008000c364(.l_bfp_1027_Start+c): 3f748493 addi    s1,s1,1015
Info   s1 50112000 -> 501123f7
Info 'riscvOVPsim/cpu', 0x000000008000c368(.l_bfp_1027_Start+10): 89d76b3 bfp     a3,s10,s1
Info   a3 2b2b0e46 -> 47ef9ee6
Info 'riscvOVPsim/cpu', 0x000000008000c36c(.l_bfp_1027_Start+14): 47efa1b7 lui     gp,0x47efa
Info   gp 0000000f -> 47efa000
Info 'riscvOVPsim/cpu', 0x000000008000c370(.l_bfp_1027_Start+18): ee618193 addi    gp,gp,-282
Info   gp 47efa000 -> 47ef9ee6
Info 'riscvOVPsim/cpu', 0x000000008000c374(.l_bfp_1027_Start+1c): 00368a63 beq     a3,gp,8000c388
Info 'riscvOVPsim/cpu', 0x000000008000c388(.l_shfli_1028_Start): 676119b7 lui     s3,0x67611
Info   s3 7a9d1b39 -> 67611000
Info 'riscvOVPsim/cpu', 0x000000008000c38c(.l_shfli_1028_Start+4): 63a98993 addi    s3,s3,1594
Info   s3 67611000 -> 6761163a
Info 'riscvOVPsim/cpu', 0x000000008000c390(.l_shfli_1028_Start+8): 9d99293 shfli   t0,s3,29
Info   t0 652e633d -> 6176651c
Info 'riscvOVPsim/cpu', 0x000000008000c394(.l_shfli_1028_Start+c): 61766cb7 lui     s9,0x61766
Info   s9 5f33c8eb -> 61766000
Info 'riscvOVPsim/cpu', 0x000000008000c398(.l_shfli_1028_Start+10): 51cc8c93 addi    s9,s9,1308
Info   s9 61766000 -> 6176651c
Info 'riscvOVPsim/cpu', 0x000000008000c39c(.l_shfli_1028_Start+14): 01928a63 beq     t0,s9,8000c3b0
Info 'riscvOVPsim/cpu', 0x000000008000c3b0(.l_unshfli_1029_Start): 241dd0b7 lui     ra,0x241dd
Info   ra 1ac85521 -> 241dd000
Info 'riscvOVPsim/cpu', 0x000000008000c3b4(.l_unshfli_1029_Start+4): 4aa08093 addi    ra,ra,1194
Info   ra 241dd000 -> 241dd4aa
Info 'riscvOVPsim/cpu', 0x000000008000c3b8(.l_unshfli_1029_Start+8): 920d713 unshfli a4,ra,18
Info   a4 00791ec4 -> 1835d4aa
Info 'riscvOVPsim/cpu', 0x000000008000c3bc(.l_unshfli_1029_Start+c): 1835d537 lui     a0,0x1835d
Info   a0 00000000 -> 1835d000
Info 'riscvOVPsim/cpu', 0x000000008000c3c0(.l_unshfli_1029_Start+10): 4aa50513 addi    a0,a0,1194
Info   a0 1835d000 -> 1835d4aa
Info 'riscvOVPsim/cpu', 0x000000008000c3c4(.l_unshfli_1029_Start+14): 00a70a63 beq     a4,a0,8000c3d8
Info 'riscvOVPsim/cpu', 0x000000008000c3d8(.l_andn_1030_Start): 26427ab7 lui     s5,0x26427
Info   s5 7e03a5d3 -> 26427000
Info 'riscvOVPsim/cpu', 0x000000008000c3dc(.l_andn_1030_Start+4): 243a8a93 addi    s5,s5,579
Info   s5 26427000 -> 26427243
Info 'riscvOVPsim/cpu', 0x000000008000c3e0(.l_andn_1030_Start+8): 1250f137 lui     sp,0x1250f
Info   sp 2e173876 -> 1250f000
Info 'riscvOVPsim/cpu', 0x000000008000c3e4(.l_andn_1030_Start+c): 00510113 addi    sp,sp,5
Info   sp 1250f000 -> 1250f005
Info 'riscvOVPsim/cpu', 0x000000008000c3e8(.l_andn_1030_Start+10): 402af8b3 andn    a7,s5,sp
Info   a7 7e03a5d3 -> 24020242
Info 'riscvOVPsim/cpu', 0x000000008000c3ec(.l_andn_1030_Start+14): 24020537 lui     a0,0x24020
Info   a0 1835d4aa -> 24020000
Info 'riscvOVPsim/cpu', 0x000000008000c3f0(.l_andn_1030_Start+18): 24250513 addi    a0,a0,578
Info   a0 24020000 -> 24020242
Info 'riscvOVPsim/cpu', 0x000000008000c3f4(.l_andn_1030_Start+1c): 00a88a63 beq     a7,a0,8000c408
Info 'riscvOVPsim/cpu', 0x000000008000c408(.l_orn_1031_Start): 04e543b7 lui     t2,0x4e54
Info   t2 2415f80f -> 04e54000
Info 'riscvOVPsim/cpu', 0x000000008000c40c(.l_orn_1031_Start+4): c4b38393 addi    t2,t2,-949
Info   t2 04e54000 -> 04e53c4b
Info 'riscvOVPsim/cpu', 0x000000008000c410(.l_orn_1031_Start+8): 3f4f46b7 lui     a3,0x3f4f4
Info   a3 47ef9ee6 -> 3f4f4000
Info 'riscvOVPsim/cpu', 0x000000008000c414(.l_orn_1031_Start+c): 1e768693 addi    a3,a3,487
Info   a3 3f4f4000 -> 3f4f41e7
Info 'riscvOVPsim/cpu', 0x000000008000c418(.l_orn_1031_Start+10): 40d3ef33 orn     t5,t2,a3
Info   t5 1ac85521 -> c4f5be5b
Info 'riscvOVPsim/cpu', 0x000000008000c41c(.l_orn_1031_Start+14): c4f5c737 lui     a4,0xc4f5c
Info   a4 1835d4aa -> c4f5c000
Info 'riscvOVPsim/cpu', 0x000000008000c420(.l_orn_1031_Start+18): e5b70713 addi    a4,a4,-421
Info   a4 c4f5c000 -> c4f5be5b
Info 'riscvOVPsim/cpu', 0x000000008000c424(.l_orn_1031_Start+1c): 00ef0a63 beq     t5,a4,8000c438
Info 'riscvOVPsim/cpu', 0x000000008000c438(.l_xnor_1032_Start): 1d1057b7 lui     a5,0x1d105
Info   a5 3fc9e6dc -> 1d105000
Info 'riscvOVPsim/cpu', 0x000000008000c43c(.l_xnor_1032_Start+4): 47878793 addi    a5,a5,1144
Info   a5 1d105000 -> 1d105478
Info 'riscvOVPsim/cpu', 0x000000008000c440(.l_xnor_1032_Start+8): 62221a37 lui     s4,0x62221
Info   s4 6565cb25 -> 62221000
Info 'riscvOVPsim/cpu', 0x000000008000c444(.l_xnor_1032_Start+c): 4dea0a13 addi    s4,s4,1246
Info   s4 62221000 -> 622214de
Info 'riscvOVPsim/cpu', 0x000000008000c448(.l_xnor_1032_Start+10): 4147c533 xnor    a0,a5,s4
Info   a0 24020242 -> 80cdbf59
Info 'riscvOVPsim/cpu', 0x000000008000c44c(.l_xnor_1032_Start+14): 80cdcbb7 lui     s7,0x80cdc
Info   s7 663545eb -> 80cdc000
Info 'riscvOVPsim/cpu', 0x000000008000c450(.l_xnor_1032_Start+18): f59b8b93 addi    s7,s7,-167
Info   s7 80cdc000 -> 80cdbf59
Info 'riscvOVPsim/cpu', 0x000000008000c454(.l_xnor_1032_Start+1c): 01750a63 beq     a0,s7,8000c468
Info 'riscvOVPsim/cpu', 0x000000008000c468(.l_slo_1033_Start): 671c0f37 lui     t5,0x671c0
Info   t5 c4f5be5b -> 671c0000
Info 'riscvOVPsim/cpu', 0x000000008000c46c(.l_slo_1033_Start+4): b51f0f13 addi    t5,t5,-1199
Info   t5 671c0000 -> 671bfb51
Info 'riscvOVPsim/cpu', 0x000000008000c470(.l_slo_1033_Start+8): 153daab7 lui     s5,0x153da
Info   s5 26427243 -> 153da000
Info 'riscvOVPsim/cpu', 0x000000008000c474(.l_slo_1033_Start+c): db2a8a93 addi    s5,s5,-590
Info   s5 153da000 -> 153d9db2
Info 'riscvOVPsim/cpu', 0x000000008000c478(.l_slo_1033_Start+10): 215f16b3 slo     a3,t5,s5
Info   a3 3f4f41e7 -> ed47ffff
Info 'riscvOVPsim/cpu', 0x000000008000c47c(.l_slo_1033_Start+14): ed480c37 lui     s8,0xed480
Info   s8 000003e8 -> ed480000
Info 'riscvOVPsim/cpu', 0x000000008000c480(.l_slo_1033_Start+18): fffc0c13 addi    s8,s8,-1
Info   s8 ed480000 -> ed47ffff
Info 'riscvOVPsim/cpu', 0x000000008000c484(.l_slo_1033_Start+1c): 01868a63 beq     a3,s8,8000c498
Info 'riscvOVPsim/cpu', 0x000000008000c498(.l_sro_1034_Start): 7dee75b7 lui     a1,0x7dee7
Info   a1 6565cb25 -> 7dee7000
Info 'riscvOVPsim/cpu', 0x000000008000c49c(.l_sro_1034_Start+4): 09e58593 addi    a1,a1,158
Info   a1 7dee7000 -> 7dee709e
Info 'riscvOVPsim/cpu', 0x000000008000c4a0(.l_sro_1034_Start+8): 00000013 nop
Info 'riscvOVPsim/cpu', 0x000000008000c4a4(.l_sro_1034_Start+c): 2005d9b3 sro     s3,a1,zero
Info   s3 6761163a -> 7dee709e
Info 'riscvOVPsim/cpu', 0x000000008000c4a8(.l_sro_1034_Start+10): 7dee7437 lui     s0,0x7dee7
Info   s0 dc83e6dc -> 7dee7000
Info 'riscvOVPsim/cpu', 0x000000008000c4ac(.l_sro_1034_Start+14): 09e40413 addi    s0,s0,158
Info   s0 7dee7000 -> 7dee709e
Info 'riscvOVPsim/cpu', 0x000000008000c4b0(.l_sro_1034_Start+18): 00898a63 beq     s3,s0,8000c4c4
Info 'riscvOVPsim/cpu', 0x000000008000c4c4(.l_rol_1035_Start): 6c756fb7 lui     t6,0x6c756
Info   t6 115a313f -> 6c756000
Info 'riscvOVPsim/cpu', 0x000000008000c4c8(.l_rol_1035_Start+4): f01f8f93 addi    t6,t6,-255
Info   t6 6c756000 -> 6c755f01
Info 'riscvOVPsim/cpu', 0x000000008000c4cc(.l_rol_1035_Start+8): 77f327b7 lui     a5,0x77f32
Info   a5 1d105478 -> 77f32000
Info 'riscvOVPsim/cpu', 0x000000008000c4d0(.l_rol_1035_Start+c): 09478793 addi    a5,a5,148
Info   a5 77f32000 -> 77f32094
Info 'riscvOVPsim/cpu', 0x000000008000c4d4(.l_rol_1035_Start+10): 60ff9a33 rol     s4,t6,a5
Info   s4 622214de -> f016c755
Info 'riscvOVPsim/cpu', 0x000000008000c4d8(.l_rol_1035_Start+14): f016c1b7 lui     gp,0xf016c
Info   gp 47ef9ee6 -> f016c000
Info 'riscvOVPsim/cpu', 0x000000008000c4dc(.l_rol_1035_Start+18): 75518193 addi    gp,gp,1877
Info   gp f016c000 -> f016c755
Info 'riscvOVPsim/cpu', 0x000000008000c4e0(.l_rol_1035_Start+1c): 003a0a63 beq     s4,gp,8000c4f4
Info 'riscvOVPsim/cpu', 0x000000008000c4f4(.l_ror_1036_Start): 5bfaf3b7 lui     t2,0x5bfaf
Info   t2 04e53c4b -> 5bfaf000
Info 'riscvOVPsim/cpu', 0x000000008000c4f8(.l_ror_1036_Start+4): 43438393 addi    t2,t2,1076
Info   t2 5bfaf000 -> 5bfaf434
Info 'riscvOVPsim/cpu', 0x000000008000c4fc(.l_ror_1036_Start+8): 480bd9b7 lui     s3,0x480bd
Info   s3 7dee709e -> 480bd000
Info 'riscvOVPsim/cpu', 0x000000008000c500(.l_ror_1036_Start+c): 3e198993 addi    s3,s3,993
Info   s3 480bd000 -> 480bd3e1
Info 'riscvOVPsim/cpu', 0x000000008000c504(.l_ror_1036_Start+10): 6133d633 ror     a2,t2,s3
Info   a2 66ccbe42 -> 2dfd7a1a
Info 'riscvOVPsim/cpu', 0x000000008000c508(.l_ror_1036_Start+14): 2dfd8cb7 lui     s9,0x2dfd8
Info   s9 6176651c -> 2dfd8000
Info 'riscvOVPsim/cpu', 0x000000008000c50c(.l_ror_1036_Start+18): a1ac8c93 addi    s9,s9,-1510
Info   s9 2dfd8000 -> 2dfd7a1a
Info 'riscvOVPsim/cpu', 0x000000008000c510(.l_ror_1036_Start+1c): 01960a63 beq     a2,s9,8000c524
Info 'riscvOVPsim/cpu', 0x000000008000c524(.l_sbclr_1037_Start): 3ab7cdb7 lui     s11,0x3ab7c
Info   s11 7dc5e9c7 -> 3ab7c000
Info 'riscvOVPsim/cpu', 0x000000008000c528(.l_sbclr_1037_Start+4): a8fd8d93 addi    s11,s11,-1393
Info   s11 3ab7c000 -> 3ab7ba8f
Info 'riscvOVPsim/cpu', 0x000000008000c52c(.l_sbclr_1037_Start+8): 2ae7a5b7 lui     a1,0x2ae7a
Info   a1 7dee709e -> 2ae7a000
Info 'riscvOVPsim/cpu', 0x000000008000c530(.l_sbclr_1037_Start+c): 48f58593 addi    a1,a1,1167
Info   a1 2ae7a000 -> 2ae7a48f
Info 'riscvOVPsim/cpu', 0x000000008000c534(.l_sbclr_1037_Start+10): 48bd9fb3 sbclr   t6,s11,a1
Info   t6 6c755f01 -> 3ab73a8f
Info 'riscvOVPsim/cpu', 0x000000008000c538(.l_sbclr_1037_Start+14): 3ab740b7 lui     ra,0x3ab74
Info   ra 241dd4aa -> 3ab74000
Info 'riscvOVPsim/cpu', 0x000000008000c53c(.l_sbclr_1037_Start+18): a8f08093 addi    ra,ra,-1393
Info   ra 3ab74000 -> 3ab73a8f
Info 'riscvOVPsim/cpu', 0x000000008000c540(.l_sbclr_1037_Start+1c): 001f8a63 beq     t6,ra,8000c554
Info 'riscvOVPsim/cpu', 0x000000008000c554(.l_sbset_1038_Start): 4f0d16b7 lui     a3,0x4f0d1
Info   a3 ed47ffff -> 4f0d1000
Info 'riscvOVPsim/cpu', 0x000000008000c558(.l_sbset_1038_Start+4): 84268693 addi    a3,a3,-1982
Info   a3 4f0d1000 -> 4f0d0842
Info 'riscvOVPsim/cpu', 0x000000008000c55c(.l_sbset_1038_Start+8): 323dae37 lui     t3,0x323da
Info   t3 4d4d0e26 -> 323da000
Info 'riscvOVPsim/cpu', 0x000000008000c560(.l_sbset_1038_Start+c): defe0e13 addi    t3,t3,-529
Info   t3 323da000 -> 323d9def
Info 'riscvOVPsim/cpu', 0x000000008000c564(.l_sbset_1038_Start+10): 29c69333 sbset   t1,a3,t3
Info   t1 1fcc5521 -> 4f0d8842
Info 'riscvOVPsim/cpu', 0x000000008000c568(.l_sbset_1038_Start+14): 4f0d9b37 lui     s6,0x4f0d9
Info   s6 000003e8 -> 4f0d9000
Info 'riscvOVPsim/cpu', 0x000000008000c56c(.l_sbset_1038_Start+18): 842b0b13 addi    s6,s6,-1982
Info   s6 4f0d9000 -> 4f0d8842
Info 'riscvOVPsim/cpu', 0x000000008000c570(.l_sbset_1038_Start+1c): 01630a63 beq     t1,s6,8000c584
Info 'riscvOVPsim/cpu', 0x000000008000c584(.l_sbinv_1039_Start): 4ebfba37 lui     s4,0x4ebfb
Info   s4 f016c755 -> 4ebfb000
Info 'riscvOVPsim/cpu', 0x000000008000c588(.l_sbinv_1039_Start+4): 254a0a13 addi    s4,s4,596
Info   s4 4ebfb000 -> 4ebfb254
Info 'riscvOVPsim/cpu', 0x000000008000c58c(.l_sbinv_1039_Start+8): 29c81137 lui     sp,0x29c81
Info   sp 1250f005 -> 29c81000
Info 'riscvOVPsim/cpu', 0x000000008000c590(.l_sbinv_1039_Start+c): b3710113 addi    sp,sp,-1225
Info   sp 29c81000 -> 29c80b37
Info 'riscvOVPsim/cpu', 0x000000008000c594(.l_sbinv_1039_Start+10): 682a1ab3 sbinv   s5,s4,sp
Info   s5 153d9db2 -> 4e3fb254
Info 'riscvOVPsim/cpu', 0x000000008000c598(.l_sbinv_1039_Start+14): 4e3fb2b7 lui     t0,0x4e3fb
Info   t0 6176651c -> 4e3fb000
Info 'riscvOVPsim/cpu', 0x000000008000c59c(.l_sbinv_1039_Start+18): 25428293 addi    t0,t0,596
Info   t0 4e3fb000 -> 4e3fb254
Info 'riscvOVPsim/cpu', 0x000000008000c5a0(.l_sbinv_1039_Start+1c): 005a8a63 beq     s5,t0,8000c5b4
Info 'riscvOVPsim/cpu', 0x000000008000c5b4(.l_sbext_1040_Start): 26dd9437 lui     s0,0x26dd9
Info   s0 7dee709e -> 26dd9000
Info 'riscvOVPsim/cpu', 0x000000008000c5b8(.l_sbext_1040_Start+4): 4f140413 addi    s0,s0,1265
Info   s0 26dd9000 -> 26dd94f1
Info 'riscvOVPsim/cpu', 0x000000008000c5bc(.l_sbext_1040_Start+8): 55dfcb37 lui     s6,0x55dfc
Info   s6 4f0d8842 -> 55dfc000
Info 'riscvOVPsim/cpu', 0x000000008000c5c0(.l_sbext_1040_Start+c): 337b0b13 addi    s6,s6,823
Info   s6 55dfc000 -> 55dfc337
Info 'riscvOVPsim/cpu', 0x000000008000c5c4(.l_sbext_1040_Start+10): 49645fb3 sbext   t6,s0,s6
Info   t6 3ab73a8f -> 00000001
Info 'riscvOVPsim/cpu', 0x000000008000c5c8(.l_sbext_1040_Start+14): 00100c93 addi    s9,zero,1
Info   s9 2dfd7a1a -> 00000001
Info 'riscvOVPsim/cpu', 0x000000008000c5cc(.l_sbext_1040_Start+18): 019f8a63 beq     t6,s9,8000c5e0
Info 'riscvOVPsim/cpu', 0x000000008000c5e0(.l_grev_1041_Start): 08801eb7 lui     t4,0x8801
Info   t4 0d5c938d -> 08801000
Info 'riscvOVPsim/cpu', 0x000000008000c5e4(.l_grev_1041_Start+4): 3d1e8e93 addi    t4,t4,977
Info   t4 08801000 -> 088013d1
Info 'riscvOVPsim/cpu', 0x000000008000c5e8(.l_grev_1041_Start+8): 30a10f37 lui     t5,0x30a10
Info   t5 671bfb51 -> 30a10000
Info 'riscvOVPsim/cpu', 0x000000008000c5ec(.l_grev_1041_Start+c): 673f0f13 addi    t5,t5,1651
Info   t5 30a10000 -> 30a10673
Info 'riscvOVPsim/cpu', 0x000000008000c5f0(.l_grev_1041_Start+10): 69eed1b3 grev    gp,t4,t5
Info   gp f016c755 -> 8cb80110
Info 'riscvOVPsim/cpu', 0x000000008000c5f4(.l_grev_1041_Start+14): 8cb80137 lui     sp,0x8cb80
Info   sp 29c80b37 -> 8cb80000
Info 'riscvOVPsim/cpu', 0x000000008000c5f8(.l_grev_1041_Start+18): 11010113 addi    sp,sp,272
Info   sp 8cb80000 -> 8cb80110
Info 'riscvOVPsim/cpu', 0x000000008000c5fc(.l_grev_1041_Start+1c): 00218a63 beq     gp,sp,8000c610
Info 'riscvOVPsim/cpu', 0x000000008000c610(.l_sloi_1042_Start): 0f11b837 lui     a6,0xf11b
Info   a6 dc83e6dc -> 0f11b000
Info 'riscvOVPsim/cpu', 0x000000008000c614(.l_sloi_1042_Start+4): 51e80813 addi    a6,a6,1310
Info   a6 0f11b000 -> 0f11b51e
Info 'riscvOVPsim/cpu', 0x000000008000c618(.l_sloi_1042_Start+8): 20e81b93 sloi    s7,a6,14
Info   s7 80cdbf59 -> 6d47bfff
Info 'riscvOVPsim/cpu', 0x000000008000c61c(.l_sloi_1042_Start+c): 6d47c737 lui     a4,0x6d47c
Info   a4 c4f5be5b -> 6d47c000
Info 'riscvOVPsim/cpu', 0x000000008000c620(.l_sloi_1042_Start+10): fff70713 addi    a4,a4,-1
Info   a4 6d47c000 -> 6d47bfff
Info 'riscvOVPsim/cpu', 0x000000008000c624(.l_sloi_1042_Start+14): 00eb8a63 beq     s7,a4,8000c638
Info 'riscvOVPsim/cpu', 0x000000008000c638(.l_sroi_1043_Start): 67cca8b7 lui     a7,0x67cca
Info   a7 24020242 -> 67cca000
Info 'riscvOVPsim/cpu', 0x000000008000c63c(.l_sroi_1043_Start+4): cad88893 addi    a7,a7,-851
Info   a7 67cca000 -> 67cc9cad
Info 'riscvOVPsim/cpu', 0x000000008000c640(.l_sroi_1043_Start+8): 2248df13 sroi    t5,a7,36
Info   t5 30a10673 -> f67cc9ca
Info 'riscvOVPsim/cpu', 0x000000008000c644(.l_sroi_1043_Start+c): f67cdab7 lui     s5,0xf67cd
Info   s5 4e3fb254 -> f67cd000
Info 'riscvOVPsim/cpu', 0x000000008000c648(.l_sroi_1043_Start+10): 9caa8a93 addi    s5,s5,-1590
Info   s5 f67cd000 -> f67cc9ca
Info 'riscvOVPsim/cpu', 0x000000008000c64c(.l_sroi_1043_Start+14): 015f0a63 beq     t5,s5,8000c660
Info 'riscvOVPsim/cpu', 0x000000008000c660(.l_rori_1044_Start): 56d47737 lui     a4,0x56d47
Info   a4 6d47bfff -> 56d47000
Info 'riscvOVPsim/cpu', 0x000000008000c664(.l_rori_1044_Start+4): 4c270713 addi    a4,a4,1218
Info   a4 56d47000 -> 56d474c2
Info 'riscvOVPsim/cpu', 0x000000008000c668(.l_rori_1044_Start+8): 61d75413 rori    s0,a4,29
Info   s0 26dd94f1 -> b6a3a612
Info 'riscvOVPsim/cpu', 0x000000008000c66c(.l_rori_1044_Start+c): b6a3aab7 lui     s5,0xb6a3a
Info   s5 f67cc9ca -> b6a3a000
Info 'riscvOVPsim/cpu', 0x000000008000c670(.l_rori_1044_Start+10): 612a8a93 addi    s5,s5,1554
Info   s5 b6a3a000 -> b6a3a612
Info 'riscvOVPsim/cpu', 0x000000008000c674(.l_rori_1044_Start+14): 01540a63 beq     s0,s5,8000c688
Info 'riscvOVPsim/cpu', 0x000000008000c688(.l_sbclri_1045_Start): 4faa8f37 lui     t5,0x4faa8
Info   t5 f67cc9ca -> 4faa8000
Info 'riscvOVPsim/cpu', 0x000000008000c68c(.l_sbclri_1045_Start+4): fddf0f13 addi    t5,t5,-35
Info   t5 4faa8000 -> 4faa7fdd
Info 'riscvOVPsim/cpu', 0x000000008000c690(.l_sbclri_1045_Start+8): 497f1f93 sbclri  t6,t5,23
Info   t6 00000001 -> 4f2a7fdd
Info 'riscvOVPsim/cpu', 0x000000008000c694(.l_sbclri_1045_Start+c): 4f2a83b7 lui     t2,0x4f2a8
Info   t2 5bfaf434 -> 4f2a8000
Info 'riscvOVPsim/cpu', 0x000000008000c698(.l_sbclri_1045_Start+10): fdd38393 addi    t2,t2,-35
Info   t2 4f2a8000 -> 4f2a7fdd
Info 'riscvOVPsim/cpu', 0x000000008000c69c(.l_sbclri_1045_Start+14): 007f8a63 beq     t6,t2,8000c6b0
Info 'riscvOVPsim/cpu', 0x000000008000c6b0(.l_sbseti_1046_Start): 115ff637 lui     a2,0x115ff
Info   a2 2dfd7a1a -> 115ff000
Info 'riscvOVPsim/cpu', 0x000000008000c6b4(.l_sbseti_1046_Start+4): 42460613 addi    a2,a2,1060
Info   a2 115ff000 -> 115ff424
Info 'riscvOVPsim/cpu', 0x000000008000c6b8(.l_sbseti_1046_Start+8): 2ac61f93 sbseti  t6,a2,44
Info   t6 4f2a7fdd -> 115ff424
Info 'riscvOVPsim/cpu', 0x000000008000c6bc(.l_sbseti_1046_Start+c): 115ff337 lui     t1,0x115ff
Info   t1 4f0d8842 -> 115ff000
Info 'riscvOVPsim/cpu', 0x000000008000c6c0(.l_sbseti_1046_Start+10): 42430313 addi    t1,t1,1060
Info   t1 115ff000 -> 115ff424
Info 'riscvOVPsim/cpu', 0x000000008000c6c4(.l_sbseti_1046_Start+14): 006f8a63 beq     t6,t1,8000c6d8
Info 'riscvOVPsim/cpu', 0x000000008000c6d8(.l_sbinvi_1047_Start): 48ef7737 lui     a4,0x48ef7
Info   a4 56d474c2 -> 48ef7000
Info 'riscvOVPsim/cpu', 0x000000008000c6dc(.l_sbinvi_1047_Start+4): bff70713 addi    a4,a4,-1025
Info   a4 48ef7000 -> 48ef6bff
Info 'riscvOVPsim/cpu', 0x000000008000c6e0(.l_sbinvi_1047_Start+8): 6a271793 sbinvi  a5,a4,34
Info   a5 77f32094 -> 48ef6bfb
Info 'riscvOVPsim/cpu', 0x000000008000c6e4(.l_sbinvi_1047_Start+c): 48ef7537 lui     a0,0x48ef7
Info   a0 80cdbf59 -> 48ef7000
Info 'riscvOVPsim/cpu', 0x000000008000c6e8(.l_sbinvi_1047_Start+10): bfb50513 addi    a0,a0,-1029
Info   a0 48ef7000 -> 48ef6bfb
Info 'riscvOVPsim/cpu', 0x000000008000c6ec(.l_sbinvi_1047_Start+14): 00a78a63 beq     a5,a0,8000c700
Info 'riscvOVPsim/cpu', 0x000000008000c700(.l_sbexti_1048_Start): 1fb65e37 lui     t3,0x1fb65
Info   t3 323d9def -> 1fb65000
Info 'riscvOVPsim/cpu', 0x000000008000c704(.l_sbexti_1048_Start+4): f7ee0e13 addi    t3,t3,-130
Info   t3 1fb65000 -> 1fb64f7e
Info 'riscvOVPsim/cpu', 0x000000008000c708(.l_sbexti_1048_Start+8): 48fe5a93 sbexti  s5,t3,15
Info   s5 b6a3a612 -> 00000000
Info 'riscvOVPsim/cpu', 0x000000008000c70c(.l_sbexti_1048_Start+c): 00000193 mv      gp,zero
Info   gp 8cb80110 -> 00000000
Info 'riscvOVPsim/cpu', 0x000000008000c710(.l_sbexti_1048_Start+10): 003a8a63 beq     s5,gp,8000c724
Info 'riscvOVPsim/cpu', 0x000000008000c724(.l_grevi_1049_Start): 0cb20137 lui     sp,0xcb20
Info   sp 8cb80110 -> 0cb20000
Info 'riscvOVPsim/cpu', 0x000000008000c728(.l_grevi_1049_Start+4): 70d10113 addi    sp,sp,1805
Info   sp 0cb20000 -> 0cb2070d
Info 'riscvOVPsim/cpu', 0x000000008000c72c(.l_grevi_1049_Start+8): 6af15693 grevi   a3,sp,47
Info   a3 4f0d0842 -> 4d30b0e0
Info 'riscvOVPsim/cpu', 0x000000008000c730(.l_grevi_1049_Start+c): 4d30b7b7 lui     a5,0x4d30b
Info   a5 48ef6bfb -> 4d30b000
Info 'riscvOVPsim/cpu', 0x000000008000c734(.l_grevi_1049_Start+10): 0e078793 addi    a5,a5,224
Info   a5 4d30b000 -> 4d30b0e0
Info 'riscvOVPsim/cpu', 0x000000008000c738(.l_grevi_1049_Start+14): 00f68a63 beq     a3,a5,8000c74c
Info 'riscvOVPsim/cpu', 0x000000008000c74c(.l_cmix_1050_Start): 56105cb7 lui     s9,0x56105
Info   s9 00000001 -> 56105000
Info 'riscvOVPsim/cpu', 0x000000008000c750(.l_cmix_1050_Start+4): a9ec8c93 addi    s9,s9,-1378
Info   s9 56105000 -> 56104a9e
Info 'riscvOVPsim/cpu', 0x000000008000c754(.l_cmix_1050_Start+8): 47bb7db7 lui     s11,0x47bb7
Info   s11 3ab7ba8f -> 47bb7000
Info 'riscvOVPsim/cpu', 0x000000008000c758(.l_cmix_1050_Start+c): db9d8d93 addi    s11,s11,-583
Info   s11 47bb7000 -> 47bb6db9
Info 'riscvOVPsim/cpu', 0x000000008000c75c(.l_cmix_1050_Start+10): 56105cb7 lui     s9,0x56105
Info   s9 56104a9e -> 56105000
Info 'riscvOVPsim/cpu', 0x000000008000c760(.l_cmix_1050_Start+14): a9ec8c93 addi    s9,s9,-1378
Info   s9 56105000 -> 56104a9e
Info 'riscvOVPsim/cpu', 0x000000008000c764(.l_cmix_1050_Start+18): cfbc9e33 cmix    t3,s9,s11,s9
Info   t3 1fb64f7e -> 56104a9e
Info 'riscvOVPsim/cpu', 0x000000008000c768(.l_cmix_1050_Start+1c): 56105d37 lui     s10,0x56105
Info   s10 0dd59ee6 -> 56105000
Info 'riscvOVPsim/cpu', 0x000000008000c76c(.l_cmix_1050_Start+20): a9ed0d13 addi    s10,s10,-1378
Info   s10 56105000 -> 56104a9e
Info 'riscvOVPsim/cpu', 0x000000008000c770(.l_cmix_1050_Start+24): 01ae0a63 beq     t3,s10,8000c784
Info 'riscvOVPsim/cpu', 0x000000008000c784(.l_cmov_1051_Start): 570757b7 lui     a5,0x57075
Info   a5 4d30b0e0 -> 57075000
Info 'riscvOVPsim/cpu', 0x000000008000c788(.l_cmov_1051_Start+4): 21f78793 addi    a5,a5,543
Info   a5 57075000 -> 5707521f
Info 'riscvOVPsim/cpu', 0x000000008000c78c(.l_cmov_1051_Start+8): 4d0379b7 lui     s3,0x4d037
Info   s3 480bd3e1 -> 4d037000
Info 'riscvOVPsim/cpu', 0x000000008000c790(.l_cmov_1051_Start+c): 56598993 addi    s3,s3,1381
Info   s3 4d037000 -> 4d037565
Info 'riscvOVPsim/cpu', 0x000000008000c794(.l_cmov_1051_Start+10): 66b16a37 lui     s4,0x66b16
Info   s4 4ebfb254 -> 66b16000
Info 'riscvOVPsim/cpu', 0x000000008000c798(.l_cmov_1051_Start+14): f80a0a13 addi    s4,s4,-128
Info   s4 66b16000 -> 66b15f80
Info 'riscvOVPsim/cpu', 0x000000008000c79c(.l_cmov_1051_Start+18): a737dab3 cmov    s5,a5,s3,s4
Info   s5 00000000 -> 5707521f
Info 'riscvOVPsim/cpu', 0x000000008000c7a0(.l_cmov_1051_Start+1c): 57075b37 lui     s6,0x57075
Info   s6 55dfc337 -> 57075000
Info 'riscvOVPsim/cpu', 0x000000008000c7a4(.l_cmov_1051_Start+20): 21fb0b13 addi    s6,s6,543
Info   s6 57075000 -> 5707521f
Info 'riscvOVPsim/cpu', 0x000000008000c7a8(.l_cmov_1051_Start+24): 016a8a63 beq     s5,s6,8000c7bc
Info 'riscvOVPsim/cpu', 0x000000008000c7bc(.l_fsl_1052_Start): 635e7a37 lui     s4,0x635e7
Info   s4 66b15f80 -> 635e7000
Info 'riscvOVPsim/cpu', 0x000000008000c7c0(.l_fsl_1052_Start+4): 2b8a0a13 addi    s4,s4,696
Info   s4 635e7000 -> 635e72b8
Info 'riscvOVPsim/cpu', 0x000000008000c7c4(.l_fsl_1052_Start+8): 5ad32137 lui     sp,0x5ad32
Info   sp 0cb2070d -> 5ad32000
Info 'riscvOVPsim/cpu', 0x000000008000c7c8(.l_fsl_1052_Start+c): 82f10113 addi    sp,sp,-2001
Info   sp 5ad32000 -> 5ad3182f
Info 'riscvOVPsim/cpu', 0x000000008000c7cc(.l_fsl_1052_Start+10): 70e609b7 lui     s3,0x70e60
Info   s3 4d037565 -> 70e60000
Info 'riscvOVPsim/cpu', 0x000000008000c7d0(.l_fsl_1052_Start+14): da398993 addi    s3,s3,-605
Info   s3 70e60000 -> 70e5fda3
Info 'riscvOVPsim/cpu', 0x000000008000c7d4(.l_fsl_1052_Start+18): 9c2a1733 fsl     a4,s4,sp,s3
Info   a4 48ef6bff -> fed1b1af
Info 'riscvOVPsim/cpu', 0x000000008000c7d8(.l_fsl_1052_Start+1c): fed1b337 lui     t1,0xfed1b
Info   t1 115ff424 -> fed1b000
Info 'riscvOVPsim/cpu', 0x000000008000c7dc(.l_fsl_1052_Start+20): 1af30313 addi    t1,t1,431
Info   t1 fed1b000 -> fed1b1af
Info 'riscvOVPsim/cpu', 0x000000008000c7e0(.l_fsl_1052_Start+24): 00670a63 beq     a4,t1,8000c7f4
Info 'riscvOVPsim/cpu', 0x000000008000c7f4(.l_fsr_1053_Start): 2db056b7 lui     a3,0x2db05
Info   a3 4d30b0e0 -> 2db05000
Info 'riscvOVPsim/cpu', 0x000000008000c7f8(.l_fsr_1053_Start+4): 6a268693 addi    a3,a3,1698
Info   a3 2db05000 -> 2db056a2
Info 'riscvOVPsim/cpu', 0x000000008000c7fc(.l_fsr_1053_Start+8): 3bd80837 lui     a6,0x3bd80
Info   a6 0f11b51e -> 3bd80000
Info 'riscvOVPsim/cpu', 0x000000008000c800(.l_fsr_1053_Start+c): 3ab80813 addi    a6,a6,939
Info   a6 3bd80000 -> 3bd803ab
Info 'riscvOVPsim/cpu', 0x000000008000c804(.l_fsr_1053_Start+10): 1d83bf37 lui     t5,0x1d83b
Info   t5 4faa7fdd -> 1d83b000
Info 'riscvOVPsim/cpu', 0x000000008000c808(.l_fsr_1053_Start+14): e38f0f13 addi    t5,t5,-456
Info   t5 1d83b000 -> 1d83ae38
Info 'riscvOVPsim/cpu', 0x000000008000c80c(.l_fsr_1053_Start+18): f506de33 fsr     t3,a3,a6,t5
Info   t3 56104a9e -> d443b075
Info 'riscvOVPsim/cpu', 0x000000008000c810(.l_fsr_1053_Start+1c): d443bfb7 lui     t6,0xd443b
Info   t6 115ff424 -> d443b000
Info 'riscvOVPsim/cpu', 0x000000008000c814(.l_fsr_1053_Start+20): 075f8f93 addi    t6,t6,117
Info   t6 d443b000 -> d443b075
Info 'riscvOVPsim/cpu', 0x000000008000c818(.l_fsr_1053_Start+24): 01fe0a63 beq     t3,t6,8000c82c
Info 'riscvOVPsim/cpu', 0x000000008000c82c(.l_fsri_1054_Start): 04acd3b7 lui     t2,0x4acd
Info   t2 4f2a7fdd -> 04acd000
Info 'riscvOVPsim/cpu', 0x000000008000c830(.l_fsri_1054_Start+4): 82b38393 addi    t2,t2,-2005
Info   t2 04acd000 -> 04acc82b
Info 'riscvOVPsim/cpu', 0x000000008000c834(.l_fsri_1054_Start+8): 027cd937 lui     s2,0x27cd
Info   s2 7e8bf23b -> 027cd000
Info 'riscvOVPsim/cpu', 0x000000008000c838(.l_fsri_1054_Start+c): da890913 addi    s2,s2,-600
Info   s2 027cd000 -> 027ccda8
Info 'riscvOVPsim/cpu', 0x000000008000c83c(.l_fsri_1054_Start+10): 9523dd93 fsri    s11,t2,s2,18
Info   s11 47bb6db9 -> 336a012b
Info 'riscvOVPsim/cpu', 0x000000008000c840(.l_fsri_1054_Start+14): 336a09b7 lui     s3,0x336a0
Info   s3 70e5fda3 -> 336a0000
Info 'riscvOVPsim/cpu', 0x000000008000c844(.l_fsri_1054_Start+18): 12b98993 addi    s3,s3,299
Info   s3 336a0000 -> 336a012b
Info 'riscvOVPsim/cpu', 0x000000008000c848(.l_fsri_1054_Start+1c): 013d8a63 beq     s11,s3,8000c85c
Info 'riscvOVPsim/cpu', 0x000000008000c85c(.l_clz_1055_Start): 5dadcd37 lui     s10,0x5dadc
Info   s10 56104a9e -> 5dadc000
Info 'riscvOVPsim/cpu', 0x000000008000c860(.l_clz_1055_Start+4): eeed0d13 addi    s10,s10,-274
Info   s10 5dadc000 -> 5dadbeee
Info 'riscvOVPsim/cpu', 0x000000008000c864(.l_clz_1055_Start+8): 600d1d13 clz     s10,s10
Info   s10 5dadbeee -> 00000001
Info 'riscvOVPsim/cpu', 0x000000008000c868(.l_clz_1055_Start+c): 00100813 addi    a6,zero,1
Info   a6 3bd803ab -> 00000001
Info 'riscvOVPsim/cpu', 0x000000008000c86c(.l_clz_1055_Start+10): 010d0a63 beq     s10,a6,8000c880
Info 'riscvOVPsim/cpu', 0x000000008000c880(.l_ctz_1056_Start): 5a80dd37 lui     s10,0x5a80d
Info   s10 00000001 -> 5a80d000
Info 'riscvOVPsim/cpu', 0x000000008000c884(.l_ctz_1056_Start+4): d76d0d13 addi    s10,s10,-650
Info   s10 5a80d000 -> 5a80cd76
Info 'riscvOVPsim/cpu', 0x000000008000c888(.l_ctz_1056_Start+8): 601d1b13 ctz     s6,s10
Info   s6 5707521f -> 00000001
Info 'riscvOVPsim/cpu', 0x000000008000c88c(.l_ctz_1056_Start+c): 00100413 addi    s0,zero,1
Info   s0 b6a3a612 -> 00000001
Info 'riscvOVPsim/cpu', 0x000000008000c890(.l_ctz_1056_Start+10): 008b0a63 beq     s6,s0,8000c8a4
Info 'riscvOVPsim/cpu', 0x000000008000c8a4(.l_pcnt_1057_Start): 50b3f437 lui     s0,0x50b3f
Info   s0 00000001 -> 50b3f000
Info 'riscvOVPsim/cpu', 0x000000008000c8a8(.l_pcnt_1057_Start+4): bfb40413 addi    s0,s0,-1029
Info   s0 50b3f000 -> 50b3ebfb
Info 'riscvOVPsim/cpu', 0x000000008000c8ac(.l_pcnt_1057_Start+8): 60241413 pcnt    s0,s0
Info   s0 50b3ebfb -> 00000014
Info 'riscvOVPsim/cpu', 0x000000008000c8b0(.l_pcnt_1057_Start+c): 01400c93 addi    s9,zero,20
Info   s9 56104a9e -> 00000014
Info 'riscvOVPsim/cpu', 0x000000008000c8b4(.l_pcnt_1057_Start+10): 01940a63 beq     s0,s9,8000c8c8
Info 'riscvOVPsim/cpu', 0x000000008000c8c8(.l_crc32_b_1058_Start): 7f6c48b7 lui     a7,0x7f6c4
Info   a7 67cc9cad -> 7f6c4000
Info 'riscvOVPsim/cpu', 0x000000008000c8cc(.l_crc32_b_1058_Start+4): 91e88893 addi    a7,a7,-1762
Info   a7 7f6c4000 -> 7f6c391e
Info 'riscvOVPsim/cpu', 0x000000008000c8d0(.l_crc32_b_1058_Start+8): 61089d93 crc32.b s11,a7
Info   s11 336a012b -> fa70515a
Info 'riscvOVPsim/cpu', 0x000000008000c8d4(.l_crc32_b_1058_Start+c): fa705537 lui     a0,0xfa705
Info   a0 48ef6bfb -> fa705000
Info 'riscvOVPsim/cpu', 0x000000008000c8d8(.l_crc32_b_1058_Start+10): 15a50513 addi    a0,a0,346
Info   a0 fa705000 -> fa70515a
Info 'riscvOVPsim/cpu', 0x000000008000c8dc(.l_crc32_b_1058_Start+14): 00ad8a63 beq     s11,a0,8000c8f0
Info 'riscvOVPsim/cpu', 0x000000008000c8f0(.l_crc32_h_1059_Start): 7fad6bb7 lui     s7,0x7fad6
Info   s7 6d47bfff -> 7fad6000
Info 'riscvOVPsim/cpu', 0x000000008000c8f4(.l_crc32_h_1059_Start+4): ecbb8b93 addi    s7,s7,-309
Info   s7 7fad6000 -> 7fad5ecb
Info 'riscvOVPsim/cpu', 0x000000008000c8f8(.l_crc32_h_1059_Start+8): 611b9693 crc32.h a3,s7
Info   a3 2db056a2 -> a4dd0ddb
Info 'riscvOVPsim/cpu', 0x000000008000c8fc(.l_crc32_h_1059_Start+c): a4dd1b37 lui     s6,0xa4dd1
Info   s6 00000001 -> a4dd1000
Info 'riscvOVPsim/cpu', 0x000000008000c900(.l_crc32_h_1059_Start+10): ddbb0b13 addi    s6,s6,-549
Info   s6 a4dd1000 -> a4dd0ddb
Info 'riscvOVPsim/cpu', 0x000000008000c904(.l_crc32_h_1059_Start+14): 01668a63 beq     a3,s6,8000c918
Info 'riscvOVPsim/cpu', 0x000000008000c918(.l_crc32_w_1060_Start): 5bb458b7 lui     a7,0x5bb45
Info   a7 7f6c391e -> 5bb45000
Info 'riscvOVPsim/cpu', 0x000000008000c91c(.l_crc32_w_1060_Start+4): 6ab88893 addi    a7,a7,1707
Info   a7 5bb45000 -> 5bb456ab
Info 'riscvOVPsim/cpu', 0x000000008000c920(.l_crc32_w_1060_Start+8): 61289993 crc32.w s3,a7
Info   s3 336a012b -> 8e4b2fc6
Info 'riscvOVPsim/cpu', 0x000000008000c924(.l_crc32_w_1060_Start+c): 8e4b32b7 lui     t0,0x8e4b3
Info   t0 4e3fb254 -> 8e4b3000
Info 'riscvOVPsim/cpu', 0x000000008000c928(.l_crc32_w_1060_Start+10): fc628293 addi    t0,t0,-58
Info   t0 8e4b3000 -> 8e4b2fc6
Info 'riscvOVPsim/cpu', 0x000000008000c92c(.l_crc32_w_1060_Start+14): 00598a63 beq     s3,t0,8000c940
Info 'riscvOVPsim/cpu', 0x000000008000c940(.l_crc32c_b_1061_Start): 05732eb7 lui     t4,0x5732
Info   t4 088013d1 -> 05732000
Info 'riscvOVPsim/cpu', 0x000000008000c944(.l_crc32c_b_1061_Start+4): 19fe8e93 addi    t4,t4,415
Info   t4 05732000 -> 0573219f
Info 'riscvOVPsim/cpu', 0x000000008000c948(.l_crc32c_b_1061_Start+8): 618e9613 crc32c.b a2,t4
Info   a2 115ff424 -> ccbeb312
Info 'riscvOVPsim/cpu', 0x000000008000c94c(.l_crc32c_b_1061_Start+c): ccbebab7 lui     s5,0xccbeb
Info   s5 5707521f -> ccbeb000
Info 'riscvOVPsim/cpu', 0x000000008000c950(.l_crc32c_b_1061_Start+10): 312a8a93 addi    s5,s5,786
Info   s5 ccbeb000 -> ccbeb312
Info 'riscvOVPsim/cpu', 0x000000008000c954(.l_crc32c_b_1061_Start+14): 01560a63 beq     a2,s5,8000c968
Info 'riscvOVPsim/cpu', 0x000000008000c968(.l_crc32c_h_1062_Start): 1485f437 lui     s0,0x1485f
Info   s0 00000014 -> 1485f000
Info 'riscvOVPsim/cpu', 0x000000008000c96c(.l_crc32c_h_1062_Start+4): 5fc40413 addi    s0,s0,1532
Info   s0 1485f000 -> 1485f5fc
Info 'riscvOVPsim/cpu', 0x000000008000c970(.l_crc32c_h_1062_Start+8): 61941113 crc32c.h sp,s0
Info   sp 5ad3182f -> 519be3f6
Info 'riscvOVPsim/cpu', 0x000000008000c974(.l_crc32c_h_1062_Start+c): 519be0b7 lui     ra,0x519be
Info   ra 3ab73a8f -> 519be000
Info 'riscvOVPsim/cpu', 0x000000008000c978(.l_crc32c_h_1062_Start+10): 3f608093 addi    ra,ra,1014
Info   ra 519be000 -> 519be3f6
Info 'riscvOVPsim/cpu', 0x000000008000c97c(.l_crc32c_h_1062_Start+14): 00110a63 beq     sp,ra,8000c990
Info 'riscvOVPsim/cpu', 0x000000008000c990(.l_crc32c_w_1063_Start): 2f9ff137 lui     sp,0x2f9ff
Info   sp 519be3f6 -> 2f9ff000
Info 'riscvOVPsim/cpu', 0x000000008000c994(.l_crc32c_w_1063_Start+4): 9d910113 addi    sp,sp,-1575
Info   sp 2f9ff000 -> 2f9fe9d9
Info 'riscvOVPsim/cpu', 0x000000008000c998(.l_crc32c_w_1063_Start+8): 61a11193 crc32c.w gp,sp
Info   gp 00000000 -> 56a4fdf1
Info 'riscvOVPsim/cpu', 0x000000008000c99c(.l_crc32c_w_1063_Start+c): 56a50337 lui     t1,0x56a50
Info   t1 fed1b1af -> 56a50000
Info 'riscvOVPsim/cpu', 0x000000008000c9a0(.l_crc32c_w_1063_Start+10): df130313 addi    t1,t1,-527
Info   t1 56a50000 -> 56a4fdf1
Info 'riscvOVPsim/cpu', 0x000000008000c9a4(.l_crc32c_w_1063_Start+14): 00618a63 beq     gp,t1,8000c9b8
Info 'riscvOVPsim/cpu', 0x000000008000c9b8(.l_clmul_1064_Start): 5508ffb7 lui     t6,0x5508f
Info   t6 d443b075 -> 5508f000
Info 'riscvOVPsim/cpu', 0x000000008000c9bc(.l_clmul_1064_Start+4): b27f8f93 addi    t6,t6,-1241
Info   t6 5508f000 -> 5508eb27
Info 'riscvOVPsim/cpu', 0x000000008000c9c0(.l_clmul_1064_Start+8): 3158f837 lui     a6,0x3158f
Info   a6 00000001 -> 3158f000
Info 'riscvOVPsim/cpu', 0x000000008000c9c4(.l_clmul_1064_Start+c): aa980813 addi    a6,a6,-1367
Info   a6 3158f000 -> 3158eaa9
Info 'riscvOVPsim/cpu', 0x000000008000c9c8(.l_clmul_1064_Start+10): b0f9e33 clmul   t3,t6,a6
Info   t3 d443b075 -> 491e937f
Info 'riscvOVPsim/cpu', 0x000000008000c9cc(.l_clmul_1064_Start+14): 491e90b7 lui     ra,0x491e9
Info   ra 519be3f6 -> 491e9000
Info 'riscvOVPsim/cpu', 0x000000008000c9d0(.l_clmul_1064_Start+18): 37f08093 addi    ra,ra,895
Info   ra 491e9000 -> 491e937f
Info 'riscvOVPsim/cpu', 0x000000008000c9d4(.l_clmul_1064_Start+1c): 001e0a63 beq     t3,ra,8000c9e8
Info 'riscvOVPsim/cpu', 0x000000008000c9e8(.l_clmulr_1065_Start): 0c76f137 lui     sp,0xc76f
Info   sp 2f9fe9d9 -> 0c76f000
Info 'riscvOVPsim/cpu', 0x000000008000c9ec(.l_clmulr_1065_Start+4): 2e710113 addi    sp,sp,743
Info   sp 0c76f000 -> 0c76f2e7
Info 'riscvOVPsim/cpu', 0x000000008000c9f0(.l_clmulr_1065_Start+8): 51636d37 lui     s10,0x51636
Info   s10 5a80cd76 -> 51636000
Info 'riscvOVPsim/cpu', 0x000000008000c9f4(.l_clmulr_1065_Start+c): 400d0d13 addi    s10,s10,1024
Info   s10 51636000 -> 51636400
Info 'riscvOVPsim/cpu', 0x000000008000c9f8(.l_clmulr_1065_Start+10): b0f9e33 clmul   t3,t6,a6
Info   t6 5508eb27 -> 07a8407c
Info 'riscvOVPsim/cpu', 0x000000008000c9fc(.l_clmulr_1065_Start+14): 07a848b7 lui     a7,0x7a84
Info   a7 5bb456ab -> 07a84000
Info 'riscvOVPsim/cpu', 0x000000008000ca00(.l_clmulr_1065_Start+18): 07c88893 addi    a7,a7,124
Info   a7 07a84000 -> 07a8407c
Info 'riscvOVPsim/cpu', 0x000000008000ca04(.l_clmulr_1065_Start+1c): 011f8a63 beq     t6,a7,8000ca18
Info 'riscvOVPsim/cpu', 0x000000008000ca18(.l_clmulh_1066_Start): 47a9b937 lui     s2,0x47a9b
Info   s2 027ccda8 -> 47a9b000
Info 'riscvOVPsim/cpu', 0x000000008000ca1c(.l_clmulh_1066_Start+4): 42890913 addi    s2,s2,1064
Info   s2 47a9b000 -> 47a9b428
Info 'riscvOVPsim/cpu', 0x000000008000ca20(.l_clmulh_1066_Start+8): 6b4869b7 lui     s3,0x6b486
Info   s3 8e4b2fc6 -> 6b486000
Info 'riscvOVPsim/cpu', 0x000000008000ca24(.l_clmulh_1066_Start+c): 31e98993 addi    s3,s3,798
Info   s3 6b486000 -> 6b48631e
Info 'riscvOVPsim/cpu', 0x000000008000ca28(.l_clmulh_1066_Start+10): b393833 clmulh  a6,s2,s3
Info   a6 3158eaa9 -> 1bf92202
Info 'riscvOVPsim/cpu', 0x000000008000ca2c(.l_clmulh_1066_Start+14): 1bf92d37 lui     s10,0x1bf92
Info   s10 51636400 -> 1bf92000
Info 'riscvOVPsim/cpu', 0x000000008000ca30(.l_clmulh_1066_Start+18): 202d0d13 addi    s10,s10,514
Info   s10 1bf92000 -> 1bf92202
Info 'riscvOVPsim/cpu', 0x000000008000ca34(.l_clmulh_1066_Start+1c): 01a80a63 beq     a6,s10,8000ca48
Info 'riscvOVPsim/cpu', 0x000000008000ca48(.l_min_1067_Start): 46005337 lui     t1,0x46005
Info   t1 56a4fdf1 -> 46005000
Info 'riscvOVPsim/cpu', 0x000000008000ca4c(.l_min_1067_Start+4): 04830313 addi    t1,t1,72
Info   t1 46005000 -> 46005048
Info 'riscvOVPsim/cpu', 0x000000008000ca50(.l_min_1067_Start+8): 21409e37 lui     t3,0x21409
Info   t3 491e937f -> 21409000
Info 'riscvOVPsim/cpu', 0x000000008000ca54(.l_min_1067_Start+c): d84e0e13 addi    t3,t3,-636
Info   t3 21409000 -> 21408d84
Info 'riscvOVPsim/cpu', 0x000000008000ca58(.l_min_1067_Start+10): bc346b3 min     a3,t1,t3
Info   a3 a4dd0ddb -> 21408d84
Info 'riscvOVPsim/cpu', 0x000000008000ca5c(.l_min_1067_Start+14): 214093b7 lui     t2,0x21409
Info   t2 04acc82b -> 21409000
Info 'riscvOVPsim/cpu', 0x000000008000ca60(.l_min_1067_Start+18): d8438393 addi    t2,t2,-636
Info   t2 21409000 -> 21408d84
Info 'riscvOVPsim/cpu', 0x000000008000ca64(.l_min_1067_Start+1c): 00768a63 beq     a3,t2,8000ca78
Info 'riscvOVPsim/cpu', 0x000000008000ca78(.l_max_1068_Start): 4cba02b7 lui     t0,0x4cba0
Info   t0 8e4b2fc6 -> 4cba0000
Info 'riscvOVPsim/cpu', 0x000000008000ca7c(.l_max_1068_Start+4): b3028293 addi    t0,t0,-1232
Info   t0 4cba0000 -> 4cb9fb30
Info 'riscvOVPsim/cpu', 0x000000008000ca80(.l_max_1068_Start+8): 0cb0f3b7 lui     t2,0xcb0f
Info   t2 21408d84 -> 0cb0f000
Info 'riscvOVPsim/cpu', 0x000000008000ca84(.l_max_1068_Start+c): 34138393 addi    t2,t2,833
Info   t2 0cb0f000 -> 0cb0f341
Info 'riscvOVPsim/cpu', 0x000000008000ca88(.l_max_1068_Start+10): a72d9b3 max     s3,t0,t2
Info   s3 6b48631e -> 4cb9fb30
Info 'riscvOVPsim/cpu', 0x000000008000ca8c(.l_max_1068_Start+14): 4cba0a37 lui     s4,0x4cba0
Info   s4 635e72b8 -> 4cba0000
Info 'riscvOVPsim/cpu', 0x000000008000ca90(.l_max_1068_Start+18): b30a0a13 addi    s4,s4,-1232
Info   s4 4cba0000 -> 4cb9fb30
Info 'riscvOVPsim/cpu', 0x000000008000ca94(.l_max_1068_Start+1c): 01498a63 beq     s3,s4,8000caa8
Info 'riscvOVPsim/cpu', 0x000000008000caa8(.l_minu_1069_Start): 3ea7d7b7 lui     a5,0x3ea7d
Info   a5 5707521f -> 3ea7d000
Info 'riscvOVPsim/cpu', 0x000000008000caac(.l_minu_1069_Start+4): f9678793 addi    a5,a5,-106
Info   a5 3ea7d000 -> 3ea7cf96
Info 'riscvOVPsim/cpu', 0x000000008000cab0(.l_minu_1069_Start+8): 482a98b7 lui     a7,0x482a9
Info   a7 07a8407c -> 482a9000
Info 'riscvOVPsim/cpu', 0x000000008000cab4(.l_minu_1069_Start+c): 53a88893 addi    a7,a7,1338
Info   a7 482a9000 -> 482a953a
Info 'riscvOVPsim/cpu', 0x000000008000cab8(.l_minu_1069_Start+10): b17e8b3 minu    a7,a5,a7
Info   a7 482a953a -> 3ea7cf96
Info 'riscvOVPsim/cpu', 0x000000008000cabc(.l_minu_1069_Start+14): 3ea7dfb7 lui     t6,0x3ea7d
Info   t6 07a8407c -> 3ea7d000
Info 'riscvOVPsim/cpu', 0x000000008000cac0(.l_minu_1069_Start+18): f96f8f93 addi    t6,t6,-106
Info   t6 3ea7d000 -> 3ea7cf96
Info 'riscvOVPsim/cpu', 0x000000008000cac4(.l_minu_1069_Start+1c): 01f88a63 beq     a7,t6,8000cad8
Info 'riscvOVPsim/cpu', 0x000000008000cad8(.l_maxu_1070_Start): 05325c37 lui     s8,0x5325
Info   s8 ed47ffff -> 05325000
Info 'riscvOVPsim/cpu', 0x000000008000cadc(.l_maxu_1070_Start+4): 5f9c0c13 addi    s8,s8,1529
Info   s8 05325000 -> 053255f9
Info 'riscvOVPsim/cpu', 0x000000008000cae0(.l_maxu_1070_Start+8): 10912a37 lui     s4,0x10912
Info   s4 4cb9fb30 -> 10912000
Info 'riscvOVPsim/cpu', 0x000000008000cae4(.l_maxu_1070_Start+c): 8dba0a13 addi    s4,s4,-1829
Info   s4 10912000 -> 109118db
Info 'riscvOVPsim/cpu', 0x000000008000cae8(.l_maxu_1070_Start+10): b4c7a33 maxu    s4,s8,s4
Info 'riscvOVPsim/cpu', 0x000000008000caec(.l_maxu_1070_Start+14): 10912537 lui     a0,0x10912
Info   a0 fa70515a -> 10912000
Info 'riscvOVPsim/cpu', 0x000000008000caf0(.l_maxu_1070_Start+18): 8db50513 addi    a0,a0,-1829
Info   a0 10912000 -> 109118db
Info 'riscvOVPsim/cpu', 0x000000008000caf4(.l_maxu_1070_Start+1c): 00aa0a63 beq     s4,a0,8000cb08
Info 'riscvOVPsim/cpu', 0x000000008000cb08(.l_shfl_1071_Start): 469084b7 lui     s1,0x46908
Info   s1 501123f7 -> 46908000
Info 'riscvOVPsim/cpu', 0x000000008000cb0c(.l_shfl_1071_Start+4): bea48493 addi    s1,s1,-1046
Info   s1 46908000 -> 46907bea
Info 'riscvOVPsim/cpu', 0x000000008000cb10(.l_shfl_1071_Start+8): 645f26b7 lui     a3,0x645f2
Info   a3 21408d84 -> 645f2000
Info 'riscvOVPsim/cpu', 0x000000008000cb14(.l_shfl_1071_Start+c): eb568693 addi    a3,a3,-331
Info   a3 645f2000 -> 645f1eb5
Info 'riscvOVPsim/cpu', 0x000000008000cb18(.l_shfl_1071_Start+10): 8d49eb3 shfl    t4,s1,a3
Info   t4 0573219f -> 29607edc
Info 'riscvOVPsim/cpu', 0x000000008000cb1c(.l_shfl_1071_Start+14): 296085b7 lui     a1,0x29608
Info   a1 2ae7a48f -> 29608000
Info 'riscvOVPsim/cpu', 0x000000008000cb20(.l_shfl_1071_Start+18): edc58593 addi    a1,a1,-292
Info   a1 29608000 -> 29607edc
Info 'riscvOVPsim/cpu', 0x000000008000cb24(.l_shfl_1071_Start+1c): 00be8a63 beq     t4,a1,8000cb38
Info 'riscvOVPsim/cpu', 0x000000008000cb38(.l_unshfl_1072_Start): 441a6c37 lui     s8,0x441a6
Info   s8 053255f9 -> 441a6000
Info 'riscvOVPsim/cpu', 0x000000008000cb3c(.l_unshfl_1072_Start+4): b24c0c13 addi    s8,s8,-1244
Info   s8 441a6000 -> 441a5b24
Info 'riscvOVPsim/cpu', 0x000000008000cb40(.l_unshfl_1072_Start+8): 68a26db7 lui     s11,0x68a26
Info   s11 fa70515a -> 68a26000
Info 'riscvOVPsim/cpu', 0x000000008000cb44(.l_unshfl_1072_Start+c): f24d8d93 addi    s11,s11,-220
Info   s11 68a26000 -> 68a25f24
Info 'riscvOVPsim/cpu', 0x000000008000cb48(.l_unshfl_1072_Start+10): 9bc57b3 unshfl  a5,s8,s11
Info   a5 3ea7cf96 -> 414a52b4
Info 'riscvOVPsim/cpu', 0x000000008000cb4c(.l_unshfl_1072_Start+14): 414a5b37 lui     s6,0x414a5
Info   s6 a4dd0ddb -> 414a5000
Info 'riscvOVPsim/cpu', 0x000000008000cb50(.l_unshfl_1072_Start+18): 2b4b0b13 addi    s6,s6,692
Info   s6 414a5000 -> 414a52b4
Info 'riscvOVPsim/cpu', 0x000000008000cb54(.l_unshfl_1072_Start+1c): 01678a63 beq     a5,s6,8000cb68
Info 'riscvOVPsim/cpu', 0x000000008000cb68(.l_bdep_1073_Start): 25a87c37 lui     s8,0x25a87
Info   s8 441a5b24 -> 25a87000
Info 'riscvOVPsim/cpu', 0x000000008000cb6c(.l_bdep_1073_Start+4): bedc0c13 addi    s8,s8,-1043
Info   s8 25a87000 -> 25a86bed
Info 'riscvOVPsim/cpu', 0x000000008000cb70(.l_bdep_1073_Start+8): 0fe2a4b7 lui     s1,0xfe2a
Info   s1 46907bea -> 0fe2a000
Info 'riscvOVPsim/cpu', 0x000000008000cb74(.l_bdep_1073_Start+c): 09948493 addi    s1,s1,153
Info   s1 0fe2a000 -> 0fe2a099
Info 'riscvOVPsim/cpu', 0x000000008000cb78(.l_bdep_1073_Start+10): 89c27b3 bdep    a5,s8,s1
Info   a5 414a52b4 -> 0ae28091
Info 'riscvOVPsim/cpu', 0x000000008000cb7c(.l_bdep_1073_Start+14): 0ae283b7 lui     t2,0xae28
Info   t2 0cb0f341 -> 0ae28000
Info 'riscvOVPsim/cpu', 0x000000008000cb80(.l_bdep_1073_Start+18): 09138393 addi    t2,t2,145
Info   t2 0ae28000 -> 0ae28091
Info 'riscvOVPsim/cpu', 0x000000008000cb84(.l_bdep_1073_Start+1c): 00778a63 beq     a5,t2,8000cb98
Info 'riscvOVPsim/cpu', 0x000000008000cb98(.l_bext_1074_Start): 5df34fb7 lui     t6,0x5df34
Info   t6 3ea7cf96 -> 5df34000
Info 'riscvOVPsim/cpu', 0x000000008000cb9c(.l_bext_1074_Start+4): 154f8f93 addi    t6,t6,340
Info   t6 5df34000 -> 5df34154
Info 'riscvOVPsim/cpu', 0x000000008000cba0(.l_bext_1074_Start+8): 38295437 lui     s0,0x38295
Info   s0 1485f5fc -> 38295000
Info 'riscvOVPsim/cpu', 0x000000008000cba4(.l_bext_1074_Start+c): 49e40413 addi    s0,s0,1182
Info   s0 38295000 -> 3829549e
Info 'riscvOVPsim/cpu', 0x000000008000cba8(.l_bext_1074_Start+10): 88fec33 bext    s8,t6,s0
Info   s8 25a86bed -> 00001d8a
Info 'riscvOVPsim/cpu', 0x000000008000cbac(.l_bext_1074_Start+14): 00002f37 lui     t5,0x2
Info   t5 1d83ae38 -> 00002000
Info 'riscvOVPsim/cpu', 0x000000008000cbb0(.l_bext_1074_Start+18): d8af0f13 addi    t5,t5,-630
Info   t5 00002000 -> 00001d8a
Info 'riscvOVPsim/cpu', 0x000000008000cbb4(.l_bext_1074_Start+1c): 01ec0a63 beq     s8,t5,8000cbc8
Info 'riscvOVPsim/cpu', 0x000000008000cbc8(.l_pack_1075_Start): 704104b7 lui     s1,0x70410
Info   s1 0fe2a099 -> 70410000
Info 'riscvOVPsim/cpu', 0x000000008000cbcc(.l_pack_1075_Start+4): ee648493 addi    s1,s1,-282
Info   s1 70410000 -> 7040fee6
Info 'riscvOVPsim/cpu', 0x000000008000cbd0(.l_pack_1075_Start+8): 5f92ab37 lui     s6,0x5f92a
Info   s6 414a52b4 -> 5f92a000
Info 'riscvOVPsim/cpu', 0x000000008000cbd4(.l_pack_1075_Start+c): 0d0b0b13 addi    s6,s6,208
Info   s6 5f92a000 -> 5f92a0d0
Info 'riscvOVPsim/cpu', 0x000000008000cbd8(.l_pack_1075_Start+10): 0964c1b3 undef
Info   gp 56a4fdf1 -> a0d0fee6
Info 'riscvOVPsim/cpu', 0x000000008000cbdc(.l_pack_1075_Start+14): a0d10437 lui     s0,0xa0d10
Info   s0 3829549e -> a0d10000
Info 'riscvOVPsim/cpu', 0x000000008000cbe0(.l_pack_1075_Start+18): ee640413 addi    s0,s0,-282
Info   s0 a0d10000 -> a0d0fee6
Info 'riscvOVPsim/cpu', 0x000000008000cbe4(.l_pack_1075_Start+1c): 00818a63 beq     gp,s0,8000cbf8
Info 'riscvOVPsim/cpu', 0x000000008000cbf8(.l_bfp_1076_Start): 603c9237 lui     tp,0x603c9
Info   tp 6f83dc83 -> 603c9000
Info 'riscvOVPsim/cpu', 0x000000008000cbfc(.l_bfp_1076_Start+4): 91420213 addi    tp,tp,-1772
Info   tp 603c9000 -> 603c8914
Info 'riscvOVPsim/cpu', 0x000000008000cc00(.l_bfp_1076_Start+8): 28388cb7 lui     s9,0x28388
Info   s9 00000014 -> 28388000
Info 'riscvOVPsim/cpu', 0x000000008000cc04(.l_bfp_1076_Start+c): 264c8c93 addi    s9,s9,612
Info   s9 28388000 -> 28388264
Info 'riscvOVPsim/cpu', 0x000000008000cc08(.l_bfp_1076_Start+10): 9927933 bfp     s2,tp,s9
Info   s2 47a9b428 -> 643c8914
Info 'riscvOVPsim/cpu', 0x000000008000cc0c(.l_bfp_1076_Start+14): 643c92b7 lui     t0,0x643c9
Info   t0 4cb9fb30 -> 643c9000
Info 'riscvOVPsim/cpu', 0x000000008000cc10(.l_bfp_1076_Start+18): 91428293 addi    t0,t0,-1772
Info   t0 643c9000 -> 643c8914
Info 'riscvOVPsim/cpu', 0x000000008000cc14(.l_bfp_1076_Start+1c): 00590a63 beq     s2,t0,8000cc28
Info 'riscvOVPsim/cpu', 0x000000008000cc28(.l_shfli_1077_Start): 3a4b01b7 lui     gp,0x3a4b0
Info   gp a0d0fee6 -> 3a4b0000
Info 'riscvOVPsim/cpu', 0x000000008000cc2c(.l_shfli_1077_Start+4): a2e18193 addi    gp,gp,-1490
Info   gp 3a4b0000 -> 3a4afa2e
Info 'riscvOVPsim/cpu', 0x000000008000cc30(.l_shfli_1077_Start+8): 9c19a13 shfli   s4,gp,28
Info   s4 109118db -> 3faa42ae
Info 'riscvOVPsim/cpu', 0x000000008000cc34(.l_shfli_1077_Start+c): 3faa4237 lui     tp,0x3faa4
Info   tp 603c8914 -> 3faa4000
Info 'riscvOVPsim/cpu', 0x000000008000cc38(.l_shfli_1077_Start+10): 2ae20213 addi    tp,tp,686
Info   tp 3faa4000 -> 3faa42ae
Info 'riscvOVPsim/cpu', 0x000000008000cc3c(.l_shfli_1077_Start+14): 004a0a63 beq     s4,tp,8000cc50
Info 'riscvOVPsim/cpu', 0x000000008000cc50(.l_unshfli_1078_Start): 7d29fa37 lui     s4,0x7d29f
Info   s4 3faa42ae -> 7d29f000
Info 'riscvOVPsim/cpu', 0x000000008000cc54(.l_unshfli_1078_Start+4): 81da0a13 addi    s4,s4,-2019
Info   s4 7d29f000 -> 7d29e81d
Info 'riscvOVPsim/cpu', 0x000000008000cc58(.l_unshfli_1078_Start+8): 9ea5013 unshfli zero,s4,30
Info 'riscvOVPsim/cpu', 0x000000008000cc5c(.l_unshfli_1078_Start+c): 00000493 mv      s1,zero
Info   s1 7040fee6 -> 00000000
Info 'riscvOVPsim/cpu', 0x000000008000cc60(.l_unshfli_1078_Start+10): 00900a63 beq     zero,s1,8000cc74
Info 'riscvOVPsim/cpu', 0x000000008000cc74(.l_andn_1079_Start): 4c61c337 lui     t1,0x4c61c
Info   t1 46005048 -> 4c61c000
Info 'riscvOVPsim/cpu', 0x000000008000cc78(.l_andn_1079_Start+4): 1a530313 addi    t1,t1,421
Info   t1 4c61c000 -> 4c61c1a5
Info 'riscvOVPsim/cpu', 0x000000008000cc7c(.l_andn_1079_Start+8): 068e1b37 lui     s6,0x68e1
Info   s6 5f92a0d0 -> 068e1000
Info 'riscvOVPsim/cpu', 0x000000008000cc80(.l_andn_1079_Start+c): dbeb0b13 addi    s6,s6,-578
Info   s6 068e1000 -> 068e0dbe
Info 'riscvOVPsim/cpu', 0x000000008000cc84(.l_andn_1079_Start+10): 41637ab3 andn    s5,t1,s6
Info   s5 ccbeb312 -> 4861c001
Info 'riscvOVPsim/cpu', 0x000000008000cc88(.l_andn_1079_Start+14): 4861ceb7 lui     t4,0x4861c
Info   t4 29607edc -> 4861c000
Info 'riscvOVPsim/cpu', 0x000000008000cc8c(.l_andn_1079_Start+18): 001e8e93 addi    t4,t4,1
Info   t4 4861c000 -> 4861c001
Info 'riscvOVPsim/cpu', 0x000000008000cc90(.l_andn_1079_Start+1c): 01da8a63 beq     s5,t4,8000cca4
Info 'riscvOVPsim/cpu', 0x000000008000cca4(.l_orn_1080_Start): 3bc5acb7 lui     s9,0x3bc5a
Info   s9 28388264 -> 3bc5a000
Info 'riscvOVPsim/cpu', 0x000000008000cca8(.l_orn_1080_Start+4): 702c8c93 addi    s9,s9,1794
Info   s9 3bc5a000 -> 3bc5a702
Info 'riscvOVPsim/cpu', 0x000000008000ccac(.l_orn_1080_Start+8): 1917be37 lui     t3,0x1917b
Info   t3 21408d84 -> 1917b000
Info 'riscvOVPsim/cpu', 0x000000008000ccb0(.l_orn_1080_Start+c): d32e0e13 addi    t3,t3,-718
Info   t3 1917b000 -> 1917ad32
Info 'riscvOVPsim/cpu', 0x000000008000ccb4(.l_orn_1080_Start+10): 41cceb33 orn     s6,s9,t3
Info   s6 068e0dbe -> ffedf7cf
Info 'riscvOVPsim/cpu', 0x000000008000ccb8(.l_orn_1080_Start+14): ffedfdb7 lui     s11,0xffedf
Info   s11 68a25f24 -> ffedf000
Info 'riscvOVPsim/cpu', 0x000000008000ccbc(.l_orn_1080_Start+18): 7cfd8d93 addi    s11,s11,1999
Info   s11 ffedf000 -> ffedf7cf
Info 'riscvOVPsim/cpu', 0x000000008000ccc0(.l_orn_1080_Start+1c): 01bb0a63 beq     s6,s11,8000ccd4
Info 'riscvOVPsim/cpu', 0x000000008000ccd4(.l_xnor_1081_Start): 4c7b64b7 lui     s1,0x4c7b6
Info   s1 00000000 -> 4c7b6000
Info 'riscvOVPsim/cpu', 0x000000008000ccd8(.l_xnor_1081_Start+4): 3ad48493 addi    s1,s1,941
Info   s1 4c7b6000 -> 4c7b63ad
Info 'riscvOVPsim/cpu', 0x000000008000ccdc(.l_xnor_1081_Start+8): 5a525137 lui     sp,0x5a525
Info   sp 0c76f2e7 -> 5a525000
Info 'riscvOVPsim/cpu', 0x000000008000cce0(.l_xnor_1081_Start+c): 47c10113 addi    sp,sp,1148
Info   sp 5a525000 -> 5a52547c
Info 'riscvOVPsim/cpu', 0x000000008000cce4(.l_xnor_1081_Start+10): 4024c833 xnor    a6,s1,sp
Info   a6 1bf92202 -> e9d6c82e
Info 'riscvOVPsim/cpu', 0x000000008000cce8(.l_xnor_1081_Start+14): e9d6d237 lui     tp,0xe9d6d
Info   tp 3faa42ae -> e9d6d000
Info 'riscvOVPsim/cpu', 0x000000008000ccec(.l_xnor_1081_Start+18): 82e20213 addi    tp,tp,-2002
Info   tp e9d6d000 -> e9d6c82e
Info 'riscvOVPsim/cpu', 0x000000008000ccf0(.l_xnor_1081_Start+1c): 00480a63 beq     a6,tp,8000cd04
Info 'riscvOVPsim/cpu', 0x000000008000cd04(.l_slo_1082_Start): 3804a0b7 lui     ra,0x3804a
Info   ra 491e937f -> 3804a000
Info 'riscvOVPsim/cpu', 0x000000008000cd08(.l_slo_1082_Start+4): 44508093 addi    ra,ra,1093
Info   ra 3804a000 -> 3804a445
Info 'riscvOVPsim/cpu', 0x000000008000cd0c(.l_slo_1082_Start+8): 00000013 nop
Info 'riscvOVPsim/cpu', 0x000000008000cd10(.l_slo_1082_Start+c): 200090b3 slo     ra,ra,zero
Info 'riscvOVPsim/cpu', 0x000000008000cd14(.l_slo_1082_Start+10): 3804a937 lui     s2,0x3804a
Info   s2 643c8914 -> 3804a000
Info 'riscvOVPsim/cpu', 0x000000008000cd18(.l_slo_1082_Start+14): 44590913 addi    s2,s2,1093
Info   s2 3804a000 -> 3804a445
Info 'riscvOVPsim/cpu', 0x000000008000cd1c(.l_slo_1082_Start+18): 01208a63 beq     ra,s2,8000cd30
Info 'riscvOVPsim/cpu', 0x000000008000cd30(.l_sro_1083_Start): 2ae422b7 lui     t0,0x2ae42
Info   t0 643c8914 -> 2ae42000
Info 'riscvOVPsim/cpu', 0x000000008000cd34(.l_sro_1083_Start+4): 3d928293 addi    t0,t0,985
Info   t0 2ae42000 -> 2ae423d9
Info 'riscvOVPsim/cpu', 0x000000008000cd38(.l_sro_1083_Start+8): 7cd979b7 lui     s3,0x7cd97
Info   s3 4cb9fb30 -> 7cd97000
Info 'riscvOVPsim/cpu', 0x000000008000cd3c(.l_sro_1083_Start+c): 8d198993 addi    s3,s3,-1839
Info   s3 7cd97000 -> 7cd968d1
Info 'riscvOVPsim/cpu', 0x000000008000cd40(.l_sro_1083_Start+10): 2132de33 sro     t3,t0,s3
Info   t3 1917ad32 -> ffff9572
Info 'riscvOVPsim/cpu', 0x000000008000cd44(.l_sro_1083_Start+14): ffff94b7 lui     s1,0xffff9
Info   s1 4c7b63ad -> ffff9000
Info 'riscvOVPsim/cpu', 0x000000008000cd48(.l_sro_1083_Start+18): 57248493 addi    s1,s1,1394
Info   s1 ffff9000 -> ffff9572
Info 'riscvOVPsim/cpu', 0x000000008000cd4c(.l_sro_1083_Start+1c): 009e0a63 beq     t3,s1,8000cd60
Info 'riscvOVPsim/cpu', 0x000000008000cd60(.l_rol_1084_Start): 351a9b37 lui     s6,0x351a9
Info   s6 ffedf7cf -> 351a9000
Info 'riscvOVPsim/cpu', 0x000000008000cd64(.l_rol_1084_Start+4): 4acb0b13 addi    s6,s6,1196
Info   s6 351a9000 -> 351a94ac
Info 'riscvOVPsim/cpu', 0x000000008000cd68(.l_rol_1084_Start+8): 268d8337 lui     t1,0x268d8
Info   t1 4c61c1a5 -> 268d8000
Info 'riscvOVPsim/cpu', 0x000000008000cd6c(.l_rol_1084_Start+c): d9330313 addi    t1,t1,-621
Info   t1 268d8000 -> 268d7d93
Info 'riscvOVPsim/cpu', 0x000000008000cd70(.l_rol_1084_Start+10): 606b1ab3 rol     s5,s6,t1
Info   s5 4861c001 -> a561a8d4
Info 'riscvOVPsim/cpu', 0x000000008000cd74(.l_rol_1084_Start+14): a561beb7 lui     t4,0xa561b
Info   t4 4861c001 -> a561b000
Info 'riscvOVPsim/cpu', 0x000000008000cd78(.l_rol_1084_Start+18): 8d4e8e93 addi    t4,t4,-1836
Info   t4 a561b000 -> a561a8d4
Info 'riscvOVPsim/cpu', 0x000000008000cd7c(.l_rol_1084_Start+1c): 01da8a63 beq     s5,t4,8000cd90
Info 'riscvOVPsim/cpu', 0x000000008000cd90(.l_ror_1085_Start): 7a600537 lui     a0,0x7a600
Info   a0 109118db -> 7a600000
Info 'riscvOVPsim/cpu', 0x000000008000cd94(.l_ror_1085_Start+4): 4c650513 addi    a0,a0,1222
Info   a0 7a600000 -> 7a6004c6
Info 'riscvOVPsim/cpu', 0x000000008000cd98(.l_ror_1085_Start+8): 44e464b7 lui     s1,0x44e46
Info   s1 ffff9572 -> 44e46000
Info 'riscvOVPsim/cpu', 0x000000008000cd9c(.l_ror_1085_Start+c): aa248493 addi    s1,s1,-1374
Info   s1 44e46000 -> 44e45aa2
Info 'riscvOVPsim/cpu', 0x000000008000cda0(.l_ror_1085_Start+10): 60955033 ror     zero,a0,s1
Info 'riscvOVPsim/cpu', 0x000000008000cda4(.l_ror_1085_Start+14): 00000313 mv      t1,zero
Info   t1 268d7d93 -> 00000000
Info 'riscvOVPsim/cpu', 0x000000008000cda8(.l_ror_1085_Start+18): 00600a63 beq     zero,t1,8000cdbc
Info 'riscvOVPsim/cpu', 0x000000008000cdbc(.l_sbclr_1086_Start): 0c220cb7 lui     s9,0xc220
Info   s9 3bc5a702 -> 0c220000
Info 'riscvOVPsim/cpu', 0x000000008000cdc0(.l_sbclr_1086_Start+4): ffbc8c93 addi    s9,s9,-5
Info   s9 0c220000 -> 0c21fffb
Info 'riscvOVPsim/cpu', 0x000000008000cdc4(.l_sbclr_1086_Start+8): 640ef937 lui     s2,0x640ef
Info   s2 3804a445 -> 640ef000
Info 'riscvOVPsim/cpu', 0x000000008000cdc8(.l_sbclr_1086_Start+c): 4f490913 addi    s2,s2,1268
Info   s2 640ef000 -> 640ef4f4
Info 'riscvOVPsim/cpu', 0x000000008000cdcc(.l_sbclr_1086_Start+10): 492c9e33 sbclr   t3,s9,s2
Info   t3 ffff9572 -> 0c21fffb
Info 'riscvOVPsim/cpu', 0x000000008000cdd0(.l_sbclr_1086_Start+14): 0c220ab7 lui     s5,0xc220
Info   s5 a561a8d4 -> 0c220000
Info 'riscvOVPsim/cpu', 0x000000008000cdd4(.l_sbclr_1086_Start+18): ffba8a93 addi    s5,s5,-5
Info   s5 0c220000 -> 0c21fffb
Info 'riscvOVPsim/cpu', 0x000000008000cdd8(.l_sbclr_1086_Start+1c): 015e0a63 beq     t3,s5,8000cdec
Info 'riscvOVPsim/cpu', 0x000000008000cdec(.l_sbset_1087_Start): 68ff3bb7 lui     s7,0x68ff3
Info   s7 7fad5ecb -> 68ff3000
Info 'riscvOVPsim/cpu', 0x000000008000cdf0(.l_sbset_1087_Start+4): b57b8b93 addi    s7,s7,-1193
Info   s7 68ff3000 -> 68ff2b57
Info 'riscvOVPsim/cpu', 0x000000008000cdf4(.l_sbset_1087_Start+8): 745a2ab7 lui     s5,0x745a2
Info   s5 0c21fffb -> 745a2000
Info 'riscvOVPsim/cpu', 0x000000008000cdf8(.l_sbset_1087_Start+c): b6ba8a93 addi    s5,s5,-1173
Info   s5 745a2000 -> 745a1b6b
Info 'riscvOVPsim/cpu', 0x000000008000cdfc(.l_sbset_1087_Start+10): 295b9933 sbset   s2,s7,s5
Info   s2 640ef4f4 -> 68ff2b57
Info 'riscvOVPsim/cpu', 0x000000008000ce00(.l_sbset_1087_Start+14): 68ff38b7 lui     a7,0x68ff3
Info   a7 3ea7cf96 -> 68ff3000
Info 'riscvOVPsim/cpu', 0x000000008000ce04(.l_sbset_1087_Start+18): b5788893 addi    a7,a7,-1193
Info   a7 68ff3000 -> 68ff2b57
Info 'riscvOVPsim/cpu', 0x000000008000ce08(.l_sbset_1087_Start+1c): 01190a63 beq     s2,a7,8000ce1c
Info 'riscvOVPsim/cpu', 0x000000008000ce1c(.l_sbinv_1088_Start): 32ac59b7 lui     s3,0x32ac5
Info   s3 7cd968d1 -> 32ac5000
Info 'riscvOVPsim/cpu', 0x000000008000ce20(.l_sbinv_1088_Start+4): b9098993 addi    s3,s3,-1136
Info   s3 32ac5000 -> 32ac4b90
Info 'riscvOVPsim/cpu', 0x000000008000ce24(.l_sbinv_1088_Start+8): 10212837 lui     a6,0x10212
Info   a6 e9d6c82e -> 10212000
Info 'riscvOVPsim/cpu', 0x000000008000ce28(.l_sbinv_1088_Start+c): 06a80813 addi    a6,a6,106
Info   a6 10212000 -> 1021206a
Info 'riscvOVPsim/cpu', 0x000000008000ce2c(.l_sbinv_1088_Start+10): 69099c33 sbinv   s8,s3,a6
Info   s8 00001d8a -> 32ac4f90
Info 'riscvOVPsim/cpu', 0x000000008000ce30(.l_sbinv_1088_Start+14): 32ac5a37 lui     s4,0x32ac5
Info   s4 7d29e81d -> 32ac5000
Info 'riscvOVPsim/cpu', 0x000000008000ce34(.l_sbinv_1088_Start+18): f90a0a13 addi    s4,s4,-112
Info   s4 32ac5000 -> 32ac4f90
Info 'riscvOVPsim/cpu', 0x000000008000ce38(.l_sbinv_1088_Start+1c): 014c0a63 beq     s8,s4,8000ce4c
Info 'riscvOVPsim/cpu', 0x000000008000ce4c(.l_sbext_1089_Start): 065722b7 lui     t0,0x6572
Info   t0 2ae423d9 -> 06572000
Info 'riscvOVPsim/cpu', 0x000000008000ce50(.l_sbext_1089_Start+4): 94028293 addi    t0,t0,-1728
Info   t0 06572000 -> 06571940
Info 'riscvOVPsim/cpu', 0x000000008000ce54(.l_sbext_1089_Start+8): 00000013 nop
Info 'riscvOVPsim/cpu', 0x000000008000ce58(.l_sbext_1089_Start+c): 4802deb3 sbext   t4,t0,zero
Info   t4 a561a8d4 -> 00000000
Info 'riscvOVPsim/cpu', 0x000000008000ce5c(.l_sbext_1089_Start+10): 00000113 mv      sp,zero
Info   sp 5a52547c -> 00000000
Info 'riscvOVPsim/cpu', 0x000000008000ce60(.l_sbext_1089_Start+14): 002e8a63 beq     t4,sp,8000ce74
Info 'riscvOVPsim/cpu', 0x000000008000ce74(.l_grev_1090_Start): 7e446bb7 lui     s7,0x7e446
Info   s7 68ff2b57 -> 7e446000
Info 'riscvOVPsim/cpu', 0x000000008000ce78(.l_grev_1090_Start+4): c01b8b93 addi    s7,s7,-1023
Info   s7 7e446000 -> 7e445c01
Info 'riscvOVPsim/cpu', 0x000000008000ce7c(.l_grev_1090_Start+8): 00000013 nop
Info 'riscvOVPsim/cpu', 0x000000008000ce80(.l_grev_1090_Start+c): 680bd6b3 grev    a3,s7,zero
Info   a3 645f1eb5 -> 7e445c01
Info 'riscvOVPsim/cpu', 0x000000008000ce84(.l_grev_1090_Start+10): 7e446ab7 lui     s5,0x7e446
Info   s5 745a1b6b -> 7e446000
Info 'riscvOVPsim/cpu', 0x000000008000ce88(.l_grev_1090_Start+14): c01a8a93 addi    s5,s5,-1023
Info   s5 7e446000 -> 7e445c01
Info 'riscvOVPsim/cpu', 0x000000008000ce8c(.l_grev_1090_Start+18): 01568a63 beq     a3,s5,8000cea0
Info 'riscvOVPsim/cpu', 0x000000008000cea0(.l_sloi_1091_Start): 36ca2f37 lui     t5,0x36ca2
Info   t5 00001d8a -> 36ca2000
Info 'riscvOVPsim/cpu', 0x000000008000cea4(.l_sloi_1091_Start+4): a37f0f13 addi    t5,t5,-1481
Info   t5 36ca2000 -> 36ca1a37
Info 'riscvOVPsim/cpu', 0x000000008000cea8(.l_sloi_1091_Start+8): 223f1c93 sloi    s9,t5,35
Info   s9 0c21fffb -> b650d1bf
Info 'riscvOVPsim/cpu', 0x000000008000ceac(.l_sloi_1091_Start+c): b650d537 lui     a0,0xb650d
Info   a0 7a6004c6 -> b650d000
Info 'riscvOVPsim/cpu', 0x000000008000ceb0(.l_sloi_1091_Start+10): 1bf50513 addi    a0,a0,447
Info   a0 b650d000 -> b650d1bf
Info 'riscvOVPsim/cpu', 0x000000008000ceb4(.l_sloi_1091_Start+14): 00ac8a63 beq     s9,a0,8000cec8
Info 'riscvOVPsim/cpu', 0x000000008000cec8(.l_sroi_1092_Start): 2be87d37 lui     s10,0x2be87
Info   s10 1bf92202 -> 2be87000
Info 'riscvOVPsim/cpu', 0x000000008000cecc(.l_sroi_1092_Start+4): 9acd0d13 addi    s10,s10,-1620
Info   s10 2be87000 -> 2be869ac
Info 'riscvOVPsim/cpu', 0x000000008000ced0(.l_sroi_1092_Start+8): 232d5b13 sroi    s6,s10,50
Info   s6 351a94ac -> ffffcafa
Info 'riscvOVPsim/cpu', 0x000000008000ced4(.l_sroi_1092_Start+c): ffffdfb7 lui     t6,0xffffd
Info   t6 5df34154 -> ffffd000
Info 'riscvOVPsim/cpu', 0x000000008000ced8(.l_sroi_1092_Start+10): afaf8f93 addi    t6,t6,-1286
Info   t6 ffffd000 -> ffffcafa
Info 'riscvOVPsim/cpu', 0x000000008000cedc(.l_sroi_1092_Start+14): 01fb0a63 beq     s6,t6,8000cef0
Info 'riscvOVPsim/cpu', 0x000000008000cef0(.l_rori_1093_Start): 00000013 nop
Info 'riscvOVPsim/cpu', 0x000000008000cef4(.l_rori_1093_Start+4): 60005513 rori    a0,zero,0
Info   a0 b650d1bf -> 00000000
Info 'riscvOVPsim/cpu', 0x000000008000cef8(.l_rori_1093_Start+8): 00000393 mv      t2,zero
Info   t2 0ae28091 -> 00000000
Info 'riscvOVPsim/cpu', 0x000000008000cefc(.l_rori_1093_Start+c): 00750a63 beq     a0,t2,8000cf10
Info 'riscvOVPsim/cpu', 0x000000008000cf10(.l_sbclri_1094_Start): 46149c37 lui     s8,0x46149
Info   s8 32ac4f90 -> 46149000
Info 'riscvOVPsim/cpu', 0x000000008000cf14(.l_sbclri_1094_Start+4): 1a4c0c13 addi    s8,s8,420
Info   s8 46149000 -> 461491a4
Info 'riscvOVPsim/cpu', 0x000000008000cf18(.l_sbclri_1094_Start+8): 495c1593 sbclri  a1,s8,21
Info   a1 29607edc -> 461491a4
Info 'riscvOVPsim/cpu', 0x000000008000cf1c(.l_sbclri_1094_Start+c): 46149237 lui     tp,0x46149
Info   tp e9d6c82e -> 46149000
Info 'riscvOVPsim/cpu', 0x000000008000cf20(.l_sbclri_1094_Start+10): 1a420213 addi    tp,tp,420
Info   tp 46149000 -> 461491a4
Info 'riscvOVPsim/cpu', 0x000000008000cf24(.l_sbclri_1094_Start+14): 00458a63 beq     a1,tp,8000cf38
Info 'riscvOVPsim/cpu', 0x000000008000cf38(.l_sbseti_1095_Start): 5b9ab2b7 lui     t0,0x5b9ab
Info   t0 06571940 -> 5b9ab000
Info 'riscvOVPsim/cpu', 0x000000008000cf3c(.l_sbseti_1095_Start+4): 04628293 addi    t0,t0,70
Info   t0 5b9ab000 -> 5b9ab046
Info 'riscvOVPsim/cpu', 0x000000008000cf40(.l_sbseti_1095_Start+8): 28229293 sbseti  t0,t0,2
Info 'riscvOVPsim/cpu', 0x000000008000cf44(.l_sbseti_1095_Start+c): 5b9ab1b7 lui     gp,0x5b9ab
Info   gp 3a4afa2e -> 5b9ab000
Info 'riscvOVPsim/cpu', 0x000000008000cf48(.l_sbseti_1095_Start+10): 04618193 addi    gp,gp,70
Info   gp 5b9ab000 -> 5b9ab046
Info 'riscvOVPsim/cpu', 0x000000008000cf4c(.l_sbseti_1095_Start+14): 00328a63 beq     t0,gp,8000cf60
Info 'riscvOVPsim/cpu', 0x000000008000cf60(.l_sbinvi_1096_Start): 3ad15537 lui     a0,0x3ad15
Info   a0 00000000 -> 3ad15000
Info 'riscvOVPsim/cpu', 0x000000008000cf64(.l_sbinvi_1096_Start+4): 24a50513 addi    a0,a0,586
Info   a0 3ad15000 -> 3ad1524a
Info 'riscvOVPsim/cpu', 0x000000008000cf68(.l_sbinvi_1096_Start+8): 69351313 sbinvi  t1,a0,19
Info   t1 00000000 -> 3ad9524a
Info 'riscvOVPsim/cpu', 0x000000008000cf6c(.l_sbinvi_1096_Start+c): 3ad95e37 lui     t3,0x3ad95
Info   t3 0c21fffb -> 3ad95000
Info 'riscvOVPsim/cpu', 0x000000008000cf70(.l_sbinvi_1096_Start+10): 24ae0e13 addi    t3,t3,586
Info   t3 3ad95000 -> 3ad9524a
Info 'riscvOVPsim/cpu', 0x000000008000cf74(.l_sbinvi_1096_Start+14): 01c30a63 beq     t1,t3,8000cf88
Info 'riscvOVPsim/cpu', 0x000000008000cf88(.l_sbexti_1097_Start): 44d18f37 lui     t5,0x44d18
Info   t5 36ca1a37 -> 44d18000
Info 'riscvOVPsim/cpu', 0x000000008000cf8c(.l_sbexti_1097_Start+4): f02f0f13 addi    t5,t5,-254
Info   t5 44d18000 -> 44d17f02
Info 'riscvOVPsim/cpu', 0x000000008000cf90(.l_sbexti_1097_Start+8): 483f5513 sbexti  a0,t5,3
Info   a0 3ad1524a -> 00000000
Info 'riscvOVPsim/cpu', 0x000000008000cf94(.l_sbexti_1097_Start+c): 00000813 mv      a6,zero
Info   a6 1021206a -> 00000000
Info 'riscvOVPsim/cpu', 0x000000008000cf98(.l_sbexti_1097_Start+10): 01050a63 beq     a0,a6,8000cfac
Info 'riscvOVPsim/cpu', 0x000000008000cfac(.l_grevi_1098_Start): 0edf7fb7 lui     t6,0xedf7
Info   t6 ffffcafa -> 0edf7000
Info 'riscvOVPsim/cpu', 0x000000008000cfb0(.l_grevi_1098_Start+4): 172f8f93 addi    t6,t6,370
Info   t6 0edf7000 -> 0edf7172
Info 'riscvOVPsim/cpu', 0x000000008000cfb4(.l_grevi_1098_Start+8): 6b8fdc93 grevi   s9,t6,56
Info   s9 b650d1bf -> 7271df0e
Info 'riscvOVPsim/cpu', 0x000000008000cfb8(.l_grevi_1098_Start+c): 7271e0b7 lui     ra,0x7271e
Info   ra 3804a445 -> 7271e000
Info 'riscvOVPsim/cpu', 0x000000008000cfbc(.l_grevi_1098_Start+10): f0e08093 addi    ra,ra,-242
Info   ra 7271e000 -> 7271df0e
Info 'riscvOVPsim/cpu', 0x000000008000cfc0(.l_grevi_1098_Start+14): 001c8a63 beq     s9,ra,8000cfd4
Info 'riscvOVPsim/cpu', 0x000000008000cfd4(.l_cmix_1099_Start): 00000013 nop
Info 'riscvOVPsim/cpu', 0x000000008000cfd8(.l_cmix_1099_Start+4): 4a9f8e37 lui     t3,0x4a9f8
Info   t3 3ad9524a -> 4a9f8000
Info 'riscvOVPsim/cpu', 0x000000008000cfdc(.l_cmix_1099_Start+8): a1de0e13 addi    t3,t3,-1507
Info   t3 4a9f8000 -> 4a9f7a1d
Info 'riscvOVPsim/cpu', 0x000000008000cfe0(.l_cmix_1099_Start+c): 123d9137 lui     sp,0x123d9
Info   sp 00000000 -> 123d9000
Info 'riscvOVPsim/cpu', 0x000000008000cfe4(.l_cmix_1099_Start+10): 7cd10113 addi    sp,sp,1997
Info   sp 123d9000 -> 123d97cd
Info 'riscvOVPsim/cpu', 0x000000008000cfe8(.l_cmix_1099_Start+14): 17c01133 cmix    sp,zero,t3,sp
Info   sp 123d97cd -> 102085c0
Info 'riscvOVPsim/cpu', 0x000000008000cfec(.l_cmix_1099_Start+18): 102082b7 lui     t0,0x10208
Info   t0 5b9ab046 -> 10208000
Info 'riscvOVPsim/cpu', 0x000000008000cff0(.l_cmix_1099_Start+1c): 5c028293 addi    t0,t0,1472
Info   t0 10208000 -> 102085c0
Info 'riscvOVPsim/cpu', 0x000000008000cff4(.l_cmix_1099_Start+20): 00510a63 beq     sp,t0,8000d008
Info 'riscvOVPsim/cpu', 0x000000008000d008(.l_cmov_1100_Start): 48f38937 lui     s2,0x48f38
Info   s2 68ff2b57 -> 48f38000
Info 'riscvOVPsim/cpu', 0x000000008000d00c(.l_cmov_1100_Start+4): f2e90913 addi    s2,s2,-210
Info   s2 48f38000 -> 48f37f2e
Info 'riscvOVPsim/cpu', 0x000000008000d010(.l_cmov_1100_Start+8): 263024b7 lui     s1,0x26302
Info   s1 44e45aa2 -> 26302000
Info 'riscvOVPsim/cpu', 0x000000008000d014(.l_cmov_1100_Start+c): c3f48493 addi    s1,s1,-961
Info   s1 26302000 -> 26301c3f
Info 'riscvOVPsim/cpu', 0x000000008000d018(.l_cmov_1100_Start+10): 75a3ceb7 lui     t4,0x75a3c
Info   t4 00000000 -> 75a3c000
Info 'riscvOVPsim/cpu', 0x000000008000d01c(.l_cmov_1100_Start+14): 821e8e93 addi    t4,t4,-2015
Info   t4 75a3c000 -> 75a3b821
Info 'riscvOVPsim/cpu', 0x000000008000d020(.l_cmov_1100_Start+18): ee995c33 cmov    s8,s2,s1,t4
Info   s8 461491a4 -> 48f37f2e
Info 'riscvOVPsim/cpu', 0x000000008000d024(.l_cmov_1100_Start+1c): 48f386b7 lui     a3,0x48f38
Info   a3 7e445c01 -> 48f38000
Info 'riscvOVPsim/cpu', 0x000000008000d028(.l_cmov_1100_Start+20): f2e68693 addi    a3,a3,-210
Info   a3 48f38000 -> 48f37f2e
Info 'riscvOVPsim/cpu', 0x000000008000d02c(.l_cmov_1100_Start+24): 00dc0a63 beq     s8,a3,8000d040
Info 'riscvOVPsim/cpu', 0x000000008000d040(.l_fsl_1101_Start): 5da822b7 lui     t0,0x5da82
Info   t0 102085c0 -> 5da82000
Info 'riscvOVPsim/cpu', 0x000000008000d044(.l_fsl_1101_Start+4): 37528293 addi    t0,t0,885
Info   t0 5da82000 -> 5da82375
Info 'riscvOVPsim/cpu', 0x000000008000d048(.l_fsl_1101_Start+8): 5f4975b7 lui     a1,0x5f497
Info   a1 461491a4 -> 5f497000
Info 'riscvOVPsim/cpu', 0x000000008000d04c(.l_fsl_1101_Start+c): 59258593 addi    a1,a1,1426
Info   a1 5f497000 -> 5f497592
Info 'riscvOVPsim/cpu', 0x000000008000d050(.l_fsl_1101_Start+10): 1997c3b7 lui     t2,0x1997c
Info   t2 00000000 -> 1997c000
Info 'riscvOVPsim/cpu', 0x000000008000d054(.l_fsl_1101_Start+14): 72138393 addi    t2,t2,1825
Info   t2 1997c000 -> 1997c721
Info 'riscvOVPsim/cpu', 0x000000008000d058(.l_fsl_1101_Start+18): 3cb29a33 fsl     s4,t0,a1,t2
Info   s4 32ac4f90 -> 8dd4665f
Info 'riscvOVPsim/cpu', 0x000000008000d05c(.l_fsl_1101_Start+1c): 8dd46137 lui     sp,0x8dd46
Info   sp 102085c0 -> 8dd46000
Info 'riscvOVPsim/cpu', 0x000000008000d060(.l_fsl_1101_Start+20): 65f10113 addi    sp,sp,1631
Info   sp 8dd46000 -> 8dd4665f
Info 'riscvOVPsim/cpu', 0x000000008000d064(.l_fsl_1101_Start+24): 002a0a63 beq     s4,sp,8000d078
Info 'riscvOVPsim/cpu', 0x000000008000d078(.l_fsr_1102_Start): 24090d37 lui     s10,0x24090
Info   s10 2be869ac -> 24090000
Info 'riscvOVPsim/cpu', 0x000000008000d07c(.l_fsr_1102_Start+4): ddbd0d13 addi    s10,s10,-549
Info   s10 24090000 -> 2408fddb
Info 'riscvOVPsim/cpu', 0x000000008000d080(.l_fsr_1102_Start+8): 6b0811b7 lui     gp,0x6b081
Info   gp 5b9ab046 -> 6b081000
Info 'riscvOVPsim/cpu', 0x000000008000d084(.l_fsr_1102_Start+c): 18518193 addi    gp,gp,389
Info   gp 6b081000 -> 6b081185
Info 'riscvOVPsim/cpu', 0x000000008000d088(.l_fsr_1102_Start+10): 4f458937 lui     s2,0x4f458
Info   s2 48f37f2e -> 4f458000
Info 'riscvOVPsim/cpu', 0x000000008000d08c(.l_fsr_1102_Start+14): b4c90913 addi    s2,s2,-1204
Info   s2 4f458000 -> 4f457b4c
Info 'riscvOVPsim/cpu', 0x000000008000d090(.l_fsr_1102_Start+18): 943d5cb3 fsr     s9,s10,gp,s2
Info   s9 7271df0e -> 612047ee
Info 'riscvOVPsim/cpu', 0x000000008000d094(.l_fsr_1102_Start+1c): 61204fb7 lui     t6,0x61204
Info   t6 0edf7172 -> 61204000
Info 'riscvOVPsim/cpu', 0x000000008000d098(.l_fsr_1102_Start+20): 7eef8f93 addi    t6,t6,2030
Info   t6 61204000 -> 612047ee
Info 'riscvOVPsim/cpu', 0x000000008000d09c(.l_fsr_1102_Start+24): 01fc8a63 beq     s9,t6,8000d0b0
Info 'riscvOVPsim/cpu', 0x000000008000d0b0(.l_fsri_1103_Start): 5224d2b7 lui     t0,0x5224d
Info   t0 5da82375 -> 5224d000
Info 'riscvOVPsim/cpu', 0x000000008000d0b4(.l_fsri_1103_Start+4): 58528293 addi    t0,t0,1413
Info   t0 5224d000 -> 5224d585
Info 'riscvOVPsim/cpu', 0x000000008000d0b8(.l_fsri_1103_Start+8): 44f3b437 lui     s0,0x44f3b
Info   s0 a0d0fee6 -> 44f3b000
Info 'riscvOVPsim/cpu', 0x000000008000d0bc(.l_fsri_1103_Start+c): bed40413 addi    s0,s0,-1043
Info   s0 44f3b000 -> 44f3abed
Info 'riscvOVPsim/cpu', 0x000000008000d0c0(.l_fsri_1103_Start+10): 4402de93 fsri    t4,t0,s0,0
Info   t4 75a3b821 -> 5224d585
Info 'riscvOVPsim/cpu', 0x000000008000d0c4(.l_fsri_1103_Start+14): 5224d4b7 lui     s1,0x5224d
Info   s1 26301c3f -> 5224d000
Info 'riscvOVPsim/cpu', 0x000000008000d0c8(.l_fsri_1103_Start+18): 58548493 addi    s1,s1,1413
Info   s1 5224d000 -> 5224d585
Info 'riscvOVPsim/cpu', 0x000000008000d0cc(.l_fsri_1103_Start+1c): 009e8a63 beq     t4,s1,8000d0e0
Info 'riscvOVPsim/cpu', 0x000000008000d0e0(.l_clz_1104_Start): 61459c37 lui     s8,0x61459
Info   s8 48f37f2e -> 61459000
Info 'riscvOVPsim/cpu', 0x000000008000d0e4(.l_clz_1104_Start+4): 05bc0c13 addi    s8,s8,91
Info   s8 61459000 -> 6145905b
Info 'riscvOVPsim/cpu', 0x000000008000d0e8(.l_clz_1104_Start+8): 600c1f13 clz     t5,s8
Info   t5 44d17f02 -> 00000001
Info 'riscvOVPsim/cpu', 0x000000008000d0ec(.l_clz_1104_Start+c): 00100813 addi    a6,zero,1
Info   a6 00000000 -> 00000001
Info 'riscvOVPsim/cpu', 0x000000008000d0f0(.l_clz_1104_Start+10): 010f0a63 beq     t5,a6,8000d104
Info 'riscvOVPsim/cpu', 0x000000008000d104(.l_ctz_1105_Start): 09edc2b7 lui     t0,0x9edc
Info   t0 5224d585 -> 09edc000
Info 'riscvOVPsim/cpu', 0x000000008000d108(.l_ctz_1105_Start+4): 97128293 addi    t0,t0,-1679
Info   t0 09edc000 -> 09edb971
Info 'riscvOVPsim/cpu', 0x000000008000d10c(.l_ctz_1105_Start+8): 60129793 ctz     a5,t0
Info   a5 0ae28091 -> 00000000
Info 'riscvOVPsim/cpu', 0x000000008000d110(.l_ctz_1105_Start+c): 00000893 mv      a7,zero
Info   a7 68ff2b57 -> 00000000
Info 'riscvOVPsim/cpu', 0x000000008000d114(.l_ctz_1105_Start+10): 01178a63 beq     a5,a7,8000d128
Info 'riscvOVPsim/cpu', 0x000000008000d128(.l_pcnt_1106_Start): 456fffb7 lui     t6,0x456ff
Info   t6 612047ee -> 456ff000
Info 'riscvOVPsim/cpu', 0x000000008000d12c(.l_pcnt_1106_Start+4): 6a1f8f93 addi    t6,t6,1697
Info   t6 456ff000 -> 456ff6a1
Info 'riscvOVPsim/cpu', 0x000000008000d130(.l_pcnt_1106_Start+8): 602f9c93 pcnt    s9,t6
Info   s9 612047ee -> 00000012
Info 'riscvOVPsim/cpu', 0x000000008000d134(.l_pcnt_1106_Start+c): 01200093 addi    ra,zero,18
Info   ra 7271df0e -> 00000012
Info 'riscvOVPsim/cpu', 0x000000008000d138(.l_pcnt_1106_Start+10): 001c8a63 beq     s9,ra,8000d14c
Info 'riscvOVPsim/cpu', 0x000000008000d14c(.l_crc32_b_1107_Start): 4d870937 lui     s2,0x4d870
Info   s2 4f457b4c -> 4d870000
Info 'riscvOVPsim/cpu', 0x000000008000d150(.l_crc32_b_1107_Start+4): 4e290913 addi    s2,s2,1250
Info   s2 4d870000 -> 4d8704e2
Info 'riscvOVPsim/cpu', 0x000000008000d154(.l_crc32_b_1107_Start+8): 61091093 crc32.b ra,s2
Info   ra 00000012 -> 4e490450
Info 'riscvOVPsim/cpu', 0x000000008000d158(.l_crc32_b_1107_Start+c): 4e490137 lui     sp,0x4e490
Info   sp 8dd4665f -> 4e490000
Info 'riscvOVPsim/cpu', 0x000000008000d15c(.l_crc32_b_1107_Start+10): 45010113 addi    sp,sp,1104
Info   sp 4e490000 -> 4e490450
Info 'riscvOVPsim/cpu', 0x000000008000d160(.l_crc32_b_1107_Start+14): 00208a63 beq     ra,sp,8000d174
Info 'riscvOVPsim/cpu', 0x000000008000d174(.l_crc32_h_1108_Start): 607c26b7 lui     a3,0x607c2
Info   a3 48f37f2e -> 607c2000
Info 'riscvOVPsim/cpu', 0x000000008000d178(.l_crc32_h_1108_Start+4): 6bd68693 addi    a3,a3,1725
Info   a3 607c2000 -> 607c26bd
Info 'riscvOVPsim/cpu', 0x000000008000d17c(.l_crc32_h_1108_Start+8): 61169593 crc32.h a1,a3
Info   a1 5f497592 -> 83663574
Info 'riscvOVPsim/cpu', 0x000000008000d180(.l_crc32_h_1108_Start+c): 836633b7 lui     t2,0x83663
Info   t2 1997c721 -> 83663000
Info 'riscvOVPsim/cpu', 0x000000008000d184(.l_crc32_h_1108_Start+10): 57438393 addi    t2,t2,1396
Info   t2 83663000 -> 83663574
Info 'riscvOVPsim/cpu', 0x000000008000d188(.l_crc32_h_1108_Start+14): 00758a63 beq     a1,t2,8000d19c
Info 'riscvOVPsim/cpu', 0x000000008000d19c(.l_crc32_w_1109_Start): 00000013 nop
Info 'riscvOVPsim/cpu', 0x000000008000d1a0(.l_crc32_w_1109_Start+4): 61201393 crc32.w t2,zero
Info   t2 83663574 -> 00000000
Info 'riscvOVPsim/cpu', 0x000000008000d1a4(.l_crc32_w_1109_Start+8): 00000d13 mv      s10,zero
Info   s10 2408fddb -> 00000000
Info 'riscvOVPsim/cpu', 0x000000008000d1a8(.l_crc32_w_1109_Start+c): 01a38a63 beq     t2,s10,8000d1bc
Info 'riscvOVPsim/cpu', 0x000000008000d1bc(.l_crc32c_b_1110_Start): 305d0f37 lui     t5,0x305d0
Info   t5 00000001 -> 305d0000
Info 'riscvOVPsim/cpu', 0x000000008000d1c0(.l_crc32c_b_1110_Start+4): f5bf0f13 addi    t5,t5,-165
Info   t5 305d0000 -> 305cff5b
Info 'riscvOVPsim/cpu', 0x000000008000d1c4(.l_crc32c_b_1110_Start+8): 618f1993 crc32c.b s3,t5
Info   s3 32ac4b90 -> c89c2d17
Info 'riscvOVPsim/cpu', 0x000000008000d1c8(.l_crc32c_b_1110_Start+c): c89c3fb7 lui     t6,0xc89c3
Info   t6 456ff6a1 -> c89c3000
Info 'riscvOVPsim/cpu', 0x000000008000d1cc(.l_crc32c_b_1110_Start+10): d17f8f93 addi    t6,t6,-745
Info   t6 c89c3000 -> c89c2d17
Info 'riscvOVPsim/cpu', 0x000000008000d1d0(.l_crc32c_b_1110_Start+14): 01f98a63 beq     s3,t6,8000d1e4
Info 'riscvOVPsim/cpu', 0x000000008000d1e4(.l_crc32c_h_1111_Start): 1628f6b7 lui     a3,0x1628f
Info   a3 607c26bd -> 1628f000
Info 'riscvOVPsim/cpu', 0x000000008000d1e8(.l_crc32c_h_1111_Start+4): c2b68693 addi    a3,a3,-981
Info   a3 1628f000 -> 1628ec2b
Info 'riscvOVPsim/cpu', 0x000000008000d1ec(.l_crc32c_h_1111_Start+8): 61969f13 crc32c.h t5,a3
Info   t5 305cff5b -> 780bf9c1
Info 'riscvOVPsim/cpu', 0x000000008000d1f0(.l_crc32c_h_1111_Start+c): 780c05b7 lui     a1,0x780c0
Info   a1 83663574 -> 780c0000
Info 'riscvOVPsim/cpu', 0x000000008000d1f4(.l_crc32c_h_1111_Start+10): 9c158593 addi    a1,a1,-1599
Info   a1 780c0000 -> 780bf9c1
Info 'riscvOVPsim/cpu', 0x000000008000d1f8(.l_crc32c_h_1111_Start+14): 00bf0a63 beq     t5,a1,8000d20c
Info 'riscvOVPsim/cpu', 0x000000008000d20c(.l_crc32c_w_1112_Start): 46100cb7 lui     s9,0x46100
Info   s9 00000012 -> 46100000
Info 'riscvOVPsim/cpu', 0x000000008000d210(.l_crc32c_w_1112_Start+4): 4c6c8c93 addi    s9,s9,1222
Info   s9 46100000 -> 461004c6
Info 'riscvOVPsim/cpu', 0x000000008000d214(.l_crc32c_w_1112_Start+8): 61ac9593 crc32c.w a1,s9
Info   a1 780bf9c1 -> fb822b65
Info 'riscvOVPsim/cpu', 0x000000008000d218(.l_crc32c_w_1112_Start+c): fb823b37 lui     s6,0xfb823
Info   s6 ffffcafa -> fb823000
Info 'riscvOVPsim/cpu', 0x000000008000d21c(.l_crc32c_w_1112_Start+10): b65b0b13 addi    s6,s6,-1179
Info   s6 fb823000 -> fb822b65
Info 'riscvOVPsim/cpu', 0x000000008000d220(.l_crc32c_w_1112_Start+14): 01658a63 beq     a1,s6,8000d234
Info 'riscvOVPsim/cpu', 0x000000008000d234(.l_clmul_1113_Start): 0c1113b7 lui     t2,0xc111
Info   t2 00000000 -> 0c111000
Info 'riscvOVPsim/cpu', 0x000000008000d238(.l_clmul_1113_Start+4): fa038393 addi    t2,t2,-96
Info   t2 0c111000 -> 0c110fa0
Info 'riscvOVPsim/cpu', 0x000000008000d23c(.l_clmul_1113_Start+8): 00000013 nop
Info 'riscvOVPsim/cpu', 0x000000008000d240(.l_clmul_1113_Start+c): a039433 clmul   s0,t2,zero
Info   s0 44f3abed -> 00000000
Info 'riscvOVPsim/cpu', 0x000000008000d244(.l_clmul_1113_Start+10): 00000293 mv      t0,zero
Info   t0 09edb971 -> 00000000
Info 'riscvOVPsim/cpu', 0x000000008000d248(.l_clmul_1113_Start+14): 00540a63 beq     s0,t0,8000d25c
Info 'riscvOVPsim/cpu', 0x000000008000d25c(.l_clmulr_1114_Start): 1d6d1b37 lui     s6,0x1d6d1
Info   s6 fb822b65 -> 1d6d1000
Info 'riscvOVPsim/cpu', 0x000000008000d260(.l_clmulr_1114_Start+4): 148b0b13 addi    s6,s6,328
Info   s6 1d6d1000 -> 1d6d1148
Info 'riscvOVPsim/cpu', 0x000000008000d264(.l_clmulr_1114_Start+8): 763a70b7 lui     ra,0x763a7
Info   ra 4e490450 -> 763a7000
Info 'riscvOVPsim/cpu', 0x000000008000d268(.l_clmulr_1114_Start+c): 27408093 addi    ra,ra,628
Info   ra 763a7000 -> 763a7274
Info 'riscvOVPsim/cpu', 0x000000008000d26c(.l_clmulr_1114_Start+10): a039433 clmul   s0,t2,zero
Info   t6 c89c2d17 -> 0adbedac
Info 'riscvOVPsim/cpu', 0x000000008000d270(.l_clmulr_1114_Start+14): 0adbf7b7 lui     a5,0xadbf
Info   a5 00000000 -> 0adbf000
Info 'riscvOVPsim/cpu', 0x000000008000d274(.l_clmulr_1114_Start+18): dac78793 addi    a5,a5,-596
Info   a5 0adbf000 -> 0adbedac
Info 'riscvOVPsim/cpu', 0x000000008000d278(.l_clmulr_1114_Start+1c): 00ff8a63 beq     t6,a5,8000d28c
Info 'riscvOVPsim/cpu', 0x000000008000d28c(.l_clmulh_1115_Start): 6009c9b7 lui     s3,0x6009c
Info   s3 c89c2d17 -> 6009c000
Info 'riscvOVPsim/cpu', 0x000000008000d290(.l_clmulh_1115_Start+4): 81098993 addi    s3,s3,-2032
Info   s3 6009c000 -> 6009b810
Info 'riscvOVPsim/cpu', 0x000000008000d294(.l_clmulh_1115_Start+8): 68f8c137 lui     sp,0x68f8c
Info   sp 4e490450 -> 68f8c000
Info 'riscvOVPsim/cpu', 0x000000008000d298(.l_clmulh_1115_Start+c): 9e910113 addi    sp,sp,-1559
Info   sp 68f8c000 -> 68f8b9e9
Info 'riscvOVPsim/cpu', 0x000000008000d29c(.l_clmulh_1115_Start+10): a29b1b3 clmulh  gp,s3,sp
Info   gp 6b081185 -> 17222ad7
Info 'riscvOVPsim/cpu', 0x000000008000d2a0(.l_clmulh_1115_Start+14): 172236b7 lui     a3,0x17223
Info   a3 1628ec2b -> 17223000
Info 'riscvOVPsim/cpu', 0x000000008000d2a4(.l_clmulh_1115_Start+18): ad768693 addi    a3,a3,-1321
Info   a3 17223000 -> 17222ad7
Info 'riscvOVPsim/cpu', 0x000000008000d2a8(.l_clmulh_1115_Start+1c): 00d18a63 beq     gp,a3,8000d2bc
Info 'riscvOVPsim/cpu', 0x000000008000d2bc(.l_min_1116_Start): 7aaf1937 lui     s2,0x7aaf1
Info   s2 4d8704e2 -> 7aaf1000
Info 'riscvOVPsim/cpu', 0x000000008000d2c0(.l_min_1116_Start+4): e9a90913 addi    s2,s2,-358
Info   s2 7aaf1000 -> 7aaf0e9a
Info 'riscvOVPsim/cpu', 0x000000008000d2c4(.l_min_1116_Start+8): 422d6eb7 lui     t4,0x422d6
Info   t4 5224d585 -> 422d6000
Info 'riscvOVPsim/cpu', 0x000000008000d2c8(.l_min_1116_Start+c): d38e8e93 addi    t4,t4,-712
Info   t4 422d6000 -> 422d5d38
Info 'riscvOVPsim/cpu', 0x000000008000d2cc(.l_min_1116_Start+10): bd944b3 min     s1,s2,t4
Info   s1 5224d585 -> 422d5d38
Info 'riscvOVPsim/cpu', 0x000000008000d2d0(.l_min_1116_Start+14): 422d6fb7 lui     t6,0x422d6
Info   t6 0adbedac -> 422d6000
Info 'riscvOVPsim/cpu', 0x000000008000d2d4(.l_min_1116_Start+18): d38f8f93 addi    t6,t6,-712
Info   t6 422d6000 -> 422d5d38
Info 'riscvOVPsim/cpu', 0x000000008000d2d8(.l_min_1116_Start+1c): 01f48a63 beq     s1,t6,8000d2ec
Info 'riscvOVPsim/cpu', 0x000000008000d2ec(.l_max_1117_Start): 09508437 lui     s0,0x9508
Info   s0 00000000 -> 09508000
Info 'riscvOVPsim/cpu', 0x000000008000d2f0(.l_max_1117_Start+4): 5d340413 addi    s0,s0,1491
Info   s0 09508000 -> 095085d3
Info 'riscvOVPsim/cpu', 0x000000008000d2f4(.l_max_1117_Start+8): 0cb35cb7 lui     s9,0xcb35
Info   s9 461004c6 -> 0cb35000
Info 'riscvOVPsim/cpu', 0x000000008000d2f8(.l_max_1117_Start+c): ff2c8c93 addi    s9,s9,-14
Info   s9 0cb35000 -> 0cb34ff2
Info 'riscvOVPsim/cpu', 0x000000008000d2fc(.l_max_1117_Start+10): b9452b3 max     t0,s0,s9
Info   t0 00000000 -> 0cb34ff2
Info 'riscvOVPsim/cpu', 0x000000008000d300(.l_max_1117_Start+14): 0cb35fb7 lui     t6,0xcb35
Info   t6 422d5d38 -> 0cb35000
Info 'riscvOVPsim/cpu', 0x000000008000d304(.l_max_1117_Start+18): ff2f8f93 addi    t6,t6,-14
Info   t6 0cb35000 -> 0cb34ff2
Info 'riscvOVPsim/cpu', 0x000000008000d308(.l_max_1117_Start+1c): 01f28a63 beq     t0,t6,8000d31c
Info 'riscvOVPsim/cpu', 0x000000008000d31c(.l_minu_1118_Start): 066c3d37 lui     s10,0x66c3
Info   s10 00000000 -> 066c3000
Info 'riscvOVPsim/cpu', 0x000000008000d320(.l_minu_1118_Start+4): c5ad0d13 addi    s10,s10,-934
Info   s10 066c3000 -> 066c2c5a
Info 'riscvOVPsim/cpu', 0x000000008000d324(.l_minu_1118_Start+8): 623dbdb7 lui     s11,0x623db
Info   s11 ffedf7cf -> 623db000
Info 'riscvOVPsim/cpu', 0x000000008000d328(.l_minu_1118_Start+c): aead8d93 addi    s11,s11,-1302
Info   s11 623db000 -> 623daaea
Info 'riscvOVPsim/cpu', 0x000000008000d32c(.l_minu_1118_Start+10): bbd69b3 minu    s3,s10,s11
Info   s3 6009b810 -> 066c2c5a
Info 'riscvOVPsim/cpu', 0x000000008000d330(.l_minu_1118_Start+14): 066c32b7 lui     t0,0x66c3
Info   t0 0cb34ff2 -> 066c3000
Info 'riscvOVPsim/cpu', 0x000000008000d334(.l_minu_1118_Start+18): c5a28293 addi    t0,t0,-934
Info   t0 066c3000 -> 066c2c5a
Info 'riscvOVPsim/cpu', 0x000000008000d338(.l_minu_1118_Start+1c): 00598a63 beq     s3,t0,8000d34c
Info 'riscvOVPsim/cpu', 0x000000008000d34c(.l_maxu_1119_Start): 0edd9db7 lui     s11,0xedd9
Info   s11 623daaea -> 0edd9000
Info 'riscvOVPsim/cpu', 0x000000008000d350(.l_maxu_1119_Start+4): d7ed8d93 addi    s11,s11,-642
Info   s11 0edd9000 -> 0edd8d7e
Info 'riscvOVPsim/cpu', 0x000000008000d354(.l_maxu_1119_Start+8): 7f385937 lui     s2,0x7f385
Info   s2 7aaf0e9a -> 7f385000
Info 'riscvOVPsim/cpu', 0x000000008000d358(.l_maxu_1119_Start+c): d8590913 addi    s2,s2,-635
Info   s2 7f385000 -> 7f384d85
Info 'riscvOVPsim/cpu', 0x000000008000d35c(.l_maxu_1119_Start+10): b2dfe33 maxu    t3,s11,s2
Info   t3 4a9f7a1d -> 7f384d85
Info 'riscvOVPsim/cpu', 0x000000008000d360(.l_maxu_1119_Start+14): 7f385b37 lui     s6,0x7f385
Info   s6 1d6d1148 -> 7f385000
Info 'riscvOVPsim/cpu', 0x000000008000d364(.l_maxu_1119_Start+18): d85b0b13 addi    s6,s6,-635
Info   s6 7f385000 -> 7f384d85
Info 'riscvOVPsim/cpu', 0x000000008000d368(.l_maxu_1119_Start+1c): 016e0a63 beq     t3,s6,8000d37c
Info 'riscvOVPsim/cpu', 0x000000008000d37c(.l_shfl_1120_Start): 0cafd3b7 lui     t2,0xcafd
Info   t2 0c110fa0 -> 0cafd000
Info 'riscvOVPsim/cpu', 0x000000008000d380(.l_shfl_1120_Start+4): 27138393 addi    t2,t2,625
Info   t2 0cafd000 -> 0cafd271
Info 'riscvOVPsim/cpu', 0x000000008000d384(.l_shfl_1120_Start+8): 0acffab7 lui     s5,0xacff
Info   s5 7e445c01 -> 0acff000
Info 'riscvOVPsim/cpu', 0x000000008000d388(.l_shfl_1120_Start+c): 5e8a8a93 addi    s5,s5,1512
Info   s5 0acff000 -> 0acff5e8
Info 'riscvOVPsim/cpu', 0x000000008000d38c(.l_shfl_1120_Start+10): 9539933 shfl    s2,t2,s5
Info   s2 7f384d85 -> 0cd2af71
Info 'riscvOVPsim/cpu', 0x000000008000d390(.l_shfl_1120_Start+14): 0cd2b7b7 lui     a5,0xcd2b
Info   a5 0adbedac -> 0cd2b000
Info 'riscvOVPsim/cpu', 0x000000008000d394(.l_shfl_1120_Start+18): f7178793 addi    a5,a5,-143
Info   a5 0cd2b000 -> 0cd2af71
Info 'riscvOVPsim/cpu', 0x000000008000d398(.l_shfl_1120_Start+1c): 00f90a63 beq     s2,a5,8000d3ac
Info 'riscvOVPsim/cpu', 0x000000008000d3ac(.l_unshfl_1121_Start): 68af0c37 lui     s8,0x68af0
Info   s8 6145905b -> 68af0000
Info 'riscvOVPsim/cpu', 0x000000008000d3b0(.l_unshfl_1121_Start+4): 8bec0c13 addi    s8,s8,-1858
Info   s8 68af0000 -> 68aef8be
Info 'riscvOVPsim/cpu', 0x000000008000d3b4(.l_unshfl_1121_Start+8): 2a051137 lui     sp,0x2a051
Info   sp 68f8b9e9 -> 2a051000
Info 'riscvOVPsim/cpu', 0x000000008000d3b8(.l_unshfl_1121_Start+c): 5ea10113 addi    sp,sp,1514
Info   sp 2a051000 -> 2a0515ea
Info 'riscvOVPsim/cpu', 0x000000008000d3bc(.l_unshfl_1121_Start+10): 82c5cb3 unshfl  s9,s8,sp
Info   s9 0cb34ff2 -> 68ecbabe
Info 'riscvOVPsim/cpu', 0x000000008000d3c0(.l_unshfl_1121_Start+14): 68ecc837 lui     a6,0x68ecc
Info   a6 00000001 -> 68ecc000
Info 'riscvOVPsim/cpu', 0x000000008000d3c4(.l_unshfl_1121_Start+18): abe80813 addi    a6,a6,-1346
Info   a6 68ecc000 -> 68ecbabe
Info 'riscvOVPsim/cpu', 0x000000008000d3c8(.l_unshfl_1121_Start+1c): 010c8a63 beq     s9,a6,8000d3dc
Info 'riscvOVPsim/cpu', 0x000000008000d3dc(.l_bdep_1122_Start): 42d9d7b7 lui     a5,0x42d9d
Info   a5 0cd2af71 -> 42d9d000
Info 'riscvOVPsim/cpu', 0x000000008000d3e0(.l_bdep_1122_Start+4): b0278793 addi    a5,a5,-1278
Info   a5 42d9d000 -> 42d9cb02
Info 'riscvOVPsim/cpu', 0x000000008000d3e4(.l_bdep_1122_Start+8): 02b62f37 lui     t5,0x2b62
Info   t5 780bf9c1 -> 02b62000
Info 'riscvOVPsim/cpu', 0x000000008000d3e8(.l_bdep_1122_Start+c): 658f0f13 addi    t5,t5,1624
Info   t5 02b62000 -> 02b62658
Info 'riscvOVPsim/cpu', 0x000000008000d3ec(.l_bdep_1122_Start+10): 9e7a5b3 bdep    a1,a5,t5
Info   a1 fb822b65 -> 02300010
Info 'riscvOVPsim/cpu', 0x000000008000d3f0(.l_bdep_1122_Start+14): 02300837 lui     a6,0x2300
Info   a6 68ecbabe -> 02300000
Info 'riscvOVPsim/cpu', 0x000000008000d3f4(.l_bdep_1122_Start+18): 01080813 addi    a6,a6,16
Info   a6 02300000 -> 02300010
Info 'riscvOVPsim/cpu', 0x000000008000d3f8(.l_bdep_1122_Start+1c): 01058a63 beq     a1,a6,8000d40c
Info 'riscvOVPsim/cpu', 0x000000008000d40c(.l_bext_1123_Start): 11e1be37 lui     t3,0x11e1b
Info   t3 7f384d85 -> 11e1b000
Info 'riscvOVPsim/cpu', 0x000000008000d410(.l_bext_1123_Start+4): 3d6e0e13 addi    t3,t3,982
Info   t3 11e1b000 -> 11e1b3d6
Info 'riscvOVPsim/cpu', 0x000000008000d414(.l_bext_1123_Start+8): 26089937 lui     s2,0x26089
Info   s2 0cd2af71 -> 26089000
Info 'riscvOVPsim/cpu', 0x000000008000d418(.l_bext_1123_Start+c): eac90913 addi    s2,s2,-340
Info   s2 26089000 -> 26088eac
Info 'riscvOVPsim/cpu', 0x000000008000d41c(.l_bext_1123_Start+10): 92e6c33 bext    s8,t3,s2
Info   s8 68aef8be -> 00000099
Info 'riscvOVPsim/cpu', 0x000000008000d420(.l_bext_1123_Start+14): 09900193 addi    gp,zero,153
Info   gp 17222ad7 -> 00000099
Info 'riscvOVPsim/cpu', 0x000000008000d424(.l_bext_1123_Start+18): 003c0a63 beq     s8,gp,8000d438
Info 'riscvOVPsim/cpu', 0x000000008000d438(.l_pack_1124_Start): 58c77937 lui     s2,0x58c77
Info   s2 26088eac -> 58c77000
Info 'riscvOVPsim/cpu', 0x000000008000d43c(.l_pack_1124_Start+4): 6a690913 addi    s2,s2,1702
Info   s2 58c77000 -> 58c776a6
Info 'riscvOVPsim/cpu', 0x000000008000d440(.l_pack_1124_Start+8): 2c66f3b7 lui     t2,0x2c66f
Info   t2 0cafd271 -> 2c66f000
Info 'riscvOVPsim/cpu', 0x000000008000d444(.l_pack_1124_Start+c): 8af38393 addi    t2,t2,-1873
Info   t2 2c66f000 -> 2c66e8af
Info 'riscvOVPsim/cpu', 0x000000008000d448(.l_pack_1124_Start+10): 08794bb3 undef
Info   s7 7e445c01 -> e8af76a6
Info 'riscvOVPsim/cpu', 0x000000008000d44c(.l_pack_1124_Start+14): e8af7eb7 lui     t4,0xe8af7
Info   t4 422d5d38 -> e8af7000
Info 'riscvOVPsim/cpu', 0x000000008000d450(.l_pack_1124_Start+18): 6a6e8e93 addi    t4,t4,1702
Info   t4 e8af7000 -> e8af76a6
Info 'riscvOVPsim/cpu', 0x000000008000d454(.l_pack_1124_Start+1c): 01db8a63 beq     s7,t4,8000d468
Info 'riscvOVPsim/cpu', 0x000000008000d468(.l_bfp_1125_Start): 0b4156b7 lui     a3,0xb415
Info   a3 17222ad7 -> 0b415000
Info 'riscvOVPsim/cpu', 0x000000008000d46c(.l_bfp_1125_Start+4): 49e68693 addi    a3,a3,1182
Info   a3 0b415000 -> 0b41549e
Info 'riscvOVPsim/cpu', 0x000000008000d470(.l_bfp_1125_Start+8): 1678e2b7 lui     t0,0x1678e
Info   t0 066c2c5a -> 1678e000
Info 'riscvOVPsim/cpu', 0x000000008000d474(.l_bfp_1125_Start+c): 42d28293 addi    t0,t0,1069
Info   t0 1678e000 -> 1678e42d
Info 'riscvOVPsim/cpu', 0x000000008000d478(.l_bfp_1125_Start+10): 856fab3 bfp     s5,a3,t0
Info   s5 0acff5e8 -> 2d41549e
Info 'riscvOVPsim/cpu', 0x000000008000d47c(.l_bfp_1125_Start+14): 2d415db7 lui     s11,0x2d415
Info   s11 0edd8d7e -> 2d415000
Info 'riscvOVPsim/cpu', 0x000000008000d480(.l_bfp_1125_Start+18): 49ed8d93 addi    s11,s11,1182
Info   s11 2d415000 -> 2d41549e
Info 'riscvOVPsim/cpu', 0x000000008000d484(.l_bfp_1125_Start+1c): 01ba8a63 beq     s5,s11,8000d498
Info 'riscvOVPsim/cpu', 0x000000008000d498(.l_shfli_1126_Start): 06051bb7 lui     s7,0x6051
Info   s7 e8af76a6 -> 06051000
Info 'riscvOVPsim/cpu', 0x000000008000d49c(.l_shfli_1126_Start+4): 2d5b8b93 addi    s7,s7,725
Info   s7 06051000 -> 060512d5
Info 'riscvOVPsim/cpu', 0x000000008000d4a0(.l_shfli_1126_Start+8): afb9513 shfli   a0,s7,47
Info   a0 00000000 -> 012c5133
Info 'riscvOVPsim/cpu', 0x000000008000d4a4(.l_shfli_1126_Start+c): 012c50b7 lui     ra,0x12c5
Info   ra 763a7274 -> 012c5000
Info 'riscvOVPsim/cpu', 0x000000008000d4a8(.l_shfli_1126_Start+10): 13308093 addi    ra,ra,307
Info   ra 012c5000 -> 012c5133
Info 'riscvOVPsim/cpu', 0x000000008000d4ac(.l_shfli_1126_Start+14): 00150a63 beq     a0,ra,8000d4c0
Info 'riscvOVPsim/cpu', 0x000000008000d4c0(.l_unshfli_1127_Start): 530533b7 lui     t2,0x53053
Info   t2 2c66e8af -> 53053000
Info 'riscvOVPsim/cpu', 0x000000008000d4c4(.l_unshfli_1127_Start+4): 54438393 addi    t2,t2,1348
Info   t2 53053000 -> 53053544
Info 'riscvOVPsim/cpu', 0x000000008000d4c8(.l_unshfli_1127_Start+8): 843dd13 unshfli s10,t2,4
Info   s10 066c2c5a -> 50353454
Info 'riscvOVPsim/cpu', 0x000000008000d4cc(.l_unshfli_1127_Start+c): 503535b7 lui     a1,0x50353
Info   a1 02300010 -> 50353000
Info 'riscvOVPsim/cpu', 0x000000008000d4d0(.l_unshfli_1127_Start+10): 45458593 addi    a1,a1,1108
Info   a1 50353000 -> 50353454
Info 'riscvOVPsim/cpu', 0x000000008000d4d4(.l_unshfli_1127_Start+14): 00bd0a63 beq     s10,a1,8000d4e8
Info 'riscvOVPsim/cpu', 0x000000008000d4e8(.l_andn_1128_Start): 1ba52837 lui     a6,0x1ba52
Info   a6 02300010 -> 1ba52000
Info 'riscvOVPsim/cpu', 0x000000008000d4ec(.l_andn_1128_Start+4): 30280813 addi    a6,a6,770
Info   a6 1ba52000 -> 1ba52302
Info 'riscvOVPsim/cpu', 0x000000008000d4f0(.l_andn_1128_Start+8): 1a545eb7 lui     t4,0x1a545
Info   t4 e8af76a6 -> 1a545000
Info 'riscvOVPsim/cpu', 0x000000008000d4f4(.l_andn_1128_Start+c): 5aae8e93 addi    t4,t4,1450
Info   t4 1a545000 -> 1a5455aa
Info 'riscvOVPsim/cpu', 0x000000008000d4f8(.l_andn_1128_Start+10): 41d87333 andn    t1,a6,t4
Info   t1 3ad9524a -> 01a12200
Info 'riscvOVPsim/cpu', 0x000000008000d4fc(.l_andn_1128_Start+14): 01a129b7 lui     s3,0x1a12
Info   s3 066c2c5a -> 01a12000
Info 'riscvOVPsim/cpu', 0x000000008000d500(.l_andn_1128_Start+18): 20098993 addi    s3,s3,512
Info   s3 01a12000 -> 01a12200
Info 'riscvOVPsim/cpu', 0x000000008000d504(.l_andn_1128_Start+1c): 01330a63 beq     t1,s3,8000d518
Info 'riscvOVPsim/cpu', 0x000000008000d518(.l_orn_1129_Start): 0b97a7b7 lui     a5,0xb97a
Info   a5 42d9cb02 -> 0b97a000
Info 'riscvOVPsim/cpu', 0x000000008000d51c(.l_orn_1129_Start+4): ad678793 addi    a5,a5,-1322
Info   a5 0b97a000 -> 0b979ad6
Info 'riscvOVPsim/cpu', 0x000000008000d520(.l_orn_1129_Start+8): 7506d0b7 lui     ra,0x7506d
Info   ra 012c5133 -> 7506d000
Info 'riscvOVPsim/cpu', 0x000000008000d524(.l_orn_1129_Start+c): fcb08093 addi    ra,ra,-53
Info   ra 7506d000 -> 7506cfcb
Info 'riscvOVPsim/cpu', 0x000000008000d528(.l_orn_1129_Start+10): 4017ec33 orn     s8,a5,ra
Info   s8 00000099 -> 8bffbaf6
Info 'riscvOVPsim/cpu', 0x000000008000d52c(.l_orn_1129_Start+14): 8bffc4b7 lui     s1,0x8bffc
Info   s1 422d5d38 -> 8bffc000
Info 'riscvOVPsim/cpu', 0x000000008000d530(.l_orn_1129_Start+18): af648493 addi    s1,s1,-1290
Info   s1 8bffc000 -> 8bffbaf6
Info 'riscvOVPsim/cpu', 0x000000008000d534(.l_orn_1129_Start+1c): 009c0a63 beq     s8,s1,8000d548
Info 'riscvOVPsim/cpu', 0x000000008000d548(.l_xnor_1130_Start): 62f09e37 lui     t3,0x62f09
Info   t3 11e1b3d6 -> 62f09000
Info 'riscvOVPsim/cpu', 0x000000008000d54c(.l_xnor_1130_Start+4): 3aae0e13 addi    t3,t3,938
Info   t3 62f09000 -> 62f093aa
Info 'riscvOVPsim/cpu', 0x000000008000d550(.l_xnor_1130_Start+8): 2d16adb7 lui     s11,0x2d16a
Info   s11 2d41549e -> 2d16a000
Info 'riscvOVPsim/cpu', 0x000000008000d554(.l_xnor_1130_Start+c): 6c0d8d93 addi    s11,s11,1728
Info   s11 2d16a000 -> 2d16a6c0
Info 'riscvOVPsim/cpu', 0x000000008000d558(.l_xnor_1130_Start+10): 41be4733 xnor    a4,t3,s11
Info   a4 fed1b1af -> b019ca95
Info 'riscvOVPsim/cpu', 0x000000008000d55c(.l_xnor_1130_Start+14): b019d937 lui     s2,0xb019d
Info   s2 58c776a6 -> b019d000
Info 'riscvOVPsim/cpu', 0x000000008000d560(.l_xnor_1130_Start+18): a9590913 addi    s2,s2,-1387
Info   s2 b019d000 -> b019ca95
Info 'riscvOVPsim/cpu', 0x000000008000d564(.l_xnor_1130_Start+1c): 01270a63 beq     a4,s2,8000d578
Info 'riscvOVPsim/cpu', 0x000000008000d578(.l_slo_1131_Start): 0b880437 lui     s0,0xb880
Info   s0 095085d3 -> 0b880000
Info 'riscvOVPsim/cpu', 0x000000008000d57c(.l_slo_1131_Start+4): 25f40413 addi    s0,s0,607
Info   s0 0b880000 -> 0b88025f
Info 'riscvOVPsim/cpu', 0x000000008000d580(.l_slo_1131_Start+8): 5f8776b7 lui     a3,0x5f877
Info   a3 0b41549e -> 5f877000
Info 'riscvOVPsim/cpu', 0x000000008000d584(.l_slo_1131_Start+c): 39c68693 addi    a3,a3,924
Info   a3 5f877000 -> 5f87739c
Info 'riscvOVPsim/cpu', 0x000000008000d588(.l_slo_1131_Start+10): 20d41ab3 slo     s5,s0,a3
Info   s5 2d41549e -> ffffffff
Info 'riscvOVPsim/cpu', 0x000000008000d58c(.l_slo_1131_Start+14): fff00d93 addi    s11,zero,-1
Info   s11 2d16a6c0 -> ffffffff
Info 'riscvOVPsim/cpu', 0x000000008000d590(.l_slo_1131_Start+18): 01ba8a63 beq     s5,s11,8000d5a4
Info 'riscvOVPsim/cpu', 0x000000008000d5a4(.l_sro_1132_Start): 6d044a37 lui     s4,0x6d044
Info   s4 8dd4665f -> 6d044000
Info 'riscvOVPsim/cpu', 0x000000008000d5a8(.l_sro_1132_Start+4): 038a0a13 addi    s4,s4,56
Info   s4 6d044000 -> 6d044038
Info 'riscvOVPsim/cpu', 0x000000008000d5ac(.l_sro_1132_Start+8): 1ed71b37 lui     s6,0x1ed71
Info   s6 7f384d85 -> 1ed71000
Info 'riscvOVPsim/cpu', 0x000000008000d5b0(.l_sro_1132_Start+c): c8eb0b13 addi    s6,s6,-882
Info   s6 1ed71000 -> 1ed70c8e
Info 'riscvOVPsim/cpu', 0x000000008000d5b4(.l_sro_1132_Start+10): 216a5db3 sro     s11,s4,s6
Info   s11 ffffffff -> fffdb411
Info 'riscvOVPsim/cpu', 0x000000008000d5b8(.l_sro_1132_Start+14): fffdb5b7 lui     a1,0xfffdb
Info   a1 50353454 -> fffdb000
Info 'riscvOVPsim/cpu', 0x000000008000d5bc(.l_sro_1132_Start+18): 41158593 addi    a1,a1,1041
Info   a1 fffdb000 -> fffdb411
Info 'riscvOVPsim/cpu', 0x000000008000d5c0(.l_sro_1132_Start+1c): 00bd8a63 beq     s11,a1,8000d5d4
Info 'riscvOVPsim/cpu', 0x000000008000d5d4(.l_rol_1133_Start): 0dfb6f37 lui     t5,0xdfb6
Info   t5 02b62658 -> 0dfb6000
Info 'riscvOVPsim/cpu', 0x000000008000d5d8(.l_rol_1133_Start+4): 3e0f0f13 addi    t5,t5,992
Info   t5 0dfb6000 -> 0dfb63e0
Info 'riscvOVPsim/cpu', 0x000000008000d5dc(.l_rol_1133_Start+8): 0dfb6f37 lui     t5,0xdfb6
Info   t5 0dfb63e0 -> 0dfb6000
Info 'riscvOVPsim/cpu', 0x000000008000d5e0(.l_rol_1133_Start+c): 3e0f0f13 addi    t5,t5,992
Info   t5 0dfb6000 -> 0dfb63e0
Info 'riscvOVPsim/cpu', 0x000000008000d5e4(.l_rol_1133_Start+10): 61ef13b3 rol     t2,t5,t5
Info   t2 53053544 -> 0dfb63e0
Info 'riscvOVPsim/cpu', 0x000000008000d5e8(.l_rol_1133_Start+14): 0dfb69b7 lui     s3,0xdfb6
Info   s3 01a12200 -> 0dfb6000
Info 'riscvOVPsim/cpu', 0x000000008000d5ec(.l_rol_1133_Start+18): 3e098993 addi    s3,s3,992
Info   s3 0dfb6000 -> 0dfb63e0
Info 'riscvOVPsim/cpu', 0x000000008000d5f0(.l_rol_1133_Start+1c): 01338a63 beq     t2,s3,8000d604
Info 'riscvOVPsim/cpu', 0x000000008000d604(.l_ror_1134_Start): 47fa6cb7 lui     s9,0x47fa6
Info   s9 68ecbabe -> 47fa6000
Info 'riscvOVPsim/cpu', 0x000000008000d608(.l_ror_1134_Start+4): d24c8c93 addi    s9,s9,-732
Info   s9 47fa6000 -> 47fa5d24
Info 'riscvOVPsim/cpu', 0x000000008000d60c(.l_ror_1134_Start+8): 03ca4837 lui     a6,0x3ca4
Info   a6 1ba52302 -> 03ca4000
Info 'riscvOVPsim/cpu', 0x000000008000d610(.l_ror_1134_Start+c): cc680813 addi    a6,a6,-826
Info   a6 03ca4000 -> 03ca3cc6
Info 'riscvOVPsim/cpu', 0x000000008000d614(.l_ror_1134_Start+10): 610cd733 ror     a4,s9,a6
Info   a4 b019ca95 -> 911fe974
Info 'riscvOVPsim/cpu', 0x000000008000d618(.l_ror_1134_Start+14): 911fffb7 lui     t6,0x911ff
Info   t6 0cb34ff2 -> 911ff000
Info 'riscvOVPsim/cpu', 0x000000008000d61c(.l_ror_1134_Start+18): 974f8f93 addi    t6,t6,-1676
Info   t6 911ff000 -> 911fe974
Info 'riscvOVPsim/cpu', 0x000000008000d620(.l_ror_1134_Start+1c): 01f70a63 beq     a4,t6,8000d634
Info 'riscvOVPsim/cpu', 0x000000008000d634(.l_sbclr_1135_Start): 2a3c9937 lui     s2,0x2a3c9
Info   s2 b019ca95 -> 2a3c9000
Info 'riscvOVPsim/cpu', 0x000000008000d638(.l_sbclr_1135_Start+4): 4b590913 addi    s2,s2,1205
Info   s2 2a3c9000 -> 2a3c94b5
Info 'riscvOVPsim/cpu', 0x000000008000d63c(.l_sbclr_1135_Start+8): 4b19e1b7 lui     gp,0x4b19e
Info   gp 00000099 -> 4b19e000
Info 'riscvOVPsim/cpu', 0x000000008000d640(.l_sbclr_1135_Start+c): 1ed18193 addi    gp,gp,493
Info   gp 4b19e000 -> 4b19e1ed
Info 'riscvOVPsim/cpu', 0x000000008000d644(.l_sbclr_1135_Start+10): 48391db3 sbclr   s11,s2,gp
Info   s11 fffdb411 -> 2a3c94b5
Info 'riscvOVPsim/cpu', 0x000000008000d648(.l_sbclr_1135_Start+14): 2a3c93b7 lui     t2,0x2a3c9
Info   t2 0dfb63e0 -> 2a3c9000
Info 'riscvOVPsim/cpu', 0x000000008000d64c(.l_sbclr_1135_Start+18): 4b538393 addi    t2,t2,1205
Info   t2 2a3c9000 -> 2a3c94b5
Info 'riscvOVPsim/cpu', 0x000000008000d650(.l_sbclr_1135_Start+1c): 007d8a63 beq     s11,t2,8000d664
Info 'riscvOVPsim/cpu', 0x000000008000d664(.l_sbset_1136_Start): 0082f537 lui     a0,0x82f
Info   a0 012c5133 -> 0082f000
Info 'riscvOVPsim/cpu', 0x000000008000d668(.l_sbset_1136_Start+4): 06a50513 addi    a0,a0,106
Info   a0 0082f000 -> 0082f06a
Info 'riscvOVPsim/cpu', 0x000000008000d66c(.l_sbset_1136_Start+8): 44d3dab7 lui     s5,0x44d3d
Info   s5 ffffffff -> 44d3d000
Info 'riscvOVPsim/cpu', 0x000000008000d670(.l_sbset_1136_Start+c): c95a8a93 addi    s5,s5,-875
Info   s5 44d3d000 -> 44d3cc95
Info 'riscvOVPsim/cpu', 0x000000008000d674(.l_sbset_1136_Start+10): 29551b33 sbset   s6,a0,s5
Info   s6 1ed70c8e -> 00a2f06a
Info 'riscvOVPsim/cpu', 0x000000008000d678(.l_sbset_1136_Start+14): 00a2fe37 lui     t3,0xa2f
Info   t3 62f093aa -> 00a2f000
Info 'riscvOVPsim/cpu', 0x000000008000d67c(.l_sbset_1136_Start+18): 06ae0e13 addi    t3,t3,106
Info   t3 00a2f000 -> 00a2f06a
Info 'riscvOVPsim/cpu', 0x000000008000d680(.l_sbset_1136_Start+1c): 01cb0a63 beq     s6,t3,8000d694
Info 'riscvOVPsim/cpu', 0x000000008000d694(.l_sbinv_1137_Start): 021eb2b7 lui     t0,0x21eb
Info   t0 1678e42d -> 021eb000
Info 'riscvOVPsim/cpu', 0x000000008000d698(.l_sbinv_1137_Start+4): 92828293 addi    t0,t0,-1752
Info   t0 021eb000 -> 021ea928
Info 'riscvOVPsim/cpu', 0x000000008000d69c(.l_sbinv_1137_Start+8): 436524b7 lui     s1,0x43652
Info   s1 8bffbaf6 -> 43652000
Info 'riscvOVPsim/cpu', 0x000000008000d6a0(.l_sbinv_1137_Start+c): 20248493 addi    s1,s1,514
Info   s1 43652000 -> 43652202
Info 'riscvOVPsim/cpu', 0x000000008000d6a4(.l_sbinv_1137_Start+10): 68929fb3 sbinv   t6,t0,s1
Info   t6 911fe974 -> 021ea92c
Info 'riscvOVPsim/cpu', 0x000000008000d6a8(.l_sbinv_1137_Start+14): 021eb1b7 lui     gp,0x21eb
Info   gp 4b19e1ed -> 021eb000
Info 'riscvOVPsim/cpu', 0x000000008000d6ac(.l_sbinv_1137_Start+18): 92c18193 addi    gp,gp,-1748
Info   gp 021eb000 -> 021ea92c
Info 'riscvOVPsim/cpu', 0x000000008000d6b0(.l_sbinv_1137_Start+1c): 003f8a63 beq     t6,gp,8000d6c4
Info 'riscvOVPsim/cpu', 0x000000008000d6c4(.l_sbext_1138_Start): 38d0a7b7 lui     a5,0x38d0a
Info   a5 0b979ad6 -> 38d0a000
Info 'riscvOVPsim/cpu', 0x000000008000d6c8(.l_sbext_1138_Start+4): 61378793 addi    a5,a5,1555
Info   a5 38d0a000 -> 38d0a613
Info 'riscvOVPsim/cpu', 0x000000008000d6cc(.l_sbext_1138_Start+8): 00000013 nop
Info 'riscvOVPsim/cpu', 0x000000008000d6d0(.l_sbext_1138_Start+c): 4807d233 sbext   tp,a5,zero
Info   tp 461491a4 -> 00000001
Info 'riscvOVPsim/cpu', 0x000000008000d6d4(.l_sbext_1138_Start+10): 00100d93 addi    s11,zero,1
Info   s11 2a3c94b5 -> 00000001
Info 'riscvOVPsim/cpu', 0x000000008000d6d8(.l_sbext_1138_Start+14): 01b20a63 beq     tp,s11,8000d6ec
Info 'riscvOVPsim/cpu', 0x000000008000d6ec(.l_grev_1139_Start): 19a1a237 lui     tp,0x19a1a
Info   tp 00000001 -> 19a1a000
Info 'riscvOVPsim/cpu', 0x000000008000d6f0(.l_grev_1139_Start+4): 55420213 addi    tp,tp,1364
Info   tp 19a1a000 -> 19a1a554
Info 'riscvOVPsim/cpu', 0x000000008000d6f4(.l_grev_1139_Start+8): 3b11a0b7 lui     ra,0x3b11a
Info   ra 7506cfcb -> 3b11a000
Info 'riscvOVPsim/cpu', 0x000000008000d6f8(.l_grev_1139_Start+c): 49008093 addi    ra,ra,1168
Info   ra 3b11a000 -> 3b11a490
Info 'riscvOVPsim/cpu', 0x000000008000d6fc(.l_grev_1139_Start+10): 681250b3 grev    ra,tp,ra
Info   ra 3b11a490 -> a55419a1
Info 'riscvOVPsim/cpu', 0x000000008000d700(.l_grev_1139_Start+14): a5542737 lui     a4,0xa5542
Info   a4 911fe974 -> a5542000
Info 'riscvOVPsim/cpu', 0x000000008000d704(.l_grev_1139_Start+18): 9a170713 addi    a4,a4,-1631
Info   a4 a5542000 -> a55419a1
Info 'riscvOVPsim/cpu', 0x000000008000d708(.l_grev_1139_Start+1c): 00e08a63 beq     ra,a4,8000d71c
Info 'riscvOVPsim/cpu', 0x000000008000d71c(.l_sloi_1140_Start): 05953d37 lui     s10,0x5953
Info   s10 50353454 -> 05953000
Info 'riscvOVPsim/cpu', 0x000000008000d720(.l_sloi_1140_Start+4): 05dd0d13 addi    s10,s10,93
Info   s10 05953000 -> 0595305d
Info 'riscvOVPsim/cpu', 0x000000008000d724(.l_sloi_1140_Start+8): 22bd1f13 sloi    t5,s10,43
Info   t5 0dfb63e0 -> a982efff
Info 'riscvOVPsim/cpu', 0x000000008000d728(.l_sloi_1140_Start+c): a982f5b7 lui     a1,0xa982f
Info   a1 fffdb411 -> a982f000
Info 'riscvOVPsim/cpu', 0x000000008000d72c(.l_sloi_1140_Start+10): fff58593 addi    a1,a1,-1
Info   a1 a982f000 -> a982efff
Info 'riscvOVPsim/cpu', 0x000000008000d730(.l_sloi_1140_Start+14): 00bf0a63 beq     t5,a1,8000d744
Info 'riscvOVPsim/cpu', 0x000000008000d744(.l_sroi_1141_Start): 3e7612b7 lui     t0,0x3e761
Info   t0 021ea928 -> 3e761000
Info 'riscvOVPsim/cpu', 0x000000008000d748(.l_sroi_1141_Start+4): e5028293 addi    t0,t0,-432
Info   t0 3e761000 -> 3e760e50
Info 'riscvOVPsim/cpu', 0x000000008000d74c(.l_sroi_1141_Start+8): 20a2d093 sroi    ra,t0,10
Info   ra a55419a1 -> ffcf9d83
Info 'riscvOVPsim/cpu', 0x000000008000d750(.l_sroi_1141_Start+c): ffcfa3b7 lui     t2,0xffcfa
Info   t2 2a3c94b5 -> ffcfa000
Info 'riscvOVPsim/cpu', 0x000000008000d754(.l_sroi_1141_Start+10): d8338393 addi    t2,t2,-637
Info   t2 ffcfa000 -> ffcf9d83
Info 'riscvOVPsim/cpu', 0x000000008000d758(.l_sroi_1141_Start+14): 00708a63 beq     ra,t2,8000d76c
Info 'riscvOVPsim/cpu', 0x000000008000d76c(.l_rori_1142_Start): 31141d37 lui     s10,0x31141
Info   s10 0595305d -> 31141000
Info 'riscvOVPsim/cpu', 0x000000008000d770(.l_rori_1142_Start+4): 2fad0d13 addi    s10,s10,762
Info   s10 31141000 -> 311412fa
Info 'riscvOVPsim/cpu', 0x000000008000d774(.l_rori_1142_Start+8): 63ad5013 rori    zero,s10,58
Info 'riscvOVPsim/cpu', 0x000000008000d778(.l_rori_1142_Start+c): 00000d93 mv      s11,zero
Info   s11 00000001 -> 00000000
Info 'riscvOVPsim/cpu', 0x000000008000d77c(.l_rori_1142_Start+10): 01b00a63 beq     zero,s11,8000d790
Info 'riscvOVPsim/cpu', 0x000000008000d790(.l_sbclri_1143_Start): 32519f37 lui     t5,0x32519
Info   t5 a982efff -> 32519000
Info 'riscvOVPsim/cpu', 0x000000008000d794(.l_sbclri_1143_Start+4): 234f0f13 addi    t5,t5,564
Info   t5 32519000 -> 32519234
Info 'riscvOVPsim/cpu', 0x000000008000d798(.l_sbclri_1143_Start+8): 490f1f93 sbclri  t6,t5,16
Info   t6 021ea92c -> 32509234
Info 'riscvOVPsim/cpu', 0x000000008000d79c(.l_sbclri_1143_Start+c): 32509db7 lui     s11,0x32509
Info   s11 00000000 -> 32509000
Info 'riscvOVPsim/cpu', 0x000000008000d7a0(.l_sbclri_1143_Start+10): 234d8d93 addi    s11,s11,564
Info   s11 32509000 -> 32509234
Info 'riscvOVPsim/cpu', 0x000000008000d7a4(.l_sbclri_1143_Start+14): 01bf8a63 beq     t6,s11,8000d7b8
Info 'riscvOVPsim/cpu', 0x000000008000d7b8(.l_sbseti_1144_Start): 1404c0b7 lui     ra,0x1404c
Info   ra ffcf9d83 -> 1404c000
Info 'riscvOVPsim/cpu', 0x000000008000d7bc(.l_sbseti_1144_Start+4): 14208093 addi    ra,ra,322
Info   ra 1404c000 -> 1404c142
Info 'riscvOVPsim/cpu', 0x000000008000d7c0(.l_sbseti_1144_Start+8): 29709b13 sbseti  s6,ra,23
Info   s6 00a2f06a -> 1484c142
Info 'riscvOVPsim/cpu', 0x000000008000d7c4(.l_sbseti_1144_Start+c): 1484ceb7 lui     t4,0x1484c
Info   t4 1a5455aa -> 1484c000
Info 'riscvOVPsim/cpu', 0x000000008000d7c8(.l_sbseti_1144_Start+10): 142e8e93 addi    t4,t4,322
Info   t4 1484c000 -> 1484c142
Info 'riscvOVPsim/cpu', 0x000000008000d7cc(.l_sbseti_1144_Start+14): 01db0a63 beq     s6,t4,8000d7e0
Info 'riscvOVPsim/cpu', 0x000000008000d7e0(.l_sbinvi_1145_Start): 22418537 lui     a0,0x22418
Info   a0 0082f06a -> 22418000
Info 'riscvOVPsim/cpu', 0x000000008000d7e4(.l_sbinvi_1145_Start+4): 51b50513 addi    a0,a0,1307
Info   a0 22418000 -> 2241851b
Info 'riscvOVPsim/cpu', 0x000000008000d7e8(.l_sbinvi_1145_Start+8): 6bc51d93 sbinvi  s11,a0,60
Info   s11 32509234 -> 3241851b
Info 'riscvOVPsim/cpu', 0x000000008000d7ec(.l_sbinvi_1145_Start+c): 32418f37 lui     t5,0x32418
Info   t5 32519234 -> 32418000
Info 'riscvOVPsim/cpu', 0x000000008000d7f0(.l_sbinvi_1145_Start+10): 51bf0f13 addi    t5,t5,1307
Info   t5 32418000 -> 3241851b
Info 'riscvOVPsim/cpu', 0x000000008000d7f4(.l_sbinvi_1145_Start+14): 01ed8a63 beq     s11,t5,8000d808
Info 'riscvOVPsim/cpu', 0x000000008000d808(.l_sbexti_1146_Start): 7b4d6537 lui     a0,0x7b4d6
Info   a0 2241851b -> 7b4d6000
Info 'riscvOVPsim/cpu', 0x000000008000d80c(.l_sbexti_1146_Start+4): 08750513 addi    a0,a0,135
Info   a0 7b4d6000 -> 7b4d6087
Info 'riscvOVPsim/cpu', 0x000000008000d810(.l_sbexti_1146_Start+8): 48655d13 sbexti  s10,a0,6
Info   s10 311412fa -> 00000000
Info 'riscvOVPsim/cpu', 0x000000008000d814(.l_sbexti_1146_Start+c): 00000713 mv      a4,zero
Info   a4 a55419a1 -> 00000000
Info 'riscvOVPsim/cpu', 0x000000008000d818(.l_sbexti_1146_Start+10): 00ed0a63 beq     s10,a4,8000d82c
Info 'riscvOVPsim/cpu', 0x000000008000d82c(.l_grevi_1147_Start): 38dbc7b7 lui     a5,0x38dbc
Info   a5 38d0a613 -> 38dbc000
Info 'riscvOVPsim/cpu', 0x000000008000d830(.l_grevi_1147_Start+4): 1ff78793 addi    a5,a5,511
Info   a5 38dbc000 -> 38dbc1ff
Info 'riscvOVPsim/cpu', 0x000000008000d834(.l_grevi_1147_Start+8): 6927d413 grevi   s0,a5,18
Info   s0 0b88025f -> 34ffc27e
Info 'riscvOVPsim/cpu', 0x000000008000d838(.l_grevi_1147_Start+c): 34ffc937 lui     s2,0x34ffc
Info   s2 2a3c94b5 -> 34ffc000
Info 'riscvOVPsim/cpu', 0x000000008000d83c(.l_grevi_1147_Start+10): 27e90913 addi    s2,s2,638
Info   s2 34ffc000 -> 34ffc27e
Info 'riscvOVPsim/cpu', 0x000000008000d840(.l_grevi_1147_Start+14): 01240a63 beq     s0,s2,8000d854
Info 'riscvOVPsim/cpu', 0x000000008000d854(.l_cmix_1148_Start): 181fbd37 lui     s10,0x181fb
Info   s10 00000000 -> 181fb000
Info 'riscvOVPsim/cpu', 0x000000008000d858(.l_cmix_1148_Start+4): 039d0d13 addi    s10,s10,57
Info   s10 181fb000 -> 181fb039
Info 'riscvOVPsim/cpu', 0x000000008000d85c(.l_cmix_1148_Start+8): 49f58cb7 lui     s9,0x49f58
Info   s9 47fa5d24 -> 49f58000
Info 'riscvOVPsim/cpu', 0x000000008000d860(.l_cmix_1148_Start+c): 345c8c93 addi    s9,s9,837
Info   s9 49f58000 -> 49f58345
Info 'riscvOVPsim/cpu', 0x000000008000d864(.l_cmix_1148_Start+10): 3a0b63b7 lui     t2,0x3a0b6
Info   t2 ffcf9d83 -> 3a0b6000
Info 'riscvOVPsim/cpu', 0x000000008000d868(.l_cmix_1148_Start+14): 64438393 addi    t2,t2,1604
Info   t2 3a0b6000 -> 3a0b6644
Info 'riscvOVPsim/cpu', 0x000000008000d86c(.l_cmix_1148_Start+18): 3f9d1933 cmix    s2,s10,s9,t2
Info   s2 34ffc27e -> 3a1fe401
Info 'riscvOVPsim/cpu', 0x000000008000d870(.l_cmix_1148_Start+1c): 3a1fee37 lui     t3,0x3a1fe
Info   t3 00a2f06a -> 3a1fe000
Info 'riscvOVPsim/cpu', 0x000000008000d874(.l_cmix_1148_Start+20): 401e0e13 addi    t3,t3,1025
Info   t3 3a1fe000 -> 3a1fe401
Info 'riscvOVPsim/cpu', 0x000000008000d878(.l_cmix_1148_Start+24): 01c90a63 beq     s2,t3,8000d88c
Info 'riscvOVPsim/cpu', 0x000000008000d88c(.l_cmov_1149_Start): 240e5337 lui     t1,0x240e5
Info   t1 01a12200 -> 240e5000
Info 'riscvOVPsim/cpu', 0x000000008000d890(.l_cmov_1149_Start+4): de030313 addi    t1,t1,-544
Info   t1 240e5000 -> 240e4de0
Info 'riscvOVPsim/cpu', 0x000000008000d894(.l_cmov_1149_Start+8): 7dddfc37 lui     s8,0x7dddf
Info   s8 8bffbaf6 -> 7dddf000
Info 'riscvOVPsim/cpu', 0x000000008000d898(.l_cmov_1149_Start+c): 689c0c13 addi    s8,s8,1673
Info   s8 7dddf000 -> 7dddf689
Info 'riscvOVPsim/cpu', 0x000000008000d89c(.l_cmov_1149_Start+10): 48434bb7 lui     s7,0x48434
Info   s7 060512d5 -> 48434000
Info 'riscvOVPsim/cpu', 0x000000008000d8a0(.l_cmov_1149_Start+14): 68bb8b93 addi    s7,s7,1675
Info   s7 48434000 -> 4843468b
Info 'riscvOVPsim/cpu', 0x000000008000d8a4(.l_cmov_1149_Start+18): bf835033 cmov    zero,t1,s8,s7
Info 'riscvOVPsim/cpu', 0x000000008000d8a8(.l_cmov_1149_Start+1c): 00000b13 mv      s6,zero
Info   s6 1484c142 -> 00000000
Info 'riscvOVPsim/cpu', 0x000000008000d8ac(.l_cmov_1149_Start+20): 01600a63 beq     zero,s6,8000d8c0
Info 'riscvOVPsim/cpu', 0x000000008000d8c0(.l_fsl_1150_Start): 1647c2b7 lui     t0,0x1647c
Info   t0 3e760e50 -> 1647c000
Info 'riscvOVPsim/cpu', 0x000000008000d8c4(.l_fsl_1150_Start+4): 4c528293 addi    t0,t0,1221
Info   t0 1647c000 -> 1647c4c5
Info 'riscvOVPsim/cpu', 0x000000008000d8c8(.l_fsl_1150_Start+8): 24e64db7 lui     s11,0x24e64
Info   s11 3241851b -> 24e64000
Info 'riscvOVPsim/cpu', 0x000000008000d8cc(.l_fsl_1150_Start+c): 68cd8d93 addi    s11,s11,1676
Info   s11 24e64000 -> 24e6468c
Info 'riscvOVPsim/cpu', 0x000000008000d8d0(.l_fsl_1150_Start+10): 00da0337 lui     t1,0xda0
Info   t1 240e4de0 -> 00da0000
Info 'riscvOVPsim/cpu', 0x000000008000d8d4(.l_fsl_1150_Start+14): ac930313 addi    t1,t1,-1335
Info   t1 00da0000 -> 00d9fac9
Info 'riscvOVPsim/cpu', 0x000000008000d8d8(.l_fsl_1150_Start+18): 35b295b3 fsl     a1,t0,s11,t1
Info   a1 a982efff -> 7c4c500d
Info 'riscvOVPsim/cpu', 0x000000008000d8dc(.l_fsl_1150_Start+1c): 7c4c5ab7 lui     s5,0x7c4c5
Info   s5 44d3cc95 -> 7c4c5000
Info 'riscvOVPsim/cpu', 0x000000008000d8e0(.l_fsl_1150_Start+20): 00da8a93 addi    s5,s5,13
Info   s5 7c4c5000 -> 7c4c500d
Info 'riscvOVPsim/cpu', 0x000000008000d8e4(.l_fsl_1150_Start+24): 01558a63 beq     a1,s5,8000d8f8
Info 'riscvOVPsim/cpu', 0x000000008000d8f8(.l_fsr_1151_Start): 341b7a37 lui     s4,0x341b7
Info   s4 6d044038 -> 341b7000
Info 'riscvOVPsim/cpu', 0x000000008000d8fc(.l_fsr_1151_Start+4): 078a0a13 addi    s4,s4,120
Info   s4 341b7000 -> 341b7078
Info 'riscvOVPsim/cpu', 0x000000008000d900(.l_fsr_1151_Start+8): 3388ec37 lui     s8,0x3388e
Info   s8 7dddf689 -> 3388e000
Info 'riscvOVPsim/cpu', 0x000000008000d904(.l_fsr_1151_Start+c): 770c0c13 addi    s8,s8,1904
Info   s8 3388e000 -> 3388e770
Info 'riscvOVPsim/cpu', 0x000000008000d908(.l_fsr_1151_Start+10): 54eddf37 lui     t5,0x54edd
Info   t5 3241851b -> 54edd000
Info 'riscvOVPsim/cpu', 0x000000008000d90c(.l_fsr_1151_Start+14): b6ef0f13 addi    t5,t5,-1170
Info   t5 54edd000 -> 54edcb6e
Info 'riscvOVPsim/cpu', 0x000000008000d910(.l_fsr_1151_Start+18): f58a5633 fsr     a2,s4,s8,t5
Info   a2 ccbeb312 -> 707854ed
Info 'riscvOVPsim/cpu', 0x000000008000d914(.l_fsr_1151_Start+1c): 707850b7 lui     ra,0x70785
Info   ra 1404c142 -> 70785000
Info 'riscvOVPsim/cpu', 0x000000008000d918(.l_fsr_1151_Start+20): 4ed08093 addi    ra,ra,1261
Info   ra 70785000 -> 707854ed
Info 'riscvOVPsim/cpu', 0x000000008000d91c(.l_fsr_1151_Start+24): 00160a63 beq     a2,ra,8000d930
Info 'riscvOVPsim/cpu', 0x000000008000d930(.l_fsri_1152_Start): 66bd5bb7 lui     s7,0x66bd5
Info   s7 4843468b -> 66bd5000
Info 'riscvOVPsim/cpu', 0x000000008000d934(.l_fsri_1152_Start+4): ba6b8b93 addi    s7,s7,-1114
Info   s7 66bd5000 -> 66bd4ba6
Info 'riscvOVPsim/cpu', 0x000000008000d938(.l_fsri_1152_Start+8): 7e993137 lui     sp,0x7e993
Info   sp 2a0515ea -> 7e993000
Info 'riscvOVPsim/cpu', 0x000000008000d93c(.l_fsri_1152_Start+c): a4b10113 addi    sp,sp,-1461
Info   sp 7e993000 -> 7e992a4b
Info 'riscvOVPsim/cpu', 0x000000008000d940(.l_fsri_1152_Start+10): 14abd893 fsri    a7,s7,sp,10
Info   a7 00000000 -> 92d9af52
Info 'riscvOVPsim/cpu', 0x000000008000d944(.l_fsri_1152_Start+14): 92d9b737 lui     a4,0x92d9b
Info   a4 00000000 -> 92d9b000
Info 'riscvOVPsim/cpu', 0x000000008000d948(.l_fsri_1152_Start+18): f5270713 addi    a4,a4,-174
Info   a4 92d9b000 -> 92d9af52
Info 'riscvOVPsim/cpu', 0x000000008000d94c(.l_fsri_1152_Start+1c): 00e88a63 beq     a7,a4,8000d960
Info 'riscvOVPsim/cpu', 0x000000008000d960(.l_clz_1153_Start): 3ea7df37 lui     t5,0x3ea7d
Info   t5 54edcb6e -> 3ea7d000
Info 'riscvOVPsim/cpu', 0x000000008000d964(.l_clz_1153_Start+4): 88af0f13 addi    t5,t5,-1910
Info   t5 3ea7d000 -> 3ea7c88a
Info 'riscvOVPsim/cpu', 0x000000008000d968(.l_clz_1153_Start+8): 600f1193 clz     gp,t5
Info   gp 021ea92c -> 00000002
Info 'riscvOVPsim/cpu', 0x000000008000d96c(.l_clz_1153_Start+c): 00200d93 addi    s11,zero,2
Info   s11 24e6468c -> 00000002
Info 'riscvOVPsim/cpu', 0x000000008000d970(.l_clz_1153_Start+10): 01b18a63 beq     gp,s11,8000d984
Info 'riscvOVPsim/cpu', 0x000000008000d984(.l_ctz_1154_Start): 24f63137 lui     sp,0x24f63
Info   sp 7e992a4b -> 24f63000
Info 'riscvOVPsim/cpu', 0x000000008000d988(.l_ctz_1154_Start+4): 87a10113 addi    sp,sp,-1926
Info   sp 24f63000 -> 24f6287a
Info 'riscvOVPsim/cpu', 0x000000008000d98c(.l_ctz_1154_Start+8): 60111713 ctz     a4,sp
Info   a4 92d9af52 -> 00000001
Info 'riscvOVPsim/cpu', 0x000000008000d990(.l_ctz_1154_Start+c): 00100793 addi    a5,zero,1
Info   a5 38dbc1ff -> 00000001
Info 'riscvOVPsim/cpu', 0x000000008000d994(.l_ctz_1154_Start+10): 00f70a63 beq     a4,a5,8000d9a8
Info 'riscvOVPsim/cpu', 0x000000008000d9a8(.l_pcnt_1155_Start): 2e48dc37 lui     s8,0x2e48d
Info   s8 3388e770 -> 2e48d000
Info 'riscvOVPsim/cpu', 0x000000008000d9ac(.l_pcnt_1155_Start+4): 273c0c13 addi    s8,s8,627
Info   s8 2e48d000 -> 2e48d273
Info 'riscvOVPsim/cpu', 0x000000008000d9b0(.l_pcnt_1155_Start+8): 602c1693 pcnt    a3,s8
Info   a3 5f87739c -> 0000000f
Info 'riscvOVPsim/cpu', 0x000000008000d9b4(.l_pcnt_1155_Start+c): 00f00a93 addi    s5,zero,15
Info   s5 7c4c500d -> 0000000f
Info 'riscvOVPsim/cpu', 0x000000008000d9b8(.l_pcnt_1155_Start+10): 01568a63 beq     a3,s5,8000d9cc
Info 'riscvOVPsim/cpu', 0x000000008000d9cc(.l_crc32_b_1156_Start): 3a085d37 lui     s10,0x3a085
Info   s10 181fb039 -> 3a085000
Info 'riscvOVPsim/cpu', 0x000000008000d9d0(.l_crc32_b_1156_Start+4): dc0d0d13 addi    s10,s10,-576
Info   s10 3a085000 -> 3a084dc0
Info 'riscvOVPsim/cpu', 0x000000008000d9d4(.l_crc32_b_1156_Start+8): 610d1b93 crc32.b s7,s10
Info   s7 66bd4ba6 -> 9b5ecafd
Info 'riscvOVPsim/cpu', 0x000000008000d9d8(.l_crc32_b_1156_Start+c): 9b5ed5b7 lui     a1,0x9b5ed
Info   a1 7c4c500d -> 9b5ed000
Info 'riscvOVPsim/cpu', 0x000000008000d9dc(.l_crc32_b_1156_Start+10): afd58593 addi    a1,a1,-1283
Info   a1 9b5ed000 -> 9b5ecafd
Info 'riscvOVPsim/cpu', 0x000000008000d9e0(.l_crc32_b_1156_Start+14): 00bb8a63 beq     s7,a1,8000d9f4
Info 'riscvOVPsim/cpu', 0x000000008000d9f4(.l_crc32_h_1157_Start): 4af44a37 lui     s4,0x4af44
Info   s4 341b7078 -> 4af44000
Info 'riscvOVPsim/cpu', 0x000000008000d9f8(.l_crc32_h_1157_Start+4): f45a0a13 addi    s4,s4,-187
Info   s4 4af44000 -> 4af43f45
Info 'riscvOVPsim/cpu', 0x000000008000d9fc(.l_crc32_h_1157_Start+8): 611a1313 crc32.h t1,s4
Info   t1 00d9fac9 -> 3b68dc89
Info 'riscvOVPsim/cpu', 0x000000008000da00(.l_crc32_h_1157_Start+c): 3b68ecb7 lui     s9,0x3b68e
Info   s9 49f58345 -> 3b68e000
Info 'riscvOVPsim/cpu', 0x000000008000da04(.l_crc32_h_1157_Start+10): c89c8c93 addi    s9,s9,-887
Info   s9 3b68e000 -> 3b68dc89
Info 'riscvOVPsim/cpu', 0x000000008000da08(.l_crc32_h_1157_Start+14): 01930a63 beq     t1,s9,8000da1c
Info 'riscvOVPsim/cpu', 0x000000008000da1c(.l_crc32_w_1158_Start): 034db837 lui     a6,0x34db
Info   a6 03ca3cc6 -> 034db000
Info 'riscvOVPsim/cpu', 0x000000008000da20(.l_crc32_w_1158_Start+4): 23680813 addi    a6,a6,566
Info   a6 034db000 -> 034db236
Info 'riscvOVPsim/cpu', 0x000000008000da24(.l_crc32_w_1158_Start+8): 61281413 crc32.w s0,a6
Info   s0 34ffc27e -> cf44edf1
Info 'riscvOVPsim/cpu', 0x000000008000da28(.l_crc32_w_1158_Start+c): cf44fc37 lui     s8,0xcf44f
Info   s8 2e48d273 -> cf44f000
Info 'riscvOVPsim/cpu', 0x000000008000da2c(.l_crc32_w_1158_Start+10): df1c0c13 addi    s8,s8,-527
Info   s8 cf44f000 -> cf44edf1
Info 'riscvOVPsim/cpu', 0x000000008000da30(.l_crc32_w_1158_Start+14): 01840a63 beq     s0,s8,8000da44
Info 'riscvOVPsim/cpu', 0x000000008000da44(.l_crc32c_b_1159_Start): 596386b7 lui     a3,0x59638
Info   a3 0000000f -> 59638000
Info 'riscvOVPsim/cpu', 0x000000008000da48(.l_crc32c_b_1159_Start+4): f4c68693 addi    a3,a3,-180
Info   a3 59638000 -> 59637f4c
Info 'riscvOVPsim/cpu', 0x000000008000da4c(.l_crc32c_b_1159_Start+8): 61869113 crc32c.b sp,a3
Info   sp 24f6287a -> 0c61b113
Info 'riscvOVPsim/cpu', 0x000000008000da50(.l_crc32c_b_1159_Start+c): 0c61b9b7 lui     s3,0xc61b
Info   s3 0dfb63e0 -> 0c61b000
Info 'riscvOVPsim/cpu', 0x000000008000da54(.l_crc32c_b_1159_Start+10): 11398993 addi    s3,s3,275
Info   s3 0c61b000 -> 0c61b113
Info 'riscvOVPsim/cpu', 0x000000008000da58(.l_crc32c_b_1159_Start+14): 01310a63 beq     sp,s3,8000da6c
Info 'riscvOVPsim/cpu', 0x000000008000da6c(.l_crc32c_h_1160_Start): 4ddf0f37 lui     t5,0x4ddf0
Info   t5 3ea7c88a -> 4ddf0000
Info 'riscvOVPsim/cpu', 0x000000008000da70(.l_crc32c_h_1160_Start+4): cedf0f13 addi    t5,t5,-787
Info   t5 4ddf0000 -> 4ddefced
Info 'riscvOVPsim/cpu', 0x000000008000da74(.l_crc32c_h_1160_Start+8): 619f1513 crc32c.h a0,t5
Info   a0 7b4d6087 -> 054e0897
Info 'riscvOVPsim/cpu', 0x000000008000da78(.l_crc32c_h_1160_Start+c): 054e1ab7 lui     s5,0x54e1
Info   s5 0000000f -> 054e1000
Info 'riscvOVPsim/cpu', 0x000000008000da7c(.l_crc32c_h_1160_Start+10): 897a8a93 addi    s5,s5,-1897
Info   s5 054e1000 -> 054e0897
Info 'riscvOVPsim/cpu', 0x000000008000da80(.l_crc32c_h_1160_Start+14): 01550a63 beq     a0,s5,8000da94
Info 'riscvOVPsim/cpu', 0x000000008000da94(.l_crc32c_w_1161_Start): 468a1cb7 lui     s9,0x468a1
Info   s9 3b68dc89 -> 468a1000
Info 'riscvOVPsim/cpu', 0x000000008000da98(.l_crc32c_w_1161_Start+4): 94bc8c93 addi    s9,s9,-1717
Info   s9 468a1000 -> 468a094b
Info 'riscvOVPsim/cpu', 0x000000008000da9c(.l_crc32c_w_1161_Start+8): 61ac9e93 crc32c.w t4,s9
Info   t4 1484c142 -> 8498ea78
Info 'riscvOVPsim/cpu', 0x000000008000daa0(.l_crc32c_w_1161_Start+c): 8498f8b7 lui     a7,0x8498f
Info   a7 92d9af52 -> 8498f000
Info 'riscvOVPsim/cpu', 0x000000008000daa4(.l_crc32c_w_1161_Start+10): a7888893 addi    a7,a7,-1416
Info   a7 8498f000 -> 8498ea78
Info 'riscvOVPsim/cpu', 0x000000008000daa8(.l_crc32c_w_1161_Start+14): 011e8a63 beq     t4,a7,8000dabc
Info 'riscvOVPsim/cpu', 0x000000008000dabc(.l_clmul_1162_Start): 16ae0537 lui     a0,0x16ae0
Info   a0 054e0897 -> 16ae0000
Info 'riscvOVPsim/cpu', 0x000000008000dac0(.l_clmul_1162_Start+4): ce250513 addi    a0,a0,-798
Info   a0 16ae0000 -> 16adfce2
Info 'riscvOVPsim/cpu', 0x000000008000dac4(.l_clmul_1162_Start+8): 3105f2b7 lui     t0,0x3105f
Info   t0 1647c4c5 -> 3105f000
Info 'riscvOVPsim/cpu', 0x000000008000dac8(.l_clmul_1162_Start+c): eda28293 addi    t0,t0,-294
Info   t0 3105f000 -> 3105eeda
Info 'riscvOVPsim/cpu', 0x000000008000dacc(.l_clmul_1162_Start+10): a551e33 clmul   t3,a0,t0
Info   t3 3a1fe401 -> 3f380574
Info 'riscvOVPsim/cpu', 0x000000008000dad0(.l_clmul_1162_Start+14): 3f380337 lui     t1,0x3f380
Info   t1 3b68dc89 -> 3f380000
Info 'riscvOVPsim/cpu', 0x000000008000dad4(.l_clmul_1162_Start+18): 57430313 addi    t1,t1,1396
Info   t1 3f380000 -> 3f380574
Info 'riscvOVPsim/cpu', 0x000000008000dad8(.l_clmul_1162_Start+1c): 006e0a63 beq     t3,t1,8000daec
Info 'riscvOVPsim/cpu', 0x000000008000daec(.l_clmulr_1163_Start): 09e4acb7 lui     s9,0x9e4a
Info   s9 468a094b -> 09e4a000
Info 'riscvOVPsim/cpu', 0x000000008000daf0(.l_clmulr_1163_Start+4): d99c8c93 addi    s9,s9,-615
Info   s9 09e4a000 -> 09e49d99
Info 'riscvOVPsim/cpu', 0x000000008000daf4(.l_clmulr_1163_Start+8): 7a361a37 lui     s4,0x7a361
Info   s4 4af43f45 -> 7a361000
Info 'riscvOVPsim/cpu', 0x000000008000daf8(.l_clmulr_1163_Start+c): 7dba0a13 addi    s4,s4,2011
Info   s4 7a361000 -> 7a3617db
Info 'riscvOVPsim/cpu', 0x000000008000dafc(.l_clmulr_1163_Start+10): a551e33 clmul   t3,a0,t0
Info   t4 8498ea78 -> 070d0dff
Info 'riscvOVPsim/cpu', 0x000000008000db00(.l_clmulr_1163_Start+14): 070d1c37 lui     s8,0x70d1
Info   s8 cf44edf1 -> 070d1000
Info 'riscvOVPsim/cpu', 0x000000008000db04(.l_clmulr_1163_Start+18): dffc0c13 addi    s8,s8,-513
Info   s8 070d1000 -> 070d0dff
Info 'riscvOVPsim/cpu', 0x000000008000db08(.l_clmulr_1163_Start+1c): 018e8a63 beq     t4,s8,8000db1c
Info 'riscvOVPsim/cpu', 0x000000008000db1c(.l_clmulh_1164_Start): 289008b7 lui     a7,0x28900
Info   a7 8498ea78 -> 28900000
Info 'riscvOVPsim/cpu', 0x000000008000db20(.l_clmulh_1164_Start+4): 68288893 addi    a7,a7,1666
Info   a7 28900000 -> 28900682
Info 'riscvOVPsim/cpu', 0x000000008000db24(.l_clmulh_1164_Start+8): 00000013 nop
Info 'riscvOVPsim/cpu', 0x000000008000db28(.l_clmulh_1164_Start+c): a08b8b3 clmulh  a7,a7,zero
Info   a7 28900682 -> 00000000
Info 'riscvOVPsim/cpu', 0x000000008000db2c(.l_clmulh_1164_Start+10): 00000293 mv      t0,zero
Info   t0 3105eeda -> 00000000
Info 'riscvOVPsim/cpu', 0x000000008000db30(.l_clmulh_1164_Start+14): 00588a63 beq     a7,t0,8000db44
Info 'riscvOVPsim/cpu', 0x000000008000db44(.l_min_1165_Start): 0314a837 lui     a6,0x314a
Info   a6 034db236 -> 0314a000
Info 'riscvOVPsim/cpu', 0x000000008000db48(.l_min_1165_Start+4): a0980813 addi    a6,a6,-1527
Info   a6 0314a000 -> 03149a09
Info 'riscvOVPsim/cpu', 0x000000008000db4c(.l_min_1165_Start+8): 17472237 lui     tp,0x17472
Info   tp 19a1a554 -> 17472000
Info 'riscvOVPsim/cpu', 0x000000008000db50(.l_min_1165_Start+c): 3b020213 addi    tp,tp,944
Info   tp 17472000 -> 174723b0
Info 'riscvOVPsim/cpu', 0x000000008000db54(.l_min_1165_Start+10): a484ab3 min     s5,a6,tp
Info   s5 054e0897 -> 03149a09
Info 'riscvOVPsim/cpu', 0x000000008000db58(.l_min_1165_Start+14): 0314a1b7 lui     gp,0x314a
Info   gp 00000002 -> 0314a000
Info 'riscvOVPsim/cpu', 0x000000008000db5c(.l_min_1165_Start+18): a0918193 addi    gp,gp,-1527
Info   gp 0314a000 -> 03149a09
Info 'riscvOVPsim/cpu', 0x000000008000db60(.l_min_1165_Start+1c): 003a8a63 beq     s5,gp,8000db74
Info 'riscvOVPsim/cpu', 0x000000008000db74(.l_max_1166_Start): 03a8a3b7 lui     t2,0x3a8a
Info   t2 3a0b6644 -> 03a8a000
Info 'riscvOVPsim/cpu', 0x000000008000db78(.l_max_1166_Start+4): 4a438393 addi    t2,t2,1188
Info   t2 03a8a000 -> 03a8a4a4
Info 'riscvOVPsim/cpu', 0x000000008000db7c(.l_max_1166_Start+8): 18bd2437 lui     s0,0x18bd2
Info   s0 cf44edf1 -> 18bd2000
Info 'riscvOVPsim/cpu', 0x000000008000db80(.l_max_1166_Start+c): 98140413 addi    s0,s0,-1663
Info   s0 18bd2000 -> 18bd1981
Info 'riscvOVPsim/cpu', 0x000000008000db84(.l_max_1166_Start+10): a83d633 max     a2,t2,s0
Info   a2 707854ed -> 18bd1981
Info 'riscvOVPsim/cpu', 0x000000008000db88(.l_max_1166_Start+14): 18bd2d37 lui     s10,0x18bd2
Info   s10 3a084dc0 -> 18bd2000
Info 'riscvOVPsim/cpu', 0x000000008000db8c(.l_max_1166_Start+18): 981d0d13 addi    s10,s10,-1663
Info   s10 18bd2000 -> 18bd1981
Info 'riscvOVPsim/cpu', 0x000000008000db90(.l_max_1166_Start+1c): 01a60a63 beq     a2,s10,8000dba4
Info 'riscvOVPsim/cpu', 0x000000008000dba4(.l_minu_1167_Start): 35b2e837 lui     a6,0x35b2e
Info   a6 03149a09 -> 35b2e000
Info 'riscvOVPsim/cpu', 0x000000008000dba8(.l_minu_1167_Start+4): fb580813 addi    a6,a6,-75
Info   a6 35b2e000 -> 35b2dfb5
Info 'riscvOVPsim/cpu', 0x000000008000dbac(.l_minu_1167_Start+8): 578ebeb7 lui     t4,0x578eb
Info   t4 070d0dff -> 578eb000
Info 'riscvOVPsim/cpu', 0x000000008000dbb0(.l_minu_1167_Start+c): 1e7e8e93 addi    t4,t4,487
Info   t4 578eb000 -> 578eb1e7
Info 'riscvOVPsim/cpu', 0x000000008000dbb4(.l_minu_1167_Start+10): bd86833 minu    a6,a6,t4
Info 'riscvOVPsim/cpu', 0x000000008000dbb8(.l_minu_1167_Start+14): 35b2e437 lui     s0,0x35b2e
Info   s0 18bd1981 -> 35b2e000
Info 'riscvOVPsim/cpu', 0x000000008000dbbc(.l_minu_1167_Start+18): fb540413 addi    s0,s0,-75
Info   s0 35b2e000 -> 35b2dfb5
Info 'riscvOVPsim/cpu', 0x000000008000dbc0(.l_minu_1167_Start+1c): 00880a63 beq     a6,s0,8000dbd4
Info 'riscvOVPsim/cpu', 0x000000008000dbd4(.l_maxu_1168_Start): 738c4837 lui     a6,0x738c4
Info   a6 35b2dfb5 -> 738c4000
Info 'riscvOVPsim/cpu', 0x000000008000dbd8(.l_maxu_1168_Start+4): f4480813 addi    a6,a6,-188
Info   a6 738c4000 -> 738c3f44
Info 'riscvOVPsim/cpu', 0x000000008000dbdc(.l_maxu_1168_Start+8): 46ea2237 lui     tp,0x46ea2
Info   tp 174723b0 -> 46ea2000
Info 'riscvOVPsim/cpu', 0x000000008000dbe0(.l_maxu_1168_Start+c): 72120213 addi    tp,tp,1825
Info   tp 46ea2000 -> 46ea2721
Info 'riscvOVPsim/cpu', 0x000000008000dbe4(.l_maxu_1168_Start+10): a487e33 maxu    t3,a6,tp
Info   t3 3f380574 -> 738c3f44
Info 'riscvOVPsim/cpu', 0x000000008000dbe8(.l_maxu_1168_Start+14): 738c4637 lui     a2,0x738c4
Info   a2 18bd1981 -> 738c4000
Info 'riscvOVPsim/cpu', 0x000000008000dbec(.l_maxu_1168_Start+18): f4460613 addi    a2,a2,-188
Info   a2 738c4000 -> 738c3f44
Info 'riscvOVPsim/cpu', 0x000000008000dbf0(.l_maxu_1168_Start+1c): 00ce0a63 beq     t3,a2,8000dc04
Info 'riscvOVPsim/cpu', 0x000000008000dc04(.l_shfl_1169_Start): 32ecbfb7 lui     t6,0x32ecb
Info   t6 32509234 -> 32ecb000
Info 'riscvOVPsim/cpu', 0x000000008000dc08(.l_shfl_1169_Start+4): e3ff8f93 addi    t6,t6,-449
Info   t6 32ecb000 -> 32ecae3f
Info 'riscvOVPsim/cpu', 0x000000008000dc0c(.l_shfl_1169_Start+8): 3818e937 lui     s2,0x3818e
Info   s2 3a1fe401 -> 3818e000
Info 'riscvOVPsim/cpu', 0x000000008000dc10(.l_shfl_1169_Start+c): 0cc90913 addi    s2,s2,204
Info   s2 3818e000 -> 3818e0cc
Info 'riscvOVPsim/cpu', 0x000000008000dc14(.l_shfl_1169_Start+10): 92f9733 shfl    a4,t6,s2
Info   a4 00000001 -> 3a2ee3cf
Info 'riscvOVPsim/cpu', 0x000000008000dc18(.l_shfl_1169_Start+14): 3a2eecb7 lui     s9,0x3a2ee
Info   s9 09e49d99 -> 3a2ee000
Info 'riscvOVPsim/cpu', 0x000000008000dc1c(.l_shfl_1169_Start+18): 3cfc8c93 addi    s9,s9,975
Info   s9 3a2ee000 -> 3a2ee3cf
Info 'riscvOVPsim/cpu', 0x000000008000dc20(.l_shfl_1169_Start+1c): 01970a63 beq     a4,s9,8000dc34
Info 'riscvOVPsim/cpu', 0x000000008000dc34(.l_unshfl_1170_Start): 1107bab7 lui     s5,0x1107b
Info   s5 03149a09 -> 1107b000
Info 'riscvOVPsim/cpu', 0x000000008000dc38(.l_unshfl_1170_Start+4): 077a8a93 addi    s5,s5,119
Info   s5 1107b000 -> 1107b077
Info 'riscvOVPsim/cpu', 0x000000008000dc3c(.l_unshfl_1170_Start+8): 0e428eb7 lui     t4,0xe428
Info   t4 578eb1e7 -> 0e428000
Info 'riscvOVPsim/cpu', 0x000000008000dc40(.l_unshfl_1170_Start+c): d46e8e93 addi    t4,t4,-698
Info   t4 0e428000 -> 0e427d46
Info 'riscvOVPsim/cpu', 0x000000008000dc44(.l_unshfl_1170_Start+10): 9dad133 unshfl  sp,s5,t4
Info   sp 0c61b113 -> 015385cf
Info 'riscvOVPsim/cpu', 0x000000008000dc48(.l_unshfl_1170_Start+14): 015381b7 lui     gp,0x1538
Info   gp 03149a09 -> 01538000
Info 'riscvOVPsim/cpu', 0x000000008000dc4c(.l_unshfl_1170_Start+18): 5cf18193 addi    gp,gp,1487
Info   gp 01538000 -> 015385cf
Info 'riscvOVPsim/cpu', 0x000000008000dc50(.l_unshfl_1170_Start+1c): 00310a63 beq     sp,gp,8000dc64
Info 'riscvOVPsim/cpu', 0x000000008000dc64(.l_bdep_1171_Start): 05ee9237 lui     tp,0x5ee9
Info   tp 46ea2721 -> 05ee9000
Info 'riscvOVPsim/cpu', 0x000000008000dc68(.l_bdep_1171_Start+4): 97d20213 addi    tp,tp,-1667
Info   tp 05ee9000 -> 05ee897d
Info 'riscvOVPsim/cpu', 0x000000008000dc6c(.l_bdep_1171_Start+8): 2bbca6b7 lui     a3,0x2bbca
Info   a3 59637f4c -> 2bbca000
Info 'riscvOVPsim/cpu', 0x000000008000dc70(.l_bdep_1171_Start+c): f3268693 addi    a3,a3,-206
Info   a3 2bbca000 -> 2bbc9f32
Info 'riscvOVPsim/cpu', 0x000000008000dc74(.l_bdep_1171_Start+10): 8d22b33 bdep    s6,tp,a3
Info   s6 00000000 -> 22108f22
Info 'riscvOVPsim/cpu', 0x000000008000dc78(.l_bdep_1171_Start+14): 221090b7 lui     ra,0x22109
Info   ra 707854ed -> 22109000
Info 'riscvOVPsim/cpu', 0x000000008000dc7c(.l_bdep_1171_Start+18): f2208093 addi    ra,ra,-222
Info   ra 22109000 -> 22108f22
Info 'riscvOVPsim/cpu', 0x000000008000dc80(.l_bdep_1171_Start+1c): 001b0a63 beq     s6,ra,8000dc94
Info 'riscvOVPsim/cpu', 0x000000008000dc94(.l_bext_1172_Start): 2ace7737 lui     a4,0x2ace7
Info   a4 3a2ee3cf -> 2ace7000
Info 'riscvOVPsim/cpu', 0x000000008000dc98(.l_bext_1172_Start+4): ee870713 addi    a4,a4,-280
Info   a4 2ace7000 -> 2ace6ee8
Info 'riscvOVPsim/cpu', 0x000000008000dc9c(.l_bext_1172_Start+8): 2ba23137 lui     sp,0x2ba23
Info   sp 015385cf -> 2ba23000
Info 'riscvOVPsim/cpu', 0x000000008000dca0(.l_bext_1172_Start+c): cd710113 addi    sp,sp,-809
Info   sp 2ba23000 -> 2ba22cd7
Info 'riscvOVPsim/cpu', 0x000000008000dca4(.l_bext_1172_Start+10): 8276033 bext    zero,a4,sp
Info 'riscvOVPsim/cpu', 0x000000008000dca8(.l_bext_1172_Start+14): 00000313 mv      t1,zero
Info   t1 3f380574 -> 00000000
Info 'riscvOVPsim/cpu', 0x000000008000dcac(.l_bext_1172_Start+18): 00600a63 beq     zero,t1,8000dcc0
Info 'riscvOVPsim/cpu', 0x000000008000dcc0(.l_pack_1173_Start): 15f322b7 lui     t0,0x15f32
Info   t0 00000000 -> 15f32000
Info 'riscvOVPsim/cpu', 0x000000008000dcc4(.l_pack_1173_Start+4): 27a28293 addi    t0,t0,634
Info   t0 15f32000 -> 15f3227a
Info 'riscvOVPsim/cpu', 0x000000008000dcc8(.l_pack_1173_Start+8): 05e743b7 lui     t2,0x5e74
Info   t2 03a8a4a4 -> 05e74000
Info 'riscvOVPsim/cpu', 0x000000008000dccc(.l_pack_1173_Start+c): aac38393 addi    t2,t2,-1364
Info   t2 05e74000 -> 05e73aac
Info 'riscvOVPsim/cpu', 0x000000008000dcd0(.l_pack_1173_Start+10): 0872c233 undef
Info   tp 05ee897d -> 3aac227a
Info 'riscvOVPsim/cpu', 0x000000008000dcd4(.l_pack_1173_Start+14): 3aac2eb7 lui     t4,0x3aac2
Info   t4 0e427d46 -> 3aac2000
Info 'riscvOVPsim/cpu', 0x000000008000dcd8(.l_pack_1173_Start+18): 27ae8e93 addi    t4,t4,634
Info   t4 3aac2000 -> 3aac227a
Info 'riscvOVPsim/cpu', 0x000000008000dcdc(.l_pack_1173_Start+1c): 01d20a63 beq     tp,t4,8000dcf0
Info 'riscvOVPsim/cpu', 0x000000008000dcf0(.l_bfp_1174_Start): 23ea04b7 lui     s1,0x23ea0
Info   s1 43652202 -> 23ea0000
Info 'riscvOVPsim/cpu', 0x000000008000dcf4(.l_bfp_1174_Start+4): ae948493 addi    s1,s1,-1303
Info   s1 23ea0000 -> 23e9fae9
Info 'riscvOVPsim/cpu', 0x000000008000dcf8(.l_bfp_1174_Start+8): 269645b7 lui     a1,0x26964
Info   a1 9b5ecafd -> 26964000
Info 'riscvOVPsim/cpu', 0x000000008000dcfc(.l_bfp_1174_Start+c): 00b58593 addi    a1,a1,11
Info   a1 26964000 -> 2696400b
Info 'riscvOVPsim/cpu', 0x000000008000dd00(.l_bfp_1174_Start+10): 8b4f4b3 bfp     s1,s1,a1
Info   s1 23e9fae9 -> 22e9fae9
Info 'riscvOVPsim/cpu', 0x000000008000dd04(.l_bfp_1174_Start+14): 22ea00b7 lui     ra,0x22ea0
Info   ra 22108f22 -> 22ea0000
Info 'riscvOVPsim/cpu', 0x000000008000dd08(.l_bfp_1174_Start+18): ae908093 addi    ra,ra,-1303
Info   ra 22ea0000 -> 22e9fae9
Info 'riscvOVPsim/cpu', 0x000000008000dd0c(.l_bfp_1174_Start+1c): 00148a63 beq     s1,ra,8000dd20
Info 'riscvOVPsim/cpu', 0x000000008000dd20(.l_shfli_1175_Start): 001125b7 lui     a1,0x112
Info   a1 2696400b -> 00112000
Info 'riscvOVPsim/cpu', 0x000000008000dd24(.l_shfli_1175_Start+4): e9158593 addi    a1,a1,-367
Info   a1 00112000 -> 00111e91
Info 'riscvOVPsim/cpu', 0x000000008000dd28(.l_shfli_1175_Start+8): a059413 shfli   s0,a1,32
Info   s0 35b2dfb5 -> 00111e91
Info 'riscvOVPsim/cpu', 0x000000008000dd2c(.l_shfli_1175_Start+c): 00112eb7 lui     t4,0x112
Info   t4 3aac227a -> 00112000
Info 'riscvOVPsim/cpu', 0x000000008000dd30(.l_shfli_1175_Start+10): e91e8e93 addi    t4,t4,-367
Info   t4 00112000 -> 00111e91
Info 'riscvOVPsim/cpu', 0x000000008000dd34(.l_shfli_1175_Start+14): 01d40a63 beq     s0,t4,8000dd48
Info 'riscvOVPsim/cpu', 0x000000008000dd48(.l_unshfli_1176_Start): 4a1b55b7 lui     a1,0x4a1b5
Info   a1 00111e91 -> 4a1b5000
Info 'riscvOVPsim/cpu', 0x000000008000dd4c(.l_unshfli_1176_Start+4): a3958593 addi    a1,a1,-1479
Info   a1 4a1b5000 -> 4a1b4a39
Info 'riscvOVPsim/cpu', 0x000000008000dd50(.l_unshfli_1176_Start+8): 875db93 unshfli s7,a1,7
Info   s7 9b5ecafd -> 33853685
Info 'riscvOVPsim/cpu', 0x000000008000dd54(.l_unshfli_1176_Start+c): 33853ab7 lui     s5,0x33853
Info   s5 1107b077 -> 33853000
Info 'riscvOVPsim/cpu', 0x000000008000dd58(.l_unshfli_1176_Start+10): 685a8a93 addi    s5,s5,1669
Info   s5 33853000 -> 33853685
Info 'riscvOVPsim/cpu', 0x000000008000dd5c(.l_unshfli_1176_Start+14): 015b8a63 beq     s7,s5,8000dd70
Info 'riscvOVPsim/cpu', 0x000000008000dd70(.l_andn_1177_Start): 4c848cb7 lui     s9,0x4c848
Info   s9 3a2ee3cf -> 4c848000
Info 'riscvOVPsim/cpu', 0x000000008000dd74(.l_andn_1177_Start+4): e87c8c93 addi    s9,s9,-377
Info   s9 4c848000 -> 4c847e87
Info 'riscvOVPsim/cpu', 0x000000008000dd78(.l_andn_1177_Start+8): 6bc735b7 lui     a1,0x6bc73
Info   a1 4a1b4a39 -> 6bc73000
Info 'riscvOVPsim/cpu', 0x000000008000dd7c(.l_andn_1177_Start+c): 68d58593 addi    a1,a1,1677
Info   a1 6bc73000 -> 6bc7368d
Info 'riscvOVPsim/cpu', 0x000000008000dd80(.l_andn_1177_Start+10): 40bcf333 andn    t1,s9,a1
Info   t1 00000000 -> 04004802
Info 'riscvOVPsim/cpu', 0x000000008000dd84(.l_andn_1177_Start+14): 04005e37 lui     t3,0x4005
Info   t3 738c3f44 -> 04005000
Info 'riscvOVPsim/cpu', 0x000000008000dd88(.l_andn_1177_Start+18): 802e0e13 addi    t3,t3,-2046
Info   t3 04005000 -> 04004802
Info 'riscvOVPsim/cpu', 0x000000008000dd8c(.l_andn_1177_Start+1c): 01c30a63 beq     t1,t3,8000dda0
Info 'riscvOVPsim/cpu', 0x000000008000dda0(.l_orn_1178_Start): 6fc597b7 lui     a5,0x6fc59
Info   a5 00000001 -> 6fc59000
Info 'riscvOVPsim/cpu', 0x000000008000dda4(.l_orn_1178_Start+4): e3478793 addi    a5,a5,-460
Info   a5 6fc59000 -> 6fc58e34
Info 'riscvOVPsim/cpu', 0x000000008000dda8(.l_orn_1178_Start+8): 29c46237 lui     tp,0x29c46
Info   tp 3aac227a -> 29c46000
Info 'riscvOVPsim/cpu', 0x000000008000ddac(.l_orn_1178_Start+c): ecc20213 addi    tp,tp,-308
Info   tp 29c46000 -> 29c45ecc
Info 'riscvOVPsim/cpu', 0x000000008000ddb0(.l_orn_1178_Start+10): 4047e1b3 orn     gp,a5,tp
Info   gp 015385cf -> ffffaf37
Info 'riscvOVPsim/cpu', 0x000000008000ddb4(.l_orn_1178_Start+14): ffffb637 lui     a2,0xffffb
Info   a2 738c3f44 -> ffffb000
Info 'riscvOVPsim/cpu', 0x000000008000ddb8(.l_orn_1178_Start+18): f3760613 addi    a2,a2,-201
Info   a2 ffffb000 -> ffffaf37
Info 'riscvOVPsim/cpu', 0x000000008000ddbc(.l_orn_1178_Start+1c): 00c18a63 beq     gp,a2,8000ddd0
Info 'riscvOVPsim/cpu', 0x000000008000ddd0(.l_xnor_1179_Start): 235537b7 lui     a5,0x23553
Info   a5 6fc58e34 -> 23553000
Info 'riscvOVPsim/cpu', 0x000000008000ddd4(.l_xnor_1179_Start+4): b4378793 addi    a5,a5,-1213
Info   a5 23553000 -> 23552b43
Info 'riscvOVPsim/cpu', 0x000000008000ddd8(.l_xnor_1179_Start+8): 1dd48c37 lui     s8,0x1dd48
Info   s8 070d0dff -> 1dd48000
Info 'riscvOVPsim/cpu', 0x000000008000dddc(.l_xnor_1179_Start+c): 7f6c0c13 addi    s8,s8,2038
Info   s8 1dd48000 -> 1dd487f6
Info 'riscvOVPsim/cpu', 0x000000008000dde0(.l_xnor_1179_Start+10): 4187c833 xnor    a6,a5,s8
Info   a6 738c3f44 -> c17e534a
Info 'riscvOVPsim/cpu', 0x000000008000dde4(.l_xnor_1179_Start+14): c17e5f37 lui     t5,0xc17e5
Info   t5 4ddefced -> c17e5000
Info 'riscvOVPsim/cpu', 0x000000008000dde8(.l_xnor_1179_Start+18): 34af0f13 addi    t5,t5,842
Info   t5 c17e5000 -> c17e534a
Info 'riscvOVPsim/cpu', 0x000000008000ddec(.l_xnor_1179_Start+1c): 01e80a63 beq     a6,t5,8000de00
Info 'riscvOVPsim/cpu', 0x000000008000de00(.l_slo_1180_Start): 6715d737 lui     a4,0x6715d
Info   a4 2ace6ee8 -> 6715d000
Info 'riscvOVPsim/cpu', 0x000000008000de04(.l_slo_1180_Start+4): 76e70713 addi    a4,a4,1902
Info   a4 6715d000 -> 6715d76e
Info 'riscvOVPsim/cpu', 0x000000008000de08(.l_slo_1180_Start+8): 3a305f37 lui     t5,0x3a305
Info   t5 c17e534a -> 3a305000
Info 'riscvOVPsim/cpu', 0x000000008000de0c(.l_slo_1180_Start+c): 984f0f13 addi    t5,t5,-1660
Info   t5 3a305000 -> 3a304984
Info 'riscvOVPsim/cpu', 0x000000008000de10(.l_slo_1180_Start+10): 21e710b3 slo     ra,a4,t5
Info   ra 22e9fae9 -> 715d76ef
Info 'riscvOVPsim/cpu', 0x000000008000de14(.l_slo_1180_Start+14): 715d78b7 lui     a7,0x715d7
Info   a7 00000000 -> 715d7000
Info 'riscvOVPsim/cpu', 0x000000008000de18(.l_slo_1180_Start+18): 6ef88893 addi    a7,a7,1775
Info   a7 715d7000 -> 715d76ef
Info 'riscvOVPsim/cpu', 0x000000008000de1c(.l_slo_1180_Start+1c): 01108a63 beq     ra,a7,8000de30
Info 'riscvOVPsim/cpu', 0x000000008000de30(.l_sro_1181_Start): 6805b337 lui     t1,0x6805b
Info   t1 04004802 -> 6805b000
Info 'riscvOVPsim/cpu', 0x000000008000de34(.l_sro_1181_Start+4): f2130313 addi    t1,t1,-223
Info   t1 6805b000 -> 6805af21
Info 'riscvOVPsim/cpu', 0x000000008000de38(.l_sro_1181_Start+8): 2652e7b7 lui     a5,0x2652e
Info   a5 23552b43 -> 2652e000
Info 'riscvOVPsim/cpu', 0x000000008000de3c(.l_sro_1181_Start+c): 36878793 addi    a5,a5,872
Info   a5 2652e000 -> 2652e368
Info 'riscvOVPsim/cpu', 0x000000008000de40(.l_sro_1181_Start+10): 20f35eb3 sro     t4,t1,a5
Info   t4 00111e91 -> ff6805af
Info 'riscvOVPsim/cpu', 0x000000008000de44(.l_sro_1181_Start+14): ff680cb7 lui     s9,0xff680
Info   s9 4c847e87 -> ff680000
Info 'riscvOVPsim/cpu', 0x000000008000de48(.l_sro_1181_Start+18): 5afc8c93 addi    s9,s9,1455
Info   s9 ff680000 -> ff6805af
Info 'riscvOVPsim/cpu', 0x000000008000de4c(.l_sro_1181_Start+1c): 019e8a63 beq     t4,s9,8000de60
Info 'riscvOVPsim/cpu', 0x000000008000de60(.l_rol_1182_Start): 07f20d37 lui     s10,0x7f20
Info   s10 18bd1981 -> 07f20000
Info 'riscvOVPsim/cpu', 0x000000008000de64(.l_rol_1182_Start+4): 360d0d13 addi    s10,s10,864
Info   s10 07f20000 -> 07f20360
Info 'riscvOVPsim/cpu', 0x000000008000de68(.l_rol_1182_Start+8): 22e909b7 lui     s3,0x22e90
Info   s3 0c61b113 -> 22e90000
Info 'riscvOVPsim/cpu', 0x000000008000de6c(.l_rol_1182_Start+c): 05498993 addi    s3,s3,84
Info   s3 22e90000 -> 22e90054
Info 'riscvOVPsim/cpu', 0x000000008000de70(.l_rol_1182_Start+10): 613d1533 rol     a0,s10,s3
Info   a0 16adfce2 -> 36007f20
Info 'riscvOVPsim/cpu', 0x000000008000de74(.l_rol_1182_Start+14): 36008bb7 lui     s7,0x36008
Info   s7 33853685 -> 36008000
Info 'riscvOVPsim/cpu', 0x000000008000de78(.l_rol_1182_Start+18): f20b8b93 addi    s7,s7,-224
Info   s7 36008000 -> 36007f20
Info 'riscvOVPsim/cpu', 0x000000008000de7c(.l_rol_1182_Start+1c): 01750a63 beq     a0,s7,8000de90
Info 'riscvOVPsim/cpu', 0x000000008000de90(.l_ror_1183_Start): 491fc2b7 lui     t0,0x491fc
Info   t0 15f3227a -> 491fc000
Info 'riscvOVPsim/cpu', 0x000000008000de94(.l_ror_1183_Start+4): 59128293 addi    t0,t0,1425
Info   t0 491fc000 -> 491fc591
Info 'riscvOVPsim/cpu', 0x000000008000de98(.l_ror_1183_Start+8): 4bfaae37 lui     t3,0x4bfaa
Info   t3 04004802 -> 4bfaa000
Info 'riscvOVPsim/cpu', 0x000000008000de9c(.l_ror_1183_Start+c): 14ce0e13 addi    t3,t3,332
Info   t3 4bfaa000 -> 4bfaa14c
Info 'riscvOVPsim/cpu', 0x000000008000dea0(.l_ror_1183_Start+10): 61c2d8b3 ror     a7,t0,t3
Info   a7 715d76ef -> 591491fc
Info 'riscvOVPsim/cpu', 0x000000008000dea4(.l_ror_1183_Start+14): 591497b7 lui     a5,0x59149
Info   a5 2652e368 -> 59149000
Info 'riscvOVPsim/cpu', 0x000000008000dea8(.l_ror_1183_Start+18): 1fc78793 addi    a5,a5,508
Info   a5 59149000 -> 591491fc
Info 'riscvOVPsim/cpu', 0x000000008000deac(.l_ror_1183_Start+1c): 00f88a63 beq     a7,a5,8000dec0
Info 'riscvOVPsim/cpu', 0x000000008000dec0(.l_sbclr_1184_Start): 1c2094b7 lui     s1,0x1c209
Info   s1 22e9fae9 -> 1c209000
Info 'riscvOVPsim/cpu', 0x000000008000dec4(.l_sbclr_1184_Start+4): a4c48493 addi    s1,s1,-1460
Info   s1 1c209000 -> 1c208a4c
Info 'riscvOVPsim/cpu', 0x000000008000dec8(.l_sbclr_1184_Start+8): 3725a337 lui     t1,0x3725a
Info   t1 6805af21 -> 3725a000
Info 'riscvOVPsim/cpu', 0x000000008000decc(.l_sbclr_1184_Start+c): 2dc30313 addi    t1,t1,732
Info   t1 3725a000 -> 3725a2dc
Info 'riscvOVPsim/cpu', 0x000000008000ded0(.l_sbclr_1184_Start+10): 48649a33 sbclr   s4,s1,t1
Info   s4 7a3617db -> 0c208a4c
Info 'riscvOVPsim/cpu', 0x000000008000ded4(.l_sbclr_1184_Start+14): 0c209db7 lui     s11,0xc209
Info   s11 00000002 -> 0c209000
Info 'riscvOVPsim/cpu', 0x000000008000ded8(.l_sbclr_1184_Start+18): a4cd8d93 addi    s11,s11,-1460
Info   s11 0c209000 -> 0c208a4c
Info 'riscvOVPsim/cpu', 0x000000008000dedc(.l_sbclr_1184_Start+1c): 01ba0a63 beq     s4,s11,8000def0
Info 'riscvOVPsim/cpu', 0x000000008000def0(.l_sbset_1185_Start): 4d21ddb7 lui     s11,0x4d21d
Info   s11 0c208a4c -> 4d21d000
Info 'riscvOVPsim/cpu', 0x000000008000def4(.l_sbset_1185_Start+4): d09d8d93 addi    s11,s11,-759
Info   s11 4d21d000 -> 4d21cd09
Info 'riscvOVPsim/cpu', 0x000000008000def8(.l_sbset_1185_Start+8): 4d21ddb7 lui     s11,0x4d21d
Info   s11 4d21cd09 -> 4d21d000
Info 'riscvOVPsim/cpu', 0x000000008000defc(.l_sbset_1185_Start+c): d09d8d93 addi    s11,s11,-759
Info   s11 4d21d000 -> 4d21cd09
Info 'riscvOVPsim/cpu', 0x000000008000df00(.l_sbset_1185_Start+10): 29bd96b3 sbset   a3,s11,s11
Info   a3 2bbc9f32 -> 4d21cf09
Info 'riscvOVPsim/cpu', 0x000000008000df04(.l_sbset_1185_Start+14): 4d21d637 lui     a2,0x4d21d
Info   a2 ffffaf37 -> 4d21d000
Info 'riscvOVPsim/cpu', 0x000000008000df08(.l_sbset_1185_Start+18): f0960613 addi    a2,a2,-247
Info   a2 4d21d000 -> 4d21cf09
Info 'riscvOVPsim/cpu', 0x000000008000df0c(.l_sbset_1185_Start+1c): 00c68a63 beq     a3,a2,8000df20
Info 'riscvOVPsim/cpu', 0x000000008000df20(.l_sbinv_1186_Start): 4a6f77b7 lui     a5,0x4a6f7
Info   a5 591491fc -> 4a6f7000
Info 'riscvOVPsim/cpu', 0x000000008000df24(.l_sbinv_1186_Start+4): 03178793 addi    a5,a5,49
Info   a5 4a6f7000 -> 4a6f7031
Info 'riscvOVPsim/cpu', 0x000000008000df28(.l_sbinv_1186_Start+8): 1a4be737 lui     a4,0x1a4be
Info   a4 6715d76e -> 1a4be000
Info 'riscvOVPsim/cpu', 0x000000008000df2c(.l_sbinv_1186_Start+c): 01770713 addi    a4,a4,23
Info   a4 1a4be000 -> 1a4be017
Info 'riscvOVPsim/cpu', 0x000000008000df30(.l_sbinv_1186_Start+10): 68e79b33 sbinv   s6,a5,a4
Info   s6 22108f22 -> 4aef7031
Info 'riscvOVPsim/cpu', 0x000000008000df34(.l_sbinv_1186_Start+14): 4aef72b7 lui     t0,0x4aef7
Info   t0 491fc591 -> 4aef7000
Info 'riscvOVPsim/cpu', 0x000000008000df38(.l_sbinv_1186_Start+18): 03128293 addi    t0,t0,49
Info   t0 4aef7000 -> 4aef7031
Info 'riscvOVPsim/cpu', 0x000000008000df3c(.l_sbinv_1186_Start+1c): 005b0a63 beq     s6,t0,8000df50
Info 'riscvOVPsim/cpu', 0x000000008000df50(.l_sbext_1187_Start): 1857d5b7 lui     a1,0x1857d
Info   a1 6bc7368d -> 1857d000
Info 'riscvOVPsim/cpu', 0x000000008000df54(.l_sbext_1187_Start+4): 62d58593 addi    a1,a1,1581
Info   a1 1857d000 -> 1857d62d
Info 'riscvOVPsim/cpu', 0x000000008000df58(.l_sbext_1187_Start+8): 3e68b537 lui     a0,0x3e68b
Info   a0 36007f20 -> 3e68b000
Info 'riscvOVPsim/cpu', 0x000000008000df5c(.l_sbext_1187_Start+c): 04b50513 addi    a0,a0,75
Info   a0 3e68b000 -> 3e68b04b
Info 'riscvOVPsim/cpu', 0x000000008000df60(.l_sbext_1187_Start+10): 48a5d2b3 sbext   t0,a1,a0
Info   t0 4aef7031 -> 00000000
Info 'riscvOVPsim/cpu', 0x000000008000df64(.l_sbext_1187_Start+14): 00000d13 mv      s10,zero
Info   s10 07f20360 -> 00000000
Info 'riscvOVPsim/cpu', 0x000000008000df68(.l_sbext_1187_Start+18): 01a28a63 beq     t0,s10,8000df7c
Info 'riscvOVPsim/cpu', 0x000000008000df7c(.l_grev_1188_Start): 11302f37 lui     t5,0x11302
Info   t5 3a304984 -> 11302000
Info 'riscvOVPsim/cpu', 0x000000008000df80(.l_grev_1188_Start+4): 3c3f0f13 addi    t5,t5,963
Info   t5 11302000 -> 113023c3
Info 'riscvOVPsim/cpu', 0x000000008000df84(.l_grev_1188_Start+8): 26e3e837 lui     a6,0x26e3e
Info   a6 c17e534a -> 26e3e000
Info 'riscvOVPsim/cpu', 0x000000008000df88(.l_grev_1188_Start+c): ca180813 addi    a6,a6,-863
Info   a6 26e3e000 -> 26e3dca1
Info 'riscvOVPsim/cpu', 0x000000008000df8c(.l_grev_1188_Start+10): 690f5533 grev    a0,t5,a6
Info   a0 3e68b04b -> 223013c3
Info 'riscvOVPsim/cpu', 0x000000008000df90(.l_grev_1188_Start+14): 22301b37 lui     s6,0x22301
Info   s6 4aef7031 -> 22301000
Info 'riscvOVPsim/cpu', 0x000000008000df94(.l_grev_1188_Start+18): 3c3b0b13 addi    s6,s6,963
Info   s6 22301000 -> 223013c3
Info 'riscvOVPsim/cpu', 0x000000008000df98(.l_grev_1188_Start+1c): 01650a63 beq     a0,s6,8000dfac
Info 'riscvOVPsim/cpu', 0x000000008000dfac(.l_sloi_1189_Start): 3bcfcc37 lui     s8,0x3bcfc
Info   s8 1dd487f6 -> 3bcfc000
Info 'riscvOVPsim/cpu', 0x000000008000dfb0(.l_sloi_1189_Start+4): 5f6c0c13 addi    s8,s8,1526
Info   s8 3bcfc000 -> 3bcfc5f6
Info 'riscvOVPsim/cpu', 0x000000008000dfb4(.l_sloi_1189_Start+8): 22ac1913 sloi    s2,s8,42
Info   s2 3818e0cc -> 3f17dbff
Info 'riscvOVPsim/cpu', 0x000000008000dfb8(.l_sloi_1189_Start+c): 3f17efb7 lui     t6,0x3f17e
Info   t6 32ecae3f -> 3f17e000
Info 'riscvOVPsim/cpu', 0x000000008000dfbc(.l_sloi_1189_Start+10): bfff8f93 addi    t6,t6,-1025
Info   t6 3f17e000 -> 3f17dbff
Info 'riscvOVPsim/cpu', 0x000000008000dfc0(.l_sloi_1189_Start+14): 01f90a63 beq     s2,t6,8000dfd4
Info 'riscvOVPsim/cpu', 0x000000008000dfd4(.l_sroi_1190_Start): 2a7e0937 lui     s2,0x2a7e0
Info   s2 3f17dbff -> 2a7e0000
Info 'riscvOVPsim/cpu', 0x000000008000dfd8(.l_sroi_1190_Start+4): 82b90913 addi    s2,s2,-2005
Info   s2 2a7e0000 -> 2a7df82b
Info 'riscvOVPsim/cpu', 0x000000008000dfdc(.l_sroi_1190_Start+8): 21195a93 sroi    s5,s2,17
Info   s5 33853685 -> ffff953e
Info 'riscvOVPsim/cpu', 0x000000008000dfe0(.l_sroi_1190_Start+c): ffff94b7 lui     s1,0xffff9
Info   s1 1c208a4c -> ffff9000
Info 'riscvOVPsim/cpu', 0x000000008000dfe4(.l_sroi_1190_Start+10): 53e48493 addi    s1,s1,1342
Info   s1 ffff9000 -> ffff953e
Info 'riscvOVPsim/cpu', 0x000000008000dfe8(.l_sroi_1190_Start+14): 009a8a63 beq     s5,s1,8000dffc
Info 'riscvOVPsim/cpu', 0x000000008000dffc(.l_rori_1191_Start): 772017b7 lui     a5,0x77201
Info   a5 4a6f7031 -> 77201000
Info 'riscvOVPsim/cpu', 0x000000008000e000(.l_rori_1191_Start+4): 27e78793 addi    a5,a5,638
Info   a5 77201000 -> 7720127e
Info 'riscvOVPsim/cpu', 0x000000008000e004(.l_rori_1191_Start+8): 6027dd93 rori    s11,a5,2
Info   s11 4d21cd09 -> 9dc8049f
Info 'riscvOVPsim/cpu', 0x000000008000e008(.l_rori_1191_Start+c): 9dc80cb7 lui     s9,0x9dc80
Info   s9 ff6805af -> 9dc80000
Info 'riscvOVPsim/cpu', 0x000000008000e00c(.l_rori_1191_Start+10): 49fc8c93 addi    s9,s9,1183
Info   s9 9dc80000 -> 9dc8049f
Info 'riscvOVPsim/cpu', 0x000000008000e010(.l_rori_1191_Start+14): 019d8a63 beq     s11,s9,8000e024
Info 'riscvOVPsim/cpu', 0x000000008000e024(.l_sbclri_1192_Start): 26f82db7 lui     s11,0x26f82
Info   s11 9dc8049f -> 26f82000
Info 'riscvOVPsim/cpu', 0x000000008000e028(.l_sbclri_1192_Start+4): dc7d8d93 addi    s11,s11,-569
Info   s11 26f82000 -> 26f81dc7
Info 'riscvOVPsim/cpu', 0x000000008000e02c(.l_sbclri_1192_Start+8): 495d9e93 sbclri  t4,s11,21
Info   t4 ff6805af -> 26d81dc7
Info 'riscvOVPsim/cpu', 0x000000008000e030(.l_sbclri_1192_Start+c): 26d82237 lui     tp,0x26d82
Info   tp 29c45ecc -> 26d82000
Info 'riscvOVPsim/cpu', 0x000000008000e034(.l_sbclri_1192_Start+10): dc720213 addi    tp,tp,-569
Info   tp 26d82000 -> 26d81dc7
Info 'riscvOVPsim/cpu', 0x000000008000e038(.l_sbclri_1192_Start+14): 004e8a63 beq     t4,tp,8000e04c
Info 'riscvOVPsim/cpu', 0x000000008000e04c(.l_sbseti_1193_Start): 589e2c37 lui     s8,0x589e2
Info   s8 3bcfc5f6 -> 589e2000
Info 'riscvOVPsim/cpu', 0x000000008000e050(.l_sbseti_1193_Start+4): 782c0c13 addi    s8,s8,1922
Info   s8 589e2000 -> 589e2782
Info 'riscvOVPsim/cpu', 0x000000008000e054(.l_sbseti_1193_Start+8): 2b4c1f93 sbseti  t6,s8,52
Info   t6 3f17dbff -> 589e2782
Info 'riscvOVPsim/cpu', 0x000000008000e058(.l_sbseti_1193_Start+c): 589e2db7 lui     s11,0x589e2
Info   s11 26f81dc7 -> 589e2000
Info 'riscvOVPsim/cpu', 0x000000008000e05c(.l_sbseti_1193_Start+10): 782d8d93 addi    s11,s11,1922
Info   s11 589e2000 -> 589e2782
Info 'riscvOVPsim/cpu', 0x000000008000e060(.l_sbseti_1193_Start+14): 01bf8a63 beq     t6,s11,8000e074
Info 'riscvOVPsim/cpu', 0x000000008000e074(.l_sbinvi_1194_Start): 0af34d37 lui     s10,0xaf34
Info   s10 00000000 -> 0af34000
Info 'riscvOVPsim/cpu', 0x000000008000e078(.l_sbinvi_1194_Start+4): 37bd0d13 addi    s10,s10,891
Info   s10 0af34000 -> 0af3437b
Info 'riscvOVPsim/cpu', 0x000000008000e07c(.l_sbinvi_1194_Start+8): 688d1913 sbinvi  s2,s10,8
Info   s2 2a7df82b -> 0af3427b
Info 'riscvOVPsim/cpu', 0x000000008000e080(.l_sbinvi_1194_Start+c): 0af343b7 lui     t2,0xaf34
Info   t2 05e73aac -> 0af34000
Info 'riscvOVPsim/cpu', 0x000000008000e084(.l_sbinvi_1194_Start+10): 27b38393 addi    t2,t2,635
Info   t2 0af34000 -> 0af3427b
Info 'riscvOVPsim/cpu', 0x000000008000e088(.l_sbinvi_1194_Start+14): 00790a63 beq     s2,t2,8000e09c
Info 'riscvOVPsim/cpu', 0x000000008000e09c(.l_sbexti_1195_Start): 40e966b7 lui     a3,0x40e96
Info   a3 4d21cf09 -> 40e96000
Info 'riscvOVPsim/cpu', 0x000000008000e0a0(.l_sbexti_1195_Start+4): 35268693 addi    a3,a3,850
Info   a3 40e96000 -> 40e96352
Info 'riscvOVPsim/cpu', 0x000000008000e0a4(.l_sbexti_1195_Start+8): 4a56dd93 sbexti  s11,a3,37
Info   s11 589e2782 -> 00000000
Info 'riscvOVPsim/cpu', 0x000000008000e0a8(.l_sbexti_1195_Start+c): 00000a93 mv      s5,zero
Info   s5 ffff953e -> 00000000
Info 'riscvOVPsim/cpu', 0x000000008000e0ac(.l_sbexti_1195_Start+10): 015d8a63 beq     s11,s5,8000e0c0
Info 'riscvOVPsim/cpu', 0x000000008000e0c0(.l_grevi_1196_Start): 574884b7 lui     s1,0x57488
Info   s1 ffff953e -> 57488000
Info 'riscvOVPsim/cpu', 0x000000008000e0c4(.l_grevi_1196_Start+4): b7a48493 addi    s1,s1,-1158
Info   s1 57488000 -> 57487b7a
Info 'riscvOVPsim/cpu', 0x000000008000e0c8(.l_grevi_1196_Start+8): 6a44de13 grevi   t3,s1,36
Info   t3 4bfaa14c -> 7584b7a7
Info 'riscvOVPsim/cpu', 0x000000008000e0cc(.l_grevi_1196_Start+c): 7584bc37 lui     s8,0x7584b
Info   s8 589e2782 -> 7584b000
Info 'riscvOVPsim/cpu', 0x000000008000e0d0(.l_grevi_1196_Start+10): 7a7c0c13 addi    s8,s8,1959
Info   s8 7584b000 -> 7584b7a7
Info 'riscvOVPsim/cpu', 0x000000008000e0d4(.l_grevi_1196_Start+14): 018e0a63 beq     t3,s8,8000e0e8
Info 'riscvOVPsim/cpu', 0x000000008000e0e8(.l_cmix_1197_Start): 518fa437 lui     s0,0x518fa
Info   s0 00111e91 -> 518fa000
Info 'riscvOVPsim/cpu', 0x000000008000e0ec(.l_cmix_1197_Start+4): 3c740413 addi    s0,s0,967
Info   s0 518fa000 -> 518fa3c7
Info 'riscvOVPsim/cpu', 0x000000008000e0f0(.l_cmix_1197_Start+8): 33d254b7 lui     s1,0x33d25
Info   s1 57487b7a -> 33d25000
Info 'riscvOVPsim/cpu', 0x000000008000e0f4(.l_cmix_1197_Start+c): 0ee48493 addi    s1,s1,238
Info   s1 33d25000 -> 33d250ee
Info 'riscvOVPsim/cpu', 0x000000008000e0f8(.l_cmix_1197_Start+10): 648998b7 lui     a7,0x64899
Info   a7 591491fc -> 64899000
Info 'riscvOVPsim/cpu', 0x000000008000e0fc(.l_cmix_1197_Start+14): cce88893 addi    a7,a7,-818
Info   a7 64899000 -> 64898cce
Info 'riscvOVPsim/cpu', 0x000000008000e100(.l_cmix_1197_Start+18): 8e9417b3 cmix    a5,s0,s1,a7
Info   a5 7720127e -> 558b8cc6
Info 'riscvOVPsim/cpu', 0x000000008000e104(.l_cmix_1197_Start+1c): 558b9b37 lui     s6,0x558b9
Info   s6 223013c3 -> 558b9000
Info 'riscvOVPsim/cpu', 0x000000008000e108(.l_cmix_1197_Start+20): cc6b0b13 addi    s6,s6,-826
Info   s6 558b9000 -> 558b8cc6
Info 'riscvOVPsim/cpu', 0x000000008000e10c(.l_cmix_1197_Start+24): 01678a63 beq     a5,s6,8000e120
Info 'riscvOVPsim/cpu', 0x000000008000e120(.l_cmov_1198_Start): 4ad1a8b7 lui     a7,0x4ad1a
Info   a7 64898cce -> 4ad1a000
Info 'riscvOVPsim/cpu', 0x000000008000e124(.l_cmov_1198_Start+4): e8988893 addi    a7,a7,-375
Info   a7 4ad1a000 -> 4ad19e89
Info 'riscvOVPsim/cpu', 0x000000008000e128(.l_cmov_1198_Start+8): 31298ab7 lui     s5,0x31298
Info   s5 00000000 -> 31298000
Info 'riscvOVPsim/cpu', 0x000000008000e12c(.l_cmov_1198_Start+c): 5a6a8a93 addi    s5,s5,1446
Info   s5 31298000 -> 312985a6
Info 'riscvOVPsim/cpu', 0x000000008000e130(.l_cmov_1198_Start+10): 40de1e37 lui     t3,0x40de1
Info   t3 7584b7a7 -> 40de1000
Info 'riscvOVPsim/cpu', 0x000000008000e134(.l_cmov_1198_Start+14): c6ce0e13 addi    t3,t3,-916
Info   t3 40de1000 -> 40de0c6c
Info 'riscvOVPsim/cpu', 0x000000008000e138(.l_cmov_1198_Start+18): e758de33 cmov    t3,a7,s5,t3
Info   t3 40de0c6c -> 4ad19e89
Info 'riscvOVPsim/cpu', 0x000000008000e13c(.l_cmov_1198_Start+1c): 4ad1a237 lui     tp,0x4ad1a
Info   tp 26d81dc7 -> 4ad1a000
Info 'riscvOVPsim/cpu', 0x000000008000e140(.l_cmov_1198_Start+20): e8920213 addi    tp,tp,-375
Info   tp 4ad1a000 -> 4ad19e89
Info 'riscvOVPsim/cpu', 0x000000008000e144(.l_cmov_1198_Start+24): 004e0a63 beq     t3,tp,8000e158
Info 'riscvOVPsim/cpu', 0x000000008000e158(.l_fsl_1199_Start): 0cfd20b7 lui     ra,0xcfd2
Info   ra 715d76ef -> 0cfd2000
Info 'riscvOVPsim/cpu', 0x000000008000e15c(.l_fsl_1199_Start+4): 5de08093 addi    ra,ra,1502
Info   ra 0cfd2000 -> 0cfd25de
Info 'riscvOVPsim/cpu', 0x000000008000e160(.l_fsl_1199_Start+8): 4aceba37 lui     s4,0x4aceb
Info   s4 0c208a4c -> 4aceb000
Info 'riscvOVPsim/cpu', 0x000000008000e164(.l_fsl_1199_Start+c): f22a0a13 addi    s4,s4,-222
Info   s4 4aceb000 -> 4aceaf22
Info 'riscvOVPsim/cpu', 0x000000008000e168(.l_fsl_1199_Start+10): 704ce8b7 lui     a7,0x704ce
Info   a7 4ad19e89 -> 704ce000
Info 'riscvOVPsim/cpu', 0x000000008000e16c(.l_fsl_1199_Start+14): 96388893 addi    a7,a7,-1693
Info   a7 704ce000 -> 704cd963
Info 'riscvOVPsim/cpu', 0x000000008000e170(.l_fsl_1199_Start+18): 8d409db3 fsl     s11,ra,s4,a7
Info   s11 00000000 -> c133658c
Info 'riscvOVPsim/cpu', 0x000000008000e174(.l_fsl_1199_Start+1c): c13364b7 lui     s1,0xc1336
Info   s1 33d250ee -> c1336000
Info 'riscvOVPsim/cpu', 0x000000008000e178(.l_fsl_1199_Start+20): 58c48493 addi    s1,s1,1420
Info   s1 c1336000 -> c133658c
Info 'riscvOVPsim/cpu', 0x000000008000e17c(.l_fsl_1199_Start+24): 009d8a63 beq     s11,s1,8000e190
Info 'riscvOVPsim/cpu', 0x000000008000e190(.l_fsr_1200_Start): 33782f37 lui     t5,0x33782
Info   t5 113023c3 -> 33782000
Info 'riscvOVPsim/cpu', 0x000000008000e194(.l_fsr_1200_Start+4): e07f0f13 addi    t5,t5,-505
Info   t5 33782000 -> 33781e07
Info 'riscvOVPsim/cpu', 0x000000008000e198(.l_fsr_1200_Start+8): 52fef6b7 lui     a3,0x52fef
Info   a3 40e96352 -> 52fef000
Info 'riscvOVPsim/cpu', 0x000000008000e19c(.l_fsr_1200_Start+c): ba468693 addi    a3,a3,-1116
Info   a3 52fef000 -> 52feeba4
Info 'riscvOVPsim/cpu', 0x000000008000e1a0(.l_fsr_1200_Start+10): 30da8a37 lui     s4,0x30da8
Info   s4 4aceaf22 -> 30da8000
Info 'riscvOVPsim/cpu', 0x000000008000e1a4(.l_fsr_1200_Start+14): e34a0a13 addi    s4,s4,-460
Info   s4 30da8000 -> 30da7e34
Info 'riscvOVPsim/cpu', 0x000000008000e1a8(.l_fsr_1200_Start+18): a4df5833 fsr     a6,t5,a3,s4
Info   a6 26e3dca1 -> 730da7e3
Info 'riscvOVPsim/cpu', 0x000000008000e1ac(.l_fsr_1200_Start+1c): 730da2b7 lui     t0,0x730da
Info   t0 00000000 -> 730da000
Info 'riscvOVPsim/cpu', 0x000000008000e1b0(.l_fsr_1200_Start+20): 7e328293 addi    t0,t0,2019
Info   t0 730da000 -> 730da7e3
Info 'riscvOVPsim/cpu', 0x000000008000e1b4(.l_fsr_1200_Start+24): 00580a63 beq     a6,t0,8000e1c8
Info 'riscvOVPsim/cpu', 0x000000008000e1c8(.l_fsri_1201_Start): 5e16eab7 lui     s5,0x5e16e
Info   s5 312985a6 -> 5e16e000
Info 'riscvOVPsim/cpu', 0x000000008000e1cc(.l_fsri_1201_Start+4): df5a8a93 addi    s5,s5,-523
Info   s5 5e16e000 -> 5e16ddf5
Info 'riscvOVPsim/cpu', 0x000000008000e1d0(.l_fsri_1201_Start+8): 4272f3b7 lui     t2,0x4272f
Info   t2 0af3427b -> 4272f000
Info 'riscvOVPsim/cpu', 0x000000008000e1d4(.l_fsri_1201_Start+c): 97438393 addi    t2,t2,-1676
Info   t2 4272f000 -> 4272e974
Info 'riscvOVPsim/cpu', 0x000000008000e1d8(.l_fsri_1201_Start+10): 3d8ad813 fsri    a6,s5,t2,24
Info   a6 730da7e3 -> 72e9745e
Info 'riscvOVPsim/cpu', 0x000000008000e1dc(.l_fsri_1201_Start+14): 72e977b7 lui     a5,0x72e97
Info   a5 558b8cc6 -> 72e97000
Info 'riscvOVPsim/cpu', 0x000000008000e1e0(.l_fsri_1201_Start+18): 45e78793 addi    a5,a5,1118
Info   a5 72e97000 -> 72e9745e
Info 'riscvOVPsim/cpu', 0x000000008000e1e4(.l_fsri_1201_Start+1c): 00f80a63 beq     a6,a5,8000e1f8
Info 'riscvOVPsim/cpu', 0x000000008000e1f8(.l_clz_1202_Start): 63c085b7 lui     a1,0x63c08
Info   a1 1857d62d -> 63c08000
Info 'riscvOVPsim/cpu', 0x000000008000e1fc(.l_clz_1202_Start+4): 4fe58593 addi    a1,a1,1278
Info   a1 63c08000 -> 63c084fe
Info 'riscvOVPsim/cpu', 0x000000008000e200(.l_clz_1202_Start+8): 60059a93 clz     s5,a1
Info   s5 5e16ddf5 -> 00000001
Info 'riscvOVPsim/cpu', 0x000000008000e204(.l_clz_1202_Start+c): 00100193 addi    gp,zero,1
Info   gp ffffaf37 -> 00000001
Info 'riscvOVPsim/cpu', 0x000000008000e208(.l_clz_1202_Start+10): 003a8a63 beq     s5,gp,8000e21c
Info 'riscvOVPsim/cpu', 0x000000008000e21c(.l_ctz_1203_Start): 33b39bb7 lui     s7,0x33b39
Info   s7 36007f20 -> 33b39000
Info 'riscvOVPsim/cpu', 0x000000008000e220(.l_ctz_1203_Start+4): 178b8b93 addi    s7,s7,376
Info   s7 33b39000 -> 33b39178
Info 'riscvOVPsim/cpu', 0x000000008000e224(.l_ctz_1203_Start+8): 601b9a13 ctz     s4,s7
Info   s4 30da7e34 -> 00000003
Info 'riscvOVPsim/cpu', 0x000000008000e228(.l_ctz_1203_Start+c): 00300413 addi    s0,zero,3
Info   s0 518fa3c7 -> 00000003
Info 'riscvOVPsim/cpu', 0x000000008000e22c(.l_ctz_1203_Start+10): 008a0a63 beq     s4,s0,8000e240
Info 'riscvOVPsim/cpu', 0x000000008000e240(.l_pcnt_1204_Start): 41bca0b7 lui     ra,0x41bca
Info   ra 0cfd25de -> 41bca000
Info 'riscvOVPsim/cpu', 0x000000008000e244(.l_pcnt_1204_Start+4): 72e08093 addi    ra,ra,1838
Info   ra 41bca000 -> 41bca72e
Info 'riscvOVPsim/cpu', 0x000000008000e248(.l_pcnt_1204_Start+8): 60209f93 pcnt    t6,ra
Info   t6 589e2782 -> 00000010
Info 'riscvOVPsim/cpu', 0x000000008000e24c(.l_pcnt_1204_Start+c): 01000c93 addi    s9,zero,16
Info   s9 9dc8049f -> 00000010
Info 'riscvOVPsim/cpu', 0x000000008000e250(.l_pcnt_1204_Start+10): 019f8a63 beq     t6,s9,8000e264
Info 'riscvOVPsim/cpu', 0x000000008000e264(.l_crc32_b_1205_Start): 4ab4bb37 lui     s6,0x4ab4b
Info   s6 558b8cc6 -> 4ab4b000
Info 'riscvOVPsim/cpu', 0x000000008000e268(.l_crc32_b_1205_Start+4): 470b0b13 addi    s6,s6,1136
Info   s6 4ab4b000 -> 4ab4b470
Info 'riscvOVPsim/cpu', 0x000000008000e26c(.l_crc32_b_1205_Start+8): 610b1f93 crc32.b t6,s6
Info   t6 00000010 -> 504fc588
Info 'riscvOVPsim/cpu', 0x000000008000e270(.l_crc32_b_1205_Start+c): 504fc2b7 lui     t0,0x504fc
Info   t0 730da7e3 -> 504fc000
Info 'riscvOVPsim/cpu', 0x000000008000e274(.l_crc32_b_1205_Start+10): 58828293 addi    t0,t0,1416
Info   t0 504fc000 -> 504fc588
Info 'riscvOVPsim/cpu', 0x000000008000e278(.l_crc32_b_1205_Start+14): 005f8a63 beq     t6,t0,8000e28c
Info 'riscvOVPsim/cpu', 0x000000008000e28c(.l_crc32_h_1206_Start): 097e6fb7 lui     t6,0x97e6
Info   t6 504fc588 -> 097e6000
Info 'riscvOVPsim/cpu', 0x000000008000e290(.l_crc32_h_1206_Start+4): 9c0f8f93 addi    t6,t6,-1600
Info   t6 097e6000 -> 097e59c0
Info 'riscvOVPsim/cpu', 0x000000008000e294(.l_crc32_h_1206_Start+8): 611f9a13 crc32.h s4,t6
Info   s4 00000003 -> d94d3760
Info 'riscvOVPsim/cpu', 0x000000008000e298(.l_crc32_h_1206_Start+c): d94d35b7 lui     a1,0xd94d3
Info   a1 63c084fe -> d94d3000
Info 'riscvOVPsim/cpu', 0x000000008000e29c(.l_crc32_h_1206_Start+10): 76058593 addi    a1,a1,1888
Info   a1 d94d3000 -> d94d3760
Info 'riscvOVPsim/cpu', 0x000000008000e2a0(.l_crc32_h_1206_Start+14): 00ba0a63 beq     s4,a1,8000e2b4
Info 'riscvOVPsim/cpu', 0x000000008000e2b4(.l_crc32_w_1207_Start): 4f98f437 lui     s0,0x4f98f
Info   s0 00000003 -> 4f98f000
Info 'riscvOVPsim/cpu', 0x000000008000e2b8(.l_crc32_w_1207_Start+4): 07640413 addi    s0,s0,118
Info   s0 4f98f000 -> 4f98f076
Info 'riscvOVPsim/cpu', 0x000000008000e2bc(.l_crc32_w_1207_Start+8): 61241313 crc32.w t1,s0
Info   t1 3725a2dc -> a46bd083
Info 'riscvOVPsim/cpu', 0x000000008000e2c0(.l_crc32_w_1207_Start+c): a46bdfb7 lui     t6,0xa46bd
Info   t6 097e59c0 -> a46bd000
Info 'riscvOVPsim/cpu', 0x000000008000e2c4(.l_crc32_w_1207_Start+10): 083f8f93 addi    t6,t6,131
Info   t6 a46bd000 -> a46bd083
Info 'riscvOVPsim/cpu', 0x000000008000e2c8(.l_crc32_w_1207_Start+14): 01f30a63 beq     t1,t6,8000e2dc
Info 'riscvOVPsim/cpu', 0x000000008000e2dc(.l_crc32c_b_1208_Start): 27adbdb7 lui     s11,0x27adb
Info   s11 c133658c -> 27adb000
Info 'riscvOVPsim/cpu', 0x000000008000e2e0(.l_crc32c_b_1208_Start+4): b42d8d93 addi    s11,s11,-1214
Info   s11 27adb000 -> 27adab42
Info 'riscvOVPsim/cpu', 0x000000008000e2e4(.l_crc32c_b_1208_Start+8): 618d9f13 crc32c.b t5,s11
Info   t5 33781e07 -> a067c0e0
Info 'riscvOVPsim/cpu', 0x000000008000e2e8(.l_crc32c_b_1208_Start+c): a067c337 lui     t1,0xa067c
Info   t1 a46bd083 -> a067c000
Info 'riscvOVPsim/cpu', 0x000000008000e2ec(.l_crc32c_b_1208_Start+10): 0e030313 addi    t1,t1,224
Info   t1 a067c000 -> a067c0e0
Info 'riscvOVPsim/cpu', 0x000000008000e2f0(.l_crc32c_b_1208_Start+14): 006f0a63 beq     t5,t1,8000e304
Info 'riscvOVPsim/cpu', 0x000000008000e304(.l_crc32c_h_1209_Start): 7b9591b7 lui     gp,0x7b959
Info   gp 00000001 -> 7b959000
Info 'riscvOVPsim/cpu', 0x000000008000e308(.l_crc32c_h_1209_Start+4): f9b18193 addi    gp,gp,-101
Info   gp 7b959000 -> 7b958f9b
Info 'riscvOVPsim/cpu', 0x000000008000e30c(.l_crc32c_h_1209_Start+8): 61919813 crc32c.h a6,gp
Info   a6 72e9745e -> b1101c90
Info 'riscvOVPsim/cpu', 0x000000008000e310(.l_crc32c_h_1209_Start+c): b11023b7 lui     t2,0xb1102
Info   t2 4272e974 -> b1102000
Info 'riscvOVPsim/cpu', 0x000000008000e314(.l_crc32c_h_1209_Start+10): c9038393 addi    t2,t2,-880
Info   t2 b1102000 -> b1101c90
Info 'riscvOVPsim/cpu', 0x000000008000e318(.l_crc32c_h_1209_Start+14): 00780a63 beq     a6,t2,8000e32c
Info 'riscvOVPsim/cpu', 0x000000008000e32c(.l_crc32c_w_1210_Start): 7d4efab7 lui     s5,0x7d4ef
Info   s5 00000001 -> 7d4ef000
Info 'riscvOVPsim/cpu', 0x000000008000e330(.l_crc32c_w_1210_Start+4): 14aa8a93 addi    s5,s5,330
Info   s5 7d4ef000 -> 7d4ef14a
Info 'riscvOVPsim/cpu', 0x000000008000e334(.l_crc32c_w_1210_Start+8): 61aa9993 crc32c.w s3,s5
Info   s3 22e90054 -> 5f1cb0aa
Info 'riscvOVPsim/cpu', 0x000000008000e338(.l_crc32c_w_1210_Start+c): 5f1cb637 lui     a2,0x5f1cb
Info   a2 4d21cf09 -> 5f1cb000
Info 'riscvOVPsim/cpu', 0x000000008000e33c(.l_crc32c_w_1210_Start+10): 0aa60613 addi    a2,a2,170
Info   a2 5f1cb000 -> 5f1cb0aa
Info 'riscvOVPsim/cpu', 0x000000008000e340(.l_crc32c_w_1210_Start+14): 00c98a63 beq     s3,a2,8000e354
Info 'riscvOVPsim/cpu', 0x000000008000e354(.l_clmul_1211_Start): 00000013 nop
Info 'riscvOVPsim/cpu', 0x000000008000e358(.l_clmul_1211_Start+4): 7b3db137 lui     sp,0x7b3db
Info   sp 2ba22cd7 -> 7b3db000
Info 'riscvOVPsim/cpu', 0x000000008000e35c(.l_clmul_1211_Start+8): b8110113 addi    sp,sp,-1151
Info   sp 7b3db000 -> 7b3dab81
Info 'riscvOVPsim/cpu', 0x000000008000e360(.l_clmul_1211_Start+c): a201033 clmul   zero,zero,sp
Info 'riscvOVPsim/cpu', 0x000000008000e364(.l_clmul_1211_Start+10): 00000893 mv      a7,zero
Info   a7 704cd963 -> 00000000
Info 'riscvOVPsim/cpu', 0x000000008000e368(.l_clmul_1211_Start+14): 01100a63 beq     zero,a7,8000e37c
Info 'riscvOVPsim/cpu', 0x000000008000e37c(.l_clmulr_1212_Start): 4ed196b7 lui     a3,0x4ed19
Info   a3 52feeba4 -> 4ed19000
Info 'riscvOVPsim/cpu', 0x000000008000e380(.l_clmulr_1212_Start+4): 81f68693 addi    a3,a3,-2017
Info   a3 4ed19000 -> 4ed1881f
Info 'riscvOVPsim/cpu', 0x000000008000e384(.l_clmulr_1212_Start+8): 00000013 nop
Info 'riscvOVPsim/cpu', 0x000000008000e388(.l_clmulr_1212_Start+c): a201033 clmul   zero,zero,sp
Info   s7 33b39178 -> 00000000
Info 'riscvOVPsim/cpu', 0x000000008000e38c(.l_clmulr_1212_Start+10): 00000713 mv      a4,zero
Info   a4 1a4be017 -> 00000000
Info 'riscvOVPsim/cpu', 0x000000008000e390(.l_clmulr_1212_Start+14): 00eb8a63 beq     s7,a4,8000e3a4
Info 'riscvOVPsim/cpu', 0x000000008000e3a4(.l_clmulh_1213_Start): 7cfe7137 lui     sp,0x7cfe7
Info   sp 7b3dab81 -> 7cfe7000
Info 'riscvOVPsim/cpu', 0x000000008000e3a8(.l_clmulh_1213_Start+4): 36210113 addi    sp,sp,866
Info   sp 7cfe7000 -> 7cfe7362
Info 'riscvOVPsim/cpu', 0x000000008000e3ac(.l_clmulh_1213_Start+8): 1ebbff37 lui     t5,0x1ebbf
Info   t5 a067c0e0 -> 1ebbf000
Info 'riscvOVPsim/cpu', 0x000000008000e3b0(.l_clmulh_1213_Start+c): c64f0f13 addi    t5,t5,-924
Info   t5 1ebbf000 -> 1ebbec64
Info 'riscvOVPsim/cpu', 0x000000008000e3b4(.l_clmulh_1213_Start+10): be13833 clmulh  a6,sp,t5
Info   a6 b1101c90 -> 051770bd
Info 'riscvOVPsim/cpu', 0x000000008000e3b8(.l_clmulh_1213_Start+14): 05177337 lui     t1,0x5177
Info   t1 a067c0e0 -> 05177000
Info 'riscvOVPsim/cpu', 0x000000008000e3bc(.l_clmulh_1213_Start+18): 0bd30313 addi    t1,t1,189
Info   t1 05177000 -> 051770bd
Info 'riscvOVPsim/cpu', 0x000000008000e3c0(.l_clmulh_1213_Start+1c): 00680a63 beq     a6,t1,8000e3d4
Info 'riscvOVPsim/cpu', 0x000000008000e3d4(.l_min_1214_Start): 6b3d7b37 lui     s6,0x6b3d7
Info   s6 4ab4b470 -> 6b3d7000
Info 'riscvOVPsim/cpu', 0x000000008000e3d8(.l_min_1214_Start+4): 471b0b13 addi    s6,s6,1137
Info   s6 6b3d7000 -> 6b3d7471
Info 'riscvOVPsim/cpu', 0x000000008000e3dc(.l_min_1214_Start+8): 1d652db7 lui     s11,0x1d652
Info   s11 27adab42 -> 1d652000
Info 'riscvOVPsim/cpu', 0x000000008000e3e0(.l_min_1214_Start+c): 069d8d93 addi    s11,s11,105
Info   s11 1d652000 -> 1d652069
Info 'riscvOVPsim/cpu', 0x000000008000e3e4(.l_min_1214_Start+10): bbb4eb3 min     t4,s6,s11
Info   t4 26d81dc7 -> 1d652069
Info 'riscvOVPsim/cpu', 0x000000008000e3e8(.l_min_1214_Start+14): 1d652437 lui     s0,0x1d652
Info   s0 4f98f076 -> 1d652000
Info 'riscvOVPsim/cpu', 0x000000008000e3ec(.l_min_1214_Start+18): 06940413 addi    s0,s0,105
Info   s0 1d652000 -> 1d652069
Info 'riscvOVPsim/cpu', 0x000000008000e3f0(.l_min_1214_Start+1c): 008e8a63 beq     t4,s0,8000e404
Info 'riscvOVPsim/cpu', 0x000000008000e404(.l_max_1215_Start): 6dbca0b7 lui     ra,0x6dbca
Info   ra 41bca72e -> 6dbca000
Info 'riscvOVPsim/cpu', 0x000000008000e408(.l_max_1215_Start+4): 9c008093 addi    ra,ra,-1600
Info   ra 6dbca000 -> 6dbc99c0
Info 'riscvOVPsim/cpu', 0x000000008000e40c(.l_max_1215_Start+8): 39bc8637 lui     a2,0x39bc8
Info   a2 5f1cb0aa -> 39bc8000
Info 'riscvOVPsim/cpu', 0x000000008000e410(.l_max_1215_Start+c): faa60613 addi    a2,a2,-86
Info   a2 39bc8000 -> 39bc7faa
Info 'riscvOVPsim/cpu', 0x000000008000e414(.l_max_1215_Start+10): ac0deb3 max     t4,ra,a2
Info   t4 1d652069 -> 6dbc99c0
Info 'riscvOVPsim/cpu', 0x000000008000e418(.l_max_1215_Start+14): 6dbca2b7 lui     t0,0x6dbca
Info   t0 504fc588 -> 6dbca000
Info 'riscvOVPsim/cpu', 0x000000008000e41c(.l_max_1215_Start+18): 9c028293 addi    t0,t0,-1600
Info   t0 6dbca000 -> 6dbc99c0
Info 'riscvOVPsim/cpu', 0x000000008000e420(.l_max_1215_Start+1c): 005e8a63 beq     t4,t0,8000e434
Info 'riscvOVPsim/cpu', 0x000000008000e434(.l_minu_1216_Start): 1c0e1537 lui     a0,0x1c0e1
Info   a0 223013c3 -> 1c0e1000
Info 'riscvOVPsim/cpu', 0x000000008000e438(.l_minu_1216_Start+4): dcd50513 addi    a0,a0,-563
Info   a0 1c0e1000 -> 1c0e0dcd
Info 'riscvOVPsim/cpu', 0x000000008000e43c(.l_minu_1216_Start+8): 1c0e1537 lui     a0,0x1c0e1
Info   a0 1c0e0dcd -> 1c0e1000
Info 'riscvOVPsim/cpu', 0x000000008000e440(.l_minu_1216_Start+c): dcd50513 addi    a0,a0,-563
Info   a0 1c0e1000 -> 1c0e0dcd
Info 'riscvOVPsim/cpu', 0x000000008000e444(.l_minu_1216_Start+10): aa566b3 minu    a3,a0,a0
Info   a3 4ed1881f -> 1c0e0dcd
Info 'riscvOVPsim/cpu', 0x000000008000e448(.l_minu_1216_Start+14): 1c0e1f37 lui     t5,0x1c0e1
Info   t5 1ebbec64 -> 1c0e1000
Info 'riscvOVPsim/cpu', 0x000000008000e44c(.l_minu_1216_Start+18): dcdf0f13 addi    t5,t5,-563
Info   t5 1c0e1000 -> 1c0e0dcd
Info 'riscvOVPsim/cpu', 0x000000008000e450(.l_minu_1216_Start+1c): 01e68a63 beq     a3,t5,8000e464
Info 'riscvOVPsim/cpu', 0x000000008000e464(.l_maxu_1217_Start): 44810237 lui     tp,0x44810
Info   tp 4ad19e89 -> 44810000
Info 'riscvOVPsim/cpu', 0x000000008000e468(.l_maxu_1217_Start+4): 6d120213 addi    tp,tp,1745
Info   tp 44810000 -> 448106d1
Info 'riscvOVPsim/cpu', 0x000000008000e46c(.l_maxu_1217_Start+8): 2beedb37 lui     s6,0x2beed
Info   s6 6b3d7471 -> 2beed000
Info 'riscvOVPsim/cpu', 0x000000008000e470(.l_maxu_1217_Start+c): 176b0b13 addi    s6,s6,374
Info   s6 2beed000 -> 2beed176
Info 'riscvOVPsim/cpu', 0x000000008000e474(.l_maxu_1217_Start+10): b627733 maxu    a4,tp,s6
Info   a4 00000000 -> 448106d1
Info 'riscvOVPsim/cpu', 0x000000008000e478(.l_maxu_1217_Start+14): 448109b7 lui     s3,0x44810
Info   s3 5f1cb0aa -> 44810000
Info 'riscvOVPsim/cpu', 0x000000008000e47c(.l_maxu_1217_Start+18): 6d198993 addi    s3,s3,1745
Info   s3 44810000 -> 448106d1
Info 'riscvOVPsim/cpu', 0x000000008000e480(.l_maxu_1217_Start+1c): 01370a63 beq     a4,s3,8000e494
Info 'riscvOVPsim/cpu', 0x000000008000e494(.l_shfl_1218_Start): 34ff99b7 lui     s3,0x34ff9
Info   s3 448106d1 -> 34ff9000
Info 'riscvOVPsim/cpu', 0x000000008000e498(.l_shfl_1218_Start+4): 3d598993 addi    s3,s3,981
Info   s3 34ff9000 -> 34ff93d5
Info 'riscvOVPsim/cpu', 0x000000008000e49c(.l_shfl_1218_Start+8): 27b57a37 lui     s4,0x27b57
Info   s4 d94d3760 -> 27b57000
Info 'riscvOVPsim/cpu', 0x000000008000e4a0(.l_shfl_1218_Start+c): 919a0a13 addi    s4,s4,-1767
Info   s4 27b57000 -> 27b56919
Info 'riscvOVPsim/cpu', 0x000000008000e4a4(.l_shfl_1218_Start+10): 9499fb3 shfl    t6,s3,s4
Info   t6 a46bd083 -> 5295ffb3
Info 'riscvOVPsim/cpu', 0x000000008000e4a8(.l_shfl_1218_Start+14): 52960ab7 lui     s5,0x52960
Info   s5 7d4ef14a -> 52960000
Info 'riscvOVPsim/cpu', 0x000000008000e4ac(.l_shfl_1218_Start+18): fb3a8a93 addi    s5,s5,-77
Info   s5 52960000 -> 5295ffb3
Info 'riscvOVPsim/cpu', 0x000000008000e4b0(.l_shfl_1218_Start+1c): 015f8a63 beq     t6,s5,8000e4c4
Info 'riscvOVPsim/cpu', 0x000000008000e4c4(.l_unshfl_1219_Start): 579455b7 lui     a1,0x57945
Info   a1 d94d3760 -> 57945000
Info 'riscvOVPsim/cpu', 0x000000008000e4c8(.l_unshfl_1219_Start+4): 39c58593 addi    a1,a1,924
Info   a1 57945000 -> 5794539c
Info 'riscvOVPsim/cpu', 0x000000008000e4cc(.l_unshfl_1219_Start+8): 336f6a37 lui     s4,0x336f6
Info   s4 27b56919 -> 336f6000
Info 'riscvOVPsim/cpu', 0x000000008000e4d0(.l_unshfl_1219_Start+c): 65da0a13 addi    s4,s4,1629
Info   s4 336f6000 -> 336f665d
Info 'riscvOVPsim/cpu', 0x000000008000e4d4(.l_unshfl_1219_Start+10): 945d8b3 unshfl  a7,a1,s4
Info   a7 00000000 -> 3939725a
Info 'riscvOVPsim/cpu', 0x000000008000e4d8(.l_unshfl_1219_Start+14): 39397eb7 lui     t4,0x39397
Info   t4 6dbc99c0 -> 39397000
Info 'riscvOVPsim/cpu', 0x000000008000e4dc(.l_unshfl_1219_Start+18): 25ae8e93 addi    t4,t4,602
Info   t4 39397000 -> 3939725a
Info 'riscvOVPsim/cpu', 0x000000008000e4e0(.l_unshfl_1219_Start+1c): 01d88a63 beq     a7,t4,8000e4f4
Info 'riscvOVPsim/cpu', 0x000000008000e4f4(.l_bdep_1220_Start): 4d9eef37 lui     t5,0x4d9ee
Info   t5 1c0e0dcd -> 4d9ee000
Info 'riscvOVPsim/cpu', 0x000000008000e4f8(.l_bdep_1220_Start+4): a3bf0f13 addi    t5,t5,-1477
Info   t5 4d9ee000 -> 4d9eda3b
Info 'riscvOVPsim/cpu', 0x000000008000e4fc(.l_bdep_1220_Start+8): 30145537 lui     a0,0x30145
Info   a0 1c0e0dcd -> 30145000
Info 'riscvOVPsim/cpu', 0x000000008000e500(.l_bdep_1220_Start+c): d8a50513 addi    a0,a0,-630
Info   a0 30145000 -> 30144d8a
Info 'riscvOVPsim/cpu', 0x000000008000e504(.l_bdep_1220_Start+10): 8af2533 bdep    a0,t5,a0
Info   a0 30144d8a -> 10000d0a
Info 'riscvOVPsim/cpu', 0x000000008000e508(.l_bdep_1220_Start+14): 10001837 lui     a6,0x10001
Info   a6 051770bd -> 10001000
Info 'riscvOVPsim/cpu', 0x000000008000e50c(.l_bdep_1220_Start+18): d0a80813 addi    a6,a6,-758
Info   a6 10001000 -> 10000d0a
Info 'riscvOVPsim/cpu', 0x000000008000e510(.l_bdep_1220_Start+1c): 01050a63 beq     a0,a6,8000e524
Info 'riscvOVPsim/cpu', 0x000000008000e524(.l_bext_1221_Start): 2aab0437 lui     s0,0x2aab0
Info   s0 1d652069 -> 2aab0000
Info 'riscvOVPsim/cpu', 0x000000008000e528(.l_bext_1221_Start+4): 3f540413 addi    s0,s0,1013
Info   s0 2aab0000 -> 2aab03f5
Info 'riscvOVPsim/cpu', 0x000000008000e52c(.l_bext_1221_Start+8): 372dea37 lui     s4,0x372de
Info   s4 336f665d -> 372de000
Info 'riscvOVPsim/cpu', 0x000000008000e530(.l_bext_1221_Start+c): 661a0a13 addi    s4,s4,1633
Info   s4 372de000 -> 372de661
Info 'riscvOVPsim/cpu', 0x000000008000e534(.l_bext_1221_Start+10): 94464b3 bext    s1,s0,s4
Info   s1 c133658c -> 00012d0f
Info 'riscvOVPsim/cpu', 0x000000008000e538(.l_bext_1221_Start+14): 00013937 lui     s2,0x13
Info   s2 0af3427b -> 00013000
Info 'riscvOVPsim/cpu', 0x000000008000e53c(.l_bext_1221_Start+18): d0f90913 addi    s2,s2,-753
Info   s2 00013000 -> 00012d0f
Info 'riscvOVPsim/cpu', 0x000000008000e540(.l_bext_1221_Start+1c): 01248a63 beq     s1,s2,8000e554
Info 'riscvOVPsim/cpu', 0x000000008000e554(.l_pack_1222_Start): 01ab01b7 lui     gp,0x1ab0
Info   gp 7b958f9b -> 01ab0000
Info 'riscvOVPsim/cpu', 0x000000008000e558(.l_pack_1222_Start+4): 19118193 addi    gp,gp,401
Info   gp 01ab0000 -> 01ab0191
Info 'riscvOVPsim/cpu', 0x000000008000e55c(.l_pack_1222_Start+8): 1c9f42b7 lui     t0,0x1c9f4
Info   t0 6dbc99c0 -> 1c9f4000
Info 'riscvOVPsim/cpu', 0x000000008000e560(.l_pack_1222_Start+c): f3728293 addi    t0,t0,-201
Info   t0 1c9f4000 -> 1c9f3f37
Info 'riscvOVPsim/cpu', 0x000000008000e564(.l_pack_1222_Start+10): 0851ce33 undef
Info   t3 4ad19e89 -> 3f370191
Info 'riscvOVPsim/cpu', 0x000000008000e568(.l_pack_1222_Start+14): 3f370c37 lui     s8,0x3f370
Info   s8 7584b7a7 -> 3f370000
Info 'riscvOVPsim/cpu', 0x000000008000e56c(.l_pack_1222_Start+18): 191c0c13 addi    s8,s8,401
Info   s8 3f370000 -> 3f370191
Info 'riscvOVPsim/cpu', 0x000000008000e570(.l_pack_1222_Start+1c): 018e0a63 beq     t3,s8,8000e584
Info 'riscvOVPsim/cpu', 0x000000008000e584(.l_bfp_1223_Start): 5ee0f837 lui     a6,0x5ee0f
Info   a6 10000d0a -> 5ee0f000
Info 'riscvOVPsim/cpu', 0x000000008000e588(.l_bfp_1223_Start+4): a4480813 addi    a6,a6,-1468
Info   a6 5ee0f000 -> 5ee0ea44
Info 'riscvOVPsim/cpu', 0x000000008000e58c(.l_bfp_1223_Start+8): 099ff537 lui     a0,0x99ff
Info   a0 10000d0a -> 099ff000
Info 'riscvOVPsim/cpu', 0x000000008000e590(.l_bfp_1223_Start+c): 38050513 addi    a0,a0,896
Info   a0 099ff000 -> 099ff380
Info 'riscvOVPsim/cpu', 0x000000008000e594(.l_bfp_1223_Start+10): 8a87433 bfp     s0,a6,a0
Info   s0 2aab03f5 -> 5ee0eac0
Info 'riscvOVPsim/cpu', 0x000000008000e598(.l_bfp_1223_Start+14): 5ee0f0b7 lui     ra,0x5ee0f
Info   ra 6dbc99c0 -> 5ee0f000
Info 'riscvOVPsim/cpu', 0x000000008000e59c(.l_bfp_1223_Start+18): ac008093 addi    ra,ra,-1344
Info   ra 5ee0f000 -> 5ee0eac0
Info 'riscvOVPsim/cpu', 0x000000008000e5a0(.l_bfp_1223_Start+1c): 00140a63 beq     s0,ra,8000e5b4
Info 'riscvOVPsim/cpu', 0x000000008000e5b4(.l_shfli_1224_Start): 6fd24b37 lui     s6,0x6fd24
Info   s6 2beed176 -> 6fd24000
Info 'riscvOVPsim/cpu', 0x000000008000e5b8(.l_shfli_1224_Start+4): 263b0b13 addi    s6,s6,611
Info   s6 6fd24000 -> 6fd24263
Info 'riscvOVPsim/cpu', 0x000000008000e5bc(.l_shfli_1224_Start+8): abb1b13 shfli   s6,s6,43
Info   s6 6fd24263 -> 7d24a62d
Info 'riscvOVPsim/cpu', 0x000000008000e5c0(.l_shfli_1224_Start+c): 7d24a6b7 lui     a3,0x7d24a
Info   a3 1c0e0dcd -> 7d24a000
Info 'riscvOVPsim/cpu', 0x000000008000e5c4(.l_shfli_1224_Start+10): 62d68693 addi    a3,a3,1581
Info   a3 7d24a000 -> 7d24a62d
Info 'riscvOVPsim/cpu', 0x000000008000e5c8(.l_shfli_1224_Start+14): 00db0a63 beq     s6,a3,8000e5dc
Info 'riscvOVPsim/cpu', 0x000000008000e5dc(.l_unshfli_1225_Start): 63c6a3b7 lui     t2,0x63c6a
Info   t2 b1101c90 -> 63c6a000
Info 'riscvOVPsim/cpu', 0x000000008000e5e0(.l_unshfli_1225_Start+4): f5138393 addi    t2,t2,-175
Info   t2 63c6a000 -> 63c69f51
Info 'riscvOVPsim/cpu', 0x000000008000e5e4(.l_unshfli_1225_Start+8): 8d3d413 unshfli s0,t2,13
Info   s0 5ee0eac0 -> 6a9356f1
Info 'riscvOVPsim/cpu', 0x000000008000e5e8(.l_unshfli_1225_Start+c): 6a935d37 lui     s10,0x6a935
Info   s10 0af3437b -> 6a935000
Info 'riscvOVPsim/cpu', 0x000000008000e5ec(.l_unshfli_1225_Start+10): 6f1d0d13 addi    s10,s10,1777
Info   s10 6a935000 -> 6a9356f1
Info 'riscvOVPsim/cpu', 0x000000008000e5f0(.l_unshfli_1225_Start+14): 01a40a63 beq     s0,s10,8000e604
Info 'riscvOVPsim/cpu', 0x000000008000e604(.l_andn_1226_Start): 666770b7 lui     ra,0x66677
Info   ra 5ee0eac0 -> 66677000
Info 'riscvOVPsim/cpu', 0x000000008000e608(.l_andn_1226_Start+4): ba908093 addi    ra,ra,-1111
Info   ra 66677000 -> 66676ba9
Info 'riscvOVPsim/cpu', 0x000000008000e60c(.l_andn_1226_Start+8): 2efacdb7 lui     s11,0x2efac
Info   s11 1d652069 -> 2efac000
Info 'riscvOVPsim/cpu', 0x000000008000e610(.l_andn_1226_Start+c): 570d8d93 addi    s11,s11,1392
Info   s11 2efac000 -> 2efac570
Info 'riscvOVPsim/cpu', 0x000000008000e614(.l_andn_1226_Start+10): 41b0f633 andn    a2,ra,s11
Info   a2 39bc7faa -> 40052a89
Info 'riscvOVPsim/cpu', 0x000000008000e618(.l_andn_1226_Start+14): 400534b7 lui     s1,0x40053
Info   s1 00012d0f -> 40053000
Info 'riscvOVPsim/cpu', 0x000000008000e61c(.l_andn_1226_Start+18): a8948493 addi    s1,s1,-1399
Info   s1 40053000 -> 40052a89
Info 'riscvOVPsim/cpu', 0x000000008000e620(.l_andn_1226_Start+1c): 00960a63 beq     a2,s1,8000e634
Info 'riscvOVPsim/cpu', 0x000000008000e634(.l_orn_1227_Start): 6b378f37 lui     t5,0x6b378
Info   t5 4d9eda3b -> 6b378000
Info 'riscvOVPsim/cpu', 0x000000008000e638(.l_orn_1227_Start+4): 701f0f13 addi    t5,t5,1793
Info   t5 6b378000 -> 6b378701
Info 'riscvOVPsim/cpu', 0x000000008000e63c(.l_orn_1227_Start+8): 3e46e8b7 lui     a7,0x3e46e
Info   a7 3939725a -> 3e46e000
Info 'riscvOVPsim/cpu', 0x000000008000e640(.l_orn_1227_Start+c): 43788893 addi    a7,a7,1079
Info   a7 3e46e000 -> 3e46e437
Info 'riscvOVPsim/cpu', 0x000000008000e644(.l_orn_1227_Start+10): 411f6433 orn     s0,t5,a7
Info   s0 6a9356f1 -> ebbf9fc9
Info 'riscvOVPsim/cpu', 0x000000008000e648(.l_orn_1227_Start+14): ebbfa0b7 lui     ra,0xebbfa
Info   ra 66676ba9 -> ebbfa000
Info 'riscvOVPsim/cpu', 0x000000008000e64c(.l_orn_1227_Start+18): fc908093 addi    ra,ra,-55
Info   ra ebbfa000 -> ebbf9fc9
Info 'riscvOVPsim/cpu', 0x000000008000e650(.l_orn_1227_Start+1c): 00140a63 beq     s0,ra,8000e664
Info 'riscvOVPsim/cpu', 0x000000008000e664(.l_xnor_1228_Start): 58d40937 lui     s2,0x58d40
Info   s2 00012d0f -> 58d40000
Info 'riscvOVPsim/cpu', 0x000000008000e668(.l_xnor_1228_Start+4): f8390913 addi    s2,s2,-125
Info   s2 58d40000 -> 58d3ff83
Info 'riscvOVPsim/cpu', 0x000000008000e66c(.l_xnor_1228_Start+8): 2f868737 lui     a4,0x2f868
Info   a4 448106d1 -> 2f868000
Info 'riscvOVPsim/cpu', 0x000000008000e670(.l_xnor_1228_Start+c): 31870713 addi    a4,a4,792
Info   a4 2f868000 -> 2f868318
Info 'riscvOVPsim/cpu', 0x000000008000e674(.l_xnor_1228_Start+10): 40e94bb3 xnor    s7,s2,a4
Info   s7 00000000 -> 88aa8364
Info 'riscvOVPsim/cpu', 0x000000008000e678(.l_xnor_1228_Start+14): 88aa8b37 lui     s6,0x88aa8
Info   s6 7d24a62d -> 88aa8000
Info 'riscvOVPsim/cpu', 0x000000008000e67c(.l_xnor_1228_Start+18): 364b0b13 addi    s6,s6,868
Info   s6 88aa8000 -> 88aa8364
Info 'riscvOVPsim/cpu', 0x000000008000e680(.l_xnor_1228_Start+1c): 016b8a63 beq     s7,s6,8000e694
Info 'riscvOVPsim/cpu', 0x000000008000e694(.l_slo_1229_Start): 2b15a3b7 lui     t2,0x2b15a
Info   t2 63c69f51 -> 2b15a000
Info 'riscvOVPsim/cpu', 0x000000008000e698(.l_slo_1229_Start+4): 3bd38393 addi    t2,t2,957
Info   t2 2b15a000 -> 2b15a3bd
Info 'riscvOVPsim/cpu', 0x000000008000e69c(.l_slo_1229_Start+8): 2f1d5c37 lui     s8,0x2f1d5
Info   s8 3f370191 -> 2f1d5000
Info 'riscvOVPsim/cpu', 0x000000008000e6a0(.l_slo_1229_Start+c): 944c0c13 addi    s8,s8,-1724
Info   s8 2f1d5000 -> 2f1d4944
Info 'riscvOVPsim/cpu', 0x000000008000e6a4(.l_slo_1229_Start+10): 21839e33 slo     t3,t2,s8
Info   t3 3f370191 -> b15a3bdf
Info 'riscvOVPsim/cpu', 0x000000008000e6a8(.l_slo_1229_Start+14): b15a45b7 lui     a1,0xb15a4
Info   a1 5794539c -> b15a4000
Info 'riscvOVPsim/cpu', 0x000000008000e6ac(.l_slo_1229_Start+18): bdf58593 addi    a1,a1,-1057
Info   a1 b15a4000 -> b15a3bdf
Info 'riscvOVPsim/cpu', 0x000000008000e6b0(.l_slo_1229_Start+1c): 00be0a63 beq     t3,a1,8000e6c4
Info 'riscvOVPsim/cpu', 0x000000008000e6c4(.l_sro_1230_Start): 00000013 nop
Info 'riscvOVPsim/cpu', 0x000000008000e6c8(.l_sro_1230_Start+4): 16cb1637 lui     a2,0x16cb1
Info   a2 40052a89 -> 16cb1000
Info 'riscvOVPsim/cpu', 0x000000008000e6cc(.l_sro_1230_Start+8): 4ee60613 addi    a2,a2,1262
Info   a2 16cb1000 -> 16cb14ee
Info 'riscvOVPsim/cpu', 0x000000008000e6d0(.l_sro_1230_Start+c): 20c05e33 sro     t3,zero,a2
Info   t3 b15a3bdf -> fffc0000
Info 'riscvOVPsim/cpu', 0x000000008000e6d4(.l_sro_1230_Start+10): fffc0d37 lui     s10,0xfffc0
Info   s10 6a9356f1 -> fffc0000
Info 'riscvOVPsim/cpu', 0x000000008000e6d8(.l_sro_1230_Start+14): 01ae0a63 beq     t3,s10,8000e6ec
Info 'riscvOVPsim/cpu', 0x000000008000e6ec(.l_rol_1231_Start): 615f1ab7 lui     s5,0x615f1
Info   s5 5295ffb3 -> 615f1000
Info 'riscvOVPsim/cpu', 0x000000008000e6f0(.l_rol_1231_Start+4): 4f1a8a93 addi    s5,s5,1265
Info   s5 615f1000 -> 615f14f1
Info 'riscvOVPsim/cpu', 0x000000008000e6f4(.l_rol_1231_Start+8): 04e9cd37 lui     s10,0x4e9c
Info   s10 fffc0000 -> 04e9c000
Info 'riscvOVPsim/cpu', 0x000000008000e6f8(.l_rol_1231_Start+c): 570d0d13 addi    s10,s10,1392
Info   s10 04e9c000 -> 04e9c570
Info 'riscvOVPsim/cpu', 0x000000008000e6fc(.l_rol_1231_Start+10): 61aa9933 rol     s2,s5,s10
Info   s2 58d3ff83 -> 14f1615f
Info 'riscvOVPsim/cpu', 0x000000008000e700(.l_rol_1231_Start+14): 14f169b7 lui     s3,0x14f16
Info   s3 34ff93d5 -> 14f16000
Info 'riscvOVPsim/cpu', 0x000000008000e704(.l_rol_1231_Start+18): 15f98993 addi    s3,s3,351
Info   s3 14f16000 -> 14f1615f
Info 'riscvOVPsim/cpu', 0x000000008000e708(.l_rol_1231_Start+1c): 01390a63 beq     s2,s3,8000e71c
Info 'riscvOVPsim/cpu', 0x000000008000e71c(.l_ror_1232_Start): 768280b7 lui     ra,0x76828
Info   ra ebbf9fc9 -> 76828000
Info 'riscvOVPsim/cpu', 0x000000008000e720(.l_ror_1232_Start+4): 63208093 addi    ra,ra,1586
Info   ra 76828000 -> 76828632
Info 'riscvOVPsim/cpu', 0x000000008000e724(.l_ror_1232_Start+8): 45a7dc37 lui     s8,0x45a7d
Info   s8 2f1d4944 -> 45a7d000
Info 'riscvOVPsim/cpu', 0x000000008000e728(.l_ror_1232_Start+c): 99dc0c13 addi    s8,s8,-1635
Info   s8 45a7d000 -> 45a7c99d
Info 'riscvOVPsim/cpu', 0x000000008000e72c(.l_ror_1232_Start+10): 6180de33 ror     t3,ra,s8
Info   t3 fffc0000 -> b4143193
Info 'riscvOVPsim/cpu', 0x000000008000e730(.l_ror_1232_Start+14): b4143937 lui     s2,0xb4143
Info   s2 14f1615f -> b4143000
Info 'riscvOVPsim/cpu', 0x000000008000e734(.l_ror_1232_Start+18): 19390913 addi    s2,s2,403
Info   s2 b4143000 -> b4143193
Info 'riscvOVPsim/cpu', 0x000000008000e738(.l_ror_1232_Start+1c): 012e0a63 beq     t3,s2,8000e74c
Info 'riscvOVPsim/cpu', 0x000000008000e74c(.l_sbclr_1233_Start): 429574b7 lui     s1,0x42957
Info   s1 40052a89 -> 42957000
Info 'riscvOVPsim/cpu', 0x000000008000e750(.l_sbclr_1233_Start+4): 5b348493 addi    s1,s1,1459
Info   s1 42957000 -> 429575b3
Info 'riscvOVPsim/cpu', 0x000000008000e754(.l_sbclr_1233_Start+8): 37632a37 lui     s4,0x37632
Info   s4 372de661 -> 37632000
Info 'riscvOVPsim/cpu', 0x000000008000e758(.l_sbclr_1233_Start+c): ef0a0a13 addi    s4,s4,-272
Info   s4 37632000 -> 37631ef0
Info 'riscvOVPsim/cpu', 0x000000008000e75c(.l_sbclr_1233_Start+10): 49449db3 sbclr   s11,s1,s4
Info   s11 2efac570 -> 429475b3
Info 'riscvOVPsim/cpu', 0x000000008000e760(.l_sbclr_1233_Start+14): 42947637 lui     a2,0x42947
Info   a2 16cb14ee -> 42947000
Info 'riscvOVPsim/cpu', 0x000000008000e764(.l_sbclr_1233_Start+18): 5b360613 addi    a2,a2,1459
Info   a2 42947000 -> 429475b3
Info 'riscvOVPsim/cpu', 0x000000008000e768(.l_sbclr_1233_Start+1c): 00cd8a63 beq     s11,a2,8000e77c
Info 'riscvOVPsim/cpu', 0x000000008000e77c(.l_sbset_1234_Start): 1f3e6837 lui     a6,0x1f3e6
Info   a6 5ee0ea44 -> 1f3e6000
Info 'riscvOVPsim/cpu', 0x000000008000e780(.l_sbset_1234_Start+4): 6a280813 addi    a6,a6,1698
Info   a6 1f3e6000 -> 1f3e66a2
Info 'riscvOVPsim/cpu', 0x000000008000e784(.l_sbset_1234_Start+8): 1a2dbc37 lui     s8,0x1a2db
Info   s8 45a7c99d -> 1a2db000
Info 'riscvOVPsim/cpu', 0x000000008000e788(.l_sbset_1234_Start+c): c75c0c13 addi    s8,s8,-907
Info   s8 1a2db000 -> 1a2dac75
Info 'riscvOVPsim/cpu', 0x000000008000e78c(.l_sbset_1234_Start+10): 29881833 sbset   a6,a6,s8
Info 'riscvOVPsim/cpu', 0x000000008000e790(.l_sbset_1234_Start+14): 1f3e6237 lui     tp,0x1f3e6
Info   tp 448106d1 -> 1f3e6000
Info 'riscvOVPsim/cpu', 0x000000008000e794(.l_sbset_1234_Start+18): 6a220213 addi    tp,tp,1698
Info   tp 1f3e6000 -> 1f3e66a2
Info 'riscvOVPsim/cpu', 0x000000008000e798(.l_sbset_1234_Start+1c): 00480a63 beq     a6,tp,8000e7ac
Info 'riscvOVPsim/cpu', 0x000000008000e7ac(.l_sbinv_1235_Start): 514a9fb7 lui     t6,0x514a9
Info   t6 5295ffb3 -> 514a9000
Info 'riscvOVPsim/cpu', 0x000000008000e7b0(.l_sbinv_1235_Start+4): ca3f8f93 addi    t6,t6,-861
Info   t6 514a9000 -> 514a8ca3
Info 'riscvOVPsim/cpu', 0x000000008000e7b4(.l_sbinv_1235_Start+8): 4be0ab37 lui     s6,0x4be0a
Info   s6 88aa8364 -> 4be0a000
Info 'riscvOVPsim/cpu', 0x000000008000e7b8(.l_sbinv_1235_Start+c): 784b0b13 addi    s6,s6,1924
Info   s6 4be0a000 -> 4be0a784
Info 'riscvOVPsim/cpu', 0x000000008000e7bc(.l_sbinv_1235_Start+10): 696f9633 sbinv   a2,t6,s6
Info   a2 429475b3 -> 514a8cb3
Info 'riscvOVPsim/cpu', 0x000000008000e7c0(.l_sbinv_1235_Start+14): 514a92b7 lui     t0,0x514a9
Info   t0 1c9f3f37 -> 514a9000
Info 'riscvOVPsim/cpu', 0x000000008000e7c4(.l_sbinv_1235_Start+18): cb328293 addi    t0,t0,-845
Info   t0 514a9000 -> 514a8cb3
Info 'riscvOVPsim/cpu', 0x000000008000e7c8(.l_sbinv_1235_Start+1c): 00560a63 beq     a2,t0,8000e7dc
Info 'riscvOVPsim/cpu', 0x000000008000e7dc(.l_sbext_1236_Start): 002ddc37 lui     s8,0x2dd
Info   s8 1a2dac75 -> 002dd000
Info 'riscvOVPsim/cpu', 0x000000008000e7e0(.l_sbext_1236_Start+4): 9a9c0c13 addi    s8,s8,-1623
Info   s8 002dd000 -> 002dc9a9
Info 'riscvOVPsim/cpu', 0x000000008000e7e4(.l_sbext_1236_Start+8): 22575f37 lui     t5,0x22575
Info   t5 6b378701 -> 22575000
Info 'riscvOVPsim/cpu', 0x000000008000e7e8(.l_sbext_1236_Start+c): c6ef0f13 addi    t5,t5,-914
Info   t5 22575000 -> 22574c6e
Info 'riscvOVPsim/cpu', 0x000000008000e7ec(.l_sbext_1236_Start+10): 49ec5533 sbext   a0,s8,t5
Info   a0 099ff380 -> 00000001
Info 'riscvOVPsim/cpu', 0x000000008000e7f0(.l_sbext_1236_Start+14): 00100793 addi    a5,zero,1
Info   a5 72e9745e -> 00000001
Info 'riscvOVPsim/cpu', 0x000000008000e7f4(.l_sbext_1236_Start+18): 00f50a63 beq     a0,a5,8000e808
Info 'riscvOVPsim/cpu', 0x000000008000e808(.l_grev_1237_Start): 070a3537 lui     a0,0x70a3
Info   a0 00000001 -> 070a3000
Info 'riscvOVPsim/cpu', 0x000000008000e80c(.l_grev_1237_Start+4): a3d50513 addi    a0,a0,-1475
Info   a0 070a3000 -> 070a2a3d
Info 'riscvOVPsim/cpu', 0x000000008000e810(.l_grev_1237_Start+8): 7e2ac3b7 lui     t2,0x7e2ac
Info   t2 2b15a3bd -> 7e2ac000
Info 'riscvOVPsim/cpu', 0x000000008000e814(.l_grev_1237_Start+c): e4438393 addi    t2,t2,-444
Info   t2 7e2ac000 -> 7e2abe44
Info 'riscvOVPsim/cpu', 0x000000008000e818(.l_grev_1237_Start+10): 68755cb3 grev    s9,a0,t2
Info   s9 00000010 -> 70a0a2d3
Info 'riscvOVPsim/cpu', 0x000000008000e81c(.l_grev_1237_Start+14): 70a0ae37 lui     t3,0x70a0a
Info   t3 b4143193 -> 70a0a000
Info 'riscvOVPsim/cpu', 0x000000008000e820(.l_grev_1237_Start+18): 2d3e0e13 addi    t3,t3,723
Info   t3 70a0a000 -> 70a0a2d3
Info 'riscvOVPsim/cpu', 0x000000008000e824(.l_grev_1237_Start+1c): 01cc8a63 beq     s9,t3,8000e838
Info 'riscvOVPsim/cpu', 0x000000008000e838(.l_sloi_1238_Start): 4b832337 lui     t1,0x4b832
Info   t1 051770bd -> 4b832000
Info 'riscvOVPsim/cpu', 0x000000008000e83c(.l_sloi_1238_Start+4): 27e30313 addi    t1,t1,638
Info   t1 4b832000 -> 4b83227e
Info 'riscvOVPsim/cpu', 0x000000008000e840(.l_sloi_1238_Start+8): 23831713 sloi    a4,t1,56
Info   a4 2f868318 -> 7effffff
Info 'riscvOVPsim/cpu', 0x000000008000e844(.l_sloi_1238_Start+c): 7f000437 lui     s0,0x7f000
Info   s0 ebbf9fc9 -> 7f000000
Info 'riscvOVPsim/cpu', 0x000000008000e848(.l_sloi_1238_Start+10): fff40413 addi    s0,s0,-1
Info   s0 7f000000 -> 7effffff
Info 'riscvOVPsim/cpu', 0x000000008000e84c(.l_sloi_1238_Start+14): 00870a63 beq     a4,s0,8000e860
Info 'riscvOVPsim/cpu', 0x000000008000e860(.l_sroi_1239_Start): 44ae6637 lui     a2,0x44ae6
Info   a2 514a8cb3 -> 44ae6000
Info 'riscvOVPsim/cpu', 0x000000008000e864(.l_sroi_1239_Start+4): 7e460613 addi    a2,a2,2020
Info   a2 44ae6000 -> 44ae67e4
Info 'riscvOVPsim/cpu', 0x000000008000e868(.l_sroi_1239_Start+8): 22e65593 sroi    a1,a2,46
Info   a1 b15a3bdf -> fffd12b9
Info 'riscvOVPsim/cpu', 0x000000008000e86c(.l_sroi_1239_Start+c): fffd1d37 lui     s10,0xfffd1
Info   s10 04e9c570 -> fffd1000
Info 'riscvOVPsim/cpu', 0x000000008000e870(.l_sroi_1239_Start+10): 2b9d0d13 addi    s10,s10,697
Info   s10 fffd1000 -> fffd12b9
Info 'riscvOVPsim/cpu', 0x000000008000e874(.l_sroi_1239_Start+14): 01a58a63 beq     a1,s10,8000e888
Info 'riscvOVPsim/cpu', 0x000000008000e888(.l_rori_1240_Start): 7cf66f37 lui     t5,0x7cf66
Info   t5 22574c6e -> 7cf66000
Info 'riscvOVPsim/cpu', 0x000000008000e88c(.l_rori_1240_Start+4): ffdf0f13 addi    t5,t5,-3
Info   t5 7cf66000 -> 7cf65ffd
Info 'riscvOVPsim/cpu', 0x000000008000e890(.l_rori_1240_Start+8): 61af5b13 rori    s6,t5,26
Info   s6 4be0a784 -> 3d97ff5f
Info 'riscvOVPsim/cpu', 0x000000008000e894(.l_rori_1240_Start+c): 3d9801b7 lui     gp,0x3d980
Info   gp 01ab0191 -> 3d980000
Info 'riscvOVPsim/cpu', 0x000000008000e898(.l_rori_1240_Start+10): f5f18193 addi    gp,gp,-161
Info   gp 3d980000 -> 3d97ff5f
Info 'riscvOVPsim/cpu', 0x000000008000e89c(.l_rori_1240_Start+14): 003b0a63 beq     s6,gp,8000e8b0
Info 'riscvOVPsim/cpu', 0x000000008000e8b0(.l_sbclri_1241_Start): 11d67db7 lui     s11,0x11d67
Info   s11 429475b3 -> 11d67000
Info 'riscvOVPsim/cpu', 0x000000008000e8b4(.l_sbclri_1241_Start+4): 166d8d93 addi    s11,s11,358
Info   s11 11d67000 -> 11d67166
Info 'riscvOVPsim/cpu', 0x000000008000e8b8(.l_sbclri_1241_Start+8): 4a0d9813 sbclri  a6,s11,32
Info   a6 1f3e66a2 -> 11d67166
Info 'riscvOVPsim/cpu', 0x000000008000e8bc(.l_sbclri_1241_Start+c): 11d677b7 lui     a5,0x11d67
Info   a5 00000001 -> 11d67000
Info 'riscvOVPsim/cpu', 0x000000008000e8c0(.l_sbclri_1241_Start+10): 16678793 addi    a5,a5,358
Info   a5 11d67000 -> 11d67166
Info 'riscvOVPsim/cpu', 0x000000008000e8c4(.l_sbclri_1241_Start+14): 00f80a63 beq     a6,a5,8000e8d8
Info 'riscvOVPsim/cpu', 0x000000008000e8d8(.l_sbseti_1242_Start): 1f972937 lui     s2,0x1f972
Info   s2 b4143193 -> 1f972000
Info 'riscvOVPsim/cpu', 0x000000008000e8dc(.l_sbseti_1242_Start+4): 1e190913 addi    s2,s2,481
Info   s2 1f972000 -> 1f9721e1
Info 'riscvOVPsim/cpu', 0x000000008000e8e0(.l_sbseti_1242_Start+8): 28391c13 sbseti  s8,s2,3
Info   s8 002dc9a9 -> 1f9721e9
Info 'riscvOVPsim/cpu', 0x000000008000e8e4(.l_sbseti_1242_Start+c): 1f972e37 lui     t3,0x1f972
Info   t3 70a0a2d3 -> 1f972000
Info 'riscvOVPsim/cpu', 0x000000008000e8e8(.l_sbseti_1242_Start+10): 1e9e0e13 addi    t3,t3,489
Info   t3 1f972000 -> 1f9721e9
Info 'riscvOVPsim/cpu', 0x000000008000e8ec(.l_sbseti_1242_Start+14): 01cc0a63 beq     s8,t3,8000e900
Info 'riscvOVPsim/cpu', 0x000000008000e900(.l_sbinvi_1243_Start): 04cf4637 lui     a2,0x4cf4
Info   a2 44ae67e4 -> 04cf4000
Info 'riscvOVPsim/cpu', 0x000000008000e904(.l_sbinvi_1243_Start+4): 94960613 addi    a2,a2,-1719
Info   a2 04cf4000 -> 04cf3949
Info 'riscvOVPsim/cpu', 0x000000008000e908(.l_sbinvi_1243_Start+8): 68861e93 sbinvi  t4,a2,8
Info   t4 3939725a -> 04cf3849
Info 'riscvOVPsim/cpu', 0x000000008000e90c(.l_sbinvi_1243_Start+c): 04cf4ab7 lui     s5,0x4cf4
Info   s5 615f14f1 -> 04cf4000
Info 'riscvOVPsim/cpu', 0x000000008000e910(.l_sbinvi_1243_Start+10): 849a8a93 addi    s5,s5,-1975
Info   s5 04cf4000 -> 04cf3849
Info 'riscvOVPsim/cpu', 0x000000008000e914(.l_sbinvi_1243_Start+14): 015e8a63 beq     t4,s5,8000e928
Info 'riscvOVPsim/cpu', 0x000000008000e928(.l_sbexti_1244_Start): 5747bfb7 lui     t6,0x5747b
Info   t6 514a8ca3 -> 5747b000
Info 'riscvOVPsim/cpu', 0x000000008000e92c(.l_sbexti_1244_Start+4): 05bf8f93 addi    t6,t6,91
Info   t6 5747b000 -> 5747b05b
Info 'riscvOVPsim/cpu', 0x000000008000e930(.l_sbexti_1244_Start+8): 4b0fd613 sbexti  a2,t6,48
Info   a2 04cf3949 -> 00000001
Info 'riscvOVPsim/cpu', 0x000000008000e934(.l_sbexti_1244_Start+c): 00100f13 addi    t5,zero,1
Info   t5 7cf65ffd -> 00000001
Info 'riscvOVPsim/cpu', 0x000000008000e938(.l_sbexti_1244_Start+10): 01e60a63 beq     a2,t5,8000e94c
Info 'riscvOVPsim/cpu', 0x000000008000e94c(.l_grevi_1245_Start): 6c51a7b7 lui     a5,0x6c51a
Info   a5 11d67166 -> 6c51a000
Info 'riscvOVPsim/cpu', 0x000000008000e950(.l_grevi_1245_Start+4): 26b78793 addi    a5,a5,619
Info   a5 6c51a000 -> 6c51a26b
Info 'riscvOVPsim/cpu', 0x000000008000e954(.l_grevi_1245_Start+8): 6877d713 grevi   a4,a5,7
Info   a4 7effffff -> 368a45d6
Info 'riscvOVPsim/cpu', 0x000000008000e958(.l_grevi_1245_Start+c): 368a4e37 lui     t3,0x368a4
Info   t3 1f9721e9 -> 368a4000
Info 'riscvOVPsim/cpu', 0x000000008000e95c(.l_grevi_1245_Start+10): 5d6e0e13 addi    t3,t3,1494
Info   t3 368a4000 -> 368a45d6
Info 'riscvOVPsim/cpu', 0x000000008000e960(.l_grevi_1245_Start+14): 01c70a63 beq     a4,t3,8000e974
Info 'riscvOVPsim/cpu', 0x000000008000e974(.l_cmix_1246_Start): 7eb16937 lui     s2,0x7eb16
Info   s2 1f9721e1 -> 7eb16000
Info 'riscvOVPsim/cpu', 0x000000008000e978(.l_cmix_1246_Start+4): e8690913 addi    s2,s2,-378
Info   s2 7eb16000 -> 7eb15e86
Info 'riscvOVPsim/cpu', 0x000000008000e97c(.l_cmix_1246_Start+8): 645a34b7 lui     s1,0x645a3
Info   s1 429575b3 -> 645a3000
Info 'riscvOVPsim/cpu', 0x000000008000e980(.l_cmix_1246_Start+c): 2b648493 addi    s1,s1,694
Info   s1 645a3000 -> 645a32b6
Info 'riscvOVPsim/cpu', 0x000000008000e984(.l_cmix_1246_Start+10): 13363337 lui     t1,0x13363
Info   t1 4b83227e -> 13363000
Info 'riscvOVPsim/cpu', 0x000000008000e988(.l_cmix_1246_Start+14): 6b130313 addi    t1,t1,1713
Info   t1 13363000 -> 133636b1
Info 'riscvOVPsim/cpu', 0x000000008000e98c(.l_cmix_1246_Start+18): 36991633 cmix    a2,s2,s1,t1
Info   a2 00000001 -> 77341687
Info 'riscvOVPsim/cpu', 0x000000008000e990(.l_cmix_1246_Start+1c): 77341cb7 lui     s9,0x77341
Info   s9 70a0a2d3 -> 77341000
Info 'riscvOVPsim/cpu', 0x000000008000e994(.l_cmix_1246_Start+20): 687c8c93 addi    s9,s9,1671
Info   s9 77341000 -> 77341687
Info 'riscvOVPsim/cpu', 0x000000008000e998(.l_cmix_1246_Start+24): 01960a63 beq     a2,s9,8000e9ac
Info 'riscvOVPsim/cpu', 0x000000008000e9ac(.l_cmov_1247_Start): 0902f537 lui     a0,0x902f
Info   a0 070a2a3d -> 0902f000
Info 'riscvOVPsim/cpu', 0x000000008000e9b0(.l_cmov_1247_Start+4): 35a50513 addi    a0,a0,858
Info   a0 0902f000 -> 0902f35a
Info 'riscvOVPsim/cpu', 0x000000008000e9b4(.l_cmov_1247_Start+8): 273f5bb7 lui     s7,0x273f5
Info   s7 88aa8364 -> 273f5000
Info 'riscvOVPsim/cpu', 0x000000008000e9b8(.l_cmov_1247_Start+c): 780b8b93 addi    s7,s7,1920
Info   s7 273f5000 -> 273f5780
Info 'riscvOVPsim/cpu', 0x000000008000e9bc(.l_cmov_1247_Start+10): 61038f37 lui     t5,0x61038
Info   t5 00000001 -> 61038000
Info 'riscvOVPsim/cpu', 0x000000008000e9c0(.l_cmov_1247_Start+14): 87df0f13 addi    t5,t5,-1923
Info   t5 61038000 -> 6103787d
Info 'riscvOVPsim/cpu', 0x000000008000e9c4(.l_cmov_1247_Start+18): f7755333 cmov    t1,a0,s7,t5
Info   t1 133636b1 -> 0902f35a
Info 'riscvOVPsim/cpu', 0x000000008000e9c8(.l_cmov_1247_Start+1c): 0902fc37 lui     s8,0x902f
Info   s8 1f9721e9 -> 0902f000
Info 'riscvOVPsim/cpu', 0x000000008000e9cc(.l_cmov_1247_Start+20): 35ac0c13 addi    s8,s8,858
Info   s8 0902f000 -> 0902f35a
Info 'riscvOVPsim/cpu', 0x000000008000e9d0(.l_cmov_1247_Start+24): 01830a63 beq     t1,s8,8000e9e4
Info 'riscvOVPsim/cpu', 0x000000008000e9e4(.l_fsl_1248_Start): 670086b7 lui     a3,0x67008
Info   a3 7d24a62d -> 67008000
Info 'riscvOVPsim/cpu', 0x000000008000e9e8(.l_fsl_1248_Start+4): 82768693 addi    a3,a3,-2009
Info   a3 67008000 -> 67007827
Info 'riscvOVPsim/cpu', 0x000000008000e9ec(.l_fsl_1248_Start+8): 6a7672b7 lui     t0,0x6a767
Info   t0 514a8cb3 -> 6a767000
Info 'riscvOVPsim/cpu', 0x000000008000e9f0(.l_fsl_1248_Start+c): dc628293 addi    t0,t0,-570
Info   t0 6a767000 -> 6a766dc6
Info 'riscvOVPsim/cpu', 0x000000008000e9f4(.l_fsl_1248_Start+10): 544d7437 lui     s0,0x544d7
Info   s0 7effffff -> 544d7000
Info 'riscvOVPsim/cpu', 0x000000008000e9f8(.l_fsl_1248_Start+14): 9d540413 addi    s0,s0,-1579
Info   s0 544d7000 -> 544d69d5
Info 'riscvOVPsim/cpu', 0x000000008000e9fc(.l_fsl_1248_Start+18): 44569bb3 fsl     s7,a3,t0,s0
Info   s7 273f5780 -> c01e09d5
Info 'riscvOVPsim/cpu', 0x000000008000ea00(.l_fsl_1248_Start+1c): c01e1637 lui     a2,0xc01e1
Info   a2 77341687 -> c01e1000
Info 'riscvOVPsim/cpu', 0x000000008000ea04(.l_fsl_1248_Start+20): 9d560613 addi    a2,a2,-1579
Info   a2 c01e1000 -> c01e09d5
Info 'riscvOVPsim/cpu', 0x000000008000ea08(.l_fsl_1248_Start+24): 00cb8a63 beq     s7,a2,8000ea1c
Info 'riscvOVPsim/cpu', 0x000000008000ea1c(.l_fsr_1249_Start): 36c5ca37 lui     s4,0x36c5c
Info   s4 37631ef0 -> 36c5c000
Info 'riscvOVPsim/cpu', 0x000000008000ea20(.l_fsr_1249_Start+4): 930a0a13 addi    s4,s4,-1744
Info   s4 36c5c000 -> 36c5b930
Info 'riscvOVPsim/cpu', 0x000000008000ea24(.l_fsr_1249_Start+8): 5cb2b2b7 lui     t0,0x5cb2b
Info   t0 6a766dc6 -> 5cb2b000
Info 'riscvOVPsim/cpu', 0x000000008000ea28(.l_fsr_1249_Start+c): f7528293 addi    t0,t0,-139
Info   t0 5cb2b000 -> 5cb2af75
Info 'riscvOVPsim/cpu', 0x000000008000ea2c(.l_fsr_1249_Start+10): 277064b7 lui     s1,0x27706
Info   s1 645a32b6 -> 27706000
Info 'riscvOVPsim/cpu', 0x000000008000ea30(.l_fsr_1249_Start+14): 0e348493 addi    s1,s1,227
Info   s1 27706000 -> 277060e3
Info 'riscvOVPsim/cpu', 0x000000008000ea34(.l_fsr_1249_Start+18): 4c5a5133 fsr     sp,s4,t0,s1
Info   sp 7cfe7362 -> 2dc9813b
Info 'riscvOVPsim/cpu', 0x000000008000ea38(.l_fsr_1249_Start+1c): 2dc98bb7 lui     s7,0x2dc98
Info   s7 c01e09d5 -> 2dc98000
Info 'riscvOVPsim/cpu', 0x000000008000ea3c(.l_fsr_1249_Start+20): 13bb8b93 addi    s7,s7,315
Info   s7 2dc98000 -> 2dc9813b
Info 'riscvOVPsim/cpu', 0x000000008000ea40(.l_fsr_1249_Start+24): 01710a63 beq     sp,s7,8000ea54
Info 'riscvOVPsim/cpu', 0x000000008000ea54(.l_fsri_1250_Start): 7f2b0db7 lui     s11,0x7f2b0
Info   s11 11d67166 -> 7f2b0000
Info 'riscvOVPsim/cpu', 0x000000008000ea58(.l_fsri_1250_Start+4): 229d8d93 addi    s11,s11,553
Info   s11 7f2b0000 -> 7f2b0229
Info 'riscvOVPsim/cpu', 0x000000008000ea5c(.l_fsri_1250_Start+8): 04246c37 lui     s8,0x4246
Info   s8 0902f35a -> 04246000
Info 'riscvOVPsim/cpu', 0x000000008000ea60(.l_fsri_1250_Start+c): 165c0c13 addi    s8,s8,357
Info   s8 04246000 -> 04246165
Info 'riscvOVPsim/cpu', 0x000000008000ea64(.l_fsri_1250_Start+10): c5fddc93 fsri    s9,s11,s8,31
Info   s9 77341687 -> 0848c2ca
Info 'riscvOVPsim/cpu', 0x000000008000ea68(.l_fsri_1250_Start+14): 0848c437 lui     s0,0x848c
Info   s0 544d69d5 -> 0848c000
Info 'riscvOVPsim/cpu', 0x000000008000ea6c(.l_fsri_1250_Start+18): 2ca40413 addi    s0,s0,714
Info   s0 0848c000 -> 0848c2ca
Info 'riscvOVPsim/cpu', 0x000000008000ea70(.l_fsri_1250_Start+1c): 008c8a63 beq     s9,s0,8000ea84
Info 'riscvOVPsim/cpu', 0x000000008000ea84(.l_clz_1251_Start): 00000013 nop
Info 'riscvOVPsim/cpu', 0x000000008000ea88(.l_clz_1251_Start+4): 60001d93 clz     s11,zero
Info   s11 7f2b0229 -> 00000020
Info 'riscvOVPsim/cpu', 0x000000008000ea8c(.l_clz_1251_Start+8): 02000a93 addi    s5,zero,32
Info   s5 04cf3849 -> 00000020
Info 'riscvOVPsim/cpu', 0x000000008000ea90(.l_clz_1251_Start+c): 015d8a63 beq     s11,s5,8000eaa4
Info 'riscvOVPsim/cpu', 0x000000008000eaa4(.l_ctz_1252_Start): 7811cdb7 lui     s11,0x7811c
Info   s11 00000020 -> 7811c000
Info 'riscvOVPsim/cpu', 0x000000008000eaa8(.l_ctz_1252_Start+4): e35d8d93 addi    s11,s11,-459
Info   s11 7811c000 -> 7811be35
Info 'riscvOVPsim/cpu', 0x000000008000eaac(.l_ctz_1252_Start+8): 601d9c13 ctz     s8,s11
Info   s8 04246165 -> 00000000
Info 'riscvOVPsim/cpu', 0x000000008000eab0(.l_ctz_1252_Start+c): 00000793 mv      a5,zero
Info   a5 6c51a26b -> 00000000
Info 'riscvOVPsim/cpu', 0x000000008000eab4(.l_ctz_1252_Start+10): 00fc0a63 beq     s8,a5,8000eac8
Info 'riscvOVPsim/cpu', 0x000000008000eac8(.l_pcnt_1253_Start): 0fa268b7 lui     a7,0xfa26
Info   a7 3e46e437 -> 0fa26000
Info 'riscvOVPsim/cpu', 0x000000008000eacc(.l_pcnt_1253_Start+4): e5a88893 addi    a7,a7,-422
Info   a7 0fa26000 -> 0fa25e5a
Info 'riscvOVPsim/cpu', 0x000000008000ead0(.l_pcnt_1253_Start+8): 60289913 pcnt    s2,a7
Info   s2 7eb15e86 -> 00000010
Info 'riscvOVPsim/cpu', 0x000000008000ead4(.l_pcnt_1253_Start+c): 01000213 addi    tp,zero,16
Info   tp 1f3e66a2 -> 00000010
Info 'riscvOVPsim/cpu', 0x000000008000ead8(.l_pcnt_1253_Start+10): 00490a63 beq     s2,tp,8000eaec
Info 'riscvOVPsim/cpu', 0x000000008000eaec(.l_crc32_b_1254_Start): 1eb42637 lui     a2,0x1eb42
Info   a2 c01e09d5 -> 1eb42000
Info 'riscvOVPsim/cpu', 0x000000008000eaf0(.l_crc32_b_1254_Start+4): 98e60613 addi    a2,a2,-1650
Info   a2 1eb42000 -> 1eb4198e
Info 'riscvOVPsim/cpu', 0x000000008000eaf4(.l_crc32_b_1254_Start+8): 61061393 crc32.b t2,a2
Info   t2 7e2abe44 -> 0a1e1a3e
Info 'riscvOVPsim/cpu', 0x000000008000eaf8(.l_crc32_b_1254_Start+c): 0a1e2c37 lui     s8,0xa1e2
Info   s8 00000000 -> 0a1e2000
Info 'riscvOVPsim/cpu', 0x000000008000eafc(.l_crc32_b_1254_Start+10): a3ec0c13 addi    s8,s8,-1474
Info   s8 0a1e2000 -> 0a1e1a3e
Info 'riscvOVPsim/cpu', 0x000000008000eb00(.l_crc32_b_1254_Start+14): 01838a63 beq     t2,s8,8000eb14
Info 'riscvOVPsim/cpu', 0x000000008000eb14(.l_crc32_h_1255_Start): 5f5331b7 lui     gp,0x5f533
Info   gp 3d97ff5f -> 5f533000
Info 'riscvOVPsim/cpu', 0x000000008000eb18(.l_crc32_h_1255_Start+4): 1a718193 addi    gp,gp,423
Info   gp 5f533000 -> 5f5331a7
Info 'riscvOVPsim/cpu', 0x000000008000eb1c(.l_crc32_h_1255_Start+8): 61119113 crc32.h sp,gp
Info   sp 2dc9813b -> b0987547
Info 'riscvOVPsim/cpu', 0x000000008000eb20(.l_crc32_h_1255_Start+c): b0987fb7 lui     t6,0xb0987
Info   t6 5747b05b -> b0987000
Info 'riscvOVPsim/cpu', 0x000000008000eb24(.l_crc32_h_1255_Start+10): 547f8f93 addi    t6,t6,1351
Info   t6 b0987000 -> b0987547
Info 'riscvOVPsim/cpu', 0x000000008000eb28(.l_crc32_h_1255_Start+14): 01f10a63 beq     sp,t6,8000eb3c
Info 'riscvOVPsim/cpu', 0x000000008000eb3c(.l_crc32_w_1256_Start): 7cc3e9b7 lui     s3,0x7cc3e
Info   s3 14f1615f -> 7cc3e000
Info 'riscvOVPsim/cpu', 0x000000008000eb40(.l_crc32_w_1256_Start+4): 68298993 addi    s3,s3,1666
Info   s3 7cc3e000 -> 7cc3e682
Info 'riscvOVPsim/cpu', 0x000000008000eb44(.l_crc32_w_1256_Start+8): 61299693 crc32.w a3,s3
Info   a3 67007827 -> 535b6b38
Info 'riscvOVPsim/cpu', 0x000000008000eb48(.l_crc32_w_1256_Start+c): 535b7437 lui     s0,0x535b7
Info   s0 0848c2ca -> 535b7000
Info 'riscvOVPsim/cpu', 0x000000008000eb4c(.l_crc32_w_1256_Start+10): b3840413 addi    s0,s0,-1224
Info   s0 535b7000 -> 535b6b38
Info 'riscvOVPsim/cpu', 0x000000008000eb50(.l_crc32_w_1256_Start+14): 00868a63 beq     a3,s0,8000eb64
Info 'riscvOVPsim/cpu', 0x000000008000eb64(.l_crc32c_b_1257_Start): 36312837 lui     a6,0x36312
Info   a6 11d67166 -> 36312000
Info 'riscvOVPsim/cpu', 0x000000008000eb68(.l_crc32c_b_1257_Start+4): 62e80813 addi    a6,a6,1582
Info   a6 36312000 -> 3631262e
Info 'riscvOVPsim/cpu', 0x000000008000eb6c(.l_crc32c_b_1257_Start+8): 61881b13 crc32c.b s6,a6
Info   s6 3d97ff5f -> 8cf300df
Info 'riscvOVPsim/cpu', 0x000000008000eb70(.l_crc32c_b_1257_Start+c): 8cf303b7 lui     t2,0x8cf30
Info   t2 0a1e1a3e -> 8cf30000
Info 'riscvOVPsim/cpu', 0x000000008000eb74(.l_crc32c_b_1257_Start+10): 0df38393 addi    t2,t2,223
Info   t2 8cf30000 -> 8cf300df
Info 'riscvOVPsim/cpu', 0x000000008000eb78(.l_crc32c_b_1257_Start+14): 007b0a63 beq     s6,t2,8000eb8c
Info 'riscvOVPsim/cpu', 0x000000008000eb8c(.l_crc32c_h_1258_Start): 10f687b7 lui     a5,0x10f68
Info   a5 00000000 -> 10f68000
Info 'riscvOVPsim/cpu', 0x000000008000eb90(.l_crc32c_h_1258_Start+4): ecb78793 addi    a5,a5,-309
Info   a5 10f68000 -> 10f67ecb
Info 'riscvOVPsim/cpu', 0x000000008000eb94(.l_crc32c_h_1258_Start+8): 61979793 crc32c.h a5,a5
Info   a5 10f67ecb -> 70c7ac00
Info 'riscvOVPsim/cpu', 0x000000008000eb98(.l_crc32c_h_1258_Start+c): 70c7b8b7 lui     a7,0x70c7b
Info   a7 0fa25e5a -> 70c7b000
Info 'riscvOVPsim/cpu', 0x000000008000eb9c(.l_crc32c_h_1258_Start+10): c0088893 addi    a7,a7,-1024
Info   a7 70c7b000 -> 70c7ac00
Info 'riscvOVPsim/cpu', 0x000000008000eba0(.l_crc32c_h_1258_Start+14): 01178a63 beq     a5,a7,8000ebb4
Info 'riscvOVPsim/cpu', 0x000000008000ebb4(.l_crc32c_w_1259_Start): 2d7c1bb7 lui     s7,0x2d7c1
Info   s7 2dc9813b -> 2d7c1000
Info 'riscvOVPsim/cpu', 0x000000008000ebb8(.l_crc32c_w_1259_Start+4): d7bb8b93 addi    s7,s7,-645
Info   s7 2d7c1000 -> 2d7c0d7b
Info 'riscvOVPsim/cpu', 0x000000008000ebbc(.l_crc32c_w_1259_Start+8): 61ab9c13 crc32c.w s8,s7
Info   s8 0a1e1a3e -> f11dacc1
Info 'riscvOVPsim/cpu', 0x000000008000ebc0(.l_crc32c_w_1259_Start+c): f11dbf37 lui     t5,0xf11db
Info   t5 6103787d -> f11db000
Info 'riscvOVPsim/cpu', 0x000000008000ebc4(.l_crc32c_w_1259_Start+10): cc1f0f13 addi    t5,t5,-831
Info   t5 f11db000 -> f11dacc1
Info 'riscvOVPsim/cpu', 0x000000008000ebc8(.l_crc32c_w_1259_Start+14): 01ec0a63 beq     s8,t5,8000ebdc
Info 'riscvOVPsim/cpu', 0x000000008000ebdc(.l_clmul_1260_Start): 78272337 lui     t1,0x78272
Info   t1 0902f35a -> 78272000
Info 'riscvOVPsim/cpu', 0x000000008000ebe0(.l_clmul_1260_Start+4): 4e030313 addi    t1,t1,1248
Info   t1 78272000 -> 782724e0
Info 'riscvOVPsim/cpu', 0x000000008000ebe4(.l_clmul_1260_Start+8): 6c23c637 lui     a2,0x6c23c
Info   a2 1eb4198e -> 6c23c000
Info 'riscvOVPsim/cpu', 0x000000008000ebe8(.l_clmul_1260_Start+c): 53460613 addi    a2,a2,1332
Info   a2 6c23c000 -> 6c23c534
Info 'riscvOVPsim/cpu', 0x000000008000ebec(.l_clmul_1260_Start+10): ac31c33 clmul   s8,t1,a2
Info   s8 f11dacc1 -> f7d52180
Info 'riscvOVPsim/cpu', 0x000000008000ebf0(.l_clmul_1260_Start+14): f7d528b7 lui     a7,0xf7d52
Info   a7 70c7ac00 -> f7d52000
Info 'riscvOVPsim/cpu', 0x000000008000ebf4(.l_clmul_1260_Start+18): 18088893 addi    a7,a7,384
Info   a7 f7d52000 -> f7d52180
Info 'riscvOVPsim/cpu', 0x000000008000ebf8(.l_clmul_1260_Start+1c): 011c0a63 beq     s8,a7,8000ec0c
Info 'riscvOVPsim/cpu', 0x000000008000ec0c(.l_clmulr_1261_Start): 23b50137 lui     sp,0x23b50
Info   sp b0987547 -> 23b50000
Info 'riscvOVPsim/cpu', 0x000000008000ec10(.l_clmulr_1261_Start+4): a6510113 addi    sp,sp,-1435
Info   sp 23b50000 -> 23b4fa65
Info 'riscvOVPsim/cpu', 0x000000008000ec14(.l_clmulr_1261_Start+8): 23b50137 lui     sp,0x23b50
Info   sp 23b4fa65 -> 23b50000
Info 'riscvOVPsim/cpu', 0x000000008000ec18(.l_clmulr_1261_Start+c): a6510113 addi    sp,sp,-1435
Info   sp 23b50000 -> 23b4fa65
Info 'riscvOVPsim/cpu', 0x000000008000ec1c(.l_clmulr_1261_Start+10): ac31c33 clmul   s8,t1,a2
Info 'riscvOVPsim/cpu', 0x000000008000ec20(.l_clmulr_1261_Start+14): 00000a93 mv      s5,zero
Info   s5 00000020 -> 00000000
Info 'riscvOVPsim/cpu', 0x000000008000ec24(.l_clmulr_1261_Start+18): 01500a63 beq     zero,s5,8000ec38
Info 'riscvOVPsim/cpu', 0x000000008000ec38(.l_clmulh_1262_Start): 408a1937 lui     s2,0x408a1
Info   s2 00000010 -> 408a1000
Info 'riscvOVPsim/cpu', 0x000000008000ec3c(.l_clmulh_1262_Start+4): 7f590913 addi    s2,s2,2037
Info   s2 408a1000 -> 408a17f5
Info 'riscvOVPsim/cpu', 0x000000008000ec40(.l_clmulh_1262_Start+8): 0d30bbb7 lui     s7,0xd30b
Info   s7 2d7c0d7b -> 0d30b000
Info 'riscvOVPsim/cpu', 0x000000008000ec44(.l_clmulh_1262_Start+c): b0db8b93 addi    s7,s7,-1267
Info   s7 0d30b000 -> 0d30ab0d
Info 'riscvOVPsim/cpu', 0x000000008000ec48(.l_clmulh_1262_Start+10): b7934b3 clmulh  s1,s2,s7
Info   s1 277060e3 -> 034ac186
Info 'riscvOVPsim/cpu', 0x000000008000ec4c(.l_clmulh_1262_Start+14): 034ac437 lui     s0,0x34ac
Info   s0 535b6b38 -> 034ac000
Info 'riscvOVPsim/cpu', 0x000000008000ec50(.l_clmulh_1262_Start+18): 18640413 addi    s0,s0,390
Info   s0 034ac000 -> 034ac186
Info 'riscvOVPsim/cpu', 0x000000008000ec54(.l_clmulh_1262_Start+1c): 00848a63 beq     s1,s0,8000ec68
Info 'riscvOVPsim/cpu', 0x000000008000ec68(.l_min_1263_Start): 25bdd9b7 lui     s3,0x25bdd
Info   s3 7cc3e682 -> 25bdd000
Info 'riscvOVPsim/cpu', 0x000000008000ec6c(.l_min_1263_Start+4): 96298993 addi    s3,s3,-1694
Info   s3 25bdd000 -> 25bdc962
Info 'riscvOVPsim/cpu', 0x000000008000ec70(.l_min_1263_Start+8): 78be0e37 lui     t3,0x78be0
Info   t3 368a45d6 -> 78be0000
Info 'riscvOVPsim/cpu', 0x000000008000ec74(.l_min_1263_Start+c): 994e0e13 addi    t3,t3,-1644
Info   t3 78be0000 -> 78bdf994
Info 'riscvOVPsim/cpu', 0x000000008000ec78(.l_min_1263_Start+10): bc9c833 min     a6,s3,t3
Info   a6 3631262e -> 25bdc962
Info 'riscvOVPsim/cpu', 0x000000008000ec7c(.l_min_1263_Start+14): 25bddab7 lui     s5,0x25bdd
Info   s5 00000000 -> 25bdd000
Info 'riscvOVPsim/cpu', 0x000000008000ec80(.l_min_1263_Start+18): 962a8a93 addi    s5,s5,-1694
Info   s5 25bdd000 -> 25bdc962
Info 'riscvOVPsim/cpu', 0x000000008000ec84(.l_min_1263_Start+1c): 01580a63 beq     a6,s5,8000ec98
Info 'riscvOVPsim/cpu', 0x000000008000ec98(.l_max_1264_Start): 5eb916b7 lui     a3,0x5eb91
Info   a3 535b6b38 -> 5eb91000
Info 'riscvOVPsim/cpu', 0x000000008000ec9c(.l_max_1264_Start+4): cb068693 addi    a3,a3,-848
Info   a3 5eb91000 -> 5eb90cb0
Info 'riscvOVPsim/cpu', 0x000000008000eca0(.l_max_1264_Start+8): 59204637 lui     a2,0x59204
Info   a2 6c23c534 -> 59204000
Info 'riscvOVPsim/cpu', 0x000000008000eca4(.l_max_1264_Start+c): c6060613 addi    a2,a2,-928
Info   a2 59204000 -> 59203c60
Info 'riscvOVPsim/cpu', 0x000000008000eca8(.l_max_1264_Start+10): ac6d9b3 max     s3,a3,a2
Info   s3 25bdc962 -> 5eb90cb0
Info 'riscvOVPsim/cpu', 0x000000008000ecac(.l_max_1264_Start+14): 5eb914b7 lui     s1,0x5eb91
Info   s1 034ac186 -> 5eb91000
Info 'riscvOVPsim/cpu', 0x000000008000ecb0(.l_max_1264_Start+18): cb048493 addi    s1,s1,-848
Info   s1 5eb91000 -> 5eb90cb0
Info 'riscvOVPsim/cpu', 0x000000008000ecb4(.l_max_1264_Start+1c): 00998a63 beq     s3,s1,8000ecc8
Info 'riscvOVPsim/cpu', 0x000000008000ecc8(.l_minu_1265_Start): 501564b7 lui     s1,0x50156
Info   s1 5eb90cb0 -> 50156000
Info 'riscvOVPsim/cpu', 0x000000008000eccc(.l_minu_1265_Start+4): f5c48493 addi    s1,s1,-164
Info   s1 50156000 -> 50155f5c
Info 'riscvOVPsim/cpu', 0x000000008000ecd0(.l_minu_1265_Start+8): 39cc2337 lui     t1,0x39cc2
Info   t1 782724e0 -> 39cc2000
Info 'riscvOVPsim/cpu', 0x000000008000ecd4(.l_minu_1265_Start+c): 7c630313 addi    t1,t1,1990
Info   t1 39cc2000 -> 39cc27c6
Info 'riscvOVPsim/cpu', 0x000000008000ecd8(.l_minu_1265_Start+10): a64e333 minu    t1,s1,t1
Info 'riscvOVPsim/cpu', 0x000000008000ecdc(.l_minu_1265_Start+14): 39cc2f37 lui     t5,0x39cc2
Info   t5 f11dacc1 -> 39cc2000
Info 'riscvOVPsim/cpu', 0x000000008000ece0(.l_minu_1265_Start+18): 7c6f0f13 addi    t5,t5,1990
Info   t5 39cc2000 -> 39cc27c6
Info 'riscvOVPsim/cpu', 0x000000008000ece4(.l_minu_1265_Start+1c): 01e30a63 beq     t1,t5,8000ecf8
Info 'riscvOVPsim/cpu', 0x000000008000ecf8(.l_maxu_1266_Start): 08a38e37 lui     t3,0x8a38
Info   t3 78bdf994 -> 08a38000
Info 'riscvOVPsim/cpu', 0x000000008000ecfc(.l_maxu_1266_Start+4): c3ee0e13 addi    t3,t3,-962
Info   t3 08a38000 -> 08a37c3e
Info 'riscvOVPsim/cpu', 0x000000008000ed00(.l_maxu_1266_Start+8): 4c4b2437 lui     s0,0x4c4b2
Info   s0 034ac186 -> 4c4b2000
Info 'riscvOVPsim/cpu', 0x000000008000ed04(.l_maxu_1266_Start+c): d8e40413 addi    s0,s0,-626
Info   s0 4c4b2000 -> 4c4b1d8e
Info 'riscvOVPsim/cpu', 0x000000008000ed08(.l_maxu_1266_Start+10): a8e7333 maxu    t1,t3,s0
Info   t1 39cc27c6 -> 4c4b1d8e
Info 'riscvOVPsim/cpu', 0x000000008000ed0c(.l_maxu_1266_Start+14): 4c4b2fb7 lui     t6,0x4c4b2
Info   t6 b0987547 -> 4c4b2000
Info 'riscvOVPsim/cpu', 0x000000008000ed10(.l_maxu_1266_Start+18): d8ef8f93 addi    t6,t6,-626
Info   t6 4c4b2000 -> 4c4b1d8e
Info 'riscvOVPsim/cpu', 0x000000008000ed14(.l_maxu_1266_Start+1c): 01f30a63 beq     t1,t6,8000ed28
Info 'riscvOVPsim/cpu', 0x000000008000ed28(.l_shfl_1267_Start): 2ad003b7 lui     t2,0x2ad00
Info   t2 8cf300df -> 2ad00000
Info 'riscvOVPsim/cpu', 0x000000008000ed2c(.l_shfl_1267_Start+4): 22738393 addi    t2,t2,551
Info   t2 2ad00000 -> 2ad00227
Info 'riscvOVPsim/cpu', 0x000000008000ed30(.l_shfl_1267_Start+8): 00000013 nop
Info 'riscvOVPsim/cpu', 0x000000008000ed34(.l_shfl_1267_Start+c): 80396b3 shfl    a3,t2,zero
Info   a3 5eb90cb0 -> 2ad00227
Info 'riscvOVPsim/cpu', 0x000000008000ed38(.l_shfl_1267_Start+10): 2ad00c37 lui     s8,0x2ad00
Info   s8 f7d52180 -> 2ad00000
Info 'riscvOVPsim/cpu', 0x000000008000ed3c(.l_shfl_1267_Start+14): 227c0c13 addi    s8,s8,551
Info   s8 2ad00000 -> 2ad00227
Info 'riscvOVPsim/cpu', 0x000000008000ed40(.l_shfl_1267_Start+18): 01868a63 beq     a3,s8,8000ed54
Info 'riscvOVPsim/cpu', 0x000000008000ed54(.l_unshfl_1268_Start): 529b8937 lui     s2,0x529b8
Info   s2 408a17f5 -> 529b8000
Info 'riscvOVPsim/cpu', 0x000000008000ed58(.l_unshfl_1268_Start+4): 40e90913 addi    s2,s2,1038
Info   s2 529b8000 -> 529b840e
Info 'riscvOVPsim/cpu', 0x000000008000ed5c(.l_unshfl_1268_Start+8): 06147bb7 lui     s7,0x6147
Info   s7 0d30ab0d -> 06147000
Info 'riscvOVPsim/cpu', 0x000000008000ed60(.l_unshfl_1268_Start+c): 0d6b8b93 addi    s7,s7,214
Info   s7 06147000 -> 061470d6
Info 'riscvOVPsim/cpu', 0x000000008000ed64(.l_unshfl_1268_Start+10): 9795ab3 unshfl  s5,s2,s7
Info   s5 25bdc962 -> 4a679302
Info 'riscvOVPsim/cpu', 0x000000008000ed68(.l_unshfl_1268_Start+14): 4a679737 lui     a4,0x4a679
Info   a4 368a45d6 -> 4a679000
Info 'riscvOVPsim/cpu', 0x000000008000ed6c(.l_unshfl_1268_Start+18): 30270713 addi    a4,a4,770
Info   a4 4a679000 -> 4a679302
Info 'riscvOVPsim/cpu', 0x000000008000ed70(.l_unshfl_1268_Start+1c): 00ea8a63 beq     s5,a4,8000ed84
Info 'riscvOVPsim/cpu', 0x000000008000ed84(.l_bdep_1269_Start): 1dab5137 lui     sp,0x1dab5
Info   sp 23b4fa65 -> 1dab5000
Info 'riscvOVPsim/cpu', 0x000000008000ed88(.l_bdep_1269_Start+4): 9ce10113 addi    sp,sp,-1586
Info   sp 1dab5000 -> 1dab49ce
Info 'riscvOVPsim/cpu', 0x000000008000ed8c(.l_bdep_1269_Start+8): 431b34b7 lui     s1,0x431b3
Info   s1 50155f5c -> 431b3000
Info 'riscvOVPsim/cpu', 0x000000008000ed90(.l_bdep_1269_Start+c): 4d448493 addi    s1,s1,1236
Info   s1 431b3000 -> 431b34d4
Info 'riscvOVPsim/cpu', 0x000000008000ed94(.l_bdep_1269_Start+10): 89125b3 bdep    a1,sp,s1
Info   a1 fffd12b9 -> 010320d0
Info 'riscvOVPsim/cpu', 0x000000008000ed98(.l_bdep_1269_Start+14): 01032437 lui     s0,0x1032
Info   s0 4c4b1d8e -> 01032000
Info 'riscvOVPsim/cpu', 0x000000008000ed9c(.l_bdep_1269_Start+18): 0d040413 addi    s0,s0,208
Info   s0 01032000 -> 010320d0
Info 'riscvOVPsim/cpu', 0x000000008000eda0(.l_bdep_1269_Start+1c): 00858a63 beq     a1,s0,8000edb4
Info 'riscvOVPsim/cpu', 0x000000008000edb4(.l_bext_1270_Start): 38709737 lui     a4,0x38709
Info   a4 4a679302 -> 38709000
Info 'riscvOVPsim/cpu', 0x000000008000edb8(.l_bext_1270_Start+4): 91470713 addi    a4,a4,-1772
Info   a4 38709000 -> 38708914
Info 'riscvOVPsim/cpu', 0x000000008000edbc(.l_bext_1270_Start+8): 5b169d37 lui     s10,0x5b169
Info   s10 fffd12b9 -> 5b169000
Info 'riscvOVPsim/cpu', 0x000000008000edc0(.l_bext_1270_Start+c): 54cd0d13 addi    s10,s10,1356
Info   s10 5b169000 -> 5b16954c
Info 'riscvOVPsim/cpu', 0x000000008000edc4(.l_bext_1270_Start+10): 9a764b3 bext    s1,a4,s10
Info   s1 431b34d4 -> 00003249
Info 'riscvOVPsim/cpu', 0x000000008000edc8(.l_bext_1270_Start+14): 00003237 lui     tp,0x3
Info   tp 00000010 -> 00003000
Info 'riscvOVPsim/cpu', 0x000000008000edcc(.l_bext_1270_Start+18): 24920213 addi    tp,tp,585
Info   tp 00003000 -> 00003249
Info 'riscvOVPsim/cpu', 0x000000008000edd0(.l_bext_1270_Start+1c): 00448a63 beq     s1,tp,8000ede4
Info 'riscvOVPsim/cpu', 0x000000008000ede4(.l_pack_1271_Start): 1ad2ddb7 lui     s11,0x1ad2d
Info   s11 7811be35 -> 1ad2d000
Info 'riscvOVPsim/cpu', 0x000000008000ede8(.l_pack_1271_Start+4): 403d8d93 addi    s11,s11,1027
Info   s11 1ad2d000 -> 1ad2d403
Info 'riscvOVPsim/cpu', 0x000000008000edec(.l_pack_1271_Start+8): 0e1789b7 lui     s3,0xe178
Info   s3 5eb90cb0 -> 0e178000
Info 'riscvOVPsim/cpu', 0x000000008000edf0(.l_pack_1271_Start+c): 85b98993 addi    s3,s3,-1957
Info   s3 0e178000 -> 0e17785b
Info 'riscvOVPsim/cpu', 0x000000008000edf4(.l_pack_1271_Start+10): 093dc733 undef
Info   a4 38708914 -> 785bd403
Info 'riscvOVPsim/cpu', 0x000000008000edf8(.l_pack_1271_Start+14): 785bd3b7 lui     t2,0x785bd
Info   t2 2ad00227 -> 785bd000
Info 'riscvOVPsim/cpu', 0x000000008000edfc(.l_pack_1271_Start+18): 40338393 addi    t2,t2,1027
Info   t2 785bd000 -> 785bd403
Info 'riscvOVPsim/cpu', 0x000000008000ee00(.l_pack_1271_Start+1c): 00770a63 beq     a4,t2,8000ee14
Info 'riscvOVPsim/cpu', 0x000000008000ee14(.l_bfp_1272_Start): 4f3538b7 lui     a7,0x4f353
Info   a7 f7d52180 -> 4f353000
Info 'riscvOVPsim/cpu', 0x000000008000ee18(.l_bfp_1272_Start+4): 78d88893 addi    a7,a7,1933
Info   a7 4f353000 -> 4f35378d
Info 'riscvOVPsim/cpu', 0x000000008000ee1c(.l_bfp_1272_Start+8): 69225437 lui     s0,0x69225
Info   s0 010320d0 -> 69225000
Info 'riscvOVPsim/cpu', 0x000000008000ee20(.l_bfp_1272_Start+c): 63840413 addi    s0,s0,1592
Info   s0 69225000 -> 69225638
Info 'riscvOVPsim/cpu', 0x000000008000ee24(.l_bfp_1272_Start+10): 888f4b3 bfp     s1,a7,s0
Info   s1 00003249 -> 4f3530e1
Info 'riscvOVPsim/cpu', 0x000000008000ee28(.l_bfp_1272_Start+14): 4f353b37 lui     s6,0x4f353
Info   s6 8cf300df -> 4f353000
Info 'riscvOVPsim/cpu', 0x000000008000ee2c(.l_bfp_1272_Start+18): 0e1b0b13 addi    s6,s6,225
Info   s6 4f353000 -> 4f3530e1
Info 'riscvOVPsim/cpu', 0x000000008000ee30(.l_bfp_1272_Start+1c): 01648a63 beq     s1,s6,8000ee44
Info 'riscvOVPsim/cpu', 0x000000008000ee44(.l_shfli_1273_Start): 310a7fb7 lui     t6,0x310a7
Info   t6 4c4b1d8e -> 310a7000
Info 'riscvOVPsim/cpu', 0x000000008000ee48(.l_shfli_1273_Start+4): e6df8f93 addi    t6,t6,-403
Info   t6 310a7000 -> 310a6e6d
Info 'riscvOVPsim/cpu', 0x000000008000ee4c(.l_shfli_1273_Start+8): 90f9393 shfli   t2,t6,16
Info   t2 785bd403 -> 310a6e6d
Info 'riscvOVPsim/cpu', 0x000000008000ee50(.l_shfli_1273_Start+c): 310a78b7 lui     a7,0x310a7
Info   a7 4f35378d -> 310a7000
Info 'riscvOVPsim/cpu', 0x000000008000ee54(.l_shfli_1273_Start+10): e6d88893 addi    a7,a7,-403
Info   a7 310a7000 -> 310a6e6d
Info 'riscvOVPsim/cpu', 0x000000008000ee58(.l_shfli_1273_Start+14): 01138a63 beq     t2,a7,8000ee6c
Info 'riscvOVPsim/cpu', 0x000000008000ee6c(.l_unshfli_1274_Start): 7b086db7 lui     s11,0x7b086
Info   s11 1ad2d403 -> 7b086000
Info 'riscvOVPsim/cpu', 0x000000008000ee70(.l_unshfli_1274_Start+4): 473d8d93 addi    s11,s11,1139
Info   s11 7b086000 -> 7b086473
Info 'riscvOVPsim/cpu', 0x000000008000ee74(.l_unshfli_1274_Start+8): 8fdd313 unshfli t1,s11,15
Info   t1 4c4b1d8e -> 7245d0ad
Info 'riscvOVPsim/cpu', 0x000000008000ee78(.l_unshfli_1274_Start+c): 7245d837 lui     a6,0x7245d
Info   a6 25bdc962 -> 7245d000
Info 'riscvOVPsim/cpu', 0x000000008000ee7c(.l_unshfli_1274_Start+10): 0ad80813 addi    a6,a6,173
Info   a6 7245d000 -> 7245d0ad
Info 'riscvOVPsim/cpu', 0x000000008000ee80(.l_unshfli_1274_Start+14): 01030a63 beq     t1,a6,8000ee94
Info 'riscvOVPsim/cpu', 0x000000008000ee94(.l_andn_1275_Start): 7b90d237 lui     tp,0x7b90d
Info   tp 00003249 -> 7b90d000
Info 'riscvOVPsim/cpu', 0x000000008000ee98(.l_andn_1275_Start+4): 01e20213 addi    tp,tp,30
Info   tp 7b90d000 -> 7b90d01e
Info 'riscvOVPsim/cpu', 0x000000008000ee9c(.l_andn_1275_Start+8): 66377e37 lui     t3,0x66377
Info   t3 08a37c3e -> 66377000
Info 'riscvOVPsim/cpu', 0x000000008000eea0(.l_andn_1275_Start+c): 1aee0e13 addi    t3,t3,430
Info   t3 66377000 -> 663771ae
Info 'riscvOVPsim/cpu', 0x000000008000eea4(.l_andn_1275_Start+10): 41c27eb3 andn    t4,tp,t3
Info   t4 04cf3849 -> 19808010
Info 'riscvOVPsim/cpu', 0x000000008000eea8(.l_andn_1275_Start+14): 19808437 lui     s0,0x19808
Info   s0 69225638 -> 19808000
Info 'riscvOVPsim/cpu', 0x000000008000eeac(.l_andn_1275_Start+18): 01040413 addi    s0,s0,16
Info   s0 19808000 -> 19808010
Info 'riscvOVPsim/cpu', 0x000000008000eeb0(.l_andn_1275_Start+1c): 008e8a63 beq     t4,s0,8000eec4
Info 'riscvOVPsim/cpu', 0x000000008000eec4(.l_orn_1276_Start): 45d28537 lui     a0,0x45d28
Info   a0 0902f35a -> 45d28000
Info 'riscvOVPsim/cpu', 0x000000008000eec8(.l_orn_1276_Start+4): cdd50513 addi    a0,a0,-803
Info   a0 45d28000 -> 45d27cdd
Info 'riscvOVPsim/cpu', 0x000000008000eecc(.l_orn_1276_Start+8): 524dbeb7 lui     t4,0x524db
Info   t4 19808010 -> 524db000
Info 'riscvOVPsim/cpu', 0x000000008000eed0(.l_orn_1276_Start+c): d68e8e93 addi    t4,t4,-664
Info   t4 524db000 -> 524dad68
Info 'riscvOVPsim/cpu', 0x000000008000eed4(.l_orn_1276_Start+10): 41d56033 orn     zero,a0,t4
Info 'riscvOVPsim/cpu', 0x000000008000eed8(.l_orn_1276_Start+14): 00000813 mv      a6,zero
Info   a6 7245d0ad -> 00000000
Info 'riscvOVPsim/cpu', 0x000000008000eedc(.l_orn_1276_Start+18): 01000a63 beq     zero,a6,8000eef0
Info 'riscvOVPsim/cpu', 0x000000008000eef0(.l_xnor_1277_Start): 21162cb7 lui     s9,0x21162
Info   s9 0848c2ca -> 21162000
Info 'riscvOVPsim/cpu', 0x000000008000eef4(.l_xnor_1277_Start+4): 501c8c93 addi    s9,s9,1281
Info   s9 21162000 -> 21162501
Info 'riscvOVPsim/cpu', 0x000000008000eef8(.l_xnor_1277_Start+8): 404518b7 lui     a7,0x40451
Info   a7 310a6e6d -> 40451000
Info 'riscvOVPsim/cpu', 0x000000008000eefc(.l_xnor_1277_Start+c): bc288893 addi    a7,a7,-1086
Info   a7 40451000 -> 40450bc2
Info 'riscvOVPsim/cpu', 0x000000008000ef00(.l_xnor_1277_Start+10): 411ccfb3 xnor    t6,s9,a7
Info   t6 310a6e6d -> 9eacd13c
Info 'riscvOVPsim/cpu', 0x000000008000ef04(.l_xnor_1277_Start+14): 9eacd2b7 lui     t0,0x9eacd
Info   t0 5cb2af75 -> 9eacd000
Info 'riscvOVPsim/cpu', 0x000000008000ef08(.l_xnor_1277_Start+18): 13c28293 addi    t0,t0,316
Info   t0 9eacd000 -> 9eacd13c
Info 'riscvOVPsim/cpu', 0x000000008000ef0c(.l_xnor_1277_Start+1c): 005f8a63 beq     t6,t0,8000ef20
Info 'riscvOVPsim/cpu', 0x000000008000ef20(.l_slo_1278_Start): 4eba4737 lui     a4,0x4eba4
Info   a4 785bd403 -> 4eba4000
Info 'riscvOVPsim/cpu', 0x000000008000ef24(.l_slo_1278_Start+4): 6ed70713 addi    a4,a4,1773
Info   a4 4eba4000 -> 4eba46ed
Info 'riscvOVPsim/cpu', 0x000000008000ef28(.l_slo_1278_Start+8): 28161db7 lui     s11,0x28161
Info   s11 7b086473 -> 28161000
Info 'riscvOVPsim/cpu', 0x000000008000ef2c(.l_slo_1278_Start+c): 54bd8d93 addi    s11,s11,1355
Info   s11 28161000 -> 2816154b
Info 'riscvOVPsim/cpu', 0x000000008000ef30(.l_slo_1278_Start+10): 21b71133 slo     sp,a4,s11
Info   sp 1dab49ce -> d2376fff
Info 'riscvOVPsim/cpu', 0x000000008000ef34(.l_slo_1278_Start+14): d2377eb7 lui     t4,0xd2377
Info   t4 524dad68 -> d2377000
Info 'riscvOVPsim/cpu', 0x000000008000ef38(.l_slo_1278_Start+18): fffe8e93 addi    t4,t4,-1
Info   t4 d2377000 -> d2376fff
Info 'riscvOVPsim/cpu', 0x000000008000ef3c(.l_slo_1278_Start+1c): 01d10a63 beq     sp,t4,8000ef50
Info 'riscvOVPsim/cpu', 0x000000008000ef50(.l_sro_1279_Start): 7c28ad37 lui     s10,0x7c28a
Info   s10 5b16954c -> 7c28a000
Info 'riscvOVPsim/cpu', 0x000000008000ef54(.l_sro_1279_Start+4): 169d0d13 addi    s10,s10,361
Info   s10 7c28a000 -> 7c28a169
Info 'riscvOVPsim/cpu', 0x000000008000ef58(.l_sro_1279_Start+8): 322908b7 lui     a7,0x32290
Info   a7 40450bc2 -> 32290000
Info 'riscvOVPsim/cpu', 0x000000008000ef5c(.l_sro_1279_Start+c): c6188893 addi    a7,a7,-927
Info   a7 32290000 -> 3228fc61
Info 'riscvOVPsim/cpu', 0x000000008000ef60(.l_sro_1279_Start+10): 211d5d33 sro     s10,s10,a7
Info   s10 7c28a169 -> be1450b4
Info 'riscvOVPsim/cpu', 0x000000008000ef64(.l_sro_1279_Start+14): be145ab7 lui     s5,0xbe145
Info   s5 4a679302 -> be145000
Info 'riscvOVPsim/cpu', 0x000000008000ef68(.l_sro_1279_Start+18): 0b4a8a93 addi    s5,s5,180
Info   s5 be145000 -> be1450b4
Info 'riscvOVPsim/cpu', 0x000000008000ef6c(.l_sro_1279_Start+1c): 015d0a63 beq     s10,s5,8000ef80
Info 'riscvOVPsim/cpu', 0x000000008000ef80(.l_rol_1280_Start): 271293b7 lui     t2,0x27129
Info   t2 310a6e6d -> 27129000
Info 'riscvOVPsim/cpu', 0x000000008000ef84(.l_rol_1280_Start+4): 35338393 addi    t2,t2,851
Info   t2 27129000 -> 27129353
Info 'riscvOVPsim/cpu', 0x000000008000ef88(.l_rol_1280_Start+8): 7624c2b7 lui     t0,0x7624c
Info   t0 9eacd13c -> 7624c000
Info 'riscvOVPsim/cpu', 0x000000008000ef8c(.l_rol_1280_Start+c): 44328293 addi    t0,t0,1091
Info   t0 7624c000 -> 7624c443
Info 'riscvOVPsim/cpu', 0x000000008000ef90(.l_rol_1280_Start+10): 60539433 rol     s0,t2,t0
Info   s0 19808010 -> 38949a99
Info 'riscvOVPsim/cpu', 0x000000008000ef94(.l_rol_1280_Start+14): 3894a0b7 lui     ra,0x3894a
Info   ra 76828632 -> 3894a000
Info 'riscvOVPsim/cpu', 0x000000008000ef98(.l_rol_1280_Start+18): a9908093 addi    ra,ra,-1383
Info   ra 3894a000 -> 38949a99
Info 'riscvOVPsim/cpu', 0x000000008000ef9c(.l_rol_1280_Start+1c): 00140a63 beq     s0,ra,8000efb0
Info 'riscvOVPsim/cpu', 0x000000008000efb0(.l_ror_1281_Start): 2be5d9b7 lui     s3,0x2be5d
Info   s3 0e17785b -> 2be5d000
Info 'riscvOVPsim/cpu', 0x000000008000efb4(.l_ror_1281_Start+4): e6f98993 addi    s3,s3,-401
Info   s3 2be5d000 -> 2be5ce6f
Info 'riscvOVPsim/cpu', 0x000000008000efb8(.l_ror_1281_Start+8): 129ea737 lui     a4,0x129ea
Info   a4 4eba46ed -> 129ea000
Info 'riscvOVPsim/cpu', 0x000000008000efbc(.l_ror_1281_Start+c): 68b70713 addi    a4,a4,1675
Info   a4 129ea000 -> 129ea68b
Info 'riscvOVPsim/cpu', 0x000000008000efc0(.l_ror_1281_Start+10): 60e9d9b3 ror     s3,s3,a4
Info   s3 2be5ce6f -> cde57cb9
Info 'riscvOVPsim/cpu', 0x000000008000efc4(.l_ror_1281_Start+14): cde580b7 lui     ra,0xcde58
Info   ra 38949a99 -> cde58000
Info 'riscvOVPsim/cpu', 0x000000008000efc8(.l_ror_1281_Start+18): cb908093 addi    ra,ra,-839
Info   ra cde58000 -> cde57cb9
Info 'riscvOVPsim/cpu', 0x000000008000efcc(.l_ror_1281_Start+1c): 00198a63 beq     s3,ra,8000efe0
Info 'riscvOVPsim/cpu', 0x000000008000efe0(.l_sbclr_1282_Start): 3fb95737 lui     a4,0x3fb95
Info   a4 129ea68b -> 3fb95000
Info 'riscvOVPsim/cpu', 0x000000008000efe4(.l_sbclr_1282_Start+4): 3fe70713 addi    a4,a4,1022
Info   a4 3fb95000 -> 3fb953fe
Info 'riscvOVPsim/cpu', 0x000000008000efe8(.l_sbclr_1282_Start+8): 079ec237 lui     tp,0x79ec
Info   tp 7b90d01e -> 079ec000
Info 'riscvOVPsim/cpu', 0x000000008000efec(.l_sbclr_1282_Start+c): 0c620213 addi    tp,tp,198
Info   tp 079ec000 -> 079ec0c6
Info 'riscvOVPsim/cpu', 0x000000008000eff0(.l_sbclr_1282_Start+10): 48471c33 sbclr   s8,a4,tp
Info   s8 2ad00227 -> 3fb953be
Info 'riscvOVPsim/cpu', 0x000000008000eff4(.l_sbclr_1282_Start+14): 3fb955b7 lui     a1,0x3fb95
Info   a1 010320d0 -> 3fb95000
Info 'riscvOVPsim/cpu', 0x000000008000eff8(.l_sbclr_1282_Start+18): 3be58593 addi    a1,a1,958
Info   a1 3fb95000 -> 3fb953be
Info 'riscvOVPsim/cpu', 0x000000008000effc(.l_sbclr_1282_Start+1c): 00bc0a63 beq     s8,a1,8000f010
Info 'riscvOVPsim/cpu', 0x000000008000f010(.l_sbset_1283_Start): 70d3f0b7 lui     ra,0x70d3f
Info   ra cde57cb9 -> 70d3f000
Info 'riscvOVPsim/cpu', 0x000000008000f014(.l_sbset_1283_Start+4): 3cb08093 addi    ra,ra,971
Info   ra 70d3f000 -> 70d3f3cb
Info 'riscvOVPsim/cpu', 0x000000008000f018(.l_sbset_1283_Start+8): 46a46a37 lui     s4,0x46a46
Info   s4 36c5b930 -> 46a46000
Info 'riscvOVPsim/cpu', 0x000000008000f01c(.l_sbset_1283_Start+c): 442a0a13 addi    s4,s4,1090
Info   s4 46a46000 -> 46a46442
Info 'riscvOVPsim/cpu', 0x000000008000f020(.l_sbset_1283_Start+10): 29409633 sbset   a2,ra,s4
Info   a2 59203c60 -> 70d3f3cf
Info 'riscvOVPsim/cpu', 0x000000008000f024(.l_sbset_1283_Start+14): 70d3fcb7 lui     s9,0x70d3f
Info   s9 21162501 -> 70d3f000
Info 'riscvOVPsim/cpu', 0x000000008000f028(.l_sbset_1283_Start+18): 3cfc8c93 addi    s9,s9,975
Info   s9 70d3f000 -> 70d3f3cf
Info 'riscvOVPsim/cpu', 0x000000008000f02c(.l_sbset_1283_Start+1c): 01960a63 beq     a2,s9,8000f040
Info 'riscvOVPsim/cpu', 0x000000008000f040(.l_sbinv_1284_Start): 52e982b7 lui     t0,0x52e98
Info   t0 7624c443 -> 52e98000
Info 'riscvOVPsim/cpu', 0x000000008000f044(.l_sbinv_1284_Start+4): dba28293 addi    t0,t0,-582
Info   t0 52e98000 -> 52e97dba
Info 'riscvOVPsim/cpu', 0x000000008000f048(.l_sbinv_1284_Start+8): 4291ce37 lui     t3,0x4291c
Info   t3 663771ae -> 4291c000
Info 'riscvOVPsim/cpu', 0x000000008000f04c(.l_sbinv_1284_Start+c): b06e0e13 addi    t3,t3,-1274
Info   t3 4291c000 -> 4291bb06
Info 'riscvOVPsim/cpu', 0x000000008000f050(.l_sbinv_1284_Start+10): 69c29933 sbinv   s2,t0,t3
Info   s2 529b840e -> 52e97dfa
Info 'riscvOVPsim/cpu', 0x000000008000f054(.l_sbinv_1284_Start+14): 52e98cb7 lui     s9,0x52e98
Info   s9 70d3f3cf -> 52e98000
Info 'riscvOVPsim/cpu', 0x000000008000f058(.l_sbinv_1284_Start+18): dfac8c93 addi    s9,s9,-518
Info   s9 52e98000 -> 52e97dfa
Info 'riscvOVPsim/cpu', 0x000000008000f05c(.l_sbinv_1284_Start+1c): 01990a63 beq     s2,s9,8000f070
Info 'riscvOVPsim/cpu', 0x000000008000f070(.l_sbext_1285_Start): 7fd9a137 lui     sp,0x7fd9a
Info   sp d2376fff -> 7fd9a000
Info 'riscvOVPsim/cpu', 0x000000008000f074(.l_sbext_1285_Start+4): 62710113 addi    sp,sp,1575
Info   sp 7fd9a000 -> 7fd9a627
Info 'riscvOVPsim/cpu', 0x000000008000f078(.l_sbext_1285_Start+8): 7fdc26b7 lui     a3,0x7fdc2
Info   a3 2ad00227 -> 7fdc2000
Info 'riscvOVPsim/cpu', 0x000000008000f07c(.l_sbext_1285_Start+c): 5a068693 addi    a3,a3,1440
Info   a3 7fdc2000 -> 7fdc25a0
Info 'riscvOVPsim/cpu', 0x000000008000f080(.l_sbext_1285_Start+10): 48d152b3 sbext   t0,sp,a3
Info   t0 52e97dba -> 00000001
Info 'riscvOVPsim/cpu', 0x000000008000f084(.l_sbext_1285_Start+14): 00100d93 addi    s11,zero,1
Info   s11 2816154b -> 00000001
Info 'riscvOVPsim/cpu', 0x000000008000f088(.l_sbext_1285_Start+18): 01b28a63 beq     t0,s11,8000f09c
Info 'riscvOVPsim/cpu', 0x000000008000f09c(.l_grev_1286_Start): 15bcfdb7 lui     s11,0x15bcf
Info   s11 00000001 -> 15bcf000
Info 'riscvOVPsim/cpu', 0x000000008000f0a0(.l_grev_1286_Start+4): 4abd8d93 addi    s11,s11,1195
Info   s11 15bcf000 -> 15bcf4ab
Info 'riscvOVPsim/cpu', 0x000000008000f0a4(.l_grev_1286_Start+8): 1c1fd9b7 lui     s3,0x1c1fd
Info   s3 cde57cb9 -> 1c1fd000
Info 'riscvOVPsim/cpu', 0x000000008000f0a8(.l_grev_1286_Start+c): c8298993 addi    s3,s3,-894
Info   s3 1c1fd000 -> 1c1fcc82
Info 'riscvOVPsim/cpu', 0x000000008000f0ac(.l_grev_1286_Start+10): 693dd733 grev    a4,s11,s3
Info   a4 3fb953fe -> 45e3f1ae
Info 'riscvOVPsim/cpu', 0x000000008000f0b0(.l_grev_1286_Start+14): 45e3f5b7 lui     a1,0x45e3f
Info   a1 3fb953be -> 45e3f000
Info 'riscvOVPsim/cpu', 0x000000008000f0b4(.l_grev_1286_Start+18): 1ae58593 addi    a1,a1,430
Info   a1 45e3f000 -> 45e3f1ae
Info 'riscvOVPsim/cpu', 0x000000008000f0b8(.l_grev_1286_Start+1c): 00b70a63 beq     a4,a1,8000f0cc
Info 'riscvOVPsim/cpu', 0x000000008000f0cc(.l_sloi_1287_Start): 7d7a7237 lui     tp,0x7d7a7
Info   tp 079ec0c6 -> 7d7a7000
Info 'riscvOVPsim/cpu', 0x000000008000f0d0(.l_sloi_1287_Start+4): 50e20213 addi    tp,tp,1294
Info   tp 7d7a7000 -> 7d7a750e
Info 'riscvOVPsim/cpu', 0x000000008000f0d4(.l_sloi_1287_Start+8): 23021413 sloi    s0,tp,48
Info   s0 38949a99 -> 750effff
Info 'riscvOVPsim/cpu', 0x000000008000f0d8(.l_sloi_1287_Start+c): 750f0db7 lui     s11,0x750f0
Info   s11 15bcf4ab -> 750f0000
Info 'riscvOVPsim/cpu', 0x000000008000f0dc(.l_sloi_1287_Start+10): fffd8d93 addi    s11,s11,-1
Info   s11 750f0000 -> 750effff
Info 'riscvOVPsim/cpu', 0x000000008000f0e0(.l_sloi_1287_Start+14): 01b40a63 beq     s0,s11,8000f0f4
Info 'riscvOVPsim/cpu', 0x000000008000f0f4(.l_sroi_1288_Start): 5bd1d937 lui     s2,0x5bd1d
Info   s2 52e97dfa -> 5bd1d000
Info 'riscvOVPsim/cpu', 0x000000008000f0f8(.l_sroi_1288_Start+4): 76790913 addi    s2,s2,1895
Info   s2 5bd1d000 -> 5bd1d767
Info 'riscvOVPsim/cpu', 0x000000008000f0fc(.l_sroi_1288_Start+8): 21a95793 sroi    a5,s2,26
Info   a5 70c7ac00 -> ffffffd6
Info 'riscvOVPsim/cpu', 0x000000008000f100(.l_sroi_1288_Start+c): fd600213 addi    tp,zero,-42
Info   tp 7d7a750e -> ffffffd6
Info 'riscvOVPsim/cpu', 0x000000008000f104(.l_sroi_1288_Start+10): 00478a63 beq     a5,tp,8000f118
Info 'riscvOVPsim/cpu', 0x000000008000f118(.l_rori_1289_Start): 3364edb7 lui     s11,0x3364e
Info   s11 750effff -> 3364e000
Info 'riscvOVPsim/cpu', 0x000000008000f11c(.l_rori_1289_Start+4): c80d8d93 addi    s11,s11,-896
Info   s11 3364e000 -> 3364dc80
Info 'riscvOVPsim/cpu', 0x000000008000f120(.l_rori_1289_Start+8): 629dd113 rori    sp,s11,41
Info   sp 7fd9a627 -> 4019b26e
Info 'riscvOVPsim/cpu', 0x000000008000f124(.l_rori_1289_Start+c): 4019b537 lui     a0,0x4019b
Info   a0 45d27cdd -> 4019b000
Info 'riscvOVPsim/cpu', 0x000000008000f128(.l_rori_1289_Start+10): 26e50513 addi    a0,a0,622
Info   a0 4019b000 -> 4019b26e
Info 'riscvOVPsim/cpu', 0x000000008000f12c(.l_rori_1289_Start+14): 00a10a63 beq     sp,a0,8000f140
Info 'riscvOVPsim/cpu', 0x000000008000f140(.l_sbclri_1290_Start): 70c77c37 lui     s8,0x70c77
Info   s8 3fb953be -> 70c77000
Info 'riscvOVPsim/cpu', 0x000000008000f144(.l_sbclri_1290_Start+4): 31ec0c13 addi    s8,s8,798
Info   s8 70c77000 -> 70c7731e
Info 'riscvOVPsim/cpu', 0x000000008000f148(.l_sbclri_1290_Start+8): 4bac1293 sbclri  t0,s8,58
Info   t0 00000001 -> 70c7731e
Info 'riscvOVPsim/cpu', 0x000000008000f14c(.l_sbclri_1290_Start+c): 70c77137 lui     sp,0x70c77
Info   sp 4019b26e -> 70c77000
Info 'riscvOVPsim/cpu', 0x000000008000f150(.l_sbclri_1290_Start+10): 31e10113 addi    sp,sp,798
Info   sp 70c77000 -> 70c7731e
Info 'riscvOVPsim/cpu', 0x000000008000f154(.l_sbclri_1290_Start+14): 00228a63 beq     t0,sp,8000f168
Info 'riscvOVPsim/cpu', 0x000000008000f168(.l_sbseti_1291_Start): 0416dc37 lui     s8,0x416d
Info   s8 70c7731e -> 0416d000
Info 'riscvOVPsim/cpu', 0x000000008000f16c(.l_sbseti_1291_Start+4): 838c0c13 addi    s8,s8,-1992
Info   s8 0416d000 -> 0416c838
Info 'riscvOVPsim/cpu', 0x000000008000f170(.l_sbseti_1291_Start+8): 2a9c1e13 sbseti  t3,s8,41
Info   t3 4291bb06 -> 0416ca38
Info 'riscvOVPsim/cpu', 0x000000008000f174(.l_sbseti_1291_Start+c): 0416d837 lui     a6,0x416d
Info   a6 00000000 -> 0416d000
Info 'riscvOVPsim/cpu', 0x000000008000f178(.l_sbseti_1291_Start+10): a3880813 addi    a6,a6,-1480
Info   a6 0416d000 -> 0416ca38
Info 'riscvOVPsim/cpu', 0x000000008000f17c(.l_sbseti_1291_Start+14): 010e0a63 beq     t3,a6,8000f190
Info 'riscvOVPsim/cpu', 0x000000008000f190(.l_sbinvi_1292_Start): 01cfbfb7 lui     t6,0x1cfb
Info   t6 9eacd13c -> 01cfb000
Info 'riscvOVPsim/cpu', 0x000000008000f194(.l_sbinvi_1292_Start+4): 30af8f93 addi    t6,t6,778
Info   t6 01cfb000 -> 01cfb30a
Info 'riscvOVPsim/cpu', 0x000000008000f198(.l_sbinvi_1292_Start+8): 68cf9b93 sbinvi  s7,t6,12
Info   s7 061470d6 -> 01cfa30a
Info 'riscvOVPsim/cpu', 0x000000008000f19c(.l_sbinvi_1292_Start+c): 01cfa237 lui     tp,0x1cfa
Info   tp ffffffd6 -> 01cfa000
Info 'riscvOVPsim/cpu', 0x000000008000f1a0(.l_sbinvi_1292_Start+10): 30a20213 addi    tp,tp,778
Info   tp 01cfa000 -> 01cfa30a
Info 'riscvOVPsim/cpu', 0x000000008000f1a4(.l_sbinvi_1292_Start+14): 004b8a63 beq     s7,tp,8000f1b8
Info 'riscvOVPsim/cpu', 0x000000008000f1b8(.l_sbexti_1293_Start): 5c78de37 lui     t3,0x5c78d
Info   t3 0416ca38 -> 5c78d000
Info 'riscvOVPsim/cpu', 0x000000008000f1bc(.l_sbexti_1293_Start+4): 748e0e13 addi    t3,t3,1864
Info   t3 5c78d000 -> 5c78d748
Info 'riscvOVPsim/cpu', 0x000000008000f1c0(.l_sbexti_1293_Start+8): 48ee5713 sbexti  a4,t3,14
Info   a4 45e3f1ae -> 00000001
Info 'riscvOVPsim/cpu', 0x000000008000f1c4(.l_sbexti_1293_Start+c): 00100193 addi    gp,zero,1
Info   gp 5f5331a7 -> 00000001
Info 'riscvOVPsim/cpu', 0x000000008000f1c8(.l_sbexti_1293_Start+10): 00370a63 beq     a4,gp,8000f1dc
Info 'riscvOVPsim/cpu', 0x000000008000f1dc(.l_grevi_1294_Start): 5f65c737 lui     a4,0x5f65c
Info   a4 00000001 -> 5f65c000
Info 'riscvOVPsim/cpu', 0x000000008000f1e0(.l_grevi_1294_Start+4): 9be70713 addi    a4,a4,-1602
Info   a4 5f65c000 -> 5f65b9be
Info 'riscvOVPsim/cpu', 0x000000008000f1e4(.l_grevi_1294_Start+8): 69b75e13 grevi   t3,a4,27
Info   t3 5c78d748 -> d7d96aaf
Info 'riscvOVPsim/cpu', 0x000000008000f1e8(.l_grevi_1294_Start+c): d7d97eb7 lui     t4,0xd7d97
Info   t4 d2376fff -> d7d97000
Info 'riscvOVPsim/cpu', 0x000000008000f1ec(.l_grevi_1294_Start+10): aafe8e93 addi    t4,t4,-1361
Info   t4 d7d97000 -> d7d96aaf
Info 'riscvOVPsim/cpu', 0x000000008000f1f0(.l_grevi_1294_Start+14): 01de0a63 beq     t3,t4,8000f204
Info 'riscvOVPsim/cpu', 0x000000008000f204(.l_cmix_1295_Start): 56199cb7 lui     s9,0x56199
Info   s9 52e97dfa -> 56199000
Info 'riscvOVPsim/cpu', 0x000000008000f208(.l_cmix_1295_Start+4): 319c8c93 addi    s9,s9,793
Info   s9 56199000 -> 56199319
Info 'riscvOVPsim/cpu', 0x000000008000f20c(.l_cmix_1295_Start+8): 56199cb7 lui     s9,0x56199
Info   s9 56199319 -> 56199000
Info 'riscvOVPsim/cpu', 0x000000008000f210(.l_cmix_1295_Start+c): 319c8c93 addi    s9,s9,793
Info   s9 56199000 -> 56199319
Info 'riscvOVPsim/cpu', 0x000000008000f214(.l_cmix_1295_Start+10): 6e81b5b7 lui     a1,0x6e81b
Info   a1 45e3f1ae -> 6e81b000
Info 'riscvOVPsim/cpu', 0x000000008000f218(.l_cmix_1295_Start+14): 88658593 addi    a1,a1,-1914
Info   a1 6e81b000 -> 6e81a886
Info 'riscvOVPsim/cpu', 0x000000008000f21c(.l_cmix_1295_Start+18): 5f9c9133 cmix    sp,s9,s9,a1
Info   sp 70c7731e -> 7e99bb9f
Info 'riscvOVPsim/cpu', 0x000000008000f220(.l_cmix_1295_Start+1c): 7e99cc37 lui     s8,0x7e99c
Info   s8 0416c838 -> 7e99c000
Info 'riscvOVPsim/cpu', 0x000000008000f224(.l_cmix_1295_Start+20): b9fc0c13 addi    s8,s8,-1121
Info   s8 7e99c000 -> 7e99bb9f
Info 'riscvOVPsim/cpu', 0x000000008000f228(.l_cmix_1295_Start+24): 01810a63 beq     sp,s8,8000f23c
Info 'riscvOVPsim/cpu', 0x000000008000f23c(.l_cmov_1296_Start): 70415e37 lui     t3,0x70415
Info   t3 d7d96aaf -> 70415000
Info 'riscvOVPsim/cpu', 0x000000008000f240(.l_cmov_1296_Start+4): 7cde0e13 addi    t3,t3,1997
Info   t3 70415000 -> 704157cd
Info 'riscvOVPsim/cpu', 0x000000008000f244(.l_cmov_1296_Start+8): 4a695237 lui     tp,0x4a695
Info   tp 01cfa30a -> 4a695000
Info 'riscvOVPsim/cpu', 0x000000008000f248(.l_cmov_1296_Start+c): 87320213 addi    tp,tp,-1933
Info   tp 4a695000 -> 4a694873
Info 'riscvOVPsim/cpu', 0x000000008000f24c(.l_cmov_1296_Start+10): 5b4a77b7 lui     a5,0x5b4a7
Info   a5 ffffffd6 -> 5b4a7000
Info 'riscvOVPsim/cpu', 0x000000008000f250(.l_cmov_1296_Start+14): 4cd78793 addi    a5,a5,1229
Info   a5 5b4a7000 -> 5b4a74cd
Info 'riscvOVPsim/cpu', 0x000000008000f254(.l_cmov_1296_Start+18): 7e4e59b3 cmov    s3,t3,tp,a5
Info   s3 1c1fcc82 -> 704157cd
Info 'riscvOVPsim/cpu', 0x000000008000f258(.l_cmov_1296_Start+1c): 70415637 lui     a2,0x70415
Info   a2 70d3f3cf -> 70415000
Info 'riscvOVPsim/cpu', 0x000000008000f25c(.l_cmov_1296_Start+20): 7cd60613 addi    a2,a2,1997
Info   a2 70415000 -> 704157cd
Info 'riscvOVPsim/cpu', 0x000000008000f260(.l_cmov_1296_Start+24): 00c98a63 beq     s3,a2,8000f274
Info 'riscvOVPsim/cpu', 0x000000008000f274(.l_fsl_1297_Start): 600bd937 lui     s2,0x600bd
Info   s2 5bd1d767 -> 600bd000
Info 'riscvOVPsim/cpu', 0x000000008000f278(.l_fsl_1297_Start+4): de790913 addi    s2,s2,-537
Info   s2 600bd000 -> 600bcde7
Info 'riscvOVPsim/cpu', 0x000000008000f27c(.l_fsl_1297_Start+8): 222e8cb7 lui     s9,0x222e8
Info   s9 56199319 -> 222e8000
Info 'riscvOVPsim/cpu', 0x000000008000f280(.l_fsl_1297_Start+c): fb4c8c93 addi    s9,s9,-76
Info   s9 222e8000 -> 222e7fb4
Info 'riscvOVPsim/cpu', 0x000000008000f284(.l_fsl_1297_Start+10): 02bdcc37 lui     s8,0x2bdc
Info   s8 7e99bb9f -> 02bdc000
Info 'riscvOVPsim/cpu', 0x000000008000f288(.l_fsl_1297_Start+14): 5ebc0c13 addi    s8,s8,1515
Info   s8 02bdc000 -> 02bdc5eb
Info 'riscvOVPsim/cpu', 0x000000008000f28c(.l_fsl_1297_Start+18): c5991233 fsl     tp,s2,s9,s8
Info   tp 4a694873 -> 5eb600bc
Info 'riscvOVPsim/cpu', 0x000000008000f290(.l_fsl_1297_Start+1c): 5eb60a37 lui     s4,0x5eb60
Info   s4 46a46442 -> 5eb60000
Info 'riscvOVPsim/cpu', 0x000000008000f294(.l_fsl_1297_Start+20): 0bca0a13 addi    s4,s4,188
Info   s4 5eb60000 -> 5eb600bc
Info 'riscvOVPsim/cpu', 0x000000008000f298(.l_fsl_1297_Start+24): 01420a63 beq     tp,s4,8000f2ac
Info 'riscvOVPsim/cpu', 0x000000008000f2ac(.l_fsr_1298_Start): 052e6eb7 lui     t4,0x52e6
Info   t4 d7d96aaf -> 052e6000
Info 'riscvOVPsim/cpu', 0x000000008000f2b0(.l_fsr_1298_Start+4): 4ffe8e93 addi    t4,t4,1279
Info   t4 052e6000 -> 052e64ff
Info 'riscvOVPsim/cpu', 0x000000008000f2b4(.l_fsr_1298_Start+8): 7b2d3437 lui     s0,0x7b2d3
Info   s0 750effff -> 7b2d3000
Info 'riscvOVPsim/cpu', 0x000000008000f2b8(.l_fsr_1298_Start+c): 01240413 addi    s0,s0,18
Info   s0 7b2d3000 -> 7b2d3012
Info 'riscvOVPsim/cpu', 0x000000008000f2bc(.l_fsr_1298_Start+10): 5b3a5a37 lui     s4,0x5b3a5
Info   s4 5eb600bc -> 5b3a5000
Info 'riscvOVPsim/cpu', 0x000000008000f2c0(.l_fsr_1298_Start+14): 11aa0a13 addi    s4,s4,282
Info   s4 5b3a5000 -> 5b3a511a
Info 'riscvOVPsim/cpu', 0x000000008000f2c4(.l_fsr_1298_Start+18): a48ed333 fsr     t1,t4,s0,s4
Info   t1 7245d0ad -> 9446814b
Info 'riscvOVPsim/cpu', 0x000000008000f2c8(.l_fsr_1298_Start+1c): 94468b37 lui     s6,0x94468
Info   s6 4f3530e1 -> 94468000
Info 'riscvOVPsim/cpu', 0x000000008000f2cc(.l_fsr_1298_Start+20): 14bb0b13 addi    s6,s6,331
Info   s6 94468000 -> 9446814b
Info 'riscvOVPsim/cpu', 0x000000008000f2d0(.l_fsr_1298_Start+24): 01630a63 beq     t1,s6,8000f2e4
Info 'riscvOVPsim/cpu', 0x000000008000f2e4(.l_fsri_1299_Start): 416af5b7 lui     a1,0x416af
Info   a1 6e81a886 -> 416af000
Info 'riscvOVPsim/cpu', 0x000000008000f2e8(.l_fsri_1299_Start+4): f3558593 addi    a1,a1,-203
Info   a1 416af000 -> 416aef35
Info 'riscvOVPsim/cpu', 0x000000008000f2ec(.l_fsri_1299_Start+8): 62a762b7 lui     t0,0x62a76
Info   t0 70c7731e -> 62a76000
Info 'riscvOVPsim/cpu', 0x000000008000f2f0(.l_fsri_1299_Start+c): c6b28293 addi    t0,t0,-917
Info   t0 62a76000 -> 62a75c6b
Info 'riscvOVPsim/cpu', 0x000000008000f2f4(.l_fsri_1299_Start+10): 2c55dc13 fsri    s8,a1,t0,5
Info   s8 02bdc5eb -> 5a0b5779
Info 'riscvOVPsim/cpu', 0x000000008000f2f8(.l_fsri_1299_Start+14): 5a0b5237 lui     tp,0x5a0b5
Info   tp 5eb600bc -> 5a0b5000
Info 'riscvOVPsim/cpu', 0x000000008000f2fc(.l_fsri_1299_Start+18): 77920213 addi    tp,tp,1913
Info   tp 5a0b5000 -> 5a0b5779
Info 'riscvOVPsim/cpu', 0x000000008000f300(.l_fsri_1299_Start+1c): 004c0a63 beq     s8,tp,8000f314
Info 'riscvOVPsim/cpu', 0x000000008000f314(.l_clz_1300_Start): 63df38b7 lui     a7,0x63df3
Info   a7 3228fc61 -> 63df3000
Info 'riscvOVPsim/cpu', 0x000000008000f318(.l_clz_1300_Start+4): ee788893 addi    a7,a7,-281
Info   a7 63df3000 -> 63df2ee7
Info 'riscvOVPsim/cpu', 0x000000008000f31c(.l_clz_1300_Start+8): 60089b93 clz     s7,a7
Info   s7 01cfa30a -> 00000001
Info 'riscvOVPsim/cpu', 0x000000008000f320(.l_clz_1300_Start+c): 00100813 addi    a6,zero,1
Info   a6 0416ca38 -> 00000001
Info 'riscvOVPsim/cpu', 0x000000008000f324(.l_clz_1300_Start+10): 010b8a63 beq     s7,a6,8000f338
Info 'riscvOVPsim/cpu', 0x000000008000f338(.l_ctz_1301_Start): 46e22e37 lui     t3,0x46e22
Info   t3 704157cd -> 46e22000
Info 'riscvOVPsim/cpu', 0x000000008000f33c(.l_ctz_1301_Start+4): a93e0e13 addi    t3,t3,-1389
Info   t3 46e22000 -> 46e21a93
Info 'riscvOVPsim/cpu', 0x000000008000f340(.l_ctz_1301_Start+8): 601e1313 ctz     t1,t3
Info   t1 9446814b -> 00000000
Info 'riscvOVPsim/cpu', 0x000000008000f344(.l_ctz_1301_Start+c): 00000093 mv      ra,zero
Info   ra 70d3f3cb -> 00000000
Info 'riscvOVPsim/cpu', 0x000000008000f348(.l_ctz_1301_Start+10): 00130a63 beq     t1,ra,8000f35c
Info 'riscvOVPsim/cpu', 0x000000008000f35c(.l_pcnt_1302_Start): 6bbf96b7 lui     a3,0x6bbf9
Info   a3 7fdc25a0 -> 6bbf9000
Info 'riscvOVPsim/cpu', 0x000000008000f360(.l_pcnt_1302_Start+4): 2d968693 addi    a3,a3,729
Info   a3 6bbf9000 -> 6bbf92d9
Info 'riscvOVPsim/cpu', 0x000000008000f364(.l_pcnt_1302_Start+8): 60269093 pcnt    ra,a3
Info   ra 00000000 -> 00000014
Info 'riscvOVPsim/cpu', 0x000000008000f368(.l_pcnt_1302_Start+c): 01400e93 addi    t4,zero,20
Info   t4 052e64ff -> 00000014
Info 'riscvOVPsim/cpu', 0x000000008000f36c(.l_pcnt_1302_Start+10): 01d08a63 beq     ra,t4,8000f380
Info 'riscvOVPsim/cpu', 0x000000008000f380(.l_crc32_b_1303_Start): 0565f9b7 lui     s3,0x565f
Info   s3 704157cd -> 0565f000
Info 'riscvOVPsim/cpu', 0x000000008000f384(.l_crc32_b_1303_Start+4): 93a98993 addi    s3,s3,-1734
Info   s3 0565f000 -> 0565e93a
Info 'riscvOVPsim/cpu', 0x000000008000f388(.l_crc32_b_1303_Start+8): 61099513 crc32.b a0,s3
Info   a0 4019b26e -> c609bc5b
Info 'riscvOVPsim/cpu', 0x000000008000f38c(.l_crc32_b_1303_Start+c): c609c737 lui     a4,0xc609c
Info   a4 5f65b9be -> c609c000
Info 'riscvOVPsim/cpu', 0x000000008000f390(.l_crc32_b_1303_Start+10): c5b70713 addi    a4,a4,-933
Info   a4 c609c000 -> c609bc5b
Info 'riscvOVPsim/cpu', 0x000000008000f394(.l_crc32_b_1303_Start+14): 00e50a63 beq     a0,a4,8000f3a8
Info 'riscvOVPsim/cpu', 0x000000008000f3a8(.l_crc32_h_1304_Start): 4b9d5eb7 lui     t4,0x4b9d5
Info   t4 00000014 -> 4b9d5000
Info 'riscvOVPsim/cpu', 0x000000008000f3ac(.l_crc32_h_1304_Start+4): 1e3e8e93 addi    t4,t4,483
Info   t4 4b9d5000 -> 4b9d51e3
Info 'riscvOVPsim/cpu', 0x000000008000f3b0(.l_crc32_h_1304_Start+8): 611e9593 crc32.h a1,t4
Info   a1 416aef35 -> 693f8ad0
Info 'riscvOVPsim/cpu', 0x000000008000f3b4(.l_crc32_h_1304_Start+c): 693f9137 lui     sp,0x693f9
Info   sp 7e99bb9f -> 693f9000
Info 'riscvOVPsim/cpu', 0x000000008000f3b8(.l_crc32_h_1304_Start+10): ad010113 addi    sp,sp,-1328
Info   sp 693f9000 -> 693f8ad0
Info 'riscvOVPsim/cpu', 0x000000008000f3bc(.l_crc32_h_1304_Start+14): 00258a63 beq     a1,sp,8000f3d0
Info 'riscvOVPsim/cpu', 0x000000008000f3d0(.l_crc32_w_1305_Start): 407550b7 lui     ra,0x40755
Info   ra 00000014 -> 40755000
Info 'riscvOVPsim/cpu', 0x000000008000f3d4(.l_crc32_w_1305_Start+4): 39408093 addi    ra,ra,916
Info   ra 40755000 -> 40755394
Info 'riscvOVPsim/cpu', 0x000000008000f3d8(.l_crc32_w_1305_Start+8): 61209e13 crc32.w t3,ra
Info   t3 46e21a93 -> 784c2a39
Info 'riscvOVPsim/cpu', 0x000000008000f3dc(.l_crc32_w_1305_Start+c): 784c37b7 lui     a5,0x784c3
Info   a5 5b4a74cd -> 784c3000
Info 'riscvOVPsim/cpu', 0x000000008000f3e0(.l_crc32_w_1305_Start+10): a3978793 addi    a5,a5,-1479
Info   a5 784c3000 -> 784c2a39
Info 'riscvOVPsim/cpu', 0x000000008000f3e4(.l_crc32_w_1305_Start+14): 00fe0a63 beq     t3,a5,8000f3f8
Info 'riscvOVPsim/cpu', 0x000000008000f3f8(.l_crc32c_b_1306_Start): 2e37f137 lui     sp,0x2e37f
Info   sp 693f8ad0 -> 2e37f000
Info 'riscvOVPsim/cpu', 0x000000008000f3fc(.l_crc32c_b_1306_Start+4): 01110113 addi    sp,sp,17
Info   sp 2e37f000 -> 2e37f011
Info 'riscvOVPsim/cpu', 0x000000008000f400(.l_crc32c_b_1306_Start+8): 61811613 crc32c.b a2,sp
Info   a2 704157cd -> e21b739c
Info 'riscvOVPsim/cpu', 0x000000008000f404(.l_crc32c_b_1306_Start+c): e21b79b7 lui     s3,0xe21b7
Info   s3 0565e93a -> e21b7000
Info 'riscvOVPsim/cpu', 0x000000008000f408(.l_crc32c_b_1306_Start+10): 39c98993 addi    s3,s3,924
Info   s3 e21b7000 -> e21b739c
Info 'riscvOVPsim/cpu', 0x000000008000f40c(.l_crc32c_b_1306_Start+14): 01360a63 beq     a2,s3,8000f420
Info 'riscvOVPsim/cpu', 0x000000008000f420(.l_crc32c_h_1307_Start): 168982b7 lui     t0,0x16898
Info   t0 62a75c6b -> 16898000
Info 'riscvOVPsim/cpu', 0x000000008000f424(.l_crc32c_h_1307_Start+4): 0e928293 addi    t0,t0,233
Info   t0 16898000 -> 168980e9
Info 'riscvOVPsim/cpu', 0x000000008000f428(.l_crc32c_h_1307_Start+8): 61929b93 crc32c.h s7,t0
Info   s7 00000001 -> 771fa9c1
Info 'riscvOVPsim/cpu', 0x000000008000f42c(.l_crc32c_h_1307_Start+c): 771fbcb7 lui     s9,0x771fb
Info   s9 222e7fb4 -> 771fb000
Info 'riscvOVPsim/cpu', 0x000000008000f430(.l_crc32c_h_1307_Start+10): 9c1c8c93 addi    s9,s9,-1599
Info   s9 771fb000 -> 771fa9c1
Info 'riscvOVPsim/cpu', 0x000000008000f434(.l_crc32c_h_1307_Start+14): 019b8a63 beq     s7,s9,8000f448
Info 'riscvOVPsim/cpu', 0x000000008000f448(.l_crc32c_w_1308_Start): 0b64b7b7 lui     a5,0xb64b
Info   a5 784c2a39 -> 0b64b000
Info 'riscvOVPsim/cpu', 0x000000008000f44c(.l_crc32c_w_1308_Start+4): bd178793 addi    a5,a5,-1071
Info   a5 0b64b000 -> 0b64abd1
Info 'riscvOVPsim/cpu', 0x000000008000f450(.l_crc32c_w_1308_Start+8): 61a79a93 crc32c.w s5,a5
Info   s5 be1450b4 -> 22a4105d
Info 'riscvOVPsim/cpu', 0x000000008000f454(.l_crc32c_w_1308_Start+c): 22a41a37 lui     s4,0x22a41
Info   s4 5b3a511a -> 22a41000
Info 'riscvOVPsim/cpu', 0x000000008000f458(.l_crc32c_w_1308_Start+10): 05da0a13 addi    s4,s4,93
Info   s4 22a41000 -> 22a4105d
Info 'riscvOVPsim/cpu', 0x000000008000f45c(.l_crc32c_w_1308_Start+14): 014a8a63 beq     s5,s4,8000f470
Info 'riscvOVPsim/cpu', 0x000000008000f470(.l_clmul_1309_Start): 5f809137 lui     sp,0x5f809
Info   sp 2e37f011 -> 5f809000
Info 'riscvOVPsim/cpu', 0x000000008000f474(.l_clmul_1309_Start+4): 6ee10113 addi    sp,sp,1774
Info   sp 5f809000 -> 5f8096ee
Info 'riscvOVPsim/cpu', 0x000000008000f478(.l_clmul_1309_Start+8): 40e53937 lui     s2,0x40e53
Info   s2 600bcde7 -> 40e53000
Info 'riscvOVPsim/cpu', 0x000000008000f47c(.l_clmul_1309_Start+c): fcc90913 addi    s2,s2,-52
Info   s2 40e53000 -> 40e52fcc
Info 'riscvOVPsim/cpu', 0x000000008000f480(.l_clmul_1309_Start+10): b211533 clmul   a0,sp,s2
Info   a0 c609bc5b -> 6bf41a48
Info 'riscvOVPsim/cpu', 0x000000008000f484(.l_clmul_1309_Start+14): 6bf42bb7 lui     s7,0x6bf42
Info   s7 771fa9c1 -> 6bf42000
Info 'riscvOVPsim/cpu', 0x000000008000f488(.l_clmul_1309_Start+18): a48b8b93 addi    s7,s7,-1464
Info   s7 6bf42000 -> 6bf41a48
Info 'riscvOVPsim/cpu', 0x000000008000f48c(.l_clmul_1309_Start+1c): 01750a63 beq     a0,s7,8000f4a0
Info 'riscvOVPsim/cpu', 0x000000008000f4a0(.l_clmulr_1310_Start): 5b6fa0b7 lui     ra,0x5b6fa
Info   ra 40755394 -> 5b6fa000
Info 'riscvOVPsim/cpu', 0x000000008000f4a4(.l_clmulr_1310_Start+4): 3bb08093 addi    ra,ra,955
Info   ra 5b6fa000 -> 5b6fa3bb
Info 'riscvOVPsim/cpu', 0x000000008000f4a8(.l_clmulr_1310_Start+8): 5b68bd37 lui     s10,0x5b68b
Info   s10 be1450b4 -> 5b68b000
Info 'riscvOVPsim/cpu', 0x000000008000f4ac(.l_clmulr_1310_Start+c): be5d0d13 addi    s10,s10,-1051
Info   s10 5b68b000 -> 5b68abe5
Info 'riscvOVPsim/cpu', 0x000000008000f4b0(.l_clmulr_1310_Start+10): b211533 clmul   a0,sp,s2
Info   ra 5b6fa3bb -> 22892d20
Info 'riscvOVPsim/cpu', 0x000000008000f4b4(.l_clmulr_1310_Start+14): 22893db7 lui     s11,0x22893
Info   s11 3364dc80 -> 22893000
Info 'riscvOVPsim/cpu', 0x000000008000f4b8(.l_clmulr_1310_Start+18): d20d8d93 addi    s11,s11,-736
Info   s11 22893000 -> 22892d20
Info 'riscvOVPsim/cpu', 0x000000008000f4bc(.l_clmulr_1310_Start+1c): 01b08a63 beq     ra,s11,8000f4d0
Info 'riscvOVPsim/cpu', 0x000000008000f4d0(.l_clmulh_1311_Start): 18f79537 lui     a0,0x18f79
Info   a0 6bf41a48 -> 18f79000
Info 'riscvOVPsim/cpu', 0x000000008000f4d4(.l_clmulh_1311_Start+4): 2eb50513 addi    a0,a0,747
Info   a0 18f79000 -> 18f792eb
Info 'riscvOVPsim/cpu', 0x000000008000f4d8(.l_clmulh_1311_Start+8): 4ddda437 lui     s0,0x4ddda
Info   s0 7b2d3012 -> 4ddda000
Info 'riscvOVPsim/cpu', 0x000000008000f4dc(.l_clmulh_1311_Start+c): 0c540413 addi    s0,s0,197
Info   s0 4ddda000 -> 4ddda0c5
Info 'riscvOVPsim/cpu', 0x000000008000f4e0(.l_clmulh_1311_Start+10): a853a33 clmulh  s4,a0,s0
Info   s4 22a4105d -> 068a0b5a
Info 'riscvOVPsim/cpu', 0x000000008000f4e4(.l_clmulh_1311_Start+14): 068a1ab7 lui     s5,0x68a1
Info   s5 22a4105d -> 068a1000
Info 'riscvOVPsim/cpu', 0x000000008000f4e8(.l_clmulh_1311_Start+18): b5aa8a93 addi    s5,s5,-1190
Info   s5 068a1000 -> 068a0b5a
Info 'riscvOVPsim/cpu', 0x000000008000f4ec(.l_clmulh_1311_Start+1c): 015a0a63 beq     s4,s5,8000f500
Info 'riscvOVPsim/cpu', 0x000000008000f500(.l_min_1312_Start): 016c0bb7 lui     s7,0x16c0
Info   s7 6bf41a48 -> 016c0000
Info 'riscvOVPsim/cpu', 0x000000008000f504(.l_min_1312_Start+4): 948b8b93 addi    s7,s7,-1720
Info   s7 016c0000 -> 016bf948
Info 'riscvOVPsim/cpu', 0x000000008000f508(.l_min_1312_Start+8): 10bdc3b7 lui     t2,0x10bdc
Info   t2 27129353 -> 10bdc000
Info 'riscvOVPsim/cpu', 0x000000008000f50c(.l_min_1312_Start+c): 0fe38393 addi    t2,t2,254
Info   t2 10bdc000 -> 10bdc0fe
Info 'riscvOVPsim/cpu', 0x000000008000f510(.l_min_1312_Start+10): a7bc2b3 min     t0,s7,t2
Info   t0 168980e9 -> 016bf948
Info 'riscvOVPsim/cpu', 0x000000008000f514(.l_min_1312_Start+14): 016c0fb7 lui     t6,0x16c0
Info   t6 01cfb30a -> 016c0000
Info 'riscvOVPsim/cpu', 0x000000008000f518(.l_min_1312_Start+18): 948f8f93 addi    t6,t6,-1720
Info   t6 016c0000 -> 016bf948
Info 'riscvOVPsim/cpu', 0x000000008000f51c(.l_min_1312_Start+1c): 01f28a63 beq     t0,t6,8000f530
Info 'riscvOVPsim/cpu', 0x000000008000f530(.l_max_1313_Start): 6281d8b7 lui     a7,0x6281d
Info   a7 63df2ee7 -> 6281d000
Info 'riscvOVPsim/cpu', 0x000000008000f534(.l_max_1313_Start+4): 68088893 addi    a7,a7,1664
Info   a7 6281d000 -> 6281d680
Info 'riscvOVPsim/cpu', 0x000000008000f538(.l_max_1313_Start+8): 296873b7 lui     t2,0x29687
Info   t2 10bdc0fe -> 29687000
Info 'riscvOVPsim/cpu', 0x000000008000f53c(.l_max_1313_Start+c): 89638393 addi    t2,t2,-1898
Info   t2 29687000 -> 29686896
Info 'riscvOVPsim/cpu', 0x000000008000f540(.l_max_1313_Start+10): a78d233 max     tp,a7,t2
Info   tp 5a0b5779 -> 6281d680
Info 'riscvOVPsim/cpu', 0x000000008000f544(.l_max_1313_Start+14): 6281da37 lui     s4,0x6281d
Info   s4 068a0b5a -> 6281d000
Info 'riscvOVPsim/cpu', 0x000000008000f548(.l_max_1313_Start+18): 680a0a13 addi    s4,s4,1664
Info   s4 6281d000 -> 6281d680
Info 'riscvOVPsim/cpu', 0x000000008000f54c(.l_max_1313_Start+1c): 01420a63 beq     tp,s4,8000f560
Info 'riscvOVPsim/cpu', 0x000000008000f560(.l_minu_1314_Start): 68cc5537 lui     a0,0x68cc5
Info   a0 18f792eb -> 68cc5000
Info 'riscvOVPsim/cpu', 0x000000008000f564(.l_minu_1314_Start+4): f8150513 addi    a0,a0,-127
Info   a0 68cc5000 -> 68cc4f81
Info 'riscvOVPsim/cpu', 0x000000008000f568(.l_minu_1314_Start+8): 51ec4c37 lui     s8,0x51ec4
Info   s8 5a0b5779 -> 51ec4000
Info 'riscvOVPsim/cpu', 0x000000008000f56c(.l_minu_1314_Start+c): 0c6c0c13 addi    s8,s8,198
Info   s8 51ec4000 -> 51ec40c6
Info 'riscvOVPsim/cpu', 0x000000008000f570(.l_minu_1314_Start+10): b8565b3 minu    a1,a0,s8
Info   a1 693f8ad0 -> 51ec40c6
Info 'riscvOVPsim/cpu', 0x000000008000f574(.l_minu_1314_Start+14): 51ec4eb7 lui     t4,0x51ec4
Info   t4 4b9d51e3 -> 51ec4000
Info 'riscvOVPsim/cpu', 0x000000008000f578(.l_minu_1314_Start+18): 0c6e8e93 addi    t4,t4,198
Info   t4 51ec4000 -> 51ec40c6
Info 'riscvOVPsim/cpu', 0x000000008000f57c(.l_minu_1314_Start+1c): 01d58a63 beq     a1,t4,8000f590
Info 'riscvOVPsim/cpu', 0x000000008000f590(.l_maxu_1315_Start): 2dc9b137 lui     sp,0x2dc9b
Info   sp 5f8096ee -> 2dc9b000
Info 'riscvOVPsim/cpu', 0x000000008000f594(.l_maxu_1315_Start+4): 4b910113 addi    sp,sp,1209
Info   sp 2dc9b000 -> 2dc9b4b9
Info 'riscvOVPsim/cpu', 0x000000008000f598(.l_maxu_1315_Start+8): 0365a437 lui     s0,0x365a
Info   s0 4ddda0c5 -> 0365a000
Info 'riscvOVPsim/cpu', 0x000000008000f59c(.l_maxu_1315_Start+c): f0340413 addi    s0,s0,-253
Info   s0 0365a000 -> 03659f03
Info 'riscvOVPsim/cpu', 0x000000008000f5a0(.l_maxu_1315_Start+10): a8174b3 maxu    s1,sp,s0
Info   s1 4f3530e1 -> 2dc9b4b9
Info 'riscvOVPsim/cpu', 0x000000008000f5a4(.l_maxu_1315_Start+14): 2dc9b337 lui     t1,0x2dc9b
Info   t1 00000000 -> 2dc9b000
Info 'riscvOVPsim/cpu', 0x000000008000f5a8(.l_maxu_1315_Start+18): 4b930313 addi    t1,t1,1209
Info   t1 2dc9b000 -> 2dc9b4b9
Info 'riscvOVPsim/cpu', 0x000000008000f5ac(.l_maxu_1315_Start+1c): 00648a63 beq     s1,t1,8000f5c0
Info 'riscvOVPsim/cpu', 0x000000008000f5c0(.l_shfl_1316_Start): 572c56b7 lui     a3,0x572c5
Info   a3 6bbf92d9 -> 572c5000
Info 'riscvOVPsim/cpu', 0x000000008000f5c4(.l_shfl_1316_Start+4): bdd68693 addi    a3,a3,-1059
Info   a3 572c5000 -> 572c4bdd
Info 'riscvOVPsim/cpu', 0x000000008000f5c8(.l_shfl_1316_Start+8): 572c56b7 lui     a3,0x572c5
Info   a3 572c4bdd -> 572c5000
Info 'riscvOVPsim/cpu', 0x000000008000f5cc(.l_shfl_1316_Start+c): bdd68693 addi    a3,a3,-1059
Info   a3 572c5000 -> 572c4bdd
Info 'riscvOVPsim/cpu', 0x000000008000f5d0(.l_shfl_1316_Start+10): 8d69433 shfl    s0,a3,a3
Info   s0 03659f03 -> 327d4bab
Info 'riscvOVPsim/cpu', 0x000000008000f5d4(.l_shfl_1316_Start+14): 327d5837 lui     a6,0x327d5
Info   a6 00000001 -> 327d5000
Info 'riscvOVPsim/cpu', 0x000000008000f5d8(.l_shfl_1316_Start+18): bab80813 addi    a6,a6,-1109
Info   a6 327d5000 -> 327d4bab
Info 'riscvOVPsim/cpu', 0x000000008000f5dc(.l_shfl_1316_Start+1c): 01040a63 beq     s0,a6,8000f5f0
Info 'riscvOVPsim/cpu', 0x000000008000f5f0(.l_unshfl_1317_Start): 25bb4137 lui     sp,0x25bb4
Info   sp 2dc9b4b9 -> 25bb4000
Info 'riscvOVPsim/cpu', 0x000000008000f5f4(.l_unshfl_1317_Start+4): ba110113 addi    sp,sp,-1119
Info   sp 25bb4000 -> 25bb3ba1
Info 'riscvOVPsim/cpu', 0x000000008000f5f8(.l_unshfl_1317_Start+8): 6d9a3837 lui     a6,0x6d9a3
Info   a6 327d4bab -> 6d9a3000
Info 'riscvOVPsim/cpu', 0x000000008000f5fc(.l_unshfl_1317_Start+c): 7b880813 addi    a6,a6,1976
Info   a6 6d9a3000 -> 6d9a37b8
Info 'riscvOVPsim/cpu', 0x000000008000f600(.l_unshfl_1317_Start+10): 9015ab3 unshfl  s5,sp,a6
Info   s5 068a0b5a -> 253bbba1
Info 'riscvOVPsim/cpu', 0x000000008000f604(.l_unshfl_1317_Start+14): 253bc237 lui     tp,0x253bc
Info   tp 6281d680 -> 253bc000
Info 'riscvOVPsim/cpu', 0x000000008000f608(.l_unshfl_1317_Start+18): ba120213 addi    tp,tp,-1119
Info   tp 253bc000 -> 253bbba1
Info 'riscvOVPsim/cpu', 0x000000008000f60c(.l_unshfl_1317_Start+1c): 004a8a63 beq     s5,tp,8000f620
Info 'riscvOVPsim/cpu', 0x000000008000f620(.l_bdep_1318_Start): 50236337 lui     t1,0x50236
Info   t1 2dc9b4b9 -> 50236000
Info 'riscvOVPsim/cpu', 0x000000008000f624(.l_bdep_1318_Start+4): eaa30313 addi    t1,t1,-342
Info   t1 50236000 -> 50235eaa
Info 'riscvOVPsim/cpu', 0x000000008000f628(.l_bdep_1318_Start+8): 229ee4b7 lui     s1,0x229ee
Info   s1 2dc9b4b9 -> 229ee000
Info 'riscvOVPsim/cpu', 0x000000008000f62c(.l_bdep_1318_Start+c): 59948493 addi    s1,s1,1433
Info   s1 229ee000 -> 229ee599
Info 'riscvOVPsim/cpu', 0x000000008000f630(.l_bdep_1318_Start+10): 8932db3 bdep    s11,t1,s1
Info   s11 22892d20 -> 021e4488
Info 'riscvOVPsim/cpu', 0x000000008000f634(.l_bdep_1318_Start+14): 021e43b7 lui     t2,0x21e4
Info   t2 29686896 -> 021e4000
Info 'riscvOVPsim/cpu', 0x000000008000f638(.l_bdep_1318_Start+18): 48838393 addi    t2,t2,1160
Info   t2 021e4000 -> 021e4488
Info 'riscvOVPsim/cpu', 0x000000008000f63c(.l_bdep_1318_Start+1c): 007d8a63 beq     s11,t2,8000f650
Info 'riscvOVPsim/cpu', 0x000000008000f650(.l_bext_1319_Start): 2c348a37 lui     s4,0x2c348
Info   s4 6281d680 -> 2c348000
Info 'riscvOVPsim/cpu', 0x000000008000f654(.l_bext_1319_Start+4): 216a0a13 addi    s4,s4,534
Info   s4 2c348000 -> 2c348216
Info 'riscvOVPsim/cpu', 0x000000008000f658(.l_bext_1319_Start+8): 66f6d8b7 lui     a7,0x66f6d
Info   a7 6281d680 -> 66f6d000
Info 'riscvOVPsim/cpu', 0x000000008000f65c(.l_bext_1319_Start+c): 03888893 addi    a7,a7,56
Info   a7 66f6d000 -> 66f6d038
Info 'riscvOVPsim/cpu', 0x000000008000f660(.l_bext_1319_Start+10): 91a6533 bext    a0,s4,a7
Info   a0 68cc4f81 -> 000063a2
Info 'riscvOVPsim/cpu', 0x000000008000f664(.l_bext_1319_Start+14): 00006ab7 lui     s5,0x6
Info   s5 253bbba1 -> 00006000
Info 'riscvOVPsim/cpu', 0x000000008000f668(.l_bext_1319_Start+18): 3a2a8a93 addi    s5,s5,930
Info   s5 00006000 -> 000063a2
Info 'riscvOVPsim/cpu', 0x000000008000f66c(.l_bext_1319_Start+1c): 01550a63 beq     a0,s5,8000f680
Info 'riscvOVPsim/cpu', 0x000000008000f680(.l_pack_1320_Start): 55624c37 lui     s8,0x55624
Info   s8 51ec40c6 -> 55624000
Info 'riscvOVPsim/cpu', 0x000000008000f684(.l_pack_1320_Start+4): 9f1c0c13 addi    s8,s8,-1551
Info   s8 55624000 -> 556239f1
Info 'riscvOVPsim/cpu', 0x000000008000f688(.l_pack_1320_Start+8): 00000013 nop
Info 'riscvOVPsim/cpu', 0x000000008000f68c(.l_pack_1320_Start+c): 080c48b3 undef
Info   a7 66f6d038 -> 000039f1
Info 'riscvOVPsim/cpu', 0x000000008000f690(.l_pack_1320_Start+10): 000043b7 lui     t2,0x4
Info   t2 021e4488 -> 00004000
Info 'riscvOVPsim/cpu', 0x000000008000f694(.l_pack_1320_Start+14): 9f138393 addi    t2,t2,-1551
Info   t2 00004000 -> 000039f1
Info 'riscvOVPsim/cpu', 0x000000008000f698(.l_pack_1320_Start+18): 00788a63 beq     a7,t2,8000f6ac
Info 'riscvOVPsim/cpu', 0x000000008000f6ac(.l_bfp_1321_Start): 18d83eb7 lui     t4,0x18d83
Info   t4 51ec40c6 -> 18d83000
Info 'riscvOVPsim/cpu', 0x000000008000f6b0(.l_bfp_1321_Start+4): eeee8e93 addi    t4,t4,-274
Info   t4 18d83000 -> 18d82eee
Info 'riscvOVPsim/cpu', 0x000000008000f6b4(.l_bfp_1321_Start+8): 77363f37 lui     t5,0x77363
Info   t5 39cc27c6 -> 77363000
Info 'riscvOVPsim/cpu', 0x000000008000f6b8(.l_bfp_1321_Start+c): 11cf0f13 addi    t5,t5,284
Info   t5 77363000 -> 7736311c
Info 'riscvOVPsim/cpu', 0x000000008000f6bc(.l_bfp_1321_Start+10): 9eef1b3 bfp     gp,t4,t5
Info   gp 00000001 -> 07182eee
Info 'riscvOVPsim/cpu', 0x000000008000f6c0(.l_bfp_1321_Start+14): 07183a37 lui     s4,0x7183
Info   s4 2c348216 -> 07183000
Info 'riscvOVPsim/cpu', 0x000000008000f6c4(.l_bfp_1321_Start+18): eeea0a13 addi    s4,s4,-274
Info   s4 07183000 -> 07182eee
Info 'riscvOVPsim/cpu', 0x000000008000f6c8(.l_bfp_1321_Start+1c): 01418a63 beq     gp,s4,8000f6dc
Info 'riscvOVPsim/cpu', 0x000000008000f6dc(.l_shfli_1322_Start): 0ca2f1b7 lui     gp,0xca2f
Info   gp 07182eee -> 0ca2f000
Info 'riscvOVPsim/cpu', 0x000000008000f6e0(.l_shfli_1322_Start+4): 9e018193 addi    gp,gp,-1568
Info   gp 0ca2f000 -> 0ca2e9e0
Info 'riscvOVPsim/cpu', 0x000000008000f6e4(.l_shfli_1322_Start+8): 9e19493 shfli   s1,gp,30
Info   s1 229ee599 -> 32e1ba08
Info 'riscvOVPsim/cpu', 0x000000008000f6e8(.l_shfli_1322_Start+c): 32e1ce37 lui     t3,0x32e1c
Info   t3 784c2a39 -> 32e1c000
Info 'riscvOVPsim/cpu', 0x000000008000f6ec(.l_shfli_1322_Start+10): a08e0e13 addi    t3,t3,-1528
Info   t3 32e1c000 -> 32e1ba08
Info 'riscvOVPsim/cpu', 0x000000008000f6f0(.l_shfli_1322_Start+14): 01c48a63 beq     s1,t3,8000f704
Info 'riscvOVPsim/cpu', 0x000000008000f704(.l_unshfli_1323_Start): 72b94937 lui     s2,0x72b94
Info   s2 40e52fcc -> 72b94000
Info 'riscvOVPsim/cpu', 0x000000008000f708(.l_unshfli_1323_Start+4): 05b90913 addi    s2,s2,91
Info   s2 72b94000 -> 72b9405b
Info 'riscvOVPsim/cpu', 0x000000008000f70c(.l_unshfli_1323_Start+8): bb95013 unshfli zero,s2,59
Info 'riscvOVPsim/cpu', 0x000000008000f710(.l_unshfli_1323_Start+c): 00000493 mv      s1,zero
Info   s1 32e1ba08 -> 00000000
Info 'riscvOVPsim/cpu', 0x000000008000f714(.l_unshfli_1323_Start+10): 00900a63 beq     zero,s1,8000f728
Info 'riscvOVPsim/cpu', 0x000000008000f728(.l_andn_1324_Start): 5e52e2b7 lui     t0,0x5e52e
Info   t0 016bf948 -> 5e52e000
Info 'riscvOVPsim/cpu', 0x000000008000f72c(.l_andn_1324_Start+4): c7028293 addi    t0,t0,-912
Info   t0 5e52e000 -> 5e52dc70
Info 'riscvOVPsim/cpu', 0x000000008000f730(.l_andn_1324_Start+8): 5e52e2b7 lui     t0,0x5e52e
Info   t0 5e52dc70 -> 5e52e000
Info 'riscvOVPsim/cpu', 0x000000008000f734(.l_andn_1324_Start+c): c7028293 addi    t0,t0,-912
Info   t0 5e52e000 -> 5e52dc70
Info 'riscvOVPsim/cpu', 0x000000008000f738(.l_andn_1324_Start+10): 4052feb3 andn    t4,t0,t0
Info   t4 18d82eee -> 00000000
Info 'riscvOVPsim/cpu', 0x000000008000f73c(.l_andn_1324_Start+14): 00000513 mv      a0,zero
Info   a0 000063a2 -> 00000000
Info 'riscvOVPsim/cpu', 0x000000008000f740(.l_andn_1324_Start+18): 00ae8a63 beq     t4,a0,8000f754
Info 'riscvOVPsim/cpu', 0x000000008000f754(.l_orn_1325_Start): 730d1c37 lui     s8,0x730d1
Info   s8 556239f1 -> 730d1000
Info 'riscvOVPsim/cpu', 0x000000008000f758(.l_orn_1325_Start+4): 4c9c0c13 addi    s8,s8,1225
Info   s8 730d1000 -> 730d14c9
Info 'riscvOVPsim/cpu', 0x000000008000f75c(.l_orn_1325_Start+8): 5a11e837 lui     a6,0x5a11e
Info   a6 6d9a37b8 -> 5a11e000
Info 'riscvOVPsim/cpu', 0x000000008000f760(.l_orn_1325_Start+c): 8e880813 addi    a6,a6,-1816
Info   a6 5a11e000 -> 5a11d8e8
Info 'riscvOVPsim/cpu', 0x000000008000f764(.l_orn_1325_Start+10): 410c6433 orn     s0,s8,a6
Info   s0 327d4bab -> f7ef37df
Info 'riscvOVPsim/cpu', 0x000000008000f768(.l_orn_1325_Start+14): f7ef3537 lui     a0,0xf7ef3
Info   a0 00000000 -> f7ef3000
Info 'riscvOVPsim/cpu', 0x000000008000f76c(.l_orn_1325_Start+18): 7df50513 addi    a0,a0,2015
Info   a0 f7ef3000 -> f7ef37df
Info 'riscvOVPsim/cpu', 0x000000008000f770(.l_orn_1325_Start+1c): 00a40a63 beq     s0,a0,8000f784
Info 'riscvOVPsim/cpu', 0x000000008000f784(.l_xnor_1326_Start): 1d909f37 lui     t5,0x1d909
Info   t5 7736311c -> 1d909000
Info 'riscvOVPsim/cpu', 0x000000008000f788(.l_xnor_1326_Start+4): 03cf0f13 addi    t5,t5,60
Info   t5 1d909000 -> 1d90903c
Info 'riscvOVPsim/cpu', 0x000000008000f78c(.l_xnor_1326_Start+8): 4f7e0d37 lui     s10,0x4f7e0
Info   s10 5b68abe5 -> 4f7e0000
Info 'riscvOVPsim/cpu', 0x000000008000f790(.l_xnor_1326_Start+c): 818d0d13 addi    s10,s10,-2024
Info   s10 4f7e0000 -> 4f7df818
Info 'riscvOVPsim/cpu', 0x000000008000f794(.l_xnor_1326_Start+10): 41af4033 xnor    zero,t5,s10
Info 'riscvOVPsim/cpu', 0x000000008000f798(.l_xnor_1326_Start+14): 00000613 mv      a2,zero
Info   a2 e21b739c -> 00000000
Info 'riscvOVPsim/cpu', 0x000000008000f79c(.l_xnor_1326_Start+18): 00c00a63 beq     zero,a2,8000f7b0
Info 'riscvOVPsim/cpu', 0x000000008000f7b0(.l_slo_1327_Start): 6210a537 lui     a0,0x6210a
Info   a0 f7ef37df -> 6210a000
Info 'riscvOVPsim/cpu', 0x000000008000f7b4(.l_slo_1327_Start+4): a5350513 addi    a0,a0,-1453
Info   a0 6210a000 -> 62109a53
Info 'riscvOVPsim/cpu', 0x000000008000f7b8(.l_slo_1327_Start+8): 6cc9fa37 lui     s4,0x6cc9f
Info   s4 07182eee -> 6cc9f000
Info 'riscvOVPsim/cpu', 0x000000008000f7bc(.l_slo_1327_Start+c): c97a0a13 addi    s4,s4,-873
Info   s4 6cc9f000 -> 6cc9ec97
Info 'riscvOVPsim/cpu', 0x000000008000f7c0(.l_slo_1327_Start+10): 21451a33 slo     s4,a0,s4
Info   s4 6cc9ec97 -> 29ffffff
Info 'riscvOVPsim/cpu', 0x000000008000f7c4(.l_slo_1327_Start+14): 2a000237 lui     tp,0x2a000
Info   tp 253bbba1 -> 2a000000
Info 'riscvOVPsim/cpu', 0x000000008000f7c8(.l_slo_1327_Start+18): fff20213 addi    tp,tp,-1
Info   tp 2a000000 -> 29ffffff
Info 'riscvOVPsim/cpu', 0x000000008000f7cc(.l_slo_1327_Start+1c): 004a0a63 beq     s4,tp,8000f7e0
Info 'riscvOVPsim/cpu', 0x000000008000f7e0(.l_sro_1328_Start): 22d299b7 lui     s3,0x22d29
Info   s3 e21b739c -> 22d29000
Info 'riscvOVPsim/cpu', 0x000000008000f7e4(.l_sro_1328_Start+4): ef998993 addi    s3,s3,-263
Info   s3 22d29000 -> 22d28ef9
Info 'riscvOVPsim/cpu', 0x000000008000f7e8(.l_sro_1328_Start+8): 649ae4b7 lui     s1,0x649ae
Info   s1 00000000 -> 649ae000
Info 'riscvOVPsim/cpu', 0x000000008000f7ec(.l_sro_1328_Start+c): 52548493 addi    s1,s1,1317
Info   s1 649ae000 -> 649ae525
Info 'riscvOVPsim/cpu', 0x000000008000f7f0(.l_sro_1328_Start+10): 2099d6b3 sro     a3,s3,s1
Info   a3 572c4bdd -> f9169477
Info 'riscvOVPsim/cpu', 0x000000008000f7f4(.l_sro_1328_Start+14): f9169737 lui     a4,0xf9169
Info   a4 c609bc5b -> f9169000
Info 'riscvOVPsim/cpu', 0x000000008000f7f8(.l_sro_1328_Start+18): 47770713 addi    a4,a4,1143
Info   a4 f9169000 -> f9169477
Info 'riscvOVPsim/cpu', 0x000000008000f7fc(.l_sro_1328_Start+1c): 00e68a63 beq     a3,a4,8000f810
Info 'riscvOVPsim/cpu', 0x000000008000f810(.l_rol_1329_Start): 316c9f37 lui     t5,0x316c9
Info   t5 1d90903c -> 316c9000
Info 'riscvOVPsim/cpu', 0x000000008000f814(.l_rol_1329_Start+4): 9eef0f13 addi    t5,t5,-1554
Info   t5 316c9000 -> 316c89ee
Info 'riscvOVPsim/cpu', 0x000000008000f818(.l_rol_1329_Start+8): 2dbc5537 lui     a0,0x2dbc5
Info   a0 62109a53 -> 2dbc5000
Info 'riscvOVPsim/cpu', 0x000000008000f81c(.l_rol_1329_Start+c): 5c450513 addi    a0,a0,1476
Info   a0 2dbc5000 -> 2dbc55c4
Info 'riscvOVPsim/cpu', 0x000000008000f820(.l_rol_1329_Start+10): 60af1333 rol     t1,t5,a0
Info   t1 50235eaa -> 16c89ee3
Info 'riscvOVPsim/cpu', 0x000000008000f824(.l_rol_1329_Start+14): 16c8a2b7 lui     t0,0x16c8a
Info   t0 5e52dc70 -> 16c8a000
Info 'riscvOVPsim/cpu', 0x000000008000f828(.l_rol_1329_Start+18): ee328293 addi    t0,t0,-285
Info   t0 16c8a000 -> 16c89ee3
Info 'riscvOVPsim/cpu', 0x000000008000f82c(.l_rol_1329_Start+1c): 00530a63 beq     t1,t0,8000f840
Info 'riscvOVPsim/cpu', 0x000000008000f840(.l_ror_1330_Start): 036cc337 lui     t1,0x36cc
Info   t1 16c89ee3 -> 036cc000
Info 'riscvOVPsim/cpu', 0x000000008000f844(.l_ror_1330_Start+4): d5030313 addi    t1,t1,-688
Info   t1 036cc000 -> 036cbd50
Info 'riscvOVPsim/cpu', 0x000000008000f848(.l_ror_1330_Start+8): 3a478a37 lui     s4,0x3a478
Info   s4 29ffffff -> 3a478000
Info 'riscvOVPsim/cpu', 0x000000008000f84c(.l_ror_1330_Start+c): 25da0a13 addi    s4,s4,605
Info   s4 3a478000 -> 3a47825d
Info 'riscvOVPsim/cpu', 0x000000008000f850(.l_ror_1330_Start+10): 61435233 ror     tp,t1,s4
Info   tp 29ffffff -> 1b65ea80
Info 'riscvOVPsim/cpu', 0x000000008000f854(.l_ror_1330_Start+14): 1b65fab7 lui     s5,0x1b65f
Info   s5 000063a2 -> 1b65f000
Info 'riscvOVPsim/cpu', 0x000000008000f858(.l_ror_1330_Start+18): a80a8a93 addi    s5,s5,-1408
Info   s5 1b65f000 -> 1b65ea80
Info 'riscvOVPsim/cpu', 0x000000008000f85c(.l_ror_1330_Start+1c): 01520a63 beq     tp,s5,8000f870
Info 'riscvOVPsim/cpu', 0x000000008000f870(.l_sbclr_1331_Start): 0a715737 lui     a4,0xa715
Info   a4 f9169477 -> 0a715000
Info 'riscvOVPsim/cpu', 0x000000008000f874(.l_sbclr_1331_Start+4): eea70713 addi    a4,a4,-278
Info   a4 0a715000 -> 0a714eea
Info 'riscvOVPsim/cpu', 0x000000008000f878(.l_sbclr_1331_Start+8): 39399bb7 lui     s7,0x39399
Info   s7 016bf948 -> 39399000
Info 'riscvOVPsim/cpu', 0x000000008000f87c(.l_sbclr_1331_Start+c): d4fb8b93 addi    s7,s7,-689
Info   s7 39399000 -> 39398d4f
Info 'riscvOVPsim/cpu', 0x000000008000f880(.l_sbclr_1331_Start+10): 49771233 sbclr   tp,a4,s7
Info   tp 1b65ea80 -> 0a714eea
Info 'riscvOVPsim/cpu', 0x000000008000f884(.l_sbclr_1331_Start+14): 0a715437 lui     s0,0xa715
Info   s0 f7ef37df -> 0a715000
Info 'riscvOVPsim/cpu', 0x000000008000f888(.l_sbclr_1331_Start+18): eea40413 addi    s0,s0,-278
Info   s0 0a715000 -> 0a714eea
Info 'riscvOVPsim/cpu', 0x000000008000f88c(.l_sbclr_1331_Start+1c): 00820a63 beq     tp,s0,8000f8a0
Info 'riscvOVPsim/cpu', 0x000000008000f8a0(.l_sbset_1332_Start): 42b44a37 lui     s4,0x42b44
Info   s4 3a47825d -> 42b44000
Info 'riscvOVPsim/cpu', 0x000000008000f8a4(.l_sbset_1332_Start+4): d02a0a13 addi    s4,s4,-766
Info   s4 42b44000 -> 42b43d02
Info 'riscvOVPsim/cpu', 0x000000008000f8a8(.l_sbset_1332_Start+8): 61fe5237 lui     tp,0x61fe5
Info   tp 0a714eea -> 61fe5000
Info 'riscvOVPsim/cpu', 0x000000008000f8ac(.l_sbset_1332_Start+c): 0d720213 addi    tp,tp,215
Info   tp 61fe5000 -> 61fe50d7
Info 'riscvOVPsim/cpu', 0x000000008000f8b0(.l_sbset_1332_Start+10): 284a1e33 sbset   t3,s4,tp
Info   t3 32e1ba08 -> 42b43d02
Info 'riscvOVPsim/cpu', 0x000000008000f8b4(.l_sbset_1332_Start+14): 42b44c37 lui     s8,0x42b44
Info   s8 730d14c9 -> 42b44000
Info 'riscvOVPsim/cpu', 0x000000008000f8b8(.l_sbset_1332_Start+18): d02c0c13 addi    s8,s8,-766
Info   s8 42b44000 -> 42b43d02
Info 'riscvOVPsim/cpu', 0x000000008000f8bc(.l_sbset_1332_Start+1c): 018e0a63 beq     t3,s8,8000f8d0
Info 'riscvOVPsim/cpu', 0x000000008000f8d0(.l_sbinv_1333_Start): 3e4097b7 lui     a5,0x3e409
Info   a5 0b64abd1 -> 3e409000
Info 'riscvOVPsim/cpu', 0x000000008000f8d4(.l_sbinv_1333_Start+4): 39878793 addi    a5,a5,920
Info   a5 3e409000 -> 3e409398
Info 'riscvOVPsim/cpu', 0x000000008000f8d8(.l_sbinv_1333_Start+8): 27f92537 lui     a0,0x27f92
Info   a0 2dbc55c4 -> 27f92000
Info 'riscvOVPsim/cpu', 0x000000008000f8dc(.l_sbinv_1333_Start+c): 6e350513 addi    a0,a0,1763
Info   a0 27f92000 -> 27f926e3
Info 'riscvOVPsim/cpu', 0x000000008000f8e0(.l_sbinv_1333_Start+10): 68a79933 sbinv   s2,a5,a0
Info   s2 72b9405b -> 3e409390
Info 'riscvOVPsim/cpu', 0x000000008000f8e4(.l_sbinv_1333_Start+14): 3e409cb7 lui     s9,0x3e409
Info   s9 771fa9c1 -> 3e409000
Info 'riscvOVPsim/cpu', 0x000000008000f8e8(.l_sbinv_1333_Start+18): 390c8c93 addi    s9,s9,912
Info   s9 3e409000 -> 3e409390
Info 'riscvOVPsim/cpu', 0x000000008000f8ec(.l_sbinv_1333_Start+1c): 01990a63 beq     s2,s9,8000f900
Info 'riscvOVPsim/cpu', 0x000000008000f900(.l_sbext_1334_Start): 4257ef37 lui     t5,0x4257e
Info   t5 316c89ee -> 4257e000
Info 'riscvOVPsim/cpu', 0x000000008000f904(.l_sbext_1334_Start+4): abaf0f13 addi    t5,t5,-1350
Info   t5 4257e000 -> 4257daba
Info 'riscvOVPsim/cpu', 0x000000008000f908(.l_sbext_1334_Start+8): 2c7f60b7 lui     ra,0x2c7f6
Info   ra 22892d20 -> 2c7f6000
Info 'riscvOVPsim/cpu', 0x000000008000f90c(.l_sbext_1334_Start+c): e5008093 addi    ra,ra,-432
Info   ra 2c7f6000 -> 2c7f5e50
Info 'riscvOVPsim/cpu', 0x000000008000f910(.l_sbext_1334_Start+10): 481f5033 sbext   zero,t5,ra
Info 'riscvOVPsim/cpu', 0x000000008000f914(.l_sbext_1334_Start+14): 00000d13 mv      s10,zero
Info   s10 4f7df818 -> 00000000
Info 'riscvOVPsim/cpu', 0x000000008000f918(.l_sbext_1334_Start+18): 01a00a63 beq     zero,s10,8000f92c
Info 'riscvOVPsim/cpu', 0x000000008000f92c(.l_grev_1335_Start): 5623cfb7 lui     t6,0x5623c
Info   t6 016bf948 -> 5623c000
Info 'riscvOVPsim/cpu', 0x000000008000f930(.l_grev_1335_Start+4): ec3f8f93 addi    t6,t6,-317
Info   t6 5623c000 -> 5623bec3
Info 'riscvOVPsim/cpu', 0x000000008000f934(.l_grev_1335_Start+8): 404bcb37 lui     s6,0x404bc
Info   s6 9446814b -> 404bc000
Info 'riscvOVPsim/cpu', 0x000000008000f938(.l_grev_1335_Start+c): 426b0b13 addi    s6,s6,1062
Info   s6 404bc000 -> 404bc426
Info 'riscvOVPsim/cpu', 0x000000008000f93c(.l_grev_1335_Start+10): 696fd7b3 grev    a5,t6,s6
Info   a5 3e409398 -> 95c8bec3
Info 'riscvOVPsim/cpu', 0x000000008000f940(.l_grev_1335_Start+14): 95c8cbb7 lui     s7,0x95c8c
Info   s7 39398d4f -> 95c8c000
Info 'riscvOVPsim/cpu', 0x000000008000f944(.l_grev_1335_Start+18): ec3b8b93 addi    s7,s7,-317
Info   s7 95c8c000 -> 95c8bec3
Info 'riscvOVPsim/cpu', 0x000000008000f948(.l_grev_1335_Start+1c): 01778a63 beq     a5,s7,8000f95c
Info 'riscvOVPsim/cpu', 0x000000008000f95c(.l_sloi_1336_Start): 02ac1437 lui     s0,0x2ac1
Info   s0 0a714eea -> 02ac1000
Info 'riscvOVPsim/cpu', 0x000000008000f960(.l_sloi_1336_Start+4): cd040413 addi    s0,s0,-816
Info   s0 02ac1000 -> 02ac0cd0
Info 'riscvOVPsim/cpu', 0x000000008000f964(.l_sloi_1336_Start+8): 21541093 sloi    ra,s0,21
Info   ra 2c7f5e50 -> 9a1fffff
Info 'riscvOVPsim/cpu', 0x000000008000f968(.l_sloi_1336_Start+c): 9a2003b7 lui     t2,0x9a200
Info   t2 000039f1 -> 9a200000
Info 'riscvOVPsim/cpu', 0x000000008000f96c(.l_sloi_1336_Start+10): fff38393 addi    t2,t2,-1
Info   t2 9a200000 -> 9a1fffff
Info 'riscvOVPsim/cpu', 0x000000008000f970(.l_sloi_1336_Start+14): 00708a63 beq     ra,t2,8000f984
Info 'riscvOVPsim/cpu', 0x000000008000f984(.l_sroi_1337_Start): 373c23b7 lui     t2,0x373c2
Info   t2 9a1fffff -> 373c2000
Info 'riscvOVPsim/cpu', 0x000000008000f988(.l_sroi_1337_Start+4): 12b38393 addi    t2,t2,299
Info   t2 373c2000 -> 373c212b
Info 'riscvOVPsim/cpu', 0x000000008000f98c(.l_sroi_1337_Start+8): 20c3df93 sroi    t6,t2,12
Info   t6 5623bec3 -> fff373c2
Info 'riscvOVPsim/cpu', 0x000000008000f990(.l_sroi_1337_Start+c): fff370b7 lui     ra,0xfff37
Info   ra 9a1fffff -> fff37000
Info 'riscvOVPsim/cpu', 0x000000008000f994(.l_sroi_1337_Start+10): 3c208093 addi    ra,ra,962
Info   ra fff37000 -> fff373c2
Info 'riscvOVPsim/cpu', 0x000000008000f998(.l_sroi_1337_Start+14): 001f8a63 beq     t6,ra,8000f9ac
Info 'riscvOVPsim/cpu', 0x000000008000f9ac(.l_rori_1338_Start): 0c5d7b37 lui     s6,0xc5d7
Info   s6 404bc426 -> 0c5d7000
Info 'riscvOVPsim/cpu', 0x000000008000f9b0(.l_rori_1338_Start+4): 2a5b0b13 addi    s6,s6,677
Info   s6 0c5d7000 -> 0c5d72a5
Info 'riscvOVPsim/cpu', 0x000000008000f9b4(.l_rori_1338_Start+8): 602b5393 rori    t2,s6,2
Info   t2 373c212b -> 43175ca9
Info 'riscvOVPsim/cpu', 0x000000008000f9b8(.l_rori_1338_Start+c): 43176fb7 lui     t6,0x43176
Info   t6 fff373c2 -> 43176000
Info 'riscvOVPsim/cpu', 0x000000008000f9bc(.l_rori_1338_Start+10): ca9f8f93 addi    t6,t6,-855
Info   t6 43176000 -> 43175ca9
Info 'riscvOVPsim/cpu', 0x000000008000f9c0(.l_rori_1338_Start+14): 01f38a63 beq     t2,t6,8000f9d4
Info 'riscvOVPsim/cpu', 0x000000008000f9d4(.l_sbclri_1339_Start): 23049a37 lui     s4,0x23049
Info   s4 42b43d02 -> 23049000
Info 'riscvOVPsim/cpu', 0x000000008000f9d8(.l_sbclri_1339_Start+4): 075a0a13 addi    s4,s4,117
Info   s4 23049000 -> 23049075
Info 'riscvOVPsim/cpu', 0x000000008000f9dc(.l_sbclri_1339_Start+8): 4bda1613 sbclri  a2,s4,61
Info   a2 00000000 -> 03049075
Info 'riscvOVPsim/cpu', 0x000000008000f9e0(.l_sbclri_1339_Start+c): 030490b7 lui     ra,0x3049
Info   ra fff373c2 -> 03049000
Info 'riscvOVPsim/cpu', 0x000000008000f9e4(.l_sbclri_1339_Start+10): 07508093 addi    ra,ra,117
Info   ra 03049000 -> 03049075
Info 'riscvOVPsim/cpu', 0x000000008000f9e8(.l_sbclri_1339_Start+14): 00160a63 beq     a2,ra,8000f9fc
Info 'riscvOVPsim/cpu', 0x000000008000f9fc(.l_sbseti_1340_Start): 6dec68b7 lui     a7,0x6dec6
Info   a7 000039f1 -> 6dec6000
Info 'riscvOVPsim/cpu', 0x000000008000fa00(.l_sbseti_1340_Start+4): 38188893 addi    a7,a7,897
Info   a7 6dec6000 -> 6dec6381
Info 'riscvOVPsim/cpu', 0x000000008000fa04(.l_sbseti_1340_Start+8): 28089d93 sbseti  s11,a7,0
Info   s11 021e4488 -> 6dec6381
Info 'riscvOVPsim/cpu', 0x000000008000fa08(.l_sbseti_1340_Start+c): 6dec6a37 lui     s4,0x6dec6
Info   s4 23049075 -> 6dec6000
Info 'riscvOVPsim/cpu', 0x000000008000fa0c(.l_sbseti_1340_Start+10): 381a0a13 addi    s4,s4,897
Info   s4 6dec6000 -> 6dec6381
Info 'riscvOVPsim/cpu', 0x000000008000fa10(.l_sbseti_1340_Start+14): 014d8a63 beq     s11,s4,8000fa24
Info 'riscvOVPsim/cpu', 0x000000008000fa24(.l_sbinvi_1341_Start): 773b7ab7 lui     s5,0x773b7
Info   s5 1b65ea80 -> 773b7000
Info 'riscvOVPsim/cpu', 0x000000008000fa28(.l_sbinvi_1341_Start+4): c38a8a93 addi    s5,s5,-968
Info   s5 773b7000 -> 773b6c38
Info 'riscvOVPsim/cpu', 0x000000008000fa2c(.l_sbinvi_1341_Start+8): 697a9793 sbinvi  a5,s5,23
Info   a5 95c8bec3 -> 77bb6c38
Info 'riscvOVPsim/cpu', 0x000000008000fa30(.l_sbinvi_1341_Start+c): 77bb71b7 lui     gp,0x77bb7
Info   gp 0ca2e9e0 -> 77bb7000
Info 'riscvOVPsim/cpu', 0x000000008000fa34(.l_sbinvi_1341_Start+10): c3818193 addi    gp,gp,-968
Info   gp 77bb7000 -> 77bb6c38
Info 'riscvOVPsim/cpu', 0x000000008000fa38(.l_sbinvi_1341_Start+14): 00378a63 beq     a5,gp,8000fa4c
Info 'riscvOVPsim/cpu', 0x000000008000fa4c(.l_sbexti_1342_Start): 55806a37 lui     s4,0x55806
Info   s4 6dec6381 -> 55806000
Info 'riscvOVPsim/cpu', 0x000000008000fa50(.l_sbexti_1342_Start+4): e8ca0a13 addi    s4,s4,-372
Info   s4 55806000 -> 55805e8c
Info 'riscvOVPsim/cpu', 0x000000008000fa54(.l_sbexti_1342_Start+8): 4a0a5f13 sbexti  t5,s4,32
Info   t5 4257daba -> 00000000
Info 'riscvOVPsim/cpu', 0x000000008000fa58(.l_sbexti_1342_Start+c): 00000193 mv      gp,zero
Info   gp 77bb6c38 -> 00000000
Info 'riscvOVPsim/cpu', 0x000000008000fa5c(.l_sbexti_1342_Start+10): 003f0a63 beq     t5,gp,8000fa70
Info 'riscvOVPsim/cpu', 0x000000008000fa70(.l_grevi_1343_Start): 48596937 lui     s2,0x48596
Info   s2 3e409390 -> 48596000
Info 'riscvOVPsim/cpu', 0x000000008000fa74(.l_grevi_1343_Start+4): 2e690913 addi    s2,s2,742
Info   s2 48596000 -> 485962e6
Info 'riscvOVPsim/cpu', 0x000000008000fa78(.l_grevi_1343_Start+8): 6b495813 grevi   a6,s2,52
Info   a6 5a11d8e8 -> 266e8495
Info 'riscvOVPsim/cpu', 0x000000008000fa7c(.l_grevi_1343_Start+c): 266e8ab7 lui     s5,0x266e8
Info   s5 773b6c38 -> 266e8000
Info 'riscvOVPsim/cpu', 0x000000008000fa80(.l_grevi_1343_Start+10): 495a8a93 addi    s5,s5,1173
Info   s5 266e8000 -> 266e8495
Info 'riscvOVPsim/cpu', 0x000000008000fa84(.l_grevi_1343_Start+14): 01580a63 beq     a6,s5,8000fa98
Info 'riscvOVPsim/cpu', 0x000000008000fa98(.l_cmix_1344_Start): 0fe2f237 lui     tp,0xfe2f
Info   tp 61fe50d7 -> 0fe2f000
Info 'riscvOVPsim/cpu', 0x000000008000fa9c(.l_cmix_1344_Start+4): 26220213 addi    tp,tp,610
Info   tp 0fe2f000 -> 0fe2f262
Info 'riscvOVPsim/cpu', 0x000000008000faa0(.l_cmix_1344_Start+8): 7ba66e37 lui     t3,0x7ba66
Info   t3 42b43d02 -> 7ba66000
Info 'riscvOVPsim/cpu', 0x000000008000faa4(.l_cmix_1344_Start+c): 64ee0e13 addi    t3,t3,1614
Info   t3 7ba66000 -> 7ba6664e
Info 'riscvOVPsim/cpu', 0x000000008000faa8(.l_cmix_1344_Start+10): 560b3137 lui     sp,0x560b3
Info   sp 25bb3ba1 -> 560b3000
Info 'riscvOVPsim/cpu', 0x000000008000faac(.l_cmix_1344_Start+14): 41110113 addi    sp,sp,1041
Info   sp 560b3000 -> 560b3411
Info 'riscvOVPsim/cpu', 0x000000008000fab0(.l_cmix_1344_Start+18): 17c21fb3 cmix    t6,tp,t3,sp
Info   t6 43175ca9 -> 0fab7253
Info 'riscvOVPsim/cpu', 0x000000008000fab4(.l_cmix_1344_Start+1c): 0fab76b7 lui     a3,0xfab7
Info   a3 f9169477 -> 0fab7000
Info 'riscvOVPsim/cpu', 0x000000008000fab8(.l_cmix_1344_Start+20): 25368693 addi    a3,a3,595
Info   a3 0fab7000 -> 0fab7253
Info 'riscvOVPsim/cpu', 0x000000008000fabc(.l_cmix_1344_Start+24): 00df8a63 beq     t6,a3,8000fad0
Info 'riscvOVPsim/cpu', 0x000000008000fad0(.l_cmov_1345_Start): 68342f37 lui     t5,0x68342
Info   t5 00000000 -> 68342000
Info 'riscvOVPsim/cpu', 0x000000008000fad4(.l_cmov_1345_Start+4): b86f0f13 addi    t5,t5,-1146
Info   t5 68342000 -> 68341b86
Info 'riscvOVPsim/cpu', 0x000000008000fad8(.l_cmov_1345_Start+8): 3845c337 lui     t1,0x3845c
Info   t1 036cbd50 -> 3845c000
Info 'riscvOVPsim/cpu', 0x000000008000fadc(.l_cmov_1345_Start+c): 69130313 addi    t1,t1,1681
Info   t1 3845c000 -> 3845c691
Info 'riscvOVPsim/cpu', 0x000000008000fae0(.l_cmov_1345_Start+10): 715a0db7 lui     s11,0x715a0
Info   s11 6dec6381 -> 715a0000
Info 'riscvOVPsim/cpu', 0x000000008000fae4(.l_cmov_1345_Start+14): fd0d8d93 addi    s11,s11,-48
Info   s11 715a0000 -> 7159ffd0
Info 'riscvOVPsim/cpu', 0x000000008000fae8(.l_cmov_1345_Start+18): de6f5fb3 cmov    t6,t5,t1,s11
Info   t6 0fab7253 -> 68341b86
Info 'riscvOVPsim/cpu', 0x000000008000faec(.l_cmov_1345_Start+1c): 683426b7 lui     a3,0x68342
Info   a3 0fab7253 -> 68342000
Info 'riscvOVPsim/cpu', 0x000000008000faf0(.l_cmov_1345_Start+20): b8668693 addi    a3,a3,-1146
Info   a3 68342000 -> 68341b86
Info 'riscvOVPsim/cpu', 0x000000008000faf4(.l_cmov_1345_Start+24): 00df8a63 beq     t6,a3,8000fb08
Info 'riscvOVPsim/cpu', 0x000000008000fb08(.l_fsl_1346_Start): 073ca337 lui     t1,0x73ca
Info   t1 3845c691 -> 073ca000
Info 'riscvOVPsim/cpu', 0x000000008000fb0c(.l_fsl_1346_Start+4): 8a530313 addi    t1,t1,-1883
Info   t1 073ca000 -> 073c98a5
Info 'riscvOVPsim/cpu', 0x000000008000fb10(.l_fsl_1346_Start+8): 6bb253b7 lui     t2,0x6bb25
Info   t2 43175ca9 -> 6bb25000
Info 'riscvOVPsim/cpu', 0x000000008000fb14(.l_fsl_1346_Start+c): 91e38393 addi    t2,t2,-1762
Info   t2 6bb25000 -> 6bb2491e
Info 'riscvOVPsim/cpu', 0x000000008000fb18(.l_fsl_1346_Start+10): 686824b7 lui     s1,0x68682
Info   s1 649ae525 -> 68682000
Info 'riscvOVPsim/cpu', 0x000000008000fb1c(.l_fsl_1346_Start+14): 39f48493 addi    s1,s1,927
Info   s1 68682000 -> 6868239f
Info 'riscvOVPsim/cpu', 0x000000008000fb20(.l_fsl_1346_Start+18): 4c731b33 fsl     s6,t1,t2,s1
Info   s6 0c5d72a5 -> 5a1a08e7
Info 'riscvOVPsim/cpu', 0x000000008000fb24(.l_fsl_1346_Start+1c): 5a1a1eb7 lui     t4,0x5a1a1
Info   t4 00000000 -> 5a1a1000
Info 'riscvOVPsim/cpu', 0x000000008000fb28(.l_fsl_1346_Start+20): 8e7e8e93 addi    t4,t4,-1817
Info   t4 5a1a1000 -> 5a1a08e7
Info 'riscvOVPsim/cpu', 0x000000008000fb2c(.l_fsl_1346_Start+24): 01db0a63 beq     s6,t4,8000fb40
Info 'riscvOVPsim/cpu', 0x000000008000fb40(.l_fsr_1347_Start): 2c203537 lui     a0,0x2c203
Info   a0 27f926e3 -> 2c203000
Info 'riscvOVPsim/cpu', 0x000000008000fb44(.l_fsr_1347_Start+4): 08c50513 addi    a0,a0,140
Info   a0 2c203000 -> 2c20308c
Info 'riscvOVPsim/cpu', 0x000000008000fb48(.l_fsr_1347_Start+8): 37bb37b7 lui     a5,0x37bb3
Info   a5 77bb6c38 -> 37bb3000
Info 'riscvOVPsim/cpu', 0x000000008000fb4c(.l_fsr_1347_Start+c): ff178793 addi    a5,a5,-15
Info   a5 37bb3000 -> 37bb2ff1
Info 'riscvOVPsim/cpu', 0x000000008000fb50(.l_fsr_1347_Start+10): 120c65b7 lui     a1,0x120c6
Info   a1 51ec40c6 -> 120c6000
Info 'riscvOVPsim/cpu', 0x000000008000fb54(.l_fsr_1347_Start+14): b3e58593 addi    a1,a1,-1218
Info   a1 120c6000 -> 120c5b3e
Info 'riscvOVPsim/cpu', 0x000000008000fb58(.l_fsr_1347_Start+18): 5cf55c33 fsr     s8,a0,a5,a1
Info   s8 42b43d02 -> 18460906
Info 'riscvOVPsim/cpu', 0x000000008000fb5c(.l_fsr_1347_Start+1c): 184616b7 lui     a3,0x18461
Info   a3 68341b86 -> 18461000
Info 'riscvOVPsim/cpu', 0x000000008000fb60(.l_fsr_1347_Start+20): 90668693 addi    a3,a3,-1786
Info   a3 18461000 -> 18460906
Info 'riscvOVPsim/cpu', 0x000000008000fb64(.l_fsr_1347_Start+24): 00dc0a63 beq     s8,a3,8000fb78
Info 'riscvOVPsim/cpu', 0x000000008000fb78(.l_fsri_1348_Start): 6af82737 lui     a4,0x6af82
Info   a4 0a714eea -> 6af82000
Info 'riscvOVPsim/cpu', 0x000000008000fb7c(.l_fsri_1348_Start+4): dee70713 addi    a4,a4,-530
Info   a4 6af82000 -> 6af81dee
Info 'riscvOVPsim/cpu', 0x000000008000fb80(.l_fsri_1348_Start+8): 00000013 nop
Info 'riscvOVPsim/cpu', 0x000000008000fb84(.l_fsri_1348_Start+c): 4d75813 fsri    a6,a4,zero,13
Info   a6 266e8495 -> 000357c0
Info 'riscvOVPsim/cpu', 0x000000008000fb88(.l_fsri_1348_Start+10): 00035537 lui     a0,0x35
Info   a0 2c20308c -> 00035000
Info 'riscvOVPsim/cpu', 0x000000008000fb8c(.l_fsri_1348_Start+14): 7c050513 addi    a0,a0,1984
Info   a0 00035000 -> 000357c0
Info 'riscvOVPsim/cpu', 0x000000008000fb90(.l_fsri_1348_Start+18): 00a80a63 beq     a6,a0,8000fba4
Info 'riscvOVPsim/cpu', 0x000000008000fba4(.l_clz_1349_Start): 6c4a07b7 lui     a5,0x6c4a0
Info   a5 37bb2ff1 -> 6c4a0000
Info 'riscvOVPsim/cpu', 0x000000008000fba8(.l_clz_1349_Start+4): 44578793 addi    a5,a5,1093
Info   a5 6c4a0000 -> 6c4a0445
Info 'riscvOVPsim/cpu', 0x000000008000fbac(.l_clz_1349_Start+8): 60079f93 clz     t6,a5
Info   t6 68341b86 -> 00000001
Info 'riscvOVPsim/cpu', 0x000000008000fbb0(.l_clz_1349_Start+c): 00100d13 addi    s10,zero,1
Info   s10 00000000 -> 00000001
Info 'riscvOVPsim/cpu', 0x000000008000fbb4(.l_clz_1349_Start+10): 01af8a63 beq     t6,s10,8000fbc8
Info 'riscvOVPsim/cpu', 0x000000008000fbc8(.l_ctz_1350_Start): 0621ddb7 lui     s11,0x621d
Info   s11 7159ffd0 -> 0621d000
Info 'riscvOVPsim/cpu', 0x000000008000fbcc(.l_ctz_1350_Start+4): 37bd8d93 addi    s11,s11,891
Info   s11 0621d000 -> 0621d37b
Info 'riscvOVPsim/cpu', 0x000000008000fbd0(.l_ctz_1350_Start+8): 601d9513 ctz     a0,s11
Info   a0 000357c0 -> 00000000
Info 'riscvOVPsim/cpu', 0x000000008000fbd4(.l_ctz_1350_Start+c): 00000193 mv      gp,zero
Info 'riscvOVPsim/cpu', 0x000000008000fbd8(.l_ctz_1350_Start+10): 00350a63 beq     a0,gp,8000fbec
Info 'riscvOVPsim/cpu', 0x000000008000fbec(.l_pcnt_1351_Start): 3de5c137 lui     sp,0x3de5c
Info   sp 560b3411 -> 3de5c000
Info 'riscvOVPsim/cpu', 0x000000008000fbf0(.l_pcnt_1351_Start+4): b5310113 addi    sp,sp,-1197
Info   sp 3de5c000 -> 3de5bb53
Info 'riscvOVPsim/cpu', 0x000000008000fbf4(.l_pcnt_1351_Start+8): 60211593 pcnt    a1,sp
Info   a1 120c5b3e -> 00000014
Info 'riscvOVPsim/cpu', 0x000000008000fbf8(.l_pcnt_1351_Start+c): 01400b93 addi    s7,zero,20
Info   s7 95c8bec3 -> 00000014
Info 'riscvOVPsim/cpu', 0x000000008000fbfc(.l_pcnt_1351_Start+10): 01758a63 beq     a1,s7,8000fc10
Info 'riscvOVPsim/cpu', 0x000000008000fc10(.l_crc32_b_1352_Start): 00000013 nop
Info 'riscvOVPsim/cpu', 0x000000008000fc14(.l_crc32_b_1352_Start+4): 61001593 crc32.b a1,zero
Info   a1 00000014 -> 00000000
Info 'riscvOVPsim/cpu', 0x000000008000fc18(.l_crc32_b_1352_Start+8): 00000413 mv      s0,zero
Info   s0 02ac0cd0 -> 00000000
Info 'riscvOVPsim/cpu', 0x000000008000fc1c(.l_crc32_b_1352_Start+c): 00858a63 beq     a1,s0,8000fc30
Info 'riscvOVPsim/cpu', 0x000000008000fc30(.l_crc32_h_1353_Start): 66de6fb7 lui     t6,0x66de6
Info   t6 00000001 -> 66de6000
Info 'riscvOVPsim/cpu', 0x000000008000fc34(.l_crc32_h_1353_Start+4): 754f8f93 addi    t6,t6,1876
Info   t6 66de6000 -> 66de6754
Info 'riscvOVPsim/cpu', 0x000000008000fc38(.l_crc32_h_1353_Start+8): 611f9493 crc32.h s1,t6
Info   s1 6868239f -> 0d010a75
Info 'riscvOVPsim/cpu', 0x000000008000fc3c(.l_crc32_h_1353_Start+c): 0d011637 lui     a2,0xd011
Info   a2 03049075 -> 0d011000
Info 'riscvOVPsim/cpu', 0x000000008000fc40(.l_crc32_h_1353_Start+10): a7560613 addi    a2,a2,-1419
Info   a2 0d011000 -> 0d010a75
Info 'riscvOVPsim/cpu', 0x000000008000fc44(.l_crc32_h_1353_Start+14): 00c48a63 beq     s1,a2,8000fc58
Info 'riscvOVPsim/cpu', 0x000000008000fc58(.l_crc32_w_1354_Start): 4783fe37 lui     t3,0x4783f
Info   t3 7ba6664e -> 4783f000
Info 'riscvOVPsim/cpu', 0x000000008000fc5c(.l_crc32_w_1354_Start+4): fbbe0e13 addi    t3,t3,-69
Info   t3 4783f000 -> 4783efbb
Info 'riscvOVPsim/cpu', 0x000000008000fc60(.l_crc32_w_1354_Start+8): 612e1713 crc32.w a4,t3
Info   a4 6af81dee -> 90db41bd
Info 'riscvOVPsim/cpu', 0x000000008000fc64(.l_crc32_w_1354_Start+c): 90db49b7 lui     s3,0x90db4
Info   s3 22d28ef9 -> 90db4000
Info 'riscvOVPsim/cpu', 0x000000008000fc68(.l_crc32_w_1354_Start+10): 1bd98993 addi    s3,s3,445
Info   s3 90db4000 -> 90db41bd
Info 'riscvOVPsim/cpu', 0x000000008000fc6c(.l_crc32_w_1354_Start+14): 01370a63 beq     a4,s3,8000fc80
Info 'riscvOVPsim/cpu', 0x000000008000fc80(.l_crc32c_b_1355_Start): 47005837 lui     a6,0x47005
Info   a6 000357c0 -> 47005000
Info 'riscvOVPsim/cpu', 0x000000008000fc84(.l_crc32c_b_1355_Start+4): a9b80813 addi    a6,a6,-1381
Info   a6 47005000 -> 47004a9b
Info 'riscvOVPsim/cpu', 0x000000008000fc88(.l_crc32c_b_1355_Start+8): 61881693 crc32c.b a3,a6
Info   a3 18460906 -> 0b665766
Info 'riscvOVPsim/cpu', 0x000000008000fc8c(.l_crc32c_b_1355_Start+c): 0b665db7 lui     s11,0xb665
Info   s11 0621d37b -> 0b665000
Info 'riscvOVPsim/cpu', 0x000000008000fc90(.l_crc32c_b_1355_Start+10): 766d8d93 addi    s11,s11,1894
Info   s11 0b665000 -> 0b665766
Info 'riscvOVPsim/cpu', 0x000000008000fc94(.l_crc32c_b_1355_Start+14): 01b68a63 beq     a3,s11,8000fca8
Info 'riscvOVPsim/cpu', 0x000000008000fca8(.l_crc32c_h_1356_Start): 21361cb7 lui     s9,0x21361
Info   s9 3e409390 -> 21361000
Info 'riscvOVPsim/cpu', 0x000000008000fcac(.l_crc32c_h_1356_Start+4): 8ffc8c93 addi    s9,s9,-1793
Info   s9 21361000 -> 213608ff
Info 'riscvOVPsim/cpu', 0x000000008000fcb0(.l_crc32c_h_1356_Start+8): 619c9813 crc32c.h a6,s9
Info   a6 47004a9b -> 293a5d7a
Info 'riscvOVPsim/cpu', 0x000000008000fcb4(.l_crc32c_h_1356_Start+c): 293a6fb7 lui     t6,0x293a6
Info   t6 66de6754 -> 293a6000
Info 'riscvOVPsim/cpu', 0x000000008000fcb8(.l_crc32c_h_1356_Start+10): d7af8f93 addi    t6,t6,-646
Info   t6 293a6000 -> 293a5d7a
Info 'riscvOVPsim/cpu', 0x000000008000fcbc(.l_crc32c_h_1356_Start+14): 01f80a63 beq     a6,t6,8000fcd0
Info 'riscvOVPsim/cpu', 0x000000008000fcd0(.l_crc32c_w_1357_Start): 09b76db7 lui     s11,0x9b76
Info   s11 0b665766 -> 09b76000
Info 'riscvOVPsim/cpu', 0x000000008000fcd4(.l_crc32c_w_1357_Start+4): 51dd8d93 addi    s11,s11,1309
Info   s11 09b76000 -> 09b7651d
Info 'riscvOVPsim/cpu', 0x000000008000fcd8(.l_crc32c_w_1357_Start+8): 61ad9c13 crc32c.w s8,s11
Info   s8 18460906 -> 1dabfeca
Info 'riscvOVPsim/cpu', 0x000000008000fcdc(.l_crc32c_w_1357_Start+c): 1dac0a37 lui     s4,0x1dac0
Info   s4 55805e8c -> 1dac0000
Info 'riscvOVPsim/cpu', 0x000000008000fce0(.l_crc32c_w_1357_Start+10): ecaa0a13 addi    s4,s4,-310
Info   s4 1dac0000 -> 1dabfeca
Info 'riscvOVPsim/cpu', 0x000000008000fce4(.l_crc32c_w_1357_Start+14): 014c0a63 beq     s8,s4,8000fcf8
Info 'riscvOVPsim/cpu', 0x000000008000fcf8(.l_clmul_1358_Start): 03e833b7 lui     t2,0x3e83
Info   t2 6bb2491e -> 03e83000
Info 'riscvOVPsim/cpu', 0x000000008000fcfc(.l_clmul_1358_Start+4): 38b38393 addi    t2,t2,907
Info   t2 03e83000 -> 03e8338b
Info 'riscvOVPsim/cpu', 0x000000008000fd00(.l_clmul_1358_Start+8): 6b45b4b7 lui     s1,0x6b45b
Info   s1 0d010a75 -> 6b45b000
Info 'riscvOVPsim/cpu', 0x000000008000fd04(.l_clmul_1358_Start+c): f4248493 addi    s1,s1,-190
Info   s1 6b45b000 -> 6b45af42
Info 'riscvOVPsim/cpu', 0x000000008000fd08(.l_clmul_1358_Start+10): a9392b3 clmul   t0,t2,s1
Info   t0 16c89ee3 -> 41098cd6
Info 'riscvOVPsim/cpu', 0x000000008000fd0c(.l_clmul_1358_Start+14): 41099837 lui     a6,0x41099
Info   a6 293a5d7a -> 41099000
Info 'riscvOVPsim/cpu', 0x000000008000fd10(.l_clmul_1358_Start+18): cd680813 addi    a6,a6,-810
Info   a6 41099000 -> 41098cd6
Info 'riscvOVPsim/cpu', 0x000000008000fd14(.l_clmul_1358_Start+1c): 01028a63 beq     t0,a6,8000fd28
Info 'riscvOVPsim/cpu', 0x000000008000fd28(.l_clmulr_1359_Start): 638d7bb7 lui     s7,0x638d7
Info   s7 00000014 -> 638d7000
Info 'riscvOVPsim/cpu', 0x000000008000fd2c(.l_clmulr_1359_Start+4): 9c0b8b93 addi    s7,s7,-1600
Info   s7 638d7000 -> 638d69c0
Info 'riscvOVPsim/cpu', 0x000000008000fd30(.l_clmulr_1359_Start+8): 33de2137 lui     sp,0x33de2
Info   sp 3de5bb53 -> 33de2000
Info 'riscvOVPsim/cpu', 0x000000008000fd34(.l_clmulr_1359_Start+c): 26110113 addi    sp,sp,609
Info   sp 33de2000 -> 33de2261
Info 'riscvOVPsim/cpu', 0x000000008000fd38(.l_clmulr_1359_Start+10): a9392b3 clmul   t0,t2,s1
Info   t0 41098cd6 -> 15815180
Info 'riscvOVPsim/cpu', 0x000000008000fd3c(.l_clmulr_1359_Start+14): 15815e37 lui     t3,0x15815
Info   t3 4783efbb -> 15815000
Info 'riscvOVPsim/cpu', 0x000000008000fd40(.l_clmulr_1359_Start+18): 180e0e13 addi    t3,t3,384
Info   t3 15815000 -> 15815180
Info 'riscvOVPsim/cpu', 0x000000008000fd44(.l_clmulr_1359_Start+1c): 01c28a63 beq     t0,t3,8000fd58
Info 'riscvOVPsim/cpu', 0x000000008000fd58(.l_clmulh_1360_Start): 7f4bba37 lui     s4,0x7f4bb
Info   s4 1dabfeca -> 7f4bb000
Info 'riscvOVPsim/cpu', 0x000000008000fd5c(.l_clmulh_1360_Start+4): 947a0a13 addi    s4,s4,-1721
Info   s4 7f4bb000 -> 7f4ba947
Info 'riscvOVPsim/cpu', 0x000000008000fd60(.l_clmulh_1360_Start+8): 16c5d837 lui     a6,0x16c5d
Info   a6 41098cd6 -> 16c5d000
Info 'riscvOVPsim/cpu', 0x000000008000fd64(.l_clmulh_1360_Start+c): 14b80813 addi    a6,a6,331
Info   a6 16c5d000 -> 16c5d14b
Info 'riscvOVPsim/cpu', 0x000000008000fd68(.l_clmulh_1360_Start+10): b0a37b3 clmulh  a5,s4,a6
Info   a5 6c4a0445 -> 06d6d1d8
Info 'riscvOVPsim/cpu', 0x000000008000fd6c(.l_clmulh_1360_Start+14): 06d6d4b7 lui     s1,0x6d6d
Info   s1 6b45af42 -> 06d6d000
Info 'riscvOVPsim/cpu', 0x000000008000fd70(.l_clmulh_1360_Start+18): 1d848493 addi    s1,s1,472
Info   s1 06d6d000 -> 06d6d1d8
Info 'riscvOVPsim/cpu', 0x000000008000fd74(.l_clmulh_1360_Start+1c): 00978a63 beq     a5,s1,8000fd88
Info 'riscvOVPsim/cpu', 0x000000008000fd88(.l_min_1361_Start): 7c75cbb7 lui     s7,0x7c75c
Info   s7 638d69c0 -> 7c75c000
Info 'riscvOVPsim/cpu', 0x000000008000fd8c(.l_min_1361_Start+4): 7c8b8b93 addi    s7,s7,1992
Info   s7 7c75c000 -> 7c75c7c8
Info 'riscvOVPsim/cpu', 0x000000008000fd90(.l_min_1361_Start+8): 4dfd0b37 lui     s6,0x4dfd0
Info   s6 5a1a08e7 -> 4dfd0000
Info 'riscvOVPsim/cpu', 0x000000008000fd94(.l_min_1361_Start+c): 7cfb0b13 addi    s6,s6,1999
Info   s6 4dfd0000 -> 4dfd07cf
Info 'riscvOVPsim/cpu', 0x000000008000fd98(.l_min_1361_Start+10): b6bcc33 min     s8,s7,s6
Info   s8 1dabfeca -> 4dfd07cf
Info 'riscvOVPsim/cpu', 0x000000008000fd9c(.l_min_1361_Start+14): 4dfd0637 lui     a2,0x4dfd0
Info   a2 0d010a75 -> 4dfd0000
Info 'riscvOVPsim/cpu', 0x000000008000fda0(.l_min_1361_Start+18): 7cf60613 addi    a2,a2,1999
Info   a2 4dfd0000 -> 4dfd07cf
Info 'riscvOVPsim/cpu', 0x000000008000fda4(.l_min_1361_Start+1c): 00cc0a63 beq     s8,a2,8000fdb8
Info 'riscvOVPsim/cpu', 0x000000008000fdb8(.l_max_1362_Start): 6bda93b7 lui     t2,0x6bda9
Info   t2 03e8338b -> 6bda9000
Info 'riscvOVPsim/cpu', 0x000000008000fdbc(.l_max_1362_Start+4): ed238393 addi    t2,t2,-302
Info   t2 6bda9000 -> 6bda8ed2
Info 'riscvOVPsim/cpu', 0x000000008000fdc0(.l_max_1362_Start+8): 6bda93b7 lui     t2,0x6bda9
Info   t2 6bda8ed2 -> 6bda9000
Info 'riscvOVPsim/cpu', 0x000000008000fdc4(.l_max_1362_Start+c): ed238393 addi    t2,t2,-302
Info   t2 6bda9000 -> 6bda8ed2
Info 'riscvOVPsim/cpu', 0x000000008000fdc8(.l_max_1362_Start+10): a73dfb3 max     t6,t2,t2
Info   t6 293a5d7a -> 6bda8ed2
Info 'riscvOVPsim/cpu', 0x000000008000fdcc(.l_max_1362_Start+14): 6bda96b7 lui     a3,0x6bda9
Info   a3 0b665766 -> 6bda9000
Info 'riscvOVPsim/cpu', 0x000000008000fdd0(.l_max_1362_Start+18): ed268693 addi    a3,a3,-302
Info   a3 6bda9000 -> 6bda8ed2
Info 'riscvOVPsim/cpu', 0x000000008000fdd4(.l_max_1362_Start+1c): 00df8a63 beq     t6,a3,8000fde8
Info 'riscvOVPsim/cpu', 0x000000008000fde8(.l_minu_1363_Start): 0ac50cb7 lui     s9,0xac50
Info   s9 213608ff -> 0ac50000
Info 'riscvOVPsim/cpu', 0x000000008000fdec(.l_minu_1363_Start+4): eccc8c93 addi    s9,s9,-308
Info   s9 0ac50000 -> 0ac4fecc
Info 'riscvOVPsim/cpu', 0x000000008000fdf0(.l_minu_1363_Start+8): 573f8737 lui     a4,0x573f8
Info   a4 90db41bd -> 573f8000
Info 'riscvOVPsim/cpu', 0x000000008000fdf4(.l_minu_1363_Start+c): 63a70713 addi    a4,a4,1594
Info   a4 573f8000 -> 573f863a
Info 'riscvOVPsim/cpu', 0x000000008000fdf8(.l_minu_1363_Start+10): aece033 minu    zero,s9,a4
Info 'riscvOVPsim/cpu', 0x000000008000fdfc(.l_minu_1363_Start+14): 00000393 mv      t2,zero
Info   t2 6bda8ed2 -> 00000000
Info 'riscvOVPsim/cpu', 0x000000008000fe00(.l_minu_1363_Start+18): 00700a63 beq     zero,t2,8000fe14
Info 'riscvOVPsim/cpu', 0x000000008000fe14(.l_maxu_1364_Start): 0c5d98b7 lui     a7,0xc5d9
Info   a7 6dec6381 -> 0c5d9000
Info 'riscvOVPsim/cpu', 0x000000008000fe18(.l_maxu_1364_Start+4): a8f88893 addi    a7,a7,-1393
Info   a7 0c5d9000 -> 0c5d8a8f
Info 'riscvOVPsim/cpu', 0x000000008000fe1c(.l_maxu_1364_Start+8): 0c5d98b7 lui     a7,0xc5d9
Info   a7 0c5d8a8f -> 0c5d9000
Info 'riscvOVPsim/cpu', 0x000000008000fe20(.l_maxu_1364_Start+c): a8f88893 addi    a7,a7,-1393
Info   a7 0c5d9000 -> 0c5d8a8f
Info 'riscvOVPsim/cpu', 0x000000008000fe24(.l_maxu_1364_Start+10): b18f1b3 maxu    gp,a7,a7
Info   gp 00000000 -> 0c5d8a8f
Info 'riscvOVPsim/cpu', 0x000000008000fe28(.l_maxu_1364_Start+14): 0c5d9a37 lui     s4,0xc5d9
Info   s4 7f4ba947 -> 0c5d9000
Info 'riscvOVPsim/cpu', 0x000000008000fe2c(.l_maxu_1364_Start+18): a8fa0a13 addi    s4,s4,-1393
Info   s4 0c5d9000 -> 0c5d8a8f
Info 'riscvOVPsim/cpu', 0x000000008000fe30(.l_maxu_1364_Start+1c): 01418a63 beq     gp,s4,8000fe44
Info 'riscvOVPsim/cpu', 0x000000008000fe44(.l_shfl_1365_Start): 70621f37 lui     t5,0x70621
Info   t5 68341b86 -> 70621000
Info 'riscvOVPsim/cpu', 0x000000008000fe48(.l_shfl_1365_Start+4): 129f0f13 addi    t5,t5,297
Info   t5 70621000 -> 70621129
Info 'riscvOVPsim/cpu', 0x000000008000fe4c(.l_shfl_1365_Start+8): 42661337 lui     t1,0x42661
Info   t1 073c98a5 -> 42661000
Info 'riscvOVPsim/cpu', 0x000000008000fe50(.l_shfl_1365_Start+c): 46d30313 addi    t1,t1,1133
Info   t1 42661000 -> 4266146d
Info 'riscvOVPsim/cpu', 0x000000008000fe54(.l_shfl_1365_Start+10): 86f13b3 shfl    t2,t5,t1
Info   t2 00000000 -> 71016449
Info 'riscvOVPsim/cpu', 0x000000008000fe58(.l_shfl_1365_Start+14): 71016cb7 lui     s9,0x71016
Info   s9 0ac4fecc -> 71016000
Info 'riscvOVPsim/cpu', 0x000000008000fe5c(.l_shfl_1365_Start+18): 449c8c93 addi    s9,s9,1097
Info   s9 71016000 -> 71016449
Info 'riscvOVPsim/cpu', 0x000000008000fe60(.l_shfl_1365_Start+1c): 01938a63 beq     t2,s9,8000fe74
Info 'riscvOVPsim/cpu', 0x000000008000fe74(.l_unshfl_1366_Start): 06ea8137 lui     sp,0x6ea8
Info   sp 33de2261 -> 06ea8000
Info 'riscvOVPsim/cpu', 0x000000008000fe78(.l_unshfl_1366_Start+4): 33610113 addi    sp,sp,822
Info   sp 06ea8000 -> 06ea8336
Info 'riscvOVPsim/cpu', 0x000000008000fe7c(.l_unshfl_1366_Start+8): 0513c237 lui     tp,0x513c
Info   tp 0fe2f262 -> 0513c000
Info 'riscvOVPsim/cpu', 0x000000008000fe80(.l_unshfl_1366_Start+c): 8ec20213 addi    tp,tp,-1812
Info   tp 0513c000 -> 0513b8ec
Info 'riscvOVPsim/cpu', 0x000000008000fe84(.l_unshfl_1366_Start+10): 8415133 unshfl  sp,sp,tp
Info   sp 06ea8336 -> 0e836a36
Info 'riscvOVPsim/cpu', 0x000000008000fe88(.l_unshfl_1366_Start+14): 0e837837 lui     a6,0xe837
Info   a6 16c5d14b -> 0e837000
Info 'riscvOVPsim/cpu', 0x000000008000fe8c(.l_unshfl_1366_Start+18): a3680813 addi    a6,a6,-1482
Info   a6 0e837000 -> 0e836a36
Info 'riscvOVPsim/cpu', 0x000000008000fe90(.l_unshfl_1366_Start+1c): 01010a63 beq     sp,a6,8000fea4
Info 'riscvOVPsim/cpu', 0x000000008000fea4(.l_bdep_1367_Start): 0e9a2ab7 lui     s5,0xe9a2
Info   s5 266e8495 -> 0e9a2000
Info 'riscvOVPsim/cpu', 0x000000008000fea8(.l_bdep_1367_Start+4): 886a8a93 addi    s5,s5,-1914
Info   s5 0e9a2000 -> 0e9a1886
Info 'riscvOVPsim/cpu', 0x000000008000feac(.l_bdep_1367_Start+8): 7cf859b7 lui     s3,0x7cf85
Info   s3 90db41bd -> 7cf85000
Info 'riscvOVPsim/cpu', 0x000000008000feb0(.l_bdep_1367_Start+c): ed598993 addi    s3,s3,-299
Info   s3 7cf85000 -> 7cf84ed5
Info 'riscvOVPsim/cpu', 0x000000008000feb4(.l_bdep_1367_Start+10): 93aa433 bdep    s0,s5,s3
Info   s0 00000000 -> 20600814
Info 'riscvOVPsim/cpu', 0x000000008000feb8(.l_bdep_1367_Start+14): 20601737 lui     a4,0x20601
Info   a4 573f863a -> 20601000
Info 'riscvOVPsim/cpu', 0x000000008000febc(.l_bdep_1367_Start+18): 81470713 addi    a4,a4,-2028
Info   a4 20601000 -> 20600814
Info 'riscvOVPsim/cpu', 0x000000008000fec0(.l_bdep_1367_Start+1c): 00e40a63 beq     s0,a4,8000fed4
Info 'riscvOVPsim/cpu', 0x000000008000fed4(.l_bext_1368_Start): 03cebfb7 lui     t6,0x3ceb
Info   t6 6bda8ed2 -> 03ceb000
Info 'riscvOVPsim/cpu', 0x000000008000fed8(.l_bext_1368_Start+4): 58bf8f93 addi    t6,t6,1419
Info   t6 03ceb000 -> 03ceb58b
Info 'riscvOVPsim/cpu', 0x000000008000fedc(.l_bext_1368_Start+8): 278f21b7 lui     gp,0x278f2
Info   gp 0c5d8a8f -> 278f2000
Info 'riscvOVPsim/cpu', 0x000000008000fee0(.l_bext_1368_Start+c): 7bd18193 addi    gp,gp,1981
Info   gp 278f2000 -> 278f27bd
Info 'riscvOVPsim/cpu', 0x000000008000fee4(.l_bext_1368_Start+10): 83fe833 bext    a6,t6,gp
Info   a6 0e836a36 -> 0001fb65
Info 'riscvOVPsim/cpu', 0x000000008000fee8(.l_bext_1368_Start+14): 00020937 lui     s2,0x20
Info   s2 485962e6 -> 00020000
Info 'riscvOVPsim/cpu', 0x000000008000feec(.l_bext_1368_Start+18): b6590913 addi    s2,s2,-1179
Info   s2 00020000 -> 0001fb65
Info 'riscvOVPsim/cpu', 0x000000008000fef0(.l_bext_1368_Start+1c): 01280a63 beq     a6,s2,8000ff04
Info 'riscvOVPsim/cpu', 0x000000008000ff04(.l_pack_1369_Start): 792c6eb7 lui     t4,0x792c6
Info   t4 5a1a08e7 -> 792c6000
Info 'riscvOVPsim/cpu', 0x000000008000ff08(.l_pack_1369_Start+4): acce8e93 addi    t4,t4,-1332
Info   t4 792c6000 -> 792c5acc
Info 'riscvOVPsim/cpu', 0x000000008000ff0c(.l_pack_1369_Start+8): 355ef737 lui     a4,0x355ef
Info   a4 20600814 -> 355ef000
Info 'riscvOVPsim/cpu', 0x000000008000ff10(.l_pack_1369_Start+c): 22070713 addi    a4,a4,544
Info   a4 355ef000 -> 355ef220
Info 'riscvOVPsim/cpu', 0x000000008000ff14(.l_pack_1369_Start+10): 08eeca33 undef
Info   s4 0c5d8a8f -> f2205acc
Info 'riscvOVPsim/cpu', 0x000000008000ff18(.l_pack_1369_Start+14): f22064b7 lui     s1,0xf2206
Info   s1 06d6d1d8 -> f2206000
Info 'riscvOVPsim/cpu', 0x000000008000ff1c(.l_pack_1369_Start+18): acc48493 addi    s1,s1,-1332
Info   s1 f2206000 -> f2205acc
Info 'riscvOVPsim/cpu', 0x000000008000ff20(.l_pack_1369_Start+1c): 009a0a63 beq     s4,s1,8000ff34
Info 'riscvOVPsim/cpu', 0x000000008000ff34(.l_bfp_1370_Start): 3adf75b7 lui     a1,0x3adf7
Info   a1 00000000 -> 3adf7000
Info 'riscvOVPsim/cpu', 0x000000008000ff38(.l_bfp_1370_Start+4): 1b358593 addi    a1,a1,435
Info   a1 3adf7000 -> 3adf71b3
Info 'riscvOVPsim/cpu', 0x000000008000ff3c(.l_bfp_1370_Start+8): 5237a337 lui     t1,0x5237a
Info   t1 4266146d -> 5237a000
Info 'riscvOVPsim/cpu', 0x000000008000ff40(.l_bfp_1370_Start+c): 15c30313 addi    t1,t1,348
Info   t1 5237a000 -> 5237a15c
Info 'riscvOVPsim/cpu', 0x000000008000ff44(.l_bfp_1370_Start+10): 865f133 bfp     sp,a1,t1
Info   sp 0e836a36 -> 3a5f71b3
Info 'riscvOVPsim/cpu', 0x000000008000ff48(.l_bfp_1370_Start+14): 3a5f7837 lui     a6,0x3a5f7
Info   a6 0001fb65 -> 3a5f7000
Info 'riscvOVPsim/cpu', 0x000000008000ff4c(.l_bfp_1370_Start+18): 1b380813 addi    a6,a6,435
Info   a6 3a5f7000 -> 3a5f71b3
Info 'riscvOVPsim/cpu', 0x000000008000ff50(.l_bfp_1370_Start+1c): 01010a63 beq     sp,a6,8000ff64
Info 'riscvOVPsim/cpu', 0x000000008000ff64(.l_shfli_1371_Start): 48912bb7 lui     s7,0x48912
Info   s7 7c75c7c8 -> 48912000
Info 'riscvOVPsim/cpu', 0x000000008000ff68(.l_shfli_1371_Start+4): bc4b8b93 addi    s7,s7,-1084
Info   s7 48912000 -> 48911bc4
Info 'riscvOVPsim/cpu', 0x000000008000ff6c(.l_shfli_1371_Start+8): b5b9b13 shfli   s6,s7,53
Info   s6 4dfd07cf -> 29811ad2
Info 'riscvOVPsim/cpu', 0x000000008000ff70(.l_shfli_1371_Start+c): 29812a37 lui     s4,0x29812
Info   s4 f2205acc -> 29812000
Info 'riscvOVPsim/cpu', 0x000000008000ff74(.l_shfli_1371_Start+10): ad2a0a13 addi    s4,s4,-1326
Info   s4 29812000 -> 29811ad2
Info 'riscvOVPsim/cpu', 0x000000008000ff78(.l_shfli_1371_Start+14): 014b0a63 beq     s6,s4,8000ff8c
Info 'riscvOVPsim/cpu', 0x000000008000ff8c(.l_unshfli_1372_Start): 65532137 lui     sp,0x65532
Info   sp 3a5f71b3 -> 65532000
Info 'riscvOVPsim/cpu', 0x000000008000ff90(.l_unshfli_1372_Start+4): b3210113 addi    sp,sp,-1230
Info   sp 65532000 -> 65531b32
Info 'riscvOVPsim/cpu', 0x000000008000ff94(.l_unshfli_1372_Start+8): b715e93 unshfli t4,sp,55
Info   t4 792c5acc -> 41bd3554
Info 'riscvOVPsim/cpu', 0x000000008000ff98(.l_unshfli_1372_Start+c): 41bd30b7 lui     ra,0x41bd3
Info   ra 03049075 -> 41bd3000
Info 'riscvOVPsim/cpu', 0x000000008000ff9c(.l_unshfli_1372_Start+10): 55408093 addi    ra,ra,1364
Info   ra 41bd3000 -> 41bd3554
Info 'riscvOVPsim/cpu', 0x000000008000ffa0(.l_unshfli_1372_Start+14): 001e8a63 beq     t4,ra,8000ffb4
Info 'riscvOVPsim/cpu', 0x000000008000ffb4(.l_andn_1373_Start): 12314137 lui     sp,0x12314
Info   sp 65531b32 -> 12314000
Info 'riscvOVPsim/cpu', 0x000000008000ffb8(.l_andn_1373_Start+4): bc610113 addi    sp,sp,-1082
Info   sp 12314000 -> 12313bc6
Info 'riscvOVPsim/cpu', 0x000000008000ffbc(.l_andn_1373_Start+8): 12314137 lui     sp,0x12314
Info   sp 12313bc6 -> 12314000
Info 'riscvOVPsim/cpu', 0x000000008000ffc0(.l_andn_1373_Start+c): bc610113 addi    sp,sp,-1082
Info   sp 12314000 -> 12313bc6
Info 'riscvOVPsim/cpu', 0x000000008000ffc4(.l_andn_1373_Start+10): 40217eb3 andn    t4,sp,sp
Info   t4 41bd3554 -> 00000000
Info 'riscvOVPsim/cpu', 0x000000008000ffc8(.l_andn_1373_Start+14): 00000a13 mv      s4,zero
Info   s4 29811ad2 -> 00000000
Info 'riscvOVPsim/cpu', 0x000000008000ffcc(.l_andn_1373_Start+18): 014e8a63 beq     t4,s4,8000ffe0
Info 'riscvOVPsim/cpu', 0x000000008000ffe0(.l_orn_1374_Start): 7670c1b7 lui     gp,0x7670c
Info   gp 278f27bd -> 7670c000
Info 'riscvOVPsim/cpu', 0x000000008000ffe4(.l_orn_1374_Start+4): b9218193 addi    gp,gp,-1134
Info   gp 7670c000 -> 7670bb92
Info 'riscvOVPsim/cpu', 0x000000008000ffe8(.l_orn_1374_Start+8): 7a8cf3b7 lui     t2,0x7a8cf
Info   t2 71016449 -> 7a8cf000
Info 'riscvOVPsim/cpu', 0x000000008000ffec(.l_orn_1374_Start+c): 30238393 addi    t2,t2,770
Info   t2 7a8cf000 -> 7a8cf302
Info 'riscvOVPsim/cpu', 0x000000008000fff0(.l_orn_1374_Start+10): 4071e433 orn     s0,gp,t2
Info   s0 20600814 -> f773bfff
Info 'riscvOVPsim/cpu', 0x000000008000fff4(.l_orn_1374_Start+14): f773c4b7 lui     s1,0xf773c
Info   s1 f2205acc -> f773c000
Info 'riscvOVPsim/cpu', 0x000000008000fff8(.l_orn_1374_Start+18): fff48493 addi    s1,s1,-1
Info   s1 f773c000 -> f773bfff
Info 'riscvOVPsim/cpu', 0x000000008000fffc(.l_orn_1374_Start+1c): 00940a63 beq     s0,s1,80010010
Info 'riscvOVPsim/cpu', 0x0000000080010010(.l_xnor_1375_Start): 24491937 lui     s2,0x24491
Info   s2 0001fb65 -> 24491000
Info 'riscvOVPsim/cpu', 0x0000000080010014(.l_xnor_1375_Start+4): af890913 addi    s2,s2,-1288
Info   s2 24491000 -> 24490af8
Info 'riscvOVPsim/cpu', 0x0000000080010018(.l_xnor_1375_Start+8): 35d29237 lui     tp,0x35d29
Info   tp 0513b8ec -> 35d29000
Info 'riscvOVPsim/cpu', 0x000000008001001c(.l_xnor_1375_Start+c): 95d20213 addi    tp,tp,-1699
Info   tp 35d29000 -> 35d2895d
Info 'riscvOVPsim/cpu', 0x0000000080010020(.l_xnor_1375_Start+10): 40494933 xnor    s2,s2,tp
Info   s2 24490af8 -> ee647c5a
Info 'riscvOVPsim/cpu', 0x0000000080010024(.l_xnor_1375_Start+14): ee648fb7 lui     t6,0xee648
Info   t6 03ceb58b -> ee648000
Info 'riscvOVPsim/cpu', 0x0000000080010028(.l_xnor_1375_Start+18): c5af8f93 addi    t6,t6,-934
Info   t6 ee648000 -> ee647c5a
Info 'riscvOVPsim/cpu', 0x000000008001002c(.l_xnor_1375_Start+1c): 01f90a63 beq     s2,t6,80010040
Info 'riscvOVPsim/cpu', 0x0000000080010040(.l_slo_1376_Start): 22a5e5b7 lui     a1,0x22a5e
Info   a1 3adf71b3 -> 22a5e000
Info 'riscvOVPsim/cpu', 0x0000000080010044(.l_slo_1376_Start+4): f8258593 addi    a1,a1,-126
Info   a1 22a5e000 -> 22a5df82
Info 'riscvOVPsim/cpu', 0x0000000080010048(.l_slo_1376_Start+8): 28b0ecb7 lui     s9,0x28b0e
Info   s9 71016449 -> 28b0e000
Info 'riscvOVPsim/cpu', 0x000000008001004c(.l_slo_1376_Start+c): caec8c93 addi    s9,s9,-850
Info   s9 28b0e000 -> 28b0dcae
Info 'riscvOVPsim/cpu', 0x0000000080010050(.l_slo_1376_Start+10): 219598b3 slo     a7,a1,s9
Info   a7 0c5d8a8f -> 77e0bfff
Info 'riscvOVPsim/cpu', 0x0000000080010054(.l_slo_1376_Start+14): 77e0c437 lui     s0,0x77e0c
Info   s0 f773bfff -> 77e0c000
Info 'riscvOVPsim/cpu', 0x0000000080010058(.l_slo_1376_Start+18): fff40413 addi    s0,s0,-1
Info   s0 77e0c000 -> 77e0bfff
Info 'riscvOVPsim/cpu', 0x000000008001005c(.l_slo_1376_Start+1c): 00888a63 beq     a7,s0,80010070
Info 'riscvOVPsim/cpu', 0x0000000080010070(.l_sro_1377_Start): 5687a337 lui     t1,0x5687a
Info   t1 5237a15c -> 5687a000
Info 'riscvOVPsim/cpu', 0x0000000080010074(.l_sro_1377_Start+4): 0be30313 addi    t1,t1,190
Info   t1 5687a000 -> 5687a0be
Info 'riscvOVPsim/cpu', 0x0000000080010078(.l_sro_1377_Start+8): 2aacf637 lui     a2,0x2aacf
Info   a2 4dfd07cf -> 2aacf000
Info 'riscvOVPsim/cpu', 0x000000008001007c(.l_sro_1377_Start+c): 27960613 addi    a2,a2,633
Info   a2 2aacf000 -> 2aacf279
Info 'riscvOVPsim/cpu', 0x0000000080010080(.l_sro_1377_Start+10): 20c35a33 sro     s4,t1,a2
Info   s4 00000000 -> ffffffab
Info 'riscvOVPsim/cpu', 0x0000000080010084(.l_sro_1377_Start+14): fab00713 addi    a4,zero,-85
Info   a4 355ef220 -> ffffffab
Info 'riscvOVPsim/cpu', 0x0000000080010088(.l_sro_1377_Start+18): 00ea0a63 beq     s4,a4,8001009c
Info 'riscvOVPsim/cpu', 0x000000008001009c(.l_rol_1378_Start): 4366ddb7 lui     s11,0x4366d
Info   s11 09b7651d -> 4366d000
Info 'riscvOVPsim/cpu', 0x00000000800100a0(.l_rol_1378_Start+4): 378d8d93 addi    s11,s11,888
Info   s11 4366d000 -> 4366d378
Info 'riscvOVPsim/cpu', 0x00000000800100a4(.l_rol_1378_Start+8): 7ebfde37 lui     t3,0x7ebfd
Info   t3 15815180 -> 7ebfd000
Info 'riscvOVPsim/cpu', 0x00000000800100a8(.l_rol_1378_Start+c): 882e0e13 addi    t3,t3,-1918
Info   t3 7ebfd000 -> 7ebfc882
Info 'riscvOVPsim/cpu', 0x00000000800100ac(.l_rol_1378_Start+10): 61cd9433 rol     s0,s11,t3
Info   s0 77e0bfff -> 0d9b4de1
Info 'riscvOVPsim/cpu', 0x00000000800100b0(.l_rol_1378_Start+14): 0d9b5cb7 lui     s9,0xd9b5
Info   s9 28b0dcae -> 0d9b5000
Info 'riscvOVPsim/cpu', 0x00000000800100b4(.l_rol_1378_Start+18): de1c8c93 addi    s9,s9,-543
Info   s9 0d9b5000 -> 0d9b4de1
Info 'riscvOVPsim/cpu', 0x00000000800100b8(.l_rol_1378_Start+1c): 01940a63 beq     s0,s9,800100cc
Info 'riscvOVPsim/cpu', 0x00000000800100cc(.l_ror_1379_Start): 2ef0e0b7 lui     ra,0x2ef0e
Info   ra 41bd3554 -> 2ef0e000
Info 'riscvOVPsim/cpu', 0x00000000800100d0(.l_ror_1379_Start+4): 79708093 addi    ra,ra,1943
Info   ra 2ef0e000 -> 2ef0e797
Info 'riscvOVPsim/cpu', 0x00000000800100d4(.l_ror_1379_Start+8): 5cb712b7 lui     t0,0x5cb71
Info   t0 15815180 -> 5cb71000
Info 'riscvOVPsim/cpu', 0x00000000800100d8(.l_ror_1379_Start+c): 0c728293 addi    t0,t0,199
Info   t0 5cb71000 -> 5cb710c7
Info 'riscvOVPsim/cpu', 0x00000000800100dc(.l_ror_1379_Start+10): 6050deb3 ror     t4,ra,t0
Info   t4 00000000 -> 2e5de1cf
Info 'riscvOVPsim/cpu', 0x00000000800100e0(.l_ror_1379_Start+14): 2e5de537 lui     a0,0x2e5de
Info   a0 00000000 -> 2e5de000
Info 'riscvOVPsim/cpu', 0x00000000800100e4(.l_ror_1379_Start+18): 1cf50513 addi    a0,a0,463
Info   a0 2e5de000 -> 2e5de1cf
Info 'riscvOVPsim/cpu', 0x00000000800100e8(.l_ror_1379_Start+1c): 00ae8a63 beq     t4,a0,800100fc
Info 'riscvOVPsim/cpu', 0x00000000800100fc(.l_sbclr_1380_Start): 7f09a4b7 lui     s1,0x7f09a
Info   s1 f773bfff -> 7f09a000
Info 'riscvOVPsim/cpu', 0x0000000080010100(.l_sbclr_1380_Start+4): 04148493 addi    s1,s1,65
Info   s1 7f09a000 -> 7f09a041
Info 'riscvOVPsim/cpu', 0x0000000080010104(.l_sbclr_1380_Start+8): 20c9b5b7 lui     a1,0x20c9b
Info   a1 22a5df82 -> 20c9b000
Info 'riscvOVPsim/cpu', 0x0000000080010108(.l_sbclr_1380_Start+c): c0858593 addi    a1,a1,-1016
Info   a1 20c9b000 -> 20c9ac08
Info 'riscvOVPsim/cpu', 0x000000008001010c(.l_sbclr_1380_Start+10): 48b49c33 sbclr   s8,s1,a1
Info   s8 4dfd07cf -> 7f09a041
Info 'riscvOVPsim/cpu', 0x0000000080010110(.l_sbclr_1380_Start+14): 7f09a8b7 lui     a7,0x7f09a
Info   a7 77e0bfff -> 7f09a000
Info 'riscvOVPsim/cpu', 0x0000000080010114(.l_sbclr_1380_Start+18): 04188893 addi    a7,a7,65
Info   a7 7f09a000 -> 7f09a041
Info 'riscvOVPsim/cpu', 0x0000000080010118(.l_sbclr_1380_Start+1c): 011c0a63 beq     s8,a7,8001012c
Info 'riscvOVPsim/cpu', 0x000000008001012c(.l_sbset_1381_Start): 5184b637 lui     a2,0x5184b
Info   a2 2aacf279 -> 5184b000
Info 'riscvOVPsim/cpu', 0x0000000080010130(.l_sbset_1381_Start+4): 37060613 addi    a2,a2,880
Info   a2 5184b000 -> 5184b370
Info 'riscvOVPsim/cpu', 0x0000000080010134(.l_sbset_1381_Start+8): 26808137 lui     sp,0x26808
Info   sp 12313bc6 -> 26808000
Info 'riscvOVPsim/cpu', 0x0000000080010138(.l_sbset_1381_Start+c): b6310113 addi    sp,sp,-1181
Info   sp 26808000 -> 26807b63
Info 'riscvOVPsim/cpu', 0x000000008001013c(.l_sbset_1381_Start+10): 282613b3 sbset   t2,a2,sp
Info   t2 7a8cf302 -> 5184b378
Info 'riscvOVPsim/cpu', 0x0000000080010140(.l_sbset_1381_Start+14): 5184b837 lui     a6,0x5184b
Info   a6 3a5f71b3 -> 5184b000
Info 'riscvOVPsim/cpu', 0x0000000080010144(.l_sbset_1381_Start+18): 37880813 addi    a6,a6,888
Info   a6 5184b000 -> 5184b378
Info 'riscvOVPsim/cpu', 0x0000000080010148(.l_sbset_1381_Start+1c): 01038a63 beq     t2,a6,8001015c
Info 'riscvOVPsim/cpu', 0x000000008001015c(.l_sbinv_1382_Start): 61f55e37 lui     t3,0x61f55
Info   t3 7ebfc882 -> 61f55000
Info 'riscvOVPsim/cpu', 0x0000000080010160(.l_sbinv_1382_Start+4): cf6e0e13 addi    t3,t3,-778
Info   t3 61f55000 -> 61f54cf6
Info 'riscvOVPsim/cpu', 0x0000000080010164(.l_sbinv_1382_Start+8): 0bf8dd37 lui     s10,0xbf8d
Info   s10 00000001 -> 0bf8d000
Info 'riscvOVPsim/cpu', 0x0000000080010168(.l_sbinv_1382_Start+c): 0c2d0d13 addi    s10,s10,194
Info   s10 0bf8d000 -> 0bf8d0c2
Info 'riscvOVPsim/cpu', 0x000000008001016c(.l_sbinv_1382_Start+10): 69ae1ab3 sbinv   s5,t3,s10
Info   s5 0e9a1886 -> 61f54cf2
Info 'riscvOVPsim/cpu', 0x0000000080010170(.l_sbinv_1382_Start+14): 61f55b37 lui     s6,0x61f55
Info   s6 29811ad2 -> 61f55000
Info 'riscvOVPsim/cpu', 0x0000000080010174(.l_sbinv_1382_Start+18): cf2b0b13 addi    s6,s6,-782
Info   s6 61f55000 -> 61f54cf2
Info 'riscvOVPsim/cpu', 0x0000000080010178(.l_sbinv_1382_Start+1c): 016a8a63 beq     s5,s6,8001018c
Info 'riscvOVPsim/cpu', 0x000000008001018c(.l_sbext_1383_Start): 4d43a937 lui     s2,0x4d43a
Info   s2 ee647c5a -> 4d43a000
Info 'riscvOVPsim/cpu', 0x0000000080010190(.l_sbext_1383_Start+4): 23490913 addi    s2,s2,564
Info   s2 4d43a000 -> 4d43a234
Info 'riscvOVPsim/cpu', 0x0000000080010194(.l_sbext_1383_Start+8): 0c3d86b7 lui     a3,0xc3d8
Info   a3 6bda8ed2 -> 0c3d8000
Info 'riscvOVPsim/cpu', 0x0000000080010198(.l_sbext_1383_Start+c): e0a68693 addi    a3,a3,-502
Info   a3 0c3d8000 -> 0c3d7e0a
Info 'riscvOVPsim/cpu', 0x000000008001019c(.l_sbext_1383_Start+10): 48d957b3 sbext   a5,s2,a3
Info   a5 06d6d1d8 -> 00000000
Info 'riscvOVPsim/cpu', 0x00000000800101a0(.l_sbext_1383_Start+14): 00000193 mv      gp,zero
Info   gp 7670bb92 -> 00000000
Info 'riscvOVPsim/cpu', 0x00000000800101a4(.l_sbext_1383_Start+18): 00378a63 beq     a5,gp,800101b8
Info 'riscvOVPsim/cpu', 0x00000000800101b8(.l_grev_1384_Start): 34b4bcb7 lui     s9,0x34b4b
Info   s9 0d9b4de1 -> 34b4b000
Info 'riscvOVPsim/cpu', 0x00000000800101bc(.l_grev_1384_Start+4): 5d1c8c93 addi    s9,s9,1489
Info   s9 34b4b000 -> 34b4b5d1
Info 'riscvOVPsim/cpu', 0x00000000800101c0(.l_grev_1384_Start+8): 4b1eb7b7 lui     a5,0x4b1eb
Info   a5 00000000 -> 4b1eb000
Info 'riscvOVPsim/cpu', 0x00000000800101c4(.l_grev_1384_Start+c): c9678793 addi    a5,a5,-874
Info   a5 4b1eb000 -> 4b1eac96
Info 'riscvOVPsim/cpu', 0x00000000800101c8(.l_grev_1384_Start+10): 68fcd433 grev    s0,s9,a5
Info   s0 0d9b4de1 -> 5e471c1e
Info 'riscvOVPsim/cpu', 0x00000000800101cc(.l_grev_1384_Start+14): 5e472737 lui     a4,0x5e472
Info   a4 ffffffab -> 5e472000
Info 'riscvOVPsim/cpu', 0x00000000800101d0(.l_grev_1384_Start+18): c1e70713 addi    a4,a4,-994
Info   a4 5e472000 -> 5e471c1e
Info 'riscvOVPsim/cpu', 0x00000000800101d4(.l_grev_1384_Start+1c): 00e40a63 beq     s0,a4,800101e8
Info 'riscvOVPsim/cpu', 0x00000000800101e8(.l_sloi_1385_Start): 0e7efd37 lui     s10,0xe7ef
Info   s10 0bf8d0c2 -> 0e7ef000
Info 'riscvOVPsim/cpu', 0x00000000800101ec(.l_sloi_1385_Start+4): b5cd0d13 addi    s10,s10,-1188
Info   s10 0e7ef000 -> 0e7eeb5c
Info 'riscvOVPsim/cpu', 0x00000000800101f0(.l_sloi_1385_Start+8): 201d1393 sloi    t2,s10,1
Info   t2 5184b378 -> 1cfdd6b9
Info 'riscvOVPsim/cpu', 0x00000000800101f4(.l_sloi_1385_Start+c): 1cfdd7b7 lui     a5,0x1cfdd
Info   a5 4b1eac96 -> 1cfdd000
Info 'riscvOVPsim/cpu', 0x00000000800101f8(.l_sloi_1385_Start+10): 6b978793 addi    a5,a5,1721
Info   a5 1cfdd000 -> 1cfdd6b9
Info 'riscvOVPsim/cpu', 0x00000000800101fc(.l_sloi_1385_Start+14): 00f38a63 beq     t2,a5,80010210
Info 'riscvOVPsim/cpu', 0x0000000080010210(.l_sroi_1386_Start): 65c6e237 lui     tp,0x65c6e
Info   tp 35d2895d -> 65c6e000
Info 'riscvOVPsim/cpu', 0x0000000080010214(.l_sroi_1386_Start+4): 03320213 addi    tp,tp,51
Info   tp 65c6e000 -> 65c6e033
Info 'riscvOVPsim/cpu', 0x0000000080010218(.l_sroi_1386_Start+8): 20825513 sroi    a0,tp,8
Info   a0 2e5de1cf -> ff65c6e0
Info 'riscvOVPsim/cpu', 0x000000008001021c(.l_sroi_1386_Start+c): ff65cab7 lui     s5,0xff65c
Info   s5 61f54cf2 -> ff65c000
Info 'riscvOVPsim/cpu', 0x0000000080010220(.l_sroi_1386_Start+10): 6e0a8a93 addi    s5,s5,1760
Info   s5 ff65c000 -> ff65c6e0
Info 'riscvOVPsim/cpu', 0x0000000080010224(.l_sroi_1386_Start+14): 01550a63 beq     a0,s5,80010238
Info 'riscvOVPsim/cpu', 0x0000000080010238(.l_rori_1387_Start): 08806e37 lui     t3,0x8806
Info   t3 61f54cf6 -> 08806000
Info 'riscvOVPsim/cpu', 0x000000008001023c(.l_rori_1387_Start+4): ff9e0e13 addi    t3,t3,-7
Info   t3 08806000 -> 08805ff9
Info 'riscvOVPsim/cpu', 0x0000000080010240(.l_rori_1387_Start+8): 616e5b93 rori    s7,t3,22
Info   s7 48911bc4 -> 017fe422
Info 'riscvOVPsim/cpu', 0x0000000080010244(.l_rori_1387_Start+c): 017fe437 lui     s0,0x17fe
Info   s0 5e471c1e -> 017fe000
Info 'riscvOVPsim/cpu', 0x0000000080010248(.l_rori_1387_Start+10): 42240413 addi    s0,s0,1058
Info   s0 017fe000 -> 017fe422
Info 'riscvOVPsim/cpu', 0x000000008001024c(.l_rori_1387_Start+14): 008b8a63 beq     s7,s0,80010260
Info 'riscvOVPsim/cpu', 0x0000000080010260(.l_sbclri_1388_Start): 00000013 nop
Info 'riscvOVPsim/cpu', 0x0000000080010264(.l_sbclri_1388_Start+4): 4af01813 sbclri  a6,zero,47
Info   a6 5184b378 -> 00000000
Info 'riscvOVPsim/cpu', 0x0000000080010268(.l_sbclri_1388_Start+8): 00000093 mv      ra,zero
Info   ra 2ef0e797 -> 00000000
Info 'riscvOVPsim/cpu', 0x000000008001026c(.l_sbclri_1388_Start+c): 00180a63 beq     a6,ra,80010280
Info 'riscvOVPsim/cpu', 0x0000000080010280(.l_sbseti_1389_Start): 609b70b7 lui     ra,0x609b7
Info   ra 00000000 -> 609b7000
Info 'riscvOVPsim/cpu', 0x0000000080010284(.l_sbseti_1389_Start+4): e4a08093 addi    ra,ra,-438
Info   ra 609b7000 -> 609b6e4a
Info 'riscvOVPsim/cpu', 0x0000000080010288(.l_sbseti_1389_Start+8): 28009793 sbseti  a5,ra,0
Info   a5 1cfdd6b9 -> 609b6e4b
Info 'riscvOVPsim/cpu', 0x000000008001028c(.l_sbseti_1389_Start+c): 609b7437 lui     s0,0x609b7
Info   s0 017fe422 -> 609b7000
Info 'riscvOVPsim/cpu', 0x0000000080010290(.l_sbseti_1389_Start+10): e4b40413 addi    s0,s0,-437
Info   s0 609b7000 -> 609b6e4b
Info 'riscvOVPsim/cpu', 0x0000000080010294(.l_sbseti_1389_Start+14): 00878a63 beq     a5,s0,800102a8
Info 'riscvOVPsim/cpu', 0x00000000800102a8(.l_sbinvi_1390_Start): 1a21b737 lui     a4,0x1a21b
Info   a4 5e471c1e -> 1a21b000
Info 'riscvOVPsim/cpu', 0x00000000800102ac(.l_sbinvi_1390_Start+4): 6b070713 addi    a4,a4,1712
Info   a4 1a21b000 -> 1a21b6b0
Info 'riscvOVPsim/cpu', 0x00000000800102b0(.l_sbinvi_1390_Start+8): 69a71f93 sbinvi  t6,a4,26
Info   t6 ee647c5a -> 1e21b6b0
Info 'riscvOVPsim/cpu', 0x00000000800102b4(.l_sbinvi_1390_Start+c): 1e21b537 lui     a0,0x1e21b
Info   a0 ff65c6e0 -> 1e21b000
Info 'riscvOVPsim/cpu', 0x00000000800102b8(.l_sbinvi_1390_Start+10): 6b050513 addi    a0,a0,1712
Info   a0 1e21b000 -> 1e21b6b0
Info 'riscvOVPsim/cpu', 0x00000000800102bc(.l_sbinvi_1390_Start+14): 00af8a63 beq     t6,a0,800102d0
Info 'riscvOVPsim/cpu', 0x00000000800102d0(.l_sbexti_1391_Start): 5ea9ed37 lui     s10,0x5ea9e
Info   s10 0e7eeb5c -> 5ea9e000
Info 'riscvOVPsim/cpu', 0x00000000800102d4(.l_sbexti_1391_Start+4): 356d0d13 addi    s10,s10,854
Info   s10 5ea9e000 -> 5ea9e356
Info 'riscvOVPsim/cpu', 0x00000000800102d8(.l_sbexti_1391_Start+8): 4b2d5b13 sbexti  s6,s10,50
Info   s6 61f54cf2 -> 00000000
Info 'riscvOVPsim/cpu', 0x00000000800102dc(.l_sbexti_1391_Start+c): 00000713 mv      a4,zero
Info   a4 1a21b6b0 -> 00000000
Info 'riscvOVPsim/cpu', 0x00000000800102e0(.l_sbexti_1391_Start+10): 00eb0a63 beq     s6,a4,800102f4
Info 'riscvOVPsim/cpu', 0x00000000800102f4(.l_grevi_1392_Start): 3b4a0bb7 lui     s7,0x3b4a0
Info   s7 017fe422 -> 3b4a0000
Info 'riscvOVPsim/cpu', 0x00000000800102f8(.l_grevi_1392_Start+4): 9eab8b93 addi    s7,s7,-1558
Info   s7 3b4a0000 -> 3b49f9ea
Info 'riscvOVPsim/cpu', 0x00000000800102fc(.l_grevi_1392_Start+8): 69ebde13 grevi   t3,s7,30
Info   t3 08805ff9 -> ab6f61ec
Info 'riscvOVPsim/cpu', 0x0000000080010300(.l_grevi_1392_Start+c): ab6f66b7 lui     a3,0xab6f6
Info   a3 0c3d7e0a -> ab6f6000
Info 'riscvOVPsim/cpu', 0x0000000080010304(.l_grevi_1392_Start+10): 1ec68693 addi    a3,a3,492
Info   a3 ab6f6000 -> ab6f61ec
Info 'riscvOVPsim/cpu', 0x0000000080010308(.l_grevi_1392_Start+14): 00de0a63 beq     t3,a3,8001031c
Info 'riscvOVPsim/cpu', 0x000000008001031c(.l_cmix_1393_Start): 3a6bd237 lui     tp,0x3a6bd
Info   tp 65c6e033 -> 3a6bd000
Info 'riscvOVPsim/cpu', 0x0000000080010320(.l_cmix_1393_Start+4): 99120213 addi    tp,tp,-1647
Info   tp 3a6bd000 -> 3a6bc991
Info 'riscvOVPsim/cpu', 0x0000000080010324(.l_cmix_1393_Start+8): 00000013 nop
Info 'riscvOVPsim/cpu', 0x0000000080010328(.l_cmix_1393_Start+c): 2eaa81b7 lui     gp,0x2eaa8
Info   gp 00000000 -> 2eaa8000
Info 'riscvOVPsim/cpu', 0x000000008001032c(.l_cmix_1393_Start+10): 1a318193 addi    gp,gp,419
Info   gp 2eaa8000 -> 2eaa81a3
Info 'riscvOVPsim/cpu', 0x0000000080010330(.l_cmix_1393_Start+14): 1e021b33 cmix    s6,tp,zero,gp
Info   s6 00000000 -> 2eaa81a3
Info 'riscvOVPsim/cpu', 0x0000000080010334(.l_cmix_1393_Start+18): 2eaa8fb7 lui     t6,0x2eaa8
Info   t6 1e21b6b0 -> 2eaa8000
Info 'riscvOVPsim/cpu', 0x0000000080010338(.l_cmix_1393_Start+1c): 1a3f8f93 addi    t6,t6,419
Info   t6 2eaa8000 -> 2eaa81a3
Info 'riscvOVPsim/cpu', 0x000000008001033c(.l_cmix_1393_Start+20): 01fb0a63 beq     s6,t6,80010350
Info 'riscvOVPsim/cpu', 0x0000000080010350(.l_cmov_1394_Start): 63896237 lui     tp,0x63896
Info   tp 3a6bc991 -> 63896000
Info 'riscvOVPsim/cpu', 0x0000000080010354(.l_cmov_1394_Start+4): 46a20213 addi    tp,tp,1130
Info   tp 63896000 -> 6389646a
Info 'riscvOVPsim/cpu', 0x0000000080010358(.l_cmov_1394_Start+8): 2a2f19b7 lui     s3,0x2a2f1
Info   s3 7cf84ed5 -> 2a2f1000
Info 'riscvOVPsim/cpu', 0x000000008001035c(.l_cmov_1394_Start+c): 52298993 addi    s3,s3,1314
Info   s3 2a2f1000 -> 2a2f1522
Info 'riscvOVPsim/cpu', 0x0000000080010360(.l_cmov_1394_Start+10): 6e3876b7 lui     a3,0x6e387
Info   a3 ab6f61ec -> 6e387000
Info 'riscvOVPsim/cpu', 0x0000000080010364(.l_cmov_1394_Start+14): cee68693 addi    a3,a3,-786
Info   a3 6e387000 -> 6e386cee
Info 'riscvOVPsim/cpu', 0x0000000080010368(.l_cmov_1394_Start+18): 6f325633 cmov    a2,tp,s3,a3
Info   a2 5184b370 -> 6389646a
Info 'riscvOVPsim/cpu', 0x000000008001036c(.l_cmov_1394_Start+1c): 63896a37 lui     s4,0x63896
Info   s4 ffffffab -> 63896000
Info 'riscvOVPsim/cpu', 0x0000000080010370(.l_cmov_1394_Start+20): 46aa0a13 addi    s4,s4,1130
Info   s4 63896000 -> 6389646a
Info 'riscvOVPsim/cpu', 0x0000000080010374(.l_cmov_1394_Start+24): 01460a63 beq     a2,s4,80010388
Info 'riscvOVPsim/cpu', 0x0000000080010388(.l_fsl_1395_Start): 575d38b7 lui     a7,0x575d3
Info   a7 7f09a041 -> 575d3000
Info 'riscvOVPsim/cpu', 0x000000008001038c(.l_fsl_1395_Start+4): db988893 addi    a7,a7,-583
Info   a7 575d3000 -> 575d2db9
Info 'riscvOVPsim/cpu', 0x0000000080010390(.l_fsl_1395_Start+8): 2bc85437 lui     s0,0x2bc85
Info   s0 609b6e4b -> 2bc85000
Info 'riscvOVPsim/cpu', 0x0000000080010394(.l_fsl_1395_Start+c): 16e40413 addi    s0,s0,366
Info   s0 2bc85000 -> 2bc8516e
Info 'riscvOVPsim/cpu', 0x0000000080010398(.l_fsl_1395_Start+10): 4710bc37 lui     s8,0x4710b
Info   s8 7f09a041 -> 4710b000
Info 'riscvOVPsim/cpu', 0x000000008001039c(.l_fsl_1395_Start+14): 10ac0c13 addi    s8,s8,266
Info   s8 4710b000 -> 4710b10a
Info 'riscvOVPsim/cpu', 0x00000000800103a0(.l_fsl_1395_Start+18): c48894b3 fsl     s1,a7,s0,s8
Info   s1 7f09a041 -> 2c4295d7
Info 'riscvOVPsim/cpu', 0x00000000800103a4(.l_fsl_1395_Start+1c): 2c429f37 lui     t5,0x2c429
Info   t5 70621129 -> 2c429000
Info 'riscvOVPsim/cpu', 0x00000000800103a8(.l_fsl_1395_Start+20): 5d7f0f13 addi    t5,t5,1495
Info   t5 2c429000 -> 2c4295d7
Info 'riscvOVPsim/cpu', 0x00000000800103ac(.l_fsl_1395_Start+24): 01e48a63 beq     s1,t5,800103c0
Info 'riscvOVPsim/cpu', 0x00000000800103c0(.l_fsr_1396_Start): 711580b7 lui     ra,0x71158
Info   ra 609b6e4a -> 71158000
Info 'riscvOVPsim/cpu', 0x00000000800103c4(.l_fsr_1396_Start+4): fff08093 addi    ra,ra,-1
Info   ra 71158000 -> 71157fff
Info 'riscvOVPsim/cpu', 0x00000000800103c8(.l_fsr_1396_Start+8): 00000013 nop
Info 'riscvOVPsim/cpu', 0x00000000800103cc(.l_fsr_1396_Start+c): 757613b7 lui     t2,0x75761
Info   t2 1cfdd6b9 -> 75761000
Info 'riscvOVPsim/cpu', 0x00000000800103d0(.l_fsr_1396_Start+10): 82f38393 addi    t2,t2,-2001
Info   t2 75761000 -> 7576082f
Info 'riscvOVPsim/cpu', 0x00000000800103d4(.l_fsr_1396_Start+14): 3c00d5b3 fsr     a1,ra,zero,t2
Info   a1 20c9ac08 -> 71157fff
Info 'riscvOVPsim/cpu', 0x00000000800103d8(.l_fsr_1396_Start+18): 711589b7 lui     s3,0x71158
Info   s3 2a2f1522 -> 71158000
Info 'riscvOVPsim/cpu', 0x00000000800103dc(.l_fsr_1396_Start+1c): fff98993 addi    s3,s3,-1
Info   s3 71158000 -> 71157fff
Info 'riscvOVPsim/cpu', 0x00000000800103e0(.l_fsr_1396_Start+20): 01358a63 beq     a1,s3,800103f4
Info 
Info ---------------------------------------------------
Info CPU 'riscvOVPsim/cpu' STATISTICS
Info   Type                  : riscv (RV32GC+B)
Info   Nominal MIPS          : 100
Info   Final program counter : 0x800103f4
Info   Simulated instructions: 10,000
Info   Simulated MIPS        : run too short for meaningful result
Info ---------------------------------------------------
Info 
Info ---------------------------------------------------
Info SIMULATION TIME STATISTICS
Info   Simulated time        : 0.00 seconds
Info   User time             : 0.11 seconds
Info   System time           : 0.04 seconds
Info   Elapsed time          : 0.22 seconds
Info ---------------------------------------------------

CpuManagerFixedPlatform finished: Fri Sep 20 16:32:26 2019


CpuManagerFixedPlatform (64-Bit) v99999999 Open Virtual Platform simulator from www.IMPERAS.com.
Visit www.IMPERAS.com for multicore debug, verification and analysis solutions.

Info Session ended: Fri Sep 20 16:32:26 2019

